0.110803127289, 2
0.270385980606, 4
0.38965010643, 6
0.51003909111, 8
0.668751955032, 10
0.820018053055, 12
0.944570064545, 14
1.10259509087, 16
1.21905112267, 18
1.3264811039, 20
1.46412205696, 22
1.5758471489, 24
1.69664907455, 26
1.84008193016, 28
1.94700694084, 30
2.04670000076, 32
2.15478801727, 34
2.30866599083, 36
2.41619110107, 38
2.53924298286, 40
2.67050004005, 42
2.8016679287, 44
2.96482992172, 46
3.08753800392, 48
3.19093513489, 50
3.28833413124, 52
3.3959839344, 54
3.51174998283, 56
3.67718100548, 58
3.79232096672, 60
3.90271401405, 62
4.01874613762, 64
4.13381695747, 66
4.24203801155, 68
4.35524201393, 70
4.51164793968, 72
4.6199491024, 74
4.71971511841, 76
4.80706310272, 78
4.89534497261, 80
4.98422002792, 82
5.0786960125, 84
5.18295311928, 86
5.29201507568, 88
5.40084314346, 90
5.50999712944, 92
5.65385293961, 94
5.7581319809, 96
5.84732508659, 98
5.93913507462, 100
6.02610611916, 102
6.10658693314, 104
6.18964195251, 106
6.28034710884, 108
6.38453006744, 110
6.49327611923, 112
6.58165001869, 114
6.66503405571, 116
6.74827814102, 118
6.8331360817, 120
6.92722010612, 122
7.00778412819, 124
7.08777713776, 126
7.13791298866, 128
7.21666812897, 130
7.2958009243, 132
7.37278008461, 134
7.44905805588, 136
7.52673411369, 138
7.60302710533, 140
7.67989802361, 142
7.75744700432, 144
7.8355281353, 146
7.91398215294, 148
7.99135899544, 150
8.06862306595, 152
8.14511704445, 154
8.2270860672, 156
8.30878400803, 158
8.38887405396, 160
8.46847105026, 162
8.54492092133, 164
8.62012696266, 166
8.69531011581, 168
8.77310204506, 170
8.85087013245, 172
8.92978715897, 174
9.00740695, 176
9.09117603302, 178
9.17276501656, 180
9.22553610802, 182
9.31285595894, 184
9.39117193222, 186
9.46622610092, 188
9.54531097412, 190
9.6204431057, 192
9.70130395889, 194
9.77891302109, 196
9.85311698914, 198
9.93029403687, 200
10.0072669983, 202
10.0823431015, 204
10.1565949917, 206
10.2353329659, 208
10.288061142, 210
10.3672749996, 212
10.452299118, 214
10.5328779221, 216
10.6117830276, 218
10.6991510391, 220
10.7775139809, 222
10.8519201279, 224
10.9283699989, 226
11.0175890923, 228
11.1026160717, 230
11.1827800274, 232
11.230492115, 234
11.3047151566, 236
11.3787920475, 238
11.4533131123, 240
11.5299320221, 242
11.6035430431, 244
11.6822710037, 246
11.7603271008, 248
11.8454170227, 250
11.9244720936, 252
11.9980509281, 254
12.0773141384, 256
12.1269919872, 258
12.2070410252, 260
12.287307024, 262
12.369287014, 264
12.4558160305, 266
12.5390241146, 268
12.6187169552, 270
12.699753046, 272
12.7730629444, 274
12.8512821198, 276
12.9281990528, 278
12.9737949371, 280
13.0477211475, 282
13.121227026, 284
13.1935601234, 286
13.2715370655, 288
13.3462541103, 290
13.4190349579, 292
13.4932100773, 294
13.5670070648, 296
13.6138379574, 298
13.6867640018, 300
13.759968996, 302
13.8375689983, 304
13.9111170769, 306
13.9881639481, 308
14.060500145, 310
14.1337449551, 312
14.2107930183, 314
14.2587609291, 316
14.3314471245, 318
14.4041850567, 320
14.4759471416, 322
14.5485579967, 324
14.6202919483, 326
14.6983480453, 328
14.7758131027, 330
14.8550319672, 332
14.9028770924, 334
14.9788310528, 336
15.051265955, 338
15.1230709553, 340
15.2003700733, 342
15.2737951279, 344
15.3453230858, 346
15.4186301231, 348
15.50604105, 350
15.5562930107, 352
15.6404881477, 354
15.7129819393, 356
15.7858819962, 358
15.8624770641, 360
15.9397139549, 362
16.0149950981, 364
16.1016669273, 366
16.1842241287, 368
16.2306261063, 370
16.3111541271, 372
16.3896210194, 374
16.4656419754, 376
16.5416359901, 378
16.614262104, 380
16.6919810772, 382
16.7693610191, 384
16.8151531219, 386
16.8901619911, 388
16.9713499546, 390
17.0586230755, 392
17.1370770931, 394
17.208837986, 396
17.2825341225, 398
17.3605840206, 400
17.4061291218, 402
17.4813301563, 404
17.5548610687, 406
17.6275119781, 408
17.7026591301, 410
17.7952809334, 412
17.8965740204, 414
17.9948589802, 416
18.045650959, 418
18.1246211529, 420
18.2033059597, 422
18.2871611118, 424
18.379570961, 426
18.4691979885, 428
18.5653619766, 430
18.6437060833, 432
18.6878950596, 434
18.7597010136, 436
18.8307650089, 438
18.9097430706, 440
19.0043540001, 442
19.1031520367, 444
19.1960520744, 446
19.2474069595, 448
19.3357470036, 450
19.4240951538, 452
19.5081589222, 454
19.5838241577, 456
19.6550180912, 458
19.73168993, 460
19.8085820675, 462
19.8540520668, 464
19.9264121056, 466
20.0109839439, 468
20.1125979424, 470
20.1984269619, 472
20.2768671513, 474
20.358533144, 476
20.4529161453, 478
20.5115499496, 480
20.5993640423, 482
20.6914930344, 484
20.7833719254, 486
20.8760719299, 488
20.9638829231, 490
21.0737149715, 492
21.1324329376, 494
21.2143261433, 496
21.2941420078, 498
21.3687140942, 500
21.4411110878, 502
21.5308110714, 504
21.6247010231, 506
21.6737670898, 508
21.7620770931, 510
21.8515770435, 512
21.9367530346, 514
22.0218391418, 516
22.1089911461, 518
22.2128901482, 520
22.2632060051, 522
22.3411750793, 524
22.4163150787, 526
22.4873549938, 528
22.5616929531, 530
22.6378741264, 532
22.7181260586, 534
22.7759940624, 536
22.8617830276, 538
22.9392859936, 540
23.022436142, 542
23.0992050171, 544
23.177216053, 546
23.260242939, 548
23.3133430481, 550
23.3907849789, 552
23.4670851231, 554
23.5370140076, 556
23.6069130898, 558
23.67740798, 560
23.7472400665, 562
23.7930779457, 564
23.8634960651, 566
23.9411151409, 568
24.0110089779, 570
24.0819201469, 572
24.1535019875, 574
24.2244031429, 576
24.2758779526, 578
24.350744009, 580
24.4256191254, 582
24.495691061, 584
24.565775156, 586
24.6370589733, 588
24.7173540592, 590
24.7631840706, 592
24.8336501122, 594
24.903660059, 596
24.978978157, 598
25.0604870319, 600
25.1356370449, 602
25.2098219395, 604
25.2558040619, 606
25.3277339935, 608
25.3983049393, 610
25.4793570042, 612
25.5523540974, 614
25.6258311272, 616
25.7115700245, 618
25.7592120171, 620
25.8322629929, 622
25.9042060375, 624
25.9804289341, 626
26.0506441593, 628
26.134237051, 630
26.1789820194, 632
26.2499980927, 634
26.3233990669, 636
26.4054920673, 638
26.4866061211, 640
26.5706231594, 642
26.6173160076, 644
26.687390089, 646
26.761095047, 648
26.8318481445, 650
26.9101641178, 652
26.9859631062, 654
27.0597550869, 656
27.1042699814, 658
27.1778111458, 660
27.257281065, 662
27.3338270187, 664
27.4106941223, 666
27.4926121235, 668
27.537913084, 670
27.6069951057, 672
27.6773951054, 674
27.7558560371, 676
27.8326771259, 678
27.9073400497, 680
27.9535999298, 682
28.0294110775, 684
28.10364604, 686
28.1779670715, 688
28.2470090389, 690
28.3162901402, 692
28.3595919609, 694
28.4296600819, 696
28.5032119751, 698
28.5765271187, 700
28.645045042, 702
28.7255010605, 704
28.7699830532, 706
28.8376281261, 708
28.9070341587, 710
28.9756350517, 712
29.0454080105, 714
29.1186230183, 716
29.1622519493, 718
29.230463028, 720
29.3010950089, 722
29.3688631058, 724
29.4373459816, 726
29.4804821014, 728
29.5478651524, 730
29.6171350479, 732
29.6852779388, 734
29.7537870407, 736
29.7961440086, 738
29.8721220493, 740
29.9519400597, 742
30.0344099998, 744
30.1262681484, 746
30.2200911045, 748
30.2701950073, 750
30.3558111191, 752
30.4461989403, 754
30.5339570045, 756
30.6240561008, 758
30.6734220982, 760
30.7631161213, 762
30.8548340797, 764
30.9408240318, 766
31.0320129395, 768
31.0807011127, 770
31.1695370674, 772
31.2583119869, 774
31.3507840633, 776
31.4422531128, 778
31.5261950493, 780
31.5761260986, 782
31.6523311138, 784
31.732270956, 786
31.8080000877, 788
31.8777120113, 790
31.9262549877, 792
32.0088300705, 794
32.1062581539, 796
32.1908760071, 798
32.272397995, 800
32.3163149357, 802
32.3951070309, 804
32.4673919678, 806
32.537017107, 808
32.6164579391, 810
32.7010509968, 812
32.7470989227, 814
32.8251030445, 816
32.909719944, 818
32.9860870838, 820
33.0563390255, 822
33.0991339684, 824
33.1658580303, 826
33.2387111187, 828
33.3177559376, 830
33.3951499462, 832
33.4377999306, 834
33.5072529316, 836
33.5862309933, 838
33.6686210632, 840
33.7364740372, 842
33.8075859547, 844
33.8487451077, 846
33.9171700478, 848
33.989552021, 850
34.0567510128, 852
34.1242470741, 854
34.1660349369, 856
34.2338719368, 858
34.3061211109, 860
34.372975111, 862
34.4444799423, 864
34.4869160652, 866
34.5529251099, 868
34.6249859333, 870
34.6916840076, 872
34.7634840012, 874
34.8054189682, 876
34.8722250462, 878
34.9509351254, 880
35.02312994, 882
35.0957779884, 884
35.1399240494, 886
35.2061080933, 888
35.2777180672, 890
35.3521609306, 892
35.4231801033, 894
35.4656779766, 896
35.535337925, 898
35.6088600159, 900
35.676461935, 902
35.7474610806, 904
35.7888479233, 906
35.8544840813, 908
35.9261181355, 910
36.0055639744, 912
36.051074028, 914
36.1165299416, 916
36.182516098, 918
36.2488460541, 920
36.3240859509, 922
36.3713171482, 924
36.445207119, 926
36.5200331211, 928
36.5861799717, 930
36.6531739235, 932
36.6954100132, 934
36.7698619366, 936
36.8467171192, 938
36.9309401512, 940
37.0123810768, 942
37.0544960499, 944
37.1199951172, 946
37.1868419647, 948
37.2530429363, 950
37.3260250092, 952
37.3676390648, 954
37.4402060509, 956
37.5218009949, 958
37.5933449268, 960
37.6710000038, 962
37.7181479931, 964
37.7836079597, 966
37.8501851559, 968
37.9184639454, 970
37.9897320271, 972
38.0306191444, 974
38.0960180759, 976
38.1667089462, 978
38.2337269783, 980
38.2744109631, 982
38.3397879601, 984
38.4055140018, 986
38.4711289406, 988
38.5376679897, 990
38.5778851509, 992
38.6428990364, 994
38.7128901482, 996
38.7811861038, 998
38.8539180756, 1000
38.9060151577, 1002
38.9786269665, 1004
39.0477690697, 1006
39.1139400005, 1008
39.161536932, 1010
39.2262639999, 1012
39.2969889641, 1014
39.3627269268, 1016
39.4031059742, 1018
39.4682230949, 1020
39.5337131023, 1022
39.5991799831, 1024
39.6690990925, 1026
39.709332943, 1028
39.7746789455, 1030
39.8416340351, 1032
39.9157710075, 1034
39.9620890617, 1036
40.0302641392, 1038
40.0981340408, 1040
40.1629829407, 1042
40.2028501034, 1044
40.2670500278, 1046
40.336810112, 1048
40.40280509, 1050
40.4423151016, 1052
40.5060811043, 1054
40.5704641342, 1056
40.6343481541, 1058
40.707419157, 1060
40.7469749451, 1062
40.8114650249, 1064
40.8756129742, 1066
40.9495141506, 1068
40.9906990528, 1070
41.0545489788, 1072
41.1225881577, 1074
41.1883990765, 1076
41.2278239727, 1078
41.3063189983, 1080
41.4053931236, 1082
41.4884600639, 1084
41.5342071056, 1086
41.6211290359, 1088
41.711589098, 1090
41.80392313, 1092
41.8494009972, 1094
41.9246270657, 1096
41.9987869263, 1098
42.072617054, 1100
42.1226091385, 1102
42.202466011, 1104
42.2954640388, 1106
42.3766970634, 1108
42.4227719307, 1110
42.5104970932, 1112
42.6023991108, 1114
42.6888420582, 1116
42.7321610451, 1118
42.8165631294, 1120
42.9058580399, 1122
42.9903490543, 1124
43.038038969, 1126
43.1278779507, 1128
43.2128639221, 1130
43.2997641563, 1132
43.3487291336, 1134
43.4346580505, 1136
43.5007710457, 1138
43.5693509579, 1140
43.6083469391, 1142
43.6729249954, 1144
43.7387001514, 1146
43.7775070667, 1148
43.8490600586, 1150
43.9190340042, 1152
44.0028691292, 1154
44.0516541004, 1156
44.1387491226, 1158
44.21636796, 1160
44.2932081223, 1162
44.332531929, 1164
44.3972120285, 1166
44.459239006, 1168
44.5224490166, 1170
44.5699400902, 1172
44.6410291195, 1174
44.7272279263, 1176
44.8119559288, 1178
44.8596580029, 1180
44.9387190342, 1182
45.0151770115, 1184
45.0569131374, 1186
45.135160923, 1188
45.2050590515, 1190
45.2958879471, 1192
45.3408839703, 1194
45.4221141338, 1196
45.4933140278, 1198
45.5399961472, 1200
45.6214339733, 1202
45.7040710449, 1204
45.7839169502, 1206
45.8247070312, 1208
45.9046070576, 1210
45.9830210209, 1212
46.0663161278, 1214
46.1095731258, 1216
46.2089071274, 1218
46.2884449959, 1220
46.3363771439, 1222
46.4007771015, 1224
46.4705610275, 1226
46.5471651554, 1228
46.5914950371, 1230
46.6551139355, 1232
46.7252500057, 1234
46.7666170597, 1236
46.8316631317, 1238
46.9070079327, 1240
46.9710810184, 1242
47.0078339577, 1244
47.0711510181, 1246
47.1351921558, 1248
47.2061121464, 1250
47.2447800636, 1252
47.3112030029, 1254
47.3856160641, 1256
47.4243891239, 1258
47.4894270897, 1260
47.5590820312, 1262
47.6281759739, 1264
47.6717960835, 1266
47.7448959351, 1268
47.8091230392, 1270
47.854238987, 1272
47.9192061424, 1274
47.98199296, 1276
48.0453920364, 1278
48.0821940899, 1280
48.1445760727, 1282
48.2072329521, 1284
48.2794189453, 1286
48.3194711208, 1288
48.3902211189, 1290
48.4535810947, 1292
48.4970099926, 1294
48.5618231297, 1296
48.628909111, 1298
48.7003779411, 1300
48.740874052, 1302
48.8102071285, 1304
48.8796601295, 1306
48.9237840176, 1308
48.9899170399, 1310
49.05677104, 1312
49.1200950146, 1314
49.1580131054, 1316
49.2234930992, 1318
49.2873580456, 1320
49.3589429855, 1322
49.3976979256, 1324
49.4623420238, 1326
49.52475214, 1328
49.5663380623, 1330
49.6283929348, 1332
49.690005064, 1334
49.7552449703, 1336
49.7921290398, 1338
49.8548209667, 1340
49.9193999767, 1342
49.9560909271, 1344
50.0181219578, 1346
50.0797491074, 1348
50.1167600155, 1350
50.1792740822, 1352
50.2469749451, 1354
50.3102829456, 1356
50.3523840904, 1358
50.4144859314, 1360
50.4765069485, 1362
50.515460968, 1364
50.5769469738, 1366
50.6388950348, 1368
50.7082631588, 1370
50.745290041, 1372
50.8106601238, 1374
50.8757910728, 1376
50.9182100296, 1378
50.9898121357, 1380
51.0569119453, 1382
51.0971720219, 1384
51.1603600979, 1386
51.2275941372, 1388
51.2901461124, 1390
51.3280661106, 1392
51.3903100491, 1394
51.4657320976, 1396
51.5071070194, 1398
51.5704319477, 1400
51.6394500732, 1402
51.7115321159, 1404
51.7507970333, 1406
51.8133659363, 1408
51.8862991333, 1410
51.929500103, 1412
51.9909491539, 1414
52.0528769493, 1416
52.0892210007, 1418
52.1499371529, 1420
52.2158060074, 1422
52.2826750278, 1424
52.3205621243, 1426
52.3878409863, 1428
52.4540829659, 1430
52.4901340008, 1432
52.5510680676, 1434
52.6120219231, 1436
52.6815030575, 1438
52.7199859619, 1440
52.7850699425, 1442
52.8465430737, 1444
52.8826220036, 1446
52.9517641068, 1448
53.0143921375, 1450
53.0503129959, 1452
53.1105101109, 1454
53.1767349243, 1456
53.2396950722, 1458
53.2788801193, 1460
53.3410100937, 1462
53.4026629925, 1464
53.4379990101, 1466
53.4984331131, 1468
53.5590059757, 1470
53.5948269367, 1472
53.6553149223, 1474
53.7206990719, 1476
53.7823629379, 1478
53.8180840015, 1480
53.8827190399, 1482
53.9500460625, 1484
53.9856140614, 1486
54.045992136, 1488
54.107268095, 1490
54.1426949501, 1492
54.2043521404, 1494
54.2647340298, 1496
54.2997040749, 1498
54.3600370884, 1500
54.4284980297, 1502
54.4900131226, 1504
54.5257360935, 1506
54.5870499611, 1508
54.6484949589, 1510
54.6838519573, 1512
54.7437291145, 1514
54.8080029488, 1516
54.8427200317, 1518
54.9064490795, 1520
54.9672629833, 1522
55.0049450397, 1524
55.065433979, 1526
55.1296291351, 1528
55.1732599735, 1530
55.2399189472, 1532
55.3054521084, 1534
55.3426380157, 1536
55.4107151031, 1538
55.4779019356, 1540
55.5481979847, 1542
55.5831649303, 1544
55.6431231499, 1546
55.7082989216, 1548
55.7437701225, 1550
55.8043920994, 1552
55.8655929565, 1554
55.9011149406, 1556
55.9625451565, 1558
56.026373148, 1560
56.0615570545, 1562
56.1285569668, 1564
56.194644928, 1566
56.2335269451, 1568
56.2963969707, 1570
56.3628931046, 1572
56.3981580734, 1574
56.4667170048, 1576
56.5339641571, 1578
56.5742931366, 1580
56.6423809528, 1582
56.7019989491, 1584
56.7368180752, 1586
56.7993760109, 1588
56.8634381294, 1590
56.898884058, 1592
56.9592380524, 1594
57.0177791119, 1596
57.0523340702, 1598
57.1116731167, 1600
57.1707150936, 1602
57.2048289776, 1604
57.2647340298, 1606
57.3232710361, 1608
57.358066082, 1610
57.4250221252, 1612
57.4879260063, 1614
57.5218570232, 1616
57.5817959309, 1618
57.6413719654, 1620
57.6752130985, 1622
57.7341089249, 1624
57.7998020649, 1626
57.8343939781, 1628
57.8932471275, 1630
57.953854084, 1632
57.9932060242, 1634
58.0564949512, 1636
58.1206860542, 1638
58.1596679688, 1640
58.2231061459, 1642
58.2867190838, 1644
58.3213379383, 1646
58.3770890236, 1648
58.4345221519, 1650
58.4689209461, 1652
58.5284090042, 1654
58.5875921249, 1656
58.620757103, 1658
58.6801550388, 1660
58.7398271561, 1662
58.773373127, 1664
58.8327209949, 1666
58.8933451176, 1668
58.927562952, 1670
58.9987781048, 1672
59.0639770031, 1674
59.1012289524, 1676
59.1695590019, 1678
59.2053120136, 1680
59.2696509361, 1682
59.3345940113, 1684
59.3693010807, 1686
59.4353239536, 1688
59.49416399, 1690
59.5271930695, 1692
59.5857031345, 1694
59.6452579498, 1696
59.6780719757, 1698
59.7373919487, 1700
59.8004391193, 1702
59.8358900547, 1704
59.9030170441, 1706
59.9656410217, 1708
60.0014610291, 1710
60.0596661568, 1712
60.0959689617, 1714
60.1580600739, 1716
60.2239429951, 1718
60.257324934, 1720
60.3185851574, 1722
60.3791589737, 1724
60.4168930054, 1726
60.4756319523, 1728
60.5355241299, 1730
60.5684981346, 1732
60.630202055, 1734
60.6883900166, 1736
60.726913929, 1738
60.7989110947, 1740
60.8692820072, 1742
60.9043281078, 1744
60.9709470272, 1746
61.0085809231, 1748
61.0705721378, 1750
61.1399271488, 1752
61.1754009724, 1754
61.2398850918, 1756
61.3061101437, 1758
61.3471851349, 1760
61.4085381031, 1762
61.4470460415, 1764
61.5083651543, 1766
61.5725519657, 1768
61.6110639572, 1770
61.6742510796, 1772
61.7416400909, 1774
61.7808680534, 1776
61.8451881409, 1778
61.9085841179, 1780
61.9453821182, 1782
62.0101659298, 1784
62.0461149216, 1786
62.1133699417, 1788
62.1829741001, 1790
62.2175619602, 1792
62.2813720703, 1794
62.349009037, 1796
62.3891501427, 1798
62.4574661255, 1800
62.4969580173, 1802
62.5598130226, 1804
62.6162991524, 1806
62.6478610039, 1808
62.7056090832, 1810
62.7654941082, 1812
62.7995920181, 1814
62.8575749397, 1816
62.9185631275, 1818
62.9503750801, 1820
63.0127980709, 1822
63.0479469299, 1824
63.1057510376, 1826
63.1650891304, 1828
63.1962609291, 1830
63.2531690598, 1832
63.3109531403, 1834
63.3432490826, 1836
63.4084031582, 1838
63.4430260658, 1840
63.4991300106, 1842
63.559016943, 1844
63.5922780037, 1846
63.6602330208, 1848
63.7280409336, 1850
63.7691590786, 1852
63.8302259445, 1854
63.910588026, 1856
63.9517710209, 1858
64.0217909813, 1860
64.0577139854, 1862
64.1211130619, 1864
64.1819519997, 1866
64.2242331505, 1868
64.2999651432, 1870
64.3398649693, 1872
64.3975141048, 1874
64.4576621056, 1876
64.4899289608, 1878
64.5468809605, 1880
64.6037249565, 1882
64.6356999874, 1884
64.6990411282, 1886
64.733451128, 1888
64.7968809605, 1890
64.8594529629, 1892
64.894518137, 1894
64.960611105, 1896
64.994820118, 1898
65.0541861057, 1900
65.112267971, 1902
65.1484160423, 1904
65.2087860107, 1906
65.2721071243, 1908
65.3059649467, 1910
65.3736159801, 1912
65.4083199501, 1914
65.4666910172, 1916
65.5368320942, 1918
65.5760009289, 1920
65.6461491585, 1922
65.7244520187, 1924
65.7680230141, 1926
65.8415460587, 1928
65.876707077, 1930
65.9361169338, 1932
65.9993979931, 1934
66.0370590687, 1936
66.0978300571, 1938
66.1343500614, 1940
66.197478056, 1942
66.25466609, 1944
66.285777092, 1946
66.3444340229, 1948
66.4124269485, 1950
66.4495899677, 1952
66.5164499283, 1954
66.5479929447, 1956
66.6034851074, 1958
66.6677920818, 1960
66.7049520016, 1962
66.7614409924, 1964
66.7935769558, 1966
66.8498020172, 1968
66.9059810638, 1970
66.9361550808, 1972
66.9872379303, 1974
67.0393049717, 1976
67.069206953, 1978
67.1248550415, 1980
67.1551711559, 1982
67.2098119259, 1984
67.2607109547, 1986
67.2908239365, 1988
67.3542051315, 1990
67.3904509544, 1992
67.45373106, 1994
67.5181839466, 1996
67.5491139889, 1998
67.6044850349, 2000
67.6353061199, 2002
67.6930201054, 2004
67.7544939518, 2006
67.788064003, 2008
67.8503119946, 2010
67.8843159676, 2012
67.945745945, 2014
68.0131599903, 2016
68.0464570522, 2018
68.1022231579, 2020
68.13230896, 2022
68.1928930283, 2024
68.2578239441, 2026
68.2902669907, 2028
68.3510961533, 2030
68.3832271099, 2032
68.4418580532, 2034
68.5040280819, 2036
68.5418660641, 2038
68.6064109802, 2040
68.6430521011, 2042
68.7082650661, 2044
68.7675170898, 2046
68.8129680157, 2048
68.8851051331, 2050
68.9269230366, 2052
68.9925370216, 2054
69.0529980659, 2056
69.0848619938, 2058
69.1493849754, 2060
69.1957740784, 2062
69.269518137, 2064
69.3595979214, 2066
69.4219450951, 2068
69.5178899765, 2070
69.5545749664, 2072
69.6261560917, 2074
69.7127189636, 2076
69.7522809505, 2078
69.8109929562, 2080
69.8440461159, 2082
70.0209369659, 2084
70.2300970554, 2086
70.3577561378, 2088
70.5732960701, 2090
70.792042017, 2092
70.9168560505, 2094
71.1304659843, 2096
71.2541489601, 2098
71.4602179527, 2100
71.6811850071, 2102
71.8182039261, 2104
72.0344331264, 2106
72.1580309868, 2108
72.3682551384, 2110
72.577466011, 2112
72.7011880875, 2114
72.9053850174, 2116
73.0284490585, 2118
73.2504961491, 2120
73.3757009506, 2122
73.5796079636, 2124
73.7857270241, 2126
73.9097750187, 2128
74.1365740299, 2130
74.2625620365, 2132
74.4654779434, 2134
74.6750979424, 2136
74.8045809269, 2138
75.0162420273, 2140
75.0708861351, 2142
75.167454958, 2144
75.2114181519, 2146
75.2810001373, 2148
75.3510570526, 2150
75.386193037, 2152
75.4455549717, 2154
75.4776160717, 2156
75.5371539593, 2158
75.5972270966, 2160
75.6326041222, 2162
75.6971349716, 2164
75.7329111099, 2166
75.7976601124, 2168
75.8634660244, 2170
75.8986959457, 2172
75.9707140923, 2174
76.0045099258, 2176
76.0613851547, 2178
76.101680994, 2180
76.1743140221, 2182
76.2439620495, 2184
76.281580925, 2186
76.3540189266, 2188
76.3860139847, 2190
76.453083992, 2192
76.517635107, 2194
76.5484819412, 2196
76.6064779758, 2198
76.6433069706, 2200
76.701417923, 2202
76.7295651436, 2204
76.7796740532, 2206
76.8305680752, 2208
76.8587210178, 2210
76.9129190445, 2212
76.9415380955, 2214
76.9933340549, 2216
77.0441839695, 2218
77.0725419521, 2220
77.1312789917, 2222
77.15980196, 2224
77.2115380764, 2226
77.263792038, 2228
77.3010349274, 2230
77.3592660427, 2232
77.3876869678, 2234
77.4401609898, 2236
77.4695570469, 2238
77.5279729366, 2240
77.5983240604, 2242
77.6359510422, 2244
77.7124941349, 2246
77.7507140636, 2248
77.811300993, 2250
77.8786430359, 2252
77.9091391563, 2254
77.9662740231, 2256
77.9956390858, 2258
78.0512671471, 2260
78.101678133, 2262
78.1304869652, 2264
78.1796529293, 2266
78.2076580524, 2268
78.2575881481, 2270
78.2857849598, 2272
78.334690094, 2274
78.3834500313, 2276
78.411757946, 2278
78.4607920647, 2280
78.4887239933, 2282
78.537637949, 2284
78.5876071453, 2286
78.6159851551, 2288
78.6643681526, 2290
78.692497015, 2292
78.7412369251, 2294
78.7706620693, 2296
78.8186690807, 2298
78.8677089214, 2300
78.8964710236, 2302
78.9522490501, 2304
78.9835181236, 2306
79.042386055, 2308
79.1031229496, 2310
79.1347010136, 2312
79.1938669682, 2314
79.2253630161, 2316
79.285681963, 2318
79.3173761368, 2320
79.3775539398, 2322
79.4380431175, 2324
79.4681241512, 2326
79.5224051476, 2328
79.5505580902, 2330
79.6006369591, 2332
79.6282911301, 2334
79.677683115, 2336
79.7275829315, 2338
79.755136013, 2340
79.8030819893, 2342
79.8309910297, 2344
79.8809499741, 2346
79.909471035, 2348
79.9581899643, 2350
80.0101249218, 2352
80.0375580788, 2354
80.0857889652, 2356
80.1135480404, 2358
80.1636550426, 2360
80.190928936, 2362
80.2387759686, 2364
80.2894880772, 2366
80.3175020218, 2368
80.3661179543, 2370
80.3939671516, 2372
80.4439661503, 2374
80.4712779522, 2376
80.519618988, 2378
80.5691730976, 2380
80.5976369381, 2382
80.6462769508, 2384
80.67415905, 2386
80.7239460945, 2388
80.7513620853, 2390
80.7990739346, 2392
80.848580122, 2394
80.8763720989, 2396
80.9299910069, 2398
80.9658119678, 2400
81.0352051258, 2402
81.0677130222, 2404
81.128798008, 2406
81.1901140213, 2408
81.223664999, 2410
81.2825951576, 2412
81.3142681122, 2414
81.3740999699, 2416
81.4054090977, 2418
81.457447052, 2420
81.5072000027, 2422
81.5367350578, 2424
81.5866601467, 2426
81.6218919754, 2428
81.6825380325, 2430
81.7135570049, 2432
81.7656359673, 2434
81.8153791428, 2436
81.8452341557, 2438
81.8939490318, 2440
81.9217550755, 2442
81.9779279232, 2444
82.0082011223, 2446
82.0663321018, 2448
82.1264350414, 2450
82.1569130421, 2452
82.2103090286, 2454
82.2377901077, 2456
82.2875130177, 2458
82.3145120144, 2460
82.363847971, 2462
82.4146749973, 2464
82.451198101, 2466
82.5088570118, 2468
82.5399060249, 2470
82.5970540047, 2472
82.6261100769, 2474
82.6807119846, 2476
82.7302269936, 2478
82.7587790489, 2480
82.8067290783, 2482
82.8343560696, 2484
82.8837780952, 2486
82.9117200375, 2488
82.9597661495, 2490
83.0090889931, 2492
83.041408062, 2494
83.1016950607, 2496
83.1330890656, 2498
83.1913530827, 2500
83.2186501026, 2502
83.2745039463, 2504
83.3390231133, 2506
83.3725991249, 2508
83.4263129234, 2510
83.4540090561, 2512
83.5067589283, 2514
83.5371170044, 2516
83.5904450417, 2518
83.6398069859, 2520
83.6683440208, 2522
83.7204871178, 2524
83.7498450279, 2526
83.8140361309, 2528
83.8433129787, 2530
83.9011781216, 2532
83.9593219757, 2534
83.9893660545, 2536
84.0447819233, 2538
84.0721280575, 2540
84.1231880188, 2542
84.1543729305, 2544
84.206428051, 2546
84.2557599545, 2548
84.2842190266, 2550
84.3319211006, 2552
84.3592960835, 2554
84.4090919495, 2556
84.4362020493, 2558
84.4838650227, 2560
84.5329670906, 2562
84.5602829456, 2564
84.6077561378, 2566
84.6353991032, 2568
84.6905310154, 2570
84.7221200466, 2572
84.778452158, 2574
84.8379371166, 2576
84.8694560528, 2578
84.9271421432, 2580
84.9636831284, 2582
85.0219581127, 2584
85.0538170338, 2586
85.1113491058, 2588
85.1688790321, 2590
85.1976621151, 2592
85.2526500225, 2594
85.2802350521, 2596
85.3303940296, 2598
85.3575210571, 2600
85.4051039219, 2602
85.455021143, 2604
85.4823949337, 2606
85.5319931507, 2608
85.5591950417, 2610
85.6063020229, 2612
85.632930994, 2614
85.6806221008, 2616
85.7079191208, 2618
85.7553560734, 2620
85.8045639992, 2622
85.8334360123, 2624
85.8813230991, 2626
85.9095640182, 2628
85.9567029476, 2630
85.9831080437, 2632
86.0302529335, 2634
86.0572879314, 2636
86.1046421528, 2638
86.1555440426, 2640
86.1828780174, 2642
86.2304811478, 2644
86.2570800781, 2646
86.3039309978, 2648
86.3361449242, 2650
86.3877000809, 2652
86.4148759842, 2654
86.4628660679, 2656
86.5179381371, 2658
86.5452620983, 2660
86.5924379826, 2662
86.6191840172, 2664
86.6657240391, 2666
86.692813158, 2668
86.7415270805, 2670
86.7686200142, 2672
86.8158700466, 2674
86.8651790619, 2676
86.8928620815, 2678
86.9406700134, 2680
86.9676690102, 2682
87.0141921043, 2684
87.041934967, 2686
87.0899410248, 2688
87.1170401573, 2690
87.1640350819, 2692
87.2126810551, 2694
87.2390639782, 2696
87.2860839367, 2698
87.3191981316, 2700
87.3804309368, 2702
87.4075739384, 2704
87.454875946, 2706
87.4820311069, 2708
87.5321090221, 2710
87.5796420574, 2712
87.6064491272, 2714
87.6533899307, 2716
87.6807689667, 2718
87.7295899391, 2720
87.7566239834, 2722
87.8041880131, 2724
87.8315811157, 2726
87.8787360191, 2728
87.9271271229, 2730
87.9544861317, 2732
88.0163340569, 2734
88.053538084, 2736
88.1294209957, 2738
88.1674411297, 2740
88.2406580448, 2742
88.2756049633, 2744
88.3380241394, 2746
88.4084761143, 2748
88.4407110214, 2750
88.5164110661, 2752
88.5479059219, 2754
88.613863945, 2756
88.6411790848, 2758
88.6906380653, 2760
88.7179920673, 2762
88.7650151253, 2764
88.8130800724, 2766
88.8398981094, 2768
88.8890910149, 2770
88.9168450832, 2772
88.9658911228, 2774
88.99289608, 2776
89.0400900841, 2778
89.066298008, 2780
89.1126279831, 2782
89.1597061157, 2784
89.1866919994, 2786
89.2403011322, 2788
89.2739870548, 2790
89.3292081356, 2792
89.355932951, 2794
89.4076931477, 2796
89.436743021, 2798
89.4950590134, 2800
89.557352066, 2802
89.5860769749, 2804
89.6491570473, 2806
89.6799080372, 2808
89.7388269901, 2810
89.7699370384, 2812
89.8262650967, 2814
89.8571369648, 2816
89.9081261158, 2818
89.9553740025, 2820
89.9821610451, 2822
90.0290341377, 2824
90.0558991432, 2826
90.103801012, 2828
90.1312229633, 2830
90.1779329777, 2832
90.2262499332, 2834
90.2529969215, 2836
90.3001151085, 2838
90.327119112, 2840
90.3739080429, 2842
90.4024119377, 2844
90.4518690109, 2846
90.4782540798, 2848
90.5245330334, 2850
90.5748519897, 2852
90.6029491425, 2854
90.6528160572, 2856
90.6796889305, 2858
90.7268619537, 2860
90.7537369728, 2862
90.8006169796, 2864
90.8272750378, 2866
90.8739271164, 2868
90.9230251312, 2870
90.9543271065, 2872
91.0012910366, 2874
91.0281260014, 2876
91.0752501488, 2878
91.1016590595, 2880
91.1485481262, 2882
91.1818130016, 2884
91.2382359505, 2886
91.289894104, 2888
91.3178441525, 2890
91.3744680882, 2892
91.4024391174, 2894
91.4568390846, 2896
91.4846551418, 2898
91.5393099785, 2900
91.5689680576, 2902
91.6257779598, 2904
91.6867511272, 2906
91.7151970863, 2908
91.7666499615, 2910
91.7930710316, 2912
91.839318037, 2914
91.8656849861, 2916
91.9133610725, 2918
91.9459321499, 2920
91.9993331432, 2922
92.0477631092, 2924
92.0747270584, 2926
92.1210889816, 2928
92.1471700668, 2930
92.1929619312, 2932
92.2191889286, 2934
92.2669870853, 2936
92.2942819595, 2938
92.342236042, 2940
92.390818119, 2942
92.4175100327, 2944
92.4640209675, 2946
92.4902710915, 2948
92.5361051559, 2950
92.5626511574, 2952
92.61028409, 2954
92.6368670464, 2956
92.6834480762, 2958
92.731454134, 2960
92.7578139305, 2962
92.8078670502, 2964
92.8340959549, 2966
92.8847911358, 2968
92.9121170044, 2970
92.9591679573, 2972
92.9859781265, 2974
93.0326189995, 2976
93.0793659687, 2978
93.1056549549, 2980
93.1517701149, 2982
93.1780490875, 2984
93.2269611359, 2986
93.25364995, 2988
93.3006279469, 2990
93.3276410103, 2992
93.3788030148, 2994
93.425868988, 2996
93.4523699284, 2998
93.5007331371, 3000
93.5272459984, 3002
93.5808479786, 3004
93.6086421013, 3006
93.6585669518, 3008
93.6867489815, 3010
93.740666151, 3012
93.7925779819, 3014
93.8299820423, 3016
93.8858511448, 3018
93.9173231125, 3020
93.9711940289, 3022
93.9979250431, 3024
94.0449669361, 3026
94.0717871189, 3028
94.1198379993, 3030
94.1660540104, 3032
94.192813158, 3034
94.239192009, 3036
94.2659349442, 3038
94.314895153, 3040
94.3426189423, 3042
94.3891990185, 3044
94.4162459373, 3046
94.4656181335, 3048
94.522685051, 3050
94.5505800247, 3052
94.6061329842, 3054
94.6321289539, 3056
94.6784329414, 3058
94.7045450211, 3060
94.7534160614, 3062
94.7800841331, 3064
94.826843977, 3066
94.8532640934, 3068
94.904294014, 3070
94.9526209831, 3072
94.979072094, 3074
95.0258841515, 3076
95.0528709888, 3078
95.0989849567, 3080
95.1254251003, 3082
95.1730611324, 3084
95.1994979382, 3086
95.2457001209, 3088
95.2718081474, 3090
95.3178241253, 3092
95.3453371525, 3094
95.3912210464, 3096
95.4378819466, 3098
95.463586092, 3100
95.5101840496, 3102
95.5361280441, 3104
95.5818359852, 3106
95.6084840298, 3108
95.6578290462, 3110
95.6840610504, 3112
95.7308349609, 3114
95.7571721077, 3116
95.8034410477, 3118
95.8513040543, 3120
95.8777210712, 3122
95.9256689548, 3124
95.9545681477, 3126
96.0101490021, 3128
96.0368819237, 3130
96.0825510025, 3132
96.1082921028, 3134
96.1546919346, 3136
96.1806609631, 3138
96.2267611027, 3140
96.2525570393, 3142
96.3019471169, 3144
96.3534619808, 3146
96.3808250427, 3148
96.434869051, 3150
96.4611680508, 3152
96.5074520111, 3154
96.5338671207, 3156
96.5825490952, 3158
96.6089739799, 3160
96.6553521156, 3162
96.6817281246, 3164
96.7277860641, 3166
96.7754399776, 3168
96.8016970158, 3170
96.8481500149, 3172
96.8750491142, 3174
96.9224569798, 3176
96.9482381344, 3178
96.9940509796, 3180
97.0198481083, 3182
97.0659849644, 3184
97.0919189453, 3186
97.1378250122, 3188
97.1634809971, 3190
97.2094430923, 3192
97.2564721107, 3194
97.2835741043, 3196
97.3330960274, 3198
97.3637080193, 3200
97.4171071053, 3202
97.4434850216, 3204
97.4921059608, 3206
97.5256941319, 3208
97.5781490803, 3210
97.604514122, 3212
97.6505999565, 3214
97.6980330944, 3216
97.7245111465, 3218
97.77105093, 3220
97.799052, 3222
97.8447451591, 3224
97.870429039, 3226
97.9204039574, 3228
97.9475250244, 3230
97.993694067, 3232
98.0193040371, 3234
98.0654671192, 3236
98.0915031433, 3238
98.1389081478, 3240
98.1869709492, 3242
98.2132589817, 3244
98.2597970963, 3246
98.2863349915, 3248
98.3329949379, 3250
98.3600161076, 3252
98.4079129696, 3254
98.4342141151, 3256
98.4803740978, 3258
98.5067811012, 3260
98.5525250435, 3262
98.5911581516, 3264
98.7848680019, 3266
98.9796519279, 3268
99.0929501057, 3270
99.2867190838, 3272
99.3967039585, 3274
99.5954360962, 3276
99.7058830261, 3278
99.8965599537, 3280
100.007190943, 3282
100.236690998, 3284
100.374843121, 3286
100.684011936, 3288
100.892746925, 3290
101.008757114, 3292
101.20627594, 3294
101.317713022, 3296
101.506873131, 3298
101.618056059, 3300
101.814192057, 3302
101.927804947, 3304
102.129989147, 3306
102.244804144, 3308
102.436470985, 3310
102.549952984, 3312
102.6977911, 3314
102.755106926, 3316
102.784772158, 3318
102.837255955, 3320
102.867077112, 3322
102.919431925, 3324
102.947157145, 3326
102.999113083, 3328
103.028392076, 3330
103.07813406, 3332
103.107840061, 3334
103.158054113, 3336
103.229675055, 3338
103.26398015, 3340
103.315597057, 3342
103.344553947, 3344
103.39565897, 3346
103.421572924, 3348
103.469080925, 3350
103.49714613, 3352
103.571985006, 3354
103.602005959, 3356
103.659626007, 3358
103.686416149, 3360
103.732540131, 3362
103.778522968, 3364
103.810912132, 3366
103.874918938, 3368
103.905012131, 3370
103.960685015, 3372
103.992198944, 3374
104.049432039, 3376
104.080343962, 3378
104.138425112, 3380
104.168952942, 3382
104.225194931, 3384
104.282287121, 3386
104.312461138, 3388
104.364238024, 3390
104.39411211, 3392
104.448482037, 3394
104.483541965, 3396
104.539083004, 3398
104.567229033, 3400
104.615375042, 3402
104.641309023, 3404
104.690267086, 3406
104.716707945, 3408
104.771137953, 3410
104.824609995, 3412
104.868555069, 3414
104.937293053, 3416
104.970660925, 3418
105.036567926, 3420
105.071227074, 3422
105.132920027, 3424
105.191826105, 3426
105.261487961, 3428
105.289313078, 3430
105.337903023, 3432
105.390120029, 3434
105.416574001, 3436
105.475973129, 3438
105.50604701, 3440
105.56516695, 3442
105.594310999, 3444
105.658034086, 3446
105.689511061, 3448
105.746062994, 3450
105.776850939, 3452
105.838366032, 3454
105.869509935, 3456
105.921920061, 3458
105.970495939, 3460
106.002310038, 3462
106.066431999, 3464
106.100471973, 3466
106.163336039, 3468
106.193887949, 3470
106.260699034, 3472
106.300874949, 3474
106.363513947, 3476
106.39697814, 3478
106.453197956, 3480
106.48348093, 3482
106.545496941, 3484
106.576352119, 3486
106.647114992, 3488
106.678060055, 3490
106.733771086, 3492
106.771553993, 3494
106.833624125, 3496
106.893665075, 3498
106.928842068, 3500
106.993855, 3502
107.031206131, 3504
107.093251944, 3506
107.123760939, 3508
107.172862053, 3510
107.201333046, 3512
107.25898695, 3514
107.288615942, 3516
107.350697041, 3518
107.383744955, 3520
107.444265127, 3522
107.473331928, 3524
107.533443928, 3526
107.567939043, 3528
107.62864995, 3530
107.661111116, 3532
107.721513033, 3534
107.777506113, 3536
107.81033802, 3538
107.874581099, 3540
107.909000158, 3542
107.967992067, 3544
108.004323959, 3546
108.054499149, 3548
108.079790115, 3550
108.124202013, 3552
108.157606125, 3554
108.224905968, 3556
108.254259109, 3558
108.303485155, 3560
108.337330103, 3562
108.389846087, 3564
108.419851065, 3566
108.468816042, 3568
108.495301962, 3570
108.548727036, 3572
108.614472151, 3574
108.644396067, 3576
108.712880135, 3578
108.741609097, 3580
108.795367002, 3582
108.822138071, 3584
108.870397091, 3586
108.902096033, 3588
108.950371981, 3590
108.979272127, 3592
109.036618948, 3594
109.070363045, 3596
109.12579608, 3598
109.160090923, 3600
109.224241972, 3602
109.257575035, 3604
109.322443962, 3606
109.355754137, 3608
109.413952112, 3610
109.473080158, 3612
109.504517078, 3614
109.56637311, 3616
109.59893012, 3618
109.656594992, 3620
109.68709898, 3622
109.745496035, 3624
109.772055149, 3626
109.827033043, 3628
109.853493929, 3630
109.906033039, 3632
109.935446978, 3634
109.995475054, 3636
110.026591063, 3638
110.087316036, 3640
110.116533995, 3642
110.176454067, 3644
110.209630013, 3646
110.273293018, 3648
110.336720943, 3650
110.364462137, 3652
110.42018199, 3654
110.445256948, 3656
110.49324894, 3658
110.522824049, 3660
110.575298071, 3662
110.60660696, 3664
110.658180952, 3666
110.69028306, 3668
110.758576155, 3670
110.792345047, 3672
110.847465992, 3674
110.872337103, 3676
110.924818039, 3678
110.950212955, 3680
110.995690107, 3682
111.026649952, 3684
111.082360983, 3686
111.129899025, 3688
111.154708147, 3690
111.202208996, 3692
111.233744144, 3694
111.303744078, 3696
111.339677095, 3698
111.391518116, 3700
111.417259932, 3702
111.465944052, 3704
111.491918087, 3706
111.551623106, 3708
111.578130007, 3710
111.628268957, 3712
111.65978694, 3714
111.715690136, 3716
111.741321087, 3718
111.788579941, 3720
111.818233967, 3722
111.876738071, 3724
111.905899048, 3726
111.968712091, 3728
111.998950958, 3730
112.053491116, 3732
112.07890296, 3734
112.127402067, 3736
112.15211606, 3738
112.196865082, 3740
112.221841097, 3742
112.271655083, 3744
112.299808979, 3746
112.367598057, 3748
112.411770105, 3750
112.478114128, 3752
112.510089159, 3754
112.584214926, 3756
112.622142076, 3758
112.678033113, 3760
112.707287073, 3762
112.758265018, 3764
112.788226128, 3766
112.841324091, 3768
112.87490201, 3770
112.926450014, 3772
112.999953985, 3774
113.178822994, 3776
113.371817112, 3778
113.478665113, 3780
113.676049948, 3782
113.788027048, 3784
113.986734152, 3786
114.095864058, 3788
114.288831949, 3790
114.393975973, 3792
114.593956947, 3794
114.714718103, 3796
114.950643063, 3798
115.076580048, 3800
115.308089972, 3802
115.457890987, 3804
115.734372139, 3806
115.863903046, 3808
116.093121052, 3810
116.209893942, 3812
116.400571108, 3814
116.510926962, 3816
116.697118998, 3818
116.803292036, 3820
117.003024101, 3822
117.127525091, 3824
117.395349026, 3826
117.522424936, 3828
117.715855122, 3830
117.827407122, 3832
118.021584034, 3834
118.132596016, 3836
118.319183111, 3838
118.430526018, 3840
118.623075008, 3842
118.792161942, 3844
118.996117115, 3846
119.097613096, 3848
119.149373055, 3850
119.179569006, 3852
119.261815071, 3854
119.307026148, 3856
119.366683006, 3858
119.395218134, 3860
119.450806141, 3862
119.47953105, 3864
119.529601097, 3866
119.575041056, 3868
119.599368095, 3870
119.64431715, 3872
119.668709993, 3874
119.718487978, 3876
119.746305943, 3878
119.80092907, 3880
119.826218128, 3882
119.876820087, 3884
119.906481028, 3886
119.977287054, 3888
120.010322094, 3890
120.072589159, 3892
120.105463982, 3894
120.172940969, 3896
120.201081038, 3898
120.264697075, 3900
120.293883085, 3902
120.356956005, 3904
120.384031057, 3906
120.445014954, 3908
120.475152969, 3910
120.53854394, 3912
120.58170414, 3914
120.645920992, 3916
120.67300415, 3918
120.728721142, 3920
120.752813101, 3922
120.798903942, 3924
120.827333927, 3926
120.873229027, 3928
120.899821997, 3930
120.950325012, 3932
120.974344015, 3934
121.019397974, 3936
121.043175936, 3938
121.08810997, 3940
121.112030029, 3942
121.158000946, 3944
121.18229413, 3946
121.22604394, 3948
121.251552105, 3950
121.298108101, 3952
121.323436022, 3954
121.37112999, 3956
121.400344133, 3958
121.44513607, 3960
121.47033, 3962
121.514163971, 3964
121.538177967, 3966
121.58130312, 3968
121.605033159, 3970
121.648179054, 3972
121.671561956, 3974
121.714770079, 3976
121.738125086, 3978
121.782581091, 3980
121.806016922, 3982
121.848945141, 3984
121.872502089, 3986
121.922984123, 3988
121.949093103, 3990
122.001729965, 3992
122.025485039, 3994
122.070729017, 3996
122.094553947, 3998
122.137392998, 4000
122.161154032, 4002
122.209033966, 4004
122.23430109, 4006
122.283328056, 4008
122.307230949, 4010
122.351047993, 4012
122.378142118, 4014
122.429760933, 4016
122.454775095, 4018
122.502093077, 4020
122.528280973, 4022
122.574101925, 4024
122.597844124, 4026
122.641700029, 4028
122.667415142, 4030
122.71339798, 4032
122.737024069, 4034
122.780761957, 4036
122.804479122, 4038
122.848214149, 4040
122.872278929, 4042
122.91666007, 4044
122.940675974, 4046
122.985202074, 4048
123.009173155, 4050
123.05273509, 4052
123.076769114, 4054
123.125071049, 4056
123.150287151, 4058
123.196731091, 4060
123.226803064, 4062
123.271440983, 4064
123.29696703, 4066
123.341583967, 4068
123.365209103, 4070
123.410041094, 4072
123.433763027, 4074
123.478569984, 4076
123.50220108, 4078
123.525902987, 4080
123.56825614, 4082
123.591892958, 4084
123.641905069, 4086
123.665881157, 4088
123.711897135, 4090
123.73747015, 4092
123.786077023, 4094
123.810693979, 4096
123.856408119, 4098
123.879956007, 4100
123.928128004, 4102
123.952629089, 4104
124.003409147, 4106
124.027055025, 4108
124.069946051, 4110
124.093302965, 4112
124.136516094, 4114
124.15999794, 4116
124.202527046, 4118
124.228433132, 4120
124.271367073, 4122
124.295429945, 4124
124.342086077, 4126
124.367321968, 4128
124.415153027, 4130
124.445225954, 4132
124.495329142, 4134
124.519250154, 4136
124.562986135, 4138
124.586648941, 4140
124.630095005, 4142
124.653553009, 4144
124.696793079, 4146
124.727164984, 4148
124.774075031, 4150
124.797709942, 4152
124.843364, 4154
124.872086048, 4156
124.930056095, 4158
124.957865, 4160
125.004395008, 4162
125.028434992, 4164
125.071731091, 4166
125.095607996, 4168
125.145460129, 4170
125.170264959, 4172
125.216331959, 4174
125.242141008, 4176
125.28562808, 4178
125.309672117, 4180
125.353490114, 4182
125.377517939, 4184
125.421539068, 4186
125.446673155, 4188
125.490052938, 4190
125.513684034, 4192
125.562022924, 4194
125.58673501, 4196
125.634060144, 4198
125.660000086, 4200
125.704841137, 4202
125.728338003, 4204
125.774203062, 4206
125.79756093, 4208
125.842088938, 4210
125.865541935, 4212
125.909099102, 4214
125.935271025, 4216
125.977627993, 4218
126.00158, 4220
126.049657106, 4222
126.084708929, 4224
126.141247034, 4226
126.167673111, 4228
126.218366146, 4230
126.242053986, 4232
126.284687996, 4234
126.308568954, 4236
126.351022959, 4238
126.379477024, 4240
126.434004068, 4242
126.458586931, 4244
126.507311106, 4246
126.530727148, 4248
126.573998928, 4250
126.597257137, 4252
126.640017033, 4254
126.663414001, 4256
126.717236996, 4258
126.740957022, 4260
126.783725977, 4262
126.807528019, 4264
126.857633114, 4266
126.882349968, 4268
126.92916894, 4270
126.954455137, 4272
127.000496149, 4274
127.02936697, 4276
127.075088024, 4278
127.099553108, 4280
127.142256021, 4282
127.165678978, 4284
127.208641052, 4286
127.231745005, 4288
127.277656078, 4290
127.302525997, 4292
127.347402096, 4294
127.372810125, 4296
127.429866076, 4298
127.461292028, 4300
127.513222933, 4302
127.536941051, 4304
127.580126047, 4306
127.605212927, 4308
127.648316145, 4310
127.671797037, 4312
127.714422941, 4314
127.738389015, 4316
127.781193018, 4318
127.805016041, 4320
127.848155975, 4322
127.87123394, 4324
127.918169975, 4326
127.941555977, 4328
127.965357065, 4330
128.007341146, 4332
128.030136108, 4334
128.073276997, 4336
128.096596956, 4338
128.138756037, 4340
128.161895037, 4342
128.20519495, 4344
128.229682922, 4346
128.274047136, 4348
128.299764156, 4350
128.349161148, 4352
128.374477148, 4354
128.421919107, 4356
128.446439028, 4358
128.491567135, 4360
128.516677141, 4362
128.561594963, 4364
128.584736109, 4366
128.626559973, 4368
128.649610996, 4370
128.692237139, 4372
128.715530157, 4374
128.758495092, 4376
128.781749964, 4378
128.825524092, 4380
128.848504066, 4382
128.871633053, 4384
128.914265156, 4386
128.941656113, 4388
128.985316992, 4390
129.008507013, 4392
129.054875135, 4394
129.078271151, 4396
129.121341944, 4398
129.148345947, 4400
129.194550991, 4402
129.218012094, 4404
129.260905027, 4406
129.284026146, 4408
129.328412056, 4410
129.351516008, 4412
129.394539118, 4414
129.424550056, 4416
129.47469306, 4418
129.499239922, 4420
129.549577951, 4422
129.574576139, 4424
129.624031067, 4426
129.648133993, 4428
129.697649956, 4430
129.723412037, 4432
129.773177147, 4434
129.801469088, 4436
129.829654932, 4438
129.881298065, 4440
129.908461094, 4442
129.958260059, 4444
129.982790947, 4446
130.032375097, 4448
130.058202982, 4450
130.101745129, 4452
130.125465155, 4454
130.171277046, 4456
130.194900036, 4458
130.242241144, 4460
130.265533924, 4462
130.312027931, 4464
130.339199066, 4466
130.421549082, 4468
130.522190094, 4470
130.706161976, 4472
130.808020115, 4474
130.983031988, 4476
131.082931042, 4478
131.260182142, 4480
131.35838604, 4482
131.535501957, 4484
131.635038137, 4486
131.814940929, 4488
131.913820982, 4490
132.012979031, 4492
132.185624123, 4494
132.283815145, 4496
132.455601931, 4498
132.55688405, 4500
132.735597134, 4502
132.83535409, 4504
133.014466047, 4506
133.113323927, 4508
133.287415981, 4510
133.386569023, 4512
133.562794924, 4514
133.660974026, 4516
133.832370043, 4518
133.933380127, 4520
134.106629133, 4522
134.204775095, 4524
134.379169941, 4526
134.476938963, 4528
134.52811408, 4530
134.551002979, 4532
134.593585014, 4534
134.616692066, 4536
134.659281969, 4538
134.687288046, 4540
134.738100052, 4542
134.761314154, 4544
134.784460068, 4546
134.826326132, 4548
134.849381924, 4550
134.891976118, 4552
134.915095091, 4554
134.957636118, 4556
134.985690117, 4558
135.039685965, 4560
135.065787077, 4562
135.116369963, 4564
135.138966084, 4566
135.184024096, 4568
135.21213913, 4570
135.254243135, 4572
135.27860713, 4574
135.320707083, 4576
135.34376812, 4578
135.386373043, 4580
135.409425974, 4582
135.451416969, 4584
135.474033117, 4586
135.516210079, 4588
135.545814037, 4590
135.600470066, 4592
135.624099016, 4594
135.647221088, 4596
135.688861132, 4598
135.711353064, 4600
135.752850056, 4602
135.775614023, 4604
135.817275047, 4606
135.840152979, 4608
135.882261992, 4610
135.908968925, 4612
135.961471081, 4614
135.99080801, 4616
136.042920113, 4618
136.065511942, 4620
136.109158993, 4622
136.132871151, 4624
136.179082155, 4626
136.207088947, 4628
136.249628067, 4630
136.27226615, 4632
136.313924074, 4634
136.336632013, 4636
136.382476091, 4638
136.405672073, 4640
136.447886944, 4642
136.471199036, 4644
136.515546083, 4646
136.538118124, 4648
136.560589075, 4650
136.603024006, 4652
136.627259016, 4654
136.669048071, 4656
136.692173958, 4658
136.734553099, 4660
136.757586002, 4662
136.799286127, 4664
136.822780132, 4666
136.864591122, 4668
136.88737607, 4670
136.931801081, 4672
136.954564095, 4674
136.999863148, 4676
137.022609949, 4678
137.063977957, 4680
137.086365938, 4682
137.129405975, 4684
137.151991129, 4686
137.193347931, 4688
137.215870142, 4690
137.257534027, 4692
137.280488014, 4694
137.322587013, 4696
137.345719099, 4698
137.388803959, 4700
137.411540031, 4702
137.435390949, 4704
137.476979971, 4706
137.499629974, 4708
137.541290045, 4710
137.564044952, 4712
137.605888128, 4714
137.628407955, 4716
137.670252085, 4718
137.693006992, 4720
137.736670017, 4722
137.760491133, 4724
137.807760954, 4726
137.831233025, 4728
137.877120972, 4730
137.901272058, 4732
137.945801973, 4734
137.968122959, 4736
138.010815144, 4738
138.033468008, 4740
138.076990128, 4742
138.099698067, 4744
138.14250493, 4746
138.164534092, 4748
138.208491087, 4750
138.23081398, 4752
138.259904146, 4754
138.3079741, 4756
138.33050704, 4758
138.372281075, 4760
138.394873142, 4762
138.436655045, 4764
138.459192991, 4766
138.500432968, 4768
138.522496939, 4770
138.563503027, 4772
138.585818052, 4774
138.634830952, 4776
138.66259408, 4778
138.68580699, 4780
138.727447033, 4782
138.750272989, 4784
138.791419029, 4786
138.813456059, 4788
138.85500598, 4790
138.880259037, 4792
138.924714088, 4794
138.950322151, 4796
138.99348402, 4798
139.015655994, 4800
139.05665803, 4802
139.078624964, 4804
139.120059967, 4806
139.142392159, 4808
139.164489031, 4810
139.205330133, 4812
139.227411032, 4814
139.269843102, 4816
139.291944981, 4818
139.333068132, 4820
139.355556011, 4822
139.397977114, 4824
139.419719934, 4826
139.460794926, 4828
139.482746124, 4830
139.52381897, 4832
139.546072006, 4834
139.588614941, 4836
139.611320019, 4838
139.633132935, 4840
139.674329996, 4842
139.69650507, 4844
139.737390041, 4846
139.759485006, 4848
139.80033493, 4850
139.822510004, 4852
139.864772081, 4854
139.88886404, 4856
139.931097984, 4858
139.953451157, 4860
139.994678974, 4862
140.016911983, 4864
140.058398008, 4866
140.080832958, 4868
140.103021145, 4870
140.144115925, 4872
140.166650057, 4874
140.208845139, 4876
140.231014967, 4878
140.272486925, 4880
140.294602156, 4882
140.337291956, 4884
140.359637022, 4886
140.403811932, 4888
140.426315069, 4890
140.468950987, 4892
140.490972996, 4894
140.533796072, 4896
140.555602074, 4898
140.577841997, 4900
140.624185085, 4902
140.646341085, 4904
140.68937397, 4906
140.711265087, 4908
140.753850937, 4910
140.775642157, 4912
140.818091154, 4914
140.840449095, 4916
140.890573978, 4918
140.912925959, 4920
140.954226017, 4922
140.97636199, 4924
141.017424107, 4926
141.039142132, 4928
141.061305046, 4930
141.10206008, 4932
141.125963926, 4934
141.166698933, 4936
141.188632965, 4938
141.229666948, 4940
141.251403093, 4942
141.295238972, 4944
141.317636013, 4946
141.358725071, 4948
141.380913019, 4950
141.42829299, 4952
141.450509071, 4954
141.491822004, 4956
141.513951063, 4958
141.53538394, 4960
141.576111078, 4962
141.597831964, 4964
141.638931036, 4966
141.66111207, 4968
141.702309132, 4970
141.727955103, 4972
141.773159981, 4974
141.797539949, 4976
141.838742971, 4978
141.860770941, 4980
141.902024984, 4982
141.924884081, 4984
141.972746134, 4986
141.996999025, 4988
142.019698143, 4990
142.064491034, 4992
142.087634087, 4994
142.131320953, 4996
142.153931141, 4998
142.197734118, 5000
142.22041893, 5002
142.263427973, 5004
142.28623414, 5006
142.33000803, 5008
142.35522294, 5010
142.399753094, 5012
142.426283121, 5014
142.468706131, 5016
142.490745068, 5018
142.51276803, 5020
142.558208942, 5022
142.581640959, 5024
142.625956059, 5026
142.650563002, 5028
142.69492507, 5030
142.717790127, 5032
142.758316994, 5034
142.779999971, 5036
142.820151091, 5038
142.842139959, 5040
142.882848024, 5042
142.905424118, 5044
142.931506157, 5046
142.976989031, 5048
143.000002146, 5050
143.043198109, 5052
143.065496922, 5054
143.109092951, 5056
143.131746054, 5058
143.175467014, 5060
143.198229074, 5062
143.241364956, 5064
143.264701128, 5066
143.314290047, 5068
143.336046934, 5070
143.378754139, 5072
143.400630951, 5074
143.422161102, 5076
143.462754965, 5078
143.484389067, 5080
143.524590015, 5082
143.546056032, 5084
143.587794065, 5086
143.609969139, 5088
143.657516003, 5090
143.680344105, 5092
143.723215103, 5094
143.745824099, 5096
143.789078951, 5098
143.811579943, 5100
143.855311155, 5102
143.88064599, 5104
143.903496981, 5106
143.944190979, 5108
143.96609211, 5110
144.007149935, 5112
144.02867198, 5114
144.069133997, 5116
144.090981007, 5118
144.132916927, 5120
144.154696941, 5122
144.195837975, 5124
144.217561007, 5126
144.257961035, 5128
144.279828072, 5130
144.320225954, 5132
144.342158079, 5134
144.364314079, 5136
144.40477705, 5138
144.426691055, 5140
144.467174053, 5142
144.489637136, 5144
144.530125141, 5146
144.552314997, 5148
144.599826097, 5150
144.622564077, 5152
144.665291071, 5154
144.687332153, 5156
144.728603125, 5158
144.750020027, 5160
144.790383101, 5162
144.812904119, 5164
144.834676981, 5166
144.874722004, 5168
144.90021801, 5170
144.947189093, 5172
144.968765974, 5174
145.009432077, 5176
145.030936003, 5178
145.070632935, 5180
145.092496157, 5182
145.142611027, 5184
145.166144133, 5186
145.215611935, 5188
145.240360975, 5190
145.28678894, 5192
145.309314966, 5194
145.331180096, 5196
145.373471975, 5198
145.39511013, 5200
145.446077108, 5202
145.467782021, 5204
145.510251045, 5206
145.531679153, 5208
145.573253155, 5210
145.595005989, 5212
145.636734009, 5214
145.662721157, 5216
145.703686953, 5218
145.726205111, 5220
145.747518063, 5222
145.876603127, 5224
145.969339132, 5226
146.135746002, 5228
146.22845602, 5230
146.399907112, 5232
146.493011951, 5234
146.660671949, 5236
146.752239943, 5238
146.918740988, 5240
147.010684967, 5242
147.102622032, 5244
147.268269062, 5246
147.364931107, 5248
147.53205204, 5250
147.624422073, 5252
147.788407087, 5254
147.881224155, 5256
148.048519135, 5258
148.141384125, 5260
148.234529018, 5262
148.398448944, 5264
148.492536068, 5266
148.66151309, 5268
148.753922939, 5270
148.922235966, 5272
149.015316963, 5274
149.180340052, 5276
149.272568941, 5278
149.439644098, 5280
149.532120943, 5282
149.62419796, 5284
149.790581942, 5286
149.869421959, 5288
149.919866085, 5290
149.941570044, 5292
149.981884956, 5294
150.003144026, 5296
150.043946028, 5298
150.065212965, 5300
150.105812073, 5302
150.127918959, 5304
150.149373055, 5306
150.189257145, 5308
150.210750103, 5310
150.251563072, 5312
150.273287058, 5314
150.31299901, 5316
150.335014105, 5318
150.375838995, 5320
150.401050091, 5322
150.424327135, 5324
150.467180967, 5326
150.489824057, 5328
150.535840988, 5330
150.558393002, 5332
150.601918936, 5334
150.624141932, 5336
150.665949106, 5338
150.692742109, 5340
150.736495972, 5342
150.758103132, 5344
150.779520988, 5346
150.819180965, 5348
150.840306044, 5350
150.880607128, 5352
150.904062986, 5354
150.945661068, 5356
150.967143059, 5358
151.007297993, 5360
151.028614998, 5362
151.069607019, 5364
151.091160059, 5366
151.112774134, 5368
151.152626038, 5370
151.17376709, 5372
151.213994026, 5374
151.235099077, 5376
151.280689955, 5378
151.302294016, 5380
151.34266305, 5382
151.364248037, 5384
151.385789156, 5386
151.425848007, 5388
151.447108984, 5390
151.487590075, 5392
151.509400129, 5394
151.549158096, 5396
151.571165085, 5398
151.611155033, 5400
151.63259697, 5402
151.673180103, 5404
151.694510937, 5406
151.716211081, 5408
151.756036043, 5410
151.777096033, 5412
151.817325115, 5414
151.838453054, 5416
151.878909111, 5418
151.901132107, 5420
151.941249132, 5422
151.962178946, 5424
151.983057976, 5426
152.022407055, 5428
152.043370008, 5430
152.082935095, 5432
152.103888988, 5434
152.143815994, 5436
152.164999008, 5438
152.205897093, 5440
152.227055073, 5442
152.26702404, 5444
152.288768053, 5446
152.310328007, 5448
152.353259087, 5450
152.374258041, 5452
152.419142962, 5454
152.440361023, 5456
152.481734991, 5458
152.503662109, 5460
152.546517134, 5462
152.567945004, 5464
152.608438015, 5466
152.629909039, 5468
152.65130806, 5470
152.691674948, 5472
152.713312149, 5474
152.753808022, 5476
152.774986982, 5478
152.815587997, 5480
152.836570978, 5482
152.876600027, 5484
152.89855814, 5486
152.91949296, 5488
152.95904398, 5490
152.980231047, 5492
153.019943953, 5494
153.040948153, 5496
153.081961155, 5498
153.104218006, 5500
153.144030094, 5502
153.164772987, 5504
153.204487085, 5506
153.225552082, 5508
153.246431112, 5510
153.285834074, 5512
153.306641102, 5514
153.346531153, 5516
153.367624998, 5518
153.408599138, 5520
153.430042028, 5522
153.470350981, 5524
153.491999149, 5526
153.51372695, 5528
153.553143978, 5530
153.574162006, 5532
153.614401102, 5534
153.635543108, 5536
153.67573595, 5538
153.696646929, 5540
153.739588976, 5542
153.761641979, 5544
153.808238029, 5546
153.830642939, 5548
153.852628946, 5550
153.89598608, 5552
153.920096159, 5554
153.965568066, 5556
153.987831116, 5558
154.03225112, 5560
154.053512096, 5562
154.093043089, 5564
154.114151955, 5566
154.153963089, 5568
154.175034046, 5570
154.196033955, 5572
154.235574007, 5574
154.256668091, 5576
154.306034088, 5578
154.329628944, 5580
154.371891022, 5582
154.393545151, 5584
154.436120033, 5586
154.462633133, 5588
154.48496294, 5590
154.527133942, 5592
154.548824072, 5594
154.59088397, 5596
154.612043142, 5598
154.652383089, 5600
154.67336607, 5602
154.712851048, 5604
154.734149933, 5606
154.774338961, 5608
154.795063972, 5610
154.815720081, 5612
154.855031967, 5614
154.875934124, 5616
154.916203976, 5618
154.938485146, 5620
154.977869987, 5622
154.998764038, 5624
155.038236141, 5626
155.059306145, 5628
155.100165129, 5630
155.121206045, 5632
155.142378092, 5634
155.181977034, 5636
155.204535961, 5638
155.247195959, 5640
155.268494129, 5642
155.307767153, 5644
155.3289361, 5646
155.369450092, 5648
155.390500069, 5650
155.411679029, 5652
155.451508999, 5654
155.47231102, 5656
155.512207985, 5658
155.533329964, 5660
155.573059082, 5662
155.593747139, 5664
155.633453131, 5666
155.654459, 5668
155.694267035, 5670
155.71508193, 5672
155.736087084, 5674
155.775587082, 5676
155.796517134, 5678
155.836120129, 5680
155.85917902, 5682
155.902137995, 5684
155.924582005, 5686
155.964234114, 5688
155.985023975, 5690
156.005699158, 5692
156.044721127, 5694
156.066205978, 5696
156.105522156, 5698
156.126599073, 5700
156.167214155, 5702
156.18799901, 5704
156.227134943, 5706
156.248193026, 5708
156.288286924, 5710
156.309633017, 5712
156.33077693, 5714
156.37123394, 5716
156.392007113, 5718
156.431622028, 5720
156.452389002, 5722
156.491873026, 5724
156.513409138, 5726
156.552526951, 5728
156.573259115, 5730
156.612880945, 5732
156.633708, 5734
156.654597044, 5736
156.694225073, 5738
156.715312958, 5740
156.755280018, 5742
156.777209044, 5744
156.816781044, 5746
156.837684155, 5748
156.877151966, 5750
156.899184942, 5752
156.920364141, 5754
156.960139036, 5756
156.981130123, 5758
157.022331953, 5760
157.043184042, 5762
157.085180044, 5764
157.10623908, 5766
157.14578104, 5768
157.166404963, 5770
157.20581913, 5772
157.226853132, 5774
157.24754405, 5776
157.287405968, 5778
157.308622122, 5780
157.348727942, 5782
157.370455027, 5784
157.410388947, 5786
157.431153059, 5788
157.470863104, 5790
157.491892099, 5792
157.513117075, 5794
157.551638126, 5796
157.572194099, 5798
157.611297131, 5800
157.631978035, 5802
157.671551943, 5804
157.692296982, 5806
157.732082129, 5808
157.752970934, 5810
157.792832136, 5812
157.813698053, 5814
157.838935137, 5816
157.883198977, 5818
157.905189991, 5820
157.944749117, 5822
157.965570927, 5824
158.005690098, 5826
158.028208971, 5828
158.069985151, 5830
158.095140934, 5832
158.138139963, 5834
158.160248995, 5836
158.181875944, 5838
158.223868132, 5840
158.245418072, 5842
158.288218975, 5844
158.310487032, 5846
158.350716114, 5848
158.37187314, 5850
158.411190033, 5852
158.432127953, 5854
158.453148127, 5856
158.492141962, 5858
158.513288975, 5860
158.552412033, 5862
158.573120117, 5864
158.618305922, 5866
158.640583992, 5868
158.682698965, 5870
158.704188108, 5872
158.744061947, 5874
158.764681101, 5876
158.785073042, 5878
158.824069023, 5880
158.844509125, 5882
158.883768082, 5884
158.905812025, 5886
158.94667697, 5888
158.967355967, 5890
159.014181137, 5892
159.036208153, 5894
159.077763081, 5896
159.098818064, 5898
159.119599104, 5900
159.159143925, 5902
159.179562092, 5904
159.226510048, 5906
159.250015974, 5908
159.290266037, 5910
159.310876131, 5912
159.35017705, 5914
159.371708155, 5916
159.392411947, 5918
159.43150115, 5920
159.455353975, 5922
159.496479034, 5924
159.517066002, 5926
159.557692051, 5928
159.578319073, 5930
159.59872508, 5932
159.639110088, 5934
159.664415121, 5936
159.706931114, 5938
159.728605032, 5940
159.772417068, 5942
159.797531128, 5944
159.841942072, 5946
159.864331961, 5948
159.892696142, 5950
159.942054987, 5952
159.963948965, 5954
160.00513196, 5956
160.026631117, 5958
160.06646204, 5960
160.086883068, 5962
160.108483076, 5964
160.243700027, 5966
160.335355997, 5968
160.506438017, 5970
160.594824076, 5972
160.757488012, 5974
160.846266031, 5976
160.936242104, 5978
161.098786116, 5980
161.187194109, 5982
161.349801064, 5984
161.441060066, 5986
161.60138607, 5988
161.688122034, 5990
161.848623991, 5992
161.93700099, 5994
162.026243925, 5996
162.197365046, 5998
162.287879944, 6000
162.460351944, 6002
162.547794104, 6004
162.70887208, 6006
162.796196938, 6008
162.885497093, 6010
163.054979086, 6012
163.145878077, 6014
163.316334963, 6016
163.404513121, 6018
163.564779043, 6020
163.654495955, 6022
163.815617085, 6024
163.906203032, 6026
