0.00296187400818, 2
0.00546288490295, 4
0.00795292854309, 6
0.0104539394379, 8
0.0128169059753, 10
0.0152390003204, 12
0.0174050331116, 14
0.0195140838623, 16
0.0216829776764, 18
0.0237209796906, 20
0.0256969928741, 22
0.0276780128479, 24
0.0295519828796, 26
0.0314829349518, 28
0.0333390235901, 30
0.035089969635, 32
0.0368418693542, 34
0.0384640693665, 36
0.0400838851929, 38
0.0416400432587, 40
0.0433878898621, 42
0.0451409816742, 44
0.0468270778656, 46
0.048455953598, 48
0.0499069690704, 50
0.0513620376587, 52
0.052766084671, 54
0.0541620254517, 56
0.0554790496826, 58
0.0567510128021, 60
0.0580048561096, 62
0.0592160224915, 64
0.0604190826416, 66
0.0616600513458, 68
0.0628640651703, 70
0.0639960765839, 72
0.0651140213013, 74
0.0662188529968, 76
0.0673229694366, 78
0.0684230327606, 80
0.0694589614868, 82
0.0704660415649, 84
0.0714700222015, 86
0.0724649429321, 88
0.07342004776, 90
0.0743310451508, 92
0.0751969814301, 94
0.0760300159454, 96
0.076847076416, 98
0.0776219367981, 100
0.0783939361572, 102
0.0791130065918, 104
0.0797870159149, 106
0.0804469585419, 108
0.0811078548431, 110
0.0817239284515, 112
0.0822920799255, 114
0.0828619003296, 116
0.0834100246429, 118
0.0839469432831, 120
0.0844750404358, 122
0.0849800109863, 124
0.0854730606079, 126
0.0859930515289, 128
0.0864419937134, 130
0.0868818759918, 132
0.0873138904572, 134
0.0877270698547, 136
0.0881309509277, 138
0.0885109901428, 140
0.0888919830322, 142
0.0892519950867, 144
0.0895738601685, 146
0.089879989624, 148
0.0901758670807, 150
0.0904629230499, 152
0.0907170772552, 154
0.0909640789032, 156
0.0912048816681, 158
0.0914340019226, 160
0.091649055481, 162
0.0918638706207, 164
0.0920679569244, 166
0.0922639369965, 168
0.0924620628357, 170
0.0926570892334, 172
0.0928509235382, 174
0.0930390357971, 176
0.0932240486145, 178
0.0934090614319, 180
0.0935859680176, 182
0.0937600135803, 184
0.0939328670502, 186
