0.00385999679565, 2
0.00775790214539, 4
0.0114750862122, 6
0.0151090621948, 8
0.0187420845032, 10
0.031378030777, 12
0.0350370407104, 14
0.0391490459442, 16
0.0432379245758, 18
0.0469551086426, 20
0.0505700111389, 22
0.054291009903, 24
0.0578911304474, 26
0.0616049766541, 28
0.0651879310608, 30
0.0688169002533, 32
0.0723040103912, 34
0.075788974762, 36
0.0794160366058, 38
0.0829291343689, 40
0.0868010520935, 42
0.0910849571228, 44
0.09743309021, 46
0.10208106041, 48
0.106020927429, 50
0.109489917755, 52
0.112967014313, 54
0.116478919983, 56
0.119913101196, 58
0.123425960541, 60
0.12699007988, 62
0.130424022675, 64
0.133847951889, 66
0.14622092247, 68
0.149702072144, 70
0.153114080429, 72
0.156491041183, 74
0.159878969193, 76
0.163291931152, 78
0.166718959808, 80
0.170133113861, 82
0.173466920853, 84
0.176801919937, 86
0.180223941803, 88
0.183551073074, 90
0.186927080154, 92
0.190251111984, 94
0.193555116653, 96
0.196898937225, 98
0.20020699501, 100
0.20352101326, 102
0.206824064255, 104
0.210150957108, 106
0.213484048843, 108
0.216809034348, 110
0.220169067383, 112
0.223453998566, 114
0.22677898407, 116
0.230082035065, 118
0.233371973038, 120
0.236673116684, 122
0.239959001541, 124
0.243207931519, 126
0.246514081955, 128
0.249893903732, 130
0.253194093704, 132
0.265012025833, 134
0.268330097198, 136
0.271681070328, 138
0.275012969971, 140
0.278212070465, 142
0.281407117844, 144
0.284686088562, 146
0.287862062454, 148
0.291146993637, 150
0.294413089752, 152
0.297599077225, 154
0.300765037537, 156
0.30400800705, 158
0.307169914246, 160
0.310353040695, 162
0.313590049744, 164
0.316745042801, 166
0.319900989532, 168
0.323183059692, 170
0.3263630867, 172
0.32951593399, 174
0.332741975784, 176
0.335884094238, 178
0.339023113251, 180
0.342236995697, 182
0.345413923264, 184
0.348537921906, 186
0.351809024811, 188
0.355185031891, 190
0.359452009201, 192
0.362679004669, 194
0.365828037262, 196
0.368928909302, 198
0.3724360466, 200
0.384594917297, 202
0.387701034546, 204
0.390800952911, 206
0.394519090652, 208
0.398550987244, 210
0.402064085007, 212
0.405122995377, 214
0.408150911331, 216
0.411180973053, 218
0.41422700882, 220
0.41724896431, 222
0.422569036484, 224
0.426929950714, 226
0.430686950684, 228
0.433838129044, 230
0.436810016632, 232
0.439769029617, 234
0.442723989487, 236
0.445729017258, 238
0.449851036072, 240
0.454952001572, 242
0.458987951279, 244
0.462456941605, 246
0.46543097496, 248
0.468436002731, 250
0.471345901489, 252
0.47424197197, 254
0.477139949799, 256
0.48003911972, 258
0.48294210434, 260
0.485852003098, 262
0.488732099533, 264
0.491609096527, 266
0.494465112686, 268
0.497376918793, 270
0.500262975693, 272
0.503139019012, 274
0.50598192215, 276
0.508822917938, 278
0.511677980423, 280
0.514519929886, 282
0.525890111923, 284
0.528791904449, 286
0.531687021255, 288
0.534538030624, 290
0.53741312027, 292
0.540220022202, 294
0.543086051941, 296
0.545830011368, 298
0.54859495163, 300
0.551327943802, 302
0.554070949554, 304
0.556816101074, 306
0.559546947479, 308
0.562266111374, 310
0.56500005722, 312
0.567708015442, 314
0.570472955704, 316
0.573218107224, 318
0.575912952423, 320
0.578597068787, 322
0.581281900406, 324
0.583957910538, 326
0.586627960205, 328
0.589298963547, 330
0.591995954514, 332
0.594662904739, 334
0.597368001938, 336
0.600027084351, 338
0.602808952332, 340
0.60546207428, 342
0.608135938644, 344
0.610788106918, 346
0.613418102264, 348
0.61604809761, 350
0.618683099747, 352
0.621354103088, 354
0.624323129654, 356
0.626965045929, 358
0.629585027695, 360
0.63220000267, 362
0.634812116623, 364
0.637428998947, 366
0.640038013458, 368
0.642688035965, 370
0.645275115967, 372
0.647861003876, 374
0.650439977646, 376
0.653021097183, 378
0.655601024628, 380
0.658180952072, 382
0.660769939423, 384
0.663343906403, 386
0.665905952454, 388
0.668463945389, 390
0.671082019806, 392
0.67364192009, 394
0.676198959351, 396
0.680068969727, 398
0.684479951859, 400
0.688066005707, 402
0.691203117371, 404
0.69392991066, 406
0.696527004242, 408
0.699193954468, 410
0.702203035355, 412
0.70525097847, 414
0.707828998566, 416
0.718814134598, 418
0.721411943436, 420
0.723951101303, 422
0.726491928101, 424
0.729027032852, 426
0.731593132019, 428
0.734134912491, 430
0.736659049988, 432
0.739187002182, 434
0.741703987122, 436
0.744214057922, 438
0.746766090393, 440
0.749306917191, 442
0.751800060272, 444
0.754292964935, 446
0.756782054901, 448
0.759283065796, 450
0.761780023575, 452
0.764275074005, 454
0.76680803299, 456
0.769294023514, 458
0.771775960922, 460
0.774255037308, 462
0.776735067368, 464
0.779218912125, 466
0.781697034836, 468
0.784188985825, 470
0.786669015884, 472
0.789149999619, 474
0.791696071625, 476
0.794166088104, 478
0.796736001968, 480
0.799200057983, 482
0.801672935486, 484
0.80411696434, 486
0.806562900543, 488
0.809036016464, 490
0.81147313118, 492
0.813901901245, 494
0.816332101822, 496
0.818783998489, 498
0.82132601738, 500
0.823759078979, 502
0.826179027557, 504
0.82859992981, 506
0.83101606369, 508
0.833426952362, 510
0.835838079453, 512
0.838279008865, 514
0.840687990189, 516
0.843097925186, 518
0.845551013947, 520
0.84795999527, 522
0.850368976593, 524
0.852780103683, 526
0.8552339077, 528
0.857630968094, 530
0.860028028488, 532
0.862426996231, 534
0.864821910858, 536
0.86722111702, 538
0.869616985321, 540
0.872055053711, 542
0.874536037445, 544
0.876928091049, 546
0.879316091537, 548
0.890280008316, 550
0.892738103867, 552
0.895153045654, 554
0.897568941116, 556
0.899981975555, 558
0.902396917343, 560
0.904861927032, 562
0.907253026962, 564
0.90966296196, 566
0.912030935287, 568
0.914401054382, 570
0.916795969009, 572
0.919137001038, 574
0.921513080597, 576
0.923844099045, 578
0.926221132278, 580
0.928553104401, 582
0.930639982224, 584
0.932728052139, 586
0.934808015823, 588
0.936881065369, 590
0.938990116119, 592
0.941056013107, 594
0.943114995956, 596
0.945218086243, 598
0.947277069092, 600
0.949336051941, 602
0.95139503479, 604
0.953445911407, 606
0.955497980118, 608
0.957536935806, 610
0.959592103958, 612
0.961650133133, 614
0.963700056076, 616
0.965744972229, 618
0.967790126801, 620
0.969830036163, 622
0.971940040588, 624
0.973967075348, 626
0.976001977921, 628
0.978035926819, 630
0.9800760746, 632
0.982075929642, 634
0.984071969986, 636
0.986069917679, 638
0.988065958023, 640
0.990224123001, 642
0.992218017578, 644
0.994204044342, 646
0.996182918549, 648
0.998184919357, 650
1.00016498566, 652
1.00215411186, 654
1.0041270256, 656
1.00610208511, 658
1.00812911987, 660
1.01008605957, 662
1.01203894615, 664
1.01399207115, 666
1.01595902443, 668
1.01791095734, 670
1.01985192299, 672
1.02183699608, 674
1.02377796173, 676
1.02571797371, 678
1.02765798569, 680
1.02959489822, 682
1.03152894974, 684
1.03348708153, 686
1.03541707993, 688
1.03753590584, 690
1.03976607323, 692
1.04191207886, 694
1.04385900497, 696
1.04578709602, 698
1.04768705368, 700
1.04962801933, 702
1.05152702332, 704
1.05342292786, 706
1.05536413193, 708
1.05725693703, 710
1.05914497375, 712
1.06106710434, 714
1.06295108795, 716
1.06482410431, 718
1.06668400764, 720
1.06857895851, 722
1.07041501999, 724
1.07229709625, 726
1.07412695885, 728
1.07595300674, 730
1.07777810097, 732
1.07959604263, 734
1.08141207695, 736
1.08322906494, 738
1.08506298065, 740
1.08687901497, 742
1.08868312836, 744
1.09048604965, 746
1.09229397774, 748
1.09409499168, 750
1.09593701363, 752
1.09772610664, 754
1.09950995445, 756
1.10129594803, 758
1.1030960083, 760
1.10487890244, 762
1.10666298866, 764
1.10843801498, 766
1.11020898819, 768
1.11197495461, 770
1.11373901367, 772
1.11550092697, 774
1.11727404594, 776
1.11903691292, 778
1.12082290649, 780
1.12253904343, 782
1.12425398827, 784
1.1259701252, 786
1.12767696381, 788
1.12938809395, 790
1.13108897209, 792
1.13279008865, 794
1.13448691368, 796
1.1361849308, 798
1.13790011406, 800
1.13959503174, 802
1.14128303528, 804
1.14297389984, 806
1.14465808868, 808
1.1463830471, 810
1.14806294441, 812
1.14974594116, 814
1.15141797066, 816
1.15308094025, 818
1.15476989746, 820
1.15647506714, 822
1.15813302994, 824
1.15978908539, 826
1.16144490242, 828
1.16309905052, 830
1.16475009918, 832
1.1663980484, 834
1.16805195808, 836
1.16969394684, 838
1.17138195038, 840
1.17301797867, 842
1.17467093468, 844
1.17630290985, 846
1.17793393135, 848
1.17965197563, 850
1.18128204346, 852
1.18291306496, 854
1.18453407288, 856
1.18614602089, 858
1.18775701523, 860
1.18936991692, 862
1.19103097916, 864
1.19263792038, 866
1.19425392151, 868
1.19587802887, 870
1.19749808311, 872
1.19913005829, 874
1.20073199272, 876
1.20233106613, 878
1.20392298698, 880
1.20551204681, 882
1.20710396767, 884
1.20871591568, 886
1.21030807495, 888
1.21189713478, 890
1.2134680748, 892
1.21502900124, 894
1.21657991409, 896
1.21813011169, 898
1.21967411041, 900
1.2212600708, 902
1.22280311584, 904
1.2243449688, 906
1.2258810997, 908
1.22746109962, 910
1.22899603844, 912
1.23053812981, 914
1.23206496239, 916
1.23358106613, 918
1.23508691788, 920
1.23658299446, 922
1.23808002472, 924
1.23959207535, 926
1.24109697342, 928
1.24258112907, 930
1.24410700798, 932
1.24558901787, 934
1.24707913399, 936
1.24857902527, 938
1.25007796288, 940
1.25157213211, 942
1.2530670166, 944
1.25458097458, 946
1.25605511665, 948
1.25751805305, 950
1.25899195671, 952
1.26044797897, 954
1.26191401482, 956
1.26334691048, 958
1.26478099823, 960
1.26620697975, 962
1.2676320076, 964
1.26905798912, 966
1.27052593231, 968
1.27194905281, 970
1.27337312698, 972
1.27479410172, 974
1.27621507645, 976
1.27763199806, 978
1.27905297279, 980
1.28048300743, 982
1.28189492226, 984
1.28330397606, 986
1.2847070694, 988
1.28610992432, 990
1.28750896454, 992
1.28891205788, 994
1.29030895233, 996
1.29170203209, 998
1.29309606552, 1000
1.29448795319, 1002
1.29592299461, 1004
1.29736590385, 1006
1.29878902435, 1008
1.30017709732, 1010
1.30156707764, 1012
1.30295109749, 1014
1.30435395241, 1016
1.30573511124, 1018
1.307117939, 1020
1.30849790573, 1022
1.30987501144, 1024
1.31125402451, 1026
1.3126950264, 1028
1.31410098076, 1030
1.31568002701, 1032
1.31717896461, 1034
1.31869506836, 1036
1.32011198997, 1038
1.32165908813, 1040
1.32304811478, 1042
1.32440900803, 1044
1.325756073, 1046
1.32710194588, 1048
1.3284509182, 1050
1.32979297638, 1052
1.33113908768, 1054
1.33252310753, 1056
1.33385491371, 1058
1.33518695831, 1060
1.3365149498, 1062
1.33796310425, 1064
1.33944392204, 1066
1.34077501297, 1068
1.34209394455, 1070
1.34341192245, 1072
1.34477591515, 1074
1.3460919857, 1076
1.34740900993, 1078
1.34872198105, 1080
1.350055933, 1082
1.3513610363, 1084
1.35266494751, 1086
1.35396790504, 1088
1.35528302193, 1090
1.35662603378, 1092
1.35796689987, 1094
1.35926795006, 1096
1.36056494713, 1098
1.36186504364, 1100
1.36315512657, 1102
1.36444592476, 1104
1.36577606201, 1106
1.36705613136, 1108
1.36837100983, 1110
1.36964392662, 1112
1.37091708183, 1114
1.37221598625, 1116
1.37348413467, 1118
1.37472510338, 1120
1.37594103813, 1122
1.37713909149, 1124
1.37831902504, 1126
1.37948513031, 1128
1.38063812256, 1130
1.38178300858, 1132
1.38292598724, 1134
1.38407301903, 1136
1.38522291183, 1138
1.38638710976, 1140
1.38752508163, 1142
1.38866090775, 1144
1.38979196548, 1146
1.39091992378, 1148
1.39204597473, 1150
1.39317393303, 1152
1.39429998398, 1154
1.39546394348, 1156
1.39658212662, 1158
1.39771294594, 1160
1.39883708954, 1162
1.3999581337, 1164
1.40108299255, 1166
1.40219712257, 1168
1.40332102776, 1170
1.40441799164, 1172
1.4055120945, 1174
1.40660095215, 1176
1.40768790245, 1178
1.40877509117, 1180
1.4098610878, 1182
1.41094613075, 1184
1.41203093529, 1186
1.41311311722, 1188
1.41420102119, 1190
1.41529202461, 1192
1.41637396812, 1194
1.41745591164, 1196
1.41885495186, 1198
1.42005109787, 1200
1.42187905312, 1202
1.42352294922, 1204
1.42514610291, 1206
1.42660713196, 1208
1.42803502083, 1210
1.42935705185, 1212
1.43062591553, 1214
1.43180799484, 1216
1.43291091919, 1218
1.43395495415, 1220
1.43499898911, 1222
1.43604207039, 1224
