0.231728076935, 2
0.413423061371, 4
0.633509159088, 6
0.809231996536, 8
0.996771097183, 10
1.22773313522, 12
1.40914702415, 14
1.58579611778, 16
1.82317399979, 18
2.00410604477, 20
2.19579696655, 22
2.42709803581, 24
2.61056113243, 26
2.79674601555, 28
3.02446103096, 30
3.21324110031, 32
3.39394116402, 34
3.62518596649, 36
3.80127596855, 38
3.99001812935, 40
4.23233318329, 42
4.41743302345, 44
4.60320115089, 46
4.83833003044, 48
5.01814103127, 50
5.25050711632, 52
5.43322896957, 54
5.65419006348, 56
5.84216403961, 58
6.02665901184, 60
6.29701399803, 62
6.50868916512, 64
6.74104809761, 66
6.99823117256, 68
7.23808717728, 70
7.43952012062, 72
7.63306212425, 74
7.86634898186, 76
8.05750918388, 78
8.24515414238, 80
8.48071718216, 82
8.66624498367, 84
8.89942908287, 86
9.08980107307, 88
9.32953906059, 90
9.50971508026, 92
9.6891040802, 94
9.92444109917, 96
10.1237821579, 98
10.3312110901, 100
10.6268510818, 102
10.8835761547, 104
11.0825681686, 106
11.2920739651, 108
11.5569901466, 110
11.7643051147, 112
11.9590451717, 114
12.2070720196, 116
12.4072990417, 118
12.6580920219, 120
12.853441, 122
13.1235420704, 124
13.3638951778, 126
13.5607161522, 128
13.8038840294, 130
13.998363018, 132
14.2362420559, 134
14.4246799946, 136
14.6176559925, 138
14.8651311398, 140
15.0579881668, 142
15.3024280071, 144
15.5021920204, 146
15.7516231537, 148
15.9511401653, 150
16.1413781643, 152
16.3835310936, 154
16.603331089, 156
16.8670611382, 158
17.061163187, 160
17.319010973, 162
17.5128700733, 164
17.7104091644, 166
17.9461779594, 168
18.1390330791, 170
18.38134408, 172
18.5744721889, 174
18.8096821308, 176
19.0036070347, 178
19.1889340878, 180
19.4370450974, 182
19.6258640289, 184
19.8639521599, 186
20.0653781891, 188
20.3132841587, 190
20.5139291286, 192
20.704818964, 194
20.9439041615, 196
21.1334409714, 198
21.3878371716, 200
21.5859200954, 202
21.836466074, 204
22.0292460918, 206
22.2193210125, 208
22.4591581821, 210
22.6495921612, 212
22.8843660355, 214
23.1323399544, 216
23.3310241699, 218
23.574999094, 220
23.7707390785, 222
24.0197319984, 224
24.2675089836, 226
24.4572150707, 228
24.6987810135, 230
24.9020471573, 232
25.1353890896, 234
25.3234770298, 236
25.573018074, 238
25.7664480209, 240
26.0190110207, 242
26.218072176, 244
26.4792711735, 246
26.6832201481, 248
26.9414291382, 250
27.21245718, 252
27.4107971191, 254
27.6525971889, 256
27.8525710106, 258
28.0941650867, 260
28.290954113, 262
28.5190880299, 264
28.7007040977, 266
28.9376621246, 268
29.1163260937, 270
29.3458170891, 272
29.5252051353, 274
29.7462370396, 276
29.9279789925, 278
30.1477870941, 280
30.3285040855, 282
30.5547420979, 284
30.7388191223, 286
30.9218151569, 288
31.1481070518, 290
31.3246650696, 292
31.5031840801, 294
31.7235291004, 296
31.9062180519, 298
32.1380770206, 300
32.3170151711, 302
32.5082011223, 304
32.7413301468, 306
32.9195680618, 308
33.1525080204, 310
33.3401191235, 312
33.5222091675, 314
33.7563300133, 316
33.943775177, 318
34.1315000057, 320
34.3669149876, 322
34.5403389931, 324
34.7600440979, 326
34.9455089569, 328
35.1323471069, 330
35.3686790466, 332
35.5549199581, 334
35.7826750278, 336
35.9592781067, 338
36.1429541111, 340
36.3759191036, 342
36.5651230812, 344
36.7367610931, 346
36.9599540234, 348
37.135447979, 350
37.3543710709, 352
37.5279681683, 354
37.7623560429, 356
37.986989975, 358
38.167468071, 360
38.3976101875, 362
38.5751621723, 364
38.8016860485, 366
39.0180051327, 368
39.1903870106, 370
39.4134860039, 372
39.5930900574, 374
39.8140211105, 376
40.0446851254, 378
40.2226991653, 380
40.452203989, 382
40.619505167, 384
40.8494660854, 386
41.0747041702, 388
41.2501690388, 390
41.4779040813, 392
41.6631500721, 394
41.8949379921, 396
42.1231989861, 398
42.2909760475, 400
42.5364220142, 402
42.7168631554, 404
42.9551100731, 406
43.182762146, 408
43.3634400368, 410
43.5983490944, 412
43.7806341648, 414
44.0186760426, 416
44.2436451912, 418
44.4282541275, 420
44.6464090347, 422
44.8217291832, 424
45.0518860817, 426
45.2341651917, 428
45.4681031704, 430
45.6468031406, 432
45.8708059788, 434
46.0482831001, 436
46.4987661839, 438
46.681843996, 440
46.9034690857, 442
47.0939660072, 444
47.3337349892, 446
47.5186829567, 448
47.7355501652, 450
47.9612221718, 452
48.1376791, 454
48.3548431396, 456
48.5346269608, 458
48.7701280117, 460
48.9475181103, 462
49.1721131802, 464
49.3467199802, 466
49.5765011311, 468
49.7634811401, 470
49.9840230942, 472
50.1823041439, 474
50.4446699619, 476
50.6511080265, 478
50.9050500393, 480
51.0903441906, 482
51.3276500702, 484
51.5135500431, 486
51.7586901188, 488
51.954447031, 490
52.2628359795, 492
52.474200964, 494
52.7085750103, 496
52.9005241394, 498
53.1432051659, 500
53.3307030201, 502
53.5813109875, 504
53.7626411915, 506
54.0006079674, 508
54.1862030029, 510
54.370647192, 512
54.6030261517, 514
54.788323164, 516
55.0302381516, 518
55.2259640694, 520
55.4661099911, 522
55.6576859951, 524
55.8413519859, 526
56.0789179802, 528
56.263808012, 530
56.5101699829, 532
56.7143890858, 534
56.9615061283, 536
57.1488730907, 538
57.3948020935, 540
57.5863871574, 542
57.7757949829, 544
58.0088560581, 546
58.2044401169, 548
58.4519150257, 550
58.6342930794, 552
58.8842439651, 554
59.0869140625, 556
59.3368041515, 558
59.5229110718, 560
59.7095561028, 562
59.9424421787, 564
60.1305360794, 566
60.3809950352, 568
60.5674700737, 570
60.8119950294, 572
61.0016541481, 574
61.1939280033, 576
61.4379861355, 578
61.6279821396, 580
61.8683969975, 582
62.0524880886, 584
62.2942330837, 586
62.4851059914, 588
62.6679601669, 590
62.9005820751, 592
63.0915570259, 594
63.288588047, 596
63.5207781792, 598
63.7025949955, 600
63.8840141296, 602
64.1113631725, 604
64.2901520729, 606
64.5444500446, 608
64.7283351421, 610
64.9062151909, 612
65.1358311176, 614
65.3070390224, 616
65.4790890217, 618
65.6915290356, 620
65.862087965, 622
66.0290510654, 624
66.2600531578, 626
66.4419400692, 628
66.6773090363, 630
66.8571960926, 632
67.0412750244, 634
67.2648630142, 636
67.45058918, 638
67.6385281086, 640
67.8731660843, 642
68.0561170578, 644
68.2413861752, 646
68.4741501808, 648
68.6590280533, 650
68.8396711349, 652
69.0718290806, 654
69.2525320053, 656
69.4789021015, 658
69.6574971676, 660
69.8263311386, 662
70.0654141903, 664
70.2410869598, 666
70.4201631546, 668
70.6480300426, 670
70.8361420631, 672
71.021392107, 674
71.2533509731, 676
71.4336149693, 678
71.6131100655, 680
71.8422110081, 682
72.0234820843, 684
72.2097661495, 686
72.4495611191, 688
72.6364569664, 690
72.8647391796, 692
73.0389990807, 694
73.2739710808, 696
73.4497580528, 698
73.6335630417, 700
73.8533730507, 702
74.0353879929, 704
74.2629921436, 706
74.438491106, 708
74.6708509922, 710
74.837980032, 712
75.068999052, 714
75.2462720871, 716
75.4829750061, 718
75.6665229797, 720
75.8496711254, 722
76.079447031, 724
76.2679870129, 726
76.4866030216, 728
76.6644070148, 730
76.8935079575, 732
77.0677909851, 734
77.2998991013, 736
77.4742720127, 738
77.7038440704, 740
77.88707304, 742
78.068087101, 744
78.2961030006, 746
78.4775750637, 748
78.7025849819, 750
78.8845570087, 752
79.1209721565, 754
79.2951040268, 756
79.4732141495, 758
79.7035341263, 760
79.881316185, 762
80.0608911514, 764
80.2923741341, 766
80.4617869854, 768
80.7012951374, 770
80.8668630123, 772
81.0576121807, 774
81.290304184, 776
81.4801540375, 778
81.7078390121, 780
81.8854990005, 782
82.0607521534, 784
82.2890269756, 786
82.467746973, 788
82.6404831409, 790
82.8637499809, 792
83.0389661789, 794
83.2650640011, 796
83.4423820972, 798
83.6187770367, 800
83.8336679935, 802
84.0087370872, 804
84.2292909622, 806
84.4055500031, 808
84.5823249817, 810
84.8000590801, 812
84.9617080688, 814
85.1435530186, 816
85.3641300201, 818
85.5464720726, 820
85.7169921398, 822
85.9454469681, 824
86.1234099865, 826
86.2991981506, 828
86.5126111507, 830
86.6932370663, 832
86.8726689816, 834
87.1422650814, 836
87.3231980801, 838
87.5060560703, 840
87.7224910259, 842
87.9374961853, 844
88.1188759804, 846
88.291011095, 848
88.5095300674, 850
88.6811320782, 852
88.8651220798, 854
89.0851590633, 856
89.2613999844, 858
89.498208046, 860
89.6731340885, 862
89.900329113, 864
90.065237999, 866
90.2493691444, 868
90.4788269997, 870
90.6502821445, 872
90.8250341415, 874
91.0438730717, 876
91.2710750103, 878
91.4554071426, 880
91.6271271706, 882
91.8628101349, 884
92.0445110798, 886
92.2201840878, 888
92.4392871857, 890
92.6171879768, 892
92.8472959995, 894
93.0379121304, 896
93.2553210258, 898
93.4283821583, 900
93.6048619747, 902
93.8341560364, 904
94.0114171505, 906
94.1905970573, 908
94.4215950966, 910
94.6565899849, 912
94.8355720043, 914
95.0078861713, 916
95.2247231007, 918
95.3987829685, 920
95.5764989853, 922
95.7996211052, 924
96.0192489624, 926
96.1862540245, 928
96.4174661636, 930
96.6476039886, 932
96.8226549625, 934
97.0411841869, 936
97.2918171883, 938
97.4860980511, 940
97.7186570168, 942
97.9476180077, 944
98.1719269753, 946
98.342728138, 948
98.5638329983, 950
98.7952561378, 952
98.9656000137, 954
99.1913461685, 956
99.4153549671, 958
99.6080231667, 960
99.8409941196, 962
100.083755016, 964
100.262494087, 966
100.489870071, 968
100.715389967, 970
100.942459106, 972
101.12016201, 974
101.345524073, 976
101.584340096, 978
101.782224178, 980
102.015351057, 982
102.251672029, 984
102.435284138, 986
102.695026159, 988
102.969936132, 990
103.153256178, 992
103.404855013, 994
103.669872046, 996
103.913037062, 998
104.10906601, 1000
104.363619089, 1002
104.612514019, 1004
104.807054043, 1006
105.066159964, 1008
105.316821098, 1010
105.522365093, 1012
105.772228956, 1014
106.008620977, 1016
106.238885164, 1018
106.423804045, 1020
106.663781166, 1022
106.83040905, 1024
107.044563055, 1026
107.226623058, 1028
107.456732035, 1030
107.651690006, 1032
107.901437998, 1034
108.103127956, 1036
108.362121105, 1038
108.606472969, 1040
108.796420097, 1042
109.062790155, 1044
109.256920099, 1046
109.518603086, 1048
109.70166111, 1050
109.978561163, 1052
110.172824144, 1054
110.405898094, 1056
110.591575146, 1058
110.819266081, 1060
110.991214037, 1062
111.209838152, 1064
111.433153152, 1066
111.602360964, 1068
111.81351018, 1070
111.979612112, 1072
112.197232008, 1074
112.373898983, 1076
112.58136797, 1078
112.75762105, 1080
112.973668098, 1082
113.149981976, 1084
113.365373135, 1086
113.541589975, 1088
113.760064125, 1090
113.982158184, 1092
114.164330006, 1094
114.386772156, 1096
114.556022167, 1098
114.795264006, 1100
114.972692966, 1102
115.143159151, 1104
115.382507086, 1106
115.56828618, 1108
115.808402061, 1110
115.975322962, 1112
116.15408802, 1114
116.376660109, 1116
116.54827404, 1118
116.764981985, 1120
116.936699152, 1122
117.118129015, 1124
117.339390039, 1126
117.511538982, 1128
117.684512138, 1130
117.914373159, 1132
118.083240986, 1134
118.319615126, 1136
118.493083, 1138
118.653110981, 1140
118.862890005, 1142
119.046674013, 1144
119.318686008, 1146
119.524631977, 1148
119.704560041, 1150
119.957645178, 1152
120.148504972, 1154
120.330420971, 1156
120.552126169, 1158
120.734461069, 1160
120.967161179, 1162
121.138749123, 1164
121.316475153, 1166
121.55882597, 1168
121.724284172, 1170
121.947424173, 1172
122.121663094, 1174
122.298593998, 1176
122.509001017, 1178
122.668956995, 1180
122.839003086, 1182
123.065925121, 1184
123.238509178, 1186
123.409365177, 1188
123.626103163, 1190
123.847383022, 1192
124.01328516, 1194
124.230262995, 1196
124.41999507, 1198
124.67435503, 1200
124.896414042, 1202
125.067481995, 1204
125.291344166, 1206
125.46184206, 1208
125.683094978, 1210
125.902156115, 1212
126.065021992, 1214
126.281008959, 1216
126.452898026, 1218
126.693006992, 1220
126.913952112, 1222
127.080420017, 1224
127.306894064, 1226
127.495452166, 1228
127.764907122, 1230
128.028241158, 1232
128.224141121, 1234
128.482259035, 1236
128.672028065, 1238
128.90258503, 1240
129.124783993, 1242
129.291640043, 1244
129.500451088, 1246
129.661412954, 1248
129.902304173, 1250
130.160822153, 1252
130.340172052, 1254
130.581626177, 1256
130.772015095, 1258
131.035660028, 1260
131.259550095, 1262
131.433336973, 1264
131.659625053, 1266
131.834815979, 1268
132.060469151, 1270
132.278906107, 1272
132.45212698, 1274
132.680049181, 1276
132.850222111, 1278
133.064360142, 1280
133.236123085, 1282
133.45865798, 1284
133.633509159, 1286
133.838657141, 1288
134.014467955, 1290
134.225030184, 1292
134.396012068, 1294
134.614781141, 1296
134.789469957, 1298
135.011419058, 1300
135.172917128, 1302
135.395534992, 1304
135.573398113, 1306
135.792976141, 1308
135.972452164, 1310
136.200230122, 1312
136.421774149, 1314
136.59465909, 1316
136.83186698, 1318
137.006570101, 1320
137.254765987, 1322
137.434777975, 1324
137.684767962, 1326
137.879916191, 1328
138.108566046, 1330
138.286710024, 1332
138.512277126, 1334
138.680863142, 1336
138.890186071, 1338
139.057243109, 1340
139.2802701, 1342
139.451388121, 1344
139.660554171, 1346
139.827685118, 1348
140.034967184, 1350
140.201279163, 1352
140.43268609, 1354
140.604016066, 1356
140.81317997, 1358
140.984189034, 1360
141.209563971, 1362
141.382266045, 1364
141.600671053, 1366
141.777913094, 1368
141.993409157, 1370
142.162227154, 1372
142.396689177, 1374
142.571084976, 1376
142.807587147, 1378
142.98687911, 1380
143.157958984, 1382
143.384963036, 1384
143.552455187, 1386
143.778733969, 1388
143.952039003, 1390
144.165184975, 1392
144.34119606, 1394
144.555129051, 1396
144.73319602, 1398
144.903194189, 1400
145.11226511, 1402
145.27741909, 1404
145.500177145, 1406
145.67571497, 1408
145.901484013, 1410
146.07032299, 1412
146.239987135, 1414
146.461889982, 1416
146.639266968, 1418
146.85541296, 1420
147.024487019, 1422
147.252146959, 1424
147.425872087, 1426
147.645534039, 1428
147.812409163, 1430
147.986832142, 1432
148.213682175, 1434
148.394080162, 1436
148.611083031, 1438
148.782176018, 1440
149.009104013, 1442
149.170247078, 1444
149.398018122, 1446
149.566766024, 1448
149.748393059, 1450
149.971825123, 1452
150.146320105, 1454
150.365751028, 1456
150.543066978, 1458
150.723486185, 1460
150.949930191, 1462
151.120872021, 1464
151.296472073, 1466
151.520215988, 1468
151.699299097, 1470
151.928977966, 1472
152.105820179, 1474
152.275405169, 1476
152.504819155, 1478
152.672492981, 1480
152.850965023, 1482
153.092472076, 1484
153.263399124, 1486
153.431532145, 1488
153.656785011, 1490
153.832560062, 1492
154.028217077, 1494
154.291515112, 1496
154.483059168, 1498
154.729017973, 1500
154.938446999, 1502
155.135913134, 1504
155.373600006, 1506
155.56481719, 1508
155.761162996, 1510
156.015738964, 1512
156.199310064, 1514
156.376672029, 1516
156.60928607, 1518
156.784973145, 1520
157.012549162, 1522
157.176937103, 1524
157.35040617, 1526
157.571124077, 1528
157.74390316, 1530
157.91950202, 1532
158.130882025, 1534
158.296635151, 1536
158.465175152, 1538
158.680135965, 1540
158.855236053, 1542
159.024279118, 1544
159.244742155, 1546
159.462618113, 1548
159.70689702, 1550
159.879605055, 1552
160.086228132, 1554
160.243520021, 1556
160.440682173, 1558
160.59822917, 1560
160.74963212, 1562
160.957900047, 1564
161.125583172, 1566
161.339229107, 1568
161.516870022, 1570
161.789292097, 1572
161.988415003, 1574
162.244165182, 1576
162.436738968, 1578
162.661157131, 1580
162.867441177, 1582
163.083410025, 1584
163.340382099, 1586
163.518257141, 1588
163.777737141, 1590
163.978619099, 1592
164.209773064, 1594
164.410776138, 1596
164.668578148, 1598
164.858669043, 1600
165.108160973, 1602
165.281111002, 1604
165.454750061, 1606
165.675336123, 1608
165.851130962, 1610
166.080698013, 1612
166.488072157, 1614
166.710391998, 1616
166.891774178, 1618
167.122112036, 1620
167.308231115, 1622
167.52562809, 1624
167.700047016, 1626
167.862965107, 1628
168.071509123, 1630
168.238548994, 1632
168.458525181, 1634
168.629884958, 1636
168.844223976, 1638
169.014517069, 1640
169.218173027, 1642
169.388182163, 1644
169.593577147, 1646
169.760565042, 1648
169.97209096, 1650
170.144524097, 1652
170.315752029, 1654
170.530312061, 1656
170.70016408, 1658
170.855895042, 1660
171.079082966, 1662
171.246984005, 1664
171.454235077, 1666
171.625445127, 1668
171.798886061, 1670
172.051723003, 1672
172.222403049, 1674
172.449434042, 1676
172.621057034, 1678
172.78156209, 1680
172.986835957, 1682
173.14853096, 1684
173.317480087, 1686
173.532567978, 1688
173.706571102, 1690
173.926795006, 1692
174.099701166, 1694
174.260759115, 1696
174.466065168, 1698
174.632192135, 1700
174.846042156, 1702
175.011836052, 1704
175.176721096, 1706
175.392893076, 1708
175.560327053, 1710
175.734903097, 1712
176.015053034, 1714
176.209514141, 1716
176.462836027, 1718
176.665318966, 1720
176.858126163, 1722
177.083357096, 1724
177.291984081, 1726
177.521622181, 1728
177.718147993, 1730
177.890568972, 1732
178.087037086, 1734
178.252289057, 1736
178.434237003, 1738
178.65299201, 1740
178.834465981, 1742
179.003863096, 1744
179.230594158, 1746
179.402732134, 1748
179.571624041, 1750
179.787129164, 1752
179.954312086, 1754
180.113619089, 1756
180.341390133, 1758
180.519405127, 1760
180.690850973, 1762
180.899989128, 1764
181.075452089, 1766
181.301114082, 1768
181.472979069, 1770
181.649284124, 1772
181.867287159, 1774
182.08686018, 1776
182.259185076, 1778
182.479253054, 1780
182.650935173, 1782
182.821844101, 1784
183.049273014, 1786
183.223263979, 1788
183.45096302, 1790
183.68861413, 1792
183.871288061, 1794
184.120371103, 1796
184.293277979, 1798
184.480338097, 1800
184.745326996, 1802
184.933938026, 1804
185.160454035, 1806
185.39886117, 1808
185.58250618, 1810
185.832743168, 1812
186.018908024, 1814
186.212516069, 1816
186.46598196, 1818
186.688322067, 1820
186.936129093, 1822
187.187935114, 1824
187.50503397, 1826
187.769955158, 1828
188.03650713, 1830
188.295514107, 1832
188.481391191, 1834
188.732359171, 1836
188.997630119, 1838
189.265201092, 1840
189.449383974, 1842
189.700225115, 1844
189.944257975, 1846
190.12996006, 1848
190.396636963, 1850
190.62019515, 1852
190.797605038, 1854
191.025400162, 1856
191.249420166, 1858
191.425425053, 1860
191.64401412, 1862
191.866732121, 1864
192.091086149, 1866
192.256554127, 1868
192.478093147, 1870
192.682029009, 1872
192.844850063, 1874
193.057515144, 1876
193.269987106, 1878
193.42969203, 1880
193.618362188, 1882
193.77522707, 1884
193.996987104, 1886
194.216545105, 1888
194.381864071, 1890
194.597424984, 1892
194.772588015, 1894
194.993328094, 1896
195.162702084, 1898
195.383867025, 1900
195.551129103, 1902
195.769067049, 1904
195.940565109, 1906
196.163928986, 1908
196.337659121, 1910
196.561496973, 1912
196.778989077, 1914
196.94710803, 1916
197.174893141, 1918
197.34633112, 1920
197.570858002, 1922
197.743241072, 1924
197.963032007, 1926
198.133579969, 1928
198.348445177, 1930
198.513710022, 1932
198.733175993, 1934
198.905619144, 1936
199.1171, 1938
199.337897062, 1940
199.501788139, 1942
199.717813015, 1944
199.877117157, 1946
200.090909958, 1948
200.258954048, 1950
200.499457121, 1952
200.67129612, 1954
200.843320131, 1956
201.108496189, 1958
201.299836159, 1960
201.556620121, 1962
201.814762115, 1964
202.033099174, 1966
202.280009985, 1968
202.460837126, 1970
202.632521152, 1972
202.849457979, 1974
203.026261091, 1976
203.263978958, 1978
203.498618126, 1980
203.664826155, 1982
203.882883072, 1984
204.05037117, 1986
204.232160091, 1988
204.480720997, 1990
204.674147129, 1992
204.882174015, 1994
205.107656002, 1996
205.295885086, 1998
205.549216032, 2000
205.730072021, 2002
205.914077997, 2004
206.155091047, 2006
206.350924015, 2008
206.561619043, 2010
206.768566132, 2012
206.949275017, 2014
207.146806955, 2016
207.306872129, 2018
207.490614176, 2020
207.737977028, 2022
207.907647133, 2024
208.13519311, 2026
208.377848148, 2028
208.559916973, 2030
208.793334961, 2032
208.965255976, 2034
209.135147095, 2036
209.348932981, 2038
209.520739079, 2040
209.74378705, 2042
209.917294025, 2044
210.135037184, 2046
210.361274004, 2048
210.534168005, 2050
210.760579109, 2052
210.938912153, 2054
211.189648151, 2056
211.422619104, 2058
211.602169037, 2060
211.836968184, 2062
212.009917974, 2064
212.241749048, 2066
212.478890181, 2068
212.657893181, 2070
212.903802156, 2072
213.067233086, 2074
213.294859171, 2076
213.525779009, 2078
213.717544079, 2080
213.993631124, 2082
214.165277004, 2084
214.374324083, 2086
214.557536125, 2088
214.760717154, 2090
214.948827982, 2092
215.201081991, 2094
215.363716125, 2096
215.577980995, 2098
215.743581057, 2100
215.998682976, 2102
216.232517958, 2104
216.393074036, 2106
216.61977005, 2108
216.783326149, 2110
216.997354031, 2112
217.159537077, 2114
217.380906105, 2116
217.548671007, 2118
217.799493074, 2120
217.981265068, 2122
218.199676991, 2124
218.372233152, 2126
218.587157011, 2128
218.771780968, 2130
219.012776136, 2132
219.187680006, 2134
219.401684999, 2136
219.585926056, 2138
219.833950996, 2140
220.010800123, 2142
220.253425121, 2144
220.431883097, 2146
220.665219069, 2148
220.852602005, 2150
221.098175049, 2152
221.275969028, 2154
221.511955976, 2156
221.669793129, 2158
221.888386965, 2160
222.065829992, 2162
222.239371061, 2164
222.463548183, 2166
222.62026, 2168
222.831732035, 2170
222.997006178, 2172
223.200004101, 2174
223.352024078, 2176
223.560042143, 2178
223.72410202, 2180
223.884895086, 2182
224.100414991, 2184
224.281344175, 2186
224.495118141, 2188
224.665152073, 2190
224.940653086, 2192
225.136857033, 2194
225.421010971, 2196
225.589851141, 2198
225.787081003, 2200
226.029472113, 2202
226.187957048, 2204
226.403144121, 2206
226.570837021, 2208
226.827979088, 2210
226.981522083, 2212
227.145169973, 2214
227.360583067, 2216
227.526900053, 2218
227.737169027, 2220
227.93525219, 2222
228.177062988, 2224
228.329672098, 2226
228.537336111, 2228
228.704579115, 2230
228.866677046, 2232
229.078212023, 2234
229.226598978, 2236
229.421826124, 2238
229.568977118, 2240
229.762125969, 2242
229.922690153, 2244
230.132066965, 2246
230.291960955, 2248
230.453323126, 2250
230.662719965, 2252
230.829234123, 2254
231.039108992, 2256
231.206497192, 2258
231.420377016, 2260
231.576971054, 2262
231.735334158, 2264
231.929826021, 2266
232.097007036, 2268
232.314133167, 2270
232.483260155, 2272
232.685702085, 2274
232.844835997, 2276
233.010267973, 2278
233.212150097, 2280
233.378148079, 2282
233.594814062, 2284
233.749315977, 2286
233.95865202, 2288
234.120584011, 2290
234.274821997, 2292
234.48658514, 2294
234.650681019, 2296
234.893850088, 2298
235.053102016, 2300
235.258491993, 2302
235.422353029, 2304
235.582498074, 2306
235.811295986, 2308
235.974378109, 2310
236.1889081, 2312
236.349239111, 2314
236.554131985, 2316
236.73684907, 2318
236.937626123, 2320
237.152034044, 2322
237.310297012, 2324
237.510159016, 2326
237.672947168, 2328
237.878877163, 2330
238.036019087, 2332
238.252353191, 2334
238.415093184, 2336
238.631574154, 2338
238.792243958, 2340
239.008435011, 2342
239.171061993, 2344
239.330132961, 2346
239.532984018, 2348
239.693032026, 2350
239.900504112, 2352
240.076580048, 2354
240.328044176, 2356
240.489735126, 2358
240.755577087, 2360
240.944571018, 2362
241.153489113, 2364
241.329773188, 2366
241.528100967, 2368
241.808272123, 2370
241.996809959, 2372
242.235746145, 2374
242.419317961, 2376
242.651383162, 2378
242.819597006, 2380
243.087913036, 2382
243.291886091, 2384
243.486816168, 2386
243.696047068, 2388
243.861783028, 2390
244.090533972, 2392
244.261032104, 2394
244.426043987, 2396
244.623989105, 2398
244.825576067, 2400
245.095463037, 2402
245.273869991, 2404
245.45631218, 2406
245.715801954, 2408
245.875071049, 2410
246.033472061, 2412
246.224513054, 2414
246.38313508, 2416
246.646695137, 2418
246.806781054, 2420
246.971266031, 2422
247.183092117, 2424
247.350018024, 2426
247.554536104, 2428
247.712532043, 2430
247.869264126, 2432
248.079776049, 2434
248.23793602, 2436
248.390067101, 2438
248.603391171, 2440
248.769984961, 2442
248.999037027, 2444
249.16903019, 2446
249.327291012, 2448
249.535645962, 2450
249.695639133, 2452
249.90993309, 2454
250.090123177, 2456
250.346868038, 2458
250.518774033, 2460
250.694108963, 2462
250.946000099, 2464
251.141283989, 2466
251.325383186, 2468
251.552734137, 2470
251.728404045, 2472
251.915369034, 2474
252.12356019, 2476
252.292998075, 2478
252.497127056, 2480
252.741615057, 2482
252.920201063, 2484
253.089498043, 2486
253.279155016, 2488
253.449117184, 2490
253.603262186, 2492
253.81240797, 2494
253.971539974, 2496
254.146039963, 2498
254.34726119, 2500
254.527158022, 2502
254.736607075, 2504
254.964926004, 2506
255.119382143, 2508
255.276684999, 2510
255.490887165, 2512
255.654931068, 2514
255.816377163, 2516
256.105067968, 2518
256.266456127, 2520
256.451056957, 2522
256.67339015, 2524
256.831110954, 2526
257.018241167, 2528
257.222479105, 2530
257.388585091, 2532
257.543765068, 2534
257.743605137, 2536
257.908145189, 2538
258.070449114, 2540
258.295284986, 2542
258.611981153, 2544
258.802291155, 2546
259.028226137, 2548
259.182528019, 2550
259.33196497, 2552
259.524935961, 2554
259.704071045, 2556
259.880685091, 2558
260.078420162, 2560
260.229529142, 2562
260.393756151, 2564
260.597479105, 2566
260.770924091, 2568
261.005309105, 2570
261.171653032, 2572
261.389376163, 2574
261.555145025, 2576
261.723073959, 2578
261.957041979, 2580
262.139141083, 2582
262.312618017, 2584
262.542431116, 2586
262.711641073, 2588
262.877593994, 2590
263.081556082, 2592
263.244646072, 2594
263.397806168, 2596
263.595081091, 2598
263.736924171, 2600
263.880942106, 2602
264.068232059, 2604
264.216017962, 2606
264.424890995, 2608
264.591094971, 2610
264.800282001, 2612
264.960693121, 2614
265.117904186, 2616
265.325773001, 2618
265.475609064, 2620
265.637305975, 2622
265.840491056, 2624
266.005567074, 2626
266.167884111, 2628
266.37523818, 2630
266.539157152, 2632
266.694310188, 2634
266.900215149, 2636
267.061359167, 2638
267.215641022, 2640
267.411667109, 2642
267.573925018, 2644
267.728394985, 2646
267.934208155, 2648
268.090121031, 2650
268.246208191, 2652
268.441990137, 2654
268.597218037, 2656
268.750684977, 2658
268.952491999, 2660
269.112653017, 2662
269.266452074, 2664
269.46927309, 2666
269.626121044, 2668
269.77827096, 2670
269.97777319, 2672
270.137742043, 2674
270.291033983, 2676
270.493040085, 2678
270.646342039, 2680
270.80469799, 2682
271.008742094, 2684
271.161435127, 2686
271.338658094, 2688
271.542479992, 2690
271.691576004, 2692
271.850185156, 2694
272.061007977, 2696
272.211366177, 2698
272.369407177, 2700
272.568598032, 2702
272.723052979, 2704
272.881515026, 2706
273.091135025, 2708
273.246690989, 2710
273.407510996, 2712
273.611209154, 2714
273.76091814, 2716
273.91864109, 2718
274.120074034, 2720
274.268656015, 2722
274.416218996, 2724
274.615579128, 2726
274.771217108, 2728
274.927695036, 2730
275.135984182, 2732
275.293745041, 2734
275.451277971, 2736
275.650180101, 2738
275.812417984, 2740
275.959495068, 2742
276.171236038, 2744
276.322822094, 2746
276.475301981, 2748
276.688565016, 2750
276.84898901, 2752
277.002403021, 2754
277.207970142, 2756
277.357592106, 2758
277.503859997, 2760
277.698785067, 2762
277.847112179, 2764
277.995588064, 2766
278.201370955, 2768
278.354552031, 2770
278.511216164, 2772
278.801596165, 2774
278.972671986, 2776
279.140567064, 2778
279.368144989, 2780
279.535158157, 2782
279.69444418, 2784
279.896512985, 2786
280.057645082, 2788
280.214051962, 2790
280.430596113, 2792
280.597817183, 2794
280.756572008, 2796
280.956178188, 2798
281.106136084, 2800
281.265201092, 2802
281.48050499, 2804
281.633128166, 2806
281.798143148, 2808
282.011173964, 2810
282.168254137, 2812
282.327275991, 2814
282.552932978, 2816
282.716741085, 2818
282.869321108, 2820
283.17308116, 2822
283.42644906, 2824
283.593199968, 2826
283.78659606, 2828
283.927185059, 2830
284.06312108, 2832
284.249505997, 2834
284.40945816, 2836
284.567713976, 2838
284.772418022, 2840
284.930078983, 2842
285.092986107, 2844
285.361328125, 2846
285.510926008, 2848
285.659960985, 2850
285.862323046, 2852
286.012706041, 2854
286.168606043, 2856
286.879203081, 2858
287.038020134, 2860
287.179764986, 2862
287.36563015, 2864
287.503669024, 2866
287.648627996, 2868
287.849964142, 2870
288.000741005, 2872
288.15143919, 2874
288.360819101, 2876
288.51531601, 2878
288.665066957, 2880
288.872343063, 2882
289.026898146, 2884
289.182340145, 2886
289.38814497, 2888
289.534255981, 2890
289.675752163, 2892
289.865741968, 2894
290.018787146, 2896
290.166370153, 2898
290.368123055, 2900
290.514667988, 2902
290.666435957, 2904
290.864789963, 2906
291.014643192, 2908
291.167517185, 2910
291.370113134, 2912
291.52489996, 2914
291.675276995, 2916
291.870476007, 2918
292.01433301, 2920
292.166893959, 2922
292.356501102, 2924
292.50662899, 2926
292.654975176, 2928
292.841773033, 2930
292.990813971, 2932
293.136449099, 2934
293.319406986, 2936
293.46612215, 2938
293.602521181, 2940
293.794568062, 2942
293.932307959, 2944
294.08415103, 2946
294.282901049, 2948
294.425947189, 2950
294.575216055, 2952
294.760538101, 2954
294.915277958, 2956
295.063498974, 2958
295.260831118, 2960
295.402474165, 2962
295.545346022, 2964
295.742906094, 2966
295.884593964, 2968
296.031757116, 2970
296.224828959, 2972
296.366171122, 2974
296.515653133, 2976
296.70233798, 2978
296.856606007, 2980
297.00931406, 2982
297.203937054, 2984
297.351603031, 2986
297.504625082, 2988
297.698457956, 2990
297.838623047, 2992
297.983514071, 2994
298.176383972, 2996
298.32891202, 2998
298.475227118, 3000
298.674539089, 3002
298.813464165, 3004
298.956143141, 3006
299.145248175, 3008
299.294687986, 3010
299.440718174, 3012
299.637439013, 3014
299.790230036, 3016
299.93546319, 3018
300.134318113, 3020
300.277621031, 3022
300.420595169, 3024
300.616235018, 3026
300.758270979, 3028
300.903028011, 3030
301.083409071, 3032
301.226670027, 3034
301.371239185, 3036
301.564764977, 3038
301.706058979, 3040
301.847903013, 3042
302.03038311, 3044
302.178586006, 3046
302.336119175, 3048
302.545493126, 3050
302.704874992, 3052
302.921615124, 3054
303.126013994, 3056
303.274713039, 3058
303.423037052, 3060
303.631352186, 3062
303.776288033, 3064
303.922881126, 3066
304.110535145, 3068
304.245887041, 3070
304.391012192, 3072
304.574439049, 3074
304.725492954, 3076
304.878973961, 3078
305.083197117, 3080
305.233955145, 3082
305.376137972, 3084
305.564470053, 3086
305.699007034, 3088
305.849483013, 3090
306.038663149, 3092
306.181966066, 3094
306.32297802, 3096
306.502099991, 3098
306.660192966, 3100
306.798135996, 3102
306.970841169, 3104
307.112318993, 3106
307.257789135, 3108
307.442912102, 3110
307.574766159, 3112
307.721744061, 3114
307.912348986, 3116
308.047474146, 3118
308.182164192, 3120
308.363255978, 3122
308.512995958, 3124
308.656401157, 3126
308.825641155, 3128
308.960353136, 3130
309.097706079, 3132
309.291486979, 3134
309.437705994, 3136
309.584932089, 3138
309.769586086, 3140
309.9106071, 3142
310.057250023, 3144
310.241134167, 3146
310.38462615, 3148
310.517553091, 3150
310.710329056, 3152
310.858515978, 3154
311.00357604, 3156
311.191500187, 3158
311.332630157, 3160
311.47105813, 3162
311.6477561, 3164
311.7957201, 3166
311.943618059, 3168
312.127921104, 3170
312.270998001, 3172
312.416208029, 3174
312.594923019, 3176
312.729990005, 3178
312.870651007, 3180
313.05092907, 3182
313.194746971, 3184
313.335159063, 3186
313.529685974, 3188
313.671154022, 3190
313.817015171, 3192
314.001885176, 3194
314.141342163, 3196
314.284301996, 3198
314.470023155, 3200
314.61117816, 3202
314.758360147, 3204
314.943175077, 3206
315.079977989, 3208
315.22014308, 3210
315.40960598, 3212
315.537250042, 3214
315.680225134, 3216
315.86333704, 3218
316.008623123, 3220
316.153612137, 3222
316.336713076, 3224
316.467352152, 3226
316.600147009, 3228
316.788349152, 3230
316.921060085, 3232
317.059193134, 3234
317.243160963, 3236
317.368654013, 3238
317.508298159, 3240
317.683009148, 3242
317.815716028, 3244
317.969475031, 3246
318.154950142, 3248
318.29401207, 3250
318.436726093, 3252
318.621992111, 3254
318.755264044, 3256
318.894318104, 3258
319.07922101, 3260
319.229850054, 3262
319.364055157, 3264
319.532993078, 3266
319.667426109, 3268
319.800525188, 3270
319.987013102, 3272
320.125481129, 3274
320.258026123, 3276
320.436694145, 3278
320.576519966, 3280
320.720988035, 3282
320.902387142, 3284
321.041287184, 3286
321.182991982, 3288
321.35347414, 3290
321.482004166, 3292
321.630876064, 3294
321.819724083, 3296
321.959890127, 3298
322.101799011, 3300
322.286524057, 3302
322.426202059, 3304
322.565248013, 3306
322.750370026, 3308
322.880387068, 3310
323.025261164, 3312
323.210520029, 3314
323.34426403, 3316
323.487554073, 3318
323.664703131, 3320
323.797881126, 3322
323.927854061, 3324
324.103839159, 3326
324.239096165, 3328
324.388939142, 3330
324.575538158, 3332
324.720762968, 3334
324.859703064, 3336
325.045924187, 3338
325.181244135, 3340
325.322883129, 3342
325.510854006, 3344
325.65252018, 3346
325.792148113, 3348
325.973411083, 3350
326.108040094, 3352
326.250271082, 3354
326.429838181, 3356
326.562545061, 3358
326.69937396, 3360
326.870036125, 3362
327.00270009, 3364
327.146697044, 3366
327.329972029, 3368
327.458739996, 3370
327.593739033, 3372
327.768841982, 3374
327.909402132, 3376
328.045428991, 3378
328.220654011, 3380
328.35840416, 3382
328.501496077, 3384
328.677105188, 3386
328.819447041, 3388
328.954454184, 3390
329.13461709, 3392
329.278468132, 3394
329.428239107, 3396
329.611546993, 3398
329.739956141, 3400
329.889991045, 3402
330.058111191, 3404
330.186285973, 3406
330.323297024, 3408
330.503486156, 3410
330.646924019, 3412
330.788253069, 3414
330.965970993, 3416
331.104377985, 3418
331.242232084, 3420
331.419774055, 3422
331.564136028, 3424
331.702286005, 3426
331.891021013, 3428
332.028964043, 3430
332.16892314, 3432
332.350262165, 3434
332.488029003, 3436
332.621855974, 3438
332.795444012, 3440
332.924173117, 3442
333.066869974, 3444
333.24931097, 3446
333.395226002, 3448
333.530605078, 3450
333.722236156, 3452
333.862977982, 3454
334.005259037, 3456
334.191596031, 3458
334.32664299, 3460
334.466907024, 3462
334.644644022, 3464
334.780698061, 3466
334.913757086, 3468
335.130331039, 3470
335.296236992, 3472
335.452299118, 3474
335.684046984, 3476
335.840177059, 3478
335.986288071, 3480
336.18289113, 3482
336.321788073, 3484
336.471008062, 3486
336.67377615, 3488
336.818453074, 3490
336.966144085, 3492
337.149234056, 3494
337.289142132, 3496
337.435909986, 3498
337.626520157, 3500
337.771631956, 3502
337.921148062, 3504
338.096793175, 3506
338.236698151, 3508
338.378128052, 3510
338.607232094, 3512
338.750226021, 3514
338.891596079, 3516
339.076147079, 3518
339.216559172, 3520
339.387963057, 3522
339.58070302, 3524
339.749410152, 3526
339.888255119, 3528
340.082116127, 3530
340.217914104, 3532
340.358184099, 3534
340.540214062, 3536
340.674126148, 3538
340.81466198, 3540
340.997181177, 3542
341.12463212, 3544
341.300107956, 3546
341.481553078, 3548
341.618877172, 3550
341.762446165, 3552
341.9385221, 3554
342.077131033, 3556
342.214554071, 3558
342.395820141, 3560
342.530512094, 3562
342.670572042, 3564
342.843283176, 3566
342.980626106, 3568
343.120922089, 3570
343.300163984, 3572
343.436084032, 3574
343.574488163, 3576
343.758970976, 3578
343.914816141, 3580
344.053547144, 3582
344.241039991, 3584
344.382922173, 3586
344.519672155, 3588
344.709869146, 3590
344.855499983, 3592
345.004806995, 3594
345.187024117, 3596
345.329032183, 3598
345.467071056, 3600
345.651995182, 3602
345.805112123, 3604
345.946050167, 3606
346.13820219, 3608
346.272817135, 3610
346.407546043, 3612
346.594130993, 3614
346.731436968, 3616
346.869446039, 3618
347.051440001, 3620
347.184700012, 3622
347.316854, 3624
347.493242025, 3626
347.63223815, 3628
347.766005993, 3630
347.958057165, 3632
348.099545002, 3634
348.236663103, 3636
348.417042017, 3638
348.565559149, 3640
348.713196993, 3642
348.897835016, 3644
349.027677059, 3646
349.167035103, 3648
349.351806164, 3650
349.495119095, 3652
349.63165307, 3654
349.824933052, 3656
349.963181973, 3658
350.111485958, 3660
350.295233011, 3662
350.440641165, 3664
350.581099987, 3666
350.759356022, 3668
350.895169973, 3670
351.036791086, 3672
351.219168186, 3674
351.380535126, 3676
351.538930178, 3678
351.746467113, 3680
351.898262024, 3682
352.051062107, 3684
352.257795095, 3686
352.415847063, 3688
352.562885046, 3690
352.759077072, 3692
352.914210081, 3694
353.062225103, 3696
353.256277084, 3698
353.42059803, 3700
353.596436024, 3702
353.788055182, 3704
353.941791058, 3706
354.094313145, 3708
354.289255142, 3710
354.427469015, 3712
354.572875977, 3714
354.782516003, 3716
354.921463966, 3718
355.067341089, 3720
355.247642994, 3722
355.392544985, 3724
355.540791035, 3726
355.737622023, 3728
355.887112141, 3730
356.029033184, 3732
356.20275712, 3734
356.333454132, 3736
356.475613117, 3738
356.658262968, 3740
356.803555965, 3742
356.948387146, 3744
357.136341095, 3746
357.277513981, 3748
357.416666031, 3750
357.594527006, 3752
357.728868008, 3754
357.871123075, 3756
358.05619216, 3758
358.210227966, 3760
358.364511013, 3762
358.569173098, 3764
358.73754096, 3766
358.881836176, 3768
359.072662115, 3770
359.214743137, 3772
359.386752129, 3774
359.61638999, 3776
359.763458967, 3778
359.906201124, 3780
360.097432137, 3782
360.226130009, 3784
360.359146118, 3786
360.548740149, 3788
360.690313101, 3790
360.827363968, 3792
361.020415068, 3794
361.16210413, 3796
361.30529809, 3798
361.496452093, 3800
361.634135008, 3802
361.776095152, 3804
361.972679138, 3806
362.11393714, 3808
362.257205963, 3810
362.443947077, 3812
362.572600126, 3814
362.705022097, 3816
362.895485163, 3818
363.038928986, 3820
363.18465519, 3822
363.387377977, 3824
363.533066034, 3826
363.680426121, 3828
363.876724958, 3830
364.016548157, 3832
364.161180973, 3834
364.356465101, 3836
364.490776062, 3838
364.636250019, 3840
364.826297045, 3842
364.95739913, 3844
365.100692034, 3846
365.29997015, 3848
365.438369989, 3850
365.577903032, 3852
365.778198004, 3854
365.922387123, 3856
366.074995041, 3858
366.265617132, 3860
366.401988029, 3862
366.547291994, 3864
366.783578157, 3866
366.941689968, 3868
367.086690187, 3870
367.265357971, 3872
367.417030096, 3874
367.569008112, 3876
367.776873112, 3878
367.952877045, 3880
368.119593143, 3882
368.323309183, 3884
368.476615191, 3886
368.644468069, 3888
368.865633965, 3890
369.024479151, 3892
369.202464104, 3894
369.423551083, 3896
369.579602957, 3898
369.764970064, 3900
370.035326004, 3902
370.228132963, 3904
370.411756039, 3906
370.65322113, 3908
370.823805094, 3910
371.003076077, 3912
371.242815971, 3914
371.43008399, 3916
371.60603404, 3918
371.812393188, 3920
371.986433029, 3922
372.141000032, 3924
372.346841097, 3926
372.495040178, 3928
372.657114983, 3930
372.868851185, 3932
373.024998188, 3934
373.176831007, 3936
373.37573719, 3938
373.540364981, 3940
373.709598064, 3942
373.923994064, 3944
374.063503981, 3946
374.20946002, 3948
374.424164057, 3950
374.597507, 3952
374.768584967, 3954
374.992180109, 3956
375.160143137, 3958
375.328741074, 3960
375.558380127, 3962
375.738772154, 3964
375.896260977, 3966
376.118460178, 3968
376.280449152, 3970
376.431499958, 3972
376.644299984, 3974
376.804270029, 3976
376.961014032, 3978
377.186505079, 3980
377.399576187, 3982
377.589056015, 3984
377.817960978, 3986
377.980275154, 3988
378.14173913, 3990
378.369734049, 3992
378.537819147, 3994
378.700823069, 3996
378.944710016, 3998
379.12847209, 4000
379.30452919, 4002
379.505074024, 4004
379.652556181, 4006
379.789635181, 4008
380.00376606, 4010
380.189694166, 4012
380.369606972, 4014
380.607072115, 4016
380.779101133, 4018
380.940870047, 4020
381.146155119, 4022
381.313575983, 4024
381.502894163, 4026
381.749200106, 4028
381.93078804, 4030
382.134083986, 4032
382.343011141, 4034
382.50464201, 4036
382.717353106, 4038
382.971642971, 4040
383.162693977, 4042
383.312883139, 4044
383.541897058, 4046
383.737509012, 4048
383.938203096, 4050
384.228330135, 4052
384.412590981, 4054
384.625068188, 4056
384.877665043, 4058
385.063977957, 4060
385.262138128, 4062
385.460884094, 4064
385.630464077, 4066
385.856207132, 4068
386.143736124, 4070
386.324429035, 4072
386.513231993, 4074
386.824753046, 4076
387.044682026, 4078
387.255306959, 4080
387.507534027, 4082
387.679507971, 4084
387.86218214, 4086
388.121572971, 4088
388.310202122, 4090
388.478074074, 4092
388.77456212, 4094
388.940425158, 4096
389.106342077, 4098
389.316594124, 4100
389.467627048, 4102
389.665544033, 4104
389.958068132, 4106
390.161961079, 4108
390.318866014, 4110
390.512932062, 4112
390.665575027, 4114
390.823174, 4116
391.014647961, 4118
391.4610641, 4120
391.757209063, 4122
391.980429173, 4124
392.152287006, 4126
392.311083078, 4128
392.510310173, 4130
392.658625126, 4132
392.793032169, 4134
392.968535185, 4136
393.109235048, 4138
393.25138402, 4140
393.43850112, 4142
393.57972002, 4144
393.724788189, 4146
393.944168091, 4148
394.100743055, 4150
394.258764029, 4152
394.47242403, 4154
394.630849123, 4156
394.792526007, 4158
394.985816002, 4160
395.121626139, 4162
395.277915001, 4164
395.488816977, 4166
395.640501022, 4168
395.801347971, 4170
396.008044958, 4172
396.157164097, 4174
396.317008972, 4176
396.548958063, 4178
396.709362984, 4180
396.849086046, 4182
397.038992167, 4184
397.187378168, 4186
397.340943098, 4188
397.54974699, 4190
397.738387108, 4192
397.928873062, 4194
398.192594051, 4196
398.381000042, 4198
398.589857101, 4200
398.858302116, 4202
399.062604189, 4204
399.253422022, 4206
399.500465155, 4208
399.668373108, 4210
399.809167147, 4212
400.013019085, 4214
400.170415163, 4216
400.336961985, 4218
400.535923004, 4220
400.670991182, 4222
400.817651033, 4224
401.029105186, 4226
401.180752039, 4228
401.335860014, 4230
401.547166109, 4232
401.713314056, 4234
401.871955156, 4236
402.061676979, 4238
402.219717026, 4240
402.389121056, 4242
402.608070135, 4244
402.77691412, 4246
402.932898045, 4248
403.133902073, 4250
403.272386074, 4252
403.416200161, 4254
403.621608019, 4256
403.772380114, 4258
403.930664062, 4260
404.143864155, 4262
404.285767078, 4264
404.439887047, 4266
404.649989128, 4268
404.809444189, 4270
404.96284008, 4272
405.182099104, 4274
405.336939096, 4276
405.506541967, 4278
405.713905096, 4280
405.864184141, 4282
406.020795107, 4284
406.22957015, 4286
406.383519173, 4288
406.526431084, 4290
406.722112179, 4292
406.869549036, 4294
407.017081022, 4296
407.219743013, 4298
407.366337061, 4300
407.517754078, 4302
407.723417997, 4304
407.878957987, 4306
408.042346001, 4308
408.258710146, 4310
408.409823179, 4312
408.611449003, 4314
408.840236187, 4316
408.978806019, 4318
409.141146183, 4320
409.355174065, 4322
409.51315403, 4324
409.679569006, 4326
409.899051189, 4328
410.059185982, 4330
410.224020004, 4332
410.461547136, 4334
410.643992186, 4336
410.814560175, 4338
411.021831036, 4340
411.165467024, 4342
411.305135965, 4344
411.512757063, 4346
411.674134016, 4348
411.831655979, 4350
412.05087018, 4352
412.21085906, 4354
412.366738081, 4356
412.563793182, 4358
412.70956111, 4360
412.847239971, 4362
413.041152, 4364
413.211205959, 4366
413.35334301, 4368
413.529531002, 4370
413.680538177, 4372
413.828876972, 4374
414.031306982, 4376
414.174973965, 4378
414.321784973, 4380
414.548877001, 4382
414.708705187, 4384
414.859804153, 4386
415.059887171, 4388
415.208312035, 4390
415.35710001, 4392
415.555916071, 4394
415.684494972, 4396
415.816142082, 4398
416.010974169, 4400
416.163153172, 4402
416.309972048, 4404
416.519037962, 4406
416.673047066, 4408
416.824035168, 4410
417.025982141, 4412
417.173263073, 4414
417.322903156, 4416
417.528759956, 4418
417.675716162, 4420
417.820922136, 4422
418.001731157, 4424
418.131129026, 4426
418.280066967, 4428
418.49281311, 4430
418.645343065, 4432
418.804990053, 4434
419.01673317, 4436
419.257677078, 4438
419.406336069, 4440
419.611113071, 4442
419.767670155, 4444
419.916505098, 4446
420.129062176, 4448
420.26052618, 4450
420.388049126, 4452
420.582811117, 4454
420.737437963, 4456
420.88884306, 4458
421.096526146, 4460
421.244412184, 4462
421.391144037, 4464
421.600058079, 4466
421.746402025, 4468
421.898926973, 4470
422.109897137, 4472
422.263206005, 4474
422.412820101, 4476
422.606817007, 4478
422.73258996, 4480
422.875705004, 4482
423.071871996, 4484
423.218427181, 4486
423.363147974, 4488
423.563273191, 4490
423.727215052, 4492
423.87676096, 4494
424.100736141, 4496
424.258219004, 4498
424.406216145, 4500
424.605520964, 4502
424.755604982, 4504
424.883450031, 4506
425.055109024, 4508
425.206004143, 4510
425.349157095, 4512
425.548663139, 4514
425.695261955, 4516
425.842000961, 4518
426.046890974, 4520
426.190737963, 4522
426.338622093, 4524
426.545179129, 4526
426.685523987, 4528
426.827892065, 4530
427.017498016, 4532
427.169483185, 4534
427.318082094, 4536
427.533110142, 4538
427.724733114, 4540
427.913896084, 4542
428.176676989, 4544
428.353182077, 4546
428.52751112, 4548
428.759989023, 4550
428.936331987, 4552
429.110960007, 4554
429.343059063, 4556
429.495614052, 4558
429.647327185, 4560
429.878700972, 4562
430.057357073, 4564
430.208403111, 4566
430.403539181, 4568
430.552739143, 4570
430.702331066, 4572
430.912450075, 4574
431.062752008, 4576
431.214576006, 4578
431.424725056, 4580
431.574687004, 4582
431.727552176, 4584
431.911746025, 4586
432.079982042, 4588
432.233788013, 4590
432.452126026, 4592
432.600531101, 4594
432.749355078, 4596
432.948868036, 4598
433.09713006, 4600
433.241335154, 4602
433.434614182, 4604
433.58042717, 4606
433.722438097, 4608
433.915050983, 4610
434.050091982, 4612
434.172317028, 4614
434.379366159, 4616
434.513002157, 4618
434.668207169, 4620
434.885002136, 4622
435.034974098, 4624
435.193104982, 4626
435.393853188, 4628
435.532754183, 4630
435.677525997, 4632
435.874629021, 4634
436.01863718, 4636
436.166043043, 4638
436.349420071, 4640
436.478481054, 4642
436.606929064, 4644
436.808189154, 4646
436.950237036, 4648
437.095631123, 4650
437.296564102, 4652
437.440097094, 4654
437.585458994, 4656
437.799421072, 4658
437.945044041, 4660
438.087474108, 4662
438.285084009, 4664
438.427706957, 4666
438.569288015, 4668
438.750023127, 4670
438.877452135, 4672
439.025240183, 4674
439.235085964, 4676
439.383766174, 4678
439.534551144, 4680
439.742292166, 4682
439.889420033, 4684
440.037319183, 4686
440.2970891, 4688
440.455168962, 4690
440.620634079, 4692
440.852602959, 4694
440.992050171, 4696
441.128682137, 4698
441.349475145, 4700
441.510946989, 4702
441.67723012, 4704
441.906517982, 4706
442.061952114, 4708
442.205229998, 4710
442.401841164, 4712
442.543658972, 4714
442.685359955, 4716
442.884382963, 4718
443.027434111, 4720
443.170843124, 4722
443.342444181, 4724
443.468098164, 4726
443.613768101, 4728
443.809302092, 4730
443.95026207, 4732
444.092200994, 4734
444.311784983, 4736
444.46837306, 4738
444.621351957, 4740
444.817901134, 4742
444.96350503, 4744
445.117419958, 4746
445.311326027, 4748
445.449771166, 4750
445.581577063, 4752
445.745606184, 4754
445.884950161, 4756
446.029309034, 4758
446.225831985, 4760
446.364567041, 4762
446.507290125, 4764
446.698824167, 4766
446.834737062, 4768
446.977331161, 4770
447.168504, 4772
447.31348896, 4774
447.452274084, 4776
447.650274038, 4778
447.799851179, 4780
447.934100151, 4782
448.13570714, 4784
448.296072006, 4786
448.450143099, 4788
448.663407087, 4790
448.822070122, 4792
448.977316141, 4794
449.18343401, 4796
449.330991983, 4798
449.477430105, 4800
449.687968969, 4802
449.833542109, 4804
449.97965312, 4806
450.167886019, 4808
450.29493618, 4810
450.4282341, 4812
450.630177021, 4814
450.776023149, 4816
450.918174982, 4818
451.113188028, 4820
451.252328157, 4822
451.392390013, 4824
451.585096121, 4826
451.728868961, 4828
451.87014699, 4830
452.066815138, 4832
452.21104598, 4834
452.359843969, 4836
452.548005104, 4838
452.694528103, 4840
452.848242044, 4842
453.050487041, 4844
453.196331978, 4846
453.338469028, 4848
453.536347151, 4850
453.679551125, 4852
453.82536006, 4854
454.018659115, 4856
454.155069113, 4858
454.302575111, 4860
454.499060154, 4862
454.644510031, 4864
454.779428959, 4866
454.947124958, 4868
455.0896101, 4870
455.233030081, 4872
455.431131124, 4874
455.569856167, 4876
455.714655161, 4878
455.921985149, 4880
456.064601183, 4882
456.204756021, 4884
456.403872967, 4886
456.550882101, 4888
456.691029072, 4890
456.880634069, 4892
457.016891003, 4894
457.150810003, 4896
457.334969997, 4898
457.486988068, 4900
457.662234068, 4902
457.897772074, 4904
458.077207088, 4906
458.25088501, 4908
458.483747959, 4910
458.649118185, 4912
458.822170973, 4914
459.054581165, 4916
459.222882032, 4918
459.381630182, 4920
459.578226089, 4922
459.745619059, 4924
459.917690039, 4926
460.156821012, 4928
460.318319082, 4930
460.470865011, 4932
460.718711138, 4934
460.860407114, 4936
461.00671196, 4938
461.206925154, 4940
461.354024172, 4942
461.500363111, 4944
461.684182167, 4946
461.80687809, 4948
461.935804129, 4950
462.13275218, 4952
462.272273064, 4954
462.415668011, 4956
462.613103151, 4958
462.752763033, 4960
462.893169165, 4962
463.09188199, 4964
463.232639074, 4966
463.402925014, 4968
463.610701084, 4970
463.74735117, 4972
463.883501053, 4974
464.049929142, 4976
464.183034182, 4978
464.32248497, 4980
464.516746044, 4982
464.654651165, 4984
464.795873165, 4986
464.986804008, 4988
465.128458977, 4990
465.271908045, 4992
465.465649128, 4994
465.60433507, 4996
465.746482134, 4998
465.937180042, 5000
466.076492071, 5002
466.215383053, 5004
466.378128052, 5006
466.50002718, 5008
466.639733076, 5010
466.851655006, 5012
466.995378971, 5014
467.140773058, 5016
467.341709137, 5018
467.487174034, 5020
467.634947062, 5022
467.841370106, 5024
467.987523079, 5026
468.135007143, 5028
468.338968992, 5030
468.482663155, 5032
468.611818075, 5034
468.78186202, 5036
468.923150063, 5038
469.07292819, 5040
469.282196999, 5042
469.422585964, 5044
469.572031021, 5046
469.780740023, 5048
469.927864075, 5050
470.072030067, 5052
470.271623135, 5054
470.420808077, 5056
470.567085028, 5058
470.764181137, 5060
470.88954711, 5062
471.011701107, 5064
471.191977978, 5066
471.330934048, 5068
471.473278999, 5070
471.679164171, 5072
471.822339058, 5074
471.965535164, 5076
472.181809187, 5078
472.334889174, 5080
472.486582994, 5082
472.688280106, 5084
472.828420162, 5086
472.973751068, 5088
473.159322977, 5090
473.284375191, 5092
473.415385008, 5094
473.615681171, 5096
473.75338912, 5098
473.893400192, 5100
474.088742971, 5102
474.228871107, 5104
474.369086981, 5106
474.567608118, 5108
474.708163023, 5110
474.849450111, 5112
475.047085047, 5114
475.188467026, 5116
475.334330082, 5118
475.506834984, 5120
475.631450176, 5122
475.767640114, 5124
475.958153963, 5126
476.099292994, 5128
476.247404099, 5130
476.451255083, 5132
476.602612019, 5134
476.749719143, 5136
476.953736067, 5138
477.10571599, 5140
477.255176067, 5142
477.457333088, 5144
477.611242056, 5146
477.763610125, 5148
477.933799982, 5150
478.078567982, 5152
478.232963085, 5154
478.436156034, 5156
478.587926149, 5158
478.740159035, 5160
478.944782019, 5162
479.096750975, 5164
479.248819113, 5166
479.448363066, 5168
479.610514164, 5170
479.758748055, 5172
479.962593079, 5174
480.088343143, 5176
480.22005415, 5178
480.412008047, 5180
480.55599618, 5182
480.698357105, 5184
480.892697096, 5186
481.031183004, 5188
481.171120167, 5190
481.366746187, 5192
481.50280714, 5194
481.641066074, 5196
481.83465004, 5198
481.980767012, 5200
482.146687984, 5202
482.338519096, 5204
482.461093187, 5206
482.587182999, 5208
482.782194138, 5210
482.919402122, 5212
483.058364153, 5214
483.251036167, 5216
483.38838315, 5218
483.528823137, 5220
483.722110987, 5222
483.859886169, 5224
484.00030303, 5226
484.201224089, 5228
484.339112997, 5230
484.478388071, 5232
484.655661106, 5234
484.777178049, 5236
484.902184963, 5238
485.09664011, 5240
485.238605022, 5242
485.377130032, 5244
485.571041107, 5246
485.716078997, 5248
485.860023975, 5250
486.070868969, 5252
486.22112298, 5254
486.368633032, 5256
486.575114012, 5258
486.711961031, 5260
486.847138166, 5262
487.024482012, 5264
487.149791002, 5266
487.285429955, 5268
487.516483068, 5270
487.672439098, 5272
487.864924192, 5274
488.097520113, 5276
488.257246971, 5278
488.425603151, 5280
488.66625905, 5282
488.823101997, 5284
488.990056992, 5286
489.218149185, 5288
489.355892181, 5290
489.484673977, 5292
489.720218182, 5294
489.887046099, 5296
490.059210062, 5298
490.275626183, 5300
490.443664074, 5302
490.606748104, 5304
490.830264091, 5306
490.965852976, 5308
491.106686115, 5310
491.29937315, 5312
491.436578035, 5314
491.564382076, 5316
491.730937958, 5318
491.868824005, 5320
492.00665617, 5322
492.201311111, 5324
492.364978075, 5326
492.511834145, 5328
492.710232973, 5330
492.848819017, 5332
492.985120058, 5334
493.181451082, 5336
493.331274986, 5338
493.469894171, 5340
493.661142111, 5342
493.800554037, 5344
493.924029112, 5346
494.087666988, 5348
494.223057985, 5350
494.360660076, 5352
494.54836607, 5354
494.686887026, 5356
494.826096058, 5358
495.021304131, 5360
495.157624006, 5362
495.298691034, 5364
495.48391819, 5366
495.620177031, 5368
495.757174015, 5370
495.948812008, 5372
496.087740183, 5374
496.21487999, 5376
496.391484022, 5378
496.533596039, 5380
496.678158998, 5382
496.881345034, 5384
497.02383709, 5386
497.170753002, 5388
497.37529397, 5390
497.519344091, 5392
497.665709019, 5394
497.874586105, 5396
498.032693148, 5398
498.175703049, 5400
498.365566015, 5402
498.504441023, 5404
498.63013196, 5406
498.824330091, 5408
498.971153975, 5410
499.115525007, 5412
499.318597078, 5414
499.462735176, 5416
499.610089064, 5418
499.809897184, 5420
499.949316025, 5422
500.107591152, 5424
500.334907055, 5426
500.513970137, 5428
500.687241077, 5430
500.870551109, 5432
501.000733137, 5434
501.168002129, 5436
501.385437012, 5438
501.538722038, 5440
501.690196037, 5442
501.904690027, 5444
502.075232983, 5446
502.216884136, 5448
502.40905714, 5450
502.550248146, 5452
502.69351697, 5454
502.886372089, 5456
503.022593975, 5458
503.147047997, 5460
503.316147089, 5462
503.457286119, 5464
503.608683109, 5466
503.803761959, 5468
503.939337969, 5470
504.076380014, 5472
504.272207022, 5474
504.416162968, 5476
504.562055111, 5478
504.76555419, 5480
504.907200098, 5482
505.051331043, 5484
505.245495081, 5486
505.368824005, 5488
505.488782167, 5490
505.661950111, 5492
505.806334019, 5494
505.950845003, 5496
506.148406029, 5498
506.292850018, 5500
506.44188118, 5502
506.641288042, 5504
506.786765099, 5506
506.936449051, 5508
507.135792017, 5510
507.281747103, 5512
507.426099062, 5514
507.621140003, 5516
507.740565062, 5518
507.875173092, 5520
508.090137005, 5522
508.2367661, 5524
508.393668175, 5526
508.609336138, 5528
508.760567188, 5530
508.911900997, 5532
509.11426115, 5534
509.258844137, 5536
509.403153181, 5538
509.606276989, 5540
509.756116152, 5542
509.905745983, 5544
510.066778183, 5546
510.184826136, 5548
510.328335047, 5550
510.523420095, 5552
510.661589146, 5554
510.804011106, 5556
511.000534058, 5558
511.140328169, 5560
511.28241396, 5562
511.474967957, 5564
511.635853052, 5566
511.779441118, 5568
511.977658033, 5570
512.115341187, 5572
512.249400139, 5574
512.405923128, 5576
512.535180092, 5578
512.672785044, 5580
512.866773129, 5582
513.008143187, 5584
513.147830963, 5586
513.340455055, 5588
513.47658205, 5590
513.616507053, 5592
513.810297966, 5594
513.949301958, 5596
514.09475708, 5598
514.287057161, 5600
514.423135042, 5602
514.555546999, 5604
514.717463017, 5606
514.844941139, 5608
514.984769106, 5610
515.178200006, 5612
515.324201107, 5614
515.471443176, 5616
515.684642076, 5618
515.827270985, 5620
515.972901106, 5622
516.171960115, 5624
516.313939095, 5626
516.468101025, 5628
516.659289122, 5630
516.788669109, 5632
516.909314156, 5634
517.074298143, 5636
517.206629038, 5638
517.340594053, 5640
517.567329168, 5642
517.727590084, 5644
517.888149023, 5646
518.120855093, 5648
518.288822174, 5650
518.452655077, 5652
518.671904087, 5654
518.834705114, 5656
519.004037142, 5658
519.207931042, 5660
519.346956015, 5662
519.507673025, 5664
519.733855009, 5666
519.896133184, 5668
520.068257093, 5670
520.296139002, 5672
520.469294071, 5674
520.638091087, 5676
520.827916145, 5678
520.965006113, 5680
521.102734089, 5682
521.290338039, 5684
521.423259974, 5686
521.542678118, 5688
521.702702045, 5690
521.859097958, 5692
522.006443024, 5694
522.201248169, 5696
522.340929031, 5698
522.477920055, 5700
522.669660091, 5702
522.809828997, 5704
522.945418119, 5706
523.134968996, 5708
523.268694162, 5710
523.404956102, 5712
523.594280958, 5714
523.727229118, 5716
523.845493078, 5718
524.014122009, 5720
524.151654005, 5722
524.28730011, 5724
524.476047993, 5726
524.609513044, 5728
524.747187138, 5730
524.936828136, 5732
525.069861174, 5734
525.210419178, 5736
525.40064311, 5738
525.54720211, 5740
525.691920996, 5742
525.894407988, 5744
526.035784006, 5746
526.158744097, 5748
526.328907967, 5750
526.485121965, 5752
526.643176079, 5754
526.842319965, 5756
526.98617816, 5758
527.135917187, 5760
527.339269161, 5762
527.482099056, 5764
527.629556179, 5766
527.82989502, 5768
527.972905159, 5770
528.119695187, 5772
528.335493088, 5774
528.468113184, 5776
528.607302189, 5778
528.809445143, 5780
528.95488596, 5782
529.103132963, 5784
529.305766106, 5786
529.448654175, 5788
529.59913516, 5790
529.793081999, 5792
529.927544117, 5794
530.069535017, 5796
530.260352135, 5798
530.393577099, 5800
530.530563116, 5802
530.719078064, 5804
530.837550163, 5806
530.968691111, 5808
531.162126064, 5810
531.320073128, 5812
531.461776972, 5814
531.656985998, 5816
531.793085098, 5818
531.927576065, 5820
532.114392996, 5822
532.254369974, 5824
532.389643192, 5826
532.577221155, 5828
532.713063002, 5830
532.849858046, 5832
533.017055035, 5834
533.13083005, 5836
533.26923418, 5838
533.47037816, 5840
533.605492115, 5842
533.743925095, 5844
533.931766987, 5846
534.06955719, 5848
534.205160141, 5850
534.392874956, 5852
534.526682138, 5854
534.662466049, 5856
534.853811979, 5858
534.996952057, 5860
535.14184618, 5862
535.321963072, 5864
535.446290016, 5866
535.588979959, 5868
535.786952019, 5870
535.930036068, 5872
536.077636003, 5874
536.279772043, 5876
536.42513299, 5878
536.569921017, 5880
536.76899004, 5882
536.909320116, 5884
537.052085161, 5886
537.242526054, 5888
537.372925997, 5890
537.511821032, 5892
537.674448013, 5894
537.796663046, 5896
537.939931154, 5898
538.138553143, 5900
538.281430006, 5902
538.425135136, 5904
538.626763105, 5906
538.767584085, 5908
538.909672022, 5910
539.112151146, 5912
539.253420115, 5914
539.390411139, 5916
539.578869104, 5918
539.713248014, 5920
539.84375906, 5922
540.004996061, 5924
540.125871181, 5926
540.262176991, 5928
540.448656082, 5930
540.587974072, 5932
540.748576164, 5934
540.944715977, 5936
541.100725174, 5938
541.244516134, 5940
541.432538986, 5942
541.569799185, 5944
541.704375029, 5946
541.886372089, 5948
542.013245106, 5950
542.147148132, 5952
542.309076071, 5954
542.431395054, 5956
542.566334009, 5958
542.753761053, 5960
542.887197018, 5962
543.021394014, 5964
543.213494062, 5966
543.346292019, 5968
543.482514143, 5970
543.672914028, 5972
543.806090117, 5974
543.947152138, 5976
544.138728142, 5978
544.272197008, 5980
544.404700994, 5982
544.55826211, 5984
544.675079107, 5986
544.820432186, 5988
545.013527155, 5990
545.158864975, 5992
545.311933994, 5994
545.510709047, 5996
545.650660992, 5998
545.795499086, 6000
545.996009111, 6002
546.141592026, 6004
546.287939072, 6006
546.49103117, 6008
546.622084141, 6010
546.751746178, 6012
546.916397095, 6014
547.040208101, 6016
547.167253971, 6018
547.344117165, 6020
547.473688126, 6022
547.646438122, 6024
547.867475033, 6026
548.030403137, 6028
548.189512968, 6030
548.409886122, 6032
548.564234018, 6034
548.722942114, 6036
548.944179058, 6038
549.083440065, 6040
549.213114977, 6042
549.411931992, 6044
549.57063508, 6046
549.72985816, 6048
549.947715044, 6050
550.112185955, 6052
550.269901991, 6054
550.493154049, 6056
550.661426067, 6058
550.816874981, 6060
551.007363081, 6062
551.14538312, 6064
551.27925396, 6066
551.464121103, 6068
551.588497162, 6070
551.777325153, 6072
551.982558966, 6074
552.115375996, 6076
552.249308109, 6078
552.431858063, 6080
552.564042091, 6082
552.700519085, 6084
552.88324213, 6086
553.018220186, 6088
553.157150984, 6090
553.343080044, 6092
553.47764802, 6094
553.613800049, 6096
553.772384167, 6098
553.890115976, 6100
554.02444315, 6102
554.220975161, 6104
554.35001111, 6106
554.483460188, 6108
554.672425985, 6110
554.805917978, 6112
554.941297054, 6114
555.155838966, 6116
555.294799089, 6118
555.432018995, 6120
555.635326147, 6122
555.774168015, 6124
555.917510033, 6126
556.075778008, 6128
556.198664188, 6130
556.340324163, 6132
556.535290956, 6134
556.678811073, 6136
556.821463108, 6138
557.021178961, 6140
557.158006191, 6142
557.300593138, 6144
557.495893955, 6146
557.635256052, 6148
557.781011105, 6150
557.976178169, 6152
558.12503314, 6154
558.273657084, 6156
558.445595026, 6158
558.590875149, 6160
558.741479158, 6162
558.959439039, 6164
559.108184099, 6166
559.2577281, 6168
559.446868181, 6170
559.5838871, 6172
559.720076084, 6174
559.907757998, 6176
560.04025197, 6178
560.196645975, 6180
560.408431053, 6182
560.54757309, 6184
560.668713093, 6186
560.840088129, 6188
561.008707047, 6190
561.163033962, 6192
561.391509056, 6194
561.533810139, 6196
561.690387964, 6198
561.898827076, 6200
562.045824051, 6202
562.182765007, 6204
562.371780157, 6206
562.508239031, 6208
562.643326044, 6210
562.838597059, 6212
562.962362051, 6214
563.081459045, 6216
563.267094135, 6218
563.405001163, 6220
563.546509027, 6222
563.747563124, 6224
563.880508184, 6226
564.020025969, 6228
564.209125996, 6230
564.341506958, 6232
564.477195024, 6234
564.664757013, 6236
564.80300808, 6238
564.929957151, 6240
565.122112036, 6242
565.245052099, 6244
565.374391079, 6246
565.564268112, 6248
565.704195023, 6250
565.843585968, 6252
566.04156518, 6254
566.185048103, 6256
566.329503059, 6258
566.528030157, 6260
566.668833971, 6262
566.815181971, 6264
567.017038107, 6266
567.161494017, 6268
567.303853989, 6270
567.486162186, 6272
567.618854046, 6274
567.747614145, 6276
567.962870121, 6278
568.132755995, 6280
568.286982059, 6282
568.492556095, 6284
568.635331154, 6286
568.782008171, 6288
568.983226061, 6290
569.124417067, 6292
569.259081125, 6294
569.389121056, 6296
569.574947119, 6298
569.712525129, 6300
569.827933073, 6302
569.939890146, 6304
570.115890026, 6306
570.247377157, 6308
570.37809515, 6310
570.512614012, 6312
570.666946173, 6314
570.865247011, 6316
570.999089956, 6318
571.131304979, 6320
571.267026186, 6322
571.39953208, 6324
571.585594177, 6326
571.737964153, 6328
571.871761084, 6330
572.007510185, 6332
572.12005806, 6334
572.275228024, 6336
572.407796144, 6338
572.536947966, 6340
572.669593096, 6342
572.801571131, 6344
572.984665155, 6346
573.117072105, 6348
573.261358023, 6350
573.398925066, 6352
573.531627178, 6354
573.717421055, 6356
573.846363068, 6358
573.976318121, 6360
574.105614185, 6362
574.289592981, 6364
574.411581993, 6366
574.524193048, 6368
574.645931005, 6370
574.841747999, 6372
574.97758007, 6374
575.116584063, 6376
575.259205103, 6378
575.457491159, 6380
575.596045017, 6382
575.73950696, 6384
575.877472162, 6386
576.071182966, 6388
576.212486029, 6390
576.348848104, 6392
576.49428606, 6394
576.665387154, 6396
576.785917997, 6398
576.903227091, 6400
577.028233051, 6402
577.197777987, 6404
577.321069956, 6406
577.443953037, 6408
577.583012104, 6410
577.798238993, 6412
577.951675177, 6414
578.099123955, 6416
578.253085136, 6418
578.461570024, 6420
578.615384102, 6422
578.765148163, 6424
578.916956186, 6426
579.089692116, 6428
579.218363047, 6430
579.367449045, 6432
579.522824049, 6434
579.736381054, 6436
579.896579027, 6438
580.047345161, 6440
580.188452959, 6442
580.363204956, 6444
580.485424042, 6446
580.611740112, 6448
580.745368004, 6450
580.930907965, 6452
581.054380178, 6454
581.179476023, 6456
581.298927069, 6458
581.426934004, 6460
581.612565041, 6462
581.743005037, 6464
581.872572184, 6466
582.000671148, 6468
582.185534, 6470
582.314082146, 6472
582.444761038, 6474
582.574162006, 6476
582.754645109, 6478
582.882405043, 6480
583.01427412, 6482
583.146988153, 6484
583.364463091, 6486
583.592677116, 6488
583.900675058, 6490
584.209480047, 6492
584.484842062, 6494
584.705034971, 6496
584.906475067, 6498
585.130144119, 6500
585.426548958, 6502
585.626726151, 6504
585.858016014, 6506
586.004655123, 6508
586.16092515, 6510
586.388841152, 6512
586.54282403, 6514
586.684880972, 6516
586.82826519, 6518
587.028287172, 6520
587.168883085, 6522
587.309864998, 6524
587.450863123, 6526
587.642564058, 6528
587.783158064, 6530
587.917124033, 6532
588.0534091, 6534
588.181892157, 6536
588.354494095, 6538
588.49802804, 6540
588.641184092, 6542
588.780493975, 6544
588.917828083, 6546
589.112616062, 6548
589.25276804, 6550
589.394057035, 6552
589.529345989, 6554
589.721281052, 6556
589.854470015, 6558
589.990053177, 6560
590.129569054, 6562
590.31520915, 6564
590.446686029, 6566
590.560666084, 6568
590.673403025, 6570
590.803073168, 6572
590.990875006, 6574
591.121706009, 6576
591.260156155, 6578
591.387984991, 6580
591.584171057, 6582
591.723101139, 6584
591.849943161, 6586
591.981647968, 6588
592.162794113, 6590
592.299739122, 6592
592.429566145, 6594
592.563354015, 6596
592.693142176, 6598
592.851858139, 6600
592.967148066, 6602
593.098886967, 6604
593.230281115, 6606
593.361247063, 6608
593.54994607, 6610
593.688471079, 6612
593.827496052, 6614
593.980923176, 6616
594.182589054, 6618
594.337963104, 6620
594.48416996, 6622
594.631639957, 6624
594.821280956, 6626
594.951606035, 6628
595.075510979, 6630
595.201795101, 6632
595.31912899, 6634
595.510318995, 6636
595.648379087, 6638
595.784059048, 6640
595.919833183, 6642
596.092534065, 6644
596.219441175, 6646
596.344272137, 6648
596.466163158, 6650
596.640558004, 6652
596.765856981, 6654
596.885828972, 6656
597.009921074, 6658
597.131785154, 6660
597.310623169, 6662
597.420267105, 6664
597.531105042, 6666
597.648890972, 6668
597.804856062, 6670
597.97728014, 6672
598.131385088, 6674
598.277795076, 6676
598.422440052, 6678
598.568874121, 6680
598.767147064, 6682
598.906888962, 6684
599.048513174, 6686
599.182716131, 6688
599.320482016, 6690
599.523467064, 6692
599.656013012, 6694
599.785120964, 6696
599.914616108, 6698
600.05162406, 6700
600.224732161, 6702
600.350098133, 6704
600.468708992, 6706
600.597309113, 6708
600.715689182, 6710
600.915230989, 6712
601.065220118, 6714
601.25267005, 6716
601.393224955, 6718
601.532721996, 6720
601.681225061, 6722
601.804111004, 6724
601.923508167, 6726
602.043826103, 6728
602.146694183, 6730
602.242236137, 6732
602.295736074, 6734
602.397348166, 6736
602.502336025, 6738
602.608090162, 6740
602.716623068, 6742
602.764883995, 6744
602.858086109, 6746
602.95718503, 6748
602.99991703, 6750
603.086017132, 6752
603.165762186, 6754
603.202092171, 6756
603.272577047, 6758
603.30527401, 6760
603.371744156, 6762
603.437621117, 6764
603.467065096, 6766
603.496414185, 6768
603.558216095, 6770
603.584717989, 6772
603.646278143, 6774
603.671174049, 6776
603.696413994, 6778
603.753584146, 6780
603.772850037, 6782
603.79052496, 6784
603.835064173, 6786
