0.45, 803
0.47, 799
0.50, 790
0.53, 787
0.55, 781
0.58, 778
0.60, 776
0.63, 771
0.76, 769
0.79, 768
0.81, 765
0.84, 765
0.86, 764
0.89, 764
0.92, 764
0.94, 764
0.97, 762
1.33, 762
1.49, 762
1.56, 762
1.61, 762
1.72, 762
1.74, 761
1.76, 761
1.79, 761
1.82, 759
2.02, 758
2.07, 758
2.10, 757
2.39, 757
2.42, 756
2.45, 755
4.17, 754
12.60, 754
12.63, 754
14.16, 754
16.01, 754
17.85, 754
18.92, 754
20.75, 754
20.77, 754
21.07, 753
23.60, 753
33.36, 753
52.66, 753
86.63, 753
86.66, 753
92.49, 753
111.61, 753
111.68, 753
125.53, 753
125.55, 752
134.84, 752
178.12, 752
209.71, 750
209.74, 750
