0.45, 803
0.48, 799
0.51, 790
0.54, 787
0.57, 781
0.59, 778
0.62, 776
0.65, 771
0.78, 769
0.80, 768
0.83, 765
0.85, 765
0.88, 764
0.91, 764
0.94, 764
0.96, 764
0.99, 762
1.37, 762
1.53, 762
1.61, 762
1.67, 762
1.78, 762
1.80, 761
1.83, 761
1.86, 761
1.88, 759
2.10, 758
2.14, 758
2.17, 757
2.49, 757
2.51, 756
2.54, 755
4.25, 754
13.05, 754
13.07, 754
14.65, 754
16.53, 754
18.37, 754
19.42, 754
21.26, 754
21.28, 754
21.57, 753
24.13, 753
33.82, 753
52.80, 753
87.36, 753
87.38, 753
93.36, 753
113.21, 753
113.29, 753
127.48, 753
127.51, 752
136.83, 752
179.97, 752
212.36, 750
212.38, 750
539.06, 750
