0.45, 803
0.48, 799
0.51, 790
0.54, 787
0.57, 781
0.59, 778
0.62, 776
0.65, 771
0.78, 769
0.80, 768
0.83, 765
0.86, 765
0.88, 764
0.91, 764
0.93, 764
0.96, 764
0.98, 762
1.36, 762
1.51, 762
1.59, 762
1.65, 762
1.76, 762
1.79, 761
1.81, 761
1.84, 761
1.86, 759
2.08, 758
2.13, 758
2.15, 757
2.47, 757
2.49, 756
2.52, 755
4.25, 754
12.93, 754
12.95, 754
14.49, 754
16.36, 754
18.20, 754
19.24, 754
21.11, 754
21.13, 754
21.43, 753
23.92, 753
33.40, 753
52.14, 753
87.05, 753
87.07, 753
92.95, 753
112.51, 753
112.59, 753
126.61, 753
126.64, 752
135.90, 752
179.10, 752
211.41, 750
211.44, 750
