0.46, 803
0.48, 799
0.51, 790
0.54, 787
0.57, 781
0.59, 778
0.62, 776
0.65, 771
0.78, 769
0.81, 768
0.84, 765
0.86, 765
0.89, 764
0.92, 764
0.95, 764
0.98, 764
1.00, 762
1.38, 762
1.54, 762
1.63, 762
1.68, 762
1.78, 762
1.81, 761
1.84, 761
1.86, 761
1.89, 759
2.10, 758
2.16, 758
2.19, 757
2.51, 757
2.53, 756
2.56, 755
4.34, 754
12.97, 754
13.00, 754
14.54, 754
16.38, 754
18.20, 754
19.23, 754
21.02, 754
21.04, 754
21.33, 753
23.79, 753
33.50, 753
53.21, 753
88.11, 753
88.13, 753
94.05, 753
113.63, 753
113.71, 753
127.80, 753
127.82, 752
137.14, 752
181.35, 752
213.45, 750
213.47, 750
509.14, 750
