0.45, 803
0.48, 799
0.50, 790
0.53, 787
0.56, 781
0.59, 778
0.62, 776
0.64, 771
0.78, 769
0.80, 768
0.83, 765
0.86, 765
0.88, 764
0.91, 764
0.94, 764
0.96, 764
0.99, 762
1.36, 762
1.52, 762
1.59, 762
1.65, 762
1.76, 762
1.78, 761
1.80, 761
1.83, 761
1.86, 759
2.07, 758
2.11, 758
2.14, 757
2.46, 757
2.48, 756
2.51, 755
4.27, 754
12.93, 754
12.96, 754
14.54, 754
16.44, 754
18.28, 754
19.35, 754
21.20, 754
21.23, 754
21.50, 753
24.03, 753
33.67, 753
52.62, 753
86.35, 753
86.38, 753
91.96, 753
111.17, 753
111.25, 753
125.48, 753
125.50, 752
134.81, 752
177.81, 752
208.91, 750
208.94, 750
