0.42, 803
0.45, 799
0.47, 790
0.50, 787
0.53, 781
0.56, 778
0.58, 776
0.61, 771
0.73, 769
0.75, 768
0.78, 765
0.80, 765
0.82, 764
0.85, 764
0.87, 764
0.90, 764
0.92, 762
1.27, 762
1.41, 762
1.49, 762
1.55, 762
1.65, 762
1.67, 761
1.69, 761
1.71, 761
1.74, 759
1.93, 758
1.98, 758
2.00, 757
2.30, 757
2.32, 756
2.35, 755
3.93, 754
11.71, 754
11.73, 754
13.05, 754
14.62, 754
16.20, 754
17.08, 754
18.63, 754
18.65, 754
18.89, 753
21.04, 753
29.28, 753
45.59, 753
75.06, 753
75.08, 753
80.07, 753
96.70, 753
96.77, 753
108.73, 753
108.75, 752
116.60, 752
153.73, 752
180.86, 750
180.89, 750
460.84, 750
