0.46, 803
0.49, 799
0.52, 790
0.55, 787
0.58, 781
0.60, 778
0.63, 776
0.65, 771
0.78, 769
0.81, 768
0.83, 765
0.86, 765
0.89, 764
0.92, 764
0.94, 764
0.97, 764
0.99, 762
1.36, 762
1.52, 762
1.60, 762
1.65, 762
1.76, 762
1.79, 761
1.81, 761
1.84, 761
1.86, 759
2.07, 758
2.12, 758
2.14, 757
2.44, 757
2.47, 756
2.49, 755
4.22, 754
12.93, 754
12.96, 754
14.51, 754
16.36, 754
18.22, 754
19.27, 754
21.10, 754
21.13, 754
21.42, 753
23.94, 753
33.72, 753
52.78, 753
86.85, 753
86.88, 753
92.66, 753
111.84, 753
111.91, 753
126.22, 753
126.25, 752
135.77, 752
179.18, 752
210.55, 750
210.58, 750
534.74, 750
