0.43, 803
0.46, 799
0.48, 790
0.51, 787
0.54, 781
0.56, 778
0.59, 776
0.61, 771
0.73, 769
0.75, 768
0.78, 765
0.80, 765
0.82, 764
0.85, 764
0.87, 764
0.90, 764
0.92, 762
1.27, 762
1.41, 762
1.49, 762
1.54, 762
1.63, 762
1.66, 761
1.68, 761
1.71, 761
1.73, 759
1.92, 758
1.96, 758
1.99, 757
2.27, 757
2.29, 756
2.32, 755
3.90, 754
11.59, 754
11.61, 754
12.92, 754
14.45, 754
16.02, 754
16.92, 754
18.47, 754
18.49, 754
18.73, 753
20.85, 753
29.04, 753
45.24, 753
74.36, 753
74.38, 753
79.36, 753
95.91, 753
95.98, 753
107.82, 753
107.84, 752
115.63, 752
152.40, 752
179.46, 750
179.48, 750
455.55, 750
