0.46, 803
0.49, 799
0.52, 790
0.55, 787
0.58, 781
0.60, 778
0.63, 776
0.66, 771
0.79, 769
0.82, 768
0.84, 765
0.87, 765
0.90, 764
0.92, 764
0.94, 764
0.97, 764
0.99, 762
1.37, 762
1.53, 762
1.61, 762
1.66, 762
1.77, 762
1.79, 761
1.82, 761
1.85, 761
1.87, 759
2.08, 758
2.14, 758
2.16, 757
2.47, 757
2.49, 756
2.52, 755
4.24, 754
12.80, 754
12.83, 754
14.37, 754
16.20, 754
18.03, 754
19.05, 754
20.88, 754
20.91, 754
21.19, 753
23.69, 753
33.22, 753
51.98, 753
86.54, 753
86.56, 753
92.40, 753
111.71, 753
111.79, 753
