0.47, 803
0.50, 799
0.52, 790
0.55, 787
0.57, 781
0.60, 778
0.63, 776
0.65, 771
0.79, 769
0.82, 768
0.84, 765
0.87, 765
0.89, 764
0.92, 764
0.94, 764
0.97, 764
1.00, 762
1.37, 762
1.52, 762
1.60, 762
1.66, 762
1.77, 762
1.79, 761
1.82, 761
1.85, 761
1.87, 759
2.08, 758
2.13, 758
2.16, 757
2.47, 757
2.49, 756
2.52, 755
4.23, 754
12.79, 754
12.82, 754
14.34, 754
16.17, 754
18.00, 754
19.03, 754
20.82, 754
20.85, 754
21.14, 753
23.63, 753
32.99, 753
51.54, 753
85.67, 753
85.69, 753
91.59, 753
110.94, 753
111.02, 753
124.85, 753
124.88, 752
133.95, 752
176.21, 752
