0.46, 803
0.49, 799
0.52, 790
0.55, 787
0.57, 781
0.60, 778
0.62, 776
0.65, 771
0.79, 769
0.81, 768
0.84, 765
0.86, 765
0.89, 764
0.92, 764
0.94, 764
0.97, 764
1.00, 762
1.37, 762
1.52, 762
1.61, 762
1.66, 762
1.77, 762
1.80, 761
1.83, 761
1.85, 761
1.88, 759
2.08, 758
2.13, 758
2.15, 757
2.47, 757
2.49, 756
2.52, 755
4.24, 754
12.88, 754
12.90, 754
14.41, 754
16.26, 754
18.07, 754
19.13, 754
20.94, 754
20.97, 754
21.25, 753
23.71, 753
33.08, 753
51.83, 753
85.68, 753
85.71, 753
91.60, 753
110.97, 753
111.04, 753
