0.45, 803
0.47, 799
0.50, 790
0.52, 787
0.55, 781
0.57, 778
0.60, 776
0.62, 771
0.75, 769
0.78, 768
0.80, 765
0.82, 765
0.85, 764
0.87, 764
0.90, 764
0.93, 764
0.95, 762
1.31, 762
1.46, 762
1.54, 762
1.59, 762
1.69, 762
1.72, 761
1.74, 761
1.77, 761
1.79, 759
2.00, 758
2.05, 758
2.08, 757
2.40, 757
2.43, 756
2.45, 755
4.13, 754
12.54, 754
12.56, 754
14.07, 754
15.93, 754
17.78, 754
18.83, 754
20.67, 754
20.70, 754
20.99, 753
23.53, 753
33.32, 753
52.68, 753
87.32, 753
87.34, 753
93.18, 753
112.14, 753
112.21, 753
