0.46, 803
0.49, 799
0.52, 790
0.55, 787
0.58, 781
0.61, 778
0.63, 776
0.66, 771
0.80, 769
0.82, 768
0.85, 765
0.88, 765
0.90, 764
0.93, 764
0.96, 764
0.99, 764
1.01, 762
1.37, 762
1.53, 762
1.61, 762
1.66, 762
1.76, 762
1.79, 761
1.82, 761
1.84, 761
1.87, 759
2.08, 758
2.13, 758
2.16, 757
2.47, 757
2.50, 756
2.52, 755
4.23, 754
12.84, 754
12.86, 754
14.40, 754
16.22, 754
18.03, 754
19.05, 754
20.88, 754
20.91, 754
21.18, 753
23.69, 753
33.27, 753
51.77, 753
86.05, 753
86.07, 753
91.98, 753
111.31, 753
111.38, 753
125.39, 753
125.42, 752
134.58, 752
177.55, 752
