0.47, 803
0.49, 799
0.52, 790
0.55, 787
0.58, 781
0.60, 778
0.63, 776
0.65, 771
0.79, 769
0.82, 768
0.85, 765
0.88, 765
0.90, 764
0.93, 764
0.95, 764
0.98, 764
1.01, 762
1.37, 762
1.52, 762
1.60, 762
1.65, 762
1.76, 762
1.78, 761
1.81, 761
1.84, 761
1.86, 759
2.06, 758
2.11, 758
2.13, 757
2.44, 757
2.47, 756
2.49, 755
4.20, 754
12.54, 754
12.57, 754
14.04, 754
15.79, 754
17.53, 754
18.54, 754
20.36, 754
20.38, 754
20.66, 753
23.13, 753
32.66, 753
52.05, 753
86.32, 753
86.34, 753
92.22, 753
111.22, 753
111.29, 753
124.97, 753
124.99, 752
134.26, 752
177.89, 752
209.70, 750
209.73, 750
