0.46, 803
0.48, 799
0.51, 790
0.54, 787
0.57, 781
0.60, 778
0.63, 776
0.65, 771
0.78, 769
0.81, 768
0.84, 765
0.87, 765
0.89, 764
0.92, 764
0.95, 764
0.97, 764
1.00, 762
1.37, 762
1.53, 762
1.60, 762
1.66, 762
1.76, 762
1.79, 761
1.81, 761
1.84, 761
1.86, 759
2.06, 758
2.12, 758
2.14, 757
2.45, 757
2.48, 756
2.50, 755
4.25, 754
12.92, 754
12.94, 754
14.47, 754
16.29, 754
18.12, 754
19.15, 754
20.98, 754
21.00, 754
21.29, 753
23.78, 753
33.28, 753
52.50, 753
87.41, 753
87.44, 753
93.31, 753
112.85, 753
112.93, 753
126.96, 753
126.99, 752
136.10, 752
179.85, 752
211.90, 750
211.92, 750
538.97, 750
