0.45, 803
0.48, 799
0.50, 790
0.53, 787
0.56, 781
0.59, 778
0.62, 776
0.65, 771
0.79, 769
0.82, 768
0.85, 765
0.87, 765
0.90, 764
0.93, 764
0.96, 764
0.99, 764
1.02, 762
1.41, 762
1.58, 762
1.67, 762
1.72, 762
1.84, 762
1.86, 761
1.88, 761
1.91, 761
1.94, 759
2.16, 758
2.21, 758
2.24, 757
2.55, 757
2.58, 756
2.61, 755
4.37, 754
13.15, 754
13.18, 754
14.80, 754
16.71, 754
18.64, 754
19.73, 754
21.61, 754
21.63, 754
21.92, 753
24.51, 753
34.23, 753
53.69, 753
88.71, 753
88.74, 753
94.76, 753
113.84, 753
113.91, 753
126.33, 753
126.35, 752
134.69, 752
173.08, 752
201.31, 750
201.34, 750
492.88, 750
