0.47, 803
0.50, 799
0.52, 790
0.55, 787
0.58, 781
0.61, 778
0.64, 776
0.67, 771
0.81, 769
0.84, 768
0.87, 765
0.89, 765
0.92, 764
0.94, 764
0.97, 764
0.99, 764
1.02, 762
1.39, 762
1.56, 762
1.64, 762
1.68, 762
1.79, 762
1.82, 761
1.84, 761
1.87, 761
1.90, 759
2.11, 758
2.16, 758
2.19, 757
2.49, 757
2.52, 756
2.54, 755
4.30, 754
13.02, 754
13.05, 754
14.59, 754
16.46, 754
18.33, 754
19.38, 754
21.21, 754
21.24, 754
21.52, 753
24.06, 753
33.68, 753
52.65, 753
86.54, 753
86.57, 753
92.19, 753
111.20, 753
111.28, 753
125.52, 753
125.55, 752
134.97, 752
178.13, 752
209.18, 750
209.21, 750
