0.48, 803
0.51, 799
0.53, 790
0.56, 787
0.58, 781
0.61, 778
0.63, 776
0.67, 771
0.80, 769
0.83, 768
0.85, 765
0.88, 765
0.90, 764
0.93, 764
0.96, 764
0.99, 764
1.01, 762
1.40, 762
1.56, 762
1.64, 762
1.69, 762
1.81, 762
1.83, 761
1.86, 761
1.88, 761
1.91, 759
2.12, 758
2.17, 758
2.20, 757
2.51, 757
2.53, 756
2.56, 755
4.29, 754
13.06, 754
13.08, 754
14.65, 754
16.51, 754
18.37, 754
19.42, 754
21.26, 754
21.29, 754
21.56, 753
24.14, 753
33.55, 753
52.49, 753
87.28, 753
87.31, 753
93.13, 753
112.69, 753
112.76, 753
126.80, 753
126.83, 752
135.98, 752
179.62, 752
211.86, 750
211.89, 750
