0.45, 803
0.47, 799
0.50, 790
0.53, 787
0.55, 781
0.58, 778
0.60, 776
0.63, 771
0.76, 769
0.78, 768
0.81, 765
0.84, 765
0.86, 764
0.89, 764
0.91, 764
0.94, 764
0.97, 762
1.34, 762
1.50, 762
1.57, 762
1.62, 762
1.73, 762
1.75, 761
1.78, 761
1.80, 761
1.83, 759
2.04, 758
2.09, 758
2.11, 757
2.43, 757
2.46, 756
2.48, 755
4.19, 754
12.53, 754
12.55, 754
14.05, 754
15.87, 754
17.69, 754
18.71, 754
20.53, 754
20.56, 754
20.84, 753
23.33, 753
32.92, 753
52.33, 753
86.72, 753
86.75, 753
92.56, 753
111.64, 753
111.72, 753
125.43, 753
125.46, 752
134.74, 752
178.24, 752
209.88, 750
209.91, 750
534.39, 750
