0.44, 803
0.47, 799
0.50, 790
0.53, 787
0.56, 781
0.59, 778
0.61, 776
0.64, 771
0.77, 769
0.80, 768
0.83, 765
0.85, 765
0.88, 764
0.90, 764
0.93, 764
0.95, 764
0.98, 762
1.37, 762
1.54, 762
1.62, 762
1.68, 762
1.79, 762
1.81, 761
1.84, 761
1.86, 761
1.89, 759
2.09, 758
2.14, 758
2.17, 757
2.49, 757
2.51, 756
2.53, 755
4.25, 754
12.71, 754
12.74, 754
14.30, 754
16.11, 754
17.93, 754
18.97, 754
20.76, 754
20.79, 754
21.07, 753
23.53, 753
33.00, 753
51.75, 753
85.66, 753
85.68, 753
91.38, 753
110.32, 753
110.39, 753
124.18, 753
124.20, 752
133.29, 752
175.77, 752
206.99, 750
207.02, 750
526.52, 750
