0.47, 803
0.50, 799
0.53, 790
0.56, 787
0.59, 781
0.61, 778
0.64, 776
0.66, 771
0.79, 769
0.83, 768
0.85, 765
0.87, 765
0.90, 764
0.93, 764
0.95, 764
0.98, 764
1.00, 762
1.37, 762
1.53, 762
1.61, 762
1.66, 762
1.77, 762
1.80, 761
1.82, 761
1.85, 761
1.87, 759
2.08, 758
2.14, 758
2.17, 757
2.48, 757
2.51, 756
2.53, 755
4.27, 754
12.96, 754
12.98, 754
14.54, 754
16.36, 754
18.24, 754
19.28, 754
21.10, 754
21.13, 754
21.42, 753
23.94, 753
33.32, 753
52.35, 753
85.93, 753
85.96, 753
91.76, 753
111.44, 753
111.51, 753
125.45, 753
125.48, 752
134.60, 752
177.12, 752
209.14, 750
209.17, 750
