0.46, 803
0.48, 799
0.51, 790
0.54, 787
0.57, 781
0.60, 778
0.63, 776
0.65, 771
0.79, 769
0.81, 768
0.84, 765
0.87, 765
0.90, 764
0.93, 764
0.95, 764
0.98, 764
1.01, 762
1.38, 762
1.55, 762
1.63, 762
1.69, 762
1.80, 762
1.83, 761
1.85, 761
1.88, 761
1.90, 759
2.12, 758
2.17, 758
2.19, 757
2.51, 757
2.54, 756
2.56, 755
4.34, 754
13.07, 754
13.10, 754
14.65, 754
16.51, 754
18.37, 754
19.44, 754
21.28, 754
21.31, 754
21.61, 753
24.12, 753
33.84, 753
52.96, 753
86.87, 753
86.89, 753
92.77, 753
112.56, 753
112.64, 753
126.84, 753
126.87, 752
136.13, 752
179.02, 752
211.21, 750
211.23, 750
