0.45, 803
0.47, 799
0.50, 790
0.53, 787
0.55, 781
0.58, 778
0.61, 776
0.64, 771
0.76, 769
0.79, 768
0.82, 765
0.84, 765
0.87, 764
0.89, 764
0.92, 764
0.94, 764
0.97, 762
1.33, 762
1.49, 762
1.57, 762
1.63, 762
1.74, 762
1.76, 761
1.79, 761
1.81, 761
1.84, 759
2.05, 758
2.10, 758
2.13, 757
2.44, 757
2.47, 756
2.49, 755
4.24, 754
13.00, 754
13.03, 754
14.61, 754
16.50, 754
18.41, 754
19.48, 754
21.35, 754
21.38, 754
21.67, 753
24.27, 753
33.97, 753
53.34, 753
87.39, 753
87.42, 753
93.10, 753
112.44, 753
112.52, 753
126.77, 753
126.80, 752
136.13, 752
179.48, 752
210.61, 750
210.64, 750
