0.48, 803
0.50, 799
0.53, 790
0.56, 787
0.59, 781
0.62, 778
0.64, 776
0.68, 771
0.82, 769
0.84, 768
0.87, 765
0.90, 765
0.92, 764
0.95, 764
0.98, 764
1.01, 764
1.04, 762
1.40, 762
1.56, 762
1.65, 762
1.70, 762
1.81, 762
1.83, 761
1.86, 761
1.89, 761
1.91, 759
2.13, 758
2.18, 758
2.21, 757
2.50, 757
2.53, 756
2.55, 755
4.32, 754
13.03, 754
13.05, 754
14.58, 754
16.44, 754
18.26, 754
19.29, 754
21.10, 754
21.13, 754
21.42, 753
23.91, 753
33.45, 753
52.30, 753
85.74, 753
85.76, 753
91.66, 753
111.30, 753
111.38, 753
