0.99, 774
1.12, 759
1.29, 746
1.43, 739
1.60, 737
1.74, 735
1.89, 735
2.02, 726
2.16, 726
2.31, 722
2.62, 718
2.76, 716
2.91, 714
3.05, 714
3.48, 713
3.61, 711
3.76, 711
4.05, 710
4.20, 708
4.33, 707
4.47, 705
4.60, 703
5.15, 701
5.31, 698
5.85, 698
5.98, 698
6.13, 697
6.25, 696
6.38, 695
6.51, 695
8.13, 695
8.28, 695
8.56, 695
8.70, 695
8.83, 695
9.08, 694
9.21, 692
9.63, 692
9.77, 692
9.90, 692
10.03, 686
10.18, 685
10.65, 685
10.90, 684
11.02, 684
11.14, 684
11.75, 682
12.59, 682
12.70, 682
12.94, 681
13.05, 680
13.50, 680
13.65, 680
13.76, 680
13.89, 679
14.01, 678
14.62, 676
15.25, 676
15.36, 676
15.47, 676
18.01, 676
18.13, 675
18.26, 675
18.39, 674
18.51, 674
36.40, 672
