0.99, 774
1.13, 759
1.28, 746
1.44, 739
1.59, 737
1.73, 735
1.88, 735
2.00, 726
2.14, 726
2.29, 722
2.60, 718
2.73, 716
2.88, 714
3.01, 714
3.45, 713
3.58, 711
3.72, 711
4.03, 710
4.17, 708
4.30, 707
4.43, 705
4.57, 703
5.10, 701
5.25, 698
5.80, 698
5.92, 698
6.07, 697
6.21, 696
6.34, 695
6.47, 695
8.07, 695
8.21, 695
8.49, 695
8.64, 695
8.77, 695
9.02, 694
9.16, 692
9.57, 692
9.70, 692
9.83, 692
9.95, 686
10.10, 685
10.61, 685
10.88, 684
11.01, 684
11.15, 684
11.80, 682
12.73, 682
12.85, 682
13.11, 681
13.23, 680
13.72, 680
13.84, 680
13.97, 680
14.10, 679
14.22, 678
14.87, 676
15.53, 676
15.65, 676
15.78, 676
18.46, 676
18.60, 675
18.75, 675
18.88, 674
19.00, 674
38.34, 672
