0.98, 774
1.11, 759
1.26, 746
1.41, 739
1.56, 737
1.69, 735
1.83, 735
1.95, 726
2.08, 726
2.22, 722
2.51, 718
2.64, 716
2.77, 714
2.90, 714
3.31, 713
3.44, 711
3.58, 711
3.85, 710
3.99, 708
4.11, 707
4.24, 705
4.37, 703
4.88, 701
5.02, 698
5.56, 698
5.68, 698
5.82, 697
5.94, 696
6.06, 695
6.18, 695
7.70, 695
7.84, 695
8.10, 695
8.25, 695
8.37, 695
8.60, 694
8.73, 692
9.11, 692
9.24, 692
9.37, 692
9.49, 686
9.62, 685
10.10, 685
10.34, 684
10.46, 684
10.59, 684
11.20, 682
12.05, 682
12.16, 682
12.39, 681
12.50, 680
12.95, 680
13.07, 680
13.18, 680
13.30, 679
13.42, 678
14.03, 676
14.64, 676
14.75, 676
14.87, 676
17.40, 676
17.53, 675
17.66, 675
17.78, 674
17.91, 674
36.01, 672
