1.05, 774
1.18, 759
1.33, 746
1.48, 739
1.65, 737
1.79, 735
1.93, 735
2.05, 726
2.19, 726
2.34, 722
2.63, 718
2.77, 716
2.91, 714
3.04, 714
3.46, 713
3.59, 711
3.73, 711
4.00, 710
4.13, 708
4.27, 707
4.39, 705
4.52, 703
5.04, 701
5.19, 698
5.72, 698
5.85, 698
5.98, 697
6.11, 696
6.24, 695
6.37, 695
7.88, 695
8.02, 695
8.27, 695
8.43, 695
8.54, 695
8.78, 694
8.91, 692
9.28, 692
9.42, 692
9.54, 692
9.66, 686
9.80, 685
10.27, 685
10.52, 684
10.64, 684
10.76, 684
11.38, 682
12.23, 682
12.35, 682
12.59, 681
12.70, 680
13.15, 680
13.28, 680
13.39, 680
13.51, 679
13.64, 678
14.26, 676
14.86, 676
14.98, 676
15.10, 676
17.66, 676
17.78, 675
17.92, 675
18.05, 674
18.17, 674
36.33, 672
