0.95, 774
1.09, 759
1.24, 746
1.38, 739
1.54, 737
1.68, 735
1.81, 735
1.93, 726
2.07, 726
2.21, 722
2.50, 718
2.62, 716
2.76, 714
2.89, 714
3.31, 713
3.44, 711
3.58, 711
3.85, 710
3.99, 708
4.11, 707
4.24, 705
4.37, 703
4.88, 701
5.01, 698
5.54, 698
5.66, 698
5.80, 697
5.92, 696
6.04, 695
6.17, 695
7.71, 695
7.83, 695
8.10, 695
8.24, 695
8.38, 695
8.63, 694
8.77, 692
9.20, 692
9.35, 692
9.48, 692
9.62, 686
9.77, 685
10.31, 685
10.71, 684
10.86, 684
11.02, 684
11.74, 682
12.70, 682
12.82, 682
13.09, 681
13.22, 680
13.72, 680
13.85, 680
13.99, 680
14.13, 679
14.27, 678
14.99, 676
15.69, 676
15.83, 676
15.96, 676
18.93, 676
19.07, 675
19.20, 675
19.35, 674
19.49, 674
40.48, 672
