1.04, 774
1.19, 759
1.36, 746
1.52, 739
1.70, 737
1.85, 735
2.01, 735
2.15, 726
2.31, 726
2.47, 722
2.82, 718
2.97, 716
3.13, 714
3.28, 714
3.76, 713
3.90, 711
4.06, 711
4.38, 710
4.52, 708
4.67, 707
4.81, 705
4.95, 703
5.53, 701
5.69, 698
6.29, 698
6.43, 698
6.60, 697
6.73, 696
6.87, 695
7.02, 695
8.74, 695
8.89, 695
9.20, 695
9.37, 695
9.51, 695
9.78, 694
9.93, 692
10.37, 692
10.52, 692
10.66, 692
10.80, 686
10.96, 685
11.52, 685
11.81, 684
11.96, 684
12.10, 684
12.80, 682
13.79, 682
13.91, 682
14.18, 681
14.32, 680
14.84, 680
14.98, 680
15.11, 680
15.26, 679
15.40, 678
16.11, 676
16.81, 676
16.94, 676
17.08, 676
20.02, 676
20.18, 675
20.33, 675
20.47, 674
20.61, 674
41.16, 672
384.34, 672
