1.08, 774
1.24, 759
1.40, 746
1.57, 739
1.74, 737
1.89, 735
2.04, 735
2.18, 726
2.33, 726
2.50, 722
2.83, 718
2.97, 716
3.13, 714
3.28, 714
3.76, 713
3.90, 711
4.05, 711
4.36, 710
4.52, 708
4.67, 707
4.81, 705
4.95, 703
5.52, 701
5.67, 698
6.25, 698
6.39, 698
6.55, 697
6.68, 696
6.82, 695
6.96, 695
8.71, 695
8.86, 695
9.17, 695
9.33, 695
9.47, 695
9.74, 694
9.88, 692
10.31, 692
10.46, 692
10.59, 692
10.72, 686
10.87, 685
11.42, 685
11.70, 684
11.84, 684
11.99, 684
12.68, 682
13.64, 682
13.78, 682
14.04, 681
14.17, 680
14.68, 680
14.82, 680
14.94, 680
15.08, 679
15.21, 678
15.90, 676
16.59, 676
16.72, 676
16.85, 676
19.70, 676
19.85, 675
19.99, 675
20.13, 674
20.26, 674
41.02, 672
383.88, 672
