1.04, 774
1.19, 759
1.36, 746
1.53, 739
1.71, 737
1.87, 735
2.02, 735
2.16, 726
2.33, 726
2.49, 722
2.82, 718
2.97, 716
3.14, 714
3.29, 714
3.79, 713
3.93, 711
4.10, 711
4.45, 710
4.62, 708
4.78, 707
4.93, 705
5.10, 703
5.71, 701
5.89, 698
6.51, 698
6.65, 698
6.82, 697
6.97, 696
7.11, 695
7.26, 695
9.09, 695
9.24, 695
9.55, 695
9.73, 695
9.89, 695
10.18, 694
10.34, 692
10.81, 692
10.98, 692
11.12, 692
11.25, 686
11.41, 685
11.99, 685
12.30, 684
12.44, 684
12.57, 684
13.30, 682
14.33, 682
14.46, 682
14.74, 681
14.87, 680
15.43, 680
15.57, 680
15.72, 680
15.86, 679
16.01, 678
16.77, 676
17.52, 676
17.65, 676
17.79, 676
20.82, 676
20.98, 675
21.14, 675
21.28, 674
21.43, 674
43.12, 672
