1.09, 774
1.24, 759
1.41, 746
1.57, 739
1.75, 737
1.91, 735
2.07, 735
2.20, 726
2.35, 726
2.51, 722
2.84, 718
2.99, 716
3.15, 714
3.30, 714
3.78, 713
3.93, 711
4.09, 711
4.39, 710
4.56, 708
4.70, 707
4.86, 705
5.01, 703
5.61, 701
5.78, 698
6.40, 698
6.54, 698
6.71, 697
6.86, 696
7.01, 695
7.16, 695
8.95, 695
9.09, 695
9.40, 695
9.58, 695
9.72, 695
9.99, 694
10.14, 692
10.58, 692
10.74, 692
10.88, 692
11.02, 686
11.18, 685
11.73, 685
12.02, 684
12.16, 684
12.31, 684
13.02, 682
14.02, 682
14.15, 682
14.43, 681
14.56, 680
15.10, 680
15.24, 680
15.37, 680
15.52, 679
15.66, 678
16.38, 676
17.11, 676
17.25, 676
17.38, 676
20.32, 676
20.47, 675
20.62, 675
20.75, 674
20.89, 674
41.44, 672
386.29, 672
582.61, 672
582.75, 672
