1.06, 774
1.21, 759
1.38, 746
1.54, 739
1.71, 737
1.88, 735
2.05, 735
2.19, 726
2.35, 726
2.53, 722
2.89, 718
3.04, 716
3.19, 714
3.33, 714
3.81, 713
3.95, 711
4.12, 711
4.42, 710
4.58, 708
4.72, 707
4.86, 705
5.01, 703
5.59, 701
5.75, 698
6.34, 698
6.48, 698
6.63, 697
6.77, 696
6.93, 695
7.07, 695
8.89, 695
9.04, 695
9.35, 695
9.51, 695
9.66, 695
9.93, 694
10.08, 692
10.52, 692
10.68, 692
10.82, 692
10.96, 686
11.12, 685
11.67, 685
11.96, 684
12.10, 684
12.24, 684
12.98, 682
14.02, 682
14.16, 682
14.43, 681
14.56, 680
15.09, 680
15.23, 680
15.36, 680
15.49, 679
15.63, 678
16.33, 676
17.04, 676
17.18, 676
17.31, 676
20.29, 676
20.44, 675
20.58, 675
20.73, 674
20.87, 674
41.93, 672
