1.04, 774
1.19, 759
1.35, 746
1.52, 739
1.69, 737
1.84, 735
1.99, 735
2.12, 726
2.27, 726
2.43, 722
2.76, 718
2.89, 716
3.04, 714
3.18, 714
3.64, 713
3.78, 711
3.94, 711
4.25, 710
4.39, 708
4.53, 707
4.68, 705
4.83, 703
5.40, 701
5.54, 698
6.12, 698
6.26, 698
6.41, 697
6.55, 696
6.69, 695
6.83, 695
8.51, 695
8.66, 695
8.94, 695
9.09, 695
9.22, 695
9.49, 694
9.63, 692
10.07, 692
10.23, 692
10.36, 692
10.48, 686
10.61, 685
11.16, 685
11.43, 684
11.56, 684
11.69, 684
12.37, 682
13.30, 682
13.43, 682
13.69, 681
13.81, 680
14.29, 680
14.43, 680
14.55, 680
14.68, 679
14.81, 678
15.48, 676
16.15, 676
16.28, 676
16.42, 676
19.22, 676
19.36, 675
19.49, 675
19.62, 674
19.76, 674
39.54, 672
376.23, 672
