0.01, 102
0.01, 100
0.02, 99
0.02, 99
0.02, 99
0.02, 99
0.02, 99
0.02, 98
0.02, 98
0.02, 98
0.02, 98
0.03, 98
0.03, 98
0.03, 98
0.04, 98
0.05, 98
0.05, 98
0.05, 98
0.05, 98
0.05, 97
0.05, 97
0.05, 97
0.07, 97
0.07, 97
0.07, 97
0.07, 97
0.07, 97
0.07, 97
0.07, 97
0.08, 97
0.08, 97
0.08, 97
0.08, 97
0.08, 97
0.08, 97
0.09, 97
0.09, 97
0.10, 97
0.10, 97
0.10, 97
0.10, 97
0.10, 97
0.11, 97
0.11, 97
0.11, 97
0.12, 97
0.12, 97
0.12, 97
0.12, 97
0.12, 97
0.18, 97
0.18, 97
0.20, 97
0.20, 97
0.20, 97
0.21, 97
0.21, 97
0.21, 97
0.21, 97
0.22, 97
0.24, 97
0.24, 97
0.25, 97
0.25, 97
0.25, 97
0.26, 97
0.26, 97
0.26, 97
0.26, 97
0.26, 97
0.27, 97
0.27, 97
0.29, 97
0.30, 97
0.30, 97
0.31, 97
0.32, 97
0.32, 97
0.32, 97
0.33, 97
0.33, 97
0.33, 97
0.33, 97
0.33, 97
0.33, 97
0.36, 97
0.37, 97
0.37, 97
0.37, 97
0.37, 97
0.38, 97
0.38, 97
0.38, 97
0.38, 97
0.38, 97
0.39, 97
0.39, 97
0.39, 97
0.39, 97
0.39, 96
0.39, 96
0.39, 96
0.40, 96
0.41, 96
0.41, 96
0.44, 96
0.45, 96
0.45, 96
0.47, 96
0.48, 96
0.48, 96
0.50, 96
0.51, 96
0.51, 96
0.51, 96
0.55, 96
0.55, 96
0.56, 96
0.56, 96
0.82, 96
0.82, 96
0.82, 96
0.82, 96
0.82, 96
0.85, 96
0.86, 96
0.86, 96
0.88, 96
0.88, 96
0.92, 96
0.92, 96
0.92, 96
0.92, 96
0.93, 96
0.93, 96
0.93, 96
1.16, 96
1.19, 96
1.20, 96
1.20, 96
1.27, 96
1.28, 96
1.81, 96
1.81, 96
1.81, 96
1.81, 96
1.82, 96
1.83, 96
1.84, 96
1.84, 96
1.84, 96
1.84, 96
1.86, 96
1.88, 96
1.88, 96
1.88, 96
1.88, 96
1.97, 96
1.97, 96
1.97, 96
1.97, 96
1.97, 96
1.97, 96
2.01, 96
2.01, 96
2.02, 96
2.04, 96
2.04, 96
2.06, 96
2.07, 96
2.08, 96
2.08, 96
2.09, 96
2.10, 96
2.10, 96
2.10, 96
2.11, 96
2.11, 96
2.12, 96
2.12, 96
2.12, 96
2.13, 96
2.13, 96
2.51, 96
2.52, 96
2.52, 96
2.53, 96
2.53, 96
2.53, 96
2.53, 96
2.53, 96
3.01, 96
3.01, 96
3.02, 96
3.15, 96
3.15, 96
3.15, 96
3.15, 96
3.15, 96
3.15, 96
3.15, 96
3.35, 96
3.39, 96
3.39, 96
3.39, 96
3.39, 96
3.39, 96
3.40, 96
3.40, 96
3.40, 96
3.40, 96
3.41, 96
3.41, 96
3.41, 96
3.41, 96
3.41, 96
3.41, 96
3.41, 96
3.43, 96
3.43, 96
3.45, 96
3.46, 96
3.46, 96
3.46, 96
3.46, 96
3.47, 96
3.47, 96
3.47, 96
3.47, 96
3.47, 96
3.47, 96
3.47, 96
3.47, 96
3.47, 96
3.48, 96
3.48, 96
3.49, 96
3.51, 96
3.51, 96
3.51, 96
3.51, 96
3.51, 96
3.51, 96
3.53, 96
3.53, 96
3.53, 96
3.53, 96
3.54, 96
3.54, 96
3.54, 96
3.54, 96
3.55, 96
3.55, 96
3.55, 96
3.56, 96
3.56, 96
3.59, 96
3.59, 96
3.59, 96
3.59, 96
3.74, 96
3.74, 96
3.74, 96
3.77, 96
3.79, 96
3.79, 96
3.79, 96
3.79, 96
3.79, 96
3.79, 96
3.79, 96
3.79, 96
3.92, 96
3.92, 96
3.92, 96
3.92, 96
3.98, 96
3.99, 96
4.03, 96
4.03, 96
4.03, 96
4.03, 96
4.03, 96
4.04, 96
4.04, 96
4.04, 96
4.04, 96
4.05, 96
4.17, 96
4.17, 96
4.17, 96
4.17, 96
4.17, 96
4.17, 96
4.18, 96
4.25, 96
4.25, 96
4.25, 96
4.26, 96
4.26, 96
4.26, 96
4.27, 96
4.27, 96
4.27, 96
4.28, 96
4.28, 96
4.28, 96
4.29, 96
4.29, 96
4.29, 96
4.29, 96
4.34, 96
4.34, 96
4.34, 96
4.34, 96
4.34, 96
4.43, 96
4.43, 96
4.43, 96
4.43, 96
4.43, 96
4.43, 96
4.43, 96
4.44, 96
4.44, 96
4.63, 96
4.98, 96
5.08, 96
5.08, 96
5.08, 96
5.09, 96
5.09, 96
5.10, 96
5.10, 96
5.10, 96
5.10, 96
5.10, 96
5.11, 96
5.11, 96
5.12, 96
5.12, 96
5.23, 96
5.23, 96
5.23, 96
5.23, 96
5.23, 96
5.23, 96
5.35, 96
5.35, 96
5.35, 96
5.38, 96
5.38, 96
5.52, 96
5.52, 96
5.53, 96
5.53, 96
5.54, 96
5.55, 96
5.55, 96
5.57, 96
5.60, 96
5.60, 96
5.60, 96
5.61, 96
5.61, 96
5.61, 96
5.61, 96
5.61, 96
5.61, 96
5.62, 96
5.62, 96
5.62, 96
5.64, 96
5.65, 96
5.69, 96
5.69, 96
5.69, 96
5.69, 96
5.69, 96
5.69, 96
5.69, 96
5.74, 96
5.74, 96
5.74, 96
5.74, 96
5.74, 96
5.74, 96
5.78, 96
5.78, 96
5.78, 96
5.78, 96
5.78, 96
5.81, 96
5.82, 96
5.84, 96
5.87, 96
5.87, 96
5.87, 96
5.87, 96
5.87, 96
5.87, 96
5.91, 96
5.92, 96
5.92, 96
5.92, 96
5.92, 96
5.92, 96
5.92, 96
5.93, 96
5.93, 96
5.93, 96
5.93, 96
5.93, 96
5.93, 96
5.96, 96
5.96, 96
5.97, 96
5.97, 96
5.98, 96
5.98, 96
5.98, 96
6.46, 96
6.46, 96
6.46, 96
6.46, 96
6.47, 96
6.48, 96
6.48, 96
6.48, 96
6.49, 96
6.50, 96
6.52, 96
6.53, 96
6.57, 96
6.58, 96
6.59, 96
6.59, 96
6.59, 96
6.59, 96
6.60, 96
6.82, 96
6.82, 96
6.82, 96
6.82, 96
6.83, 96
6.83, 96
6.83, 96
6.83, 96
6.84, 96
6.84, 96
6.84, 96
6.84, 96
6.84, 96
6.85, 96
6.95, 96
6.96, 96
6.97, 96
6.98, 96
6.98, 96
6.98, 96
6.98, 96
6.98, 96
6.99, 96
6.99, 96
6.99, 96
6.99, 96
6.99, 96
7.02, 96
7.02, 96
7.02, 96
7.02, 96
7.14, 96
7.23, 96
7.24, 96
7.24, 96
7.24, 96
7.24, 96
7.39, 96
7.40, 96
7.52, 96
7.52, 96
7.53, 96
7.63, 96
7.64, 96
8.29, 96
8.67, 96
8.73, 96
8.73, 96
9.21, 96
9.37, 96
9.37, 96
9.41, 96
9.41, 96
9.62, 96
9.62, 96
9.92, 96
10.16, 96
10.25, 96
10.25, 96
10.25, 96
10.44, 96
10.46, 96
10.75, 96
10.75, 96
11.01, 96
11.12, 96
11.12, 96
11.18, 96
11.18, 96
11.19, 96
11.24, 96
11.24, 96
11.26, 96
11.26, 96
11.26, 96
11.27, 96
11.27, 96
11.27, 96
11.28, 96
11.28, 96
11.29, 96
11.29, 96
11.29, 96
11.29, 96
11.30, 96
11.30, 96
11.30, 96
11.30, 96
11.34, 96
11.34, 96
11.41, 96
11.42, 96
11.42, 96
11.42, 96
11.42, 96
11.43, 96
11.43, 96
11.43, 96
11.43, 96
11.48, 96
11.54, 96
11.54, 96
11.54, 96
11.54, 96
11.54, 96
11.54, 96
11.61, 96
11.72, 96
11.72, 96
11.72, 96
11.72, 96
11.72, 96
11.73, 96
11.73, 96
11.73, 96
11.73, 96
11.73, 96
11.73, 96
11.75, 96
11.75, 96
11.76, 96
11.78, 96
11.78, 96
11.85, 96
11.85, 96
11.90, 96
11.90, 96
11.91, 96
11.92, 96
11.92, 96
11.92, 96
11.99, 96
11.99, 96
11.99, 96
11.99, 96
11.99, 96
11.99, 96
11.99, 96
11.99, 96
12.00, 96
12.00, 96
12.00, 96
12.00, 96
12.00, 96
12.24, 96
12.24, 96
12.62, 96
12.68, 96
12.69, 96
12.71, 96
12.71, 96
12.76, 96
12.76, 96
12.77, 96
12.78, 96
13.11, 96
13.11, 96
13.11, 96
13.11, 96
13.31, 96
13.31, 96
13.31, 96
13.31, 96
13.31, 96
13.32, 96
13.32, 96
13.32, 96
13.32, 96
13.32, 96
13.32, 96
13.37, 96
13.37, 96
13.38, 96
13.38, 96
13.38, 96
13.38, 96
13.38, 96
13.38, 96
13.38, 96
13.39, 96
13.39, 96
13.39, 96
13.40, 96
13.40, 96
13.40, 96
14.25, 96
14.26, 96
14.26, 96
14.26, 96
14.26, 96
14.26, 96
14.26, 96
14.28, 96
14.28, 96
14.28, 96
14.28, 96
14.28, 96
14.28, 96
14.28, 96
14.40, 96
14.41, 96
14.56, 96
14.56, 96
14.56, 96
14.57, 96
14.61, 96
14.61, 96
14.62, 96
14.62, 96
14.62, 96
14.62, 96
14.62, 96
14.62, 96
14.62, 96
14.62, 96
14.64, 96
14.64, 96
14.64, 96
14.67, 96
14.67, 96
14.67, 96
14.67, 96
14.68, 96
14.68, 96
14.77, 96
14.77, 96
14.79, 96
14.79, 96
14.80, 96
14.80, 96
14.81, 96
14.82, 96
14.82, 96
14.82, 96
15.28, 96
15.28, 96
15.28, 96
15.28, 96
15.28, 96
15.28, 96
15.28, 96
15.28, 96
15.29, 96
15.29, 96
15.30, 96
15.67, 96
15.67, 96
15.68, 96
15.68, 96
15.83, 96
15.83, 96
16.01, 96
16.01, 96
16.02, 96
16.02, 96
16.10, 96
16.30, 96
16.30, 96
16.31, 96
16.31, 96
16.31, 96
16.31, 96
16.31, 96
16.31, 96
16.31, 96
16.33, 96
16.56, 96
16.56, 96
16.57, 96
16.57, 96
16.57, 96
16.57, 96
16.57, 96
16.62, 96
16.62, 96
16.63, 96
16.63, 96
16.63, 96
16.63, 96
16.63, 96
16.63, 96
16.63, 96
16.63, 96
16.64, 96
16.64, 96
16.64, 96
16.72, 96
16.73, 96
16.73, 96
16.77, 96
16.77, 96
16.77, 96
16.77, 96
16.77, 96
16.77, 96
16.77, 96
16.78, 96
16.78, 96
16.78, 96
16.78, 96
16.78, 96
17.04, 96
17.05, 96
17.07, 96
17.07, 96
17.08, 96
17.11, 96
17.11, 96
17.11, 96
17.12, 96
17.12, 96
17.18, 96
17.18, 96
17.18, 96
17.18, 96
17.36, 96
17.36, 96
17.36, 96
17.36, 96
17.36, 96
17.36, 96
17.36, 96
17.36, 96
17.37, 96
17.55, 96
17.59, 96
17.59, 96
17.59, 96
17.61, 96
17.61, 96
17.65, 96
17.93, 96
18.05, 96
18.05, 96
18.05, 96
18.40, 96
18.40, 96
18.54, 96
18.54, 96
18.54, 96
18.54, 96
18.55, 96
18.55, 96
18.55, 96
18.55, 96
18.56, 96
18.56, 96
18.56, 96
18.56, 96
18.80, 96
18.80, 96
18.80, 96
18.81, 96
18.81, 96
18.81, 96
18.81, 96
18.81, 96
18.81, 96
18.85, 96
18.85, 96
18.85, 96
18.85, 96
19.04, 96
19.04, 96
19.04, 96
19.04, 96
19.05, 96
19.05, 96
19.05, 96
19.06, 96
19.06, 96
19.06, 96
19.06, 96
19.06, 96
19.06, 96
19.09, 96
19.15, 96
19.15, 96
19.15, 96
19.15, 96
19.15, 96
19.18, 96
19.18, 96
19.21, 96
19.23, 96
19.23, 96
19.27, 96
19.27, 96
19.32, 96
19.34, 96
19.35, 96
19.35, 96
19.61, 96
19.61, 96
19.75, 96
19.78, 96
19.78, 96
19.78, 96
19.78, 96
19.78, 96
19.79, 96
19.79, 96
19.79, 96
19.79, 96
19.87, 96
19.87, 96
19.88, 96
19.92, 96
20.05, 96
20.05, 96
20.05, 96
20.07, 96
20.07, 96
20.07, 96
20.07, 96
20.07, 96
20.11, 96
20.13, 96
20.14, 96
20.14, 96
20.14, 96
20.20, 96
20.34, 96
20.54, 96
20.54, 96
20.55, 96
20.55, 96
20.55, 96
20.55, 96
20.75, 96
20.75, 96
20.96, 96
20.96, 96
20.96, 96
20.96, 96
20.97, 96
21.08, 96
21.13, 96
21.13, 96
21.15, 96
21.15, 96
21.15, 96
21.15, 96
21.27, 96
21.30, 96
21.30, 96
21.30, 96
21.31, 96
21.32, 96
21.32, 96
21.32, 96
21.32, 96
21.32, 96
21.39, 96
21.46, 96
21.46, 96
21.47, 96
21.47, 96
21.48, 96
21.48, 96
21.49, 96
21.49, 96
21.52, 96
21.52, 96
21.58, 96
21.89, 96
22.05, 96
22.06, 96
22.06, 96
22.06, 96
22.09, 96
22.09, 96
22.09, 96
22.09, 96
22.11, 96
22.12, 96
22.12, 96
22.12, 96
22.16, 96
22.20, 96
22.51, 96
22.51, 96
22.76, 96
22.76, 96
22.76, 96
22.76, 96
22.76, 96
22.77, 96
22.79, 96
22.79, 96
22.79, 96
22.79, 96
22.79, 96
22.79, 96
22.79, 96
22.80, 96
22.80, 96
22.93, 96
22.93, 96
23.04, 96
23.04, 96
23.10, 96
23.11, 96
23.11, 96
23.11, 96
23.11, 96
23.11, 96
23.12, 96
23.12, 96
23.12, 96
23.48, 96
23.49, 96
23.49, 96
23.50, 96
23.50, 96
23.50, 96
23.50, 96
23.50, 96
23.61, 96
23.61, 96
23.61, 96
23.61, 96
23.69, 96
23.69, 96
23.69, 96
23.69, 96
23.69, 96
23.72, 96
23.72, 96
23.73, 96
23.73, 96
23.73, 96
23.73, 96
23.73, 96
23.77, 96
23.78, 96
23.78, 96
23.95, 96
23.95, 96
23.99, 96
24.00, 96
24.01, 96
24.14, 96
24.54, 96
24.54, 96
24.54, 96
24.55, 96
24.55, 96
24.56, 96
24.56, 96
24.60, 96
24.60, 96
24.60, 96
24.60, 96
24.60, 96
24.66, 96
24.66, 96
24.66, 96
24.67, 96
24.86, 96
24.86, 96
24.86, 96
24.86, 96
24.86, 96
24.86, 96
24.86, 96
24.86, 96
25.18, 96
25.44, 96
25.45, 96
25.50, 96
25.50, 96
25.79, 96
25.79, 96
25.79, 96
25.79, 96
25.80, 96
25.80, 96
25.80, 96
25.80, 96
25.80, 96
25.80, 96
25.84, 96
25.85, 96
25.96, 96
26.00, 96
26.00, 96
26.00, 96
26.00, 96
26.01, 96
26.01, 96
26.01, 96
26.01, 96
26.01, 96
26.01, 96
26.02, 96
26.02, 96
26.02, 96
26.02, 96
26.02, 96
26.02, 96
26.03, 96
26.08, 96
26.10, 96
26.10, 96
26.18, 96
26.19, 96
26.19, 96
26.19, 96
26.19, 96
26.22, 96
26.22, 96
26.28, 96
26.28, 96
26.28, 96
26.28, 96
26.67, 96
26.67, 96
26.68, 96
26.68, 96
26.70, 96
26.77, 96
26.77, 96
26.77, 96
26.77, 96
26.78, 96
26.78, 96
26.95, 96
26.96, 96
26.97, 96
26.97, 96
26.98, 96
27.01, 96
27.11, 96
27.11, 96
27.11, 96
27.35, 96
27.36, 96
27.36, 96
27.36, 96
27.49, 96
27.49, 96
27.49, 96
27.49, 96
27.50, 96
27.50, 96
27.59, 96
27.59, 96
27.59, 96
27.59, 96
27.59, 96
27.59, 96
27.59, 96
27.59, 96
27.60, 96
27.60, 96
27.60, 96
27.61, 96
27.61, 96
27.62, 96
27.62, 96
27.62, 96
27.62, 96
27.62, 96
27.62, 96
27.63, 96
27.63, 96
27.64, 96
27.65, 96
27.65, 96
27.67, 96
27.92, 96
28.30, 96
28.30, 96
28.30, 96
28.30, 96
28.30, 96
28.30, 96
28.35, 96
28.35, 96
28.35, 96
28.35, 96
28.35, 96
28.51, 96
28.51, 96
28.52, 96
28.52, 96
28.75, 96
28.75, 96
28.75, 96
28.76, 96
28.77, 96
28.77, 96
28.91, 96
29.19, 96
29.20, 96
29.20, 96
29.21, 96
29.21, 96
29.22, 96
29.22, 96
29.22, 96
29.24, 96
29.24, 96
29.29, 96
29.29, 96
29.30, 96
29.30, 96
29.30, 96
29.31, 96
29.31, 96
29.33, 96
29.33, 96
29.34, 96
29.41, 96
29.41, 96
29.41, 96
29.41, 96
29.41, 96
29.41, 96
29.65, 96
29.65, 96
29.65, 96
29.65, 96
29.79, 96
29.88, 96
29.88, 96
29.90, 96
29.90, 96
29.90, 96
29.90, 96
29.90, 96
29.90, 96
29.90, 96
29.90, 96
29.91, 96
29.91, 96
30.15, 96
30.27, 96
30.27, 96
30.27, 96
30.28, 96
30.28, 96
30.28, 96
30.28, 96
30.28, 96
30.28, 96
30.28, 96
30.34, 96
30.34, 96
30.39, 96
30.39, 96
30.39, 96
30.39, 96
30.39, 96
30.39, 96
30.39, 96
30.39, 96
30.41, 96
30.43, 96
30.43, 96
30.43, 96
30.44, 96
30.55, 96
30.55, 96
30.55, 96
30.55, 96
30.56, 96
30.59, 96
30.60, 96
30.60, 96
30.60, 96
30.60, 96
30.60, 96
30.60, 96
30.67, 96
30.69, 96
30.69, 96
30.69, 96
30.69, 96
30.81, 96
30.81, 96
30.81, 96
30.81, 96
31.29, 96
31.29, 96
31.29, 96
31.29, 96
31.30, 96
31.36, 96
31.36, 96
31.36, 96
31.36, 96
31.43, 96
31.44, 96
31.44, 96
31.46, 96
31.46, 96
31.47, 96
31.51, 96
31.52, 96
31.52, 96
31.52, 96
31.56, 96
31.57, 96
31.57, 96
31.57, 96
31.57, 96
31.58, 96
31.59, 96
31.59, 96
31.60, 96
31.60, 96
31.61, 96
31.61, 96
31.62, 96
31.62, 96
31.62, 96
31.62, 96
31.90, 96
31.90, 96
31.92, 96
31.92, 96
31.92, 96
31.92, 96
31.92, 96
31.92, 96
31.93, 96
31.93, 96
31.95, 96
31.95, 96
31.97, 96
31.98, 96
31.98, 96
32.13, 96
32.13, 96
32.13, 96
32.80, 96
32.85, 96
33.08, 96
33.08, 96
33.08, 96
33.17, 96
33.17, 96
33.17, 96
33.18, 96
33.18, 96
33.18, 96
33.18, 96
33.54, 96
33.54, 96
33.58, 96
33.58, 96
33.58, 96
33.66, 96
33.67, 96
33.67, 96
33.67, 96
33.67, 96
33.68, 96
33.68, 96
33.68, 96
33.68, 96
33.68, 96
33.68, 96
33.69, 96
33.69, 96
33.69, 96
33.70, 96
33.70, 96
33.70, 96
33.80, 96
33.80, 96
33.80, 96
33.81, 96
33.81, 96
33.81, 96
33.81, 96
33.81, 96
33.82, 96
33.83, 96
33.83, 96
33.83, 96
33.86, 96
33.86, 96
33.91, 96
33.91, 96
33.91, 96
33.91, 96
33.91, 96
34.03, 96
34.03, 96
34.03, 96
34.04, 96
34.06, 96
34.06, 96
34.06, 96
34.13, 96
34.13, 96
34.13, 96
34.13, 96
34.13, 96
34.14, 96
34.21, 96
34.21, 96
34.21, 96
34.21, 96
34.21, 96
34.22, 96
34.24, 96
34.24, 96
34.25, 96
34.25, 96
34.25, 96
34.25, 96
34.26, 96
34.29, 96
34.31, 96
34.35, 96
34.37, 96
34.37, 96
34.37, 96
34.37, 96
34.37, 96
34.38, 96
34.38, 96
34.38, 96
34.38, 96
34.39, 96
34.39, 96
34.51, 96
34.51, 96
34.51, 96
34.64, 96
34.64, 96
34.64, 96
34.64, 96
34.66, 96
34.72, 96
34.75, 96
34.75, 96
34.75, 96
35.10, 96
35.13, 96
35.13, 96
35.49, 96
35.50, 96
35.50, 96
35.50, 96
35.50, 96
35.50, 96
35.64, 96
35.65, 96
35.65, 96
35.66, 96
35.67, 96
35.67, 96
35.70, 96
35.71, 96
35.71, 96
35.71, 96
35.73, 96
35.73, 96
35.74, 96
35.75, 96
35.75, 96
35.75, 96
36.13, 96
36.13, 96
36.14, 96
36.14, 96
36.14, 96
36.38, 96
36.39, 96
36.39, 96
36.81, 96
36.81, 96
36.81, 96
36.81, 96
36.82, 96
36.88, 96
36.88, 96
36.92, 96
36.93, 96
36.93, 96
36.93, 96
36.93, 96
36.93, 96
36.93, 96
36.93, 96
36.93, 96
36.93, 96
37.02, 96
37.02, 96
37.07, 96
37.07, 96
37.08, 96
37.08, 96
37.08, 96
37.08, 96
37.14, 96
37.14, 96
37.14, 96
37.14, 96
37.15, 96
37.15, 96
37.15, 96
37.15, 96
37.24, 96
37.24, 96
37.24, 96
37.24, 96
37.24, 96
37.36, 96
37.36, 96
37.36, 96
37.36, 96
37.36, 96
37.36, 96
37.37, 96
37.37, 96
37.37, 96
37.39, 96
37.39, 96
37.39, 96
37.41, 96
37.41, 96
37.41, 96
37.41, 96
37.41, 96
37.41, 96
37.42, 96
37.42, 96
37.42, 96
37.42, 96
37.42, 96
37.46, 96
37.46, 96
37.46, 96
37.46, 96
37.48, 96
37.48, 96
37.68, 96
37.69, 96
37.70, 96
37.70, 96
37.70, 96
37.70, 96
37.84, 96
37.84, 96
37.85, 96
37.87, 96
37.93, 96
37.93, 96
37.93, 96
37.94, 96
37.94, 96
37.95, 96
37.95, 96
37.99, 96
37.99, 96
37.99, 96
38.00, 96
38.00, 96
38.00, 96
38.01, 96
38.01, 96
38.01, 96
38.01, 96
38.01, 96
38.01, 96
38.17, 96
38.17, 96
38.17, 96
38.17, 96
38.17, 96
38.18, 96
38.18, 96
38.18, 96
38.18, 96
38.18, 96
38.18, 96
38.19, 96
38.19, 96
38.19, 96
38.20, 96
38.20, 96
38.39, 96
38.39, 96
38.39, 96
38.43, 96
38.43, 96
38.43, 96
38.48, 96
38.48, 96
38.67, 96
38.67, 96
38.67, 96
38.67, 96
38.67, 96
38.69, 96
38.70, 96
38.70, 96
38.70, 96
38.70, 96
38.70, 96
38.71, 96
38.71, 96
38.71, 96
38.71, 96
38.80, 96
38.80, 96
38.80, 96
38.85, 96
38.85, 96
38.86, 96
38.86, 96
38.86, 96
38.86, 96
38.86, 96
38.87, 96
38.87, 96
38.87, 96
38.87, 96
38.94, 96
38.94, 96
38.94, 96
39.23, 96
39.23, 96
39.23, 96
39.23, 96
39.30, 96
39.30, 96
39.32, 96
39.32, 96
39.36, 96
39.48, 96
39.49, 96
39.49, 96
39.49, 96
39.56, 96
39.57, 96
39.57, 96
39.58, 96
39.58, 96
39.59, 96
39.61, 96
39.61, 96
39.61, 96
39.61, 96
39.61, 96
39.84, 96
39.84, 96
39.84, 96
39.84, 96
39.84, 96
39.84, 96
40.63, 96
40.64, 96
40.78, 96
40.78, 96
40.78, 96
40.78, 96
40.79, 96
40.79, 96
40.79, 96
40.80, 96
40.80, 96
40.96, 96
40.96, 96
40.96, 96
40.96, 96
41.00, 96
41.02, 96
41.02, 96
41.03, 96
41.17, 96
41.17, 96
41.17, 96
41.17, 96
41.17, 96
41.17, 96
41.18, 96
41.18, 96
41.18, 96
41.18, 96
41.19, 96
41.19, 96
41.19, 96
41.20, 96
41.20, 96
41.20, 96
41.20, 96
41.20, 96
41.20, 96
41.21, 96
41.21, 96
41.22, 96
41.23, 96
41.23, 96
41.23, 96
41.31, 96
41.31, 96
41.31, 96
41.32, 96
41.32, 96
41.32, 96
41.40, 96
41.42, 96
41.43, 96
41.43, 96
41.43, 96
41.43, 96
41.43, 96
41.45, 96
41.60, 96
41.72, 96
41.73, 96
41.73, 96
41.79, 96
41.85, 96
41.87, 96
41.90, 96
41.91, 96
41.91, 96
41.91, 96
41.92, 96
41.92, 96
41.92, 96
41.92, 96
41.92, 96
41.92, 96
41.93, 96
41.93, 96
41.94, 96
42.12, 96
42.12, 96
42.13, 96
42.13, 96
42.13, 96
42.18, 96
42.19, 96
42.20, 96
42.20, 96
42.20, 96
42.27, 96
42.27, 96
42.27, 96
42.28, 96
42.28, 96
42.28, 96
42.28, 96
42.29, 96
42.29, 96
42.33, 96
42.45, 96
42.95, 96
42.95, 96
42.95, 96
42.95, 96
42.95, 96
42.95, 96
42.95, 96
42.96, 96
42.96, 96
43.03, 96
43.03, 96
43.03, 96
43.03, 96
43.16, 96
43.16, 96
43.16, 96
43.17, 96
43.17, 96
43.30, 96
43.31, 96
43.37, 96
43.37, 96
43.37, 96
43.38, 96
43.38, 96
43.38, 96
43.38, 96
43.38, 96
43.38, 96
43.39, 96
43.39, 96
43.39, 96
43.39, 96
43.39, 96
43.44, 96
43.44, 96
43.84, 96
43.84, 96
43.84, 96
43.84, 96
43.84, 96
43.84, 96
43.85, 96
43.85, 96
43.85, 96
43.87, 96
43.99, 96
44.14, 96
44.14, 96
44.14, 96
44.14, 96
44.14, 96
44.14, 96
44.15, 96
44.15, 96
44.15, 96
44.15, 96
44.15, 96
44.15, 96
44.15, 96
44.16, 96
44.16, 96
44.16, 96
44.17, 96
44.18, 96
44.18, 96
44.18, 96
44.30, 96
44.30, 96
44.57, 96
44.63, 96
44.63, 96
44.67, 96
44.68, 96
44.68, 96
44.68, 96
44.69, 96
45.04, 96
45.05, 96
45.13, 96
45.14, 96
45.14, 96
45.15, 96
45.18, 96
45.18, 96
45.19, 96
45.19, 96
45.19, 96
45.19, 96
45.35, 96
45.35, 96
45.36, 96
45.41, 96
46.15, 96
46.15, 96
46.15, 96
46.15, 96
46.19, 96
46.19, 96
46.31, 96
46.31, 96
46.31, 96
46.31, 96
46.31, 96
46.45, 96
46.45, 96
46.48, 96
46.48, 96
46.48, 96
46.48, 96
46.48, 96
46.51, 96
46.51, 96
46.51, 96
46.51, 96
46.53, 96
46.53, 96
46.53, 96
46.53, 96
46.53, 96
46.53, 96
46.84, 96
46.85, 96
46.85, 96
46.85, 96
46.85, 96
46.85, 96
46.92, 96
46.92, 96
47.01, 96
47.01, 96
47.01, 96
47.10, 96
47.11, 96
47.11, 96
47.23, 96
47.23, 96
47.41, 96
47.44, 96
47.44, 96
47.44, 96
47.55, 96
47.55, 96
47.55, 96
47.84, 96
47.87, 96
47.88, 96
47.90, 96
47.90, 96
47.90, 96
47.90, 96
47.91, 96
48.05, 96
48.05, 96
48.06, 96
48.06, 96
48.56, 96
48.63, 96
48.63, 96
48.73, 96
48.73, 96
48.75, 96
48.82, 96
48.82, 96
48.82, 96
48.82, 96
48.82, 96
48.86, 96
48.86, 96
48.86, 96
49.01, 96
49.01, 96
49.01, 96
49.14, 96
49.14, 96
49.15, 96
49.17, 96
49.17, 96
49.17, 96
49.25, 96
49.28, 96
49.28, 96
49.33, 96
49.33, 96
49.33, 96
49.33, 96
49.34, 96
49.57, 96
49.72, 96
49.76, 96
49.76, 96
49.81, 96
49.85, 96
49.85, 96
49.85, 96
49.85, 96
49.85, 96
49.86, 96
49.86, 96
49.86, 96
50.08, 96
50.08, 96
50.12, 96
50.12, 96
50.13, 96
50.13, 96
50.13, 96
50.21, 96
50.21, 96
50.21, 96
50.21, 96
50.22, 96
50.23, 96
50.23, 96
50.23, 96
50.25, 96
50.66, 96
50.77, 96
50.78, 96
50.78, 96
50.78, 96
50.79, 96
50.79, 96
50.79, 96
50.90, 96
50.91, 96
50.91, 96
50.91, 96
50.91, 96
50.91, 96
50.92, 96
50.92, 96
51.21, 96
51.21, 96
51.21, 96
51.21, 96
51.21, 96
51.42, 96
51.43, 96
51.43, 96
51.43, 96
51.59, 96
51.59, 96
51.92, 96
51.93, 96
51.93, 96
51.93, 96
51.99, 96
51.99, 96
52.19, 96
52.19, 96
52.19, 96
52.19, 96
52.19, 96
52.19, 96
52.20, 96
52.20, 96
52.20, 96
52.20, 96
52.20, 96
52.21, 96
52.21, 96
52.24, 96
52.25, 96
52.25, 96
52.25, 96
52.25, 96
52.37, 96
52.42, 96
52.42, 96
52.42, 96
52.88, 96
52.93, 96
52.93, 96
53.01, 96
53.03, 96
53.03, 96
53.04, 96
53.04, 96
53.06, 96
53.07, 96
53.07, 96
53.07, 96
53.07, 96
53.07, 96
53.07, 96
53.08, 96
53.08, 96
53.23, 96
53.38, 96
53.39, 96
53.45, 96
53.45, 96
53.45, 96
53.45, 96
53.62, 96
53.97, 96
54.00, 96
54.00, 96
54.01, 96
54.01, 96
54.45, 96
54.46, 96
54.47, 96
54.47, 96
54.52, 96
54.52, 96
54.52, 96
54.52, 96
54.53, 96
54.53, 96
54.53, 96
54.54, 96
54.55, 96
54.55, 96
54.55, 96
54.55, 96
54.55, 96
54.55, 96
54.55, 96
54.67, 96
54.67, 96
54.67, 96
54.67, 96
54.67, 96
54.68, 96
54.68, 96
54.68, 96
54.69, 96
54.83, 96
54.83, 96
54.84, 96
54.87, 96
54.87, 96
54.88, 96
55.06, 96
55.06, 96
55.06, 96
55.06, 96
55.07, 96
55.07, 96
55.09, 96
55.09, 96
55.34, 96
55.34, 96
55.34, 96
55.34, 96
55.34, 96
55.53, 96
55.53, 96
55.53, 96
55.54, 96
55.55, 96
55.55, 96
55.64, 96
55.65, 96
55.67, 96
55.67, 96
55.67, 96
55.67, 96
55.72, 96
55.72, 96
56.03, 96
56.03, 96
56.67, 96
56.67, 96
56.71, 96
56.72, 96
56.72, 96
56.72, 96
56.72, 96
56.72, 96
56.86, 96
56.86, 96
57.04, 96
57.04, 96
57.16, 96
57.16, 96
57.16, 96
57.16, 96
57.19, 96
57.19, 96
57.19, 96
57.19, 96
57.19, 96
57.19, 96
57.19, 96
57.19, 96
57.20, 96
57.20, 96
57.20, 96
57.20, 96
57.22, 96
57.22, 96
57.22, 96
57.22, 96
57.22, 96
57.31, 96
57.31, 96
57.31, 96
57.33, 96
57.41, 96
57.41, 96
57.41, 96
57.43, 96
57.43, 96
57.46, 96
57.48, 96
57.49, 96
57.49, 96
57.49, 96
57.50, 96
57.53, 96
57.60, 96
57.60, 96
57.74, 96
57.74, 96
57.74, 96
57.74, 96
57.74, 96
57.75, 96
57.75, 96
57.75, 96
57.75, 96
57.79, 96
57.81, 96
57.81, 96
57.81, 96
57.81, 96
57.82, 96
57.96, 96
57.97, 96
58.19, 96
58.20, 96
58.20, 96
58.38, 96
58.41, 96
58.44, 96
58.44, 96
58.44, 96
58.44, 96
58.44, 96
58.45, 96
58.45, 96
58.45, 96
58.46, 96
58.55, 96
58.56, 96
58.56, 96
58.56, 96
58.56, 96
58.56, 96
58.56, 96
58.56, 96
58.56, 96
58.56, 96
58.57, 96
58.57, 96
58.68, 96
58.70, 96
58.70, 96
58.70, 96
58.70, 96
58.70, 96
58.70, 96
58.70, 96
58.83, 96
58.83, 96
59.32, 96
59.33, 96
59.33, 96
59.33, 96
59.33, 96
59.36, 96
59.36, 96
59.53, 96
59.53, 96
59.53, 96
59.54, 96
59.54, 96
59.54, 96
59.54, 96
59.54, 96
59.56, 96
59.57, 96
59.57, 96
59.57, 96
59.57, 96
59.77, 96
59.83, 96
59.84, 96
59.84, 96
59.84, 96
59.85, 96
59.85, 96
59.85, 96
59.85, 96
59.86, 96
59.86, 96
59.86, 96
59.86, 96
60.00, 96
60.00, 96
60.00, 96
60.00, 96
60.00, 96
60.00, 96
60.00, 96
60.00, 96
60.01, 96
60.01, 96
60.05, 96
60.05, 96
60.05, 96
60.07, 96
60.12, 96
60.15, 96
60.15, 96
60.16, 96
60.16, 96
60.16, 96
60.16, 96
60.18, 96
60.18, 96
60.18, 96
60.19, 96
60.19, 96
60.94, 96
60.94, 96
61.41, 96
61.41, 96
61.42, 96
61.42, 96
61.60, 96
61.61, 96
61.72, 96
61.72, 96
61.76, 96
61.84, 96
61.84, 96
61.86, 96
61.86, 96
61.86, 96
61.86, 96
61.87, 96
62.26, 96
62.26, 96
62.27, 96
62.28, 96
62.28, 96
62.69, 96
62.69, 96
62.70, 96
63.05, 96
63.06, 96
63.06, 96
63.06, 96
63.20, 96
63.46, 96
63.54, 96
63.54, 96
63.55, 96
63.55, 96
63.55, 96
63.55, 96
63.55, 96
63.55, 96
63.55, 96
63.65, 96
63.65, 96
63.65, 96
63.66, 96
63.67, 96
63.67, 96
63.68, 96
63.68, 96
63.68, 96
63.68, 96
63.74, 96
63.77, 96
63.77, 96
63.77, 96
63.77, 96
64.49, 96
64.80, 96
64.80, 96
64.82, 96
64.83, 96
64.83, 96
64.85, 96
65.10, 96
65.10, 96
65.10, 96
65.10, 96
65.11, 96
65.16, 96
65.16, 96
65.16, 96
65.18, 96
65.19, 96
65.19, 96
65.19, 96
65.20, 96
65.20, 96
65.21, 96
65.23, 96
65.29, 96
65.29, 96
65.41, 96
65.41, 96
65.42, 96
65.42, 96
65.42, 96
65.42, 96
65.43, 96
65.50, 96
65.53, 96
65.53, 96
65.53, 96
65.53, 96
65.54, 96
65.79, 96
65.79, 96
66.15, 96
66.17, 96
66.21, 96
66.22, 96
66.22, 96
66.22, 96
66.22, 96
66.22, 96
66.22, 96
66.22, 96
66.22, 96
66.23, 96
66.23, 96
66.23, 96
66.23, 96
66.23, 96
66.23, 96
66.23, 96
66.24, 96
66.24, 96
66.25, 96
66.25, 96
66.25, 96
66.25, 96
66.25, 96
66.27, 96
66.29, 96
66.29, 96
66.29, 96
66.30, 96
66.30, 96
66.30, 96
66.34, 96
66.34, 96
66.34, 96
66.43, 96
66.43, 96
66.43, 96
66.43, 96
66.43, 96
66.43, 96
66.43, 96
66.44, 96
66.62, 96
66.62, 96
66.62, 96
66.81, 96
66.83, 96
66.96, 96
66.96, 96
66.97, 96
66.98, 96
66.98, 96
67.07, 96
67.07, 96
67.07, 96
67.07, 96
67.07, 96
67.07, 96
67.07, 96
67.07, 96
67.13, 96
67.13, 96
67.13, 96
67.14, 96
67.14, 96
67.15, 96
67.15, 96
67.15, 96
67.15, 96
67.15, 96
67.24, 96
67.24, 96
67.24, 96
67.24, 96
67.24, 96
67.24, 96
67.24, 96
67.24, 96
67.24, 96
67.24, 96
67.33, 96
67.33, 96
67.33, 96
67.35, 96
67.35, 96
67.36, 96
67.39, 96
67.40, 96
67.41, 96
67.41, 96
67.41, 96
67.41, 96
67.41, 96
67.41, 96
67.41, 96
67.69, 96
67.69, 96
67.73, 96
67.74, 96
67.74, 96
67.74, 96
67.74, 96
67.74, 96
67.74, 96
67.75, 96
67.75, 96
67.75, 96
67.75, 96
67.75, 96
67.79, 96
67.79, 96
67.79, 96
67.83, 96
67.83, 96
67.84, 96
67.84, 96
67.84, 96
67.87, 96
67.87, 96
67.87, 96
67.88, 96
67.88, 96
67.88, 96
67.88, 96
67.88, 96
67.88, 96
67.88, 96
67.88, 96
67.88, 96
67.92, 96
67.92, 96
67.93, 96
67.98, 96
68.09, 96
68.10, 96
68.10, 96
68.17, 96
68.18, 96
68.18, 96
68.18, 96
68.18, 96
68.18, 96
68.18, 96
68.33, 96
68.33, 96
68.35, 96
68.36, 96
68.37, 96
68.37, 96
68.38, 96
68.38, 96
68.38, 96
68.40, 96
68.40, 96
68.41, 96
68.70, 96
68.71, 96
68.72, 96
68.76, 96
68.76, 96
68.76, 96
68.77, 96
68.77, 96
68.82, 96
68.83, 96
68.83, 96
68.83, 96
68.83, 96
68.83, 96
69.01, 96
69.01, 96
69.01, 96
69.01, 96
69.01, 96
69.01, 96
69.02, 96
69.02, 96
69.02, 96
69.02, 96
69.02, 96
69.02, 96
69.04, 96
69.04, 96
69.05, 96
69.05, 96
69.05, 96
69.05, 96
69.07, 96
69.08, 96
69.12, 96
69.12, 96
69.13, 96
69.13, 96
69.58, 96
69.80, 96
69.80, 96
69.80, 96
69.80, 96
69.80, 96
69.81, 96
69.81, 96
70.03, 96
70.03, 96
70.03, 96
70.03, 96
70.20, 96
70.20, 96
70.20, 96
70.20, 96
70.21, 96
70.21, 96
70.21, 96
70.21, 96
70.22, 96
70.22, 96
70.22, 96
70.22, 96
70.22, 96
70.23, 96
70.23, 96
70.26, 96
70.26, 96
70.26, 96
70.34, 96
70.34, 96
70.42, 96
70.65, 96
70.65, 96
70.65, 96
70.65, 96
70.80, 96
70.99, 96
70.99, 96
70.99, 96
70.99, 96
70.99, 96
71.17, 96
71.18, 96
71.19, 96
71.21, 96
71.31, 96
71.31, 96
71.32, 96
71.32, 96
71.32, 96
71.32, 96
71.34, 96
71.34, 96
71.34, 96
71.35, 96
71.35, 96
71.35, 96
71.35, 96
71.35, 96
71.35, 96
71.51, 96
71.51, 96
71.51, 96
71.65, 96
72.18, 96
72.19, 96
72.20, 96
72.24, 96
72.24, 96
72.24, 96
72.31, 96
72.32, 96
72.36, 96
72.37, 96
72.48, 96
72.48, 96
72.49, 96
72.64, 96
72.78, 96
72.78, 96
72.78, 96
72.78, 96
72.82, 96
72.83, 96
72.84, 96
72.84, 96
72.84, 96
72.85, 96
73.05, 96
73.06, 96
73.07, 96
73.07, 96
73.07, 96
73.07, 96
73.07, 96
73.07, 96
73.08, 96
73.08, 96
73.08, 96
73.08, 96
73.08, 96
73.08, 96
73.08, 96
73.11, 96
73.11, 96
73.11, 96
73.11, 96
73.11, 96
73.11, 96
73.19, 96
73.20, 96
73.20, 96
73.20, 96
73.20, 96
73.21, 96
73.21, 96
73.27, 96
73.27, 96
73.27, 96
73.27, 96
73.27, 96
73.28, 96
73.28, 96
73.28, 96
73.28, 96
73.29, 96
73.29, 96
73.29, 96
73.29, 96
73.29, 96
73.30, 96
73.53, 96
73.54, 96
73.56, 96
73.56, 96
73.57, 96
73.57, 96
73.57, 96
73.57, 96
73.57, 96
73.57, 96
73.58, 96
73.58, 96
73.58, 96
73.58, 96
73.58, 96
73.58, 96
73.58, 96
73.89, 96
74.10, 96
74.10, 96
74.10, 96
74.10, 96
74.10, 96
74.10, 96
74.10, 96
74.10, 96
74.11, 96
74.40, 96
74.40, 96
74.40, 96
74.44, 96
74.50, 96
74.50, 96
74.50, 96
74.50, 96
74.50, 96
74.54, 96
74.55, 96
74.63, 96
74.99, 96
75.05, 96
75.05, 96
75.05, 96
75.05, 96
75.06, 96
75.06, 96
75.06, 96
75.06, 96
75.07, 96
75.07, 96
75.08, 96
75.22, 96
75.22, 96
75.23, 96
75.24, 96
75.25, 96
75.32, 96
75.32, 96
75.33, 96
75.33, 96
75.34, 96
75.34, 96
75.35, 96
75.35, 96
75.35, 96
75.49, 96
75.49, 96
75.49, 96
75.49, 96
75.50, 96
75.51, 96
75.51, 96
75.51, 96
75.51, 96
75.51, 96
75.51, 96
75.52, 96
75.52, 96
75.56, 96
75.56, 96
75.56, 96
75.58, 96
75.58, 96
75.58, 96
75.68, 96
75.68, 96
75.72, 96
75.93, 96
75.93, 96
75.93, 96
75.93, 96
75.93, 96
75.93, 96
75.93, 96
75.94, 96
75.94, 96
75.96, 96
76.23, 96
76.24, 96
76.24, 96
76.24, 96
76.24, 96
76.25, 96
76.27, 96
76.27, 96
76.27, 96
76.27, 96
76.27, 96
76.28, 96
76.28, 96
76.28, 96
76.28, 96
76.28, 96
76.28, 96
76.28, 96
76.29, 96
76.29, 96
76.29, 96
76.31, 96
76.33, 96
76.33, 96
76.33, 96
76.33, 96
76.42, 96
76.58, 96
76.58, 96
76.58, 96
76.59, 96
76.60, 96
76.60, 96
76.60, 96
76.60, 96
76.65, 96
76.65, 96
76.65, 96
76.88, 96
76.95, 96
77.10, 96
77.10, 96
77.11, 96
77.12, 96
77.23, 96
77.24, 96
77.29, 96
77.29, 96
77.29, 96
78.04, 96
78.04, 96
78.04, 96
78.04, 96
78.08, 96
78.25, 96
78.25, 96
78.25, 96
78.26, 96
78.31, 96
78.31, 96
78.31, 96
78.31, 96
78.31, 96
78.31, 96
78.36, 96
78.36, 96
78.38, 96
78.40, 96
78.40, 96
78.40, 96
78.40, 96
78.40, 96
78.41, 96
78.42, 96
78.62, 96
78.63, 96
78.63, 96
78.63, 96
78.71, 96
78.71, 96
78.71, 96
78.71, 96
78.78, 96
79.01, 96
79.02, 96
79.02, 96
79.03, 96
79.03, 96
79.03, 96
79.06, 96
79.06, 96
79.09, 96
79.09, 96
79.12, 96
79.32, 96
79.32, 96
79.33, 96
79.33, 96
79.33, 96
79.33, 96
79.35, 96
79.35, 96
79.63, 96
79.63, 96
79.64, 96
79.65, 96
79.68, 96
79.71, 96
79.88, 96
79.88, 96
79.88, 96
79.88, 96
79.88, 96
80.04, 96
80.24, 96
80.24, 96
80.25, 96
80.25, 96
80.26, 96
80.26, 96
80.26, 96
80.26, 96
80.31, 96
80.31, 96
80.31, 96
80.32, 96
80.32, 96
80.33, 96
80.80, 96
80.80, 96
80.80, 96
80.82, 96
80.82, 96
80.82, 96
80.83, 96
80.83, 96
80.83, 96
80.83, 96
80.83, 96
80.84, 96
80.84, 96
80.84, 96
80.84, 96
80.84, 96
80.84, 96
80.85, 96
80.85, 96
80.86, 96
80.86, 96
80.99, 96
80.99, 96
81.01, 96
81.01, 96
81.02, 96
81.26, 96
81.26, 96
81.26, 96
81.27, 96
81.27, 96
81.29, 96
81.29, 96
81.34, 96
81.36, 96
81.36, 96
81.36, 96
81.36, 96
81.36, 96
81.36, 96
81.37, 96
81.37, 96
81.37, 96
81.48, 96
81.49, 96
81.50, 96
81.53, 96
81.60, 96
81.60, 96
81.60, 96
81.60, 96
81.61, 96
81.61, 96
81.61, 96
81.61, 96
81.61, 96
81.61, 96
81.62, 96
81.62, 96
81.62, 96
81.64, 96
81.64, 96
81.64, 96
81.64, 96
81.64, 96
81.98, 96
82.67, 96
82.74, 96
82.74, 96
83.00, 96
83.00, 96
83.14, 96
83.14, 96
83.55, 96
83.55, 96
83.55, 96
83.56, 96
83.56, 96
83.56, 96
83.56, 96
83.56, 96
83.63, 96
83.63, 96
83.63, 96
83.63, 96
83.63, 96
83.63, 96
83.64, 96
83.64, 96
83.66, 96
83.66, 96
83.66, 96
83.66, 96
83.67, 96
83.67, 96
83.70, 96
83.70, 96
83.71, 96
83.71, 96
83.72, 96
83.72, 96
83.72, 96
83.73, 96
83.73, 96
83.73, 96
83.73, 96
83.77, 96
83.78, 96
83.78, 96
83.78, 96
83.80, 96
83.92, 96
84.07, 96
84.07, 96
84.07, 96
84.07, 96
84.22, 96
84.23, 96
84.24, 96
84.27, 96
84.27, 96
84.28, 96
84.28, 96
84.28, 96
84.28, 96
84.28, 96
84.28, 96
84.33, 96
84.36, 96
84.37, 96
84.37, 96
84.39, 96
84.39, 96
84.39, 96
84.68, 96
84.68, 96
84.68, 96
84.68, 96
84.68, 96
84.76, 96
84.77, 96
84.92, 96
84.92, 96
84.92, 96
84.93, 96
84.95, 96
84.95, 96
84.96, 96
84.96, 96
84.99, 96
84.99, 96
84.99, 96
84.99, 96
84.99, 96
85.00, 96
85.00, 96
85.05, 96
85.05, 96
85.06, 96
85.06, 96
85.06, 96
85.07, 96
85.09, 96
85.09, 96
85.09, 96
85.09, 96
85.85, 96
85.85, 96
85.85, 96
85.88, 96
85.88, 96
85.89, 96
85.89, 96
85.89, 96
85.89, 96
85.89, 96
85.89, 96
85.90, 96
85.90, 96
86.00, 96
86.39, 96
86.39, 96
86.43, 96
86.45, 96
86.46, 96
86.46, 96
86.46, 96
86.46, 96
86.46, 96
86.46, 96
86.58, 96
86.58, 96
86.59, 96
86.59, 96
86.59, 96
86.59, 96
86.60, 96
86.60, 96
86.60, 96
86.61, 96
86.61, 96
86.61, 96
86.61, 96
86.61, 96
86.61, 96
86.61, 96
86.62, 96
86.62, 96
86.63, 96
86.63, 96
86.63, 96
86.63, 96
86.63, 96
86.72, 96
86.81, 96
86.81, 96
86.81, 96
86.82, 96
86.82, 96
86.82, 96
86.82, 96
86.94, 96
86.94, 96
86.94, 96
86.94, 96
86.95, 96
86.95, 96
86.95, 96
86.95, 96
86.96, 96
87.11, 96
87.12, 96
87.12, 96
87.12, 96
87.12, 96
87.27, 96
87.27, 96
87.28, 96
87.28, 96
87.28, 96
87.29, 96
87.30, 96
87.30, 96
87.30, 96
87.30, 96
87.37, 96
87.37, 96
87.37, 96
87.37, 96
87.38, 96
87.38, 96
87.38, 96
87.38, 96
87.39, 96
87.39, 96
87.39, 96
87.41, 96
87.44, 96
87.44, 96
87.44, 96
87.44, 96
87.44, 96
87.45, 96
87.45, 96
87.47, 96
87.47, 96
87.47, 96
87.47, 96
87.48, 96
87.48, 96
87.62, 96
87.62, 96
87.62, 96
87.65, 96
87.68, 96
87.68, 96
87.68, 96
87.69, 96
87.69, 96
87.69, 96
87.76, 96
87.76, 96
87.76, 96
87.76, 96
88.41, 96
88.41, 96
88.41, 96
88.41, 96
88.43, 96
88.43, 96
88.53, 96
88.53, 96
88.53, 96
88.66, 96
88.88, 96
89.54, 96
89.55, 96
90.20, 96
90.34, 96
90.34, 96
90.34, 96
90.50, 96
90.62, 96
90.62, 96
90.62, 96
90.65, 96
90.65, 96
90.65, 96
90.65, 96
90.65, 96
91.06, 96
91.06, 96
91.06, 96
91.15, 96
91.15, 96
91.15, 96
91.18, 96
91.19, 96
91.19, 96
91.19, 96
91.19, 96
91.77, 96
91.78, 96
91.78, 96
91.79, 96
91.79, 96
91.79, 96
91.79, 96
91.79, 96
91.79, 96
91.79, 96
91.82, 96
91.86, 96
91.86, 96
91.86, 96
91.86, 96
91.86, 96
91.86, 96
91.86, 96
91.87, 96
91.87, 96
91.87, 96
91.87, 96
91.87, 96
91.87, 96
91.88, 96
91.88, 96
91.89, 96
91.89, 96
91.92, 96
91.92, 96
91.93, 96
91.93, 96
91.93, 96
92.12, 96
92.12, 96
92.12, 96
92.13, 96
92.15, 96
92.15, 96
92.15, 96
92.15, 96
92.16, 96
92.46, 96
92.62, 96
92.62, 96
92.62, 96
92.63, 96
92.63, 96
92.63, 96
92.63, 96
92.63, 96
92.63, 96
92.63, 96
92.69, 96
92.69, 96
92.69, 96
92.69, 96
92.69, 96
92.73, 96
93.06, 96
93.06, 96
93.06, 96
93.06, 96
93.07, 96
93.07, 96
93.07, 96
93.07, 96
93.14, 96
93.35, 96
93.35, 96
93.43, 96
93.43, 96
93.43, 96
93.46, 96
93.47, 96
93.47, 96
93.48, 96
93.48, 96
93.49, 96
93.52, 96
93.53, 96
93.53, 96
93.53, 96
93.53, 96
93.73, 96
93.73, 96
93.73, 96
93.73, 96
94.16, 96
94.17, 96
94.17, 96
94.54, 96
94.54, 96
94.54, 96
94.54, 96
94.55, 96
94.56, 96
94.57, 96
94.58, 96
94.58, 96
94.59, 96
94.59, 96
94.61, 96
94.61, 96
94.61, 96
94.61, 96
94.77, 96
94.81, 96
94.81, 96
94.81, 96
94.81, 96
94.81, 96
94.81, 96
94.99, 96
95.00, 96
95.03, 96
95.03, 96
95.03, 96
95.03, 96
95.03, 96
95.04, 96
95.39, 96
95.39, 96
95.43, 96
95.43, 96
95.43, 96
95.43, 96
95.43, 96
95.44, 96
95.77, 96
95.77, 96
95.77, 96
95.80, 96
95.80, 96
95.80, 96
95.83, 96
95.83, 96
95.83, 96
95.83, 96
95.83, 96
95.83, 96
95.84, 96
95.84, 96
95.89, 96
95.89, 96
95.89, 96
95.89, 96
95.90, 96
95.90, 96
95.90, 96
95.92, 96
95.92, 96
95.92, 96
95.98, 96
95.99, 96
95.99, 96
95.99, 96
95.99, 96
95.99, 96
95.99, 96
95.99, 96
95.99, 96
95.99, 96
96.00, 96
96.08, 96
96.09, 96
96.09, 96
96.11, 96
96.11, 96
96.11, 96
96.11, 96
96.14, 96
96.15, 96
96.15, 96
96.15, 96
96.15, 96
96.15, 96
96.15, 96
96.15, 96
96.15, 96
96.15, 96
96.16, 96
96.22, 96
96.22, 96
96.26, 96
96.26, 96
96.33, 96
96.33, 96
96.49, 96
96.49, 96
96.49, 96
96.49, 96
96.55, 96
96.55, 96
96.61, 96
96.61, 96
96.61, 96
96.61, 96
96.62, 96
96.62, 96
96.62, 96
96.62, 96
96.62, 96
96.64, 96
96.66, 96
96.66, 96
96.66, 96
96.75, 96
96.77, 96
96.77, 96
96.77, 96
96.78, 96
96.78, 96
96.78, 96
96.78, 96
96.78, 96
96.80, 96
96.80, 96
96.80, 96
96.84, 96
96.84, 96
96.85, 96
96.85, 96
96.85, 96
96.85, 96
96.92, 96
96.92, 96
96.92, 96
96.92, 96
96.92, 96
96.92, 96
96.97, 96
97.16, 96
97.16, 96
97.16, 96
97.31, 96
97.31, 96
97.31, 96
97.33, 96
97.53, 96
97.53, 96
97.53, 96
97.53, 96
97.54, 96
97.55, 96
97.87, 96
97.87, 96
97.87, 96
97.87, 96
97.87, 96
97.87, 96
97.95, 96
97.95, 96
97.95, 96
97.95, 96
97.95, 96
97.95, 96
97.95, 96
98.06, 96
98.06, 96
98.06, 96
98.11, 96
98.11, 96
98.11, 96
98.11, 96
98.43, 96
98.43, 96
98.72, 96
98.72, 96
98.73, 96
98.73, 96
98.73, 96
98.74, 96
98.86, 96
98.87, 96
98.87, 96
98.93, 96
98.93, 96
98.93, 96
98.93, 96
98.93, 96
98.93, 96
98.94, 96
98.94, 96
98.94, 96
98.94, 96
98.94, 96
98.94, 96
98.94, 96
98.96, 96
98.97, 96
98.97, 96
98.97, 96
98.97, 96
98.97, 96
99.10, 96
99.10, 96
99.11, 96
99.11, 96
99.11, 96
99.11, 96
99.12, 96
99.12, 96
99.12, 96
99.12, 96
99.13, 96
99.13, 96
99.14, 96
99.14, 96
99.14, 96
99.14, 96
99.14, 96
99.19, 96
99.19, 96
99.24, 96
99.25, 96
99.25, 96
99.48, 96
99.61, 96
99.62, 96
99.62, 96
99.62, 96
99.62, 96
99.70, 96
99.85, 96
100.07, 96
100.07, 96
100.07, 96
100.08, 96
100.08, 96
100.08, 96
100.08, 96
100.08, 96
100.23, 96
100.23, 96
100.23, 96
100.23, 96
100.23, 96
100.23, 96
100.24, 96
100.24, 96
100.24, 96
100.32, 96
100.32, 96
100.39, 96
100.39, 96
100.40, 96
100.40, 96
100.41, 96
100.49, 96
100.49, 96
100.49, 96
100.49, 96
100.62, 96
100.65, 96
100.66, 96
100.66, 96
100.99, 96
100.99, 96
101.01, 96
101.01, 96
101.01, 96
101.01, 96
101.07, 96
101.07, 96
101.07, 96
101.08, 96
101.19, 96
101.19, 96
101.19, 96
101.19, 96
101.19, 96
101.19, 96
101.20, 96
101.20, 96
101.21, 96
101.22, 96
101.23, 96
101.23, 96
101.23, 96
101.23, 96
101.23, 96
101.23, 96
101.23, 96
101.23, 96
101.24, 96
101.24, 96
101.24, 96
101.24, 96
101.24, 96
101.31, 96
101.31, 96
101.32, 96
101.32, 96
101.32, 96
101.32, 96
101.32, 96
101.32, 96
101.32, 96
101.32, 96
101.33, 96
101.33, 96
101.33, 96
101.33, 96
101.34, 96
101.34, 96
101.34, 96
101.34, 96
101.34, 96
101.57, 96
101.57, 96
101.57, 96
101.58, 96
101.58, 96
101.58, 96
101.58, 96
101.58, 96
101.59, 96
101.59, 96
101.59, 96
101.59, 96
101.59, 96
101.59, 96
101.59, 96
101.59, 96
101.59, 96
101.60, 96
101.60, 96
101.74, 96
101.78, 96
101.89, 96
101.89, 96
101.89, 96
101.91, 96
102.27, 96
102.27, 96
102.27, 96
102.31, 96
102.31, 96
102.34, 96
102.41, 96
102.41, 96
102.41, 96
102.41, 96
102.41, 96
102.51, 96
102.56, 96
102.57, 96
102.71, 96
102.71, 96
102.71, 96
102.83, 96
102.88, 96
102.91, 96
102.92, 96
102.92, 96
102.92, 96
102.92, 96
102.92, 96
102.93, 96
102.93, 96
102.93, 96
102.93, 96
102.95, 96
102.95, 96
102.95, 96
102.95, 96
102.95, 96
102.96, 96
103.19, 96
103.20, 96
103.20, 96
103.20, 96
103.20, 96
103.21, 96
103.21, 96
103.21, 96
103.21, 96
103.23, 96
103.24, 96
103.24, 96
103.24, 96
103.25, 96
103.25, 96
103.26, 96
103.26, 96
103.26, 96
103.26, 96
103.26, 96
103.26, 96
103.31, 96
103.33, 96
103.33, 96
103.33, 96
103.33, 96
103.34, 96
103.34, 96
103.34, 96
103.37, 96
103.38, 96
103.38, 96
103.38, 96
103.38, 96
103.38, 96
103.38, 96
103.38, 96
103.39, 96
103.39, 96
103.39, 96
103.40, 96
103.41, 96
103.41, 96
103.41, 96
103.42, 96
103.42, 96
103.42, 96
103.42, 96
103.43, 96
103.43, 96
103.43, 96
103.44, 96
103.45, 96
103.45, 96
103.46, 96
103.46, 96
103.47, 96
103.47, 96
103.58, 96
103.58, 96
103.59, 96
103.59, 96
103.59, 96
103.63, 96
103.64, 96
103.64, 96
103.65, 96
103.65, 96
103.65, 96
103.65, 96
103.65, 96
103.65, 96
103.80, 96
103.80, 96
104.16, 96
104.16, 96
104.16, 96
104.16, 96
104.17, 96
104.17, 96
104.17, 96
104.17, 96
104.17, 96
104.19, 96
104.19, 96
104.19, 96
104.20, 96
104.21, 96
104.21, 96
104.21, 96
104.21, 96
104.21, 96
104.22, 96
104.22, 96
104.22, 96
104.32, 96
104.32, 96
104.32, 96
104.32, 96
104.32, 96
104.32, 96
104.33, 96
104.33, 96
104.33, 96
104.33, 96
104.33, 96
104.58, 96
104.58, 96
104.58, 96
104.59, 96
104.59, 96
104.66, 96
104.66, 96
104.66, 96
104.77, 96
104.86, 96
104.87, 96
104.87, 96
104.87, 96
104.87, 96
104.87, 96
104.94, 96
104.96, 96
104.97, 96
104.97, 96
104.97, 96
104.97, 96
104.97, 96
104.98, 96
104.98, 96
104.98, 96
104.98, 96
105.31, 96
105.31, 96
105.32, 96
105.34, 96
105.46, 96
105.46, 96
105.47, 96
105.47, 96
105.47, 96
105.48, 96
105.48, 96
105.48, 96
105.48, 96
105.48, 96
105.50, 96
105.51, 96
105.51, 96
105.51, 96
105.52, 96
105.52, 96
105.52, 96
105.52, 96
105.53, 96
105.55, 96
105.99, 96
106.00, 96
106.04, 96
106.04, 96
106.04, 96
106.05, 96
106.05, 96
106.14, 96
106.17, 96
106.17, 96
106.39, 96
106.39, 96
106.39, 96
106.61, 96
106.61, 96
106.62, 96
106.62, 96
106.70, 96
106.70, 96
106.70, 96
106.88, 96
106.89, 96
106.89, 96
106.89, 96
106.89, 96
106.90, 96
106.90, 96
106.90, 96
106.90, 96
107.04, 96
107.06, 96
107.07, 96
107.08, 96
107.08, 96
107.12, 96
107.12, 96
107.12, 96
107.12, 96
107.13, 96
107.13, 96
107.15, 96
107.15, 96
107.15, 96
107.16, 96
107.16, 96
107.17, 96
107.17, 96
107.17, 96
107.30, 96
107.30, 96
107.30, 96
107.39, 96
107.43, 96
107.43, 96
107.51, 96
107.51, 96
107.51, 96
107.66, 96
107.66, 96
107.66, 96
107.76, 96
107.76, 96
107.76, 96
107.89, 96
107.89, 96
107.99, 96
107.99, 96
108.10, 96
108.17, 96
108.17, 96
108.54, 96
108.54, 96
108.71, 96
108.71, 96
108.71, 96
108.71, 96
108.71, 96
108.72, 96
108.72, 96
108.78, 96
108.78, 96
108.78, 96
108.79, 96
108.79, 96
108.83, 96
109.04, 96
109.04, 96
109.04, 96
109.04, 96
109.05, 96
109.10, 96
109.10, 96
109.10, 96
109.10, 96
109.15, 96
109.15, 96
109.16, 96
109.21, 96
109.56, 96
109.63, 96
109.64, 96
109.64, 96
109.64, 96
109.64, 96
109.65, 96
109.65, 96
109.65, 96
109.70, 96
109.70, 96
109.70, 96
109.70, 96
109.75, 96
109.75, 96
109.75, 96
109.75, 96
109.75, 96
109.75, 96
109.76, 96
109.85, 96
109.85, 96
109.86, 96
109.88, 96
109.88, 96
110.05, 96
110.06, 96
110.07, 96
110.07, 96
110.07, 96
110.07, 96
110.20, 96
110.30, 96
110.30, 96
110.30, 96
110.30, 96
110.30, 96
110.38, 96
110.39, 96
110.39, 96
110.39, 96
110.39, 96
110.39, 96
110.40, 96
110.41, 96
110.41, 96
110.41, 96
110.41, 96
110.52, 96
110.61, 96
110.75, 96
110.75, 96
110.92, 96
110.96, 96
110.96, 96
110.97, 96
110.97, 96
110.97, 96
110.97, 96
110.97, 96
110.97, 96
110.97, 96
111.04, 96
111.04, 96
111.04, 96
111.04, 96
111.04, 96
111.04, 96
111.05, 96
111.05, 96
111.05, 96
111.07, 96
111.07, 96
111.07, 96
111.07, 96
111.08, 96
111.08, 96
111.08, 96
111.08, 96
111.08, 96
111.09, 96
111.09, 96
111.09, 96
111.09, 96
111.10, 96
111.10, 96
111.10, 96
111.15, 96
111.19, 96
111.19, 96
111.20, 96
111.22, 96
111.27, 96
111.27, 96
111.30, 96
111.30, 96
111.30, 96
111.39, 96
111.39, 96
111.39, 96
111.39, 96
111.41, 96
111.41, 96
111.42, 96
111.50, 96
111.50, 96
111.50, 96
111.50, 96
111.53, 96
111.53, 96
111.53, 96
111.60, 96
111.84, 96
111.84, 96
111.85, 96
111.85, 96
111.85, 96
111.87, 96
111.88, 96
111.88, 96
111.93, 96
111.94, 96
111.94, 96
111.97, 96
111.98, 96
111.98, 96
111.98, 96
112.36, 96
112.37, 96
112.37, 96
112.37, 96
112.37, 96
112.37, 96
112.38, 96
112.72, 96
112.72, 96
112.80, 96
112.80, 96
112.80, 96
112.81, 96
113.01, 96
113.01, 96
113.01, 96
113.01, 96
113.08, 96
113.09, 96
113.14, 96
113.15, 96
113.15, 96
113.15, 96
113.15, 96
113.15, 96
113.16, 96
113.16, 96
113.16, 96
113.16, 96
113.16, 96
113.16, 96
113.32, 96
113.32, 96
113.32, 96
113.32, 96
113.32, 96
113.32, 96
113.33, 96
113.33, 96
113.33, 96
113.33, 96
113.36, 96
113.37, 96
113.37, 96
113.40, 96
113.41, 96
113.45, 96
113.45, 96
113.45, 96
113.46, 96
113.46, 96
113.46, 96
113.46, 96
113.78, 96
113.78, 96
113.97, 96
113.98, 96
114.03, 96
114.12, 96
114.12, 96
114.12, 96
114.14, 96
114.14, 96
114.14, 96
114.14, 96
114.37, 96
114.37, 96
114.37, 96
114.46, 96
114.46, 96
114.46, 96
114.48, 96
114.54, 96
114.58, 96
114.58, 96
114.58, 96
114.58, 96
115.46, 96
115.52, 96
115.52, 96
115.52, 96
115.80, 96
115.80, 96
115.80, 96
115.86, 96
115.86, 96
116.34, 96
116.35, 96
116.51, 96
116.51, 96
116.51, 96
116.51, 96
116.51, 96
116.51, 96
116.52, 96
116.56, 96
116.57, 96
116.57, 96
116.58, 96
116.58, 96
116.59, 96
116.59, 96
116.69, 96
116.69, 96
116.70, 96
116.87, 96
116.88, 96
116.91, 96
116.91, 96
116.91, 96
116.91, 96
116.91, 96
116.92, 96
116.93, 96
116.93, 96
116.96, 96
117.06, 96
117.06, 96
117.06, 96
117.06, 96
117.09, 96
117.09, 96
117.09, 96
117.09, 96
117.09, 96
117.09, 96
117.10, 96
117.10, 96
117.10, 96
117.10, 96
117.11, 96
117.11, 96
117.11, 96
117.11, 96
117.12, 96
117.12, 96
117.21, 96
117.21, 96
117.21, 96
117.21, 96
117.21, 96
117.21, 96
117.21, 96
117.22, 96
117.22, 96
117.22, 96
117.22, 96
117.22, 96
117.36, 96
117.36, 96
117.36, 96
117.37, 96
117.37, 96
117.37, 96
117.37, 96
117.37, 96
117.37, 96
117.37, 96
117.38, 96
117.38, 96
117.38, 96
117.38, 96
117.38, 96
117.38, 96
117.38, 96
117.38, 96
117.39, 96
117.43, 96
117.43, 96
117.43, 96
117.43, 96
117.45, 96
117.45, 96
117.78, 96
117.78, 96
117.78, 96
118.04, 96
118.05, 96
118.05, 96
118.06, 96
118.06, 96
118.06, 96
118.06, 96
118.06, 96
118.07, 96
118.07, 96
118.07, 96
118.07, 96
118.07, 96
118.11, 96
118.12, 96
118.12, 96
118.12, 96
118.12, 96
118.12, 96
118.13, 96
118.13, 96
118.13, 96
119.35, 96
119.35, 96
119.39, 96
119.39, 96
119.39, 96
119.49, 96
119.49, 96
119.49, 96
119.49, 96
119.74, 96
119.75, 96
119.76, 96
119.76, 96
119.76, 96
119.82, 96
119.82, 96
120.05, 96
120.06, 96
120.06, 96
120.06, 96
120.06, 96
120.06, 96
120.07, 96
120.07, 96
120.07, 96
120.67, 96
120.67, 96
120.67, 96
120.67, 96
120.67, 96
120.67, 96
120.67, 96
120.67, 96
120.68, 96
120.68, 96
120.68, 96
120.68, 96
120.68, 96
120.69, 96
120.69, 96
120.73, 96
120.74, 96
120.76, 96
120.76, 96
120.99, 96
120.99, 96
120.99, 96
120.99, 96
120.99, 96
120.99, 96
120.99, 96
121.04, 96
121.05, 96
121.05, 96
121.05, 96
121.05, 96
121.05, 96
121.08, 96
121.08, 96
121.26, 96
121.26, 96
121.26, 96
121.35, 96
121.35, 96
121.47, 96
121.54, 96
121.58, 96
121.58, 96
121.58, 96
121.58, 96
121.58, 96
121.60, 96
121.60, 96
121.60, 96
121.85, 96
121.85, 96
121.85, 96
121.85, 96
121.87, 96
121.92, 96
121.92, 96
121.97, 96
121.98, 96
121.98, 96
121.98, 96
121.98, 96
121.98, 96
122.07, 96
122.07, 96
122.07, 96
122.08, 96
122.15, 96
122.15, 96
122.16, 96
122.16, 96
122.16, 96
122.35, 96
122.37, 96
122.37, 96
122.38, 96
122.38, 96
122.38, 96
122.38, 96
122.38, 96
122.38, 96
122.41, 96
122.41, 96
122.41, 96
122.41, 96
122.41, 96
122.42, 96
122.42, 96
122.42, 96
122.67, 96
122.97, 96
122.97, 96
122.98, 96
123.00, 96
123.00, 96
123.04, 96
123.04, 96
123.04, 96
123.09, 96
123.21, 96
123.22, 96
123.26, 96
123.26, 96
123.26, 96
123.27, 96
123.27, 96
123.27, 96
123.27, 96
123.28, 96
123.28, 96
123.28, 96
123.28, 96
123.34, 96
123.34, 96
123.34, 96
123.35, 96
123.35, 96
123.35, 96
123.35, 96
123.39, 96
123.40, 96
123.40, 96
123.41, 96
123.51, 96
123.51, 96
123.51, 96
123.51, 96
123.52, 96
123.52, 96
123.52, 96
123.52, 96
123.89, 96
123.89, 96
124.04, 96
124.04, 96
124.04, 96
124.05, 96
124.05, 96
124.05, 96
124.05, 96
124.05, 96
124.05, 96
124.06, 96
124.06, 96
124.33, 96
124.33, 96
124.33, 96
124.33, 96
124.34, 96
124.34, 96
124.34, 96
124.34, 96
124.34, 96
124.34, 96
124.35, 96
124.44, 96
124.44, 96
124.44, 96
124.51, 96
124.53, 96
124.54, 96
124.54, 96
124.54, 96
124.55, 96
124.56, 96
124.65, 96
124.66, 96
124.66, 96
124.66, 96
124.67, 96
124.67, 96
124.67, 96
124.67, 96
124.68, 96
124.69, 96
124.69, 96
124.69, 96
124.70, 96
124.72, 96
124.72, 96
124.73, 96
124.73, 96
124.73, 96
124.73, 96
124.81, 96
124.81, 96
124.85, 96
124.85, 96
124.87, 96
124.87, 96
124.87, 96
125.05, 96
125.09, 96
125.09, 96
125.22, 96
125.22, 96
125.23, 96
125.23, 96
125.47, 96
125.63, 96
125.63, 96
125.75, 96
125.75, 96
125.75, 96
125.75, 96
125.75, 96
125.93, 96
126.03, 96
126.17, 96
126.19, 96
126.31, 96
126.31, 96
126.32, 96
126.38, 96
126.38, 96
126.38, 96
126.38, 96
126.38, 96
126.38, 96
126.42, 96
126.42, 96
126.42, 96
126.42, 96
126.42, 96
126.42, 96
126.43, 96
126.46, 96
126.62, 96
126.62, 96
126.62, 96
126.63, 96
126.63, 96
126.66, 96
126.68, 96
126.69, 96
126.70, 96
126.70, 96
126.70, 96
126.70, 96
126.70, 96
126.70, 96
126.71, 96
126.71, 96
126.71, 96
126.71, 96
126.71, 96
126.71, 96
126.83, 96
126.83, 96
126.83, 96
126.84, 96
126.84, 96
126.86, 96
126.86, 96
126.86, 96
126.86, 96
126.86, 96
126.86, 96
126.86, 96
126.86, 96
126.92, 96
127.02, 96
127.02, 96
127.02, 96
127.03, 96
127.11, 96
127.11, 96
127.11, 96
127.12, 96
127.12, 96
127.13, 96
127.13, 96
127.13, 96
127.13, 96
127.13, 96
127.13, 96
127.14, 96
127.27, 96
127.49, 96
127.49, 96
127.49, 96
127.49, 96
127.49, 96
127.49, 96
127.57, 96
127.57, 96
127.58, 96
127.58, 96
127.75, 96
127.75, 96
127.76, 96
127.76, 96
127.76, 96
127.76, 96
127.81, 96
127.85, 96
127.85, 96
127.96, 96
127.97, 96
127.97, 96
127.97, 96
128.02, 96
128.02, 96
128.38, 96
128.38, 96
128.39, 96
128.39, 96
128.39, 96
128.40, 96
128.50, 96
128.68, 96
128.68, 96
128.84, 96
128.84, 96
128.84, 96
129.01, 96
129.09, 96
129.09, 96
129.13, 96
129.13, 96
129.29, 96
129.29, 96
129.30, 96
129.30, 96
129.30, 96
129.30, 96
129.30, 96
129.30, 96
129.30, 96
129.31, 96
129.32, 96
129.40, 96
129.40, 96
129.40, 96
129.40, 96
129.40, 96
129.42, 96
129.42, 96
129.42, 96
129.42, 96
129.42, 96
129.42, 96
129.43, 96
129.43, 96
129.43, 96
129.44, 96
129.44, 96
129.44, 96
129.49, 96
129.49, 96
129.49, 96
129.50, 96
129.50, 96
129.56, 96
129.58, 96
129.60, 96
129.61, 96
129.61, 96
129.61, 96
129.61, 96
129.61, 96
129.62, 96
129.63, 96
129.68, 96
129.68, 96
129.69, 96
129.69, 96
129.69, 96
129.69, 96
129.70, 96
129.78, 96
129.78, 96
129.78, 96
129.78, 96
129.83, 96
129.83, 96
129.83, 96
129.84, 96
129.84, 96
129.84, 96
129.84, 96
129.91, 96
129.92, 96
129.92, 96
129.98, 96
129.98, 96
129.98, 96
129.98, 96
129.98, 96
129.98, 96
129.98, 96
130.12, 96
130.12, 96
130.13, 96
130.13, 96
130.13, 96
130.13, 96
130.13, 96
130.33, 96
130.33, 96
130.59, 96
131.29, 96
131.29, 96
131.29, 96
131.29, 96
131.30, 96
131.30, 96
131.30, 96
131.30, 96
131.40, 96
131.41, 96
131.61, 96
131.61, 96
131.61, 96
131.63, 96
131.63, 96
131.81, 96
131.81, 96
131.81, 96
131.82, 96
131.82, 96
131.82, 96
131.82, 96
131.82, 96
131.83, 96
131.83, 96
131.83, 96
131.83, 96
131.83, 96
131.84, 96
131.85, 96
131.85, 96
131.96, 96
131.97, 96
131.97, 96
132.41, 96
132.42, 96
132.42, 96
132.42, 96
132.42, 96
132.43, 96
132.43, 96
132.43, 96
132.43, 96
132.44, 96
132.44, 96
132.44, 96
132.44, 96
132.44, 96
132.45, 96
132.45, 96
132.64, 96
132.64, 96
132.64, 96
132.65, 96
132.67, 96
132.68, 96
132.90, 96
132.90, 96
132.90, 96
133.02, 96
133.02, 96
133.02, 96
133.20, 96
133.20, 96
133.20, 96
133.20, 96
133.23, 96
133.23, 96
133.26, 96
133.26, 96
133.26, 96
133.26, 96
133.26, 96
133.26, 96
133.26, 96
133.26, 96
133.26, 96
133.27, 96
133.27, 96
133.27, 96
133.27, 96
133.30, 96
133.30, 96
133.31, 96
133.31, 96
133.31, 96
133.31, 96
133.32, 96
133.32, 96
133.32, 96
133.44, 96
133.44, 96
133.44, 96
133.44, 96
133.44, 96
133.60, 96
133.60, 96
133.60, 96
133.60, 96
133.60, 96
133.61, 96
133.61, 96
133.63, 96
133.63, 96
133.64, 96
133.64, 96
133.64, 96
133.64, 96
133.64, 96
133.69, 96
133.69, 96
133.70, 96
133.70, 96
133.70, 96
133.70, 96
133.70, 96
133.70, 96
133.70, 96
133.75, 96
133.75, 96
133.92, 96
133.92, 96
133.97, 96
134.01, 96
134.01, 96
134.02, 96
134.02, 96
134.02, 96
134.02, 96
134.25, 96
134.25, 96
134.44, 96
134.68, 96
134.83, 96
134.83, 96
134.83, 96
134.83, 96
135.20, 96
135.21, 96
135.21, 96
135.21, 96
135.27, 96
135.40, 96
135.40, 96
135.40, 96
135.40, 96
135.40, 96
135.40, 96
135.42, 96
135.67, 96
135.67, 96
135.67, 96
135.67, 96
135.67, 96
135.68, 96
135.92, 96
135.92, 96
135.94, 96
135.94, 96
135.94, 96
135.94, 96
135.95, 96
135.95, 96
135.98, 96
135.99, 96
135.99, 96
136.33, 96
136.33, 96
136.33, 96
136.34, 96
136.44, 96
136.44, 96
136.44, 96
136.44, 96
136.44, 96
136.67, 96
136.67, 96
136.67, 96
136.68, 96
136.68, 96
136.68, 96
136.68, 96
136.68, 96
136.68, 96
136.69, 96
136.69, 96
136.69, 96
136.72, 96
136.72, 96
136.72, 96
136.72, 96
136.72, 96
136.79, 96
136.79, 96
136.80, 96
136.80, 96
136.80, 96
136.80, 96
136.81, 96
136.82, 96
136.83, 96
136.98, 96
136.98, 96
136.99, 96
137.05, 96
137.05, 96
137.05, 96
137.05, 96
137.08, 96
137.08, 96
137.08, 96
137.08, 96
137.08, 96
137.26, 96
137.26, 96
137.27, 96
137.92, 96
137.97, 96
137.97, 96
138.05, 96
138.05, 96
138.06, 96
138.06, 96
138.06, 96
138.06, 96
138.07, 96
138.07, 96
138.07, 96
138.07, 96
138.07, 96
138.07, 96
138.07, 96
138.11, 96
138.12, 96
138.36, 96
138.38, 96
138.38, 96
138.38, 96
138.42, 96
138.42, 96
138.42, 96
138.42, 96
138.53, 96
138.76, 96
138.76, 96
138.76, 96
138.76, 96
138.77, 96
138.77, 96
138.78, 96
138.78, 96
138.78, 96
138.84, 96
138.84, 96
138.84, 96
138.84, 96
138.84, 96
138.85, 96
138.85, 96
138.85, 96
138.85, 96
138.85, 96
138.85, 96
138.85, 96
138.85, 96
138.90, 96
138.91, 96
138.91, 96
138.92, 96
138.92, 96
138.92, 96
138.92, 96
138.92, 96
138.92, 96
138.92, 96
138.96, 96
139.01, 96
139.01, 96
139.01, 96
139.01, 96
139.01, 96
139.02, 96
139.02, 96
139.02, 96
139.02, 96
139.02, 96
139.02, 96
139.02, 96
139.04, 96
139.05, 96
139.06, 96
139.06, 96
139.06, 96
139.32, 96
139.32, 96
139.32, 96
139.32, 96
139.33, 96
139.33, 96
139.33, 96
139.33, 96
139.33, 96
139.33, 96
139.33, 96
139.33, 96
139.33, 96
139.33, 96
139.34, 96
139.35, 96
139.41, 96
139.63, 96
139.67, 96
139.67, 96
139.70, 96
139.70, 96
139.70, 96
139.70, 96
139.77, 96
139.78, 96
140.05, 96
140.05, 96
140.05, 96
140.31, 96
140.31, 96
140.31, 96
140.35, 96
140.37, 96
140.37, 96
140.37, 96
140.37, 96
140.37, 96
140.38, 96
140.42, 96
140.42, 96
140.42, 96
140.68, 96
140.68, 96
140.68, 96
140.68, 96
140.69, 96
140.69, 96
140.69, 96
140.69, 96
140.92, 96
140.93, 96
140.93, 96
140.93, 96
140.93, 96
140.94, 96
140.94, 96
140.94, 96
140.94, 96
140.95, 96
140.96, 96
140.96, 96
140.96, 96
140.96, 96
141.02, 96
141.02, 96
141.02, 96
141.03, 96
141.21, 96
141.23, 96
141.23, 96
141.25, 96
141.25, 96
141.25, 96
141.25, 96
141.25, 96
141.26, 96
141.29, 96
141.30, 96
141.89, 96
141.89, 96
141.93, 96
141.93, 96
141.93, 96
141.93, 96
142.07, 96
142.07, 96
142.07, 96
142.07, 96
142.07, 96
142.07, 96
142.20, 96
142.20, 96
142.20, 96
142.21, 96
142.21, 96
142.21, 96
142.21, 96
142.21, 96
142.21, 96
142.22, 96
142.22, 96
142.61, 96
142.64, 96
142.64, 96
142.92, 96
142.93, 96
142.93, 96
142.93, 96
142.93, 96
142.93, 96
142.98, 96
142.98, 96
142.99, 96
142.99, 96
142.99, 96
142.99, 96
142.99, 96
143.00, 96
143.00, 96
143.00, 96
143.00, 96
143.01, 96
143.01, 96
143.01, 96
143.09, 96
143.09, 96
143.09, 96
143.09, 96
143.09, 96
143.10, 96
143.10, 96
143.10, 96
143.10, 96
143.11, 96
143.11, 96
143.40, 96
143.40, 96
143.40, 96
143.42, 96
143.45, 96
143.46, 96
143.46, 96
143.46, 96
143.46, 96
143.46, 96
143.47, 96
143.47, 96
143.47, 96
143.48, 96
143.48, 96
143.48, 96
143.48, 96
143.55, 96
143.55, 96
143.55, 96
143.55, 96
143.58, 96
143.81, 96
143.82, 96
143.82, 96
143.82, 96
143.82, 96
143.83, 96
143.83, 96
143.92, 96
143.96, 96
143.96, 96
143.96, 96
143.97, 96
143.97, 96
143.97, 96
143.97, 96
143.98, 96
143.98, 96
143.98, 96
143.98, 96
143.98, 96
144.23, 96
144.23, 96
144.37, 96
144.37, 96
144.37, 96
144.37, 96
144.37, 96
144.38, 96
144.38, 96
144.38, 96
144.38, 96
144.38, 96
144.38, 96
144.38, 96
144.38, 96
144.39, 96
144.39, 96
144.39, 96
144.39, 96
144.39, 96
144.40, 96
144.61, 96
144.62, 96
144.70, 96
144.70, 96
144.70, 96
144.74, 96
144.74, 96
144.74, 96
144.74, 96
144.74, 96
145.02, 96
145.02, 96
145.03, 96
145.03, 96
145.03, 96
145.03, 96
145.05, 96
145.05, 96
145.05, 96
145.05, 96
145.05, 96
145.05, 96
145.06, 96
145.07, 96
145.07, 96
145.18, 96
145.18, 96
145.19, 96
145.19, 96
145.29, 96
145.29, 96
145.30, 96
145.30, 96
145.31, 96
145.31, 96
145.40, 96
145.40, 96
145.51, 96
145.51, 96
145.51, 96
145.52, 96
145.52, 96
145.69, 96
145.69, 96
145.69, 96
145.69, 96
145.69, 96
145.69, 96
145.70, 96
145.70, 96
145.90, 96
145.91, 96
145.91, 96
145.91, 96
145.91, 96
145.91, 96
145.92, 96
145.98, 96
145.98, 96
145.98, 96
146.00, 96
146.00, 96
146.00, 96
146.00, 96
146.07, 96
146.10, 96
146.24, 96
146.24, 96
146.26, 96
146.26, 96
146.26, 96
146.27, 96
146.27, 96
146.27, 96
146.27, 96
146.27, 96
146.38, 96
146.40, 96
146.41, 96
146.41, 96
146.41, 96
146.41, 96
146.41, 96
146.42, 96
146.42, 96
146.42, 96
146.42, 96
146.42, 96
146.43, 96
146.44, 96
146.45, 96
146.45, 96
146.45, 96
146.46, 96
146.46, 96
146.46, 96
146.46, 96
146.66, 96
146.66, 96
146.66, 96
146.76, 96
146.76, 96
146.76, 96
146.76, 96
146.77, 96
146.77, 96
146.77, 96
146.77, 96
146.77, 96
146.78, 96
146.78, 96
146.82, 96
146.83, 96
146.83, 96
146.83, 96
146.83, 96
146.83, 96
146.95, 96
146.95, 96
146.96, 96
146.97, 96
146.97, 96
147.12, 96
147.12, 96
147.12, 96
147.12, 96
147.12, 96
147.13, 96
147.13, 96
147.13, 96
147.13, 96
147.13, 96
147.13, 96
147.13, 96
147.13, 96
147.13, 96
147.14, 96
147.14, 96
147.14, 96
147.15, 96
147.15, 96
147.15, 96
147.15, 96
147.15, 96
147.27, 96
147.27, 96
147.28, 96
147.29, 96
147.31, 96
147.31, 96
147.31, 96
147.31, 96
147.31, 96
147.31, 96
147.65, 96
147.65, 96
147.66, 96
147.66, 96
147.66, 96
147.69, 96
147.85, 96
147.98, 96
147.98, 96
147.98, 96
147.99, 96
147.99, 96
148.00, 96
148.03, 96
148.03, 96
148.03, 96
148.04, 96
148.04, 96
148.04, 96
148.04, 96
148.04, 96
148.11, 96
148.31, 96
148.32, 96
148.32, 96
148.33, 96
148.33, 96
148.54, 96
148.54, 96
148.54, 96
148.55, 96
148.63, 96
148.63, 96
148.63, 96
148.63, 96
148.63, 96
148.64, 96
148.64, 96
148.64, 96
148.65, 96
148.65, 96
148.65, 96
148.65, 96
148.67, 96
148.67, 96
148.67, 96
148.67, 96
148.67, 96
148.67, 96
148.68, 96
148.88, 96
148.88, 96
148.95, 96
148.95, 96
148.98, 96
148.99, 96
148.99, 96
148.99, 96
149.01, 96
149.01, 96
149.02, 96
149.21, 96
149.21, 96
149.21, 96
149.24, 96
149.26, 96
149.29, 96
149.30, 96
149.43, 96
149.43, 96
149.44, 96
149.44, 96
149.44, 96
149.44, 96
149.51, 96
149.51, 96
149.51, 96
149.51, 96
149.51, 96
149.52, 96
149.52, 96
149.52, 96
149.54, 96
149.54, 96
149.68, 96
149.68, 96
149.69, 96
149.69, 96
149.70, 96
149.71, 96
149.71, 96
149.71, 96
149.82, 96
149.82, 96
149.86, 96
149.86, 96
149.87, 96
150.09, 96
150.16, 96
150.16, 96
150.19, 96
150.48, 96
150.48, 96
150.48, 96
150.48, 96
150.48, 96
150.49, 96
150.49, 96
150.49, 96
150.49, 96
150.61, 96
150.62, 96
150.62, 96
150.62, 96
150.71, 96
150.71, 96
150.71, 96
150.73, 96
150.73, 96
150.77, 96
150.78, 96
150.78, 96
150.79, 96
150.79, 96
150.79, 96
150.79, 96
150.79, 96
150.79, 96
150.79, 96
150.79, 96
150.79, 96
150.80, 96
150.80, 96
150.80, 96
150.80, 96
150.99, 96
150.99, 96
151.12, 96
151.12, 96
151.12, 96
151.12, 96
151.12, 96
151.14, 96
151.15, 96
151.15, 96
151.21, 96
151.27, 96
151.50, 96
151.50, 96
151.50, 96
151.75, 96
151.75, 96
151.75, 96
151.75, 96
151.75, 96
151.75, 96
151.75, 96
151.75, 96
151.78, 96
151.78, 96
151.88, 96
151.88, 96
151.88, 96
151.88, 96
151.88, 96
151.88, 96
151.89, 96
151.89, 96
152.13, 96
152.13, 96
152.15, 96
152.15, 96
152.15, 96
152.15, 96
152.15, 96
152.36, 96
152.37, 96
152.37, 96
152.37, 96
152.42, 96
152.42, 96
152.43, 96
152.43, 96
152.84, 96
152.84, 96
152.84, 96
152.88, 96
152.91, 96
152.91, 96
152.91, 96
152.91, 96
152.93, 96
152.93, 96
152.93, 96
152.93, 96
152.93, 96
152.93, 96
153.13, 96
153.13, 96
153.13, 96
153.13, 96
153.13, 96
153.18, 96
153.19, 96
153.19, 96
153.19, 96
153.19, 96
153.21, 96
153.36, 96
153.36, 96
153.36, 96
153.36, 96
153.37, 96
153.74, 96
153.74, 96
153.92, 96
153.92, 96
153.92, 96
153.92, 96
153.98, 96
153.98, 96
153.98, 96
153.98, 96
154.00, 96
154.00, 96
154.00, 96
154.01, 96
154.01, 96
154.01, 96
154.01, 96
154.01, 96
154.01, 96
154.02, 96
154.02, 96
154.02, 96
154.02, 96
154.02, 96
154.02, 96
154.02, 96
154.02, 96
154.28, 96
154.28, 96
154.28, 96
154.29, 96
154.29, 96
154.29, 96
154.37, 96
154.37, 96
154.37, 96
154.37, 96
154.38, 96
154.38, 96
154.38, 96
154.38, 96
154.38, 96
154.67, 96
154.68, 96
154.68, 96
154.68, 96
154.69, 96
154.69, 96
154.69, 96
154.91, 96
154.91, 96
154.91, 96
154.93, 96
154.93, 96
154.93, 96
154.95, 96
154.95, 96
154.95, 96
154.95, 96
155.09, 96
155.09, 96
155.09, 96
155.09, 96
155.10, 96
155.12, 96
155.12, 96
155.12, 96
155.12, 96
155.12, 96
155.13, 96
155.13, 96
155.13, 96
155.13, 96
155.13, 96
155.32, 96
155.39, 96
155.40, 96
155.41, 96
155.41, 96
155.41, 96
155.71, 96
155.71, 96
155.71, 96
155.71, 96
155.71, 96
155.71, 96
155.72, 96
155.72, 96
155.72, 96
155.73, 96
155.74, 96
155.74, 96
155.74, 96
155.75, 96
155.75, 96
155.75, 96
155.78, 96
155.94, 96
155.95, 96
155.95, 96
156.25, 96
156.25, 96
156.25, 96
156.26, 96
156.27, 96
156.27, 96
156.27, 96
156.27, 96
156.27, 96
156.27, 96
156.28, 96
156.28, 96
156.28, 96
156.28, 96
156.28, 96
156.29, 96
156.29, 96
156.30, 96
156.31, 96
156.32, 96
156.32, 96
156.32, 96
156.32, 96
156.32, 96
156.32, 96
156.33, 96
156.33, 96
156.33, 96
156.33, 96
156.33, 96
156.33, 96
156.37, 96
156.37, 96
156.69, 96
156.84, 96
156.84, 96
156.84, 96
156.96, 96
156.96, 96
156.96, 96
156.96, 96
156.98, 96
156.98, 96
156.98, 96
157.02, 96
157.02, 96
157.02, 96
157.07, 96
157.07, 96
157.07, 96
157.07, 96
157.07, 96
157.07, 96
157.07, 96
157.07, 96
157.07, 96
157.12, 96
157.12, 96
157.12, 96
157.13, 96
157.13, 96
157.13, 96
157.13, 96
157.14, 96
157.18, 96
157.18, 96
157.60, 96
157.60, 96
157.60, 96
157.60, 96
157.69, 96
157.70, 96
157.70, 96
157.77, 96
157.77, 96
158.09, 96
158.09, 96
158.09, 96
158.09, 96
158.09, 96
158.09, 96
158.09, 96
158.09, 96
158.09, 96
158.10, 96
158.10, 96
158.14, 96
158.14, 96
158.16, 96
158.16, 96
158.16, 96
158.16, 96
158.17, 96
158.17, 96
158.54, 96
158.57, 96
158.57, 96
158.57, 96
158.57, 96
158.58, 96
158.58, 96
158.61, 96
158.61, 96
158.64, 96
158.64, 96
158.74, 96
158.74, 96
158.74, 96
158.74, 96
158.74, 96
158.74, 96
158.75, 96
158.75, 96
158.75, 96
158.77, 96
158.77, 96
158.77, 96
158.95, 96
159.27, 96
159.27, 96
159.29, 96
159.29, 96
159.29, 96
159.61, 96
159.61, 96
159.72, 96
159.72, 96
159.72, 96
159.82, 96
159.82, 96
159.83, 96
159.84, 96
159.91, 96
159.93, 96
159.93, 96
159.94, 96
159.94, 96
159.94, 96
159.99, 96
159.99, 96
160.02, 96
160.03, 96
160.03, 96
160.03, 96
160.10, 96
160.10, 96
160.11, 96
160.11, 96
160.11, 96
160.12, 96
160.20, 96
160.20, 96
160.55, 96
160.55, 96
160.55, 96
160.55, 96
160.55, 96
160.55, 96
160.56, 96
160.56, 96
160.56, 96
160.58, 96
160.62, 96
160.62, 96
160.65, 96
160.71, 96
160.71, 96
160.71, 96
160.71, 96
160.72, 96
160.72, 96
160.73, 96
160.89, 96
161.11, 96
161.16, 96
161.17, 96
161.17, 96
161.17, 96
161.17, 96
161.29, 96
161.29, 96
161.29, 96
161.29, 96
161.29, 96
161.55, 96
161.55, 96
161.55, 96
161.55, 96
161.55, 96
161.56, 96
161.88, 96
161.89, 96
161.89, 96
161.89, 96
161.89, 96
161.89, 96
161.89, 96
161.89, 96
161.89, 96
161.90, 96
161.93, 96
161.93, 96
161.93, 96
161.93, 96
161.93, 96
161.93, 96
161.93, 96
161.94, 96
161.94, 96
161.96, 96
161.96, 96
161.96, 96
161.96, 96
161.96, 96
161.96, 96
161.96, 96
161.96, 96
161.96, 96
161.96, 96
161.97, 96
161.97, 96
161.97, 96
161.97, 96
161.97, 96
161.97, 96
161.97, 96
161.98, 96
161.99, 96
162.10, 96
162.11, 96
162.11, 96
162.12, 96
162.12, 96
162.12, 96
162.29, 96
162.29, 96
162.29, 96
162.33, 96
162.33, 96
162.33, 96
162.51, 96
162.65, 96
162.65, 96
162.65, 96
162.65, 96
162.65, 96
162.66, 96
162.66, 96
162.92, 96
162.94, 96
162.94, 96
162.95, 96
162.95, 96
162.95, 96
162.97, 96
162.97, 96
162.98, 96
162.99, 96
162.99, 96
162.99, 96
162.99, 96
163.00, 96
163.07, 96
163.07, 96
163.08, 96
163.08, 96
163.08, 96
163.08, 96
163.08, 96
163.08, 96
163.27, 96
163.27, 96
163.69, 96
163.69, 96
163.69, 96
163.69, 96
163.69, 96
163.70, 96
163.81, 96
163.81, 96
163.81, 96
163.81, 96
163.81, 96
163.81, 96
163.81, 96
163.81, 96
163.83, 96
163.83, 96
163.83, 96
163.91, 96
163.91, 96
163.92, 96
163.92, 96
163.92, 96
164.08, 96
164.08, 96
164.08, 96
164.08, 96
164.10, 96
164.11, 96
164.11, 96
165.10, 96
165.10, 96
165.10, 96
165.22, 96
165.22, 96
165.23, 96
165.23, 96
165.24, 96
165.76, 96
165.80, 96
165.80, 96
165.80, 96
165.80, 96
165.81, 96
165.81, 96
165.81, 96
165.81, 96
165.81, 96
166.01, 96
166.01, 96
166.01, 96
166.01, 96
166.01, 96
166.01, 96
166.01, 96
166.01, 96
166.51, 96
166.51, 96
166.77, 96
166.98, 96
166.99, 96
166.99, 96
166.99, 96
167.00, 96
167.00, 96
167.00, 96
167.00, 96
167.00, 96
167.09, 96
167.09, 96
167.09, 96
167.09, 96
167.10, 96
167.10, 96
167.12, 96
167.12, 96
167.12, 96
167.12, 96
167.12, 96
167.12, 96
167.12, 96
167.13, 96
167.44, 96
167.44, 96
167.46, 96
167.47, 96
167.47, 96
167.47, 96
167.47, 96
167.47, 96
167.51, 96
167.51, 96
167.51, 96
167.51, 96
167.51, 96
167.51, 96
167.52, 96
167.52, 96
167.52, 96
167.58, 96
167.58, 96
167.58, 96
167.58, 96
167.58, 96
167.58, 96
167.58, 96
167.58, 96
167.59, 96
167.59, 96
167.59, 96
167.59, 96
167.59, 96
167.59, 96
167.59, 96
167.76, 96
168.25, 96
168.25, 96
168.25, 96
168.25, 96
168.25, 96
168.26, 96
168.26, 96
168.37, 96
168.37, 96
168.37, 96
168.37, 96
168.37, 96
168.37, 96
168.38, 96
168.38, 96
168.38, 96
168.39, 96
168.40, 96
168.40, 96
168.46, 96
168.54, 96
168.54, 96
168.54, 96
168.54, 96
168.56, 96
168.56, 96
168.56, 96
168.60, 96
168.61, 96
168.61, 96
168.61, 96
168.62, 96
168.62, 96
168.62, 96
168.70, 96
168.70, 96
168.70, 96
168.92, 96
168.93, 96
168.95, 96
168.96, 96
169.01, 96
169.01, 96
169.02, 96
169.02, 96
169.02, 96
169.02, 96
169.02, 96
169.02, 96
169.02, 96
169.02, 96
169.02, 96
169.14, 96
169.14, 96
169.25, 96
169.26, 96
169.26, 96
169.43, 96
169.47, 96
169.47, 96
169.47, 96
169.47, 96
169.47, 96
169.48, 96
169.48, 96
169.48, 96
169.48, 96
169.48, 96
169.48, 96
169.48, 96
169.56, 96
169.56, 96
169.57, 96
169.58, 96
169.61, 96
169.62, 96
169.62, 96
169.64, 96
169.65, 96
169.65, 96
169.65, 96
169.65, 96
169.65, 96
169.65, 96
169.65, 96
169.65, 96
169.66, 96
169.66, 96
169.91, 96
169.94, 96
169.94, 96
169.94, 96
169.97, 96
169.97, 96
169.97, 96
169.97, 96
170.00, 96
170.04, 96
170.04, 96
170.04, 96
170.04, 96
170.05, 96
170.05, 96
170.05, 96
170.06, 96
170.24, 96
170.24, 96
170.25, 96
170.25, 96
170.26, 96
170.26, 96
170.26, 96
170.26, 96
170.27, 96
170.28, 96
170.28, 96
170.28, 96
170.30, 96
170.31, 96
170.39, 96
170.39, 96
170.39, 96
170.39, 96
170.39, 96
170.41, 96
170.41, 96
170.42, 96
170.45, 96
170.45, 96
170.53, 96
170.53, 96
170.53, 96
170.57, 96
170.58, 96
170.58, 96
170.58, 96
170.58, 96
170.58, 96
170.58, 96
170.70, 96
170.70, 96
170.70, 96
170.71, 96
170.71, 96
170.71, 96
171.16, 96
171.31, 96
171.34, 96
171.34, 96
171.37, 96
171.38, 96
171.47, 96
171.47, 96
171.47, 96
171.47, 96
171.47, 96
171.48, 96
171.66, 96
171.66, 96
171.90, 96
172.04, 96
172.05, 96
172.05, 96
172.05, 96
172.08, 96
172.09, 96
172.09, 96
172.09, 96
172.10, 96
172.10, 96
172.10, 96
172.10, 96
172.10, 96
172.10, 96
172.10, 96
172.11, 96
172.17, 96
172.49, 96
172.53, 96
172.55, 96
172.55, 96
172.57, 96
172.57, 96
172.67, 96
172.67, 96
172.67, 96
172.67, 96
172.68, 96
172.68, 96
172.68, 96
172.68, 96
172.69, 96
172.69, 96
172.69, 96
172.69, 96
172.69, 96
172.69, 96
172.81, 96
172.83, 96
172.84, 96
172.84, 96
172.84, 96
172.85, 96
172.85, 96
172.85, 96
172.85, 96
172.85, 96
172.85, 96
172.87, 96
172.87, 96
172.91, 96
172.91, 96
173.06, 96
173.06, 96
173.19, 96
173.19, 96
173.19, 96
173.19, 96
173.20, 96
173.20, 96
173.20, 96
173.25, 96
173.25, 96
173.25, 96
173.25, 96
173.25, 96
173.36, 96
173.38, 96
173.49, 96
173.53, 96
173.53, 96
173.53, 96
173.55, 96
173.56, 96
173.56, 96
173.57, 96
173.57, 96
173.57, 96
173.59, 96
173.68, 96
173.69, 96
173.69, 96
173.69, 96
173.69, 96
173.79, 96
173.79, 96
173.79, 96
173.81, 96
173.81, 96
173.81, 96
173.82, 96
173.94, 96
173.98, 96
174.05, 96
174.05, 96
174.06, 96
174.32, 96
174.32, 96
174.36, 96
174.36, 96
174.37, 96
174.39, 96
174.40, 96
174.40, 96
174.40, 96
174.57, 96
174.57, 96
174.57, 96
174.67, 96
174.67, 96
174.67, 96
174.71, 96
174.71, 96
174.71, 96
174.71, 96
174.73, 96
174.73, 96
174.73, 96
174.73, 96
175.05, 96
175.05, 96
175.05, 96
175.09, 96
175.09, 96
175.09, 96
175.17, 96
175.17, 96
175.31, 96
175.31, 96
175.31, 96
175.51, 96
175.51, 96
175.55, 96
175.55, 96
175.55, 96
175.55, 96
175.55, 96
175.56, 96
175.56, 96
175.56, 96
175.56, 96
175.56, 96
175.56, 96
175.58, 96
175.58, 96
175.58, 96
175.58, 96
175.58, 96
175.68, 96
175.69, 96
175.79, 96
175.82, 96
175.82, 96
175.83, 96
175.84, 96
175.85, 96
175.85, 96
175.85, 96
175.87, 96
175.87, 96
175.88, 96
175.90, 96
175.90, 96
175.91, 96
175.91, 96
175.91, 96
175.91, 96
175.91, 96
175.91, 96
175.93, 96
175.93, 96
175.93, 96
175.94, 96
175.94, 96
175.94, 96
175.94, 96
175.94, 96
175.94, 96
175.94, 96
175.94, 96
175.95, 96
175.96, 96
176.01, 96
176.01, 96
176.01, 96
176.01, 96
176.01, 96
176.01, 96
176.01, 96
176.01, 96
176.02, 96
176.02, 96
176.02, 96
176.03, 96
176.03, 96
176.04, 96
176.04, 96
176.04, 96
176.04, 96
176.04, 96
176.05, 96
176.05, 96
176.05, 96
176.06, 96
176.08, 96
176.16, 96
176.16, 96
176.17, 96
176.31, 96
176.33, 96
176.33, 96
176.33, 96
176.33, 96
176.33, 96
176.33, 96
176.34, 96
176.38, 96
176.39, 96
176.39, 96
176.39, 96
176.39, 96
176.39, 96
176.39, 96
176.40, 96
176.41, 96
176.41, 96
176.41, 96
176.41, 96
176.44, 96
176.45, 96
176.47, 96
176.47, 96
176.48, 96
176.48, 96
176.48, 96
176.50, 96
176.50, 96
176.50, 96
176.50, 96
176.50, 96
176.50, 96
176.50, 96
176.50, 96
176.67, 96
176.68, 96
176.84, 96
176.91, 96
176.91, 96
176.98, 96
176.98, 96
176.98, 96
176.98, 96
176.98, 96
176.98, 96
176.98, 96
176.99, 96
176.99, 96
176.99, 96
176.99, 96
176.99, 96
177.07, 96
177.07, 96
177.09, 96
177.12, 96
177.19, 96
177.34, 96
177.34, 96
177.34, 96
177.34, 96
177.37, 96
177.37, 96
177.38, 96
177.38, 96
177.39, 96
177.77, 96
177.77, 96
177.83, 96
178.42, 96
178.42, 96
178.42, 96
178.42, 96
178.43, 96
178.71, 96
178.71, 96
178.71, 96
178.71, 96
178.72, 96
178.74, 96
178.74, 96
178.74, 96
178.87, 96
178.98, 96
179.19, 96
179.19, 96
179.19, 96
179.35, 96
179.36, 96
179.38, 96
179.45, 96
179.45, 96
179.45, 96
179.46, 96
179.53, 96
179.53, 96
179.53, 96
179.54, 96
180.05, 96
180.05, 96
180.07, 96
180.10, 96
180.10, 96
180.10, 96
180.10, 96
180.10, 96
180.10, 96
180.10, 96
180.10, 96
180.31, 96
180.31, 96
180.32, 96
180.32, 96
180.32, 96
180.32, 96
180.32, 96
180.33, 96
180.33, 96
180.34, 96
180.53, 96
180.55, 96
180.55, 96
180.55, 96
180.67, 96
180.67, 96
180.89, 96
180.89, 96
180.89, 96
180.89, 96
180.90, 96
180.90, 96
180.90, 96
180.90, 96
180.90, 96
180.91, 96
180.91, 96
180.91, 96
181.07, 96
181.07, 96
181.08, 96
181.08, 96
181.08, 96
181.09, 96
181.09, 96
181.09, 96
181.09, 96
181.09, 96
181.10, 96
181.15, 96
181.15, 96
181.15, 96
181.16, 96
181.16, 96
181.16, 96
181.19, 96
181.19, 96
181.20, 96
181.20, 96
181.34, 96
181.34, 96
181.34, 96
181.34, 96
181.34, 96
181.35, 96
181.35, 96
181.35, 96
181.35, 96
181.35, 96
181.41, 96
181.41, 96
181.41, 96
181.54, 96
181.54, 96
181.68, 96
181.68, 96
181.68, 96
181.69, 96
181.71, 96
181.71, 96
181.71, 96
181.71, 96
181.71, 96
181.72, 96
181.72, 96
181.72, 96
181.72, 96
181.72, 96
181.72, 96
181.72, 96
181.72, 96
181.72, 96
181.73, 96
181.74, 96
181.74, 96
181.76, 96
181.76, 96
181.98, 96
181.98, 96
182.08, 96
182.16, 96
182.23, 96
182.23, 96
182.24, 96
182.24, 96
182.34, 96
182.36, 96
182.36, 96
182.36, 96
182.37, 96
182.37, 96
182.37, 96
182.38, 96
182.42, 96
182.42, 96
182.42, 96
182.85, 96
183.15, 96
183.15, 96
183.16, 96
183.16, 96
183.28, 96
183.29, 96
183.29, 96
183.29, 96
183.29, 96
183.42, 96
183.53, 96
183.53, 96
183.54, 96
183.54, 96
183.82, 96
183.82, 96
183.83, 96
183.90, 96
183.90, 96
183.90, 96
183.90, 96
183.90, 96
183.90, 96
184.03, 96
184.03, 96
184.03, 96
184.04, 96
184.04, 96
184.04, 96
184.04, 96
184.08, 96
184.08, 96
184.08, 96
184.08, 96
184.08, 96
184.08, 96
184.08, 96
184.08, 96
184.08, 96
184.11, 96
184.23, 96
184.23, 96
184.23, 96
184.23, 96
184.23, 96
184.24, 96
184.24, 96
184.24, 96
184.24, 96
184.24, 96
184.26, 96
184.35, 96
184.53, 96
184.54, 96
184.54, 96
184.54, 96
184.56, 96
184.56, 96
184.60, 96
184.77, 96
184.85, 96
184.86, 96
184.86, 96
184.86, 96
184.94, 96
185.07, 96
185.44, 96
185.64, 96
185.67, 96
185.70, 96
185.70, 96
185.85, 96
185.85, 96
185.85, 96
185.85, 96
185.91, 96
185.91, 96
185.92, 96
185.92, 96
185.92, 96
185.92, 96
185.92, 96
185.93, 96
185.93, 96
186.00, 96
186.00, 96
186.00, 96
186.00, 96
186.01, 96
186.01, 96
186.02, 96
186.02, 96
186.02, 96
186.02, 96
186.02, 96
186.02, 96
186.02, 96
186.03, 96
186.03, 96
186.18, 96
186.18, 96
186.18, 96
186.34, 96
186.34, 96
186.34, 96
186.34, 96
186.34, 96
186.59, 96
186.59, 96
186.60, 96
186.60, 96
186.60, 96
186.60, 96
186.60, 96
186.61, 96
186.62, 96
186.62, 96
186.62, 96
186.67, 96
186.67, 96
186.67, 96
186.67, 96
186.67, 96
186.74, 96
186.74, 96
186.75, 96
186.75, 96
186.75, 96
186.78, 96
186.78, 96
186.78, 96
186.82, 96
186.82, 96
186.82, 96
186.82, 96
186.82, 96
186.82, 96
186.84, 96
186.86, 96
186.86, 96
186.86, 96
186.87, 96
186.87, 96
186.88, 96
187.03, 96
187.03, 96
187.03, 96
187.04, 96
187.05, 96
187.05, 96
187.05, 96
187.05, 96
187.12, 96
187.13, 96
187.13, 96
187.13, 96
187.60, 96
187.60, 96
187.60, 96
187.61, 96
187.61, 96
187.61, 96
187.61, 96
187.61, 96
187.61, 96
187.61, 96
187.61, 96
187.63, 96
187.69, 96
187.69, 96
187.69, 96
187.70, 96
187.70, 96
187.80, 96
187.81, 96
187.81, 96
187.81, 96
187.81, 96
187.81, 96
187.94, 96
187.94, 96
187.95, 96
187.95, 96
188.34, 96
188.34, 96
188.36, 96
188.36, 96
188.36, 96
188.36, 96
188.60, 96
188.63, 96
188.63, 96
188.64, 96
188.64, 96
188.64, 96
188.64, 96
188.64, 96
188.64, 96
188.72, 96
188.87, 96
188.87, 96
188.96, 96
189.03, 96
189.15, 96
189.17, 96
189.17, 96
189.24, 96
189.24, 96
189.24, 96
189.24, 96
189.40, 96
189.40, 96
189.40, 96
189.45, 96
189.45, 96
189.45, 96
189.45, 96
189.45, 96
189.45, 96
189.46, 96
189.55, 96
189.55, 96
189.55, 96
189.56, 96
189.56, 96
189.57, 96
189.59, 96
189.59, 96
189.59, 96
189.59, 96
189.73, 96
189.73, 96
189.73, 96
189.73, 96
189.73, 96
189.73, 96
189.73, 96
189.73, 96
189.74, 96
189.74, 96
189.74, 96
189.74, 96
190.19, 96
190.35, 96
190.36, 96
190.36, 96
190.36, 96
190.36, 96
190.46, 96
190.46, 96
190.46, 96
190.46, 96
190.47, 96
190.47, 96
190.47, 96
190.47, 96
190.47, 96
190.47, 96
190.47, 96
190.80, 96
190.81, 96
190.81, 96
190.83, 96
190.83, 96
190.83, 96
190.83, 96
190.83, 96
190.83, 96
190.83, 96
191.12, 96
191.13, 96
191.17, 96
191.17, 96
191.17, 96
191.17, 96
191.24, 96
191.24, 96
191.25, 96
191.25, 96
191.25, 96
191.26, 96
191.26, 96
191.26, 96
191.28, 96
191.38, 96
191.39, 96
191.39, 96
191.39, 96
191.40, 96
191.40, 96
191.40, 96
191.41, 96
191.41, 96
191.41, 96
191.41, 96
191.45, 96
191.45, 96
191.45, 96
191.46, 96
191.63, 96
191.63, 96
191.63, 96
191.63, 96
191.66, 96
191.66, 96
191.66, 96
191.66, 96
191.67, 96
191.67, 96
191.91, 96
191.92, 96
192.06, 96
192.06, 96
192.06, 96
192.07, 96
192.07, 96
192.07, 96
192.07, 96
192.07, 96
192.08, 96
192.08, 96
192.08, 96
192.08, 96
192.08, 96
192.15, 96
192.16, 96
192.16, 96
192.16, 96
192.16, 96
192.18, 96
192.18, 96
192.18, 96
192.19, 96
192.19, 96
192.19, 96
192.31, 96
192.32, 96
192.32, 96
192.36, 96
192.36, 96
192.36, 96
192.37, 96
192.50, 96
192.71, 96
192.71, 96
192.71, 96
192.84, 96
192.85, 96
192.85, 96
192.85, 96
193.16, 96
193.26, 96
193.26, 96
193.41, 96
193.62, 96
193.62, 96
193.62, 96
193.62, 96
193.63, 96
193.66, 96
193.66, 96
193.67, 96
193.77, 96
193.77, 96
193.77, 96
193.77, 96
193.78, 96
194.03, 96
194.03, 96
194.03, 96
194.03, 96
194.03, 96
194.03, 96
194.04, 96
194.04, 96
194.05, 96
194.05, 96
194.07, 96
194.07, 96
194.44, 96
194.59, 96
194.59, 96
194.59, 96
194.60, 96
194.60, 96
194.60, 96
194.60, 96
194.60, 96
194.60, 96
194.60, 96
194.60, 96
194.73, 96
194.73, 96
194.73, 96
194.73, 96
194.73, 96
194.74, 96
194.76, 96
194.77, 96
195.09, 96
195.09, 96
195.09, 96
195.09, 96
195.27, 96
195.28, 96
195.28, 96
195.28, 96
195.28, 96
195.28, 96
195.46, 96
195.47, 96
195.47, 96
195.47, 96
195.48, 96
195.55, 96
195.55, 96
195.55, 96
195.56, 96
195.56, 96
195.56, 96
195.56, 96
195.60, 96
195.60, 96
195.64, 96
195.64, 96
195.67, 96
195.67, 96
195.67, 96
195.67, 96
195.67, 96
195.67, 96
195.68, 96
195.68, 96
195.68, 96
195.68, 96
195.68, 96
195.68, 96
195.68, 96
195.69, 96
195.69, 96
195.69, 96
195.69, 96
195.73, 96
195.73, 96
195.78, 96
195.79, 96
195.81, 96
195.82, 96
195.83, 96
195.83, 96
195.84, 96
195.96, 96
195.96, 96
195.96, 96
195.96, 96
195.96, 96
195.96, 96
195.97, 96
195.97, 96
195.97, 96
195.97, 96
195.97, 96
195.98, 96
195.98, 96
195.98, 96
195.98, 96
196.05, 96
196.06, 96
196.17, 96
196.17, 96
196.17, 96
196.28, 96
196.30, 96
196.30, 96
196.30, 96
196.31, 96
196.31, 96
196.31, 96
196.32, 96
196.33, 96
196.34, 96
196.34, 96
196.34, 96
196.35, 96
196.50, 96
196.64, 96
196.64, 96
196.64, 96
196.64, 96
196.64, 96
196.65, 96
196.65, 96
196.65, 96
196.73, 96
196.73, 96
196.73, 96
196.74, 96
196.74, 96
196.82, 96
196.82, 96
196.82, 96
196.90, 96
196.90, 96
196.90, 96
196.90, 96
196.90, 96
196.90, 96
196.90, 96
196.90, 96
196.91, 96
196.91, 96
196.92, 96
196.92, 96
197.25, 96
197.25, 96
197.25, 96
197.25, 96
197.25, 96
197.28, 96
197.39, 96
197.39, 96
197.40, 96
197.61, 96
197.66, 96
197.66, 96
197.67, 96
197.67, 96
197.67, 96
197.94, 96
197.94, 96
197.95, 96
197.95, 96
197.95, 96
197.95, 96
197.95, 96
197.96, 96
197.96, 96
197.96, 96
197.96, 96
197.96, 96
197.96, 96
197.97, 96
197.98, 96
197.99, 96
197.99, 96
198.12, 96
198.12, 96
198.13, 96
198.13, 96
198.17, 96
198.22, 96
198.22, 96
198.25, 96
198.25, 96
198.26, 96
198.51, 96
198.51, 96
198.52, 96
198.53, 96
198.63, 96
198.63, 96
198.64, 96
198.64, 96
198.64, 96
198.65, 96
198.65, 96
198.65, 96
198.65, 96
198.65, 96
198.65, 96
198.65, 96
198.65, 96
198.66, 96
198.66, 96
198.79, 96
198.80, 96
198.82, 96
198.82, 96
198.82, 96
198.82, 96
198.82, 96
198.82, 96
198.91, 96
198.91, 96
198.97, 96
199.06, 96
199.06, 96
199.16, 96
199.19, 96
199.19, 96
199.20, 96
199.20, 96
199.20, 96
199.36, 96
199.36, 96
199.37, 96
199.37, 96
199.38, 96
199.38, 96
199.38, 96
199.65, 96
199.69, 96
199.70, 96
199.78, 96
199.79, 96
199.79, 96
200.17, 96
200.18, 96
200.19, 96
200.19, 96
200.20, 96
200.20, 96
200.37, 96
200.37, 96
200.38, 96
200.38, 96
200.38, 96
200.38, 96
200.38, 96
200.42, 96
200.42, 96
200.56, 96
200.67, 96
200.67, 96
200.67, 96
200.69, 96
200.69, 96
201.02, 96
201.02, 96
201.13, 96
201.13, 96
201.13, 96
201.13, 96
201.13, 96
201.14, 96
201.15, 96
201.15, 96
201.19, 96
201.32, 96
201.48, 96
201.48, 96
201.49, 96
201.50, 96
201.51, 96
201.51, 96
201.51, 96
201.51, 96
201.51, 96
201.51, 96
201.51, 96
201.51, 96
201.53, 96
201.53, 96
201.53, 96
201.53, 96
201.68, 96
201.76, 96
201.80, 96
201.80, 96
201.80, 96
201.80, 96
201.80, 96
201.80, 96
201.81, 96
202.02, 96
202.02, 96
202.03, 96
202.07, 96
202.07, 96
202.07, 96
202.07, 96
202.07, 96
202.08, 96
202.08, 96
202.08, 96
202.08, 96
202.08, 96
202.08, 96
202.26, 96
202.26, 96
202.27, 96
202.27, 96
202.27, 96
202.28, 96
202.29, 96
202.29, 96
202.29, 96
202.36, 96
202.40, 96
202.52, 96
202.53, 96
202.53, 96
202.58, 96
202.58, 96
202.58, 96
202.78, 96
202.81, 96
202.81, 96
202.81, 96
202.81, 96
202.81, 96
202.81, 96
202.81, 96
202.84, 96
202.84, 96
202.90, 96
202.91, 96
202.91, 96
202.91, 96
202.91, 96
202.91, 96
202.92, 96
202.92, 96
202.92, 96
202.94, 96
202.94, 96
202.95, 96
202.95, 96
202.98, 96
202.98, 96
202.98, 96
202.99, 96
203.00, 96
203.00, 96
203.00, 96
203.02, 96
203.03, 96
203.03, 96
203.03, 96
203.03, 96
203.03, 96
203.03, 96
203.03, 96
203.04, 96
203.04, 96
203.05, 96
203.05, 96
203.05, 96
203.05, 96
203.07, 96
203.07, 96
203.07, 96
203.11, 96
203.11, 96
203.11, 96
203.11, 96
203.11, 96
203.11, 96
203.12, 96
203.50, 96
203.79, 96
203.79, 96
203.79, 96
203.80, 96
203.80, 96
203.80, 96
203.80, 96
203.84, 96
203.84, 96
203.84, 96
203.85, 96
203.85, 96
203.96, 96
203.97, 96
203.97, 96
204.01, 96
204.39, 96
204.39, 96
204.39, 96
204.39, 96
204.39, 96
204.39, 96
204.39, 96
204.42, 96
204.42, 96
204.42, 96
204.42, 96
204.42, 96
204.42, 96
204.42, 96
204.42, 96
204.55, 96
204.55, 96
204.55, 96
204.55, 96
204.55, 96
204.56, 96
204.56, 96
204.56, 96
204.56, 96
204.56, 96
204.56, 96
204.56, 96
204.62, 96
204.62, 96
204.62, 96
204.62, 96
204.62, 96
204.62, 96
204.69, 96
204.69, 96
204.69, 96
204.70, 96
204.70, 96
204.70, 96
204.71, 96
204.71, 96
204.72, 96
204.72, 96
204.73, 96
204.76, 96
204.76, 96
204.94, 96
205.02, 96
205.03, 96
205.44, 96
205.45, 96
205.45, 96
205.45, 96
205.45, 96
205.45, 96
205.45, 96
205.45, 96
205.45, 96
205.45, 96
205.75, 96
205.75, 96
205.76, 96
205.76, 96
205.76, 96
205.77, 96
205.77, 96
205.77, 96
205.78, 96
205.78, 96
205.79, 96
205.86, 96
205.86, 96
205.86, 96
205.88, 96
205.88, 96
205.88, 96
205.88, 96
205.88, 96
205.90, 96
205.91, 96
205.91, 96
205.91, 96
205.91, 96
206.04, 96
206.13, 96
206.13, 96
206.25, 96
206.46, 96
206.47, 96
206.47, 96
206.51, 96
206.54, 96
206.54, 96
206.55, 96
206.55, 96
206.55, 96
206.55, 96
206.82, 96
206.82, 96
206.82, 96
206.82, 96
206.82, 96
206.84, 96
206.84, 96
206.84, 96
206.89, 96
206.89, 96
206.89, 96
207.11, 96
207.12, 96
207.12, 96
207.12, 96
207.12, 96
207.12, 96
207.37, 96
207.39, 96
207.39, 96
207.39, 96
207.40, 96
207.40, 96
207.40, 96
207.41, 96
207.41, 96
207.41, 96
207.41, 96
207.53, 96
207.54, 96
207.54, 96
207.54, 96
207.54, 96
207.54, 96
207.54, 96
207.54, 96
208.04, 96
208.04, 96
208.04, 96
208.05, 96
208.05, 96
208.05, 96
208.18, 96
208.18, 96
208.19, 96
208.19, 96
208.19, 96
208.26, 96
208.26, 96
208.26, 96
208.29, 96
208.29, 96
208.29, 96
208.29, 96
208.29, 96
208.29, 96
208.29, 96
208.29, 96
208.29, 96
208.30, 96
208.30, 96
208.30, 96
208.30, 96
208.30, 96
208.53, 96
208.53, 96
208.86, 96
209.03, 96
209.03, 96
209.03, 96
209.03, 96
209.03, 96
209.04, 96
209.04, 96
209.04, 96
209.04, 96
209.04, 96
209.04, 96
209.04, 96
209.04, 96
209.04, 96
209.04, 96
209.05, 96
209.05, 96
209.05, 96
209.28, 96
209.34, 96
209.51, 96
209.53, 96
209.53, 96
209.54, 96
209.54, 96
209.81, 96
209.81, 96
209.81, 96
209.81, 96
209.81, 96
209.81, 96
209.81, 96
209.81, 96
209.81, 96
209.85, 96
209.87, 96
209.87, 96
209.90, 96
209.90, 96
209.90, 96
210.07, 96
210.07, 96
210.08, 96
210.20, 96
210.20, 96
210.20, 96
210.20, 96
210.20, 96
210.21, 96
210.21, 96
210.21, 96
210.21, 96
210.21, 96
210.21, 96
210.21, 96
210.23, 96
210.23, 96
210.23, 96
210.23, 96
210.23, 96
210.24, 96
210.24, 96
210.25, 96
210.28, 96
210.28, 96
210.29, 96
210.29, 96
210.29, 96
210.29, 96
210.29, 96
210.29, 96
210.38, 96
210.38, 96
210.39, 96
210.39, 96
210.44, 96
210.44, 96
210.45, 96
210.46, 96
210.48, 96
210.48, 96
210.61, 96
210.61, 96
210.61, 96
210.61, 96
210.64, 96
210.64, 96
210.65, 96
210.65, 96
210.65, 96
210.65, 96
210.99, 96
210.99, 96
211.02, 96
211.08, 96
211.08, 96
211.09, 96
211.10, 96
211.10, 96
211.10, 96
211.29, 96
211.29, 96
211.41, 96
211.59, 96
211.64, 96
211.64, 96
211.69, 96
211.69, 96
211.69, 96
211.71, 96
212.07, 96
212.08, 96
212.14, 96
212.14, 96
212.14, 96
212.46, 96
212.46, 96
212.52, 96
212.54, 96
212.54, 96
212.54, 96
212.54, 96
212.71, 96
212.73, 96
212.79, 96
212.84, 96
212.84, 96
212.84, 96
212.88, 96
212.88, 96
212.89, 96
212.89, 96
212.89, 96
212.89, 96
212.89, 96
212.89, 96
212.90, 96
212.90, 96
212.90, 96
212.90, 96
212.90, 96
212.90, 96
212.90, 96
212.94, 96
212.94, 96
212.94, 96
212.94, 96
212.94, 96
212.95, 96
213.00, 96
213.00, 96
213.00, 96
213.00, 96
213.00, 96
213.01, 96
213.01, 96
213.01, 96
213.27, 96
213.27, 96
213.28, 96
213.28, 96
213.33, 96
213.33, 96
213.35, 96
213.35, 96
213.36, 96
213.36, 96
213.36, 96
213.36, 96
213.36, 96
213.37, 96
213.38, 96
213.39, 96
213.39, 96
213.39, 96
213.39, 96
213.39, 96
213.40, 96
213.40, 96
213.40, 96
213.40, 96
213.40, 96
213.50, 96
213.50, 96
213.50, 96
213.50, 96
213.50, 96
213.50, 96
213.51, 96
213.51, 96
213.81, 96
213.81, 96
213.82, 96
213.82, 96
213.82, 96
213.95, 96
214.29, 96
214.29, 96
214.29, 96
214.29, 96
214.29, 96
214.29, 96
214.29, 96
214.38, 96
214.39, 96
214.39, 96
214.43, 96
214.47, 96
214.52, 96
214.52, 96
214.52, 96
214.52, 96
214.52, 96
214.52, 96
214.52, 96
214.52, 96
214.54, 96
214.54, 96
214.55, 96
215.23, 96
215.24, 96
215.32, 96
215.32, 96
215.33, 96
215.33, 96
215.37, 96
215.37, 96
215.57, 96
215.58, 96
215.58, 96
215.58, 96
215.59, 96
215.59, 96
215.89, 96
215.89, 96
215.89, 96
215.89, 96
215.89, 96
215.89, 96
215.91, 96
215.91, 96
215.91, 96
216.03, 96
216.03, 96
216.10, 96
216.23, 96
216.23, 96
216.35, 96
216.36, 96
216.36, 96
216.37, 96
216.46, 96
216.64, 96
216.64, 96
216.65, 96
216.65, 96
216.65, 96
216.76, 96
216.76, 96
216.76, 96
216.76, 96
217.24, 96
217.24, 96
217.24, 96
217.25, 96
217.25, 96
217.25, 96
217.25, 96
217.25, 96
217.25, 96
217.25, 96
217.25, 96
217.36, 96
217.36, 96
217.39, 96
217.70, 96
217.71, 96
217.88, 96
217.99, 96
217.99, 96
218.07, 96
218.07, 96
218.07, 96
218.08, 96
218.11, 96
218.11, 96
218.11, 96
218.11, 96
218.40, 96
218.40, 96
218.41, 96
218.41, 96
218.42, 96
218.45, 96
218.46, 96
218.47, 96
218.59, 96
218.78, 96
218.81, 96
218.81, 96
218.82, 96
219.02, 96
219.02, 96
219.07, 96
219.07, 96
219.07, 96
219.38, 96
219.50, 96
219.50, 96
219.50, 96
219.91, 96
220.07, 96
220.07, 96
220.07, 96
220.07, 96
220.10, 96
220.10, 96
220.12, 96
220.12, 96
220.13, 96
220.14, 96
220.14, 96
220.14, 96
220.14, 96
220.14, 96
220.16, 96
220.17, 96
220.17, 96
220.19, 96
220.19, 96
220.19, 96
220.24, 96
220.24, 96
220.25, 96
220.25, 96
220.25, 96
220.28, 96
220.28, 96
220.69, 96
220.85, 96
220.85, 96
220.85, 96
220.96, 96
220.96, 96
221.10, 96
221.10, 96
221.10, 96
221.10, 96
221.10, 96
221.10, 96
221.24, 96
221.30, 96
221.34, 96
221.34, 96
221.34, 96
221.34, 96
221.35, 96
221.61, 96
221.61, 96
221.62, 96
221.62, 96
221.76, 96
221.76, 96
221.87, 96
221.88, 96
222.03, 96
222.04, 96
222.05, 96
222.05, 96
222.05, 96
222.24, 96
222.46, 96
222.47, 96
222.75, 96
222.78, 96
222.97, 96
222.97, 96
222.98, 96
223.09, 96
223.09, 96
223.10, 96
223.10, 96
223.10, 96
223.10, 96
223.11, 96
223.12, 96
223.12, 96
223.12, 96
223.12, 96
223.13, 96
223.16, 96
223.16, 96
223.16, 96
223.16, 96
223.16, 96
223.16, 96
223.18, 96
223.19, 96
223.19, 96
223.19, 96
223.20, 96
223.20, 96
223.20, 96
223.23, 96
223.23, 96
223.24, 96
223.24, 96
223.24, 96
223.24, 96
223.24, 96
223.24, 96
223.24, 96
223.26, 96
223.26, 96
223.29, 96
223.35, 96
223.39, 96
223.39, 96
223.39, 96
223.40, 96
223.40, 96
223.40, 96
223.40, 96
223.85, 96
223.85, 96
223.92, 96
223.92, 96
223.92, 96
223.94, 96
223.94, 96
223.95, 96
223.95, 96
223.95, 96
223.95, 96
223.96, 96
223.96, 96
223.96, 96
223.96, 96
224.00, 96
224.00, 96
224.00, 96
224.11, 96
224.11, 96
224.12, 96
224.26, 96
224.27, 96
224.27, 96
224.42, 96
224.42, 96
224.42, 96
224.42, 96
224.42, 96
224.42, 96
224.42, 96
224.47, 96
224.75, 96
224.75, 96
224.75, 96
224.75, 96
224.75, 96
225.16, 96
225.16, 96
225.16, 96
225.16, 96
225.16, 96
225.16, 96
225.16, 96
225.16, 96
225.17, 96
225.17, 96
225.19, 96
225.19, 96
225.19, 96
225.34, 96
225.34, 96
225.35, 96
225.35, 96
225.54, 96
225.54, 96
225.54, 96
225.55, 96
225.55, 96
225.55, 96
225.55, 96
225.55, 96
225.57, 96
225.58, 96
225.68, 96
225.68, 96
225.68, 96
225.80, 96
225.80, 96
225.81, 96
225.85, 96
225.86, 96
225.86, 96
225.93, 96
225.93, 96
225.94, 96
225.94, 96
225.95, 96
225.95, 96
225.95, 96
226.59, 96
226.59, 96
226.59, 96
226.59, 96
226.63, 96
226.63, 96
227.15, 96
227.22, 96
227.22, 96
227.28, 96
227.28, 96
227.29, 96
227.29, 96
227.29, 96
227.31, 96
227.31, 96
227.31, 96
227.32, 96
227.32, 96
227.35, 96
227.35, 96
227.35, 96
227.35, 96
227.46, 96
227.46, 96
227.46, 96
227.46, 96
227.47, 96
227.47, 96
227.47, 96
227.47, 96
227.65, 96
227.75, 96
227.76, 96
228.09, 96
228.09, 96
228.09, 96
228.20, 96
228.20, 96
228.27, 96
228.27, 96
228.39, 96
228.39, 96
228.39, 96
228.52, 96
228.52, 96
228.53, 96
228.70, 96
228.70, 96
228.71, 96
228.83, 96
228.83, 96
228.83, 96
228.83, 96
228.84, 96
228.84, 96
228.84, 96
228.85, 96
228.86, 96
228.86, 96
228.90, 96
228.90, 96
228.90, 96
228.91, 96
228.91, 96
228.91, 96
229.12, 96
229.12, 96
229.12, 96
229.13, 96
229.13, 96
229.13, 96
229.13, 96
229.23, 96
229.23, 96
229.23, 96
229.23, 96
229.23, 96
229.27, 96
229.27, 96
229.27, 96
229.30, 96
229.30, 96
229.31, 96
229.31, 96
229.31, 96
229.31, 96
229.31, 96
229.33, 96
229.33, 96
229.33, 96
229.33, 96
229.33, 96
229.33, 96
229.33, 96
229.34, 96
229.34, 96
229.34, 96
229.34, 96
229.35, 96
229.35, 96
229.35, 96
229.58, 96
229.58, 96
229.58, 96
229.70, 96
229.71, 96
229.71, 96
229.72, 96
229.72, 96
229.72, 96
229.72, 96
229.75, 96
229.75, 96
229.79, 96
229.79, 96
229.80, 96
229.80, 96
229.80, 96
229.80, 96
229.80, 96
229.80, 96
229.80, 96
230.05, 96
230.09, 96
230.09, 96
230.09, 96
230.09, 96
230.64, 96
230.64, 96
230.65, 96
230.65, 96
230.65, 96
230.65, 96
230.74, 96
230.74, 96
230.74, 96
230.74, 96
230.74, 96
230.74, 96
230.74, 96
230.74, 96
230.75, 96
230.75, 96
230.75, 96
230.75, 96
230.75, 96
230.75, 96
230.76, 96
230.76, 96
230.76, 96
230.76, 96
230.77, 96
230.99, 96
231.00, 96
231.00, 96
231.00, 96
231.00, 96
231.00, 96
231.00, 96
231.00, 96
231.00, 96
231.00, 96
231.01, 96
231.01, 96
231.01, 96
231.01, 96
231.01, 96
231.01, 96
231.01, 96
231.01, 96
231.01, 96
231.02, 96
231.26, 96
231.26, 96
231.38, 96
231.61, 96
231.63, 96
231.66, 96
231.67, 96
231.67, 96
231.67, 96
231.89, 96
231.90, 96
232.09, 96
232.12, 96
232.12, 96
232.12, 96
232.12, 96
232.12, 96
232.12, 96
232.12, 96
232.13, 96
232.13, 96
232.14, 96
232.22, 96
232.22, 96
232.22, 96
232.23, 96
232.23, 96
232.23, 96
232.44, 96
232.45, 96
232.50, 96
232.51, 96
232.51, 96
232.51, 96
232.51, 96
232.51, 96
232.51, 96
232.53, 96
232.53, 96
232.53, 96
232.59, 96
232.63, 96
232.64, 96
232.64, 96
232.64, 96
232.64, 96
232.64, 96
232.67, 96
232.67, 96
232.67, 96
232.68, 96
232.68, 96
232.93, 96
232.93, 96
232.93, 96
232.94, 96
232.94, 96
232.95, 96
232.95, 96
232.95, 96
232.95, 96
232.96, 96
232.96, 96
232.96, 96
232.96, 96
232.97, 96
232.97, 96
232.97, 96
233.08, 96
233.08, 96
233.09, 96
233.09, 96
233.10, 96
233.10, 96
233.14, 96
233.14, 96
233.14, 96
233.14, 96
233.14, 96
233.16, 96
233.16, 96
233.24, 96
233.24, 96
233.24, 96
233.24, 96
233.28, 96
233.28, 96
233.28, 96
233.28, 96
233.28, 96
233.28, 96
233.28, 96
233.28, 96
233.34, 96
233.34, 96
233.35, 96
233.59, 96
233.59, 96
233.69, 96
233.70, 96
233.79, 96
233.79, 96
233.79, 96
233.80, 96
233.80, 96
233.81, 96
233.81, 96
233.81, 96
233.82, 96
233.82, 96
233.82, 96
233.90, 96
233.91, 96
233.91, 96
233.92, 96
233.92, 96
234.07, 96
234.08, 96
234.08, 96
234.08, 96
234.08, 96
234.08, 96
234.09, 96
234.09, 96
234.09, 96
234.11, 96
234.17, 96
234.18, 96
234.18, 96
234.18, 96
234.18, 96
234.18, 96
234.18, 96
234.18, 96
234.19, 96
234.19, 96
234.19, 96
234.20, 96
234.38, 96
234.38, 96
234.38, 96
234.48, 96
234.52, 96
234.53, 96
234.54, 96
234.55, 96
234.55, 96
234.55, 96
234.58, 96
234.58, 96
234.59, 96
234.59, 96
234.60, 96
234.62, 96
234.62, 96
234.62, 96
234.67, 96
234.67, 96
234.67, 96
234.67, 96
234.75, 96
234.76, 96
234.76, 96
234.76, 96
234.76, 96
234.76, 96
234.76, 96
234.76, 96
234.76, 96
234.76, 96
235.17, 96
235.18, 96
235.18, 96
235.18, 96
235.22, 96
235.22, 96
235.23, 96
235.23, 96
235.23, 96
235.24, 96
235.24, 96
235.24, 96
235.24, 96
235.24, 96
235.53, 96
235.62, 96
235.62, 96
235.62, 96
235.62, 96
235.62, 96
235.62, 96
235.70, 96
235.70, 96
235.70, 96
235.70, 96
235.70, 96
235.79, 96
235.79, 96
235.79, 96
235.79, 96
236.01, 96
236.01, 96
236.02, 96
236.02, 96
236.02, 96
236.35, 96
236.35, 96
236.35, 96
236.38, 96
236.38, 96
236.38, 96
236.39, 96
236.39, 96
236.39, 96
236.43, 96
236.43, 96
236.43, 96
236.43, 96
236.45, 96
236.45, 96
236.46, 96
236.58, 96
236.58, 96
236.58, 96
236.58, 96
236.58, 96
236.58, 96
236.58, 96
236.59, 96
236.59, 96
236.86, 96
236.86, 96
236.86, 96
236.86, 96
236.86, 96
236.87, 96
236.87, 96
236.87, 96
236.91, 96
236.91, 96
236.91, 96
236.91, 96
237.12, 96
237.13, 96
237.13, 96
237.13, 96
237.13, 96
237.18, 96
237.19, 96
237.19, 96
237.19, 96
237.20, 96
237.20, 96
237.21, 96
237.21, 96
237.22, 96
237.22, 96
237.24, 96
237.75, 96
237.77, 96
237.77, 96
237.77, 96
237.78, 96
237.78, 96
237.78, 96
237.78, 96
237.78, 96
237.78, 96
237.80, 96
237.81, 96
237.81, 96
237.81, 96
237.81, 96
237.81, 96
237.82, 96
237.82, 96
237.82, 96
237.89, 96
237.89, 96
237.89, 96
237.90, 96
237.90, 96
237.90, 96
237.90, 96
237.90, 96
238.20, 96
238.20, 96
238.20, 96
238.21, 96
238.24, 96
238.24, 96
238.24, 96
238.25, 96
238.25, 96
238.25, 96
238.44, 96
238.45, 96
238.45, 96
238.52, 96
238.52, 96
238.52, 96
238.86, 96
238.86, 96
238.86, 96
238.87, 96
238.95, 96
239.01, 96
239.01, 96
239.01, 96
239.01, 96
239.01, 96
239.02, 96
239.02, 96
239.02, 96
239.02, 96
239.02, 96
239.02, 96
239.09, 96
239.09, 96
239.09, 96
239.35, 96
239.35, 96
239.35, 96
239.36, 96
239.36, 96
239.36, 96
239.37, 96
239.37, 96
239.37, 96
239.37, 96
239.41, 96
239.41, 96
239.41, 96
239.42, 96
239.42, 96
239.42, 96
239.42, 96
239.45, 96
239.46, 96
239.55, 96
239.56, 96
239.56, 96
239.59, 96
239.59, 96
239.59, 96
239.60, 96
239.60, 96
239.61, 96
239.61, 96
239.61, 96
239.85, 96
239.91, 96
239.91, 96
239.91, 96
239.92, 96
