0.01, 102
0.02, 100
0.02, 99
0.02, 99
0.02, 99
0.02, 99
0.02, 99
0.02, 98
0.02, 98
0.02, 98
0.02, 98
0.03, 98
0.03, 98
0.03, 98
0.04, 98
0.05, 98
0.05, 98
0.05, 98
0.06, 98
0.06, 97
0.06, 97
0.06, 97
0.07, 97
0.07, 97
0.07, 97
0.07, 97
0.08, 97
0.08, 97
0.08, 97
0.08, 97
0.09, 97
0.09, 97
0.09, 97
0.09, 97
0.09, 97
0.09, 97
0.10, 97
0.10, 97
0.11, 97
0.11, 97
0.11, 97
0.11, 97
0.12, 97
0.13, 97
0.13, 97
0.13, 97
0.13, 97
0.14, 97
0.14, 97
0.14, 97
0.20, 97
0.20, 97
0.23, 97
0.23, 97
0.23, 97
0.23, 97
0.23, 97
0.24, 97
0.24, 97
0.25, 97
0.28, 97
0.28, 97
0.28, 97
0.28, 97
0.29, 97
0.29, 97
0.29, 97
0.29, 97
0.29, 97
0.29, 97
0.30, 97
0.30, 97
0.32, 97
0.32, 97
0.33, 97
0.33, 97
0.35, 97
0.35, 97
0.35, 97
0.35, 97
0.36, 97
0.36, 97
0.36, 97
0.36, 97
0.36, 97
0.39, 97
0.40, 97
0.41, 97
0.41, 97
0.41, 97
0.41, 97
0.41, 97
0.41, 97
0.41, 97
0.41, 97
0.42, 97
0.42, 97
0.42, 97
0.42, 97
0.43, 96
0.43, 96
0.43, 96
0.43, 96
0.45, 96
0.45, 96
0.48, 96
0.48, 96
0.48, 96
0.51, 96
0.51, 96
0.51, 96
0.54, 96
0.55, 96
0.55, 96
0.55, 96
0.59, 96
0.59, 96
0.59, 96
0.59, 96
0.85, 96
0.85, 96
0.85, 96
0.86, 96
0.86, 96
0.89, 96
0.89, 96
0.89, 96
0.91, 96
0.92, 96
0.96, 96
0.96, 96
0.96, 96
0.96, 96
0.96, 96
0.96, 96
0.96, 96
1.19, 96
1.22, 96
1.23, 96
1.23, 96
1.32, 96
1.32, 96
1.87, 96
1.87, 96
1.87, 96
1.87, 96
1.88, 96
1.89, 96
1.89, 96
1.90, 96
1.90, 96
1.90, 96
1.92, 96
1.93, 96
1.93, 96
1.94, 96
1.94, 96
2.02, 96
2.02, 96
2.02, 96
2.02, 96
2.02, 96
2.02, 96
2.06, 96
2.06, 96
2.06, 96
2.08, 96
2.09, 96
2.11, 96
2.11, 96
2.13, 96
2.13, 96
2.14, 96
2.15, 96
2.15, 96
2.15, 96
2.16, 96
2.16, 96
2.17, 96
2.17, 96
2.17, 96
2.17, 96
2.17, 96
2.57, 96
2.58, 96
2.58, 96
2.58, 96
2.58, 96
2.59, 96
2.59, 96
2.59, 96
3.08, 96
3.08, 96
3.09, 96
3.23, 96
3.23, 96
3.23, 96
3.23, 96
3.23, 96
3.23, 96
3.24, 96
3.44, 96
3.48, 96
3.48, 96
3.48, 96
3.49, 96
3.49, 96
3.49, 96
3.49, 96
3.50, 96
3.50, 96
3.50, 96
3.51, 96
3.51, 96
3.51, 96
3.51, 96
3.51, 96
3.51, 96
3.53, 96
3.53, 96
3.55, 96
3.55, 96
3.55, 96
3.55, 96
3.55, 96
3.56, 96
3.56, 96
3.56, 96
3.56, 96
3.56, 96
3.56, 96
3.56, 96
3.57, 96
3.57, 96
3.58, 96
3.58, 96
3.58, 96
3.60, 96
3.60, 96
3.60, 96
3.60, 96
3.60, 96
3.61, 96
3.63, 96
3.63, 96
3.63, 96
3.63, 96
3.63, 96
3.63, 96
3.63, 96
3.63, 96
3.65, 96
3.65, 96
3.65, 96
3.65, 96
3.65, 96
3.69, 96
3.69, 96
3.69, 96
3.69, 96
3.84, 96
3.84, 96
3.84, 96
3.87, 96
3.88, 96
3.88, 96
3.88, 96
3.88, 96
3.89, 96
3.89, 96
3.89, 96
3.89, 96
4.01, 96
4.01, 96
4.01, 96
4.02, 96
4.08, 96
4.09, 96
4.12, 96
4.12, 96
4.13, 96
4.13, 96
4.13, 96
4.13, 96
4.14, 96
4.14, 96
4.14, 96
4.15, 96
4.25, 96
4.25, 96
4.26, 96
4.26, 96
4.26, 96
4.26, 96
4.27, 96
4.34, 96
4.34, 96
4.35, 96
4.35, 96
4.35, 96
4.36, 96
4.37, 96
4.37, 96
4.37, 96
4.37, 96
4.38, 96
4.38, 96
4.38, 96
4.38, 96
4.38, 96
4.38, 96
4.44, 96
4.44, 96
4.44, 96
4.44, 96
4.44, 96
4.51, 96
4.51, 96
4.51, 96
4.52, 96
4.52, 96
4.52, 96
4.52, 96
4.52, 96
4.52, 96
4.71, 96
5.05, 96
5.14, 96
5.14, 96
5.14, 96
5.14, 96
5.15, 96
5.16, 96
5.16, 96
5.16, 96
5.16, 96
5.16, 96
5.16, 96
5.16, 96
5.18, 96
5.18, 96
5.27, 96
5.27, 96
5.27, 96
5.27, 96
5.27, 96
5.27, 96
5.38, 96
5.38, 96
5.38, 96
5.41, 96
5.41, 96
5.55, 96
5.55, 96
5.55, 96
5.55, 96
5.56, 96
5.58, 96
5.58, 96
5.60, 96
5.63, 96
5.63, 96
5.64, 96
5.64, 96
5.65, 96
5.65, 96
5.65, 96
5.65, 96
5.65, 96
5.65, 96
5.65, 96
5.65, 96
5.68, 96
5.68, 96
5.72, 96
5.72, 96
5.72, 96
5.72, 96
5.72, 96
5.72, 96
5.72, 96
5.77, 96
5.77, 96
5.77, 96
5.77, 96
5.77, 96
5.77, 96
5.81, 96
5.81, 96
5.81, 96
5.81, 96
5.81, 96
5.84, 96
5.84, 96
5.86, 96
5.89, 96
5.89, 96
5.89, 96
5.89, 96
5.89, 96
5.89, 96
5.94, 96
5.94, 96
5.94, 96
5.94, 96
5.94, 96
5.94, 96
5.94, 96
5.95, 96
5.95, 96
5.95, 96
5.95, 96
5.95, 96
5.95, 96
5.98, 96
5.98, 96
5.99, 96
5.99, 96
6.00, 96
6.00, 96
6.00, 96
6.46, 96
6.46, 96
6.46, 96
6.46, 96
6.48, 96
6.48, 96
6.48, 96
6.48, 96
6.49, 96
6.50, 96
6.53, 96
6.53, 96
6.57, 96
6.57, 96
6.58, 96
6.59, 96
6.59, 96
6.59, 96
6.59, 96
6.80, 96
6.80, 96
6.80, 96
6.80, 96
6.80, 96
6.80, 96
6.80, 96
6.81, 96
6.81, 96
6.82, 96
6.82, 96
6.82, 96
6.82, 96
6.82, 96
6.92, 96
6.93, 96
6.94, 96
6.94, 96
6.94, 96
6.95, 96
6.95, 96
6.95, 96
6.95, 96
6.95, 96
6.96, 96
6.96, 96
6.96, 96
6.99, 96
6.99, 96
6.99, 96
6.99, 96
7.10, 96
7.21, 96
7.21, 96
7.21, 96
7.21, 96
7.21, 96
7.36, 96
7.38, 96
7.50, 96
7.50, 96
7.50, 96
7.61, 96
7.61, 96
8.29, 96
8.68, 96
8.75, 96
8.75, 96
9.26, 96
9.41, 96
9.41, 96
9.45, 96
9.45, 96
9.67, 96
9.67, 96
9.95, 96
10.17, 96
10.25, 96
10.25, 96
10.25, 96
10.44, 96
10.46, 96
10.75, 96
10.75, 96
10.99, 96
11.09, 96
11.09, 96
11.15, 96
11.16, 96
11.16, 96
11.21, 96
11.21, 96
11.23, 96
11.23, 96
11.23, 96
11.23, 96
11.24, 96
11.24, 96
11.24, 96
11.25, 96
11.25, 96
11.25, 96
11.25, 96
11.25, 96
11.26, 96
11.26, 96
11.26, 96
11.27, 96
11.30, 96
11.31, 96
11.38, 96
11.38, 96
11.38, 96
11.39, 96
11.39, 96
11.39, 96
11.39, 96
11.39, 96
11.39, 96
11.44, 96
11.50, 96
11.50, 96
11.50, 96
11.50, 96
11.50, 96
11.50, 96
11.57, 96
11.68, 96
11.69, 96
11.69, 96
11.69, 96
11.69, 96
11.69, 96
11.69, 96
11.69, 96
11.69, 96
11.69, 96
11.69, 96
11.71, 96
11.71, 96
11.72, 96
11.73, 96
11.73, 96
11.80, 96
11.80, 96
11.85, 96
11.85, 96
11.86, 96
11.87, 96
11.87, 96
11.88, 96
11.94, 96
11.94, 96
11.94, 96
11.94, 96
11.94, 96
11.94, 96
11.95, 96
11.95, 96
11.95, 96
11.95, 96
11.95, 96
11.95, 96
11.95, 96
12.18, 96
12.18, 96
12.54, 96
12.60, 96
12.61, 96
12.63, 96
12.63, 96
12.67, 96
12.68, 96
12.69, 96
12.69, 96
13.02, 96
13.03, 96
13.03, 96
13.03, 96
13.22, 96
13.22, 96
13.22, 96
13.22, 96
13.22, 96
13.22, 96
13.23, 96
13.23, 96
13.23, 96
13.23, 96
13.23, 96
13.27, 96
13.27, 96
13.28, 96
13.28, 96
13.28, 96
13.28, 96
13.28, 96
13.28, 96
13.29, 96
13.29, 96
13.29, 96
13.29, 96
13.30, 96
13.30, 96
13.30, 96
14.14, 96
14.16, 96
14.16, 96
14.16, 96
14.16, 96
14.16, 96
14.16, 96
14.17, 96
14.17, 96
14.18, 96
14.18, 96
14.18, 96
14.18, 96
14.18, 96
14.29, 96
14.30, 96
14.44, 96
14.44, 96
14.44, 96
14.46, 96
14.49, 96
14.49, 96
14.50, 96
14.50, 96
14.50, 96
14.50, 96
14.50, 96
14.50, 96
14.50, 96
14.51, 96
14.52, 96
14.52, 96
14.52, 96
14.55, 96
14.55, 96
14.55, 96
14.56, 96
14.57, 96
14.57, 96
14.65, 96
14.65, 96
14.67, 96
14.67, 96
14.69, 96
14.69, 96
14.69, 96
14.70, 96
14.70, 96
14.70, 96
15.15, 96
15.15, 96
15.15, 96
15.16, 96
15.16, 96
15.16, 96
15.16, 96
15.16, 96
15.17, 96
15.17, 96
15.17, 96
15.54, 96
15.54, 96
15.54, 96
15.54, 96
15.68, 96
15.68, 96
15.85, 96
15.85, 96
15.85, 96
15.86, 96
15.94, 96
16.14, 96
16.14, 96
16.14, 96
16.14, 96
16.14, 96
16.15, 96
16.15, 96
16.15, 96
16.15, 96
16.16, 96
16.38, 96
16.38, 96
16.38, 96
16.39, 96
16.39, 96
16.39, 96
16.39, 96
16.43, 96
16.43, 96
16.44, 96
16.44, 96
16.44, 96
16.44, 96
16.44, 96
16.44, 96
16.44, 96
16.45, 96
16.45, 96
16.45, 96
16.45, 96
16.54, 96
16.54, 96
16.54, 96
16.58, 96
16.58, 96
16.58, 96
16.58, 96
16.58, 96
16.58, 96
16.58, 96
16.59, 96
16.59, 96
16.59, 96
16.59, 96
16.59, 96
16.83, 96
16.84, 96
16.86, 96
16.86, 96
16.86, 96
16.89, 96
16.89, 96
16.89, 96
16.90, 96
16.90, 96
16.96, 96
16.96, 96
16.96, 96
16.97, 96
17.13, 96
17.13, 96
17.13, 96
17.13, 96
17.13, 96
17.13, 96
17.13, 96
17.14, 96
17.14, 96
17.31, 96
17.34, 96
17.34, 96
17.34, 96
17.37, 96
17.37, 96
17.40, 96
17.68, 96
17.79, 96
17.79, 96
17.79, 96
18.14, 96
18.14, 96
18.28, 96
18.29, 96
18.29, 96
18.29, 96
18.29, 96
18.29, 96
18.30, 96
18.30, 96
18.30, 96
18.30, 96
18.30, 96
18.31, 96
18.56, 96
18.56, 96
18.56, 96
18.56, 96
18.56, 96
18.56, 96
18.56, 96
18.56, 96
18.57, 96
18.60, 96
18.61, 96
18.61, 96
18.61, 96
18.78, 96
18.78, 96
18.78, 96
18.78, 96
18.79, 96
18.79, 96
18.79, 96
18.79, 96
18.80, 96
18.80, 96
18.80, 96
18.80, 96
18.80, 96
18.83, 96
18.89, 96
18.89, 96
18.90, 96
18.90, 96
18.90, 96
18.92, 96
18.93, 96
18.96, 96
18.97, 96
18.97, 96
19.02, 96
19.02, 96
19.07, 96
19.10, 96
19.10, 96
19.10, 96
19.36, 96
19.36, 96
19.51, 96
19.53, 96
19.54, 96
19.54, 96
19.54, 96
19.55, 96
19.55, 96
19.55, 96
19.55, 96
19.55, 96
19.62, 96
19.62, 96
19.64, 96
19.68, 96
19.79, 96
19.79, 96
19.79, 96
19.81, 96
19.81, 96
19.81, 96
19.81, 96
19.81, 96
19.85, 96
19.89, 96
19.89, 96
19.89, 96
19.89, 96
19.95, 96
20.07, 96
20.26, 96
20.26, 96
20.26, 96
20.26, 96
20.26, 96
20.26, 96
20.46, 96
20.46, 96
20.66, 96
20.66, 96
20.66, 96
20.66, 96
20.67, 96
20.77, 96
20.82, 96
20.82, 96
20.83, 96
20.83, 96
20.84, 96
20.84, 96
20.95, 96
20.98, 96
20.98, 96
20.98, 96
20.99, 96
21.00, 96
21.00, 96
21.00, 96
21.00, 96
21.00, 96
21.06, 96
21.13, 96
21.14, 96
21.14, 96
21.14, 96
21.16, 96
21.16, 96
21.16, 96
21.17, 96
21.19, 96
21.19, 96
21.24, 96
21.54, 96
21.69, 96
21.70, 96
21.70, 96
21.71, 96
21.73, 96
21.73, 96
21.74, 96
21.74, 96
21.76, 96
21.76, 96
21.76, 96
21.76, 96
21.80, 96
21.84, 96
22.15, 96
22.15, 96
22.40, 96
22.40, 96
22.40, 96
22.41, 96
22.41, 96
22.41, 96
22.43, 96
22.44, 96
22.44, 96
22.44, 96
22.44, 96
22.44, 96
22.44, 96
22.44, 96
22.44, 96
22.57, 96
22.57, 96
22.69, 96
22.69, 96
22.76, 96
22.76, 96
22.76, 96
22.76, 96
22.76, 96
22.77, 96
22.77, 96
22.77, 96
22.78, 96
23.12, 96
23.13, 96
23.13, 96
23.13, 96
23.13, 96
23.13, 96
23.14, 96
23.14, 96
23.25, 96
23.25, 96
23.25, 96
23.25, 96
23.32, 96
23.32, 96
23.32, 96
23.33, 96
23.33, 96
23.36, 96
23.36, 96
23.36, 96
23.36, 96
23.36, 96
23.36, 96
23.36, 96
23.41, 96
23.41, 96
23.41, 96
23.57, 96
23.57, 96
23.62, 96
23.63, 96
23.63, 96
23.75, 96
24.15, 96
24.15, 96
24.15, 96
24.16, 96
24.16, 96
24.17, 96
24.17, 96
24.20, 96
24.21, 96
24.21, 96
24.21, 96
24.21, 96
24.26, 96
24.26, 96
24.26, 96
24.27, 96
24.47, 96
24.47, 96
24.47, 96
24.48, 96
24.48, 96
24.48, 96
24.48, 96
24.48, 96
24.80, 96
25.09, 96
25.09, 96
25.14, 96
25.14, 96
25.45, 96
25.45, 96
25.45, 96
25.45, 96
25.45, 96
25.46, 96
25.46, 96
25.46, 96
25.46, 96
25.46, 96
25.50, 96
25.51, 96
25.62, 96
25.65, 96
25.66, 96
25.66, 96
25.66, 96
25.67, 96
25.67, 96
25.67, 96
25.67, 96
25.67, 96
25.68, 96
25.68, 96
25.68, 96
25.68, 96
25.68, 96
25.68, 96
25.68, 96
25.69, 96
25.74, 96
25.76, 96
25.76, 96
25.84, 96
25.85, 96
25.85, 96
25.85, 96
25.86, 96
25.87, 96
25.87, 96
25.94, 96
25.94, 96
25.94, 96
25.94, 96
26.31, 96
26.31, 96
26.31, 96
26.31, 96
26.33, 96
26.40, 96
26.40, 96
26.40, 96
26.40, 96
26.40, 96
26.40, 96
26.56, 96
26.58, 96
26.58, 96
26.59, 96
26.59, 96
26.62, 96
26.71, 96
26.71, 96
26.71, 96
26.96, 96
26.96, 96
26.96, 96
26.96, 96
27.09, 96
27.09, 96
27.09, 96
27.10, 96
27.10, 96
27.10, 96
27.19, 96
27.19, 96
27.19, 96
27.19, 96
27.19, 96
27.20, 96
27.20, 96
27.20, 96
27.20, 96
27.20, 96
27.21, 96
27.22, 96
27.22, 96
27.22, 96
27.22, 96
27.22, 96
27.22, 96
27.22, 96
27.22, 96
27.23, 96
27.23, 96
27.24, 96
27.25, 96
27.25, 96
27.27, 96
27.55, 96
27.93, 96
27.93, 96
27.93, 96
27.93, 96
27.94, 96
27.94, 96
27.98, 96
27.98, 96
27.98, 96
27.99, 96
27.99, 96
28.15, 96
28.15, 96
28.16, 96
28.16, 96
28.40, 96
28.40, 96
28.40, 96
28.42, 96
28.42, 96
28.42, 96
28.56, 96
28.87, 96
28.87, 96
28.87, 96
28.89, 96
28.89, 96
28.91, 96
28.91, 96
28.91, 96
28.92, 96
28.93, 96
28.97, 96
28.98, 96
28.99, 96
28.99, 96
28.99, 96
28.99, 96
28.99, 96
29.01, 96
29.01, 96
29.02, 96
29.09, 96
29.09, 96
29.10, 96
29.10, 96
29.10, 96
29.10, 96
29.36, 96
29.36, 96
29.36, 96
29.36, 96
29.49, 96
29.59, 96
29.59, 96
29.60, 96
29.61, 96
29.61, 96
29.61, 96
29.61, 96
29.61, 96
29.61, 96
29.61, 96
29.61, 96
29.61, 96
29.87, 96
30.01, 96
30.01, 96
30.01, 96
30.01, 96
30.01, 96
30.01, 96
30.01, 96
30.02, 96
30.02, 96
30.02, 96
30.08, 96
30.08, 96
30.13, 96
30.13, 96
30.13, 96
30.13, 96
30.13, 96
30.13, 96
30.13, 96
30.13, 96
30.15, 96
30.17, 96
30.17, 96
30.17, 96
30.18, 96
30.31, 96
30.31, 96
30.31, 96
30.31, 96
30.31, 96
30.35, 96
30.36, 96
30.36, 96
30.36, 96
30.36, 96
30.36, 96
30.36, 96
30.44, 96
30.45, 96
30.45, 96
30.45, 96
30.45, 96
30.58, 96
30.58, 96
30.59, 96
30.59, 96
31.07, 96
31.08, 96
31.08, 96
31.08, 96
31.08, 96
31.14, 96
31.14, 96
31.14, 96
31.14, 96
31.22, 96
31.22, 96
31.22, 96
31.25, 96
31.25, 96
31.25, 96
31.30, 96
31.31, 96
31.31, 96
31.31, 96
31.36, 96
31.36, 96
31.36, 96
31.37, 96
31.37, 96
31.37, 96
31.38, 96
31.39, 96
31.40, 96
31.40, 96
31.40, 96
31.40, 96
31.41, 96
31.41, 96
31.41, 96
31.41, 96
31.67, 96
31.67, 96
31.69, 96
31.69, 96
31.69, 96
31.69, 96
31.69, 96
31.69, 96
31.69, 96
31.69, 96
31.72, 96
31.72, 96
31.74, 96
31.74, 96
31.74, 96
31.87, 96
31.88, 96
31.88, 96
32.50, 96
32.56, 96
32.79, 96
32.79, 96
32.79, 96
32.88, 96
32.88, 96
32.88, 96
32.89, 96
32.89, 96
32.89, 96
32.89, 96
33.25, 96
33.25, 96
33.29, 96
33.29, 96
33.29, 96
33.37, 96
33.38, 96
33.38, 96
33.39, 96
33.39, 96
33.39, 96
33.39, 96
33.39, 96
33.40, 96
33.40, 96
33.40, 96
33.40, 96
33.40, 96
33.41, 96
33.41, 96
33.41, 96
33.41, 96
33.50, 96
33.50, 96
33.50, 96
33.51, 96
33.51, 96
33.51, 96
33.52, 96
33.52, 96
33.53, 96
33.53, 96
33.53, 96
33.53, 96
33.56, 96
33.56, 96
33.62, 96
33.62, 96
33.62, 96
33.62, 96
33.62, 96
33.73, 96
33.73, 96
33.73, 96
33.74, 96
33.76, 96
33.76, 96
33.76, 96
33.83, 96
33.83, 96
33.83, 96
33.83, 96
33.84, 96
33.84, 96
33.90, 96
33.90, 96
33.90, 96
33.91, 96
33.91, 96
33.92, 96
33.93, 96
33.94, 96
33.94, 96
33.94, 96
33.94, 96
33.95, 96
33.95, 96
33.98, 96
34.00, 96
34.05, 96
34.07, 96
34.07, 96
34.07, 96
34.07, 96
34.07, 96
34.07, 96
34.07, 96
34.08, 96
34.08, 96
34.08, 96
34.08, 96
34.21, 96
34.21, 96
34.21, 96
34.33, 96
34.33, 96
34.33, 96
34.33, 96
34.35, 96
34.41, 96
34.44, 96
34.44, 96
34.44, 96
34.79, 96
34.80, 96
34.81, 96
35.17, 96
35.17, 96
35.18, 96
35.18, 96
35.18, 96
35.18, 96
35.32, 96
35.33, 96
35.33, 96
35.34, 96
35.35, 96
35.35, 96
35.38, 96
35.39, 96
35.40, 96
35.40, 96
35.41, 96
35.41, 96
35.42, 96
35.43, 96
35.43, 96
35.43, 96
35.82, 96
35.82, 96
35.82, 96
35.82, 96
35.82, 96
36.06, 96
36.06, 96
36.06, 96
36.48, 96
36.48, 96
36.48, 96
36.48, 96
36.48, 96
36.54, 96
36.55, 96
36.59, 96
36.59, 96
36.59, 96
36.59, 96
36.59, 96
36.59, 96
36.60, 96
36.60, 96
36.60, 96
36.60, 96
36.68, 96
36.68, 96
36.73, 96
36.74, 96
36.74, 96
36.74, 96
36.74, 96
36.74, 96
36.81, 96
36.81, 96
36.81, 96
36.81, 96
36.81, 96
36.82, 96
36.82, 96
36.82, 96
36.90, 96
36.91, 96
36.91, 96
36.91, 96
36.91, 96
37.03, 96
37.04, 96
37.04, 96
37.04, 96
37.04, 96
37.04, 96
37.04, 96
37.04, 96
37.04, 96
37.06, 96
37.07, 96
37.07, 96
37.09, 96
37.09, 96
37.09, 96
37.09, 96
37.09, 96
37.09, 96
37.09, 96
37.09, 96
37.09, 96
37.10, 96
37.10, 96
37.13, 96
37.13, 96
37.13, 96
37.13, 96
37.16, 96
37.16, 96
37.36, 96
37.36, 96
37.37, 96
37.37, 96
37.38, 96
37.38, 96
37.50, 96
37.50, 96
37.51, 96
37.52, 96
37.58, 96
37.58, 96
37.58, 96
37.58, 96
37.59, 96
37.60, 96
37.60, 96
37.64, 96
37.64, 96
37.64, 96
37.65, 96
37.65, 96
37.65, 96
37.66, 96
37.66, 96
37.66, 96
37.66, 96
37.66, 96
37.66, 96
37.80, 96
37.80, 96
37.80, 96
37.81, 96
37.81, 96
37.81, 96
37.81, 96
37.81, 96
37.81, 96
37.82, 96
37.82, 96
37.82, 96
37.82, 96
37.82, 96
37.83, 96
37.83, 96
38.03, 96
38.03, 96
38.03, 96
38.07, 96
38.08, 96
38.08, 96
38.11, 96
38.11, 96
38.30, 96
38.30, 96
38.30, 96
38.30, 96
38.30, 96
38.32, 96
38.32, 96
38.33, 96
38.33, 96
38.33, 96
38.33, 96
38.33, 96
38.33, 96
38.33, 96
38.33, 96
38.41, 96
38.42, 96
38.42, 96
38.47, 96
38.47, 96
38.48, 96
38.48, 96
38.48, 96
38.48, 96
38.48, 96
38.48, 96
38.48, 96
38.49, 96
38.49, 96
38.55, 96
38.55, 96
38.56, 96
38.86, 96
38.86, 96
38.86, 96
38.86, 96
38.93, 96
38.93, 96
38.95, 96
38.95, 96
38.99, 96
39.10, 96
39.11, 96
39.11, 96
39.12, 96
39.18, 96
39.18, 96
39.18, 96
39.19, 96
39.19, 96
39.19, 96
39.22, 96
39.22, 96
39.22, 96
39.22, 96
39.23, 96
39.46, 96
39.46, 96
39.46, 96
39.46, 96
39.46, 96
39.46, 96
40.24, 96
40.24, 96
40.37, 96
40.37, 96
40.37, 96
40.38, 96
40.38, 96
40.38, 96
40.39, 96
40.39, 96
40.39, 96
40.55, 96
40.55, 96
40.55, 96
40.55, 96
40.58, 96
40.60, 96
40.60, 96
40.60, 96
40.75, 96
40.75, 96
40.75, 96
40.75, 96
40.75, 96
40.76, 96
40.76, 96
40.76, 96
40.76, 96
40.77, 96
40.77, 96
40.77, 96
40.78, 96
40.78, 96
40.78, 96
40.78, 96
40.78, 96
40.78, 96
40.78, 96
40.79, 96
40.79, 96
40.80, 96
40.80, 96
40.80, 96
40.80, 96
40.89, 96
40.89, 96
40.89, 96
40.90, 96
40.90, 96
40.91, 96
40.98, 96
41.01, 96
41.01, 96
41.01, 96
41.01, 96
41.02, 96
41.02, 96
41.03, 96
41.18, 96
41.31, 96
41.32, 96
41.32, 96
41.39, 96
41.44, 96
41.46, 96
41.49, 96
41.49, 96
41.50, 96
41.50, 96
41.50, 96
41.50, 96
41.50, 96
41.50, 96
41.51, 96
41.51, 96
41.52, 96
41.52, 96
41.52, 96
41.71, 96
41.71, 96
41.72, 96
41.72, 96
41.72, 96
41.76, 96
41.78, 96
41.78, 96
41.79, 96
41.79, 96
41.86, 96
41.86, 96
41.86, 96
41.87, 96
41.87, 96
41.87, 96
41.87, 96
41.88, 96
41.88, 96
41.93, 96
42.05, 96
42.53, 96
42.53, 96
42.53, 96
42.53, 96
42.53, 96
42.53, 96
42.53, 96
42.54, 96
42.54, 96
42.60, 96
42.61, 96
42.61, 96
42.61, 96
42.72, 96
42.72, 96
42.72, 96
42.73, 96
42.73, 96
42.86, 96
42.87, 96
42.93, 96
42.94, 96
42.94, 96
42.94, 96
42.94, 96
42.94, 96
42.94, 96
42.94, 96
42.94, 96
42.95, 96
42.95, 96
42.95, 96
42.95, 96
42.95, 96
43.00, 96
43.00, 96
43.37, 96
43.37, 96
43.37, 96
43.37, 96
43.38, 96
43.38, 96
43.38, 96
43.38, 96
43.38, 96
43.41, 96
43.51, 96
43.64, 96
43.64, 96
43.65, 96
43.65, 96
43.65, 96
43.65, 96
43.65, 96
43.65, 96
43.65, 96
43.66, 96
43.66, 96
43.66, 96
43.66, 96
43.66, 96
43.66, 96
43.66, 96
43.68, 96
43.68, 96
43.68, 96
43.68, 96
43.80, 96
43.80, 96
44.08, 96
44.13, 96
44.13, 96
44.16, 96
44.17, 96
44.18, 96
44.18, 96
44.18, 96
44.53, 96
44.53, 96
44.62, 96
44.62, 96
44.62, 96
44.62, 96
44.65, 96
44.65, 96
44.66, 96
44.66, 96
44.66, 96
44.66, 96
44.80, 96
44.81, 96
44.82, 96
44.86, 96
45.55, 96
45.55, 96
45.55, 96
45.56, 96
45.59, 96
45.59, 96
45.70, 96
45.70, 96
45.70, 96
45.70, 96
45.70, 96
45.83, 96
45.83, 96
45.86, 96
45.86, 96
45.86, 96
45.86, 96
45.87, 96
45.89, 96
45.89, 96
45.89, 96
45.89, 96
45.91, 96
45.91, 96
45.91, 96
45.91, 96
45.91, 96
45.91, 96
46.22, 96
46.23, 96
46.23, 96
46.23, 96
46.23, 96
46.23, 96
46.30, 96
46.31, 96
46.40, 96
46.40, 96
46.40, 96
46.49, 96
46.49, 96
46.50, 96
46.61, 96
46.61, 96
46.83, 96
46.86, 96
46.86, 96
46.86, 96
46.95, 96
46.95, 96
46.96, 96
47.26, 96
47.29, 96
47.30, 96
47.32, 96
47.32, 96
47.33, 96
47.33, 96
47.33, 96
47.48, 96
47.48, 96
47.48, 96
47.49, 96
47.96, 96
48.02, 96
48.02, 96
48.12, 96
48.12, 96
48.15, 96
48.21, 96
48.21, 96
48.21, 96
48.21, 96
48.22, 96
48.25, 96
48.25, 96
48.25, 96
48.40, 96
48.40, 96
48.40, 96
48.51, 96
48.51, 96
48.51, 96
48.53, 96
48.53, 96
48.53, 96
48.61, 96
48.63, 96
48.63, 96
48.67, 96
48.67, 96
48.68, 96
48.68, 96
48.68, 96
48.89, 96
49.08, 96
49.11, 96
49.12, 96
49.17, 96
49.20, 96
49.20, 96
49.21, 96
49.21, 96
49.21, 96
49.21, 96
49.21, 96
49.21, 96
49.44, 96
49.44, 96
49.49, 96
49.49, 96
49.49, 96
49.49, 96
49.49, 96
49.57, 96
49.57, 96
49.57, 96
49.57, 96
49.58, 96
49.59, 96
49.59, 96
49.59, 96
49.62, 96
50.03, 96
50.13, 96
50.14, 96
50.14, 96
50.15, 96
50.16, 96
50.16, 96
50.16, 96
50.27, 96
50.28, 96
50.28, 96
50.28, 96
50.29, 96
50.29, 96
50.29, 96
50.29, 96
50.58, 96
50.58, 96
50.58, 96
50.59, 96
50.59, 96
50.81, 96
50.82, 96
50.82, 96
50.82, 96
50.98, 96
50.99, 96
51.32, 96
51.33, 96
51.33, 96
51.33, 96
51.40, 96
51.40, 96
51.61, 96
51.61, 96
51.61, 96
51.61, 96
51.61, 96
51.61, 96
51.61, 96
51.61, 96
51.62, 96
51.62, 96
51.62, 96
51.62, 96
51.62, 96
51.66, 96
51.67, 96
51.67, 96
51.67, 96
51.67, 96
51.80, 96
51.85, 96
51.85, 96
51.85, 96
52.34, 96
52.39, 96
52.39, 96
52.48, 96
52.50, 96
52.50, 96
52.51, 96
52.51, 96
52.54, 96
52.54, 96
52.54, 96
52.54, 96
52.54, 96
52.54, 96
52.55, 96
52.55, 96
52.55, 96
52.73, 96
52.90, 96
52.90, 96
52.96, 96
52.96, 96
52.96, 96
52.96, 96
53.13, 96
53.48, 96
53.51, 96
53.51, 96
53.53, 96
53.53, 96
53.96, 96
53.97, 96
53.98, 96
53.98, 96
54.02, 96
54.03, 96
54.03, 96
54.03, 96
54.04, 96
54.04, 96
54.04, 96
54.05, 96
54.05, 96
54.05, 96
54.05, 96
54.06, 96
54.06, 96
54.06, 96
54.06, 96
54.18, 96
54.18, 96
54.18, 96
54.18, 96
54.18, 96
54.18, 96
54.19, 96
54.19, 96
54.21, 96
54.35, 96
54.35, 96
54.35, 96
54.39, 96
54.39, 96
54.40, 96
54.58, 96
54.58, 96
54.58, 96
54.58, 96
54.59, 96
54.59, 96
54.61, 96
54.61, 96
54.87, 96
54.87, 96
54.88, 96
54.88, 96
54.88, 96
55.07, 96
55.07, 96
55.07, 96
55.08, 96
55.08, 96
55.09, 96
55.18, 96
55.19, 96
55.20, 96
55.21, 96
55.21, 96
55.21, 96
55.26, 96
55.26, 96
55.58, 96
55.58, 96
56.21, 96
56.21, 96
56.25, 96
56.26, 96
56.26, 96
56.26, 96
56.26, 96
56.26, 96
56.40, 96
56.40, 96
56.57, 96
56.57, 96
56.70, 96
56.70, 96
56.70, 96
56.70, 96
56.73, 96
56.73, 96
56.73, 96
56.73, 96
56.73, 96
56.74, 96
56.74, 96
56.74, 96
56.74, 96
56.74, 96
56.74, 96
56.74, 96
56.76, 96
56.76, 96
56.76, 96
56.76, 96
56.76, 96
56.86, 96
56.86, 96
56.86, 96
56.88, 96
56.95, 96
56.95, 96
56.95, 96
56.96, 96
56.97, 96
57.00, 96
57.02, 96
57.03, 96
57.03, 96
57.03, 96
57.04, 96
57.07, 96
57.13, 96
57.13, 96
57.28, 96
57.28, 96
57.28, 96
57.28, 96
57.28, 96
57.28, 96
57.28, 96
57.28, 96
57.29, 96
57.33, 96
57.36, 96
57.36, 96
57.36, 96
57.36, 96
57.37, 96
57.52, 96
57.53, 96
57.77, 96
57.78, 96
57.79, 96
57.98, 96
58.00, 96
58.03, 96
58.03, 96
58.03, 96
58.03, 96
58.03, 96
58.04, 96
58.04, 96
58.05, 96
58.05, 96
58.14, 96
58.14, 96
58.14, 96
58.14, 96
58.15, 96
58.15, 96
58.15, 96
58.15, 96
58.15, 96
58.15, 96
58.15, 96
58.15, 96
58.26, 96
58.28, 96
58.28, 96
58.28, 96
58.29, 96
58.29, 96
58.29, 96
58.29, 96
58.42, 96
58.43, 96
58.93, 96
58.93, 96
58.94, 96
58.94, 96
58.94, 96
58.96, 96
58.96, 96
59.12, 96
59.13, 96
59.13, 96
59.13, 96
59.13, 96
59.13, 96
59.13, 96
59.13, 96
59.15, 96
59.16, 96
59.16, 96
59.16, 96
59.16, 96
59.34, 96
59.40, 96
59.41, 96
59.41, 96
59.41, 96
59.41, 96
59.41, 96
59.42, 96
59.42, 96
59.42, 96
59.42, 96
59.42, 96
59.42, 96
59.55, 96
59.55, 96
59.55, 96
59.55, 96
59.55, 96
59.55, 96
59.55, 96
59.56, 96
59.56, 96
59.56, 96
59.60, 96
59.60, 96
59.60, 96
59.62, 96
59.66, 96
59.70, 96
59.70, 96
59.70, 96
59.70, 96
59.70, 96
59.71, 96
59.73, 96
59.73, 96
59.73, 96
59.73, 96
59.74, 96
60.47, 96
60.47, 96
60.93, 96
60.93, 96
60.93, 96
60.93, 96
61.11, 96
61.12, 96
61.23, 96
61.23, 96
61.27, 96
61.35, 96
61.35, 96
61.38, 96
61.38, 96
61.38, 96
61.38, 96
61.38, 96
61.76, 96
61.77, 96
61.77, 96
61.78, 96
61.78, 96
62.20, 96
62.20, 96
62.20, 96
62.53, 96
62.55, 96
62.55, 96
62.55, 96
62.69, 96
62.96, 96
63.04, 96
63.05, 96
63.05, 96
63.05, 96
63.05, 96
63.05, 96
63.06, 96
63.06, 96
63.06, 96
63.17, 96
63.17, 96
63.17, 96
63.17, 96
63.18, 96
63.18, 96
63.19, 96
63.19, 96
63.19, 96
63.19, 96
63.25, 96
63.28, 96
63.28, 96
63.28, 96
63.28, 96
64.00, 96
64.31, 96
64.32, 96
64.33, 96
64.34, 96
64.34, 96
64.36, 96
64.61, 96
64.61, 96
64.61, 96
64.61, 96
64.61, 96
64.66, 96
64.66, 96
64.67, 96
64.69, 96
64.70, 96
64.70, 96
64.70, 96
64.71, 96
64.71, 96
64.71, 96
64.73, 96
64.79, 96
64.79, 96
64.90, 96
64.90, 96
64.91, 96
64.91, 96
64.91, 96
64.91, 96
64.91, 96
64.99, 96
65.02, 96
65.03, 96
65.03, 96
65.03, 96
65.03, 96
65.26, 96
65.26, 96
65.62, 96
65.63, 96
65.68, 96
65.68, 96
65.68, 96
65.68, 96
65.68, 96
65.68, 96
65.69, 96
65.69, 96
65.69, 96
65.69, 96
65.69, 96
65.69, 96
65.69, 96
65.69, 96
65.70, 96
65.70, 96
65.70, 96
65.70, 96
65.71, 96
65.71, 96
65.71, 96
65.71, 96
65.71, 96
65.73, 96
65.75, 96
65.75, 96
65.75, 96
65.75, 96
65.75, 96
65.75, 96
65.80, 96
65.80, 96
65.80, 96
65.88, 96
65.88, 96
65.88, 96
65.88, 96
65.89, 96
65.89, 96
65.89, 96
65.90, 96
66.07, 96
66.07, 96
66.07, 96
66.25, 96
66.28, 96
66.40, 96
66.41, 96
66.41, 96
66.42, 96
66.42, 96
66.50, 96
66.50, 96
66.50, 96
66.51, 96
66.51, 96
66.51, 96
66.51, 96
66.51, 96
66.57, 96
66.57, 96
66.57, 96
66.58, 96
66.58, 96
66.59, 96
66.59, 96
66.59, 96
66.59, 96
66.59, 96
66.67, 96
66.67, 96
66.67, 96
66.67, 96
66.68, 96
66.68, 96
66.68, 96
66.68, 96
66.68, 96
66.68, 96
66.76, 96
66.76, 96
66.76, 96
66.77, 96
66.77, 96
66.79, 96
66.82, 96
66.83, 96
66.83, 96
66.83, 96
66.84, 96
66.84, 96
66.84, 96
66.84, 96
66.84, 96
67.11, 96
67.11, 96
67.14, 96
67.15, 96
67.15, 96
67.16, 96
67.16, 96
67.16, 96
67.16, 96
67.16, 96
67.16, 96
67.16, 96
67.16, 96
67.16, 96
67.20, 96
67.20, 96
67.20, 96
67.24, 96
67.25, 96
67.26, 96
67.26, 96
67.26, 96
67.29, 96
67.29, 96
67.29, 96
67.29, 96
67.29, 96
67.29, 96
67.29, 96
67.30, 96
67.30, 96
67.30, 96
67.30, 96
67.30, 96
67.34, 96
67.34, 96
67.35, 96
67.39, 96
67.51, 96
67.51, 96
67.51, 96
67.58, 96
67.59, 96
67.60, 96
67.60, 96
67.60, 96
67.60, 96
67.60, 96
67.75, 96
67.75, 96
67.77, 96
67.79, 96
67.79, 96
67.79, 96
67.81, 96
67.81, 96
67.81, 96
67.83, 96
67.83, 96
67.83, 96
68.13, 96
68.13, 96
68.15, 96
68.19, 96
68.19, 96
68.19, 96
68.19, 96
68.19, 96
68.25, 96
68.25, 96
68.25, 96
68.25, 96
68.25, 96
68.26, 96
68.42, 96
68.42, 96
68.42, 96
68.42, 96
68.43, 96
68.43, 96
68.43, 96
68.43, 96
68.43, 96
68.43, 96
68.44, 96
68.44, 96
68.46, 96
68.46, 96
68.46, 96
68.46, 96
68.46, 96
68.46, 96
68.49, 96
68.49, 96
68.53, 96
68.53, 96
68.54, 96
68.54, 96
68.99, 96
69.22, 96
69.22, 96
69.22, 96
69.22, 96
69.22, 96
69.23, 96
69.23, 96
69.45, 96
69.45, 96
69.45, 96
69.45, 96
69.61, 96
69.61, 96
69.62, 96
69.62, 96
69.62, 96
69.62, 96
69.63, 96
69.63, 96
69.63, 96
69.63, 96
69.63, 96
69.63, 96
69.64, 96
69.64, 96
69.64, 96
69.68, 96
69.68, 96
69.68, 96
69.75, 96
69.75, 96
69.83, 96
70.04, 96
70.04, 96
70.04, 96
70.04, 96
70.18, 96
70.34, 96
70.34, 96
70.34, 96
70.34, 96
70.34, 96
70.52, 96
70.52, 96
70.53, 96
70.55, 96
70.64, 96
70.64, 96
70.65, 96
70.65, 96
70.65, 96
70.65, 96
70.67, 96
70.67, 96
70.67, 96
70.67, 96
70.67, 96
70.68, 96
70.68, 96
70.68, 96
70.68, 96
70.83, 96
70.83, 96
70.83, 96
70.97, 96
71.48, 96
71.48, 96
71.49, 96
71.53, 96
71.54, 96
71.54, 96
71.61, 96
71.62, 96
71.66, 96
71.66, 96
71.78, 96
71.78, 96
71.78, 96
71.94, 96
72.08, 96
72.08, 96
72.08, 96
72.08, 96
72.12, 96
72.13, 96
72.13, 96
72.13, 96
72.13, 96
72.15, 96
72.36, 96
72.36, 96
72.36, 96
72.36, 96
72.37, 96
72.37, 96
72.37, 96
72.37, 96
72.38, 96
72.38, 96
72.38, 96
72.38, 96
72.38, 96
72.38, 96
72.39, 96
72.41, 96
72.41, 96
72.41, 96
72.42, 96
72.42, 96
72.42, 96
72.50, 96
72.51, 96
72.51, 96
72.52, 96
72.52, 96
72.52, 96
72.52, 96
72.58, 96
72.58, 96
72.58, 96
72.58, 96
72.58, 96
72.59, 96
72.59, 96
72.59, 96
72.59, 96
72.59, 96
72.60, 96
72.60, 96
72.60, 96
72.60, 96
72.61, 96
72.83, 96
72.83, 96
72.85, 96
72.86, 96
72.86, 96
72.86, 96
72.86, 96
72.86, 96
72.87, 96
72.87, 96
72.87, 96
72.87, 96
72.87, 96
72.87, 96
72.88, 96
72.88, 96
72.88, 96
73.20, 96
73.40, 96
73.40, 96
73.40, 96
73.40, 96
73.40, 96
73.40, 96
73.40, 96
73.40, 96
73.40, 96
73.70, 96
73.71, 96
73.71, 96
73.76, 96
73.81, 96
73.81, 96
73.81, 96
73.81, 96
73.81, 96
73.85, 96
73.85, 96
73.95, 96
74.29, 96
74.35, 96
74.36, 96
74.36, 96
74.36, 96
74.36, 96
74.36, 96
74.36, 96
74.36, 96
74.38, 96
74.38, 96
74.38, 96
74.53, 96
74.53, 96
74.54, 96
74.56, 96
74.56, 96
74.63, 96
74.63, 96
74.64, 96
74.64, 96
74.66, 96
74.66, 96
74.67, 96
74.67, 96
74.67, 96
74.82, 96
74.82, 96
74.82, 96
74.83, 96
74.84, 96
74.84, 96
74.85, 96
74.85, 96
74.85, 96
74.85, 96
74.85, 96
74.86, 96
74.86, 96
74.89, 96
74.90, 96
74.90, 96
74.92, 96
74.92, 96
74.92, 96
75.02, 96
75.02, 96
75.07, 96
75.27, 96
75.27, 96
75.27, 96
75.27, 96
75.27, 96
75.27, 96
75.27, 96
75.28, 96
75.28, 96
75.30, 96
75.56, 96
75.57, 96
75.57, 96
75.57, 96
75.57, 96
75.57, 96
75.60, 96
75.60, 96
75.60, 96
75.60, 96
75.60, 96
75.60, 96
75.60, 96
75.61, 96
75.61, 96
75.61, 96
75.61, 96
75.61, 96
75.61, 96
75.62, 96
75.62, 96
75.63, 96
75.66, 96
75.66, 96
75.66, 96
75.66, 96
75.74, 96
75.90, 96
75.90, 96
75.90, 96
75.91, 96
75.91, 96
75.91, 96
75.91, 96
75.91, 96
75.97, 96
75.97, 96
75.97, 96
76.18, 96
76.25, 96
76.40, 96
76.40, 96
76.40, 96
76.42, 96
76.53, 96
76.53, 96
76.58, 96
76.58, 96
76.58, 96
77.34, 96
77.35, 96
77.35, 96
77.35, 96
77.39, 96
77.57, 96
77.57, 96
77.57, 96
77.58, 96
77.63, 96
77.64, 96
77.64, 96
77.64, 96
77.64, 96
77.64, 96
77.69, 96
77.69, 96
77.71, 96
77.72, 96
77.72, 96
77.72, 96
77.73, 96
77.73, 96
77.74, 96
77.75, 96
77.94, 96
77.95, 96
77.95, 96
77.95, 96
78.03, 96
78.03, 96
78.03, 96
78.04, 96
78.11, 96
78.35, 96
78.36, 96
78.36, 96
78.36, 96
78.36, 96
78.36, 96
78.39, 96
78.39, 96
78.43, 96
78.43, 96
78.46, 96
78.66, 96
78.66, 96
78.67, 96
78.67, 96
78.67, 96
78.68, 96
78.70, 96
78.70, 96
78.99, 96
78.99, 96
78.99, 96
79.01, 96
79.03, 96
79.07, 96
79.26, 96
79.26, 96
79.26, 96
79.27, 96
79.27, 96
79.43, 96
79.63, 96
79.63, 96
79.64, 96
79.64, 96
79.64, 96
79.64, 96
79.64, 96
79.65, 96
79.70, 96
79.71, 96
79.71, 96
79.71, 96
79.71, 96
79.73, 96
80.22, 96
80.22, 96
80.22, 96
80.25, 96
80.25, 96
80.25, 96
80.25, 96
80.25, 96
80.25, 96
80.26, 96
80.26, 96
80.26, 96
80.26, 96
80.26, 96
80.26, 96
80.26, 96
80.26, 96
80.28, 96
80.28, 96
80.28, 96
80.28, 96
80.42, 96
80.42, 96
80.44, 96
80.44, 96
80.45, 96
80.70, 96
80.70, 96
80.70, 96
80.72, 96
80.72, 96
80.73, 96
80.73, 96
80.79, 96
80.80, 96
80.80, 96
80.80, 96
80.81, 96
80.81, 96
80.81, 96
80.81, 96
80.82, 96
80.82, 96
80.93, 96
80.93, 96
80.95, 96
80.97, 96
81.04, 96
81.04, 96
81.04, 96
81.04, 96
81.05, 96
81.05, 96
81.05, 96
81.05, 96
81.05, 96
81.05, 96
81.05, 96
81.06, 96
81.06, 96
81.08, 96
81.08, 96
81.08, 96
81.08, 96
81.08, 96
81.38, 96
82.05, 96
82.13, 96
82.13, 96
82.39, 96
82.39, 96
82.55, 96
82.55, 96
82.97, 96
82.97, 96
82.98, 96
82.98, 96
82.98, 96
82.98, 96
82.98, 96
82.98, 96
83.05, 96
83.05, 96
83.05, 96
83.05, 96
83.05, 96
83.06, 96
83.06, 96
83.06, 96
83.08, 96
83.08, 96
83.08, 96
83.08, 96
83.09, 96
83.09, 96
83.12, 96
83.12, 96
83.13, 96
83.13, 96
83.14, 96
83.15, 96
83.15, 96
83.15, 96
83.15, 96
83.15, 96
83.15, 96
83.19, 96
83.20, 96
83.20, 96
83.20, 96
83.22, 96
83.33, 96
83.48, 96
83.48, 96
83.48, 96
83.49, 96
83.62, 96
83.64, 96
83.65, 96
83.68, 96
83.68, 96
83.68, 96
83.68, 96
83.69, 96
83.69, 96
83.69, 96
83.69, 96
83.74, 96
83.77, 96
83.77, 96
83.78, 96
83.80, 96
83.80, 96
83.80, 96
84.07, 96
84.07, 96
84.07, 96
84.07, 96
84.07, 96
84.15, 96
84.15, 96
84.31, 96
84.31, 96
84.31, 96
84.31, 96
84.34, 96
84.34, 96
84.35, 96
84.35, 96
84.38, 96
84.38, 96
84.38, 96
84.38, 96
84.38, 96
84.39, 96
84.39, 96
84.46, 96
84.46, 96
84.46, 96
84.46, 96
84.46, 96
84.48, 96
84.49, 96
84.49, 96
84.49, 96
84.50, 96
85.29, 96
85.29, 96
85.30, 96
85.32, 96
85.33, 96
85.33, 96
85.33, 96
85.33, 96
85.33, 96
85.33, 96
85.33, 96
85.34, 96
85.34, 96
85.43, 96
85.82, 96
85.82, 96
85.87, 96
85.88, 96
85.89, 96
85.89, 96
85.89, 96
85.89, 96
85.89, 96
85.89, 96
86.02, 96
86.02, 96
86.02, 96
86.02, 96
86.02, 96
86.03, 96
86.04, 96
86.04, 96
86.04, 96
86.05, 96
86.05, 96
86.05, 96
86.05, 96
86.05, 96
86.05, 96
86.05, 96
86.06, 96
86.07, 96
86.07, 96
86.07, 96
86.07, 96
86.07, 96
86.07, 96
86.16, 96
86.25, 96
86.25, 96
86.25, 96
86.26, 96
86.26, 96
86.26, 96
86.26, 96
86.38, 96
86.38, 96
86.38, 96
86.38, 96
86.38, 96
86.38, 96
86.38, 96
86.38, 96
86.40, 96
86.54, 96
86.54, 96
86.54, 96
86.55, 96
86.55, 96
86.70, 96
86.70, 96
86.70, 96
86.70, 96
86.70, 96
86.72, 96
86.72, 96
86.73, 96
86.73, 96
86.73, 96
86.80, 96
86.80, 96
86.80, 96
86.80, 96
86.80, 96
86.80, 96
86.81, 96
86.81, 96
86.82, 96
86.82, 96
86.82, 96
86.84, 96
86.87, 96
86.88, 96
86.88, 96
86.88, 96
86.88, 96
86.88, 96
86.88, 96
86.91, 96
86.91, 96
86.91, 96
86.91, 96
86.91, 96
86.92, 96
87.04, 96
87.05, 96
87.05, 96
87.07, 96
87.10, 96
87.10, 96
87.11, 96
87.11, 96
87.11, 96
87.11, 96
87.18, 96
87.18, 96
87.19, 96
87.19, 96
87.82, 96
87.82, 96
87.82, 96
87.82, 96
87.83, 96
87.84, 96
87.93, 96
87.93, 96
87.93, 96
88.05, 96
88.28, 96
88.90, 96
88.90, 96
89.56, 96
89.70, 96
89.70, 96
89.70, 96
89.85, 96
89.97, 96
89.98, 96
89.98, 96
90.01, 96
90.01, 96
90.01, 96
90.01, 96
90.01, 96
90.43, 96
90.43, 96
90.43, 96
90.53, 96
90.53, 96
90.53, 96
90.56, 96
90.57, 96
90.57, 96
90.57, 96
90.57, 96
91.16, 96
91.16, 96
91.16, 96
91.18, 96
91.18, 96
91.18, 96
91.18, 96
91.18, 96
91.18, 96
91.19, 96
91.22, 96
91.25, 96
91.25, 96
91.25, 96
91.26, 96
91.26, 96
91.26, 96
91.26, 96
91.26, 96
91.26, 96
91.26, 96
91.26, 96
91.26, 96
91.27, 96
91.28, 96
91.28, 96
91.28, 96
91.28, 96
91.31, 96
91.32, 96
91.32, 96
91.32, 96
91.32, 96
91.52, 96
91.52, 96
91.52, 96
91.53, 96
91.55, 96
91.55, 96
91.55, 96
91.56, 96
91.56, 96
91.84, 96
92.00, 96
92.00, 96
92.01, 96
92.01, 96
92.01, 96
92.01, 96
92.01, 96
92.01, 96
92.01, 96
92.01, 96
92.07, 96
92.07, 96
92.07, 96
92.07, 96
92.08, 96
92.10, 96
92.43, 96
92.43, 96
92.43, 96
92.43, 96
92.44, 96
92.44, 96
92.44, 96
92.44, 96
92.50, 96
92.71, 96
92.71, 96
92.78, 96
92.78, 96
92.78, 96
92.81, 96
92.81, 96
92.81, 96
92.83, 96
92.83, 96
92.84, 96
92.87, 96
92.87, 96
92.87, 96
92.87, 96
92.88, 96
93.09, 96
93.09, 96
93.10, 96
93.10, 96
93.52, 96
93.52, 96
93.52, 96
93.89, 96
93.89, 96
93.90, 96
93.90, 96
93.90, 96
93.91, 96
93.92, 96
93.93, 96
93.93, 96
93.93, 96
93.94, 96
93.95, 96
93.95, 96
93.96, 96
93.96, 96
94.12, 96
94.15, 96
94.15, 96
94.15, 96
94.16, 96
94.16, 96
94.16, 96
94.32, 96
94.34, 96
94.36, 96
94.36, 96
94.36, 96
94.36, 96
94.36, 96
94.37, 96
94.71, 96
94.71, 96
94.75, 96
94.75, 96
94.75, 96
94.75, 96
94.75, 96
94.76, 96
95.08, 96
95.08, 96
95.09, 96
95.11, 96
95.11, 96
95.11, 96
95.14, 96
95.14, 96
95.15, 96
95.15, 96
95.15, 96
95.15, 96
95.15, 96
95.15, 96
95.20, 96
95.21, 96
95.21, 96
95.21, 96
95.21, 96
95.21, 96
95.21, 96
95.23, 96
95.23, 96
95.23, 96
95.30, 96
95.30, 96
95.30, 96
95.30, 96
95.30, 96
95.30, 96
95.30, 96
95.31, 96
95.31, 96
95.31, 96
95.31, 96
95.40, 96
95.40, 96
95.40, 96
95.43, 96
95.43, 96
95.43, 96
95.43, 96
95.46, 96
95.46, 96
95.46, 96
95.46, 96
95.46, 96
95.46, 96
95.46, 96
95.46, 96
95.46, 96
95.47, 96
95.47, 96
95.52, 96
95.52, 96
95.56, 96
95.56, 96
95.62, 96
95.63, 96
95.79, 96
95.79, 96
95.79, 96
95.79, 96
95.85, 96
95.85, 96
95.91, 96
95.91, 96
95.91, 96
95.91, 96
95.93, 96
95.93, 96
95.93, 96
95.93, 96
95.93, 96
95.95, 96
95.97, 96
95.97, 96
95.97, 96
96.06, 96
96.08, 96
96.08, 96
96.08, 96
96.09, 96
96.09, 96
96.09, 96
96.09, 96
96.09, 96
96.11, 96
96.11, 96
96.11, 96
96.15, 96
96.15, 96
96.15, 96
96.15, 96
96.15, 96
96.15, 96
96.22, 96
96.22, 96
96.22, 96
96.22, 96
96.23, 96
96.23, 96
96.29, 96
96.48, 96
96.48, 96
96.48, 96
96.63, 96
96.63, 96
96.63, 96
96.66, 96
96.85, 96
96.85, 96
96.85, 96
96.86, 96
96.86, 96
96.88, 96
97.19, 96
97.19, 96
97.19, 96
97.19, 96
97.19, 96
97.19, 96
97.25, 96
97.25, 96
97.25, 96
97.25, 96
97.25, 96
97.25, 96
97.25, 96
97.35, 96
97.35, 96
97.35, 96
97.39, 96
97.39, 96
97.40, 96
97.40, 96
97.68, 96
97.68, 96
97.96, 96
97.96, 96
97.97, 96
97.97, 96
97.97, 96
97.98, 96
98.08, 96
98.09, 96
98.10, 96
98.16, 96
98.16, 96
98.16, 96
98.16, 96
98.17, 96
98.17, 96
98.17, 96
98.17, 96
98.17, 96
98.17, 96
98.17, 96
98.17, 96
98.18, 96
98.19, 96
98.19, 96
98.19, 96
98.19, 96
98.19, 96
98.19, 96
98.32, 96
98.32, 96
98.32, 96
98.33, 96
98.33, 96
98.33, 96
98.33, 96
98.34, 96
98.34, 96
98.34, 96
98.35, 96
98.35, 96
98.36, 96
98.36, 96
98.36, 96
98.36, 96
98.36, 96
98.40, 96
98.40, 96
98.46, 96
98.46, 96
98.46, 96
98.70, 96
98.81, 96
98.81, 96
98.82, 96
98.82, 96
98.82, 96
98.90, 96
99.04, 96
99.27, 96
99.27, 96
99.27, 96
99.28, 96
99.28, 96
99.28, 96
99.28, 96
99.28, 96
99.43, 96
99.43, 96
99.44, 96
99.44, 96
99.44, 96
99.44, 96
99.45, 96
99.45, 96
99.45, 96
99.53, 96
99.53, 96
99.61, 96
99.61, 96
99.61, 96
99.61, 96
99.62, 96
99.71, 96
99.71, 96
99.71, 96
99.71, 96
99.84, 96
99.86, 96
99.88, 96
99.88, 96
100.22, 96
100.22, 96
100.24, 96
100.24, 96
100.24, 96
100.24, 96
100.30, 96
100.31, 96
100.31, 96
100.31, 96
100.43, 96
100.43, 96
100.43, 96
100.43, 96
100.43, 96
100.44, 96
100.44, 96
100.45, 96
100.45, 96
100.47, 96
100.47, 96
100.47, 96
100.48, 96
100.48, 96
100.48, 96
100.48, 96
100.48, 96
100.48, 96
100.48, 96
100.48, 96
100.49, 96
100.49, 96
100.49, 96
100.56, 96
100.56, 96
100.57, 96
100.57, 96
100.57, 96
100.57, 96
100.57, 96
100.57, 96
100.58, 96
100.58, 96
100.58, 96
100.58, 96
100.58, 96
100.58, 96
100.59, 96
100.59, 96
100.59, 96
100.59, 96
100.59, 96
100.84, 96
100.84, 96
100.84, 96
100.85, 96
100.85, 96
100.85, 96
100.85, 96
100.86, 96
100.86, 96
100.86, 96
100.86, 96
100.86, 96
100.86, 96
100.86, 96
100.87, 96
100.87, 96
100.87, 96
100.87, 96
100.87, 96
101.03, 96
101.08, 96
101.19, 96
101.20, 96
101.20, 96
101.21, 96
101.59, 96
101.59, 96
101.59, 96
101.62, 96
101.63, 96
101.66, 96
101.73, 96
101.73, 96
101.73, 96
101.73, 96
101.74, 96
101.82, 96
101.88, 96
101.89, 96
102.05, 96
102.05, 96
102.05, 96
102.17, 96
102.22, 96
102.25, 96
102.25, 96
102.25, 96
102.25, 96
102.25, 96
102.25, 96
102.26, 96
102.26, 96
102.26, 96
102.26, 96
102.28, 96
102.29, 96
102.29, 96
102.30, 96
102.30, 96
102.30, 96
102.54, 96
102.55, 96
102.55, 96
102.55, 96
102.55, 96
102.55, 96
102.56, 96
102.56, 96
102.56, 96
102.58, 96
102.58, 96
102.58, 96
102.59, 96
102.60, 96
102.60, 96
102.60, 96
102.61, 96
102.61, 96
102.61, 96
102.61, 96
102.61, 96
102.65, 96
102.68, 96
102.68, 96
102.68, 96
102.68, 96
102.69, 96
102.69, 96
102.69, 96
102.71, 96
102.71, 96
102.72, 96
102.72, 96
102.72, 96
102.72, 96
102.72, 96
102.72, 96
102.73, 96
102.73, 96
102.74, 96
102.74, 96
102.75, 96
102.75, 96
102.75, 96
102.75, 96
102.76, 96
102.76, 96
102.76, 96
102.77, 96
102.77, 96
102.77, 96
102.78, 96
102.79, 96
102.79, 96
102.79, 96
102.79, 96
102.80, 96
102.80, 96
102.91, 96
102.91, 96
102.92, 96
102.92, 96
102.92, 96
102.95, 96
102.96, 96
102.96, 96
102.97, 96
102.97, 96
102.97, 96
102.97, 96
102.97, 96
102.97, 96
103.11, 96
103.11, 96
103.43, 96
103.43, 96
103.43, 96
103.43, 96
103.43, 96
103.43, 96
103.43, 96
103.43, 96
103.43, 96
103.45, 96
103.45, 96
103.46, 96
103.46, 96
103.46, 96
103.47, 96
103.47, 96
103.47, 96
103.47, 96
103.48, 96
103.48, 96
103.48, 96
103.57, 96
103.57, 96
103.58, 96
103.58, 96
103.58, 96
103.58, 96
103.58, 96
103.58, 96
103.58, 96
103.58, 96
103.59, 96
103.81, 96
103.81, 96
103.82, 96
103.82, 96
103.83, 96
103.89, 96
103.89, 96
103.89, 96
104.00, 96
104.11, 96
104.11, 96
104.11, 96
104.11, 96
104.11, 96
104.12, 96
104.18, 96
104.20, 96
104.21, 96
104.21, 96
104.21, 96
104.21, 96
104.21, 96
104.22, 96
104.22, 96
104.22, 96
104.22, 96
104.58, 96
104.58, 96
104.59, 96
104.61, 96
104.73, 96
104.74, 96
104.74, 96
104.75, 96
104.75, 96
104.75, 96
104.75, 96
104.76, 96
104.76, 96
104.76, 96
104.78, 96
104.79, 96
104.79, 96
104.79, 96
104.79, 96
104.80, 96
104.80, 96
104.80, 96
104.81, 96
104.83, 96
105.26, 96
105.26, 96
105.31, 96
105.31, 96
105.31, 96
105.31, 96
105.31, 96
105.41, 96
105.45, 96
105.45, 96
105.65, 96
105.65, 96
105.66, 96
105.88, 96
105.88, 96
105.88, 96
105.88, 96
105.96, 96
105.97, 96
105.97, 96
106.14, 96
106.14, 96
106.14, 96
106.15, 96
106.15, 96
106.15, 96
106.15, 96
106.15, 96
106.15, 96
106.28, 96
106.30, 96
106.31, 96
106.32, 96
106.32, 96
106.36, 96
106.37, 96
106.37, 96
106.37, 96
106.37, 96
106.38, 96
106.39, 96
106.39, 96
106.39, 96
106.40, 96
106.40, 96
106.41, 96
106.41, 96
106.41, 96
106.52, 96
106.53, 96
106.53, 96
106.61, 96
106.66, 96
106.66, 96
106.73, 96
106.73, 96
106.74, 96
106.90, 96
106.90, 96
106.90, 96
107.02, 96
107.02, 96
107.02, 96
107.15, 96
107.15, 96
107.26, 96
107.26, 96
107.38, 96
107.46, 96
107.46, 96
107.85, 96
107.85, 96
108.04, 96
108.04, 96
108.04, 96
108.04, 96
108.04, 96
108.04, 96
108.04, 96
108.11, 96
108.11, 96
108.11, 96
108.11, 96
108.12, 96
108.17, 96
108.36, 96
108.36, 96
108.36, 96
108.36, 96
108.37, 96
108.41, 96
108.41, 96
108.41, 96
108.42, 96
108.46, 96
108.46, 96
108.46, 96
108.51, 96
108.86, 96
108.92, 96
108.93, 96
108.93, 96
108.93, 96
108.93, 96
108.94, 96
108.94, 96
108.94, 96
108.99, 96
108.99, 96
108.99, 96
108.99, 96
109.03, 96
109.03, 96
109.03, 96
109.03, 96
109.03, 96
109.03, 96
109.04, 96
109.11, 96
109.11, 96
109.13, 96
109.14, 96
109.15, 96
109.30, 96
109.32, 96
109.32, 96
109.32, 96
109.32, 96
109.32, 96
109.44, 96
109.53, 96
109.53, 96
109.54, 96
109.54, 96
109.54, 96
109.62, 96
109.62, 96
109.62, 96
109.62, 96
109.62, 96
109.62, 96
109.63, 96
109.65, 96
109.65, 96
109.65, 96
109.65, 96
109.75, 96
109.85, 96
109.99, 96
109.99, 96
110.16, 96
110.20, 96
110.20, 96
110.20, 96
110.20, 96
110.20, 96
110.20, 96
110.20, 96
110.21, 96
110.21, 96
110.28, 96
110.28, 96
110.28, 96
110.28, 96
110.29, 96
110.29, 96
110.29, 96
110.29, 96
110.29, 96
110.31, 96
110.31, 96
110.31, 96
110.31, 96
110.32, 96
110.32, 96
110.32, 96
110.32, 96
110.32, 96
110.32, 96
110.32, 96
110.32, 96
110.33, 96
110.33, 96
110.33, 96
110.33, 96
110.39, 96
110.43, 96
110.43, 96
110.44, 96
110.46, 96
110.51, 96
110.51, 96
110.54, 96
110.54, 96
110.54, 96
110.63, 96
110.63, 96
110.63, 96
110.63, 96
110.65, 96
110.66, 96
110.66, 96
110.74, 96
110.75, 96
110.75, 96
110.75, 96
110.77, 96
110.77, 96
110.77, 96
110.83, 96
111.05, 96
111.05, 96
111.05, 96
111.05, 96
111.05, 96
111.08, 96
111.09, 96
111.09, 96
111.14, 96
111.15, 96
111.15, 96
111.18, 96
111.18, 96
111.18, 96
111.18, 96
111.56, 96
111.57, 96
111.57, 96
111.57, 96
111.57, 96
111.57, 96
111.58, 96
111.95, 96
111.95, 96
112.03, 96
112.03, 96
112.03, 96
112.03, 96
112.24, 96
112.24, 96
112.24, 96
112.24, 96
112.32, 96
112.32, 96
112.37, 96
112.37, 96
112.37, 96
112.38, 96
112.38, 96
112.39, 96
112.39, 96
112.39, 96
112.39, 96
112.39, 96
112.39, 96
112.39, 96
112.54, 96
112.54, 96
112.54, 96
112.54, 96
112.54, 96
112.55, 96
112.55, 96
112.55, 96
112.55, 96
112.55, 96
112.59, 96
112.59, 96
112.59, 96
112.63, 96
112.63, 96
112.67, 96
112.67, 96
112.68, 96
112.68, 96
112.68, 96
112.68, 96
112.69, 96
112.99, 96
112.99, 96
113.18, 96
113.19, 96
113.24, 96
113.32, 96
113.32, 96
113.32, 96
113.33, 96
113.33, 96
113.34, 96
113.34, 96
113.56, 96
113.56, 96
113.56, 96
113.64, 96
113.64, 96
113.64, 96
113.66, 96
113.71, 96
113.74, 96
113.74, 96
113.75, 96
113.75, 96
114.63, 96
114.68, 96
114.68, 96
114.68, 96
114.94, 96
114.94, 96
114.94, 96
114.99, 96
114.99, 96
115.44, 96
115.45, 96
115.60, 96
115.60, 96
115.60, 96
115.60, 96
115.60, 96
115.60, 96
115.60, 96
115.64, 96
115.65, 96
115.65, 96
115.65, 96
115.65, 96
115.67, 96
115.67, 96
115.76, 96
115.76, 96
115.76, 96
115.92, 96
115.92, 96
115.95, 96
115.96, 96
115.96, 96
115.96, 96
115.96, 96
115.97, 96
115.98, 96
115.98, 96
116.01, 96
116.09, 96
116.09, 96
116.10, 96
116.10, 96
116.12, 96
116.12, 96
116.13, 96
116.13, 96
116.13, 96
116.13, 96
116.13, 96
116.13, 96
116.13, 96
116.13, 96
116.14, 96
116.14, 96
116.14, 96
116.15, 96
116.15, 96
116.15, 96
116.23, 96
116.23, 96
116.23, 96
116.23, 96
116.24, 96
116.24, 96
116.24, 96
116.24, 96
116.24, 96
116.24, 96
116.24, 96
116.24, 96
116.39, 96
116.39, 96
116.39, 96
116.39, 96
116.39, 96
116.39, 96
116.39, 96
116.40, 96
116.40, 96
116.40, 96
116.40, 96
116.41, 96
116.41, 96
116.41, 96
116.41, 96
116.41, 96
116.41, 96
116.41, 96
116.41, 96
116.46, 96
116.46, 96
116.46, 96
116.46, 96
116.47, 96
116.47, 96
116.80, 96
116.80, 96
116.81, 96
117.07, 96
117.08, 96
117.08, 96
117.08, 96
117.08, 96
117.08, 96
117.08, 96
117.08, 96
117.09, 96
117.09, 96
117.09, 96
117.09, 96
117.09, 96
117.13, 96
117.14, 96
117.14, 96
117.14, 96
117.14, 96
117.14, 96
117.14, 96
117.14, 96
117.15, 96
118.35, 96
118.35, 96
118.38, 96
118.38, 96
118.38, 96
118.49, 96
118.49, 96
118.49, 96
118.50, 96
118.73, 96
118.75, 96
118.75, 96
118.76, 96
118.76, 96
118.82, 96
118.83, 96
119.04, 96
119.05, 96
119.05, 96
119.05, 96
119.05, 96
119.05, 96
119.06, 96
119.06, 96
119.06, 96
119.61, 96
119.61, 96
119.61, 96
119.61, 96
119.61, 96
119.61, 96
119.61, 96
119.61, 96
119.62, 96
119.62, 96
119.62, 96
119.62, 96
119.62, 96
119.63, 96
119.63, 96
119.67, 96
119.67, 96
119.69, 96
119.69, 96
119.90, 96
119.90, 96
119.90, 96
119.90, 96
119.90, 96
119.90, 96
119.91, 96
119.95, 96
119.95, 96
119.95, 96
119.96, 96
119.96, 96
119.96, 96
119.98, 96
119.98, 96
120.18, 96
120.18, 96
120.18, 96
120.25, 96
120.26, 96
120.38, 96
120.45, 96
120.49, 96
120.49, 96
120.49, 96
120.49, 96
120.49, 96
120.50, 96
120.50, 96
120.50, 96
120.75, 96
120.75, 96
120.76, 96
120.76, 96
120.77, 96
120.83, 96
120.83, 96
120.88, 96
120.88, 96
120.88, 96
120.88, 96
120.88, 96
120.88, 96
120.96, 96
120.96, 96
120.97, 96
120.97, 96
121.04, 96
121.04, 96
121.04, 96
121.04, 96
121.05, 96
121.23, 96
121.24, 96
121.24, 96
121.25, 96
121.25, 96
121.25, 96
121.25, 96
121.25, 96
121.25, 96
121.27, 96
121.27, 96
121.27, 96
121.27, 96
121.28, 96
121.29, 96
121.29, 96
121.29, 96
121.54, 96
121.81, 96
121.81, 96
121.81, 96
121.83, 96
121.83, 96
121.87, 96
121.87, 96
121.87, 96
121.92, 96
122.04, 96
122.04, 96
122.08, 96
122.08, 96
122.09, 96
122.09, 96
122.09, 96
122.09, 96
122.09, 96
122.09, 96
122.10, 96
122.10, 96
122.10, 96
122.14, 96
122.14, 96
122.15, 96
122.15, 96
122.16, 96
122.16, 96
122.16, 96
122.19, 96
122.20, 96
122.20, 96
122.21, 96
122.33, 96
122.33, 96
122.33, 96
122.33, 96
122.33, 96
122.33, 96
122.34, 96
122.34, 96
122.70, 96
122.70, 96
122.84, 96
122.84, 96
122.85, 96
122.85, 96
122.85, 96
122.85, 96
122.85, 96
122.85, 96
122.85, 96
122.86, 96
122.86, 96
123.12, 96
123.12, 96
123.13, 96
123.13, 96
123.13, 96
123.13, 96
123.13, 96
123.13, 96
123.13, 96
123.13, 96
123.14, 96
123.22, 96
123.22, 96
123.22, 96
123.30, 96
123.32, 96
123.33, 96
123.33, 96
123.33, 96
123.34, 96
123.34, 96
123.45, 96
123.46, 96
123.46, 96
123.46, 96
123.46, 96
123.47, 96
123.47, 96
123.47, 96
123.48, 96
123.50, 96
123.50, 96
123.50, 96
123.50, 96
123.52, 96
123.52, 96
123.53, 96
123.53, 96
123.53, 96
123.53, 96
123.61, 96
123.61, 96
123.66, 96
123.66, 96
123.67, 96
123.67, 96
123.67, 96
123.85, 96
123.89, 96
123.89, 96
124.03, 96
124.03, 96
124.03, 96
124.04, 96
124.25, 96
124.41, 96
124.41, 96
124.53, 96
124.53, 96
124.53, 96
124.53, 96
124.53, 96
124.69, 96
124.80, 96
124.92, 96
124.94, 96
125.05, 96
125.05, 96
125.06, 96
125.13, 96
125.13, 96
125.13, 96
125.13, 96
125.13, 96
125.13, 96
125.16, 96
125.17, 96
125.17, 96
125.17, 96
125.17, 96
125.17, 96
125.18, 96
125.21, 96
125.36, 96
125.36, 96
125.36, 96
125.37, 96
125.37, 96
125.39, 96
125.42, 96
125.42, 96
125.43, 96
125.43, 96
125.43, 96
125.44, 96
125.44, 96
125.44, 96
125.44, 96
125.44, 96
125.44, 96
125.44, 96
125.44, 96
125.44, 96
125.56, 96
125.56, 96
125.57, 96
125.57, 96
125.57, 96
125.59, 96
125.59, 96
125.59, 96
125.59, 96
125.59, 96
125.59, 96
125.59, 96
125.59, 96
125.66, 96
125.75, 96
125.75, 96
125.75, 96
125.77, 96
125.83, 96
125.83, 96
125.84, 96
125.85, 96
125.85, 96
125.85, 96
125.86, 96
125.86, 96
125.86, 96
125.86, 96
125.86, 96
125.87, 96
125.99, 96
126.23, 96
126.23, 96
126.23, 96
126.23, 96
126.23, 96
126.23, 96
126.31, 96
126.31, 96
126.32, 96
126.32, 96
126.48, 96
126.49, 96
126.49, 96
126.49, 96
126.49, 96
126.49, 96
126.54, 96
126.57, 96
126.57, 96
126.68, 96
126.68, 96
126.69, 96
126.69, 96
126.74, 96
126.74, 96
127.10, 96
127.10, 96
127.10, 96
127.10, 96
127.10, 96
127.11, 96
127.22, 96
127.40, 96
127.40, 96
127.56, 96
127.56, 96
127.56, 96
127.73, 96
127.81, 96
127.81, 96
127.85, 96
127.85, 96
128.01, 96
128.01, 96
128.01, 96
128.01, 96
128.02, 96
128.02, 96
128.02, 96
128.02, 96
128.02, 96
128.02, 96
128.03, 96
128.11, 96
128.11, 96
128.11, 96
128.11, 96
128.11, 96
128.13, 96
128.13, 96
128.13, 96
128.13, 96
128.13, 96
128.13, 96
128.13, 96
128.14, 96
128.14, 96
128.15, 96
128.15, 96
128.15, 96
128.20, 96
128.20, 96
128.20, 96
128.21, 96
128.21, 96
128.28, 96
128.29, 96
128.31, 96
128.32, 96
128.32, 96
128.32, 96
128.32, 96
128.32, 96
128.33, 96
128.34, 96
128.40, 96
128.40, 96
128.40, 96
128.40, 96
128.40, 96
128.40, 96
128.41, 96
128.50, 96
128.50, 96
128.51, 96
128.51, 96
128.55, 96
128.55, 96
128.55, 96
128.56, 96
128.56, 96
128.56, 96
128.56, 96
128.63, 96
128.64, 96
128.64, 96
128.69, 96
128.69, 96
128.69, 96
128.70, 96
128.70, 96
128.70, 96
128.70, 96
128.85, 96
128.85, 96
128.85, 96
128.86, 96
128.86, 96
128.86, 96
128.86, 96
129.08, 96
129.08, 96
129.36, 96
130.08, 96
130.08, 96
130.08, 96
130.08, 96
130.08, 96
130.09, 96
130.09, 96
130.09, 96
130.19, 96
130.20, 96
130.38, 96
130.38, 96
130.39, 96
130.41, 96
130.41, 96
130.57, 96
130.57, 96
130.57, 96
130.57, 96
130.58, 96
130.58, 96
130.58, 96
130.58, 96
130.58, 96
130.59, 96
130.59, 96
130.59, 96
130.59, 96
130.60, 96
130.60, 96
130.60, 96
130.72, 96
130.72, 96
130.73, 96
131.15, 96
131.16, 96
131.16, 96
131.16, 96
131.16, 96
131.17, 96
131.17, 96
131.17, 96
131.17, 96
131.17, 96
131.18, 96
131.18, 96
131.18, 96
131.18, 96
131.19, 96
131.19, 96
131.39, 96
131.39, 96
131.39, 96
131.40, 96
131.43, 96
131.43, 96
131.65, 96
131.65, 96
131.66, 96
131.77, 96
131.77, 96
131.77, 96
131.94, 96
131.94, 96
131.95, 96
131.95, 96
131.97, 96
131.98, 96
132.01, 96
132.01, 96
132.01, 96
132.01, 96
132.01, 96
132.01, 96
132.01, 96
132.02, 96
132.02, 96
132.02, 96
132.02, 96
132.02, 96
132.02, 96
132.05, 96
132.05, 96
132.06, 96
132.06, 96
132.06, 96
132.06, 96
132.06, 96
132.07, 96
132.07, 96
132.20, 96
132.20, 96
132.20, 96
132.20, 96
132.20, 96
132.36, 96
132.36, 96
132.37, 96
132.37, 96
132.37, 96
132.37, 96
132.37, 96
132.39, 96
132.39, 96
132.39, 96
132.39, 96
132.39, 96
132.39, 96
132.40, 96
132.45, 96
132.45, 96
132.45, 96
132.46, 96
132.46, 96
132.46, 96
132.46, 96
132.46, 96
132.46, 96
132.51, 96
132.51, 96
132.69, 96
132.69, 96
132.74, 96
132.79, 96
132.79, 96
132.79, 96
132.79, 96
132.79, 96
132.79, 96
133.00, 96
133.00, 96
133.19, 96
133.44, 96
133.57, 96
133.57, 96
133.57, 96
133.57, 96
133.93, 96
133.94, 96
133.94, 96
133.95, 96
134.00, 96
134.13, 96
134.13, 96
134.13, 96
134.13, 96
134.13, 96
134.13, 96
134.15, 96
134.39, 96
134.39, 96
134.39, 96
134.39, 96
134.39, 96
134.39, 96
134.65, 96
134.65, 96
134.66, 96
134.66, 96
134.66, 96
134.66, 96
134.67, 96
134.67, 96
134.70, 96
134.71, 96
134.71, 96
135.05, 96
135.05, 96
135.05, 96
135.06, 96
135.15, 96
135.15, 96
135.16, 96
135.16, 96
135.16, 96
135.38, 96
135.38, 96
135.39, 96
135.39, 96
135.39, 96
135.39, 96
135.40, 96
135.40, 96
135.40, 96
135.40, 96
135.40, 96
135.40, 96
135.43, 96
135.43, 96
135.43, 96
135.43, 96
135.43, 96
135.50, 96
135.50, 96
135.50, 96
135.50, 96
135.51, 96
135.51, 96
135.51, 96
135.52, 96
135.52, 96
135.66, 96
135.66, 96
135.67, 96
135.72, 96
135.72, 96
135.72, 96
135.72, 96
135.75, 96
135.75, 96
135.75, 96
135.75, 96
135.75, 96
135.90, 96
135.91, 96
135.91, 96
136.56, 96
136.59, 96
136.60, 96
136.68, 96
136.68, 96
136.68, 96
136.68, 96
136.69, 96
136.69, 96
136.69, 96
136.69, 96
136.69, 96
136.69, 96
136.70, 96
136.70, 96
136.70, 96
136.74, 96
136.74, 96
136.97, 96
137.00, 96
137.00, 96
137.00, 96
137.04, 96
137.05, 96
137.05, 96
137.05, 96
137.15, 96
137.37, 96
137.37, 96
137.37, 96
137.37, 96
137.37, 96
137.37, 96
137.38, 96
137.38, 96
137.39, 96
137.44, 96
137.44, 96
137.44, 96
137.45, 96
137.45, 96
137.45, 96
137.45, 96
137.45, 96
137.45, 96
137.46, 96
137.46, 96
137.46, 96
137.46, 96
137.52, 96
137.53, 96
137.54, 96
137.54, 96
137.54, 96
137.54, 96
137.54, 96
137.54, 96
137.54, 96
137.55, 96
137.58, 96
137.63, 96
137.63, 96
137.63, 96
137.63, 96
137.63, 96
137.64, 96
137.64, 96
137.64, 96
137.64, 96
137.64, 96
137.64, 96
137.64, 96
137.66, 96
137.67, 96
137.67, 96
137.67, 96
137.67, 96
137.94, 96
137.94, 96
137.94, 96
137.95, 96
137.95, 96
137.95, 96
137.95, 96
137.95, 96
137.95, 96
137.95, 96
137.95, 96
137.95, 96
137.95, 96
137.96, 96
137.96, 96
137.97, 96
138.03, 96
138.24, 96
138.28, 96
138.28, 96
138.31, 96
138.31, 96
138.31, 96
138.31, 96
138.38, 96
138.38, 96
138.66, 96
138.66, 96
138.66, 96
138.92, 96
138.92, 96
138.92, 96
138.96, 96
138.98, 96
138.98, 96
138.98, 96
138.98, 96
138.98, 96
138.99, 96
139.03, 96
139.03, 96
139.03, 96
139.30, 96
139.30, 96
139.30, 96
139.30, 96
139.30, 96
139.30, 96
139.31, 96
139.31, 96
139.52, 96
139.53, 96
139.53, 96
139.53, 96
139.53, 96
139.54, 96
139.54, 96
139.54, 96
139.54, 96
139.56, 96
139.56, 96
139.56, 96
139.56, 96
139.56, 96
139.63, 96
139.63, 96
139.63, 96
139.63, 96
139.82, 96
139.83, 96
139.83, 96
139.85, 96
139.85, 96
139.85, 96
139.85, 96
139.86, 96
139.86, 96
139.90, 96
139.90, 96
140.49, 96
140.49, 96
140.53, 96
140.53, 96
140.53, 96
140.53, 96
140.66, 96
140.66, 96
140.66, 96
140.66, 96
140.66, 96
140.66, 96
140.79, 96
140.79, 96
140.79, 96
140.79, 96
140.79, 96
140.79, 96
140.80, 96
140.80, 96
140.80, 96
140.80, 96
140.80, 96
141.19, 96
141.22, 96
141.22, 96
141.49, 96
141.49, 96
141.49, 96
141.49, 96
141.49, 96
141.49, 96
141.54, 96
141.55, 96
141.55, 96
141.55, 96
141.55, 96
141.55, 96
141.55, 96
141.56, 96
141.56, 96
141.56, 96
141.57, 96
141.57, 96
141.57, 96
141.57, 96
141.65, 96
141.65, 96
141.65, 96
141.65, 96
141.66, 96
141.66, 96
141.66, 96
141.66, 96
141.67, 96
141.67, 96
141.67, 96
141.95, 96
141.95, 96
141.96, 96
141.97, 96
142.01, 96
142.01, 96
142.01, 96
142.01, 96
142.01, 96
142.02, 96
142.02, 96
142.02, 96
142.02, 96
142.03, 96
142.03, 96
142.03, 96
142.03, 96
142.11, 96
142.11, 96
142.11, 96
142.11, 96
142.14, 96
142.38, 96
142.38, 96
142.38, 96
142.39, 96
142.39, 96
142.40, 96
142.40, 96
142.49, 96
142.53, 96
142.53, 96
142.53, 96
142.54, 96
142.54, 96
142.55, 96
142.55, 96
142.55, 96
142.56, 96
142.56, 96
142.56, 96
142.56, 96
142.78, 96
142.78, 96
142.92, 96
142.92, 96
142.92, 96
142.92, 96
142.92, 96
142.92, 96
142.93, 96
142.93, 96
142.93, 96
142.93, 96
142.93, 96
142.93, 96
142.93, 96
142.93, 96
142.94, 96
142.94, 96
142.94, 96
142.94, 96
142.95, 96
143.15, 96
143.15, 96
143.24, 96
143.24, 96
143.24, 96
143.27, 96
143.27, 96
143.27, 96
143.27, 96
143.27, 96
143.54, 96
143.54, 96
143.54, 96
143.54, 96
143.54, 96
143.54, 96
143.57, 96
143.57, 96
143.57, 96
143.57, 96
143.57, 96
143.57, 96
143.57, 96
143.59, 96
143.59, 96
143.69, 96
143.69, 96
143.70, 96
143.70, 96
143.80, 96
143.80, 96
143.81, 96
143.81, 96
143.82, 96
143.82, 96
143.91, 96
143.91, 96
144.03, 96
144.03, 96
144.03, 96
144.04, 96
144.04, 96
144.17, 96
144.18, 96
144.18, 96
144.18, 96
144.18, 96
144.18, 96
144.19, 96
144.19, 96
144.39, 96
144.39, 96
144.40, 96
144.40, 96
144.40, 96
144.40, 96
144.41, 96
144.46, 96
144.46, 96
144.47, 96
144.49, 96
144.49, 96
144.49, 96
144.49, 96
144.55, 96
144.57, 96
144.70, 96
144.71, 96
144.73, 96
144.73, 96
144.73, 96
144.73, 96
144.73, 96
144.73, 96
144.74, 96
144.74, 96
144.84, 96
144.87, 96
144.87, 96
144.87, 96
144.87, 96
144.87, 96
144.88, 96
144.88, 96
144.88, 96
144.89, 96
144.89, 96
144.89, 96
144.89, 96
144.91, 96
144.91, 96
144.91, 96
144.91, 96
144.92, 96
144.92, 96
144.92, 96
144.93, 96
145.11, 96
145.11, 96
145.11, 96
145.21, 96
145.21, 96
145.22, 96
145.22, 96
145.22, 96
145.22, 96
145.22, 96
145.22, 96
145.22, 96
145.23, 96
145.23, 96
145.28, 96
145.29, 96
145.29, 96
145.29, 96
145.29, 96
145.29, 96
145.39, 96
145.39, 96
145.40, 96
145.41, 96
145.41, 96
145.57, 96
145.57, 96
145.57, 96
145.57, 96
145.57, 96
145.57, 96
145.57, 96
145.57, 96
145.57, 96
145.57, 96
145.58, 96
145.58, 96
145.58, 96
145.58, 96
145.58, 96
145.58, 96
145.58, 96
145.59, 96
145.59, 96
145.59, 96
145.60, 96
145.60, 96
145.72, 96
145.73, 96
145.73, 96
145.75, 96
145.76, 96
145.76, 96
145.76, 96
145.76, 96
145.77, 96
145.77, 96
146.09, 96
146.09, 96
146.10, 96
146.10, 96
146.10, 96
146.13, 96
146.28, 96
146.41, 96
146.41, 96
146.41, 96
146.41, 96
146.42, 96
146.42, 96
146.46, 96
146.46, 96
146.46, 96
146.46, 96
146.46, 96
146.47, 96
146.47, 96
146.47, 96
146.53, 96
146.71, 96
146.72, 96
146.72, 96
146.73, 96
146.73, 96
146.93, 96
146.93, 96
146.93, 96
146.94, 96
147.01, 96
147.01, 96
147.01, 96
147.01, 96
147.02, 96
147.02, 96
147.02, 96
147.02, 96
147.03, 96
147.03, 96
147.03, 96
147.03, 96
147.05, 96
147.05, 96
147.05, 96
147.05, 96
147.05, 96
147.05, 96
147.05, 96
147.27, 96
147.27, 96
147.34, 96
147.34, 96
147.36, 96
147.37, 96
147.37, 96
147.37, 96
147.38, 96
147.39, 96
147.39, 96
147.59, 96
147.59, 96
147.59, 96
147.62, 96
147.64, 96
147.67, 96
147.68, 96
147.80, 96
147.80, 96
147.81, 96
147.81, 96
147.81, 96
147.81, 96
147.88, 96
147.88, 96
147.89, 96
147.89, 96
147.89, 96
147.89, 96
147.89, 96
147.89, 96
147.91, 96
147.91, 96
148.06, 96
148.06, 96
148.07, 96
148.07, 96
148.07, 96
148.09, 96
148.09, 96
148.09, 96
148.21, 96
148.21, 96
148.25, 96
148.25, 96
148.25, 96
148.48, 96
148.54, 96
148.54, 96
148.58, 96
148.86, 96
148.86, 96
148.87, 96
148.87, 96
148.87, 96
148.87, 96
148.87, 96
148.87, 96
148.87, 96
148.98, 96
148.99, 96
148.99, 96
148.99, 96
149.07, 96
149.07, 96
149.07, 96
149.09, 96
149.09, 96
149.14, 96
149.14, 96
149.15, 96
149.16, 96
149.16, 96
149.16, 96
149.16, 96
149.16, 96
149.16, 96
149.16, 96
149.16, 96
149.16, 96
149.16, 96
149.17, 96
149.17, 96
149.17, 96
149.34, 96
149.34, 96
149.47, 96
149.47, 96
149.48, 96
149.48, 96
149.48, 96
149.50, 96
149.50, 96
149.51, 96
149.56, 96
149.63, 96
149.87, 96
149.87, 96
149.87, 96
150.11, 96
150.11, 96
150.11, 96
150.11, 96
150.11, 96
150.12, 96
150.12, 96
150.12, 96
150.15, 96
150.15, 96
150.23, 96
150.23, 96
150.23, 96
150.23, 96
150.24, 96
150.24, 96
150.25, 96
150.26, 96
150.48, 96
150.48, 96
150.50, 96
150.50, 96
150.50, 96
150.50, 96
150.50, 96
150.71, 96
150.72, 96
150.72, 96
150.72, 96
150.77, 96
150.77, 96
150.79, 96
150.79, 96
151.21, 96
151.21, 96
151.21, 96
151.24, 96
151.27, 96
151.27, 96
151.27, 96
151.27, 96
151.29, 96
151.29, 96
151.29, 96
151.29, 96
151.29, 96
151.29, 96
151.49, 96
151.49, 96
151.50, 96
151.50, 96
151.50, 96
151.55, 96
151.55, 96
151.55, 96
151.55, 96
151.56, 96
151.58, 96
151.72, 96
151.73, 96
151.73, 96
151.73, 96
151.73, 96
152.11, 96
152.11, 96
152.28, 96
152.28, 96
152.29, 96
152.29, 96
152.34, 96
152.34, 96
152.34, 96
152.34, 96
152.37, 96
152.37, 96
152.37, 96
152.37, 96
152.37, 96
152.37, 96
152.37, 96
152.37, 96
152.38, 96
152.38, 96
152.38, 96
152.38, 96
152.38, 96
152.38, 96
152.39, 96
152.39, 96
152.39, 96
152.65, 96
152.65, 96
152.66, 96
152.66, 96
152.66, 96
152.66, 96
152.74, 96
152.74, 96
152.74, 96
152.75, 96
152.75, 96
152.75, 96
152.75, 96
152.75, 96
152.76, 96
153.08, 96
153.08, 96
153.09, 96
153.09, 96
153.10, 96
153.10, 96
153.10, 96
153.33, 96
153.34, 96
153.34, 96
153.36, 96
153.36, 96
153.36, 96
153.37, 96
153.37, 96
153.37, 96
153.37, 96
153.53, 96
153.53, 96
153.53, 96
153.53, 96
153.53, 96
153.56, 96
153.56, 96
153.56, 96
153.56, 96
153.56, 96
153.56, 96
153.56, 96
153.57, 96
153.57, 96
153.57, 96
153.77, 96
153.85, 96
153.86, 96
153.86, 96
153.87, 96
153.87, 96
154.18, 96
154.18, 96
154.18, 96
154.18, 96
154.18, 96
154.18, 96
154.19, 96
154.19, 96
154.20, 96
154.20, 96
154.21, 96
154.22, 96
154.22, 96
154.23, 96
154.23, 96
154.23, 96
154.26, 96
154.43, 96
154.43, 96
154.43, 96
154.75, 96
154.75, 96
154.75, 96
154.76, 96
154.76, 96
154.76, 96
154.76, 96
154.76, 96
154.77, 96
154.77, 96
154.77, 96
154.77, 96
154.77, 96
154.77, 96
154.77, 96
154.78, 96
154.78, 96
154.79, 96
154.80, 96
154.81, 96
154.81, 96
154.81, 96
154.81, 96
154.82, 96
154.82, 96
154.82, 96
154.82, 96
154.82, 96
154.82, 96
154.82, 96
154.82, 96
154.87, 96
154.87, 96
155.21, 96
155.37, 96
155.37, 96
155.37, 96
155.49, 96
155.50, 96
155.50, 96
155.50, 96
155.52, 96
155.52, 96
155.52, 96
155.55, 96
155.55, 96
155.55, 96
155.59, 96
155.59, 96
155.59, 96
155.59, 96
155.60, 96
155.60, 96
155.60, 96
155.60, 96
155.60, 96
155.65, 96
155.65, 96
155.65, 96
155.65, 96
155.66, 96
155.66, 96
155.66, 96
155.67, 96
155.71, 96
155.71, 96
156.14, 96
156.14, 96
156.14, 96
156.14, 96
156.22, 96
156.23, 96
156.23, 96
156.31, 96
156.31, 96
156.62, 96
156.62, 96
156.62, 96
156.62, 96
156.63, 96
156.63, 96
156.63, 96
156.63, 96
156.63, 96
156.63, 96
156.63, 96
156.68, 96
156.68, 96
156.69, 96
156.69, 96
156.70, 96
156.70, 96
156.70, 96
156.70, 96
157.08, 96
157.10, 96
157.11, 96
157.11, 96
157.11, 96
157.11, 96
157.11, 96
157.15, 96
157.15, 96
157.17, 96
157.17, 96
157.27, 96
157.27, 96
157.27, 96
157.28, 96
157.28, 96
157.28, 96
157.28, 96
157.28, 96
157.28, 96
157.30, 96
157.30, 96
157.30, 96
157.48, 96
157.81, 96
157.81, 96
157.83, 96
157.83, 96
157.83, 96
158.13, 96
158.14, 96
158.23, 96
158.23, 96
158.24, 96
158.33, 96
158.33, 96
158.33, 96
158.34, 96
158.41, 96
158.42, 96
158.43, 96
158.43, 96
158.43, 96
158.43, 96
158.47, 96
158.47, 96
158.50, 96
158.51, 96
158.51, 96
158.52, 96
158.58, 96
158.58, 96
158.59, 96
158.59, 96
158.59, 96
158.60, 96
158.68, 96
158.69, 96
159.05, 96
159.05, 96
159.05, 96
159.05, 96
159.05, 96
159.05, 96
159.05, 96
159.06, 96
159.06, 96
159.08, 96
159.12, 96
159.13, 96
159.15, 96
159.21, 96
159.21, 96
159.21, 96
159.22, 96
159.22, 96
159.22, 96
159.24, 96
159.40, 96
159.62, 96
159.67, 96
159.67, 96
159.68, 96
159.68, 96
159.68, 96
159.79, 96
159.79, 96
159.79, 96
159.79, 96
159.79, 96
160.06, 96
160.06, 96
160.06, 96
160.07, 96
160.07, 96
160.08, 96
160.38, 96
160.38, 96
160.38, 96
160.38, 96
160.38, 96
160.38, 96
160.39, 96
160.39, 96
160.39, 96
160.40, 96
160.42, 96
160.42, 96
160.42, 96
160.42, 96
160.43, 96
160.43, 96
160.43, 96
160.43, 96
160.43, 96
160.45, 96
160.45, 96
160.46, 96
160.46, 96
160.46, 96
160.46, 96
160.46, 96
160.46, 96
160.46, 96
160.46, 96
160.46, 96
160.46, 96
160.47, 96
160.47, 96
160.47, 96
160.47, 96
160.47, 96
160.47, 96
160.48, 96
160.59, 96
160.59, 96
160.59, 96
160.61, 96
160.61, 96
160.61, 96
160.79, 96
160.79, 96
160.79, 96
160.83, 96
160.83, 96
160.83, 96
161.00, 96
161.15, 96
161.15, 96
161.15, 96
161.15, 96
161.16, 96
161.16, 96
161.16, 96
161.44, 96
161.45, 96
161.45, 96
161.45, 96
161.46, 96
161.46, 96
161.48, 96
161.48, 96
161.48, 96
161.49, 96
161.50, 96
161.50, 96
161.50, 96
161.50, 96
161.59, 96
161.59, 96
161.59, 96
161.59, 96
161.59, 96
161.59, 96
161.59, 96
161.59, 96
161.79, 96
161.79, 96
162.22, 96
162.23, 96
162.23, 96
162.23, 96
162.23, 96
162.24, 96
162.35, 96
162.36, 96
162.36, 96
162.36, 96
162.36, 96
162.36, 96
162.36, 96
162.36, 96
162.38, 96
162.38, 96
162.38, 96
162.47, 96
162.47, 96
162.47, 96
162.48, 96
162.48, 96
162.63, 96
162.63, 96
162.63, 96
162.64, 96
162.66, 96
162.66, 96
162.66, 96
163.61, 96
163.62, 96
163.62, 96
163.73, 96
163.73, 96
163.74, 96
163.74, 96
163.76, 96
164.25, 96
164.28, 96
164.28, 96
164.28, 96
164.28, 96
164.30, 96
164.30, 96
164.30, 96
164.30, 96
164.30, 96
164.49, 96
164.49, 96
164.49, 96
164.49, 96
164.50, 96
164.50, 96
164.50, 96
164.50, 96
164.97, 96
164.97, 96
165.24, 96
165.43, 96
165.44, 96
165.44, 96
165.44, 96
165.45, 96
165.45, 96
165.45, 96
165.45, 96
165.45, 96
165.53, 96
165.53, 96
165.53, 96
165.53, 96
165.54, 96
165.54, 96
165.56, 96
165.56, 96
165.56, 96
165.56, 96
165.56, 96
165.56, 96
165.56, 96
165.56, 96
165.89, 96
165.89, 96
165.91, 96
165.92, 96
165.92, 96
165.92, 96
165.93, 96
165.93, 96
165.96, 96
165.96, 96
165.96, 96
165.96, 96
165.96, 96
165.97, 96
165.97, 96
165.97, 96
165.97, 96
166.03, 96
166.03, 96
166.03, 96
166.03, 96
166.03, 96
166.03, 96
166.03, 96
166.03, 96
166.04, 96
166.04, 96
166.04, 96
166.04, 96
166.04, 96
166.04, 96
166.04, 96
166.21, 96
166.69, 96
166.69, 96
166.69, 96
166.69, 96
166.69, 96
166.70, 96
166.70, 96
166.80, 96
166.80, 96
166.80, 96
166.81, 96
166.81, 96
166.81, 96
166.81, 96
166.81, 96
166.81, 96
166.82, 96
166.83, 96
166.83, 96
166.88, 96
166.96, 96
166.96, 96
166.96, 96
166.96, 96
166.97, 96
166.98, 96
166.98, 96
167.02, 96
167.03, 96
167.03, 96
167.03, 96
167.04, 96
167.04, 96
167.04, 96
167.11, 96
167.11, 96
167.11, 96
167.33, 96
167.33, 96
167.35, 96
167.35, 96
167.40, 96
167.41, 96
167.41, 96
167.41, 96
167.41, 96
167.41, 96
167.41, 96
167.41, 96
167.42, 96
167.42, 96
167.42, 96
167.53, 96
167.53, 96
167.66, 96
167.66, 96
167.66, 96
167.82, 96
167.86, 96
167.86, 96
167.86, 96
167.87, 96
167.87, 96
167.87, 96
167.87, 96
167.87, 96
167.87, 96
167.88, 96
167.88, 96
167.88, 96
167.95, 96
167.95, 96
167.97, 96
167.97, 96
168.01, 96
168.01, 96
168.01, 96
168.04, 96
168.04, 96
168.04, 96
168.04, 96
168.05, 96
168.05, 96
168.05, 96
168.05, 96
168.05, 96
168.05, 96
168.06, 96
168.30, 96
168.32, 96
168.32, 96
168.32, 96
168.35, 96
168.35, 96
168.35, 96
168.35, 96
168.38, 96
168.41, 96
168.41, 96
168.41, 96
168.41, 96
168.42, 96
168.42, 96
168.42, 96
168.43, 96
168.62, 96
168.62, 96
168.63, 96
168.63, 96
168.63, 96
168.64, 96
168.64, 96
168.64, 96
168.65, 96
168.65, 96
168.65, 96
168.66, 96
168.68, 96
168.68, 96
168.75, 96
168.76, 96
168.76, 96
168.76, 96
168.76, 96
168.77, 96
168.78, 96
168.79, 96
168.81, 96
168.81, 96
168.89, 96
168.89, 96
168.89, 96
168.93, 96
168.93, 96
168.93, 96
168.93, 96
168.93, 96
168.93, 96
168.93, 96
169.04, 96
169.04, 96
169.04, 96
169.05, 96
169.05, 96
169.05, 96
169.47, 96
169.60, 96
169.63, 96
169.63, 96
169.66, 96
169.67, 96
169.76, 96
169.76, 96
169.76, 96
169.76, 96
169.76, 96
169.76, 96
169.92, 96
169.92, 96
170.17, 96
170.32, 96
170.32, 96
170.33, 96
170.33, 96
170.35, 96
170.36, 96
170.37, 96
170.37, 96
170.37, 96
170.37, 96
170.37, 96
170.37, 96
170.37, 96
170.38, 96
170.38, 96
170.38, 96
170.43, 96
170.74, 96
170.77, 96
170.79, 96
170.79, 96
170.80, 96
170.80, 96
170.90, 96
170.90, 96
170.90, 96
170.90, 96
170.91, 96
170.91, 96
170.91, 96
170.91, 96
170.91, 96
170.91, 96
170.92, 96
170.92, 96
170.92, 96
170.92, 96
171.03, 96
171.04, 96
171.05, 96
171.05, 96
171.05, 96
171.06, 96
171.06, 96
171.06, 96
171.06, 96
171.06, 96
171.06, 96
171.08, 96
171.08, 96
171.12, 96
171.12, 96
171.26, 96
171.26, 96
171.38, 96
171.39, 96
171.39, 96
171.39, 96
171.39, 96
171.39, 96
171.39, 96
171.44, 96
171.45, 96
171.45, 96
171.45, 96
171.45, 96
171.56, 96
171.58, 96
171.68, 96
171.71, 96
171.71, 96
171.72, 96
171.74, 96
171.75, 96
171.75, 96
171.75, 96
171.75, 96
171.76, 96
171.78, 96
171.86, 96
171.86, 96
171.87, 96
171.87, 96
171.87, 96
171.96, 96
171.97, 96
171.97, 96
171.99, 96
171.99, 96
171.99, 96
171.99, 96
172.12, 96
172.16, 96
172.23, 96
172.23, 96
172.23, 96
172.48, 96
172.48, 96
172.52, 96
172.53, 96
172.53, 96
172.54, 96
172.56, 96
172.56, 96
172.56, 96
172.72, 96
172.72, 96
172.72, 96
172.82, 96
172.82, 96
172.82, 96
172.86, 96
172.87, 96
172.87, 96
172.87, 96
172.89, 96
172.89, 96
172.89, 96
172.89, 96
173.19, 96
173.20, 96
173.20, 96
173.23, 96
173.23, 96
173.23, 96
173.31, 96
173.31, 96
173.45, 96
173.45, 96
173.45, 96
173.62, 96
173.63, 96
173.67, 96
173.67, 96
173.67, 96
173.67, 96
173.68, 96
173.68, 96
173.68, 96
173.69, 96
173.69, 96
173.69, 96
173.69, 96
173.70, 96
173.70, 96
173.70, 96
173.70, 96
173.71, 96
173.80, 96
173.80, 96
173.92, 96
173.94, 96
173.95, 96
173.95, 96
173.96, 96
173.97, 96
173.97, 96
173.97, 96
173.99, 96
173.99, 96
174.00, 96
174.01, 96
174.01, 96
174.01, 96
174.02, 96
174.02, 96
174.02, 96
174.02, 96
174.02, 96
174.03, 96
174.03, 96
174.04, 96
174.04, 96
174.04, 96
174.04, 96
174.04, 96
174.04, 96
174.04, 96
174.04, 96
174.04, 96
174.04, 96
174.06, 96
174.10, 96
174.10, 96
174.10, 96
174.10, 96
174.10, 96
174.10, 96
174.10, 96
174.11, 96
174.11, 96
174.11, 96
174.11, 96
174.13, 96
174.13, 96
174.13, 96
174.13, 96
174.14, 96
174.14, 96
174.14, 96
174.14, 96
174.14, 96
174.15, 96
174.15, 96
174.17, 96
174.25, 96
174.26, 96
174.26, 96
174.39, 96
174.41, 96
174.41, 96
174.41, 96
174.41, 96
174.41, 96
174.42, 96
174.42, 96
174.46, 96
174.46, 96
174.46, 96
174.47, 96
174.47, 96
174.47, 96
174.47, 96
174.48, 96
174.48, 96
174.48, 96
174.49, 96
174.49, 96
174.52, 96
174.52, 96
174.54, 96
174.55, 96
174.55, 96
174.55, 96
174.55, 96
174.57, 96
174.57, 96
174.57, 96
174.57, 96
174.57, 96
174.57, 96
174.57, 96
174.57, 96
174.73, 96
174.74, 96
174.90, 96
174.97, 96
174.97, 96
175.03, 96
175.04, 96
175.04, 96
175.04, 96
175.04, 96
175.04, 96
175.04, 96
175.05, 96
175.05, 96
175.05, 96
175.05, 96
175.06, 96
175.13, 96
175.13, 96
175.14, 96
175.17, 96
175.24, 96
175.39, 96
175.39, 96
175.39, 96
175.39, 96
175.42, 96
175.42, 96
175.43, 96
175.43, 96
175.44, 96
175.83, 96
175.83, 96
175.89, 96
176.50, 96
176.50, 96
176.50, 96
176.50, 96
176.50, 96
176.79, 96
176.79, 96
176.79, 96
176.79, 96
176.79, 96
176.81, 96
176.81, 96
176.82, 96
176.94, 96
177.05, 96
177.24, 96
177.24, 96
177.25, 96
177.42, 96
177.42, 96
177.46, 96
177.54, 96
177.54, 96
177.54, 96
177.54, 96
177.63, 96
177.63, 96
177.63, 96
177.63, 96
178.16, 96
178.16, 96
178.18, 96
178.20, 96
178.21, 96
178.21, 96
178.21, 96
178.21, 96
178.21, 96
178.21, 96
178.22, 96
178.44, 96
178.44, 96
178.44, 96
178.44, 96
178.44, 96
178.44, 96
178.45, 96
178.45, 96
178.45, 96
178.46, 96
178.66, 96
178.68, 96
178.68, 96
178.68, 96
178.80, 96
178.80, 96
179.02, 96
179.02, 96
179.03, 96
179.03, 96
179.03, 96
179.03, 96
179.03, 96
179.03, 96
179.03, 96
179.04, 96
179.04, 96
179.04, 96
179.20, 96
179.21, 96
179.21, 96
179.21, 96
179.21, 96
179.22, 96
179.22, 96
179.22, 96
179.22, 96
179.23, 96
179.23, 96
179.28, 96
179.28, 96
179.28, 96
179.28, 96
179.29, 96
179.29, 96
179.32, 96
179.32, 96
179.33, 96
179.33, 96
179.47, 96
179.47, 96
179.47, 96
179.47, 96
179.48, 96
179.48, 96
179.48, 96
179.48, 96
179.48, 96
179.48, 96
179.53, 96
179.53, 96
179.53, 96
179.67, 96
179.67, 96
179.80, 96
179.80, 96
179.81, 96
179.81, 96
179.84, 96
179.84, 96
179.84, 96
179.84, 96
179.84, 96
179.84, 96
179.84, 96
179.84, 96
179.84, 96
179.84, 96
179.85, 96
179.85, 96
179.85, 96
179.85, 96
179.85, 96
179.86, 96
179.86, 96
179.88, 96
179.88, 96
