0.01, 102
0.02, 100
0.02, 99
0.02, 99
0.02, 99
0.02, 99
0.02, 99
0.02, 98
0.02, 98
0.03, 98
0.03, 98
0.03, 98
0.03, 98
0.03, 98
0.05, 98
0.05, 98
0.05, 98
0.05, 98
0.06, 98
0.06, 97
0.06, 97
0.06, 97
0.07, 97
0.08, 97
0.08, 97
0.08, 97
0.08, 97
0.08, 97
0.08, 97
0.09, 97
0.09, 97
0.09, 97
0.09, 97
0.09, 97
0.09, 97
0.10, 97
0.11, 97
0.11, 97
0.11, 97
0.11, 97
0.11, 97
0.12, 97
0.13, 97
0.13, 97
0.13, 97
0.14, 97
0.14, 97
0.14, 97
0.14, 97
0.14, 97
0.21, 97
0.21, 97
0.23, 97
0.23, 97
0.23, 97
0.23, 97
0.24, 97
0.24, 97
0.24, 97
0.25, 97
0.28, 97
0.28, 97
0.28, 97
0.28, 97
0.29, 97
0.29, 97
0.29, 97
0.29, 97
0.29, 97
0.29, 97
0.30, 97
0.30, 97
0.33, 97
0.33, 97
0.34, 97
0.34, 97
0.36, 97
0.36, 97
0.36, 97
0.36, 97
0.36, 97
0.36, 97
0.37, 97
0.37, 97
0.37, 97
0.39, 97
0.41, 97
0.41, 97
0.42, 97
0.42, 97
0.42, 97
0.42, 97
0.42, 97
0.42, 97
0.42, 97
0.43, 97
0.43, 97
0.43, 97
0.43, 97
0.43, 96
0.44, 96
0.44, 96
0.44, 96
0.45, 96
0.46, 96
0.49, 96
0.49, 96
0.49, 96
0.51, 96
0.52, 96
0.52, 96
0.55, 96
0.56, 96
0.56, 96
0.56, 96
0.60, 96
0.60, 96
0.60, 96
0.61, 96
0.86, 96
0.86, 96
0.86, 96
0.86, 96
0.86, 96
0.89, 96
0.89, 96
0.90, 96
0.92, 96
0.92, 96
0.96, 96
0.96, 96
0.96, 96
0.96, 96
0.96, 96
0.96, 96
0.96, 96
1.19, 96
1.22, 96
1.23, 96
1.23, 96
1.30, 96
1.31, 96
1.82, 96
1.82, 96
1.82, 96
1.82, 96
1.84, 96
1.85, 96
1.85, 96
1.85, 96
1.85, 96
1.85, 96
1.87, 96
1.89, 96
1.89, 96
1.89, 96
1.89, 96
1.97, 96
1.97, 96
1.97, 96
1.97, 96
1.97, 96
1.97, 96
2.01, 96
2.01, 96
2.01, 96
2.04, 96
2.04, 96
2.07, 96
2.07, 96
2.08, 96
2.08, 96
2.09, 96
2.10, 96
2.10, 96
2.10, 96
2.10, 96
2.10, 96
2.11, 96
2.11, 96
2.11, 96
2.12, 96
2.12, 96
2.51, 96
2.52, 96
2.52, 96
2.52, 96
2.52, 96
2.52, 96
2.52, 96
2.52, 96
3.00, 96
3.00, 96
3.01, 96
3.13, 96
3.14, 96
3.14, 96
3.14, 96
3.14, 96
3.14, 96
3.14, 96
3.33, 96
3.37, 96
3.37, 96
3.37, 96
3.38, 96
3.38, 96
3.38, 96
3.38, 96
3.39, 96
3.39, 96
3.39, 96
3.39, 96
3.39, 96
3.39, 96
3.40, 96
3.40, 96
3.40, 96
3.42, 96
3.42, 96
3.44, 96
3.44, 96
3.44, 96
3.44, 96
3.44, 96
3.44, 96
3.45, 96
3.45, 96
3.45, 96
3.45, 96
3.45, 96
3.45, 96
3.45, 96
3.45, 96
3.46, 96
3.46, 96
3.46, 96
3.49, 96
3.49, 96
3.49, 96
3.49, 96
3.49, 96
3.49, 96
3.51, 96
3.51, 96
3.51, 96
3.51, 96
3.51, 96
3.51, 96
3.52, 96
3.52, 96
3.53, 96
3.53, 96
3.53, 96
3.53, 96
3.53, 96
3.57, 96
3.57, 96
3.57, 96
3.57, 96
3.71, 96
3.71, 96
3.71, 96
3.74, 96
3.75, 96
3.76, 96
3.76, 96
3.76, 96
3.76, 96
3.76, 96
3.76, 96
3.76, 96
3.88, 96
3.88, 96
3.89, 96
3.89, 96
3.94, 96
3.95, 96
3.98, 96
3.98, 96
3.99, 96
3.99, 96
3.99, 96
3.99, 96
4.00, 96
4.00, 96
4.00, 96
4.00, 96
4.11, 96
4.11, 96
4.12, 96
4.12, 96
4.12, 96
4.12, 96
4.13, 96
4.20, 96
4.20, 96
4.20, 96
4.21, 96
4.21, 96
4.21, 96
4.22, 96
4.22, 96
4.22, 96
4.22, 96
4.23, 96
4.23, 96
4.23, 96
4.23, 96
4.23, 96
4.23, 96
4.28, 96
4.28, 96
4.28, 96
4.28, 96
4.29, 96
4.36, 96
4.36, 96
4.36, 96
4.36, 96
4.36, 96
4.36, 96
4.36, 96
4.37, 96
4.37, 96
4.54, 96
4.87, 96
4.97, 96
4.97, 96
4.97, 96
4.97, 96
4.97, 96
4.98, 96
4.98, 96
4.99, 96
4.99, 96
4.99, 96
4.99, 96
4.99, 96
5.00, 96
5.01, 96
5.10, 96
5.11, 96
5.11, 96
5.11, 96
5.11, 96
5.11, 96
5.22, 96
5.22, 96
5.22, 96
5.25, 96
5.25, 96
5.40, 96
5.40, 96
5.40, 96
5.40, 96
5.41, 96
5.42, 96
5.43, 96
5.44, 96
5.48, 96
5.48, 96
5.48, 96
5.49, 96
5.49, 96
5.49, 96
5.49, 96
5.49, 96
5.49, 96
5.50, 96
5.50, 96
5.50, 96
5.52, 96
5.52, 96
5.56, 96
5.56, 96
5.56, 96
5.56, 96
5.56, 96
5.57, 96
5.57, 96
5.62, 96
5.62, 96
5.62, 96
5.62, 96
5.62, 96
5.62, 96
5.67, 96
5.67, 96
5.67, 96
5.67, 96
5.67, 96
5.70, 96
5.70, 96
5.73, 96
5.76, 96
5.76, 96
5.76, 96
5.76, 96
5.76, 96
5.76, 96
5.81, 96
5.81, 96
5.81, 96
5.81, 96
5.81, 96
5.81, 96
5.81, 96
5.81, 96
5.82, 96
5.82, 96
5.82, 96
5.82, 96
5.82, 96
5.85, 96
5.85, 96
5.86, 96
5.86, 96
5.87, 96
5.87, 96
5.87, 96
6.35, 96
6.35, 96
6.35, 96
6.35, 96
6.36, 96
6.36, 96
6.36, 96
6.36, 96
6.37, 96
6.38, 96
6.40, 96
6.41, 96
6.44, 96
6.45, 96
6.46, 96
6.46, 96
6.46, 96
6.46, 96
6.47, 96
6.67, 96
6.67, 96
6.68, 96
6.68, 96
6.68, 96
6.68, 96
6.68, 96
6.69, 96
6.69, 96
6.69, 96
6.69, 96
6.69, 96
6.69, 96
6.70, 96
6.79, 96
6.80, 96
6.81, 96
6.81, 96
6.81, 96
6.82, 96
6.82, 96
6.82, 96
6.82, 96
6.82, 96
6.82, 96
6.82, 96
6.82, 96
6.85, 96
6.85, 96
6.85, 96
6.86, 96
6.96, 96
7.06, 96
7.06, 96
7.07, 96
7.07, 96
7.07, 96
7.22, 96
7.23, 96
7.36, 96
7.36, 96
7.36, 96
7.46, 96
7.46, 96
8.13, 96
8.51, 96
8.57, 96
8.57, 96
9.05, 96
9.20, 96
9.20, 96
9.23, 96
9.23, 96
9.44, 96
9.44, 96
9.72, 96
9.95, 96
10.02, 96
10.02, 96
10.03, 96
10.21, 96
10.23, 96
10.51, 96
10.51, 96
10.77, 96
10.87, 96
10.87, 96
10.94, 96
10.94, 96
10.95, 96
11.00, 96
11.00, 96
11.02, 96
11.02, 96
11.02, 96
11.02, 96
11.03, 96
11.03, 96
11.03, 96
11.04, 96
11.04, 96
11.05, 96
11.05, 96
11.05, 96
11.05, 96
11.05, 96
11.05, 96
11.06, 96
11.09, 96
11.09, 96
11.17, 96
11.17, 96
11.18, 96
11.18, 96
11.18, 96
11.18, 96
11.18, 96
11.18, 96
11.18, 96
11.23, 96
11.29, 96
11.29, 96
11.29, 96
11.29, 96
11.29, 96
11.29, 96
11.36, 96
11.47, 96
11.47, 96
11.47, 96
11.47, 96
11.48, 96
11.48, 96
11.48, 96
11.48, 96
11.48, 96
11.48, 96
11.48, 96
11.50, 96
11.50, 96
11.51, 96
11.52, 96
11.52, 96
11.60, 96
11.60, 96
11.64, 96
11.65, 96
11.66, 96
11.67, 96
11.67, 96
11.67, 96
11.73, 96
11.73, 96
11.74, 96
11.74, 96
11.74, 96
11.74, 96
11.74, 96
11.74, 96
11.74, 96
11.74, 96
11.74, 96
11.74, 96
11.75, 96
11.98, 96
11.98, 96
12.34, 96
12.40, 96
12.41, 96
12.42, 96
12.43, 96
12.47, 96
12.48, 96
12.49, 96
12.49, 96
12.82, 96
12.83, 96
12.83, 96
12.83, 96
13.03, 96
13.03, 96
13.03, 96
13.03, 96
13.04, 96
13.04, 96
13.04, 96
13.04, 96
13.04, 96
13.04, 96
13.04, 96
13.08, 96
13.09, 96
13.09, 96
13.09, 96
13.09, 96
13.09, 96
13.09, 96
13.10, 96
13.10, 96
13.10, 96
13.10, 96
13.10, 96
13.11, 96
13.11, 96
13.11, 96
13.95, 96
13.97, 96
13.97, 96
13.97, 96
13.97, 96
13.97, 96
13.97, 96
13.98, 96
13.98, 96
13.98, 96
13.98, 96
13.98, 96
13.99, 96
13.99, 96
14.11, 96
14.11, 96
14.25, 96
14.25, 96
14.25, 96
14.27, 96
14.31, 96
14.31, 96
14.31, 96
14.32, 96
14.32, 96
14.32, 96
14.32, 96
14.32, 96
14.32, 96
14.32, 96
14.34, 96
14.34, 96
14.34, 96
14.37, 96
14.37, 96
14.37, 96
14.37, 96
14.38, 96
14.39, 96
14.46, 96
14.47, 96
14.48, 96
14.48, 96
14.50, 96
14.50, 96
14.50, 96
14.51, 96
14.51, 96
14.52, 96
14.96, 96
14.96, 96
14.97, 96
14.97, 96
14.97, 96
14.97, 96
14.97, 96
14.97, 96
14.98, 96
14.98, 96
14.98, 96
15.32, 96
15.32, 96
15.32, 96
15.32, 96
15.47, 96
15.47, 96
15.64, 96
15.65, 96
15.65, 96
15.65, 96
15.71, 96
15.92, 96
15.93, 96
15.93, 96
15.93, 96
15.93, 96
15.93, 96
15.94, 96
15.94, 96
15.94, 96
15.95, 96
16.18, 96
16.18, 96
16.18, 96
16.18, 96
16.18, 96
16.18, 96
16.18, 96
16.23, 96
16.23, 96
16.23, 96
16.23, 96
16.23, 96
16.23, 96
16.23, 96
16.24, 96
16.24, 96
16.24, 96
16.24, 96
16.24, 96
16.24, 96
16.33, 96
16.34, 96
16.34, 96
16.37, 96
16.37, 96
16.37, 96
16.37, 96
16.38, 96
16.38, 96
16.38, 96
16.38, 96
16.38, 96
16.38, 96
16.38, 96
16.39, 96
16.65, 96
16.65, 96
16.68, 96
16.68, 96
16.68, 96
16.71, 96
16.71, 96
16.71, 96
16.72, 96
16.72, 96
16.79, 96
16.79, 96
16.79, 96
16.79, 96
16.96, 96
16.96, 96
16.96, 96
16.96, 96
16.96, 96
16.96, 96
16.96, 96
16.97, 96
16.97, 96
17.16, 96
17.20, 96
17.20, 96
17.20, 96
17.22, 96
17.22, 96
17.25, 96
17.55, 96
17.67, 96
17.67, 96
17.67, 96
18.04, 96
18.04, 96
18.18, 96
18.18, 96
18.18, 96
18.18, 96
18.18, 96
18.19, 96
18.19, 96
18.19, 96
18.20, 96
18.20, 96
18.20, 96
18.20, 96
18.46, 96
18.46, 96
18.47, 96
18.47, 96
18.47, 96
18.47, 96
18.47, 96
18.47, 96
18.47, 96
18.51, 96
18.51, 96
18.52, 96
18.52, 96
18.69, 96
18.70, 96
18.70, 96
18.70, 96
18.71, 96
18.71, 96
18.71, 96
18.71, 96
18.72, 96
18.72, 96
18.72, 96
18.72, 96
18.72, 96
18.75, 96
18.81, 96
18.81, 96
18.81, 96
18.81, 96
18.82, 96
18.84, 96
18.84, 96
18.87, 96
18.89, 96
18.89, 96
18.93, 96
18.93, 96
18.98, 96
19.01, 96
19.01, 96
19.01, 96
19.27, 96
19.27, 96
19.42, 96
19.45, 96
19.45, 96
19.45, 96
19.46, 96
19.46, 96
19.46, 96
19.46, 96
19.46, 96
19.46, 96
19.53, 96
19.53, 96
19.55, 96
19.58, 96
19.71, 96
19.71, 96
19.71, 96
19.73, 96
19.73, 96
19.73, 96
19.74, 96
19.74, 96
19.77, 96
19.80, 96
19.80, 96
19.80, 96
19.80, 96
19.87, 96
20.00, 96
20.21, 96
20.21, 96
20.21, 96
20.22, 96
20.22, 96
20.22, 96
20.41, 96
20.41, 96
20.61, 96
20.61, 96
20.62, 96
20.62, 96
20.63, 96
20.74, 96
20.79, 96
20.79, 96
20.81, 96
20.81, 96
20.81, 96
20.81, 96
20.93, 96
20.96, 96
20.96, 96
20.96, 96
20.97, 96
20.98, 96
20.98, 96
20.98, 96
20.98, 96
20.98, 96
21.04, 96
21.12, 96
21.12, 96
21.12, 96
21.12, 96
21.15, 96
21.15, 96
21.15, 96
21.16, 96
21.18, 96
21.18, 96
21.23, 96
21.54, 96
21.70, 96
21.71, 96
21.71, 96
21.71, 96
21.74, 96
21.74, 96
21.74, 96
21.74, 96
21.76, 96
21.77, 96
21.77, 96
21.77, 96
21.82, 96
21.86, 96
22.18, 96
22.18, 96
22.43, 96
22.43, 96
22.43, 96
22.43, 96
22.43, 96
22.44, 96
22.46, 96
22.46, 96
22.46, 96
22.46, 96
22.46, 96
22.46, 96
22.46, 96
22.47, 96
22.47, 96
22.61, 96
22.61, 96
22.72, 96
22.73, 96
22.79, 96
22.79, 96
22.79, 96
22.79, 96
22.80, 96
22.80, 96
22.80, 96
22.80, 96
22.81, 96
23.16, 96
23.16, 96
23.16, 96
23.17, 96
23.17, 96
23.17, 96
23.18, 96
23.18, 96
23.29, 96
23.29, 96
23.29, 96
23.29, 96
23.37, 96
23.37, 96
23.37, 96
23.37, 96
23.37, 96
23.40, 96
23.40, 96
23.40, 96
23.40, 96
23.40, 96
23.41, 96
23.41, 96
23.45, 96
23.45, 96
23.45, 96
23.63, 96
23.63, 96
23.68, 96
23.69, 96
23.69, 96
23.82, 96
24.24, 96
24.24, 96
24.24, 96
24.25, 96
24.26, 96
24.26, 96
24.27, 96
24.30, 96
24.30, 96
24.30, 96
24.30, 96
24.30, 96
24.35, 96
24.35, 96
24.35, 96
24.37, 96
24.56, 96
24.56, 96
24.56, 96
24.56, 96
24.56, 96
24.56, 96
24.56, 96
24.57, 96
24.89, 96
25.17, 96
25.17, 96
25.22, 96
25.22, 96
25.52, 96
25.52, 96
25.53, 96
25.53, 96
25.53, 96
25.53, 96
25.53, 96
25.53, 96
25.53, 96
25.54, 96
25.57, 96
25.58, 96
25.69, 96
25.73, 96
25.73, 96
25.73, 96
25.73, 96
25.74, 96
25.74, 96
25.75, 96
25.75, 96
25.75, 96
25.75, 96
25.75, 96
25.75, 96
25.75, 96
25.75, 96
25.75, 96
25.76, 96
25.76, 96
25.81, 96
25.83, 96
25.83, 96
25.92, 96
25.93, 96
25.93, 96
25.93, 96
25.93, 96
25.96, 96
25.96, 96
26.02, 96
26.02, 96
26.02, 96
26.03, 96
26.40, 96
26.40, 96
26.40, 96
26.40, 96
26.42, 96
26.49, 96
26.49, 96
26.50, 96
26.50, 96
26.50, 96
26.50, 96
26.66, 96
26.68, 96
26.68, 96
26.69, 96
26.69, 96
26.72, 96
26.81, 96
26.82, 96
26.82, 96
27.07, 96
27.07, 96
27.07, 96
27.07, 96
27.19, 96
27.19, 96
27.19, 96
27.20, 96
27.20, 96
27.20, 96
27.29, 96
27.29, 96
27.29, 96
27.29, 96
27.29, 96
27.29, 96
27.30, 96
27.30, 96
27.30, 96
27.30, 96
27.30, 96
27.31, 96
27.31, 96
27.31, 96
27.31, 96
27.32, 96
27.32, 96
27.32, 96
27.32, 96
27.32, 96
27.33, 96
27.34, 96
27.34, 96
27.34, 96
27.36, 96
27.62, 96
28.00, 96
28.00, 96
28.00, 96
28.00, 96
28.00, 96
28.00, 96
28.05, 96
28.06, 96
28.06, 96
28.06, 96
28.06, 96
28.22, 96
28.22, 96
28.23, 96
28.24, 96
28.46, 96
28.46, 96
28.46, 96
28.48, 96
28.48, 96
28.49, 96
28.62, 96
28.91, 96
28.92, 96
28.92, 96
28.93, 96
28.93, 96
28.94, 96
28.94, 96
28.94, 96
28.96, 96
28.96, 96
29.01, 96
29.01, 96
29.02, 96
29.02, 96
29.02, 96
29.02, 96
29.03, 96
29.04, 96
29.04, 96
29.05, 96
29.13, 96
29.13, 96
29.13, 96
29.13, 96
29.13, 96
29.14, 96
29.39, 96
29.39, 96
29.39, 96
29.39, 96
29.53, 96
29.63, 96
29.63, 96
29.64, 96
29.64, 96
29.65, 96
29.65, 96
29.65, 96
29.65, 96
29.65, 96
29.66, 96
29.66, 96
29.66, 96
29.90, 96
30.03, 96
30.03, 96
30.03, 96
30.03, 96
30.03, 96
30.03, 96
30.04, 96
30.04, 96
30.04, 96
30.04, 96
30.11, 96
30.11, 96
30.15, 96
30.15, 96
30.15, 96
30.15, 96
30.15, 96
30.16, 96
30.16, 96
30.16, 96
30.17, 96
30.19, 96
30.19, 96
30.19, 96
30.20, 96
30.32, 96
30.32, 96
30.32, 96
30.32, 96
30.33, 96
30.37, 96
30.37, 96
30.37, 96
30.37, 96
30.37, 96
30.38, 96
30.38, 96
30.45, 96
30.46, 96
30.46, 96
30.46, 96
30.46, 96
30.59, 96
30.59, 96
30.59, 96
30.59, 96
31.07, 96
31.07, 96
31.07, 96
31.07, 96
31.07, 96
31.14, 96
31.14, 96
31.14, 96
31.15, 96
31.22, 96
31.22, 96
31.22, 96
31.25, 96
31.25, 96
31.25, 96
31.29, 96
31.30, 96
31.30, 96
31.30, 96
31.35, 96
31.35, 96
31.35, 96
31.35, 96
31.35, 96
31.35, 96
31.36, 96
31.38, 96
31.38, 96
31.39, 96
31.39, 96
31.39, 96
31.40, 96
31.40, 96
31.40, 96
31.40, 96
31.66, 96
31.66, 96
31.68, 96
31.68, 96
31.68, 96
31.68, 96
31.68, 96
31.68, 96
31.68, 96
31.69, 96
31.71, 96
31.71, 96
31.73, 96
31.73, 96
31.73, 96
31.88, 96
31.88, 96
31.88, 96
32.48, 96
32.53, 96
32.76, 96
32.76, 96
32.76, 96
32.85, 96
32.85, 96
32.85, 96
32.86, 96
32.86, 96
32.86, 96
32.86, 96
33.22, 96
33.22, 96
33.26, 96
33.27, 96
33.27, 96
33.35, 96
33.36, 96
33.36, 96
33.37, 96
33.37, 96
33.37, 96
33.37, 96
33.37, 96
33.37, 96
33.38, 96
33.38, 96
33.38, 96
33.38, 96
33.38, 96
33.39, 96
33.39, 96
33.39, 96
33.48, 96
33.49, 96
33.49, 96
33.50, 96
33.50, 96
33.50, 96
33.50, 96
33.50, 96
33.51, 96
33.51, 96
33.51, 96
33.51, 96
33.54, 96
33.54, 96
33.59, 96
33.59, 96
33.60, 96
33.60, 96
33.61, 96
33.71, 96
33.71, 96
33.72, 96
33.72, 96
33.74, 96
33.74, 96
33.74, 96
33.81, 96
33.81, 96
33.81, 96
33.81, 96
33.82, 96
33.82, 96
33.88, 96
33.89, 96
33.89, 96
33.89, 96
33.89, 96
33.90, 96
33.91, 96
33.92, 96
33.92, 96
33.92, 96
33.92, 96
33.93, 96
33.93, 96
33.96, 96
33.98, 96
34.02, 96
34.05, 96
34.05, 96
34.05, 96
34.05, 96
34.05, 96
34.05, 96
34.06, 96
34.06, 96
34.06, 96
34.06, 96
34.06, 96
34.18, 96
34.18, 96
34.18, 96
34.29, 96
34.29, 96
34.29, 96
34.29, 96
34.32, 96
34.38, 96
34.40, 96
34.40, 96
34.41, 96
34.76, 96
34.77, 96
34.77, 96
35.13, 96
35.14, 96
35.14, 96
35.14, 96
35.14, 96
35.14, 96
35.28, 96
35.28, 96
35.29, 96
35.30, 96
35.30, 96
35.30, 96
35.34, 96
35.34, 96
35.35, 96
35.35, 96
35.36, 96
35.36, 96
35.37, 96
35.38, 96
35.38, 96
35.38, 96
35.73, 96
35.73, 96
35.73, 96
35.73, 96
35.74, 96
35.97, 96
35.97, 96
35.97, 96
36.40, 96
36.40, 96
36.40, 96
36.40, 96
36.40, 96
36.47, 96
36.47, 96
36.51, 96
36.51, 96
36.51, 96
36.51, 96
36.51, 96
36.51, 96
36.51, 96
36.51, 96
36.51, 96
36.52, 96
36.60, 96
36.60, 96
36.66, 96
36.66, 96
36.66, 96
36.67, 96
36.67, 96
36.67, 96
36.74, 96
36.74, 96
36.74, 96
36.74, 96
36.74, 96
36.74, 96
36.75, 96
36.75, 96
36.84, 96
36.84, 96
36.84, 96
36.84, 96
36.85, 96
36.96, 96
36.96, 96
36.96, 96
36.96, 96
36.96, 96
36.97, 96
36.97, 96
36.97, 96
36.97, 96
36.99, 96
37.00, 96
37.00, 96
37.01, 96
37.01, 96
37.02, 96
37.02, 96
37.02, 96
37.02, 96
37.02, 96
37.02, 96
37.02, 96
37.03, 96
37.03, 96
37.06, 96
37.06, 96
37.06, 96
37.06, 96
37.08, 96
37.08, 96
37.28, 96
37.28, 96
37.30, 96
37.30, 96
37.30, 96
37.30, 96
37.42, 96
37.42, 96
37.43, 96
37.45, 96
37.51, 96
37.52, 96
37.52, 96
37.52, 96
37.52, 96
37.54, 96
37.54, 96
37.57, 96
37.58, 96
37.58, 96
37.59, 96
37.59, 96
37.59, 96
37.59, 96
37.59, 96
37.59, 96
37.60, 96
37.60, 96
37.60, 96
37.76, 96
37.76, 96
37.76, 96
37.76, 96
37.76, 96
37.77, 96
37.77, 96
37.77, 96
37.77, 96
37.77, 96
37.77, 96
37.78, 96
37.78, 96
37.78, 96
37.79, 96
37.79, 96
38.00, 96
38.00, 96
38.00, 96
38.04, 96
38.04, 96
38.05, 96
38.08, 96
38.08, 96
38.28, 96
38.28, 96
38.28, 96
38.28, 96
38.28, 96
38.31, 96
38.31, 96
38.31, 96
38.31, 96
38.31, 96
38.32, 96
38.32, 96
38.32, 96
38.32, 96
38.32, 96
38.41, 96
38.41, 96
38.41, 96
38.47, 96
38.47, 96
38.47, 96
38.47, 96
38.47, 96
38.47, 96
38.48, 96
38.48, 96
38.48, 96
38.48, 96
38.48, 96
38.55, 96
38.55, 96
38.55, 96
38.86, 96
38.87, 96
38.87, 96
38.87, 96
38.93, 96
38.93, 96
38.95, 96
38.95, 96
38.99, 96
39.12, 96
39.12, 96
39.12, 96
39.13, 96
39.20, 96
39.20, 96
39.20, 96
39.21, 96
39.21, 96
39.21, 96
39.24, 96
39.24, 96
39.24, 96
39.24, 96
39.24, 96
39.49, 96
39.49, 96
39.49, 96
39.49, 96
39.49, 96
39.49, 96
40.29, 96
40.29, 96
40.43, 96
40.43, 96
40.43, 96
40.43, 96
40.43, 96
40.44, 96
40.45, 96
40.45, 96
40.45, 96
40.62, 96
40.62, 96
40.62, 96
40.62, 96
40.66, 96
40.68, 96
40.68, 96
40.68, 96
40.83, 96
40.83, 96
40.83, 96
40.83, 96
40.83, 96
40.83, 96
40.84, 96
40.84, 96
40.84, 96
40.84, 96
40.84, 96
40.84, 96
40.85, 96
40.85, 96
40.86, 96
40.86, 96
40.86, 96
40.86, 96
40.86, 96
40.87, 96
40.88, 96
40.88, 96
40.88, 96
40.89, 96
40.89, 96
40.97, 96
40.98, 96
40.98, 96
40.99, 96
40.99, 96
40.99, 96
41.07, 96
41.09, 96
41.09, 96
41.09, 96
41.09, 96
41.09, 96
41.09, 96
41.11, 96
41.26, 96
41.38, 96
41.38, 96
41.38, 96
41.44, 96
41.49, 96
41.51, 96
41.54, 96
41.54, 96
41.55, 96
41.55, 96
41.55, 96
41.55, 96
41.55, 96
41.55, 96
41.56, 96
41.56, 96
41.56, 96
41.56, 96
41.57, 96
41.75, 96
41.76, 96
41.76, 96
41.77, 96
41.77, 96
41.81, 96
41.82, 96
41.83, 96
41.83, 96
41.83, 96
41.89, 96
41.89, 96
41.89, 96
41.90, 96
41.90, 96
41.90, 96
41.91, 96
41.91, 96
41.91, 96
41.96, 96
42.09, 96
42.58, 96
42.59, 96
42.59, 96
42.59, 96
42.59, 96
42.59, 96
42.59, 96
42.60, 96
42.60, 96
42.67, 96
42.67, 96
42.67, 96
42.67, 96
42.78, 96
42.78, 96
42.78, 96
42.79, 96
42.80, 96
42.93, 96
42.93, 96
43.00, 96
43.00, 96
43.00, 96
43.00, 96
43.00, 96
43.00, 96
43.00, 96
43.01, 96
43.01, 96
43.01, 96
43.01, 96
43.01, 96
43.02, 96
43.02, 96
43.07, 96
43.07, 96
43.45, 96
43.45, 96
43.45, 96
43.45, 96
43.45, 96
43.45, 96
43.46, 96
43.46, 96
43.46, 96
43.49, 96
43.59, 96
43.74, 96
43.74, 96
43.74, 96
43.74, 96
43.74, 96
43.74, 96
43.74, 96
43.74, 96
43.75, 96
43.75, 96
43.75, 96
43.75, 96
43.75, 96
43.75, 96
43.75, 96
43.76, 96
43.77, 96
43.78, 96
43.78, 96
43.78, 96
43.90, 96
43.90, 96
44.18, 96
44.24, 96
44.24, 96
44.27, 96
44.28, 96
44.28, 96
44.29, 96
44.29, 96
44.63, 96
44.63, 96
44.72, 96
44.72, 96
44.73, 96
44.73, 96
44.76, 96
44.76, 96
44.76, 96
44.76, 96
44.76, 96
44.77, 96
44.92, 96
44.92, 96
44.94, 96
44.98, 96
45.67, 96
45.67, 96
45.67, 96
45.67, 96
45.71, 96
45.71, 96
45.83, 96
45.83, 96
45.83, 96
45.83, 96
45.83, 96
45.97, 96
45.97, 96
46.00, 96
46.00, 96
46.00, 96
46.00, 96
46.00, 96
46.02, 96
46.02, 96
46.03, 96
46.03, 96
46.04, 96
46.04, 96
46.04, 96
46.04, 96
46.04, 96
46.05, 96
46.35, 96
46.36, 96
46.36, 96
46.36, 96
46.36, 96
46.37, 96
46.42, 96
46.43, 96
46.51, 96
46.51, 96
46.51, 96
46.60, 96
46.60, 96
46.61, 96
46.73, 96
46.73, 96
46.94, 96
46.96, 96
46.96, 96
46.96, 96
47.06, 96
47.06, 96
47.07, 96
47.37, 96
47.39, 96
47.40, 96
47.42, 96
47.42, 96
47.42, 96
47.42, 96
47.43, 96
47.58, 96
47.58, 96
47.58, 96
47.59, 96
48.06, 96
48.12, 96
48.12, 96
48.21, 96
48.22, 96
48.24, 96
48.31, 96
48.31, 96
48.31, 96
48.31, 96
48.31, 96
48.35, 96
48.35, 96
48.35, 96
48.49, 96
48.49, 96
48.49, 96
48.62, 96
48.62, 96
48.62, 96
48.64, 96
48.65, 96
48.65, 96
48.72, 96
48.74, 96
48.74, 96
48.79, 96
48.79, 96
48.79, 96
48.80, 96
48.80, 96
49.02, 96
49.19, 96
49.23, 96
49.23, 96
49.28, 96
49.32, 96
49.33, 96
49.33, 96
49.33, 96
49.33, 96
49.33, 96
49.33, 96
49.34, 96
49.56, 96
49.56, 96
49.61, 96
49.61, 96
49.61, 96
49.61, 96
49.61, 96
49.69, 96
49.69, 96
49.69, 96
49.70, 96
49.71, 96
49.71, 96
49.71, 96
49.72, 96
49.74, 96
50.19, 96
50.30, 96
50.31, 96
50.31, 96
50.31, 96
50.32, 96
50.32, 96
50.32, 96
50.43, 96
50.44, 96
50.44, 96
50.45, 96
50.45, 96
50.45, 96
50.46, 96
50.46, 96
50.73, 96
50.73, 96
50.73, 96
50.73, 96
50.74, 96
50.95, 96
50.95, 96
50.95, 96
50.96, 96
51.11, 96
51.11, 96
51.43, 96
51.43, 96
51.43, 96
51.44, 96
51.50, 96
51.50, 96
51.71, 96
51.71, 96
51.72, 96
51.72, 96
51.72, 96
51.72, 96
51.72, 96
51.72, 96
51.73, 96
51.73, 96
51.73, 96
51.74, 96
51.74, 96
51.77, 96
51.78, 96
51.78, 96
51.78, 96
51.78, 96
51.91, 96
51.96, 96
51.96, 96
51.96, 96
52.40, 96
52.47, 96
52.47, 96
52.55, 96
52.57, 96
52.57, 96
52.57, 96
52.57, 96
52.60, 96
52.61, 96
52.61, 96
52.61, 96
52.61, 96
52.61, 96
52.61, 96
52.61, 96
52.62, 96
52.78, 96
52.94, 96
52.94, 96
53.00, 96
53.00, 96
53.00, 96
53.01, 96
53.16, 96
53.51, 96
53.54, 96
53.54, 96
53.55, 96
53.55, 96
53.95, 96
53.95, 96
53.97, 96
53.97, 96
54.01, 96
54.01, 96
54.01, 96
54.02, 96
54.03, 96
54.03, 96
54.03, 96
54.03, 96
54.04, 96
54.04, 96
54.04, 96
54.04, 96
54.05, 96
54.05, 96
54.05, 96
54.17, 96
54.17, 96
54.17, 96
54.17, 96
54.17, 96
54.17, 96
54.18, 96
54.18, 96
54.20, 96
54.33, 96
54.34, 96
54.34, 96
54.37, 96
54.37, 96
54.38, 96
54.56, 96
54.56, 96
54.56, 96
54.57, 96
54.57, 96
54.57, 96
54.59, 96
54.59, 96
54.84, 96
54.84, 96
54.84, 96
54.85, 96
54.85, 96
55.03, 96
55.03, 96
55.04, 96
55.05, 96
55.05, 96
55.05, 96
55.14, 96
55.15, 96
55.16, 96
55.17, 96
55.17, 96
55.17, 96
55.22, 96
55.22, 96
55.54, 96
55.54, 96
56.16, 96
56.16, 96
56.20, 96
56.20, 96
56.21, 96
56.21, 96
56.21, 96
56.21, 96
56.35, 96
56.35, 96
56.51, 96
56.51, 96
56.64, 96
56.64, 96
56.64, 96
56.64, 96
56.68, 96
56.68, 96
56.68, 96
56.68, 96
56.68, 96
56.68, 96
56.69, 96
56.69, 96
56.69, 96
56.69, 96
56.69, 96
56.69, 96
56.71, 96
56.71, 96
56.71, 96
56.71, 96
56.72, 96
56.81, 96
56.81, 96
56.81, 96
56.83, 96
56.90, 96
56.90, 96
56.90, 96
56.91, 96
56.92, 96
56.95, 96
56.97, 96
56.97, 96
56.97, 96
56.98, 96
56.98, 96
57.01, 96
57.07, 96
57.07, 96
57.20, 96
57.20, 96
57.20, 96
57.20, 96
57.20, 96
57.20, 96
57.21, 96
57.21, 96
57.21, 96
57.25, 96
57.27, 96
57.27, 96
57.27, 96
57.28, 96
57.29, 96
57.42, 96
57.43, 96
57.64, 96
57.65, 96
57.65, 96
57.81, 96
57.84, 96
57.86, 96
57.86, 96
57.86, 96
57.87, 96
57.87, 96
57.87, 96
57.88, 96
57.88, 96
57.88, 96
57.97, 96
57.98, 96
57.98, 96
57.98, 96
57.98, 96
57.99, 96
57.99, 96
57.99, 96
57.99, 96
57.99, 96
57.99, 96
57.99, 96
58.10, 96
58.12, 96
58.12, 96
58.12, 96
58.12, 96
58.12, 96
58.12, 96
58.13, 96
58.24, 96
58.24, 96
58.72, 96
58.72, 96
58.73, 96
58.74, 96
58.74, 96
58.76, 96
58.76, 96
58.90, 96
58.91, 96
58.91, 96
58.91, 96
58.91, 96
58.91, 96
58.91, 96
58.91, 96
58.94, 96
58.94, 96
58.94, 96
58.94, 96
58.94, 96
59.12, 96
59.17, 96
59.18, 96
59.18, 96
59.18, 96
59.19, 96
59.19, 96
59.19, 96
59.20, 96
59.20, 96
59.20, 96
59.20, 96
59.20, 96
59.32, 96
59.32, 96
59.32, 96
59.32, 96
59.32, 96
59.32, 96
59.32, 96
59.32, 96
59.32, 96
59.33, 96
59.36, 96
59.36, 96
59.36, 96
59.38, 96
59.42, 96
59.45, 96
59.45, 96
59.46, 96
59.46, 96
59.46, 96
59.46, 96
59.48, 96
59.48, 96
59.49, 96
59.49, 96
59.49, 96
60.21, 96
60.21, 96
60.66, 96
60.66, 96
60.67, 96
60.67, 96
60.84, 96
60.85, 96
60.97, 96
60.97, 96
61.01, 96
61.09, 96
61.09, 96
61.12, 96
61.12, 96
61.12, 96
61.12, 96
61.12, 96
61.50, 96
61.50, 96
61.51, 96
61.51, 96
61.51, 96
61.91, 96
61.92, 96
61.92, 96
62.25, 96
62.26, 96
62.26, 96
62.27, 96
62.40, 96
62.65, 96
62.73, 96
62.74, 96
62.74, 96
62.74, 96
62.74, 96
62.74, 96
62.75, 96
62.75, 96
62.75, 96
62.84, 96
62.84, 96
62.85, 96
62.85, 96
62.86, 96
62.86, 96
62.86, 96
62.86, 96
62.87, 96
62.87, 96
62.92, 96
62.95, 96
62.95, 96
62.95, 96
62.95, 96
63.67, 96
63.97, 96
63.97, 96
63.99, 96
64.00, 96
64.00, 96
64.02, 96
64.25, 96
64.25, 96
64.25, 96
64.25, 96
64.25, 96
64.30, 96
64.30, 96
64.30, 96
64.33, 96
64.34, 96
64.34, 96
64.34, 96
64.34, 96
64.35, 96
64.35, 96
64.36, 96
64.43, 96
64.43, 96
64.54, 96
64.54, 96
64.55, 96
64.55, 96
64.55, 96
64.55, 96
64.55, 96
64.63, 96
64.66, 96
64.67, 96
64.67, 96
64.67, 96
64.67, 96
64.90, 96
64.90, 96
65.27, 96
65.28, 96
65.32, 96
65.32, 96
65.32, 96
65.32, 96
65.32, 96
65.33, 96
65.33, 96
65.33, 96
65.33, 96
65.33, 96
65.33, 96
65.33, 96
65.33, 96
65.33, 96
65.34, 96
65.34, 96
65.34, 96
65.34, 96
65.35, 96
65.35, 96
65.35, 96
65.35, 96
65.36, 96
65.37, 96
65.39, 96
65.39, 96
65.39, 96
65.40, 96
65.40, 96
65.40, 96
65.44, 96
65.44, 96
65.44, 96
65.53, 96
65.53, 96
65.53, 96
65.54, 96
65.54, 96
65.54, 96
65.54, 96
65.55, 96
65.73, 96
65.73, 96
65.73, 96
65.92, 96
65.94, 96
66.07, 96
66.07, 96
66.08, 96
66.08, 96
66.09, 96
66.17, 96
66.17, 96
66.17, 96
66.17, 96
66.18, 96
66.18, 96
66.18, 96
66.18, 96
66.24, 96
66.24, 96
66.24, 96
66.25, 96
66.25, 96
66.26, 96
66.26, 96
66.26, 96
66.26, 96
66.26, 96
66.35, 96
66.35, 96
66.35, 96
66.35, 96
66.35, 96
66.35, 96
66.35, 96
66.35, 96
66.35, 96
66.35, 96
66.43, 96
66.43, 96
66.43, 96
66.45, 96
66.45, 96
66.47, 96
66.49, 96
66.50, 96
66.50, 96
66.51, 96
66.51, 96
66.51, 96
66.51, 96
66.51, 96
66.51, 96
66.78, 96
66.78, 96
66.82, 96
66.83, 96
66.83, 96
66.83, 96
66.83, 96
66.83, 96
66.83, 96
66.84, 96
66.84, 96
66.84, 96
66.84, 96
66.84, 96
66.88, 96
66.88, 96
66.89, 96
66.92, 96
66.92, 96
66.93, 96
66.93, 96
66.94, 96
66.96, 96
66.97, 96
66.97, 96
66.97, 96
66.97, 96
66.97, 96
66.98, 96
66.98, 96
66.98, 96
66.98, 96
66.98, 96
66.98, 96
67.02, 96
67.02, 96
67.03, 96
67.08, 96
67.19, 96
67.19, 96
67.20, 96
67.27, 96
67.27, 96
67.28, 96
67.28, 96
67.28, 96
67.28, 96
67.28, 96
67.43, 96
67.43, 96
67.45, 96
67.47, 96
67.47, 96
67.47, 96
67.49, 96
67.49, 96
67.49, 96
67.51, 96
67.51, 96
67.51, 96
67.81, 96
67.82, 96
67.83, 96
67.88, 96
67.88, 96
67.88, 96
67.88, 96
67.88, 96
67.94, 96
67.94, 96
67.94, 96
67.95, 96
67.95, 96
67.95, 96
68.12, 96
68.13, 96
68.13, 96
68.13, 96
68.13, 96
68.13, 96
68.13, 96
68.14, 96
68.14, 96
68.14, 96
68.14, 96
68.14, 96
68.16, 96
68.16, 96
68.16, 96
68.16, 96
68.17, 96
68.17, 96
68.19, 96
68.20, 96
68.23, 96
68.23, 96
68.24, 96
68.24, 96
68.71, 96
68.94, 96
68.94, 96
68.94, 96
68.94, 96
68.94, 96
68.94, 96
68.94, 96
69.16, 96
69.16, 96
69.17, 96
69.17, 96
69.33, 96
69.33, 96
69.33, 96
69.33, 96
69.34, 96
69.34, 96
69.34, 96
69.34, 96
69.34, 96
69.34, 96
69.35, 96
69.35, 96
69.35, 96
69.36, 96
69.36, 96
69.39, 96
69.39, 96
69.40, 96
69.48, 96
69.48, 96
69.56, 96
69.77, 96
69.77, 96
69.78, 96
69.78, 96
69.93, 96
70.10, 96
70.10, 96
70.10, 96
70.10, 96
70.10, 96
70.29, 96
70.29, 96
70.31, 96
70.33, 96
70.43, 96
70.43, 96
70.44, 96
70.44, 96
70.44, 96
70.44, 96
70.46, 96
70.46, 96
70.47, 96
70.47, 96
70.47, 96
70.47, 96
70.48, 96
70.48, 96
70.48, 96
70.63, 96
70.63, 96
70.63, 96
70.76, 96
71.32, 96
71.32, 96
71.33, 96
71.38, 96
71.38, 96
71.38, 96
71.47, 96
71.48, 96
71.52, 96
71.52, 96
71.66, 96
71.66, 96
71.66, 96
71.82, 96
71.98, 96
71.98, 96
71.98, 96
71.98, 96
72.01, 96
72.02, 96
72.02, 96
72.03, 96
72.03, 96
72.05, 96
72.25, 96
72.26, 96
72.26, 96
72.26, 96
72.26, 96
72.26, 96
72.27, 96
72.27, 96
72.27, 96
72.27, 96
72.28, 96
72.28, 96
72.28, 96
72.28, 96
72.28, 96
72.30, 96
72.31, 96
72.31, 96
72.31, 96
72.31, 96
72.31, 96
72.40, 96
72.41, 96
72.41, 96
72.41, 96
72.41, 96
72.41, 96
72.41, 96
72.49, 96
72.49, 96
72.49, 96
72.49, 96
72.49, 96
72.49, 96
72.49, 96
72.50, 96
72.50, 96
72.50, 96
72.50, 96
72.50, 96
72.50, 96
72.51, 96
72.51, 96
72.74, 96
72.74, 96
72.77, 96
72.77, 96
72.77, 96
72.77, 96
72.77, 96
72.78, 96
72.78, 96
72.78, 96
72.78, 96
72.78, 96
72.79, 96
72.79, 96
72.79, 96
72.79, 96
72.79, 96
73.10, 96
73.33, 96
73.33, 96
73.33, 96
73.34, 96
73.34, 96
73.34, 96
73.34, 96
73.34, 96
73.34, 96
73.64, 96
73.64, 96
73.65, 96
73.69, 96
73.74, 96
73.74, 96
73.74, 96
73.74, 96
73.74, 96
73.77, 96
73.78, 96
73.87, 96
74.23, 96
74.29, 96
74.30, 96
74.30, 96
74.30, 96
74.30, 96
74.30, 96
74.30, 96
74.30, 96
74.32, 96
74.32, 96
74.32, 96
74.45, 96
74.45, 96
74.47, 96
74.48, 96
74.49, 96
74.56, 96
74.56, 96
74.57, 96
74.57, 96
74.59, 96
74.59, 96
74.60, 96
74.60, 96
74.60, 96
74.74, 96
74.74, 96
74.74, 96
74.74, 96
74.75, 96
74.75, 96
74.76, 96
74.76, 96
74.76, 96
74.76, 96
74.76, 96
74.76, 96
74.77, 96
74.80, 96
74.81, 96
74.81, 96
74.83, 96
74.83, 96
74.83, 96
74.93, 96
74.93, 96
74.97, 96
75.18, 96
75.18, 96
75.18, 96
75.18, 96
75.18, 96
75.18, 96
75.18, 96
75.19, 96
75.19, 96
75.21, 96
75.48, 96
75.49, 96
75.49, 96
75.49, 96
75.49, 96
75.49, 96
75.52, 96
75.52, 96
75.52, 96
75.52, 96
75.52, 96
75.52, 96
75.53, 96
75.53, 96
75.53, 96
75.53, 96
75.53, 96
75.53, 96
75.54, 96
75.54, 96
75.54, 96
75.56, 96
75.58, 96
75.58, 96
75.58, 96
75.58, 96
75.66, 96
75.82, 96
75.82, 96
75.82, 96
75.83, 96
75.84, 96
75.84, 96
75.84, 96
75.84, 96
75.89, 96
75.89, 96
75.89, 96
76.12, 96
76.19, 96
76.34, 96
76.34, 96
76.34, 96
76.36, 96
76.48, 96
76.48, 96
76.53, 96
76.53, 96
76.53, 96
77.30, 96
77.30, 96
77.30, 96
77.30, 96
77.34, 96
77.51, 96
77.51, 96
77.51, 96
77.52, 96
77.57, 96
77.57, 96
77.58, 96
77.58, 96
77.58, 96
77.58, 96
77.63, 96
77.63, 96
77.66, 96
77.67, 96
77.67, 96
77.67, 96
77.67, 96
77.67, 96
77.69, 96
77.70, 96
77.90, 96
77.90, 96
77.90, 96
77.90, 96
77.99, 96
77.99, 96
77.99, 96
77.99, 96
78.07, 96
78.30, 96
78.31, 96
78.31, 96
78.31, 96
78.31, 96
78.32, 96
78.35, 96
78.35, 96
78.38, 96
78.38, 96
78.40, 96
78.60, 96
78.60, 96
78.61, 96
78.61, 96
78.61, 96
78.62, 96
78.64, 96
78.64, 96
78.91, 96
78.92, 96
78.92, 96
78.94, 96
78.96, 96
79.00, 96
79.18, 96
79.18, 96
79.18, 96
79.18, 96
79.19, 96
79.34, 96
79.54, 96
79.54, 96
79.55, 96
79.55, 96
79.55, 96
79.55, 96
79.55, 96
79.56, 96
79.61, 96
79.61, 96
79.61, 96
79.61, 96
79.61, 96
79.63, 96
80.10, 96
80.11, 96
80.11, 96
80.13, 96
80.13, 96
80.13, 96
80.13, 96
80.14, 96
80.14, 96
80.14, 96
80.14, 96
80.14, 96
80.14, 96
80.14, 96
80.14, 96
80.15, 96
80.15, 96
80.16, 96
80.16, 96
80.16, 96
80.16, 96
80.30, 96
80.30, 96
80.32, 96
80.32, 96
80.32, 96
80.58, 96
80.58, 96
80.58, 96
80.59, 96
80.59, 96
80.60, 96
80.60, 96
80.66, 96
80.68, 96
80.68, 96
80.68, 96
80.69, 96
80.69, 96
80.69, 96
80.69, 96
80.69, 96
80.69, 96
80.81, 96
80.81, 96
80.83, 96
80.85, 96
80.92, 96
80.92, 96
80.92, 96
80.92, 96
80.92, 96
80.93, 96
80.93, 96
80.93, 96
80.93, 96
80.93, 96
80.93, 96
80.94, 96
80.94, 96
80.95, 96
80.95, 96
80.95, 96
80.95, 96
80.96, 96
81.26, 96
81.91, 96
81.98, 96
81.98, 96
82.24, 96
82.24, 96
82.38, 96
82.39, 96
82.83, 96
82.83, 96
82.83, 96
82.83, 96
82.83, 96
82.83, 96
82.83, 96
82.84, 96
82.90, 96
82.90, 96
82.91, 96
82.91, 96
82.91, 96
82.91, 96
82.91, 96
82.91, 96
82.93, 96
82.93, 96
82.93, 96
82.93, 96
82.94, 96
82.94, 96
82.97, 96
82.97, 96
82.97, 96
82.97, 96
82.98, 96
82.99, 96
82.99, 96
82.99, 96
82.99, 96
82.99, 96
82.99, 96
83.04, 96
83.04, 96
83.04, 96
83.05, 96
83.07, 96
83.19, 96
83.35, 96
83.35, 96
83.35, 96
83.35, 96
83.48, 96
83.50, 96
83.51, 96
83.54, 96
83.54, 96
83.54, 96
83.54, 96
83.55, 96
83.55, 96
83.55, 96
83.55, 96
83.60, 96
83.64, 96
83.64, 96
83.64, 96
83.66, 96
83.66, 96
83.66, 96
83.93, 96
83.93, 96
83.93, 96
83.93, 96
83.93, 96
84.01, 96
84.01, 96
84.17, 96
84.17, 96
84.17, 96
84.17, 96
84.20, 96
84.20, 96
84.20, 96
84.20, 96
84.23, 96
84.23, 96
84.23, 96
84.23, 96
84.24, 96
84.24, 96
84.24, 96
84.30, 96
84.30, 96
84.30, 96
84.30, 96
84.30, 96
84.32, 96
84.33, 96
84.33, 96
84.34, 96
84.34, 96
85.08, 96
85.08, 96
85.08, 96
85.11, 96
85.11, 96
85.11, 96
85.12, 96
85.12, 96
85.12, 96
85.12, 96
85.12, 96
85.13, 96
85.13, 96
85.21, 96
85.58, 96
85.58, 96
85.63, 96
85.64, 96
85.65, 96
85.65, 96
85.65, 96
85.65, 96
85.65, 96
85.65, 96
85.77, 96
85.77, 96
85.78, 96
85.78, 96
85.78, 96
85.78, 96
85.79, 96
85.79, 96
85.79, 96
85.79, 96
85.80, 96
85.80, 96
85.80, 96
85.80, 96
85.80, 96
85.80, 96
85.81, 96
85.81, 96
85.81, 96
85.82, 96
85.82, 96
85.82, 96
85.82, 96
85.91, 96
85.98, 96
85.99, 96
85.99, 96
85.99, 96
85.99, 96
86.00, 96
86.00, 96
86.11, 96
86.12, 96
86.12, 96
86.12, 96
86.12, 96
86.12, 96
86.12, 96
86.12, 96
86.13, 96
86.28, 96
86.28, 96
86.28, 96
86.28, 96
86.28, 96
86.44, 96
86.44, 96
86.44, 96
86.44, 96
86.44, 96
86.46, 96
86.46, 96
86.46, 96
86.47, 96
86.47, 96
86.54, 96
86.54, 96
86.54, 96
86.54, 96
86.55, 96
86.55, 96
86.55, 96
86.55, 96
86.56, 96
86.56, 96
86.56, 96
86.57, 96
86.61, 96
86.61, 96
86.61, 96
86.61, 96
86.61, 96
86.62, 96
86.62, 96
86.65, 96
86.65, 96
86.65, 96
86.65, 96
86.65, 96
86.65, 96
86.80, 96
86.80, 96
86.80, 96
86.82, 96
86.85, 96
86.86, 96
86.86, 96
86.86, 96
86.86, 96
86.86, 96
86.93, 96
86.93, 96
86.93, 96
86.93, 96
87.56, 96
87.56, 96
87.56, 96
87.56, 96
87.58, 96
87.58, 96
87.68, 96
87.68, 96
87.68, 96
87.81, 96
88.06, 96
88.71, 96
88.72, 96
89.38, 96
89.52, 96
89.52, 96
89.52, 96
89.67, 96
89.79, 96
89.79, 96
89.79, 96
89.82, 96
89.82, 96
89.83, 96
89.83, 96
89.83, 96
90.23, 96
90.23, 96
90.24, 96
90.32, 96
90.32, 96
90.33, 96
90.35, 96
90.36, 96
90.36, 96
90.36, 96
90.37, 96
90.95, 96
90.95, 96
90.95, 96
90.97, 96
90.97, 96
90.97, 96
90.97, 96
90.97, 96
90.97, 96
90.97, 96
91.00, 96
91.03, 96
91.04, 96
91.04, 96
91.04, 96
91.04, 96
91.04, 96
91.04, 96
91.04, 96
91.04, 96
91.04, 96
91.04, 96
91.05, 96
91.05, 96
91.06, 96
91.06, 96
91.07, 96
91.07, 96
91.09, 96
91.10, 96
91.10, 96
91.11, 96
91.11, 96
91.28, 96
91.29, 96
91.29, 96
91.30, 96
91.32, 96
91.32, 96
91.32, 96
91.32, 96
91.32, 96
91.60, 96
91.75, 96
91.76, 96
91.76, 96
91.76, 96
91.76, 96
91.76, 96
91.76, 96
91.77, 96
91.77, 96
91.77, 96
91.82, 96
91.83, 96
91.83, 96
91.83, 96
91.83, 96
91.86, 96
92.17, 96
92.17, 96
92.18, 96
92.18, 96
92.18, 96
92.18, 96
92.19, 96
92.19, 96
92.26, 96
92.45, 96
92.45, 96
92.52, 96
92.52, 96
92.52, 96
92.55, 96
92.55, 96
92.56, 96
92.57, 96
92.57, 96
92.58, 96
92.61, 96
92.61, 96
92.61, 96
92.61, 96
92.62, 96
92.82, 96
92.82, 96
92.82, 96
92.82, 96
93.25, 96
93.25, 96
93.25, 96
93.60, 96
93.60, 96
93.61, 96
93.61, 96
93.61, 96
93.62, 96
93.63, 96
93.64, 96
93.64, 96
93.65, 96
93.65, 96
93.67, 96
93.67, 96
93.67, 96
93.67, 96
93.84, 96
93.88, 96
93.88, 96
93.89, 96
93.89, 96
93.89, 96
93.89, 96
94.07, 96
94.09, 96
94.11, 96
94.11, 96
94.12, 96
94.12, 96
94.12, 96
94.13, 96
94.47, 96
94.47, 96
94.50, 96
94.50, 96
94.51, 96
94.51, 96
94.51, 96
94.51, 96
94.84, 96
94.84, 96
94.85, 96
94.87, 96
94.88, 96
94.88, 96
94.91, 96
94.91, 96
94.91, 96
94.91, 96
94.91, 96
94.91, 96
94.91, 96
94.92, 96
94.97, 96
94.97, 96
94.97, 96
94.97, 96
94.97, 96
94.97, 96
94.98, 96
95.00, 96
95.00, 96
95.00, 96
95.07, 96
95.07, 96
95.07, 96
95.07, 96
95.07, 96
95.08, 96
95.08, 96
95.08, 96
95.08, 96
95.08, 96
95.08, 96
95.17, 96
95.17, 96
95.17, 96
95.20, 96
95.20, 96
95.20, 96
95.20, 96
95.23, 96
95.23, 96
95.24, 96
95.24, 96
95.24, 96
95.24, 96
95.24, 96
95.24, 96
95.24, 96
95.24, 96
95.24, 96
95.30, 96
95.31, 96
95.34, 96
95.34, 96
95.42, 96
95.42, 96
95.58, 96
95.58, 96
95.58, 96
95.58, 96
95.64, 96
95.64, 96
95.70, 96
95.70, 96
95.70, 96
95.70, 96
95.71, 96
95.71, 96
95.71, 96
95.72, 96
95.72, 96
95.73, 96
95.76, 96
95.76, 96
95.76, 96
95.85, 96
95.86, 96
95.86, 96
95.86, 96
95.87, 96
95.87, 96
95.87, 96
95.87, 96
95.88, 96
95.89, 96
95.89, 96
95.90, 96
95.93, 96
95.93, 96
95.93, 96
95.94, 96
95.94, 96
95.94, 96
96.00, 96
96.00, 96
96.00, 96
96.01, 96
96.01, 96
96.01, 96
96.06, 96
96.26, 96
96.26, 96
96.26, 96
96.40, 96
96.40, 96
96.40, 96
96.43, 96
96.62, 96
96.62, 96
96.62, 96
96.62, 96
96.62, 96
96.64, 96
96.95, 96
96.95, 96
96.95, 96
96.96, 96
96.96, 96
96.96, 96
97.03, 96
97.03, 96
97.03, 96
97.03, 96
97.03, 96
97.03, 96
97.03, 96
97.13, 96
97.14, 96
97.14, 96
97.19, 96
97.19, 96
97.19, 96
97.19, 96
97.49, 96
97.49, 96
97.77, 96
97.77, 96
97.79, 96
97.79, 96
97.79, 96
97.80, 96
97.91, 96
97.92, 96
97.92, 96
97.98, 96
97.99, 96
97.99, 96
97.99, 96
97.99, 96
97.99, 96
97.99, 96
98.00, 96
98.00, 96
98.00, 96
98.00, 96
98.00, 96
98.00, 96
98.02, 96
98.02, 96
98.02, 96
98.02, 96
98.02, 96
98.02, 96
98.14, 96
98.15, 96
98.15, 96
98.15, 96
98.15, 96
98.15, 96
98.16, 96
98.16, 96
98.17, 96
98.17, 96
98.18, 96
98.18, 96
98.19, 96
98.19, 96
98.19, 96
98.19, 96
98.19, 96
98.23, 96
98.24, 96
98.28, 96
98.28, 96
98.29, 96
98.54, 96
98.66, 96
98.66, 96
98.67, 96
98.67, 96
98.67, 96
98.75, 96
98.91, 96
99.14, 96
99.14, 96
99.14, 96
99.15, 96
99.15, 96
99.16, 96
99.16, 96
99.16, 96
99.31, 96
99.31, 96
99.31, 96
99.31, 96
99.31, 96
99.32, 96
99.32, 96
99.32, 96
99.33, 96
99.41, 96
99.42, 96
99.50, 96
99.50, 96
99.50, 96
99.50, 96
99.51, 96
99.60, 96
99.60, 96
99.60, 96
99.60, 96
99.74, 96
99.77, 96
99.79, 96
99.79, 96
100.13, 96
100.13, 96
100.15, 96
100.15, 96
100.15, 96
100.15, 96
100.22, 96
100.23, 96
100.23, 96
100.23, 96
100.35, 96
100.35, 96
100.35, 96
100.35, 96
100.35, 96
100.36, 96
100.36, 96
100.37, 96
100.37, 96
100.39, 96
100.39, 96
100.39, 96
100.40, 96
100.40, 96
100.40, 96
100.40, 96
100.40, 96
100.40, 96
100.40, 96
100.40, 96
100.41, 96
100.41, 96
100.41, 96
100.49, 96
100.49, 96
100.49, 96
100.49, 96
100.49, 96
100.50, 96
100.50, 96
100.50, 96
100.50, 96
100.50, 96
100.50, 96
100.50, 96
100.50, 96
100.50, 96
100.51, 96
100.51, 96
100.51, 96
100.52, 96
100.52, 96
100.75, 96
100.75, 96
100.75, 96
100.76, 96
100.76, 96
100.77, 96
100.77, 96
100.77, 96
100.77, 96
100.77, 96
100.77, 96
100.77, 96
100.77, 96
100.77, 96
100.78, 96
100.78, 96
100.78, 96
100.78, 96
100.78, 96
100.93, 96
100.98, 96
101.09, 96
101.09, 96
101.09, 96
101.11, 96
101.48, 96
101.48, 96
101.48, 96
101.52, 96
101.52, 96
101.55, 96
101.62, 96
101.62, 96
101.62, 96
101.63, 96
101.63, 96
101.72, 96
101.78, 96
101.79, 96
101.93, 96
101.93, 96
101.94, 96
102.05, 96
102.11, 96
102.14, 96
102.14, 96
102.14, 96
102.15, 96
102.15, 96
102.15, 96
102.16, 96
102.16, 96
102.16, 96
102.16, 96
102.18, 96
102.18, 96
102.18, 96
102.18, 96
102.18, 96
102.19, 96
102.43, 96
102.43, 96
102.43, 96
102.44, 96
102.44, 96
102.44, 96
102.44, 96
102.45, 96
102.45, 96
102.47, 96
102.47, 96
102.47, 96
102.47, 96
102.49, 96
102.49, 96
102.49, 96
102.49, 96
102.49, 96
102.50, 96
102.50, 96
102.50, 96
102.54, 96
102.57, 96
102.57, 96
102.57, 96
102.57, 96
102.57, 96
102.57, 96
102.58, 96
102.60, 96
102.61, 96
102.61, 96
102.61, 96
102.61, 96
102.61, 96
102.61, 96
102.61, 96
102.62, 96
102.62, 96
102.62, 96
102.62, 96
102.64, 96
102.64, 96
102.64, 96
102.64, 96
102.64, 96
102.64, 96
102.65, 96
102.66, 96
102.66, 96
102.66, 96
102.67, 96
102.68, 96
102.68, 96
102.68, 96
102.69, 96
102.69, 96
102.69, 96
102.79, 96
102.79, 96
102.80, 96
102.80, 96
102.80, 96
102.84, 96
102.85, 96
102.85, 96
102.85, 96
102.85, 96
102.85, 96
102.85, 96
102.85, 96
102.86, 96
102.99, 96
102.99, 96
103.31, 96
103.31, 96
103.31, 96
103.31, 96
103.31, 96
103.31, 96
103.31, 96
103.32, 96
103.32, 96
103.34, 96
103.34, 96
103.34, 96
103.34, 96
103.35, 96
103.36, 96
103.36, 96
103.36, 96
103.36, 96
103.36, 96
103.37, 96
103.37, 96
103.46, 96
103.46, 96
103.47, 96
103.47, 96
103.47, 96
103.47, 96
103.47, 96
103.47, 96
103.47, 96
103.47, 96
103.48, 96
103.71, 96
103.71, 96
103.71, 96
103.72, 96
103.72, 96
103.79, 96
103.79, 96
103.79, 96
103.89, 96
103.99, 96
103.99, 96
103.99, 96
103.99, 96
103.99, 96
104.00, 96
104.06, 96
104.08, 96
104.09, 96
104.09, 96
104.09, 96
104.09, 96
104.09, 96
104.09, 96
104.10, 96
104.10, 96
104.10, 96
104.45, 96
104.45, 96
104.46, 96
104.48, 96
104.59, 96
104.60, 96
104.60, 96
104.60, 96
104.61, 96
104.61, 96
104.61, 96
104.61, 96
104.61, 96
104.61, 96
104.63, 96
104.64, 96
104.64, 96
104.64, 96
104.64, 96
104.65, 96
104.65, 96
104.65, 96
104.65, 96
104.68, 96
105.11, 96
105.11, 96
105.15, 96
105.15, 96
105.15, 96
105.16, 96
105.16, 96
105.26, 96
105.30, 96
105.30, 96
105.50, 96
105.50, 96
105.50, 96
105.71, 96
105.71, 96
105.71, 96
105.71, 96
105.80, 96
105.80, 96
105.81, 96
105.97, 96
105.98, 96
105.98, 96
105.98, 96
105.98, 96
105.99, 96
105.99, 96
105.99, 96
105.99, 96
106.11, 96
106.13, 96
106.14, 96
106.15, 96
106.15, 96
106.18, 96
106.18, 96
106.19, 96
106.19, 96
106.20, 96
106.20, 96
106.21, 96
106.22, 96
106.22, 96
106.22, 96
106.22, 96
106.23, 96
106.23, 96
106.23, 96
106.36, 96
106.36, 96
106.36, 96
106.44, 96
106.49, 96
106.49, 96
106.57, 96
106.57, 96
106.57, 96
106.72, 96
106.72, 96
106.73, 96
106.82, 96
106.82, 96
106.82, 96
106.94, 96
106.94, 96
107.06, 96
107.06, 96
107.16, 96
107.24, 96
107.24, 96
107.59, 96
107.59, 96
107.77, 96
107.77, 96
107.77, 96
107.77, 96
107.77, 96
107.77, 96
107.78, 96
107.84, 96
107.84, 96
107.84, 96
107.84, 96
107.84, 96
107.88, 96
108.08, 96
108.08, 96
108.08, 96
108.08, 96
108.08, 96
108.13, 96
108.13, 96
108.14, 96
108.14, 96
108.19, 96
108.19, 96
108.19, 96
108.24, 96
108.54, 96
108.60, 96
108.61, 96
108.61, 96
108.61, 96
108.61, 96
108.61, 96
108.61, 96
108.61, 96
108.66, 96
108.66, 96
108.66, 96
108.67, 96
108.71, 96
108.71, 96
108.71, 96
108.71, 96
108.71, 96
108.71, 96
108.71, 96
108.79, 96
108.79, 96
108.81, 96
108.82, 96
108.82, 96
108.96, 96
108.98, 96
108.98, 96
108.98, 96
108.98, 96
108.98, 96
109.10, 96
109.21, 96
109.21, 96
109.21, 96
109.22, 96
109.22, 96
109.29, 96
109.30, 96
109.30, 96
109.30, 96
109.30, 96
109.30, 96
109.31, 96
109.32, 96
109.32, 96
109.32, 96
109.32, 96
109.41, 96
109.49, 96
109.63, 96
109.64, 96
109.80, 96
109.84, 96
109.84, 96
109.84, 96
109.84, 96
109.85, 96
109.85, 96
109.85, 96
109.85, 96
109.85, 96
109.93, 96
109.94, 96
109.94, 96
109.94, 96
109.94, 96
109.94, 96
109.94, 96
109.94, 96
109.94, 96
109.96, 96
109.96, 96
109.97, 96
109.97, 96
109.97, 96
109.97, 96
109.97, 96
109.97, 96
109.97, 96
109.97, 96
109.98, 96
109.98, 96
109.98, 96
109.99, 96
109.99, 96
109.99, 96
110.04, 96
110.07, 96
110.08, 96
110.08, 96
110.11, 96
110.17, 96
110.17, 96
110.19, 96
110.19, 96
110.20, 96
110.29, 96
110.29, 96
110.29, 96
110.29, 96
110.30, 96
110.31, 96
110.32, 96
110.40, 96
110.40, 96
110.40, 96
110.40, 96
110.43, 96
110.43, 96
110.43, 96
110.50, 96
110.72, 96
110.72, 96
110.72, 96
110.72, 96
110.72, 96
110.75, 96
110.75, 96
110.75, 96
110.81, 96
110.81, 96
110.81, 96
110.85, 96
110.85, 96
110.85, 96
110.85, 96
111.21, 96
111.22, 96
111.22, 96
111.22, 96
111.22, 96
111.22, 96
111.23, 96
111.57, 96
111.57, 96
111.65, 96
111.65, 96
111.65, 96
111.66, 96
111.85, 96
111.85, 96
111.85, 96
111.85, 96
111.92, 96
111.93, 96
111.98, 96
111.98, 96
111.98, 96
111.98, 96
111.99, 96
111.99, 96
111.99, 96
111.99, 96
111.99, 96
111.99, 96
112.00, 96
112.00, 96
112.15, 96
112.15, 96
112.16, 96
112.16, 96
112.16, 96
112.16, 96
112.16, 96
112.16, 96
112.16, 96
112.16, 96
112.20, 96
112.20, 96
112.20, 96
112.24, 96
112.24, 96
112.28, 96
112.28, 96
112.28, 96
112.29, 96
112.29, 96
112.29, 96
112.30, 96
112.61, 96
112.61, 96
112.80, 96
112.81, 96
112.85, 96
112.93, 96
112.93, 96
112.94, 96
112.95, 96
112.95, 96
112.95, 96
112.96, 96
113.17, 96
113.17, 96
113.17, 96
113.26, 96
113.26, 96
113.26, 96
113.29, 96
113.34, 96
113.38, 96
113.38, 96
113.38, 96
113.38, 96
114.21, 96
114.27, 96
114.27, 96
114.27, 96
114.54, 96
114.54, 96
114.54, 96
114.59, 96
114.60, 96
115.07, 96
115.08, 96
115.25, 96
115.25, 96
115.25, 96
115.25, 96
115.25, 96
115.26, 96
115.26, 96
115.29, 96
115.31, 96
115.31, 96
115.31, 96
115.31, 96
115.33, 96
115.33, 96
115.43, 96
115.44, 96
115.44, 96
115.62, 96
115.62, 96
115.65, 96
115.65, 96
115.66, 96
115.66, 96
115.66, 96
115.66, 96
115.67, 96
115.67, 96
115.71, 96
115.80, 96
115.80, 96
115.80, 96
115.80, 96
115.83, 96
115.83, 96
115.83, 96
115.83, 96
115.83, 96
115.83, 96
115.83, 96
115.84, 96
115.84, 96
115.84, 96
115.85, 96
115.85, 96
115.85, 96
115.85, 96
115.85, 96
115.86, 96
115.95, 96
115.95, 96
115.95, 96
115.95, 96
115.95, 96
115.95, 96
115.95, 96
115.96, 96
115.96, 96
115.96, 96
115.96, 96
115.96, 96
116.10, 96
116.10, 96
116.10, 96
116.11, 96
116.11, 96
116.11, 96
116.11, 96
116.11, 96
116.11, 96
116.11, 96
116.12, 96
116.12, 96
116.12, 96
116.12, 96
116.12, 96
116.12, 96
116.13, 96
116.13, 96
116.13, 96
116.17, 96
116.17, 96
116.18, 96
116.18, 96
116.19, 96
116.19, 96
116.52, 96
116.52, 96
116.52, 96
116.82, 96
116.83, 96
116.83, 96
116.83, 96
116.83, 96
116.83, 96
116.83, 96
116.84, 96
116.84, 96
116.84, 96
116.84, 96
116.84, 96
116.85, 96
116.89, 96
116.90, 96
116.90, 96
116.90, 96
116.90, 96
116.90, 96
116.90, 96
116.90, 96
116.90, 96
118.14, 96
118.14, 96
118.17, 96
118.17, 96
118.17, 96
118.28, 96
118.28, 96
118.28, 96
118.28, 96
118.53, 96
118.55, 96
118.55, 96
118.56, 96
118.56, 96
118.62, 96
118.62, 96
118.84, 96
118.85, 96
118.85, 96
118.85, 96
118.85, 96
118.85, 96
118.85, 96
118.85, 96
118.86, 96
119.44, 96
119.44, 96
119.44, 96
119.44, 96
119.44, 96
119.45, 96
119.45, 96
119.45, 96
119.45, 96
119.45, 96
119.45, 96
119.45, 96
119.45, 96
119.47, 96
119.47, 96
119.51, 96
119.51, 96
119.53, 96
119.53, 96
119.75, 96
119.75, 96
119.75, 96
119.76, 96
119.76, 96
119.76, 96
119.76, 96
119.81, 96
119.81, 96
119.81, 96
119.81, 96
119.81, 96
119.82, 96
119.84, 96
119.84, 96
120.04, 96
120.04, 96
120.04, 96
120.12, 96
120.12, 96
120.24, 96
120.33, 96
120.36, 96
120.37, 96
120.37, 96
120.37, 96
120.37, 96
120.38, 96
120.38, 96
120.39, 96
120.66, 96
120.66, 96
120.66, 96
120.66, 96
120.69, 96
120.74, 96
120.74, 96
120.79, 96
120.79, 96
120.79, 96
120.80, 96
120.80, 96
120.80, 96
120.89, 96
120.89, 96
120.89, 96
120.89, 96
120.97, 96
120.97, 96
120.98, 96
120.98, 96
120.98, 96
121.17, 96
121.20, 96
121.20, 96
121.20, 96
121.20, 96
121.20, 96
121.20, 96
121.20, 96
121.21, 96
121.23, 96
121.23, 96
121.23, 96
121.23, 96
121.24, 96
121.25, 96
121.25, 96
121.25, 96
121.51, 96
121.82, 96
121.82, 96
121.82, 96
121.85, 96
121.85, 96
121.89, 96
121.89, 96
121.89, 96
121.94, 96
122.08, 96
122.08, 96
122.12, 96
122.12, 96
122.12, 96
122.12, 96
122.13, 96
122.13, 96
122.13, 96
122.13, 96
122.13, 96
122.14, 96
122.14, 96
122.19, 96
122.19, 96
122.20, 96
122.20, 96
122.21, 96
122.21, 96
122.21, 96
122.25, 96
122.26, 96
122.27, 96
122.27, 96
122.38, 96
122.38, 96
122.38, 96
122.39, 96
122.39, 96
122.39, 96
122.39, 96
122.40, 96
122.74, 96
122.74, 96
122.89, 96
122.89, 96
122.89, 96
122.89, 96
122.90, 96
122.90, 96
122.90, 96
122.90, 96
122.90, 96
122.91, 96
122.91, 96
123.18, 96
123.18, 96
123.19, 96
123.19, 96
123.19, 96
123.19, 96
123.19, 96
123.19, 96
123.20, 96
123.20, 96
123.20, 96
123.29, 96
123.29, 96
123.29, 96
123.36, 96
123.39, 96
123.40, 96
123.40, 96
123.40, 96
123.41, 96
123.41, 96
123.50, 96
123.52, 96
123.52, 96
123.52, 96
123.52, 96
123.53, 96
123.53, 96
123.53, 96
123.54, 96
123.56, 96
123.56, 96
123.56, 96
123.56, 96
123.58, 96
123.58, 96
123.59, 96
123.59, 96
123.59, 96
123.59, 96
123.67, 96
123.67, 96
123.72, 96
123.72, 96
123.73, 96
123.73, 96
123.73, 96
123.91, 96
123.96, 96
123.96, 96
124.11, 96
124.11, 96
124.11, 96
124.11, 96
124.33, 96
124.48, 96
124.49, 96
124.61, 96
124.62, 96
124.62, 96
124.62, 96
124.62, 96
124.79, 96
124.89, 96
125.02, 96
125.04, 96
125.16, 96
125.16, 96
125.16, 96
125.23, 96
125.23, 96
125.23, 96
125.23, 96
125.23, 96
125.24, 96
125.27, 96
125.27, 96
125.27, 96
125.27, 96
125.28, 96
125.28, 96
125.28, 96
125.32, 96
125.48, 96
125.48, 96
125.48, 96
125.49, 96
125.49, 96
125.51, 96
125.54, 96
125.54, 96
125.56, 96
125.56, 96
125.56, 96
125.56, 96
125.56, 96
125.56, 96
125.56, 96
125.56, 96
125.57, 96
125.57, 96
125.57, 96
125.57, 96
125.68, 96
125.68, 96
125.69, 96
125.69, 96
125.69, 96
125.71, 96
125.72, 96
125.72, 96
125.72, 96
125.72, 96
125.72, 96
125.72, 96
125.72, 96
125.78, 96
125.87, 96
125.87, 96
125.87, 96
125.88, 96
125.95, 96
125.96, 96
125.96, 96
125.97, 96
125.97, 96
125.97, 96
125.97, 96
125.97, 96
125.98, 96
125.98, 96
125.98, 96
125.99, 96
126.12, 96
126.37, 96
126.37, 96
126.37, 96
126.37, 96
126.37, 96
126.37, 96
126.44, 96
126.44, 96
126.45, 96
126.45, 96
126.62, 96
126.63, 96
126.63, 96
126.63, 96
126.63, 96
126.63, 96
126.68, 96
126.72, 96
126.72, 96
126.83, 96
126.84, 96
126.84, 96
126.84, 96
126.90, 96
126.90, 96
127.27, 96
127.27, 96
127.27, 96
127.27, 96
127.27, 96
127.28, 96
127.37, 96
127.56, 96
127.56, 96
127.73, 96
127.73, 96
127.73, 96
127.89, 96
127.97, 96
127.97, 96
128.01, 96
128.01, 96
128.17, 96
128.17, 96
128.17, 96
128.17, 96
128.17, 96
128.17, 96
128.18, 96
128.18, 96
128.18, 96
128.18, 96
128.19, 96
128.27, 96
128.27, 96
128.27, 96
128.27, 96
128.28, 96
128.30, 96
128.30, 96
128.30, 96
128.30, 96
128.30, 96
128.30, 96
128.30, 96
128.31, 96
128.31, 96
128.32, 96
128.32, 96
128.32, 96
128.36, 96
128.36, 96
128.37, 96
128.37, 96
128.37, 96
128.44, 96
128.45, 96
128.46, 96
128.47, 96
128.47, 96
128.48, 96
128.48, 96
128.48, 96
128.49, 96
128.50, 96
128.56, 96
128.56, 96
128.56, 96
128.56, 96
128.56, 96
128.56, 96
128.57, 96
128.66, 96
128.66, 96
128.66, 96
128.66, 96
128.72, 96
128.72, 96
128.72, 96
128.72, 96
128.72, 96
128.72, 96
128.72, 96
128.80, 96
128.81, 96
128.81, 96
128.87, 96
128.87, 96
128.87, 96
128.87, 96
128.88, 96
128.88, 96
128.88, 96
129.03, 96
129.03, 96
129.03, 96
129.03, 96
129.03, 96
129.03, 96
129.04, 96
129.25, 96
129.25, 96
129.52, 96
130.21, 96
130.21, 96
130.21, 96
130.21, 96
130.22, 96
130.22, 96
130.22, 96
130.22, 96
130.31, 96
130.32, 96
130.49, 96
130.49, 96
130.50, 96
130.51, 96
130.51, 96
130.69, 96
130.69, 96
130.69, 96
130.69, 96
130.69, 96
130.69, 96
130.69, 96
130.69, 96
130.70, 96
130.70, 96
130.70, 96
130.70, 96
130.71, 96
130.72, 96
130.72, 96
130.72, 96
130.85, 96
130.85, 96
130.85, 96
131.27, 96
131.28, 96
131.28, 96
131.28, 96
131.28, 96
131.28, 96
131.29, 96
131.29, 96
131.29, 96
131.29, 96
131.30, 96
131.30, 96
131.30, 96
131.30, 96
131.31, 96
131.31, 96
131.51, 96
131.51, 96
131.51, 96
131.52, 96
131.55, 96
131.55, 96
131.79, 96
131.79, 96
131.79, 96
131.91, 96
131.91, 96
131.92, 96
132.09, 96
132.10, 96
132.10, 96
132.10, 96
132.13, 96
132.13, 96
132.16, 96
132.16, 96
132.16, 96
132.16, 96
132.16, 96
132.17, 96
132.17, 96
132.17, 96
132.17, 96
132.17, 96
132.17, 96
132.18, 96
132.18, 96
132.21, 96
132.21, 96
132.22, 96
132.22, 96
132.22, 96
132.22, 96
132.22, 96
132.22, 96
132.22, 96
132.36, 96
132.36, 96
132.36, 96
132.37, 96
132.37, 96
132.54, 96
132.54, 96
132.54, 96
132.54, 96
132.54, 96
132.55, 96
132.55, 96
132.57, 96
132.57, 96
132.57, 96
132.57, 96
132.57, 96
132.58, 96
132.58, 96
132.62, 96
132.63, 96
132.63, 96
132.63, 96
132.63, 96
132.63, 96
132.63, 96
132.63, 96
132.64, 96
132.67, 96
132.68, 96
132.84, 96
132.84, 96
132.88, 96
132.93, 96
132.93, 96
132.93, 96
132.94, 96
132.94, 96
132.94, 96
133.15, 96
133.15, 96
133.32, 96
133.58, 96
133.72, 96
133.72, 96
133.72, 96
133.72, 96
134.07, 96
134.08, 96
134.08, 96
134.09, 96
134.13, 96
134.27, 96
134.27, 96
134.27, 96
134.27, 96
134.27, 96
134.27, 96
134.28, 96
134.53, 96
134.53, 96
134.54, 96
134.54, 96
134.54, 96
134.54, 96
134.78, 96
134.78, 96
134.80, 96
134.80, 96
134.80, 96
134.80, 96
134.81, 96
134.81, 96
134.84, 96
134.85, 96
134.85, 96
135.18, 96
135.18, 96
135.18, 96
135.20, 96
135.29, 96
135.29, 96
135.29, 96
135.29, 96
135.29, 96
135.51, 96
135.51, 96
135.51, 96
135.52, 96
135.52, 96
135.52, 96
135.52, 96
135.52, 96
135.52, 96
135.53, 96
135.53, 96
135.53, 96
135.55, 96
135.55, 96
135.56, 96
135.56, 96
135.56, 96
135.62, 96
135.62, 96
135.62, 96
135.62, 96
135.63, 96
135.63, 96
135.63, 96
135.64, 96
135.65, 96
135.79, 96
135.79, 96
135.80, 96
135.85, 96
135.85, 96
135.85, 96
135.86, 96
135.88, 96
135.88, 96
135.88, 96
135.88, 96
135.88, 96
136.04, 96
136.04, 96
136.04, 96
136.70, 96
136.73, 96
136.74, 96
136.82, 96
136.82, 96
136.82, 96
136.82, 96
136.83, 96
136.83, 96
136.83, 96
136.83, 96
136.83, 96
136.83, 96
136.84, 96
136.84, 96
136.84, 96
136.88, 96
136.88, 96
137.12, 96
137.14, 96
137.14, 96
137.15, 96
137.19, 96
137.19, 96
137.19, 96
137.20, 96
137.30, 96
137.52, 96
137.52, 96
137.52, 96
137.52, 96
137.52, 96
137.52, 96
137.53, 96
137.54, 96
137.54, 96
137.59, 96
137.59, 96
137.59, 96
137.59, 96
137.59, 96
137.59, 96
137.59, 96
137.59, 96
137.60, 96
137.60, 96
137.60, 96
137.60, 96
137.60, 96
137.65, 96
137.66, 96
137.67, 96
137.67, 96
137.67, 96
137.67, 96
137.67, 96
137.67, 96
137.67, 96
137.67, 96
137.71, 96
137.76, 96
137.76, 96
137.76, 96
137.76, 96
137.77, 96
137.77, 96
137.78, 96
137.78, 96
137.78, 96
137.78, 96
137.78, 96
137.78, 96
137.79, 96
137.81, 96
137.81, 96
137.81, 96
137.81, 96
138.07, 96
138.07, 96
138.07, 96
138.08, 96
138.08, 96
138.08, 96
138.08, 96
138.08, 96
138.08, 96
138.08, 96
138.08, 96
138.09, 96
138.09, 96
138.09, 96
138.09, 96
138.10, 96
138.16, 96
138.37, 96
138.41, 96
138.41, 96
138.43, 96
138.44, 96
138.44, 96
138.44, 96
138.50, 96
138.50, 96
138.76, 96
138.76, 96
138.76, 96
139.01, 96
139.01, 96
139.02, 96
139.05, 96
139.07, 96
139.07, 96
139.07, 96
139.07, 96
139.08, 96
139.08, 96
139.13, 96
139.13, 96
139.13, 96
139.39, 96
139.39, 96
139.39, 96
139.39, 96
139.40, 96
139.40, 96
139.40, 96
139.40, 96
139.63, 96
139.63, 96
139.64, 96
139.64, 96
139.64, 96
139.65, 96
139.65, 96
139.65, 96
139.65, 96
139.66, 96
139.66, 96
139.66, 96
139.67, 96
139.67, 96
139.72, 96
139.72, 96
139.73, 96
139.73, 96
139.91, 96
139.93, 96
139.93, 96
139.94, 96
139.94, 96
139.95, 96
139.95, 96
139.95, 96
139.95, 96
139.99, 96
140.00, 96
140.56, 96
140.56, 96
140.59, 96
140.59, 96
140.59, 96
140.59, 96
140.72, 96
140.72, 96
140.73, 96
140.73, 96
140.73, 96
140.73, 96
140.84, 96
140.85, 96
140.85, 96
140.85, 96
140.85, 96
140.85, 96
140.85, 96
140.86, 96
140.86, 96
140.86, 96
140.86, 96
141.25, 96
141.28, 96
141.28, 96
141.54, 96
141.54, 96
141.54, 96
141.54, 96
141.54, 96
141.55, 96
141.60, 96
141.60, 96
141.60, 96
141.60, 96
141.60, 96
141.61, 96
141.61, 96
141.62, 96
141.62, 96
141.62, 96
141.62, 96
141.62, 96
141.62, 96
141.62, 96
141.72, 96
141.72, 96
141.72, 96
141.72, 96
141.72, 96
141.72, 96
141.73, 96
141.73, 96
141.73, 96
141.73, 96
141.73, 96
142.02, 96
142.02, 96
142.03, 96
142.04, 96
142.08, 96
142.08, 96
142.08, 96
142.08, 96
142.08, 96
142.09, 96
142.09, 96
142.09, 96
142.09, 96
142.09, 96
142.10, 96
142.10, 96
142.10, 96
142.17, 96
142.17, 96
142.17, 96
142.17, 96
142.20, 96
142.44, 96
142.44, 96
142.44, 96
142.44, 96
142.44, 96
142.45, 96
142.45, 96
142.55, 96
142.59, 96
142.59, 96
142.59, 96
142.60, 96
142.60, 96
142.60, 96
142.61, 96
142.61, 96
142.61, 96
142.61, 96
142.61, 96
142.62, 96
142.84, 96
142.84, 96
142.99, 96
142.99, 96
142.99, 96
142.99, 96
142.99, 96
142.99, 96
142.99, 96
142.99, 96
142.99, 96
143.00, 96
143.00, 96
143.00, 96
143.00, 96
143.00, 96
143.00, 96
143.00, 96
143.01, 96
143.01, 96
143.02, 96
143.22, 96
143.22, 96
143.31, 96
143.31, 96
143.31, 96
143.34, 96
143.34, 96
143.35, 96
143.35, 96
143.35, 96
143.62, 96
143.63, 96
143.63, 96
143.63, 96
143.63, 96
143.63, 96
143.65, 96
143.65, 96
143.65, 96
143.65, 96
143.65, 96
143.66, 96
143.66, 96
143.67, 96
143.67, 96
143.78, 96
143.78, 96
143.79, 96
143.79, 96
143.90, 96
143.90, 96
143.91, 96
143.91, 96
143.92, 96
143.92, 96
144.00, 96
144.00, 96
144.12, 96
144.12, 96
144.12, 96
144.13, 96
144.13, 96
144.27, 96
144.28, 96
144.28, 96
144.28, 96
144.28, 96
144.28, 96
144.30, 96
144.30, 96
144.50, 96
144.50, 96
144.50, 96
144.50, 96
144.50, 96
144.51, 96
144.52, 96
144.57, 96
144.57, 96
144.57, 96
144.58, 96
144.59, 96
144.59, 96
144.59, 96
144.66, 96
144.68, 96
144.81, 96
144.81, 96
144.83, 96
144.83, 96
144.83, 96
144.83, 96
144.83, 96
144.83, 96
144.83, 96
144.84, 96
144.94, 96
144.96, 96
144.96, 96
144.97, 96
144.97, 96
144.97, 96
144.97, 96
144.97, 96
144.98, 96
144.98, 96
144.98, 96
144.98, 96
144.98, 96
145.00, 96
145.00, 96
145.00, 96
145.01, 96
145.01, 96
145.02, 96
145.02, 96
145.02, 96
145.21, 96
145.21, 96
145.21, 96
145.32, 96
145.32, 96
145.32, 96
145.32, 96
145.33, 96
145.33, 96
145.33, 96
145.33, 96
145.33, 96
145.34, 96
145.34, 96
145.38, 96
145.39, 96
145.39, 96
145.39, 96
145.39, 96
145.39, 96
145.51, 96
145.51, 96
145.52, 96
145.53, 96
145.53, 96
145.68, 96
145.68, 96
145.68, 96
145.68, 96
145.68, 96
145.68, 96
145.68, 96
145.68, 96
145.69, 96
145.69, 96
145.69, 96
145.69, 96
145.69, 96
145.69, 96
145.69, 96
145.69, 96
145.69, 96
145.70, 96
145.70, 96
145.71, 96
145.71, 96
145.71, 96
145.83, 96
145.83, 96
145.84, 96
145.86, 96
145.87, 96
145.87, 96
145.87, 96
145.87, 96
145.88, 96
145.88, 96
146.21, 96
146.21, 96
146.22, 96
146.22, 96
146.22, 96
146.25, 96
146.40, 96
146.53, 96
146.53, 96
146.53, 96
146.53, 96
146.54, 96
146.54, 96
146.57, 96
146.58, 96
146.58, 96
146.58, 96
146.58, 96
146.58, 96
146.58, 96
146.58, 96
146.65, 96
146.82, 96
146.83, 96
146.83, 96
146.84, 96
146.84, 96
147.05, 96
147.05, 96
147.05, 96
147.06, 96
147.14, 96
147.14, 96
147.14, 96
147.14, 96
147.14, 96
147.14, 96
147.15, 96
147.15, 96
147.15, 96
147.16, 96
147.16, 96
147.16, 96
147.18, 96
147.18, 96
147.18, 96
147.18, 96
147.18, 96
147.18, 96
147.19, 96
147.41, 96
147.41, 96
147.48, 96
147.48, 96
147.50, 96
147.51, 96
147.52, 96
147.52, 96
147.53, 96
147.53, 96
147.53, 96
147.72, 96
147.73, 96
147.73, 96
147.76, 96
147.78, 96
147.80, 96
147.81, 96
147.93, 96
147.93, 96
147.94, 96
147.94, 96
147.94, 96
147.94, 96
148.02, 96
148.02, 96
148.03, 96
148.03, 96
148.03, 96
148.03, 96
148.03, 96
148.03, 96
148.05, 96
148.05, 96
148.21, 96
148.21, 96
148.22, 96
148.22, 96
148.23, 96
148.25, 96
148.25, 96
148.25, 96
148.36, 96
148.36, 96
148.41, 96
148.41, 96
148.41, 96
148.67, 96
148.73, 96
148.73, 96
148.76, 96
149.09, 96
149.09, 96
149.09, 96
149.09, 96
149.09, 96
149.09, 96
149.10, 96
149.10, 96
149.10, 96
149.23, 96
149.23, 96
149.23, 96
149.23, 96
149.31, 96
149.31, 96
149.31, 96
149.33, 96
149.34, 96
149.38, 96
149.39, 96
149.39, 96
149.40, 96
149.40, 96
149.40, 96
149.40, 96
149.40, 96
149.41, 96
149.41, 96
149.41, 96
149.41, 96
149.41, 96
149.41, 96
149.41, 96
149.41, 96
149.60, 96
149.60, 96
149.72, 96
149.72, 96
149.72, 96
149.72, 96
149.72, 96
149.74, 96
149.75, 96
149.75, 96
149.81, 96
149.88, 96
150.11, 96
150.11, 96
150.11, 96
150.36, 96
150.36, 96
150.36, 96
150.37, 96
150.37, 96
150.37, 96
150.37, 96
150.37, 96
150.40, 96
150.40, 96
150.50, 96
150.50, 96
150.50, 96
150.50, 96
150.50, 96
150.51, 96
150.51, 96
150.52, 96
150.75, 96
150.75, 96
150.77, 96
150.77, 96
150.77, 96
150.77, 96
150.77, 96
150.97, 96
150.98, 96
150.98, 96
150.98, 96
151.03, 96
151.03, 96
151.05, 96
151.05, 96
151.45, 96
151.45, 96
151.45, 96
151.48, 96
151.51, 96
151.51, 96
151.51, 96
151.51, 96
151.53, 96
151.53, 96
151.53, 96
151.53, 96
151.53, 96
151.53, 96
151.72, 96
151.72, 96
151.72, 96
151.72, 96
151.72, 96
151.77, 96
151.77, 96
151.77, 96
151.78, 96
151.78, 96
151.80, 96
151.93, 96
151.93, 96
151.93, 96
151.94, 96
151.94, 96
152.30, 96
152.30, 96
152.47, 96
152.47, 96
152.47, 96
152.47, 96
152.53, 96
152.53, 96
152.53, 96
152.53, 96
152.55, 96
152.55, 96
152.55, 96
152.56, 96
152.56, 96
152.56, 96
152.56, 96
152.56, 96
152.56, 96
152.57, 96
152.57, 96
152.57, 96
152.57, 96
152.57, 96
152.57, 96
152.57, 96
152.58, 96
152.83, 96
152.83, 96
152.83, 96
152.83, 96
152.84, 96
152.84, 96
152.92, 96
152.92, 96
152.92, 96
152.92, 96
152.93, 96
152.93, 96
152.93, 96
152.93, 96
152.93, 96
153.25, 96
153.25, 96
153.25, 96
153.26, 96
153.27, 96
153.27, 96
153.27, 96
153.50, 96
153.50, 96
153.50, 96
153.52, 96
153.53, 96
153.53, 96
153.54, 96
153.54, 96
153.54, 96
153.54, 96
153.69, 96
153.69, 96
153.69, 96
153.69, 96
153.69, 96
153.71, 96
153.72, 96
153.72, 96
153.72, 96
153.72, 96
153.72, 96
153.72, 96
153.73, 96
153.73, 96
153.73, 96
153.92, 96
154.01, 96
154.02, 96
154.02, 96
154.03, 96
154.03, 96
154.35, 96
154.35, 96
154.36, 96
154.36, 96
154.36, 96
154.36, 96
154.37, 96
154.38, 96
154.38, 96
154.38, 96
154.39, 96
154.40, 96
154.40, 96
154.41, 96
154.41, 96
154.41, 96
154.45, 96
154.62, 96
154.63, 96
154.63, 96
154.94, 96
154.94, 96
154.94, 96
154.95, 96
154.96, 96
154.96, 96
154.96, 96
154.96, 96
154.96, 96
154.96, 96
154.96, 96
154.97, 96
154.97, 96
154.97, 96
154.97, 96
154.98, 96
154.98, 96
155.00, 96
155.00, 96
155.01, 96
155.01, 96
155.01, 96
155.02, 96
155.02, 96
155.02, 96
155.02, 96
155.02, 96
155.02, 96
155.02, 96
155.02, 96
155.02, 96
155.07, 96
155.07, 96
155.38, 96
155.54, 96
155.54, 96
155.54, 96
155.65, 96
155.66, 96
155.66, 96
155.66, 96
155.68, 96
155.68, 96
155.68, 96
155.71, 96
155.71, 96
155.71, 96
155.76, 96
155.76, 96
155.76, 96
155.76, 96
155.76, 96
155.76, 96
155.76, 96
155.77, 96
155.77, 96
155.81, 96
155.81, 96
155.81, 96
155.81, 96
155.81, 96
155.82, 96
155.82, 96
155.83, 96
155.87, 96
155.87, 96
156.27, 96
156.27, 96
156.27, 96
156.27, 96
156.35, 96
156.36, 96
156.37, 96
156.43, 96
156.43, 96
156.73, 96
156.73, 96
156.73, 96
156.74, 96
156.74, 96
156.74, 96
156.74, 96
156.74, 96
156.74, 96
156.74, 96
156.74, 96
156.78, 96
156.79, 96
156.80, 96
156.80, 96
156.80, 96
156.80, 96
156.80, 96
156.80, 96
157.17, 96
157.19, 96
157.19, 96
157.19, 96
157.20, 96
157.20, 96
157.20, 96
157.23, 96
157.24, 96
157.26, 96
157.26, 96
157.35, 96
157.35, 96
157.35, 96
157.35, 96
157.36, 96
157.36, 96
157.36, 96
157.36, 96
157.36, 96
157.38, 96
157.38, 96
157.38, 96
157.54, 96
157.83, 96
157.83, 96
157.85, 96
157.85, 96
157.85, 96
158.15, 96
158.15, 96
158.26, 96
158.26, 96
158.26, 96
158.35, 96
158.35, 96
158.35, 96
158.37, 96
158.44, 96
158.45, 96
158.46, 96
158.46, 96
158.46, 96
158.46, 96
158.51, 96
158.51, 96
158.53, 96
158.54, 96
158.54, 96
158.54, 96
158.61, 96
158.61, 96
158.61, 96
158.62, 96
158.62, 96
158.63, 96
158.71, 96
158.71, 96
159.09, 96
159.09, 96
159.09, 96
159.09, 96
159.09, 96
159.09, 96
159.09, 96
159.10, 96
159.10, 96
159.11, 96
159.16, 96
159.16, 96
159.18, 96
159.24, 96
159.24, 96
159.25, 96
159.25, 96
159.26, 96
159.26, 96
159.27, 96
159.42, 96
159.63, 96
159.68, 96
159.69, 96
159.69, 96
159.69, 96
159.69, 96
159.81, 96
159.81, 96
159.81, 96
159.81, 96
159.81, 96
160.08, 96
160.08, 96
160.08, 96
160.08, 96
160.08, 96
160.09, 96
160.39, 96
160.39, 96
160.39, 96
160.39, 96
160.39, 96
160.39, 96
160.39, 96
160.40, 96
160.40, 96
160.40, 96
160.43, 96
160.43, 96
160.43, 96
160.43, 96
160.43, 96
160.43, 96
160.43, 96
160.43, 96
160.43, 96
160.45, 96
160.45, 96
160.46, 96
160.46, 96
160.46, 96
160.46, 96
160.46, 96
160.46, 96
160.46, 96
160.46, 96
160.47, 96
160.47, 96
160.47, 96
160.47, 96
160.47, 96
160.47, 96
160.47, 96
160.47, 96
160.49, 96
160.60, 96
160.60, 96
160.60, 96
160.62, 96
160.62, 96
160.62, 96
160.79, 96
160.79, 96
160.79, 96
160.82, 96
160.83, 96
160.83, 96
161.00, 96
161.15, 96
161.15, 96
161.15, 96
161.15, 96
161.16, 96
161.16, 96
161.16, 96
161.43, 96
161.45, 96
161.45, 96
161.45, 96
161.45, 96
161.45, 96
161.48, 96
161.48, 96
161.48, 96
161.49, 96
161.49, 96
161.49, 96
161.49, 96
161.50, 96
161.57, 96
161.57, 96
161.57, 96
161.58, 96
161.58, 96
161.58, 96
161.58, 96
161.58, 96
161.76, 96
161.76, 96
162.18, 96
162.18, 96
162.18, 96
162.19, 96
162.19, 96
162.20, 96
162.30, 96
162.30, 96
162.31, 96
162.31, 96
162.31, 96
162.31, 96
162.31, 96
162.31, 96
162.33, 96
162.33, 96
162.33, 96
162.41, 96
162.41, 96
162.41, 96
162.41, 96
162.41, 96
162.56, 96
162.57, 96
162.57, 96
162.57, 96
162.58, 96
162.59, 96
162.60, 96
163.49, 96
163.49, 96
163.49, 96
163.60, 96
163.60, 96
163.61, 96
163.61, 96
163.63, 96
164.12, 96
164.15, 96
164.15, 96
164.15, 96
164.16, 96
164.17, 96
164.17, 96
164.17, 96
164.17, 96
164.17, 96
164.36, 96
164.36, 96
164.36, 96
164.36, 96
164.36, 96
164.37, 96
164.37, 96
164.37, 96
164.84, 96
164.84, 96
165.13, 96
165.34, 96
165.35, 96
165.35, 96
165.35, 96
165.36, 96
165.36, 96
165.36, 96
165.36, 96
165.37, 96
165.45, 96
165.45, 96
165.45, 96
165.46, 96
165.46, 96
165.46, 96
165.48, 96
165.48, 96
165.49, 96
165.49, 96
165.49, 96
165.49, 96
165.49, 96
165.49, 96
165.82, 96
165.82, 96
165.84, 96
165.85, 96
165.85, 96
165.85, 96
165.85, 96
165.85, 96
165.88, 96
165.89, 96
165.89, 96
165.89, 96
165.89, 96
165.89, 96
165.90, 96
165.90, 96
165.90, 96
165.96, 96
165.96, 96
165.96, 96
165.96, 96
165.96, 96
165.96, 96
165.96, 96
165.96, 96
165.96, 96
165.97, 96
165.97, 96
165.97, 96
165.97, 96
165.97, 96
165.97, 96
166.14, 96
166.62, 96
166.62, 96
166.62, 96
166.63, 96
166.63, 96
166.63, 96
166.64, 96
166.74, 96
166.74, 96
166.74, 96
166.75, 96
166.75, 96
166.75, 96
166.75, 96
166.75, 96
166.75, 96
166.76, 96
166.77, 96
166.77, 96
166.82, 96
166.90, 96
166.90, 96
166.90, 96
166.90, 96
166.92, 96
166.92, 96
166.92, 96
166.96, 96
166.97, 96
166.97, 96
166.98, 96
166.98, 96
166.98, 96
166.99, 96
167.06, 96
167.07, 96
167.07, 96
167.28, 96
167.28, 96
167.31, 96
167.31, 96
167.36, 96
167.37, 96
167.37, 96
167.37, 96
167.37, 96
167.37, 96
167.37, 96
167.37, 96
167.37, 96
167.37, 96
167.37, 96
167.48, 96
167.48, 96
167.61, 96
167.61, 96
167.61, 96
167.78, 96
167.81, 96
167.81, 96
167.82, 96
167.82, 96
167.82, 96
167.82, 96
167.82, 96
167.82, 96
167.82, 96
167.83, 96
167.83, 96
167.83, 96
167.90, 96
167.90, 96
167.92, 96
167.92, 96
167.96, 96
167.96, 96
167.96, 96
167.98, 96
167.98, 96
167.98, 96
167.99, 96
167.99, 96
167.99, 96
167.99, 96
167.99, 96
167.99, 96
167.99, 96
168.00, 96
168.24, 96
168.26, 96
168.26, 96
168.27, 96
168.29, 96
168.29, 96
168.29, 96
168.30, 96
168.32, 96
168.35, 96
168.36, 96
168.36, 96
168.36, 96
168.37, 96
168.37, 96
168.37, 96
168.38, 96
168.55, 96
168.55, 96
168.56, 96
168.56, 96
168.57, 96
168.57, 96
168.57, 96
168.57, 96
168.58, 96
168.59, 96
168.59, 96
168.59, 96
168.61, 96
168.62, 96
168.69, 96
168.70, 96
168.70, 96
168.70, 96
168.70, 96
168.71, 96
168.71, 96
168.72, 96
168.74, 96
168.74, 96
168.82, 96
168.82, 96
168.82, 96
168.86, 96
168.86, 96
168.86, 96
168.86, 96
168.86, 96
168.87, 96
168.87, 96
168.97, 96
168.98, 96
168.98, 96
168.99, 96
168.99, 96
168.99, 96
169.42, 96
169.57, 96
169.59, 96
169.60, 96
169.62, 96
169.63, 96
169.73, 96
169.73, 96
169.73, 96
169.73, 96
169.73, 96
169.73, 96
169.91, 96
169.91, 96
170.16, 96
170.31, 96
170.32, 96
170.32, 96
170.32, 96
170.34, 96
170.35, 96
170.36, 96
170.36, 96
170.36, 96
170.36, 96
170.36, 96
170.36, 96
170.36, 96
170.36, 96
170.36, 96
170.37, 96
170.42, 96
170.73, 96
170.77, 96
170.79, 96
170.79, 96
170.81, 96
170.81, 96
170.92, 96
170.92, 96
170.92, 96
170.93, 96
170.93, 96
170.93, 96
170.94, 96
170.94, 96
170.94, 96
170.94, 96
170.94, 96
170.94, 96
170.94, 96
170.95, 96
171.06, 96
171.09, 96
171.10, 96
171.10, 96
171.10, 96
171.10, 96
171.10, 96
171.10, 96
171.10, 96
171.11, 96
171.11, 96
171.12, 96
171.12, 96
171.17, 96
171.17, 96
171.32, 96
171.32, 96
171.44, 96
171.45, 96
171.45, 96
171.45, 96
171.45, 96
171.45, 96
171.45, 96
171.50, 96
171.51, 96
171.51, 96
171.51, 96
171.51, 96
171.63, 96
171.65, 96
171.75, 96
171.80, 96
171.80, 96
171.80, 96
171.82, 96
171.83, 96
171.83, 96
171.83, 96
171.83, 96
171.84, 96
171.85, 96
171.95, 96
171.95, 96
171.96, 96
171.96, 96
171.96, 96
172.06, 96
172.07, 96
172.07, 96
172.08, 96
172.09, 96
172.09, 96
172.09, 96
172.23, 96
172.26, 96
172.34, 96
172.34, 96
172.34, 96
172.60, 96
172.60, 96
172.65, 96
172.65, 96
172.65, 96
172.67, 96
172.69, 96
172.69, 96
172.69, 96
172.85, 96
172.86, 96
172.86, 96
172.95, 96
172.95, 96
172.96, 96
172.99, 96
173.00, 96
173.00, 96
173.00, 96
173.02, 96
173.02, 96
173.02, 96
173.02, 96
173.34, 96
173.35, 96
173.35, 96
173.38, 96
173.38, 96
173.38, 96
173.45, 96
173.45, 96
173.60, 96
173.60, 96
173.60, 96
173.78, 96
173.79, 96
173.82, 96
173.82, 96
173.82, 96
173.82, 96
173.83, 96
173.83, 96
173.83, 96
173.84, 96
173.84, 96
173.84, 96
173.84, 96
173.85, 96
173.85, 96
173.85, 96
173.85, 96
173.86, 96
173.95, 96
173.95, 96
174.06, 96
174.08, 96
174.09, 96
174.09, 96
174.11, 96
174.11, 96
174.11, 96
174.11, 96
174.14, 96
174.14, 96
174.14, 96
174.16, 96
174.16, 96
174.16, 96
174.16, 96
174.17, 96
174.17, 96
174.17, 96
174.17, 96
174.18, 96
174.18, 96
174.18, 96
174.19, 96
174.19, 96
174.19, 96
174.19, 96
174.19, 96
174.19, 96
174.19, 96
174.19, 96
174.20, 96
174.21, 96
174.25, 96
174.25, 96
174.25, 96
174.26, 96
174.26, 96
174.26, 96
174.26, 96
174.26, 96
174.26, 96
174.26, 96
174.27, 96
174.28, 96
174.28, 96
174.28, 96
174.28, 96
174.29, 96
174.29, 96
174.29, 96
174.29, 96
174.29, 96
174.30, 96
174.30, 96
174.32, 96
174.41, 96
174.41, 96
174.41, 96
174.56, 96
174.58, 96
174.58, 96
174.58, 96
174.58, 96
174.58, 96
174.58, 96
174.58, 96
174.63, 96
174.63, 96
174.64, 96
174.64, 96
174.64, 96
174.64, 96
174.64, 96
174.65, 96
174.66, 96
174.66, 96
174.66, 96
174.67, 96
174.70, 96
174.70, 96
174.72, 96
174.72, 96
174.72, 96
174.73, 96
174.73, 96
174.74, 96
174.74, 96
174.74, 96
174.75, 96
174.75, 96
174.75, 96
174.75, 96
174.75, 96
174.91, 96
174.92, 96
175.07, 96
175.14, 96
175.15, 96
175.21, 96
175.22, 96
175.22, 96
175.22, 96
175.22, 96
175.22, 96
175.22, 96
175.22, 96
175.23, 96
175.23, 96
175.23, 96
175.23, 96
175.31, 96
175.31, 96
175.32, 96
175.36, 96
175.42, 96
175.58, 96
175.59, 96
175.59, 96
175.59, 96
175.61, 96
175.61, 96
175.62, 96
175.62, 96
175.63, 96
176.04, 96
176.04, 96
176.10, 96
176.73, 96
176.74, 96
176.74, 96
176.74, 96
176.74, 96
177.02, 96
177.02, 96
177.02, 96
177.02, 96
177.02, 96
177.05, 96
177.05, 96
177.05, 96
177.17, 96
177.28, 96
177.49, 96
177.49, 96
177.49, 96
177.64, 96
177.64, 96
177.66, 96
177.74, 96
177.74, 96
177.74, 96
177.74, 96
177.82, 96
177.82, 96
177.82, 96
177.82, 96
178.36, 96
178.36, 96
178.38, 96
178.40, 96
178.40, 96
178.41, 96
178.41, 96
178.41, 96
178.41, 96
178.41, 96
178.41, 96
178.62, 96
178.63, 96
178.63, 96
178.63, 96
178.63, 96
178.63, 96
178.64, 96
178.64, 96
178.64, 96
178.65, 96
178.83, 96
178.85, 96
178.85, 96
178.86, 96
178.98, 96
178.98, 96
179.19, 96
179.19, 96
179.19, 96
179.19, 96
179.20, 96
179.20, 96
179.20, 96
179.20, 96
179.20, 96
179.21, 96
179.21, 96
179.21, 96
179.36, 96
179.37, 96
179.37, 96
179.37, 96
179.37, 96
179.38, 96
179.38, 96
179.38, 96
179.38, 96
179.38, 96
179.40, 96
179.44, 96
179.44, 96
179.44, 96
179.44, 96
179.44, 96
179.44, 96
179.47, 96
179.47, 96
179.47, 96
179.47, 96
179.61, 96
179.61, 96
179.61, 96
179.61, 96
179.61, 96
179.62, 96
179.62, 96
179.62, 96
179.62, 96
179.62, 96
179.67, 96
179.67, 96
179.67, 96
179.81, 96
179.81, 96
179.95, 96
179.95, 96
179.95, 96
179.95, 96
179.98, 96
179.98, 96
179.98, 96
179.98, 96
179.99, 96
179.99, 96
179.99, 96
179.99, 96
179.99, 96
179.99, 96
179.99, 96
179.99, 96
179.99, 96
179.99, 96
180.00, 96
180.01, 96
180.01, 96
180.02, 96
180.02, 96
180.23, 96
180.24, 96
180.33, 96
180.40, 96
180.47, 96
180.47, 96
180.48, 96
180.48, 96
180.58, 96
180.61, 96
180.61, 96
180.61, 96
180.61, 96
180.61, 96
180.61, 96
180.62, 96
180.66, 96
180.66, 96
180.66, 96
181.12, 96
181.45, 96
181.45, 96
181.45, 96
181.45, 96
181.60, 96
181.60, 96
181.60, 96
181.60, 96
181.60, 96
181.73, 96
181.85, 96
181.85, 96
181.85, 96
181.85, 96
182.13, 96
182.13, 96
182.13, 96
182.20, 96
182.20, 96
182.21, 96
182.21, 96
182.21, 96
182.21, 96
182.34, 96
182.34, 96
182.34, 96
182.35, 96
182.35, 96
182.35, 96
182.35, 96
182.38, 96
182.38, 96
182.39, 96
182.39, 96
182.39, 96
182.39, 96
182.39, 96
182.39, 96
182.39, 96
182.42, 96
182.55, 96
182.55, 96
182.55, 96
182.55, 96
182.55, 96
182.56, 96
182.56, 96
182.56, 96
182.56, 96
182.56, 96
182.59, 96
182.67, 96
182.86, 96
182.86, 96
182.86, 96
182.86, 96
182.88, 96
182.88, 96
182.92, 96
183.07, 96
183.15, 96
183.15, 96
183.15, 96
183.15, 96
183.24, 96
183.35, 96
183.71, 96
183.91, 96
183.95, 96
183.97, 96
183.97, 96
184.12, 96
184.12, 96
184.12, 96
184.12, 96
184.17, 96
184.18, 96
184.18, 96
184.18, 96
184.19, 96
184.19, 96
184.19, 96
184.19, 96
184.19, 96
184.26, 96
184.26, 96
184.26, 96
184.26, 96
184.27, 96
184.27, 96
184.28, 96
184.28, 96
184.28, 96
184.28, 96
184.28, 96
184.28, 96
184.28, 96
184.28, 96
184.29, 96
184.43, 96
184.43, 96
184.44, 96
184.59, 96
184.59, 96
184.59, 96
184.59, 96
184.60, 96
184.83, 96
184.83, 96
184.84, 96
184.84, 96
184.84, 96
184.84, 96
184.84, 96
184.85, 96
184.86, 96
184.86, 96
184.86, 96
184.90, 96
184.90, 96
184.90, 96
184.90, 96
184.90, 96
184.98, 96
184.99, 96
184.99, 96
184.99, 96
184.99, 96
185.01, 96
185.01, 96
185.01, 96
185.05, 96
185.05, 96
185.05, 96
185.05, 96
185.05, 96
185.05, 96
185.07, 96
185.09, 96
185.09, 96
185.09, 96
185.09, 96
185.10, 96
185.11, 96
185.25, 96
185.25, 96
185.26, 96
185.26, 96
185.27, 96
185.27, 96
185.27, 96
185.27, 96
185.35, 96
185.35, 96
185.35, 96
185.35, 96
185.79, 96
185.79, 96
185.79, 96
185.79, 96
185.80, 96
185.80, 96
185.80, 96
185.80, 96
185.80, 96
185.80, 96
185.80, 96
185.82, 96
185.87, 96
185.88, 96
185.88, 96
185.88, 96
185.88, 96
185.98, 96
185.98, 96
185.98, 96
185.98, 96
185.98, 96
185.98, 96
186.11, 96
186.11, 96
186.12, 96
186.12, 96
186.52, 96
186.52, 96
186.53, 96
186.53, 96
186.53, 96
186.53, 96
186.78, 96
186.81, 96
186.81, 96
186.82, 96
186.82, 96
186.82, 96
186.83, 96
186.83, 96
186.83, 96
186.91, 96
187.05, 96
187.06, 96
187.15, 96
187.22, 96
187.33, 96
187.34, 96
187.34, 96
187.41, 96
187.41, 96
187.41, 96
187.41, 96
187.56, 96
187.56, 96
187.56, 96
187.61, 96
187.61, 96
187.61, 96
187.61, 96
187.62, 96
187.62, 96
187.62, 96
187.70, 96
187.71, 96
187.71, 96
187.71, 96
187.72, 96
187.73, 96
187.74, 96
187.74, 96
187.75, 96
187.75, 96
187.88, 96
187.88, 96
187.88, 96
187.88, 96
187.88, 96
187.88, 96
187.88, 96
187.88, 96
187.89, 96
187.89, 96
187.89, 96
187.89, 96
188.31, 96
188.47, 96
188.47, 96
188.47, 96
188.47, 96
188.47, 96
188.56, 96
188.56, 96
188.56, 96
188.57, 96
188.57, 96
188.57, 96
188.57, 96
188.57, 96
188.57, 96
188.57, 96
188.57, 96
188.89, 96
188.90, 96
188.90, 96
188.91, 96
188.92, 96
188.92, 96
188.92, 96
188.92, 96
188.92, 96
188.92, 96
189.20, 96
189.20, 96
189.24, 96
189.24, 96
189.24, 96
189.24, 96
189.31, 96
189.31, 96
189.31, 96
189.32, 96
189.32, 96
189.33, 96
189.33, 96
189.33, 96
189.35, 96
189.44, 96
189.45, 96
189.45, 96
189.45, 96
189.46, 96
189.46, 96
189.46, 96
189.46, 96
189.46, 96
189.47, 96
189.47, 96
189.51, 96
189.51, 96
189.51, 96
189.51, 96
189.67, 96
189.67, 96
189.67, 96
189.67, 96
189.71, 96
189.71, 96
189.71, 96
189.71, 96
189.71, 96
189.71, 96
189.94, 96
189.94, 96
190.08, 96
190.08, 96
190.08, 96
190.09, 96
190.09, 96
190.09, 96
190.09, 96
190.10, 96
190.10, 96
190.10, 96
190.10, 96
190.10, 96
190.11, 96
190.17, 96
190.18, 96
190.19, 96
190.19, 96
190.19, 96
190.21, 96
190.21, 96
190.21, 96
190.22, 96
190.22, 96
190.22, 96
190.34, 96
190.34, 96
190.35, 96
190.39, 96
190.39, 96
190.39, 96
190.39, 96
190.53, 96
190.71, 96
190.71, 96
190.71, 96
190.85, 96
190.86, 96
190.86, 96
190.86, 96
191.14, 96
191.23, 96
191.23, 96
191.39, 96
191.60, 96
191.60, 96
191.60, 96
191.60, 96
191.61, 96
191.64, 96
191.64, 96
191.65, 96
191.74, 96
191.75, 96
191.75, 96
191.75, 96
191.75, 96
192.00, 96
192.00, 96
192.01, 96
192.01, 96
192.01, 96
192.01, 96
192.02, 96
192.02, 96
192.02, 96
192.03, 96
192.04, 96
192.05, 96
192.42, 96
192.58, 96
192.58, 96
192.58, 96
192.58, 96
192.58, 96
192.58, 96
192.58, 96
192.59, 96
192.59, 96
192.59, 96
192.59, 96
192.72, 96
192.72, 96
192.72, 96
192.72, 96
192.72, 96
192.72, 96
192.75, 96
192.76, 96
193.08, 96
193.09, 96
193.09, 96
193.09, 96
193.27, 96
193.28, 96
193.28, 96
193.28, 96
193.28, 96
193.28, 96
193.45, 96
193.46, 96
193.46, 96
193.47, 96
193.47, 96
193.55, 96
193.55, 96
193.55, 96
193.55, 96
193.56, 96
193.56, 96
193.56, 96
193.61, 96
193.61, 96
193.66, 96
193.66, 96
193.69, 96
193.69, 96
193.69, 96
193.69, 96
193.69, 96
193.69, 96
193.69, 96
193.70, 96
193.70, 96
193.70, 96
193.70, 96
193.70, 96
193.70, 96
193.70, 96
193.70, 96
193.71, 96
193.71, 96
193.74, 96
193.75, 96
193.80, 96
193.80, 96
193.82, 96
193.83, 96
193.84, 96
193.84, 96
193.86, 96
193.98, 96
193.98, 96
193.98, 96
193.98, 96
193.98, 96
193.99, 96
193.99, 96
193.99, 96
193.99, 96
193.99, 96
193.99, 96
193.99, 96
193.99, 96
194.00, 96
194.00, 96
194.08, 96
194.09, 96
194.19, 96
194.19, 96
194.20, 96
194.31, 96
194.32, 96
194.32, 96
194.32, 96
194.33, 96
194.33, 96
194.33, 96
194.34, 96
194.35, 96
194.36, 96
194.36, 96
194.36, 96
194.36, 96
194.51, 96
194.66, 96
194.66, 96
194.66, 96
194.66, 96
194.66, 96
194.66, 96
194.66, 96
194.67, 96
194.74, 96
194.74, 96
194.74, 96
194.75, 96
194.75, 96
194.83, 96
194.83, 96
194.83, 96
194.90, 96
194.90, 96
194.90, 96
194.90, 96
194.90, 96
194.90, 96
194.90, 96
194.90, 96
194.91, 96
194.91, 96
194.93, 96
194.93, 96
195.23, 96
195.24, 96
195.24, 96
195.24, 96
195.24, 96
195.27, 96
195.37, 96
195.37, 96
195.38, 96
195.59, 96
195.65, 96
195.65, 96
195.65, 96
195.65, 96
195.66, 96
195.92, 96
195.92, 96
195.92, 96
195.92, 96
195.93, 96
195.93, 96
195.93, 96
195.93, 96
195.93, 96
195.93, 96
195.93, 96
195.93, 96
195.94, 96
195.94, 96
195.95, 96
195.95, 96
195.96, 96
196.09, 96
196.10, 96
196.10, 96
196.10, 96
196.14, 96
196.19, 96
196.19, 96
196.22, 96
196.22, 96
196.22, 96
196.48, 96
196.48, 96
196.49, 96
196.50, 96
196.59, 96
196.59, 96
196.60, 96
196.61, 96
196.61, 96
196.61, 96
196.61, 96
196.61, 96
196.62, 96
196.62, 96
196.62, 96
196.62, 96
196.62, 96
196.63, 96
196.64, 96
196.76, 96
196.78, 96
196.79, 96
196.79, 96
196.79, 96
196.79, 96
196.79, 96
196.79, 96
196.88, 96
196.88, 96
196.94, 96
197.02, 96
197.03, 96
197.12, 96
197.16, 96
197.16, 96
197.16, 96
197.17, 96
197.17, 96
197.33, 96
197.33, 96
197.33, 96
197.33, 96
197.34, 96
197.34, 96
197.34, 96
197.62, 96
197.66, 96
197.67, 96
197.75, 96
197.77, 96
197.77, 96
198.13, 96
198.14, 96
198.15, 96
198.15, 96
198.16, 96
198.16, 96
198.35, 96
198.35, 96
198.35, 96
198.35, 96
198.35, 96
198.35, 96
198.35, 96
198.40, 96
198.40, 96
198.56, 96
198.66, 96
198.66, 96
198.66, 96
198.68, 96
198.69, 96
199.02, 96
199.02, 96
199.14, 96
199.14, 96
199.14, 96
199.15, 96
199.15, 96
199.15, 96
199.17, 96
199.17, 96
199.21, 96
199.36, 96
199.54, 96
199.54, 96
199.54, 96
199.56, 96
199.56, 96
199.56, 96
199.56, 96
199.56, 96
199.56, 96
199.57, 96
199.57, 96
199.57, 96
199.58, 96
199.58, 96
199.58, 96
199.59, 96
199.74, 96
199.83, 96
199.87, 96
199.87, 96
199.87, 96
199.87, 96
199.87, 96
199.87, 96
199.88, 96
200.08, 96
200.08, 96
200.09, 96
200.13, 96
200.13, 96
200.13, 96
200.14, 96
200.14, 96
200.14, 96
200.14, 96
200.14, 96
200.14, 96
200.14, 96
200.15, 96
200.34, 96
200.34, 96
200.35, 96
200.35, 96
200.35, 96
200.36, 96
200.37, 96
200.37, 96
200.37, 96
200.44, 96
200.47, 96
200.59, 96
200.60, 96
200.60, 96
200.65, 96
200.65, 96
200.65, 96
200.86, 96
200.88, 96
200.88, 96
200.89, 96
200.89, 96
200.89, 96
200.89, 96
200.89, 96
200.91, 96
200.91, 96
200.97, 96
200.98, 96
200.98, 96
200.98, 96
200.98, 96
200.98, 96
200.99, 96
200.99, 96
200.99, 96
201.01, 96
201.01, 96
201.03, 96
201.03, 96
201.06, 96
201.06, 96
201.06, 96
201.06, 96
201.07, 96
201.07, 96
201.07, 96
201.10, 96
201.10, 96
201.10, 96
201.11, 96
201.11, 96
201.11, 96
201.11, 96
201.11, 96
201.12, 96
201.12, 96
201.12, 96
201.12, 96
201.12, 96
201.13, 96
201.14, 96
201.14, 96
201.15, 96
201.18, 96
201.18, 96
201.18, 96
201.18, 96
201.18, 96
201.18, 96
201.18, 96
201.56, 96
201.84, 96
201.84, 96
201.85, 96
201.85, 96
201.85, 96
201.85, 96
201.85, 96
201.89, 96
201.89, 96
201.89, 96
201.89, 96
201.89, 96
202.02, 96
202.02, 96
202.02, 96
202.07, 96
202.44, 96
202.44, 96
202.44, 96
202.44, 96
202.44, 96
202.44, 96
202.44, 96
202.46, 96
202.47, 96
202.47, 96
202.47, 96
202.47, 96
202.47, 96
202.47, 96
202.48, 96
202.60, 96
202.60, 96
202.61, 96
202.61, 96
202.61, 96
202.61, 96
202.62, 96
202.62, 96
202.62, 96
202.62, 96
202.62, 96
202.62, 96
202.68, 96
202.68, 96
202.69, 96
202.69, 96
202.69, 96
202.69, 96
202.76, 96
202.76, 96
202.76, 96
202.77, 96
202.77, 96
202.77, 96
202.77, 96
202.78, 96
202.78, 96
202.79, 96
202.81, 96
202.84, 96
202.84, 96
203.01, 96
203.10, 96
203.11, 96
203.54, 96
203.54, 96
203.54, 96
203.54, 96
203.55, 96
203.55, 96
203.55, 96
203.55, 96
203.55, 96
203.55, 96
203.86, 96
203.86, 96
203.87, 96
203.87, 96
203.87, 96
203.87, 96
203.87, 96
203.87, 96
203.89, 96
203.89, 96
203.90, 96
203.97, 96
203.97, 96
203.97, 96
203.99, 96
203.99, 96
203.99, 96
203.99, 96
203.99, 96
204.01, 96
204.01, 96
204.01, 96
204.01, 96
204.02, 96
204.16, 96
204.26, 96
204.26, 96
204.39, 96
204.59, 96
204.60, 96
204.60, 96
204.65, 96
204.68, 96
204.68, 96
204.68, 96
204.68, 96
204.69, 96
204.69, 96
204.96, 96
204.97, 96
204.97, 96
204.97, 96
204.97, 96
204.98, 96
204.99, 96
204.99, 96
205.04, 96
205.04, 96
205.05, 96
205.27, 96
205.28, 96
205.28, 96
205.28, 96
205.28, 96
205.28, 96
205.53, 96
205.55, 96
205.55, 96
205.55, 96
205.55, 96
205.55, 96
205.55, 96
205.56, 96
205.57, 96
205.57, 96
205.57, 96
205.69, 96
205.70, 96
205.70, 96
205.70, 96
205.70, 96
205.70, 96
205.70, 96
205.71, 96
206.18, 96
206.18, 96
206.18, 96
206.18, 96
206.19, 96
206.19, 96
206.30, 96
206.30, 96
206.31, 96
206.31, 96
206.31, 96
206.37, 96
206.38, 96
206.38, 96
206.40, 96
206.40, 96
206.40, 96
206.40, 96
206.40, 96
206.40, 96
206.40, 96
206.41, 96
206.41, 96
206.41, 96
206.41, 96
206.41, 96
206.41, 96
206.41, 96
206.63, 96
206.63, 96
206.94, 96
207.10, 96
207.10, 96
207.10, 96
207.10, 96
207.10, 96
207.10, 96
207.11, 96
207.11, 96
207.11, 96
207.11, 96
207.11, 96
207.11, 96
207.11, 96
207.11, 96
207.12, 96
207.12, 96
207.12, 96
207.12, 96
207.35, 96
207.41, 96
207.58, 96
207.60, 96
207.60, 96
207.61, 96
207.61, 96
207.85, 96
207.85, 96
207.86, 96
207.86, 96
207.86, 96
207.86, 96
207.86, 96
207.86, 96
207.86, 96
207.90, 96
207.92, 96
207.92, 96
207.94, 96
207.94, 96
207.94, 96
208.11, 96
208.11, 96
208.11, 96
208.23, 96
208.23, 96
208.23, 96
208.24, 96
208.24, 96
208.24, 96
208.24, 96
208.24, 96
208.24, 96
208.24, 96
208.24, 96
208.24, 96
208.26, 96
208.26, 96
208.26, 96
208.26, 96
208.26, 96
208.27, 96
208.27, 96
208.27, 96
208.30, 96
208.30, 96
208.31, 96
208.31, 96
208.31, 96
208.31, 96
208.31, 96
208.31, 96
208.39, 96
208.39, 96
208.40, 96
208.40, 96
208.44, 96
208.45, 96
208.45, 96
208.47, 96
208.48, 96
208.49, 96
208.61, 96
208.61, 96
208.61, 96
208.62, 96
208.64, 96
208.65, 96
208.66, 96
208.66, 96
208.66, 96
208.66, 96
209.02, 96
209.02, 96
209.05, 96
209.11, 96
209.11, 96
209.12, 96
209.13, 96
209.14, 96
209.14, 96
209.33, 96
209.33, 96
209.45, 96
209.62, 96
209.66, 96
209.66, 96
209.72, 96
209.72, 96
209.72, 96
209.73, 96
210.10, 96
210.10, 96
210.17, 96
210.17, 96
210.17, 96
210.48, 96
210.48, 96
210.56, 96
210.57, 96
210.57, 96
210.57, 96
210.57, 96
210.73, 96
210.76, 96
210.81, 96
210.85, 96
210.86, 96
210.86, 96
210.89, 96
210.89, 96
210.89, 96
210.90, 96
210.90, 96
210.90, 96
210.90, 96
210.90, 96
210.90, 96
210.91, 96
210.91, 96
210.91, 96
210.91, 96
210.91, 96
210.91, 96
210.94, 96
210.94, 96
210.95, 96
210.95, 96
210.95, 96
210.96, 96
211.00, 96
211.00, 96
211.01, 96
211.01, 96
211.01, 96
211.01, 96
211.01, 96
211.01, 96
211.29, 96
211.29, 96
211.29, 96
211.30, 96
211.35, 96
211.35, 96
211.36, 96
211.37, 96
211.37, 96
211.37, 96
211.37, 96
211.37, 96
211.37, 96
211.38, 96
211.39, 96
211.40, 96
211.40, 96
211.40, 96
211.40, 96
211.40, 96
211.41, 96
211.41, 96
211.41, 96
211.41, 96
211.41, 96
211.49, 96
211.50, 96
211.50, 96
211.50, 96
211.50, 96
211.50, 96
211.50, 96
211.50, 96
211.77, 96
211.77, 96
211.78, 96
211.78, 96
211.78, 96
211.90, 96
212.25, 96
212.25, 96
212.25, 96
212.25, 96
212.25, 96
212.25, 96
212.25, 96
212.35, 96
212.35, 96
212.35, 96
212.40, 96
212.43, 96
212.48, 96
212.48, 96
212.48, 96
212.48, 96
212.48, 96
212.48, 96
212.48, 96
212.49, 96
212.50, 96
212.50, 96
212.51, 96
213.18, 96
213.19, 96
213.26, 96
213.26, 96
213.27, 96
213.27, 96
213.31, 96
213.31, 96
213.50, 96
213.51, 96
213.51, 96
213.51, 96
213.51, 96
213.51, 96
213.81, 96
213.81, 96
213.81, 96
213.81, 96
213.81, 96
213.81, 96
213.83, 96
213.83, 96
213.83, 96
213.94, 96
213.95, 96
214.02, 96
214.15, 96
214.15, 96
214.27, 96
214.28, 96
214.29, 96
214.29, 96
214.38, 96
214.57, 96
214.57, 96
214.57, 96
214.58, 96
214.58, 96
214.68, 96
214.68, 96
214.68, 96
214.68, 96
215.17, 96
215.18, 96
215.18, 96
215.18, 96
215.18, 96
215.19, 96
215.19, 96
215.19, 96
215.19, 96
215.19, 96
215.19, 96
215.30, 96
215.30, 96
215.32, 96
215.61, 96
215.62, 96
215.79, 96
215.90, 96
215.90, 96
215.98, 96
215.98, 96
215.98, 96
215.98, 96
216.01, 96
216.01, 96
216.01, 96
216.01, 96
216.30, 96
216.30, 96
216.30, 96
216.30, 96
216.32, 96
216.35, 96
216.37, 96
216.37, 96
216.48, 96
216.67, 96
216.71, 96
216.71, 96
216.71, 96
216.91, 96
216.91, 96
216.95, 96
216.95, 96
216.95, 96
217.24, 96
217.35, 96
217.35, 96
217.36, 96
217.75, 96
217.91, 96
217.91, 96
217.91, 96
217.91, 96
217.95, 96
217.95, 96
217.96, 96
217.96, 96
217.97, 96
217.98, 96
217.98, 96
217.98, 96
217.98, 96
217.98, 96
217.99, 96
218.01, 96
218.01, 96
218.02, 96
218.02, 96
218.02, 96
218.08, 96
218.08, 96
218.08, 96
218.08, 96
218.09, 96
218.12, 96
218.12, 96
218.52, 96
218.68, 96
218.68, 96
218.69, 96
218.79, 96
218.79, 96
218.93, 96
218.93, 96
218.93, 96
218.93, 96
218.93, 96
218.94, 96
219.08, 96
219.12, 96
219.17, 96
219.17, 96
219.17, 96
219.17, 96
219.18, 96
219.42, 96
219.43, 96
219.43, 96
219.43, 96
219.58, 96
219.58, 96
219.69, 96
219.69, 96
219.85, 96
219.86, 96
219.87, 96
219.87, 96
219.87, 96
220.07, 96
220.31, 96
220.31, 96
220.59, 96
220.62, 96
220.82, 96
220.82, 96
220.82, 96
220.94, 96
220.94, 96
220.94, 96
220.94, 96
220.95, 96
220.95, 96
220.96, 96
220.96, 96
220.96, 96
220.97, 96
220.97, 96
220.98, 96
221.00, 96
221.00, 96
221.00, 96
221.00, 96
221.00, 96
221.01, 96
221.03, 96
221.03, 96
221.03, 96
221.03, 96
221.03, 96
221.04, 96
221.04, 96
221.07, 96
221.07, 96
221.08, 96
221.08, 96
221.08, 96
221.08, 96
221.08, 96
221.08, 96
221.08, 96
221.10, 96
221.10, 96
221.14, 96
221.20, 96
221.24, 96
221.24, 96
221.24, 96
221.24, 96
221.24, 96
221.24, 96
221.24, 96
221.70, 96
221.70, 96
221.77, 96
221.77, 96
221.78, 96
221.79, 96
221.79, 96
221.80, 96
221.80, 96
221.81, 96
221.81, 96
221.81, 96
221.81, 96
221.81, 96
221.81, 96
221.86, 96
221.86, 96
221.86, 96
221.96, 96
221.96, 96
221.97, 96
222.11, 96
222.11, 96
222.12, 96
222.26, 96
222.26, 96
222.26, 96
222.26, 96
222.26, 96
222.26, 96
222.27, 96
222.31, 96
222.60, 96
222.60, 96
222.60, 96
222.60, 96
222.60, 96
223.01, 96
223.01, 96
223.01, 96
223.01, 96
223.01, 96
223.01, 96
223.01, 96
223.02, 96
223.02, 96
223.03, 96
223.04, 96
223.05, 96
223.05, 96
223.20, 96
223.21, 96
223.21, 96
223.21, 96
223.40, 96
223.40, 96
223.40, 96
223.41, 96
223.41, 96
223.41, 96
223.41, 96
223.41, 96
223.44, 96
223.44, 96
223.54, 96
223.54, 96
223.54, 96
223.66, 96
223.66, 96
223.67, 96
223.72, 96
223.73, 96
223.73, 96
223.80, 96
223.80, 96
223.82, 96
223.82, 96
223.82, 96
223.82, 96
223.83, 96
224.48, 96
224.48, 96
224.48, 96
224.48, 96
224.51, 96
224.52, 96
225.04, 96
225.14, 96
225.14, 96
225.20, 96
225.20, 96
225.20, 96
225.21, 96
225.21, 96
225.22, 96
225.23, 96
225.23, 96
225.23, 96
225.23, 96
225.27, 96
225.27, 96
225.27, 96
225.27, 96
225.37, 96
225.37, 96
225.37, 96
225.37, 96
225.38, 96
225.38, 96
225.39, 96
225.39, 96
225.58, 96
225.68, 96
225.68, 96
226.02, 96
226.02, 96
226.02, 96
226.15, 96
226.15, 96
226.21, 96
226.21, 96
226.34, 96
226.34, 96
226.34, 96
226.47, 96
226.47, 96
226.47, 96
226.68, 96
226.68, 96
226.69, 96
226.81, 96
226.81, 96
226.82, 96
226.82, 96
226.82, 96
226.82, 96
226.82, 96
226.83, 96
226.84, 96
226.84, 96
226.89, 96
226.89, 96
226.89, 96
226.89, 96
226.89, 96
226.89, 96
227.11, 96
227.11, 96
227.11, 96
227.12, 96
227.12, 96
227.12, 96
227.12, 96
227.21, 96
227.21, 96
227.21, 96
227.22, 96
227.22, 96
227.25, 96
227.25, 96
227.25, 96
227.29, 96
227.29, 96
227.29, 96
227.29, 96
227.30, 96
227.30, 96
227.30, 96
227.32, 96
227.32, 96
227.32, 96
227.32, 96
227.32, 96
227.32, 96
227.32, 96
227.33, 96
227.33, 96
227.33, 96
227.33, 96
227.34, 96
227.34, 96
227.34, 96
227.58, 96
227.58, 96
227.58, 96
227.72, 96
227.72, 96
227.72, 96
227.73, 96
227.73, 96
227.73, 96
227.74, 96
227.76, 96
227.76, 96
227.81, 96
227.81, 96
227.81, 96
227.81, 96
227.81, 96
227.82, 96
227.82, 96
227.82, 96
227.82, 96
228.08, 96
228.11, 96
228.11, 96
228.11, 96
228.11, 96
228.63, 96
228.63, 96
228.64, 96
228.64, 96
228.64, 96
228.64, 96
228.73, 96
228.73, 96
228.74, 96
228.74, 96
228.74, 96
228.74, 96
228.74, 96
228.74, 96
228.74, 96
228.74, 96
228.74, 96
228.74, 96
228.75, 96
228.75, 96
228.75, 96
228.75, 96
228.75, 96
228.76, 96
228.76, 96
228.99, 96
228.99, 96
228.99, 96
228.99, 96
228.99, 96
228.99, 96
228.99, 96
228.99, 96
229.00, 96
229.00, 96
229.00, 96
229.00, 96
229.00, 96
229.00, 96
229.00, 96
229.00, 96
229.00, 96
229.00, 96
229.01, 96
229.01, 96
229.26, 96
229.26, 96
229.37, 96
229.60, 96
229.62, 96
229.65, 96
229.65, 96
229.66, 96
229.66, 96
229.89, 96
229.89, 96
230.10, 96
230.12, 96
230.12, 96
230.13, 96
230.13, 96
230.13, 96
230.13, 96
230.13, 96
230.13, 96
230.13, 96
230.14, 96
230.22, 96
230.22, 96
230.22, 96
230.22, 96
230.23, 96
230.23, 96
230.48, 96
230.48, 96
230.54, 96
230.54, 96
230.54, 96
230.54, 96
230.55, 96
230.55, 96
230.55, 96
230.57, 96
230.57, 96
230.58, 96
230.63, 96
230.67, 96
230.68, 96
230.68, 96
230.68, 96
230.69, 96
230.69, 96
230.71, 96
230.71, 96
230.72, 96
230.72, 96
230.72, 96
230.97, 96
230.97, 96
230.97, 96
230.99, 96
230.99, 96
230.99, 96
230.99, 96
230.99, 96
230.99, 96
231.00, 96
231.00, 96
231.00, 96
231.00, 96
231.01, 96
231.01, 96
231.01, 96
231.12, 96
231.12, 96
231.13, 96
231.13, 96
231.13, 96
231.14, 96
231.18, 96
231.18, 96
231.18, 96
231.19, 96
231.19, 96
231.20, 96
231.21, 96
231.28, 96
231.28, 96
231.29, 96
231.29, 96
231.32, 96
231.32, 96
231.32, 96
231.32, 96
231.32, 96
231.32, 96
231.32, 96
231.33, 96
231.39, 96
231.39, 96
231.39, 96
231.63, 96
231.63, 96
231.74, 96
231.74, 96
231.83, 96
231.84, 96
231.84, 96
231.85, 96
231.85, 96
231.85, 96
231.86, 96
231.86, 96
231.86, 96
231.87, 96
231.87, 96
231.95, 96
231.96, 96
231.96, 96
231.96, 96
231.97, 96
232.11, 96
232.12, 96
232.12, 96
232.12, 96
232.12, 96
232.12, 96
232.12, 96
232.12, 96
232.12, 96
232.15, 96
232.21, 96
232.21, 96
232.22, 96
232.22, 96
232.22, 96
232.22, 96
232.22, 96
232.22, 96
232.22, 96
232.22, 96
232.22, 96
232.23, 96
232.41, 96
232.42, 96
232.42, 96
232.51, 96
232.55, 96
232.56, 96
232.57, 96
232.58, 96
232.58, 96
232.59, 96
232.61, 96
232.61, 96
232.62, 96
232.62, 96
232.63, 96
232.65, 96
232.65, 96
232.65, 96
232.71, 96
232.71, 96
232.71, 96
232.71, 96
232.79, 96
232.79, 96
232.79, 96
232.80, 96
232.80, 96
232.80, 96
232.80, 96
232.80, 96
232.80, 96
232.80, 96
233.21, 96
233.21, 96
233.21, 96
233.21, 96
233.25, 96
233.26, 96
233.27, 96
233.27, 96
233.27, 96
233.27, 96
233.27, 96
233.27, 96
233.27, 96
233.27, 96
233.53, 96
233.61, 96
233.61, 96
233.61, 96
233.61, 96
233.61, 96
233.61, 96
233.68, 96
233.68, 96
233.69, 96
233.69, 96
233.69, 96
233.77, 96
233.77, 96
233.77, 96
233.77, 96
233.99, 96
233.99, 96
233.99, 96
233.99, 96
233.99, 96
234.30, 96
234.30, 96
234.30, 96
234.33, 96
234.33, 96
234.33, 96
234.34, 96
234.34, 96
234.34, 96
234.36, 96
234.37, 96
234.37, 96
234.37, 96
234.39, 96
234.39, 96
234.39, 96
234.50, 96
234.51, 96
234.51, 96
234.51, 96
234.51, 96
234.51, 96
234.51, 96
234.51, 96
234.51, 96
234.80, 96
234.80, 96
234.80, 96
234.80, 96
234.80, 96
234.80, 96
234.81, 96
234.81, 96
234.84, 96
234.84, 96
234.84, 96
234.84, 96
235.05, 96
235.06, 96
235.06, 96
235.06, 96
235.06, 96
235.11, 96
235.12, 96
235.12, 96
235.13, 96
235.13, 96
235.13, 96
235.14, 96
235.15, 96
235.15, 96
235.15, 96
235.18, 96
235.67, 96
235.68, 96
235.68, 96
235.69, 96
235.69, 96
235.69, 96
235.69, 96
235.69, 96
235.70, 96
235.70, 96
235.71, 96
235.72, 96
235.72, 96
235.72, 96
235.72, 96
235.72, 96
235.73, 96
235.73, 96
235.73, 96
235.81, 96
235.81, 96
235.81, 96
235.81, 96
235.81, 96
235.81, 96
235.81, 96
235.81, 96
236.11, 96
236.12, 96
236.12, 96
236.12, 96
236.15, 96
236.15, 96
236.16, 96
236.16, 96
236.16, 96
236.16, 96
236.37, 96
236.37, 96
236.37, 96
236.44, 96
236.44, 96
236.44, 96
236.80, 96
236.80, 96
236.80, 96
236.80, 96
236.89, 96
236.95, 96
236.95, 96
236.95, 96
236.95, 96
236.95, 96
236.95, 96
236.96, 96
236.96, 96
236.96, 96
236.96, 96
236.96, 96
237.02, 96
237.02, 96
237.04, 96
237.31, 96
237.31, 96
237.31, 96
237.32, 96
237.32, 96
237.32, 96
237.32, 96
237.33, 96
237.33, 96
237.33, 96
237.37, 96
237.37, 96
237.37, 96
237.37, 96
237.38, 96
237.38, 96
237.38, 96
237.40, 96
237.41, 96
237.50, 96
237.50, 96
237.51, 96
237.53, 96
237.53, 96
237.53, 96
237.54, 96
237.54, 96
237.55, 96
237.55, 96
237.55, 96
237.79, 96
237.85, 96
237.85, 96
237.85, 96
237.86, 96
238.06, 96
238.06, 96
238.71, 96
238.77, 96
238.77, 96
238.99, 96
239.00, 96
239.01, 96
239.01, 96
239.01, 96
239.01, 96
239.02, 96
239.02, 96
239.46, 96
239.46, 96
239.46, 96
239.47, 96
239.49, 96
239.49, 96
239.49, 96
239.50, 96
239.50, 96
239.50, 96
239.50, 96
239.50, 96
239.57, 96
239.57, 96
239.65, 96
239.65, 96
239.78, 96
239.78, 96
239.78, 96
239.79, 96
239.79, 96
239.80, 96
239.80, 96
239.98, 96
