0.01, 102
0.01, 100
0.01, 99
0.02, 99
0.02, 99
0.02, 99
0.02, 99
0.02, 98
0.02, 98
0.02, 98
0.02, 98
0.02, 98
0.02, 98
0.02, 98
0.04, 98
0.04, 98
0.04, 98
0.04, 98
0.04, 98
0.05, 97
0.05, 97
0.05, 97
0.06, 97
0.06, 97
0.06, 97
0.06, 97
0.06, 97
0.07, 97
0.07, 97
0.07, 97
0.07, 97
0.07, 97
0.07, 97
0.08, 97
0.08, 97
0.08, 97
0.09, 97
0.09, 97
0.09, 97
0.09, 97
0.09, 97
0.09, 97
0.10, 97
0.10, 97
0.11, 97
0.11, 97
0.11, 97
0.11, 97
0.11, 97
0.11, 97
0.16, 97
0.16, 97
0.19, 97
0.19, 97
0.19, 97
0.19, 97
0.19, 97
0.19, 97
0.19, 97
0.20, 97
0.23, 97
0.23, 97
0.24, 97
0.24, 97
0.24, 97
0.24, 97
0.24, 97
0.25, 97
0.25, 97
0.25, 97
0.26, 97
0.26, 97
0.28, 97
0.28, 97
0.29, 97
0.29, 97
0.31, 97
0.31, 97
0.31, 97
0.31, 97
0.31, 97
0.32, 97
0.32, 97
0.32, 97
0.32, 97
0.34, 97
0.36, 97
0.36, 97
0.36, 97
0.36, 97
0.36, 97
0.36, 97
0.36, 97
0.36, 97
0.36, 97
0.37, 97
0.37, 97
0.37, 97
0.37, 97
0.37, 96
0.38, 96
0.38, 96
0.38, 96
0.39, 96
0.39, 96
0.42, 96
0.42, 96
0.42, 96
0.44, 96
0.45, 96
0.45, 96
0.48, 96
0.49, 96
0.49, 96
0.49, 96
0.52, 96
0.52, 96
0.52, 96
0.53, 96
0.77, 96
0.78, 96
0.78, 96
0.78, 96
0.78, 96
0.81, 96
0.81, 96
0.81, 96
0.83, 96
0.83, 96
0.87, 96
0.87, 96
0.87, 96
0.87, 96
0.87, 96
0.88, 96
0.88, 96
1.09, 96
1.12, 96
1.12, 96
1.12, 96
1.20, 96
1.20, 96
1.71, 96
1.71, 96
1.71, 96
1.71, 96
1.72, 96
1.73, 96
1.73, 96
1.73, 96
1.73, 96
1.73, 96
1.75, 96
1.76, 96
1.76, 96
1.77, 96
1.77, 96
1.84, 96
1.84, 96
1.84, 96
1.84, 96
1.84, 96
1.85, 96
1.88, 96
1.88, 96
1.88, 96
1.91, 96
1.91, 96
1.93, 96
1.93, 96
1.94, 96
1.94, 96
1.95, 96
1.96, 96
1.96, 96
1.96, 96
1.96, 96
1.96, 96
1.98, 96
1.98, 96
1.98, 96
1.98, 96
1.98, 96
2.34, 96
2.35, 96
2.35, 96
2.35, 96
2.35, 96
2.36, 96
2.36, 96
2.36, 96
2.80, 96
2.80, 96
2.81, 96
2.93, 96
2.93, 96
2.93, 96
2.93, 96
2.93, 96
2.93, 96
2.94, 96
3.13, 96
3.17, 96
3.17, 96
3.17, 96
3.18, 96
3.18, 96
3.18, 96
3.18, 96
3.19, 96
3.19, 96
3.19, 96
3.19, 96
3.19, 96
3.19, 96
3.20, 96
3.20, 96
3.20, 96
3.22, 96
3.22, 96
3.24, 96
3.24, 96
3.24, 96
3.24, 96
3.25, 96
3.25, 96
3.25, 96
3.25, 96
3.25, 96
3.25, 96
3.25, 96
3.26, 96
3.26, 96
3.26, 96
3.27, 96
3.27, 96
3.27, 96
3.29, 96
3.29, 96
3.29, 96
3.29, 96
3.29, 96
3.29, 96
3.31, 96
3.31, 96
3.31, 96
3.32, 96
3.32, 96
3.32, 96
3.32, 96
3.32, 96
3.33, 96
3.33, 96
3.33, 96
3.33, 96
3.34, 96
3.36, 96
3.37, 96
3.37, 96
3.37, 96
3.50, 96
3.50, 96
3.50, 96
3.54, 96
3.55, 96
3.55, 96
3.55, 96
3.55, 96
3.55, 96
3.55, 96
3.55, 96
3.55, 96
3.66, 96
3.66, 96
3.67, 96
3.67, 96
3.73, 96
3.73, 96
3.77, 96
3.77, 96
3.77, 96
3.77, 96
3.77, 96
3.77, 96
3.78, 96
3.78, 96
3.78, 96
3.79, 96
3.89, 96
3.90, 96
3.90, 96
3.90, 96
3.90, 96
3.90, 96
3.90, 96
3.97, 96
3.97, 96
3.98, 96
3.98, 96
3.98, 96
3.98, 96
3.99, 96
3.99, 96
3.99, 96
3.99, 96
4.00, 96
4.00, 96
4.01, 96
4.01, 96
4.01, 96
4.01, 96
4.06, 96
4.06, 96
4.06, 96
4.06, 96
4.06, 96
4.13, 96
4.13, 96
4.13, 96
4.13, 96
4.13, 96
4.14, 96
4.14, 96
4.14, 96
4.14, 96
4.31, 96
4.62, 96
4.70, 96
4.71, 96
4.71, 96
4.71, 96
4.71, 96
4.72, 96
4.73, 96
4.73, 96
4.73, 96
4.73, 96
4.73, 96
4.73, 96
4.74, 96
4.75, 96
4.83, 96
4.83, 96
4.83, 96
4.83, 96
4.84, 96
4.84, 96
4.94, 96
4.94, 96
4.94, 96
4.97, 96
4.97, 96
5.10, 96
5.10, 96
5.10, 96
5.10, 96
5.11, 96
5.13, 96
5.13, 96
5.14, 96
5.18, 96
5.18, 96
5.18, 96
5.18, 96
5.19, 96
5.19, 96
5.19, 96
5.19, 96
5.19, 96
5.19, 96
5.19, 96
5.19, 96
5.22, 96
5.22, 96
5.26, 96
5.26, 96
5.26, 96
5.26, 96
5.26, 96
5.26, 96
5.26, 96
5.30, 96
5.31, 96
5.31, 96
5.31, 96
5.31, 96
5.31, 96
5.35, 96
5.35, 96
5.35, 96
5.35, 96
5.35, 96
5.38, 96
5.38, 96
5.40, 96
5.42, 96
5.42, 96
5.42, 96
5.42, 96
5.42, 96
5.42, 96
5.46, 96
5.47, 96
5.47, 96
5.47, 96
5.47, 96
5.47, 96
5.47, 96
5.47, 96
5.47, 96
5.47, 96
5.47, 96
5.47, 96
5.48, 96
5.51, 96
5.51, 96
5.51, 96
5.52, 96
5.52, 96
5.52, 96
5.53, 96
5.95, 96
5.95, 96
5.96, 96
5.96, 96
5.97, 96
5.97, 96
5.97, 96
5.97, 96
5.98, 96
5.99, 96
6.01, 96
6.01, 96
6.05, 96
6.06, 96
6.07, 96
6.08, 96
6.08, 96
6.08, 96
6.08, 96
6.28, 96
6.28, 96
6.28, 96
6.28, 96
6.28, 96
6.29, 96
6.29, 96
6.29, 96
6.30, 96
6.30, 96
6.30, 96
6.30, 96
6.30, 96
6.31, 96
6.40, 96
6.41, 96
6.41, 96
6.42, 96
6.42, 96
6.42, 96
6.42, 96
6.42, 96
6.42, 96
6.42, 96
6.43, 96
6.43, 96
6.43, 96
6.45, 96
6.45, 96
6.45, 96
6.45, 96
6.56, 96
6.65, 96
6.65, 96
6.65, 96
6.65, 96
6.65, 96
6.79, 96
6.81, 96
6.92, 96
6.92, 96
6.93, 96
7.03, 96
7.03, 96
7.67, 96
8.02, 96
8.09, 96
8.09, 96
8.54, 96
8.68, 96
8.68, 96
8.71, 96
8.71, 96
8.92, 96
8.92, 96
9.19, 96
9.39, 96
9.46, 96
9.46, 96
9.46, 96
9.62, 96
9.64, 96
9.91, 96
9.91, 96
10.13, 96
10.22, 96
10.22, 96
10.28, 96
10.28, 96
10.28, 96
10.33, 96
10.33, 96
10.35, 96
10.35, 96
10.35, 96
10.35, 96
10.35, 96
10.36, 96
10.36, 96
10.36, 96
10.37, 96
10.37, 96
10.37, 96
10.37, 96
10.37, 96
10.37, 96
10.38, 96
10.38, 96
10.41, 96
10.41, 96
10.47, 96
10.48, 96
10.48, 96
10.48, 96
10.48, 96
10.48, 96
10.48, 96
10.48, 96
10.48, 96
10.53, 96
10.58, 96
10.58, 96
10.58, 96
10.58, 96
10.58, 96
10.58, 96
10.64, 96
10.74, 96
10.74, 96
10.74, 96
10.74, 96
10.74, 96
10.74, 96
10.74, 96
10.75, 96
10.75, 96
10.75, 96
10.75, 96
10.77, 96
10.77, 96
10.77, 96
10.79, 96
10.79, 96
10.85, 96
10.85, 96
10.88, 96
10.89, 96
10.89, 96
10.90, 96
10.90, 96
10.91, 96
10.96, 96
10.96, 96
10.96, 96
10.96, 96
10.96, 96
10.96, 96
10.96, 96
10.96, 96
10.97, 96
10.97, 96
10.97, 96
10.97, 96
10.97, 96
11.17, 96
11.17, 96
11.49, 96
11.55, 96
11.55, 96
11.57, 96
11.57, 96
11.61, 96
11.61, 96
11.62, 96
11.62, 96
11.91, 96
11.91, 96
11.91, 96
11.91, 96
12.08, 96
12.08, 96
12.08, 96
12.08, 96
12.08, 96
12.09, 96
12.09, 96
12.09, 96
12.09, 96
12.09, 96
12.09, 96
12.13, 96
12.14, 96
12.14, 96
12.14, 96
12.14, 96
12.14, 96
12.14, 96
12.14, 96
12.15, 96
12.15, 96
12.15, 96
12.15, 96
12.16, 96
12.16, 96
12.16, 96
12.89, 96
12.90, 96
12.90, 96
12.90, 96
12.91, 96
12.91, 96
12.91, 96
12.92, 96
12.92, 96
12.92, 96
12.92, 96
12.92, 96
12.92, 96
12.92, 96
13.02, 96
13.03, 96
13.15, 96
13.15, 96
13.15, 96
13.16, 96
13.20, 96
13.20, 96
13.20, 96
13.20, 96
13.20, 96
13.20, 96
13.20, 96
13.21, 96
13.21, 96
13.21, 96
13.23, 96
13.23, 96
13.23, 96
13.25, 96
13.25, 96
13.25, 96
13.25, 96
13.26, 96
13.26, 96
13.34, 96
13.34, 96
13.35, 96
13.35, 96
13.37, 96
13.37, 96
13.37, 96
13.38, 96
13.38, 96
13.38, 96
13.77, 96
13.77, 96
13.78, 96
13.78, 96
13.78, 96
13.78, 96
13.78, 96
13.78, 96
13.79, 96
13.79, 96
13.79, 96
14.10, 96
14.11, 96
14.11, 96
14.11, 96
14.24, 96
14.24, 96
14.39, 96
14.40, 96
14.40, 96
14.40, 96
14.46, 96
14.64, 96
14.64, 96
14.64, 96
14.64, 96
14.65, 96
14.65, 96
14.65, 96
14.65, 96
14.65, 96
14.66, 96
14.86, 96
14.86, 96
14.86, 96
14.86, 96
14.86, 96
14.86, 96
14.87, 96
14.90, 96
14.91, 96
14.91, 96
14.91, 96
14.91, 96
14.91, 96
14.91, 96
14.91, 96
14.91, 96
14.91, 96
14.91, 96
14.92, 96
14.92, 96
14.99, 96
14.99, 96
14.99, 96
15.02, 96
15.03, 96
15.03, 96
15.03, 96
15.03, 96
15.03, 96
15.03, 96
15.03, 96
15.03, 96
15.03, 96
15.04, 96
15.04, 96
15.25, 96
15.26, 96
15.28, 96
15.28, 96
15.28, 96
15.31, 96
15.31, 96
15.31, 96
15.32, 96
15.32, 96
15.37, 96
15.37, 96
15.37, 96
15.37, 96
15.52, 96
15.52, 96
15.52, 96
15.52, 96
15.52, 96
15.52, 96
15.52, 96
15.52, 96
15.53, 96
15.68, 96
15.71, 96
15.71, 96
15.71, 96
15.73, 96
15.73, 96
15.76, 96
16.00, 96
16.10, 96
16.10, 96
16.10, 96
16.42, 96
16.42, 96
16.54, 96
16.55, 96
16.55, 96
16.55, 96
16.55, 96
16.55, 96
16.55, 96
16.55, 96
16.56, 96
16.56, 96
16.56, 96
16.56, 96
16.78, 96
16.78, 96
16.78, 96
16.78, 96
16.78, 96
16.78, 96
16.79, 96
16.79, 96
16.79, 96
16.82, 96
16.82, 96
16.83, 96
16.83, 96
16.98, 96
16.98, 96
16.98, 96
16.98, 96
16.99, 96
16.99, 96
16.99, 96
16.99, 96
16.99, 96
16.99, 96
17.00, 96
17.00, 96
17.00, 96
17.02, 96
17.07, 96
17.08, 96
17.08, 96
17.08, 96
17.08, 96
17.10, 96
17.10, 96
17.13, 96
17.14, 96
17.14, 96
17.18, 96
17.18, 96
17.22, 96
17.24, 96
17.25, 96
17.25, 96
17.47, 96
17.47, 96
17.59, 96
17.62, 96
17.62, 96
17.62, 96
17.62, 96
17.63, 96
17.63, 96
17.63, 96
17.63, 96
17.63, 96
17.69, 96
17.69, 96
17.71, 96
17.74, 96
17.84, 96
17.84, 96
17.84, 96
17.86, 96
17.86, 96
17.86, 96
17.86, 96
17.86, 96
17.89, 96
17.91, 96
17.92, 96
17.92, 96
17.92, 96
17.97, 96
18.08, 96
18.26, 96
18.26, 96
18.26, 96
18.26, 96
18.26, 96
18.27, 96
18.45, 96
18.45, 96
18.62, 96
18.62, 96
18.62, 96
18.62, 96
18.63, 96
18.73, 96
18.77, 96
18.77, 96
18.79, 96
18.79, 96
18.79, 96
18.79, 96
18.89, 96
18.92, 96
18.92, 96
18.92, 96
18.93, 96
18.93, 96
18.94, 96
18.94, 96
18.94, 96
18.94, 96
18.99, 96
19.06, 96
19.06, 96
19.06, 96
19.06, 96
19.08, 96
19.08, 96
19.08, 96
19.09, 96
19.11, 96
19.11, 96
19.16, 96
19.42, 96
19.55, 96
19.56, 96
19.56, 96
19.56, 96
19.58, 96
19.59, 96
19.59, 96
19.59, 96
19.61, 96
19.61, 96
19.61, 96
19.61, 96
19.65, 96
19.68, 96
19.96, 96
19.96, 96
20.18, 96
20.18, 96
20.18, 96
20.18, 96
20.18, 96
20.19, 96
20.21, 96
20.21, 96
20.21, 96
20.21, 96
20.21, 96
20.21, 96
20.21, 96
20.21, 96
20.22, 96
20.33, 96
20.34, 96
20.44, 96
20.44, 96
20.49, 96
20.49, 96
20.49, 96
20.49, 96
20.50, 96
20.50, 96
20.50, 96
20.50, 96
20.51, 96
20.81, 96
20.82, 96
20.82, 96
20.82, 96
20.82, 96
20.83, 96
20.83, 96
20.83, 96
20.93, 96
20.93, 96
20.93, 96
20.93, 96
21.00, 96
21.00, 96
21.00, 96
21.00, 96
21.00, 96
21.03, 96
21.03, 96
21.03, 96
21.03, 96
21.03, 96
21.03, 96
21.03, 96
21.07, 96
21.07, 96
21.07, 96
21.23, 96
21.23, 96
21.27, 96
21.28, 96
21.28, 96
21.39, 96
21.74, 96
21.74, 96
21.74, 96
21.75, 96
21.76, 96
21.76, 96
21.76, 96
21.79, 96
21.79, 96
21.79, 96
21.79, 96
21.80, 96
21.85, 96
21.85, 96
21.85, 96
21.86, 96
22.02, 96
22.02, 96
22.02, 96
22.02, 96
22.02, 96
22.02, 96
22.02, 96
22.02, 96
22.31, 96
22.54, 96
22.54, 96
22.59, 96
22.59, 96
22.85, 96
22.85, 96
22.85, 96
22.85, 96
22.85, 96
22.86, 96
22.86, 96
22.86, 96
22.86, 96
22.86, 96
22.89, 96
22.90, 96
23.00, 96
23.03, 96
23.03, 96
23.03, 96
23.03, 96
23.04, 96
23.04, 96
23.04, 96
23.05, 96
23.05, 96
23.05, 96
23.05, 96
23.05, 96
23.05, 96
23.05, 96
23.05, 96
23.05, 96
23.06, 96
23.11, 96
23.12, 96
23.12, 96
23.20, 96
23.20, 96
23.20, 96
23.21, 96
23.21, 96
23.22, 96
23.22, 96
23.28, 96
23.28, 96
23.28, 96
23.28, 96
23.60, 96
23.60, 96
23.60, 96
23.60, 96
23.62, 96
23.68, 96
23.68, 96
23.69, 96
23.69, 96
23.69, 96
23.69, 96
23.83, 96
23.85, 96
23.85, 96
23.86, 96
23.86, 96
23.88, 96
23.96, 96
23.96, 96
23.97, 96
24.18, 96
24.18, 96
24.18, 96
24.18, 96
24.28, 96
24.29, 96
24.29, 96
24.29, 96
24.29, 96
24.29, 96
24.37, 96
24.37, 96
24.37, 96
24.37, 96
24.37, 96
24.37, 96
24.37, 96
24.37, 96
24.37, 96
24.38, 96
24.38, 96
24.39, 96
24.39, 96
24.39, 96
24.40, 96
24.40, 96
24.40, 96
24.40, 96
24.40, 96
24.40, 96
24.40, 96
24.42, 96
24.42, 96
24.42, 96
24.44, 96
24.66, 96
24.99, 96
24.99, 96
24.99, 96
24.99, 96
24.99, 96
24.99, 96
25.03, 96
25.03, 96
25.03, 96
25.03, 96
25.04, 96
25.17, 96
25.17, 96
25.18, 96
25.18, 96
25.39, 96
25.39, 96
25.39, 96
25.40, 96
25.40, 96
25.41, 96
25.53, 96
25.79, 96
25.79, 96
25.79, 96
25.80, 96
25.80, 96
25.81, 96
25.81, 96
25.82, 96
25.83, 96
25.83, 96
25.87, 96
25.87, 96
25.88, 96
25.88, 96
25.89, 96
25.89, 96
25.89, 96
25.90, 96
25.90, 96
25.91, 96
25.98, 96
25.98, 96
25.98, 96
25.98, 96
25.99, 96
25.99, 96
26.21, 96
26.21, 96
26.22, 96
26.22, 96
26.35, 96
26.43, 96
26.43, 96
26.44, 96
26.44, 96
26.44, 96
26.44, 96
26.44, 96
26.45, 96
26.45, 96
26.45, 96
26.45, 96
26.45, 96
26.67, 96
26.78, 96
26.78, 96
26.78, 96
26.78, 96
26.78, 96
26.78, 96
26.78, 96
26.78, 96
26.78, 96
26.78, 96
26.84, 96
26.84, 96
26.87, 96
26.88, 96
26.88, 96
26.88, 96
26.88, 96
26.88, 96
26.88, 96
26.88, 96
26.90, 96
26.91, 96
26.91, 96
26.91, 96
26.92, 96
27.02, 96
27.02, 96
27.02, 96
27.02, 96
27.02, 96
27.06, 96
27.06, 96
27.06, 96
27.06, 96
27.06, 96
27.06, 96
27.07, 96
27.14, 96
27.15, 96
27.15, 96
27.15, 96
27.15, 96
27.25, 96
27.25, 96
27.26, 96
27.26, 96
27.67, 96
27.67, 96
27.67, 96
27.67, 96
27.67, 96
27.73, 96
27.74, 96
27.74, 96
27.74, 96
27.80, 96
27.80, 96
27.80, 96
27.82, 96
27.82, 96
27.83, 96
27.86, 96
27.87, 96
27.87, 96
27.87, 96
27.91, 96
27.91, 96
27.92, 96
27.92, 96
27.92, 96
27.92, 96
27.93, 96
27.94, 96
27.95, 96
27.95, 96
27.95, 96
27.95, 96
27.95, 96
27.96, 96
27.96, 96
27.96, 96
28.19, 96
28.19, 96
28.20, 96
28.20, 96
28.20, 96
28.20, 96
28.20, 96
28.21, 96
28.21, 96
28.21, 96
28.25, 96
28.25, 96
28.27, 96
28.27, 96
28.27, 96
28.39, 96
28.39, 96
28.40, 96
28.93, 96
28.97, 96
29.17, 96
29.17, 96
29.17, 96
29.24, 96
29.24, 96
29.24, 96
29.26, 96
29.26, 96
29.26, 96
29.26, 96
29.56, 96
29.56, 96
29.60, 96
29.60, 96
29.60, 96
29.67, 96
29.67, 96
29.68, 96
29.68, 96
29.68, 96
29.68, 96
29.68, 96
29.69, 96
29.69, 96
29.69, 96
29.69, 96
29.69, 96
29.69, 96
29.70, 96
29.70, 96
29.70, 96
29.70, 96
29.78, 96
29.78, 96
29.78, 96
29.79, 96
29.79, 96
29.79, 96
29.79, 96
29.79, 96
29.80, 96
29.80, 96
29.80, 96
29.81, 96
29.83, 96
29.83, 96
29.88, 96
29.88, 96
29.88, 96
29.88, 96
29.89, 96
29.98, 96
29.98, 96
29.98, 96
29.99, 96
30.01, 96
30.01, 96
30.01, 96
30.07, 96
30.07, 96
30.07, 96
30.07, 96
30.08, 96
30.08, 96
30.13, 96
30.13, 96
30.13, 96
30.14, 96
30.14, 96
30.14, 96
30.16, 96
30.16, 96
30.17, 96
30.17, 96
30.17, 96
30.17, 96
30.18, 96
30.20, 96
30.22, 96
30.26, 96
30.27, 96
30.27, 96
30.28, 96
30.28, 96
30.28, 96
30.28, 96
30.28, 96
30.28, 96
30.29, 96
30.29, 96
30.29, 96
30.39, 96
30.39, 96
30.39, 96
30.49, 96
30.50, 96
30.50, 96
30.50, 96
30.52, 96
30.57, 96
30.59, 96
30.59, 96
30.60, 96
30.91, 96
30.93, 96
30.93, 96
31.25, 96
31.25, 96
31.25, 96
31.25, 96
31.25, 96
31.26, 96
31.38, 96
31.38, 96
31.39, 96
31.39, 96
31.39, 96
31.39, 96
31.42, 96
31.43, 96
31.43, 96
31.43, 96
31.45, 96
31.45, 96
31.46, 96
31.47, 96
31.47, 96
31.47, 96
31.80, 96
31.80, 96
31.81, 96
31.81, 96
31.81, 96
32.01, 96
32.02, 96
32.02, 96
32.38, 96
32.38, 96
32.38, 96
32.39, 96
32.39, 96
32.44, 96
32.44, 96
32.48, 96
32.48, 96
32.48, 96
32.48, 96
32.48, 96
32.49, 96
32.49, 96
32.49, 96
32.49, 96
32.49, 96
32.56, 96
32.56, 96
32.61, 96
32.62, 96
32.62, 96
32.62, 96
32.62, 96
32.62, 96
32.68, 96
32.68, 96
32.68, 96
32.68, 96
32.68, 96
32.69, 96
32.69, 96
32.69, 96
32.76, 96
32.76, 96
32.77, 96
32.77, 96
32.77, 96
32.87, 96
32.87, 96
32.87, 96
32.87, 96
32.87, 96
32.88, 96
32.88, 96
32.88, 96
32.88, 96
32.90, 96
32.90, 96
32.90, 96
32.91, 96
32.92, 96
32.92, 96
32.92, 96
32.92, 96
32.92, 96
32.92, 96
32.92, 96
32.92, 96
32.93, 96
32.93, 96
32.95, 96
32.95, 96
32.95, 96
32.96, 96
32.97, 96
32.98, 96
33.15, 96
33.15, 96
33.16, 96
33.16, 96
33.17, 96
33.17, 96
33.27, 96
33.27, 96
33.28, 96
33.30, 96
33.35, 96
33.35, 96
33.35, 96
33.35, 96
33.35, 96
33.37, 96
33.37, 96
33.40, 96
33.40, 96
33.40, 96
33.41, 96
33.41, 96
33.41, 96
33.41, 96
33.41, 96
33.41, 96
33.41, 96
33.42, 96
33.42, 96
33.55, 96
33.55, 96
33.55, 96
33.55, 96
33.55, 96
33.55, 96
33.56, 96
33.56, 96
33.56, 96
33.56, 96
33.56, 96
33.56, 96
33.56, 96
33.56, 96
33.57, 96
33.57, 96
33.74, 96
33.74, 96
33.74, 96
33.78, 96
33.78, 96
33.78, 96
33.81, 96
33.81, 96
33.97, 96
33.97, 96
33.97, 96
33.97, 96
33.97, 96
33.99, 96
33.99, 96
33.99, 96
33.99, 96
33.99, 96
34.00, 96
34.00, 96
34.00, 96
34.00, 96
34.00, 96
34.07, 96
34.08, 96
34.08, 96
34.12, 96
34.12, 96
34.12, 96
34.13, 96
34.13, 96
34.13, 96
34.13, 96
34.13, 96
34.13, 96
34.13, 96
34.14, 96
34.19, 96
34.19, 96
34.20, 96
34.45, 96
34.45, 96
34.46, 96
34.46, 96
34.51, 96
34.51, 96
34.53, 96
34.53, 96
34.57, 96
34.67, 96
34.67, 96
34.67, 96
34.68, 96
34.74, 96
34.74, 96
34.74, 96
34.75, 96
34.75, 96
34.75, 96
34.78, 96
34.78, 96
34.78, 96
34.78, 96
34.78, 96
34.98, 96
34.98, 96
34.98, 96
34.98, 96
34.98, 96
34.98, 96
35.69, 96
35.69, 96
35.82, 96
35.82, 96
35.82, 96
35.83, 96
35.83, 96
35.83, 96
35.83, 96
35.84, 96
35.84, 96
35.98, 96
35.98, 96
35.98, 96
35.98, 96
36.01, 96
36.02, 96
36.02, 96
36.03, 96
36.16, 96
36.16, 96
36.16, 96
36.16, 96
36.16, 96
36.16, 96
36.17, 96
36.17, 96
36.17, 96
36.17, 96
36.17, 96
36.17, 96
36.18, 96
36.18, 96
36.18, 96
36.18, 96
36.18, 96
36.18, 96
36.19, 96
36.20, 96
36.20, 96
36.20, 96
36.21, 96
36.21, 96
36.21, 96
36.28, 96
36.28, 96
36.28, 96
36.29, 96
36.29, 96
36.29, 96
36.36, 96
36.38, 96
36.38, 96
36.38, 96
36.39, 96
36.39, 96
36.39, 96
36.40, 96
36.54, 96
36.65, 96
36.65, 96
36.65, 96
36.70, 96
36.75, 96
36.76, 96
36.79, 96
36.80, 96
36.80, 96
36.80, 96
36.80, 96
36.80, 96
36.80, 96
36.80, 96
36.81, 96
36.81, 96
36.82, 96
36.82, 96
36.82, 96
36.98, 96
36.99, 96
36.99, 96
36.99, 96
36.99, 96
37.03, 96
37.05, 96
37.05, 96
37.05, 96
37.05, 96
37.11, 96
37.11, 96
37.11, 96
37.12, 96
37.12, 96
37.12, 96
37.12, 96
37.13, 96
37.13, 96
37.17, 96
37.27, 96
37.70, 96
37.70, 96
37.70, 96
37.71, 96
37.71, 96
37.71, 96
37.71, 96
37.72, 96
37.72, 96
37.78, 96
37.78, 96
37.78, 96
37.78, 96
37.88, 96
37.88, 96
37.89, 96
37.90, 96
37.90, 96
38.01, 96
38.01, 96
38.07, 96
38.07, 96
38.07, 96
38.07, 96
38.08, 96
38.08, 96
38.08, 96
38.08, 96
38.08, 96
38.08, 96
38.09, 96
38.09, 96
38.09, 96
38.09, 96
38.13, 96
38.13, 96
38.46, 96
38.46, 96
38.46, 96
38.46, 96
38.46, 96
38.46, 96
38.47, 96
38.47, 96
38.47, 96
38.49, 96
38.58, 96
38.71, 96
38.71, 96
38.71, 96
38.71, 96
38.71, 96
38.72, 96
38.72, 96
38.72, 96
38.72, 96
38.72, 96
38.72, 96
38.72, 96
38.73, 96
38.73, 96
38.73, 96
38.73, 96
38.74, 96
38.74, 96
38.75, 96
38.75, 96
38.85, 96
38.85, 96
39.10, 96
39.15, 96
39.15, 96
39.18, 96
39.19, 96
39.19, 96
39.19, 96
39.19, 96
39.50, 96
39.50, 96
39.58, 96
39.58, 96
39.58, 96
39.59, 96
39.61, 96
39.61, 96
39.62, 96
39.62, 96
39.62, 96
39.62, 96
39.75, 96
39.75, 96
39.76, 96
39.80, 96
40.42, 96
40.42, 96
40.42, 96
40.42, 96
40.45, 96
40.45, 96
40.56, 96
40.56, 96
40.56, 96
40.56, 96
40.56, 96
40.67, 96
40.67, 96
40.70, 96
40.70, 96
40.70, 96
40.70, 96
40.70, 96
40.72, 96
40.72, 96
40.72, 96
40.73, 96
40.74, 96
40.74, 96
40.74, 96
40.74, 96
40.74, 96
40.74, 96
41.02, 96
41.02, 96
41.02, 96
41.02, 96
41.02, 96
41.02, 96
41.08, 96
41.08, 96
41.15, 96
41.16, 96
41.16, 96
41.24, 96
41.24, 96
41.25, 96
41.35, 96
41.35, 96
41.54, 96
41.56, 96
41.57, 96
41.57, 96
41.66, 96
41.66, 96
41.66, 96
41.94, 96
41.97, 96
41.98, 96
42.00, 96
42.00, 96
42.00, 96
42.00, 96
42.00, 96
42.14, 96
42.15, 96
42.15, 96
42.15, 96
42.60, 96
42.65, 96
42.65, 96
42.74, 96
42.74, 96
42.76, 96
42.81, 96
42.81, 96
42.81, 96
42.81, 96
42.82, 96
42.85, 96
42.85, 96
42.85, 96
42.98, 96
42.98, 96
42.98, 96
43.09, 96
43.10, 96
43.10, 96
43.11, 96
43.11, 96
43.11, 96
43.18, 96
43.20, 96
43.20, 96
43.24, 96
43.24, 96
43.25, 96
43.25, 96
43.25, 96
43.44, 96
43.58, 96
43.62, 96
43.62, 96
43.66, 96
43.69, 96
43.69, 96
43.69, 96
43.69, 96
43.70, 96
43.70, 96
43.70, 96
43.70, 96
43.89, 96
43.89, 96
43.93, 96
43.93, 96
43.93, 96
43.93, 96
43.93, 96
44.00, 96
44.00, 96
44.00, 96
44.00, 96
44.02, 96
44.02, 96
44.02, 96
44.02, 96
44.04, 96
44.42, 96
44.51, 96
44.52, 96
44.52, 96
44.52, 96
44.53, 96
44.53, 96
44.53, 96
44.63, 96
44.63, 96
44.63, 96
44.64, 96
44.64, 96
44.64, 96
44.65, 96
44.65, 96
44.90, 96
44.90, 96
44.90, 96
44.90, 96
44.91, 96
45.10, 96
45.10, 96
45.10, 96
45.10, 96
45.25, 96
45.25, 96
45.54, 96
45.54, 96
45.54, 96
45.54, 96
45.60, 96
45.60, 96
45.79, 96
45.79, 96
45.79, 96
45.79, 96
45.79, 96
45.79, 96
45.79, 96
45.79, 96
45.80, 96
45.80, 96
45.80, 96
45.80, 96
45.80, 96
45.83, 96
45.84, 96
45.84, 96
45.84, 96
45.84, 96
45.95, 96
45.99, 96
45.99, 96
45.99, 96
46.40, 96
46.45, 96
46.45, 96
46.52, 96
46.54, 96
46.54, 96
46.54, 96
46.54, 96
46.57, 96
46.57, 96
46.57, 96
46.57, 96
46.57, 96
46.57, 96
46.58, 96
46.58, 96
46.58, 96
46.73, 96
46.87, 96
46.87, 96
46.92, 96
46.92, 96
46.92, 96
46.93, 96
47.07, 96
47.37, 96
47.40, 96
47.40, 96
47.41, 96
47.41, 96
47.78, 96
47.78, 96
47.79, 96
47.79, 96
47.83, 96
47.83, 96
47.83, 96
47.83, 96
47.85, 96
47.85, 96
47.85, 96
47.85, 96
47.86, 96
47.86, 96
47.86, 96
47.86, 96
47.86, 96
47.86, 96
47.86, 96
47.97, 96
47.97, 96
47.97, 96
47.97, 96
47.97, 96
47.97, 96
47.97, 96
47.97, 96
47.99, 96
48.11, 96
48.11, 96
48.11, 96
48.14, 96
48.15, 96
48.15, 96
48.31, 96
48.31, 96
48.31, 96
48.31, 96
48.31, 96
48.31, 96
48.34, 96
48.34, 96
48.55, 96
48.56, 96
48.56, 96
48.56, 96
48.56, 96
48.72, 96
48.73, 96
48.73, 96
48.74, 96
48.74, 96
48.74, 96
48.82, 96
48.83, 96
48.84, 96
48.84, 96
48.84, 96
48.84, 96
48.89, 96
48.90, 96
49.18, 96
49.18, 96
49.75, 96
49.75, 96
49.79, 96
49.79, 96
49.79, 96
49.79, 96
49.79, 96
49.80, 96
49.91, 96
49.92, 96
50.06, 96
50.06, 96
50.17, 96
50.17, 96
50.17, 96
50.17, 96
50.19, 96
50.19, 96
50.19, 96
50.19, 96
50.20, 96
50.20, 96
50.20, 96
50.20, 96
50.20, 96
50.20, 96
50.20, 96
50.20, 96
50.22, 96
50.22, 96
50.22, 96
50.22, 96
50.22, 96
50.31, 96
50.31, 96
50.31, 96
50.33, 96
50.39, 96
50.39, 96
50.39, 96
50.40, 96
50.40, 96
50.43, 96
50.45, 96
50.46, 96
50.46, 96
50.46, 96
50.47, 96
50.49, 96
50.55, 96
50.55, 96
50.68, 96
50.68, 96
50.68, 96
50.68, 96
50.68, 96
50.68, 96
50.68, 96
50.68, 96
50.68, 96
50.72, 96
50.74, 96
50.75, 96
50.75, 96
50.75, 96
50.76, 96
50.88, 96
50.88, 96
51.08, 96
51.09, 96
51.09, 96
51.25, 96
51.27, 96
51.30, 96
51.30, 96
51.30, 96
51.30, 96
51.30, 96
51.31, 96
51.31, 96
51.31, 96
51.31, 96
51.39, 96
51.40, 96
51.40, 96
51.40, 96
51.40, 96
51.40, 96
51.40, 96
51.41, 96
51.41, 96
51.41, 96
51.41, 96
51.41, 96
51.51, 96
51.53, 96
51.53, 96
51.53, 96
51.53, 96
51.53, 96
51.53, 96
51.53, 96
51.64, 96
51.64, 96
52.08, 96
52.08, 96
52.09, 96
52.09, 96
52.09, 96
52.11, 96
52.11, 96
52.25, 96
52.25, 96
52.26, 96
52.26, 96
52.26, 96
52.26, 96
52.26, 96
52.26, 96
52.28, 96
52.28, 96
52.28, 96
52.29, 96
52.29, 96
52.45, 96
52.50, 96
52.51, 96
52.51, 96
52.51, 96
52.51, 96
52.52, 96
52.52, 96
52.52, 96
52.52, 96
52.52, 96
52.52, 96
52.52, 96
52.63, 96
52.63, 96
52.63, 96
52.63, 96
52.64, 96
52.64, 96
52.64, 96
52.64, 96
52.64, 96
52.64, 96
52.67, 96
52.68, 96
52.68, 96
52.69, 96
52.73, 96
52.76, 96
52.76, 96
52.76, 96
52.76, 96
52.76, 96
52.76, 96
52.78, 96
52.78, 96
52.79, 96
52.79, 96
52.79, 96
53.43, 96
53.44, 96
53.84, 96
53.84, 96
53.84, 96
53.84, 96
54.00, 96
54.01, 96
54.12, 96
54.12, 96
54.15, 96
54.22, 96
54.22, 96
54.25, 96
54.25, 96
54.25, 96
54.25, 96
54.25, 96
54.59, 96
54.59, 96
54.60, 96
54.60, 96
54.60, 96
54.96, 96
54.97, 96
54.97, 96
55.26, 96
55.27, 96
55.27, 96
55.28, 96
55.39, 96
55.61, 96
55.68, 96
55.69, 96
55.69, 96
55.69, 96
55.69, 96
55.69, 96
55.69, 96
55.70, 96
55.70, 96
55.79, 96
55.79, 96
55.79, 96
55.79, 96
55.80, 96
55.80, 96
55.81, 96
55.81, 96
55.81, 96
55.81, 96
55.86, 96
55.88, 96
55.88, 96
55.88, 96
55.88, 96
56.52, 96
56.78, 96
56.79, 96
56.80, 96
56.81, 96
56.81, 96
56.83, 96
57.04, 96
57.04, 96
57.04, 96
57.04, 96
57.04, 96
57.08, 96
57.08, 96
57.09, 96
57.11, 96
57.11, 96
57.11, 96
57.11, 96
57.12, 96
57.12, 96
57.12, 96
57.14, 96
57.19, 96
57.20, 96
57.29, 96
57.29, 96
57.30, 96
57.30, 96
57.30, 96
57.30, 96
57.30, 96
57.37, 96
57.40, 96
57.40, 96
57.40, 96
57.40, 96
57.40, 96
57.62, 96
57.62, 96
57.93, 96
57.94, 96
57.98, 96
57.98, 96
57.98, 96
57.98, 96
57.98, 96
57.98, 96
57.98, 96
57.99, 96
57.99, 96
57.99, 96
57.99, 96
57.99, 96
57.99, 96
57.99, 96
57.99, 96
57.99, 96
58.00, 96
58.00, 96
58.00, 96
58.00, 96
58.00, 96
58.01, 96
58.01, 96
58.02, 96
58.04, 96
58.04, 96
58.04, 96
58.04, 96
58.04, 96
58.05, 96
58.08, 96
58.08, 96
58.09, 96
58.16, 96
58.16, 96
58.16, 96
58.16, 96
58.16, 96
58.16, 96
58.16, 96
58.17, 96
58.32, 96
58.32, 96
58.33, 96
58.48, 96
58.51, 96
58.61, 96
58.62, 96
58.63, 96
58.63, 96
58.63, 96
58.71, 96
58.71, 96
58.71, 96
58.72, 96
58.72, 96
58.72, 96
58.72, 96
58.72, 96
58.77, 96
58.77, 96
58.77, 96
58.77, 96
58.77, 96
58.78, 96
58.79, 96
58.79, 96
58.79, 96
58.79, 96
58.86, 96
58.86, 96
58.86, 96
58.86, 96
58.86, 96
58.86, 96
58.86, 96
58.86, 96
58.86, 96
58.87, 96
58.93, 96
58.94, 96
58.94, 96
58.95, 96
58.95, 96
58.97, 96
58.99, 96
59.00, 96
59.00, 96
59.00, 96
59.00, 96
59.01, 96
59.01, 96
59.01, 96
59.01, 96
59.24, 96
59.24, 96
59.27, 96
59.28, 96
59.28, 96
59.28, 96
59.28, 96
59.28, 96
59.29, 96
59.29, 96
59.29, 96
59.29, 96
59.29, 96
59.29, 96
59.32, 96
59.33, 96
59.33, 96
59.36, 96
59.36, 96
59.37, 96
59.38, 96
59.38, 96
59.40, 96
59.40, 96
59.41, 96
59.41, 96
59.41, 96
59.41, 96
59.41, 96
59.41, 96
59.41, 96
59.41, 96
59.41, 96
59.41, 96
59.45, 96
59.45, 96
59.46, 96
59.50, 96
59.60, 96
59.60, 96
59.60, 96
59.66, 96
59.67, 96
59.68, 96
59.68, 96
59.68, 96
59.68, 96
59.68, 96
59.81, 96
59.81, 96
59.83, 96
59.84, 96
59.85, 96
59.85, 96
59.86, 96
59.86, 96
59.86, 96
59.88, 96
59.88, 96
59.88, 96
60.15, 96
60.15, 96
60.16, 96
60.20, 96
60.20, 96
60.20, 96
60.20, 96
60.21, 96
60.26, 96
60.26, 96
60.26, 96
60.26, 96
60.26, 96
60.26, 96
60.41, 96
60.41, 96
60.41, 96
60.42, 96
60.42, 96
60.42, 96
60.42, 96
60.42, 96
60.43, 96
60.43, 96
60.43, 96
60.43, 96
60.44, 96
60.44, 96
60.44, 96
60.44, 96
60.45, 96
60.45, 96
60.47, 96
60.47, 96
60.51, 96
60.51, 96
60.52, 96
60.52, 96
60.91, 96
61.11, 96
61.11, 96
61.11, 96
61.11, 96
61.11, 96
61.12, 96
61.12, 96
61.31, 96
61.31, 96
61.31, 96
61.31, 96
61.45, 96
61.45, 96
61.46, 96
61.46, 96
61.46, 96
61.46, 96
61.46, 96
61.46, 96
61.47, 96
61.47, 96
61.47, 96
61.47, 96
61.47, 96
61.48, 96
61.48, 96
61.51, 96
61.51, 96
61.51, 96
61.58, 96
61.58, 96
61.65, 96
61.84, 96
61.84, 96
61.84, 96
61.84, 96
61.97, 96
62.12, 96
62.12, 96
62.12, 96
62.13, 96
62.13, 96
62.29, 96
62.29, 96
62.30, 96
62.32, 96
62.40, 96
62.40, 96
62.41, 96
62.41, 96
62.41, 96
62.41, 96
62.43, 96
62.43, 96
62.43, 96
62.43, 96
62.44, 96
62.44, 96
62.44, 96
62.44, 96
62.44, 96
62.58, 96
62.58, 96
62.58, 96
62.69, 96
63.15, 96
63.15, 96
63.16, 96
63.20, 96
63.20, 96
63.20, 96
63.27, 96
63.28, 96
63.31, 96
63.32, 96
63.43, 96
63.43, 96
63.43, 96
63.57, 96
63.70, 96
63.70, 96
63.70, 96
63.70, 96
63.73, 96
63.74, 96
63.74, 96
63.74, 96
63.74, 96
63.76, 96
63.93, 96
63.94, 96
63.94, 96
63.94, 96
63.94, 96
63.94, 96
63.95, 96
63.95, 96
63.95, 96
63.95, 96
63.96, 96
63.96, 96
63.96, 96
63.96, 96
63.96, 96
63.98, 96
63.98, 96
63.98, 96
63.98, 96
63.99, 96
63.99, 96
64.06, 96
64.07, 96
64.07, 96
64.07, 96
64.07, 96
64.07, 96
64.07, 96
64.13, 96
64.13, 96
64.13, 96
64.13, 96
64.13, 96
64.13, 96
64.14, 96
64.14, 96
64.14, 96
64.14, 96
64.14, 96
64.15, 96
64.15, 96
64.15, 96
64.15, 96
64.35, 96
64.35, 96
64.37, 96
64.38, 96
64.38, 96
64.38, 96
64.38, 96
64.38, 96
64.38, 96
64.39, 96
64.39, 96
64.39, 96
64.39, 96
64.39, 96
64.39, 96
64.39, 96
64.40, 96
64.67, 96
64.86, 96
64.86, 96
64.86, 96
64.86, 96
64.86, 96
64.86, 96
64.86, 96
64.86, 96
64.86, 96
65.13, 96
65.13, 96
65.13, 96
65.17, 96
65.21, 96
65.21, 96
65.22, 96
65.22, 96
65.22, 96
65.25, 96
65.25, 96
65.33, 96
65.65, 96
65.70, 96
65.70, 96
65.71, 96
65.71, 96
65.71, 96
65.71, 96
65.71, 96
65.71, 96
65.72, 96
65.72, 96
65.73, 96
65.85, 96
65.85, 96
65.86, 96
65.87, 96
65.88, 96
65.94, 96
65.94, 96
65.95, 96
65.95, 96
65.96, 96
65.96, 96
65.97, 96
65.97, 96
65.97, 96
66.09, 96
66.09, 96
66.09, 96
66.09, 96
66.10, 96
66.11, 96
66.11, 96
66.11, 96
66.11, 96
66.12, 96
66.12, 96
66.12, 96
66.12, 96
66.15, 96
66.16, 96
66.16, 96
66.17, 96
66.18, 96
66.18, 96
66.27, 96
66.27, 96
66.31, 96
66.49, 96
66.49, 96
66.49, 96
66.49, 96
66.49, 96
66.49, 96
66.49, 96
66.50, 96
66.50, 96
66.52, 96
66.75, 96
66.75, 96
66.76, 96
66.76, 96
66.76, 96
66.76, 96
66.78, 96
66.78, 96
66.78, 96
66.78, 96
66.78, 96
66.78, 96
66.79, 96
66.79, 96
66.79, 96
66.79, 96
66.79, 96
66.79, 96
66.80, 96
66.80, 96
66.80, 96
66.81, 96
66.83, 96
66.83, 96
66.83, 96
66.83, 96
66.90, 96
67.04, 96
67.04, 96
67.04, 96
67.04, 96
67.05, 96
67.05, 96
67.05, 96
67.05, 96
67.10, 96
67.10, 96
67.10, 96
67.30, 96
67.36, 96
67.49, 96
67.49, 96
67.49, 96
67.51, 96
67.61, 96
67.61, 96
67.65, 96
67.65, 96
67.65, 96
68.30, 96
68.30, 96
68.30, 96
68.30, 96
68.34, 96
68.48, 96
68.48, 96
68.49, 96
68.49, 96
68.54, 96
68.54, 96
68.54, 96
68.54, 96
68.54, 96
68.54, 96
68.58, 96
68.59, 96
68.60, 96
68.62, 96
68.62, 96
68.62, 96
68.62, 96
68.62, 96
68.63, 96
68.64, 96
68.83, 96
68.83, 96
68.83, 96
68.83, 96
68.90, 96
68.90, 96
68.90, 96
68.90, 96
68.96, 96
69.17, 96
69.18, 96
69.18, 96
69.18, 96
69.18, 96
69.18, 96
69.21, 96
69.21, 96
69.24, 96
69.24, 96
69.26, 96
69.43, 96
69.44, 96
69.45, 96
69.45, 96
69.45, 96
69.45, 96
69.47, 96
69.47, 96
69.72, 96
69.72, 96
69.72, 96
69.74, 96
69.76, 96
69.79, 96
69.95, 96
69.95, 96
69.96, 96
69.96, 96
69.96, 96
70.09, 96
70.27, 96
70.27, 96
70.28, 96
70.28, 96
70.28, 96
70.28, 96
70.28, 96
70.28, 96
70.33, 96
70.33, 96
70.34, 96
70.34, 96
70.34, 96
70.35, 96
70.77, 96
70.77, 96
70.77, 96
70.79, 96
70.79, 96
70.79, 96
70.80, 96
70.80, 96
70.80, 96
70.80, 96
70.80, 96
70.80, 96
70.80, 96
70.80, 96
70.80, 96
70.81, 96
70.81, 96
70.82, 96
70.82, 96
70.82, 96
70.82, 96
70.94, 96
70.94, 96
70.96, 96
70.96, 96
70.96, 96
71.18, 96
71.18, 96
71.18, 96
71.19, 96
71.19, 96
71.20, 96
71.21, 96
71.25, 96
71.27, 96
71.27, 96
71.27, 96
71.27, 96
71.27, 96
71.27, 96
71.28, 96
71.28, 96
71.28, 96
71.38, 96
71.38, 96
71.39, 96
71.41, 96
71.47, 96
71.47, 96
71.47, 96
71.48, 96
71.48, 96
71.48, 96
71.48, 96
71.48, 96
71.48, 96
71.48, 96
71.49, 96
71.49, 96
71.49, 96
71.50, 96
71.50, 96
71.50, 96
71.50, 96
71.50, 96
71.77, 96
72.36, 96
72.42, 96
72.42, 96
72.63, 96
72.63, 96
72.76, 96
72.76, 96
73.13, 96
73.13, 96
73.13, 96
73.13, 96
73.13, 96
73.13, 96
73.13, 96
73.13, 96
73.20, 96
73.20, 96
73.20, 96
73.20, 96
73.20, 96
73.20, 96
73.20, 96
73.20, 96
73.22, 96
73.22, 96
73.22, 96
73.23, 96
73.23, 96
73.23, 96
73.25, 96
73.26, 96
73.26, 96
73.26, 96
73.27, 96
73.28, 96
73.28, 96
73.28, 96
73.28, 96
73.28, 96
73.28, 96
73.32, 96
73.32, 96
73.32, 96
73.33, 96
73.34, 96
73.44, 96
73.57, 96
73.57, 96
73.57, 96
73.57, 96
73.69, 96
73.71, 96
73.72, 96
73.74, 96
73.74, 96
73.75, 96
73.75, 96
73.75, 96
73.75, 96
73.75, 96
73.75, 96
73.79, 96
73.83, 96
73.83, 96
73.83, 96
73.85, 96
73.85, 96
73.85, 96
74.08, 96
74.08, 96
74.09, 96
74.09, 96
74.09, 96
74.16, 96
74.16, 96
74.30, 96
74.30, 96
74.30, 96
74.30, 96
74.32, 96
74.32, 96
74.33, 96
74.33, 96
74.35, 96
74.35, 96
74.36, 96
74.36, 96
74.36, 96
74.37, 96
74.37, 96
74.42, 96
74.42, 96
74.42, 96
74.42, 96
74.42, 96
74.44, 96
74.45, 96
74.45, 96
74.45, 96
74.45, 96
75.15, 96
75.15, 96
75.16, 96
75.18, 96
75.18, 96
75.18, 96
75.19, 96
75.19, 96
75.19, 96
75.19, 96
75.19, 96
75.20, 96
75.20, 96
75.28, 96
75.69, 96
75.69, 96
75.74, 96
75.76, 96
75.76, 96
75.76, 96
75.76, 96
75.76, 96
75.77, 96
75.77, 96
75.89, 96
75.89, 96
75.89, 96
75.89, 96
75.90, 96
75.90, 96
75.91, 96
75.91, 96
75.91, 96
75.91, 96
75.92, 96
75.92, 96
75.92, 96
75.92, 96
75.92, 96
75.92, 96
75.93, 96
75.93, 96
75.93, 96
75.94, 96
75.94, 96
75.94, 96
75.94, 96
76.05, 96
76.14, 96
76.14, 96
76.14, 96
76.15, 96
76.15, 96
76.15, 96
76.15, 96
76.26, 96
76.26, 96
76.26, 96
76.26, 96
76.26, 96
76.26, 96
76.26, 96
76.27, 96
76.28, 96
76.43, 96
76.43, 96
76.43, 96
76.43, 96
76.44, 96
76.59, 96
76.59, 96
76.59, 96
76.59, 96
76.59, 96
76.60, 96
76.61, 96
76.61, 96
76.61, 96
76.61, 96
76.68, 96
76.68, 96
76.68, 96
76.68, 96
76.69, 96
76.69, 96
76.69, 96
76.69, 96
76.70, 96
76.70, 96
76.70, 96
76.72, 96
76.75, 96
76.75, 96
76.75, 96
76.75, 96
76.75, 96
76.76, 96
76.76, 96
76.78, 96
76.79, 96
76.79, 96
76.79, 96
76.79, 96
76.79, 96
76.95, 96
76.96, 96
76.96, 96
77.01, 96
77.05, 96
77.07, 96
77.07, 96
77.07, 96
77.07, 96
77.08, 96
77.18, 96
77.18, 96
77.18, 96
77.18, 96
77.81, 96
77.81, 96
77.81, 96
77.81, 96
77.83, 96
77.83, 96
77.93, 96
77.93, 96
77.93, 96
78.06, 96
78.29, 96
78.92, 96
78.92, 96
79.56, 96
79.70, 96
79.71, 96
79.71, 96
79.87, 96
79.99, 96
79.99, 96
79.99, 96
80.02, 96
80.02, 96
80.02, 96
80.03, 96
80.03, 96
80.45, 96
80.45, 96
80.45, 96
80.54, 96
80.55, 96
80.55, 96
80.57, 96
80.58, 96
80.58, 96
80.58, 96
80.58, 96
81.17, 96
81.17, 96
81.17, 96
81.18, 96
81.18, 96
81.19, 96
81.19, 96
81.19, 96
81.19, 96
81.19, 96
81.22, 96
81.26, 96
81.26, 96
81.26, 96
81.26, 96
81.26, 96
81.26, 96
81.26, 96
81.27, 96
81.27, 96
81.27, 96
81.27, 96
81.27, 96
81.28, 96
81.29, 96
81.29, 96
81.29, 96
81.29, 96
81.32, 96
81.33, 96
81.33, 96
81.33, 96
81.33, 96
81.52, 96
81.52, 96
81.52, 96
81.54, 96
81.56, 96
81.56, 96
81.56, 96
81.56, 96
81.56, 96
81.85, 96
82.02, 96
82.02, 96
82.02, 96
82.02, 96
82.03, 96
82.03, 96
82.03, 96
82.03, 96
82.03, 96
82.03, 96
82.09, 96
82.09, 96
82.09, 96
82.09, 96
82.09, 96
82.12, 96
82.46, 96
82.46, 96
82.46, 96
82.46, 96
82.47, 96
82.47, 96
82.47, 96
82.47, 96
82.54, 96
82.75, 96
82.75, 96
82.82, 96
82.82, 96
82.82, 96
82.85, 96
82.86, 96
82.86, 96
82.87, 96
82.87, 96
82.88, 96
82.91, 96
82.91, 96
82.92, 96
82.92, 96
82.92, 96
83.13, 96
83.13, 96
83.13, 96
83.13, 96
83.56, 96
83.56, 96
83.56, 96
83.94, 96
83.94, 96
83.94, 96
83.95, 96
83.95, 96
83.96, 96
83.97, 96
83.98, 96
83.98, 96
83.99, 96
83.99, 96
84.01, 96
84.01, 96
84.01, 96
84.01, 96
84.19, 96
84.23, 96
84.23, 96
84.23, 96
84.23, 96
84.23, 96
84.23, 96
84.41, 96
84.42, 96
84.44, 96
84.44, 96
84.44, 96
84.44, 96
84.45, 96
84.46, 96
84.81, 96
84.81, 96
84.84, 96
84.84, 96
84.84, 96
84.84, 96
84.85, 96
84.85, 96
85.19, 96
85.19, 96
85.19, 96
85.22, 96
85.22, 96
85.22, 96
85.25, 96
85.25, 96
85.25, 96
85.25, 96
85.26, 96
85.26, 96
85.26, 96
85.26, 96
85.32, 96
85.33, 96
85.33, 96
85.33, 96
85.33, 96
85.33, 96
85.33, 96
85.35, 96
85.36, 96
85.36, 96
85.42, 96
85.42, 96
85.42, 96
85.42, 96
85.43, 96
85.43, 96
85.43, 96
85.43, 96
85.43, 96
85.43, 96
85.43, 96
85.51, 96
85.51, 96
85.51, 96
85.54, 96
85.54, 96
85.54, 96
85.54, 96
85.56, 96
85.56, 96
85.57, 96
85.57, 96
85.57, 96
85.57, 96
85.57, 96
85.57, 96
85.57, 96
85.57, 96
85.57, 96
85.64, 96
85.64, 96
85.68, 96
85.68, 96
85.74, 96
85.74, 96
85.91, 96
85.91, 96
85.91, 96
85.91, 96
85.97, 96
85.97, 96
86.03, 96
86.03, 96
86.03, 96
86.03, 96
86.04, 96
86.05, 96
86.05, 96
86.05, 96
86.05, 96
86.07, 96
86.09, 96
86.09, 96
86.09, 96
86.18, 96
86.20, 96
86.20, 96
86.20, 96
86.21, 96
86.21, 96
86.21, 96
86.21, 96
86.21, 96
86.22, 96
86.22, 96
86.23, 96
86.27, 96
86.27, 96
86.27, 96
86.27, 96
86.27, 96
86.28, 96
86.34, 96
86.34, 96
86.34, 96
86.34, 96
86.34, 96
86.35, 96
86.40, 96
86.58, 96
86.58, 96
86.58, 96
86.71, 96
86.71, 96
86.71, 96
86.74, 96
86.94, 96
86.94, 96
86.94, 96
86.95, 96
86.95, 96
86.97, 96
87.29, 96
87.29, 96
87.29, 96
87.29, 96
87.29, 96
87.30, 96
87.36, 96
87.36, 96
87.36, 96
87.36, 96
87.37, 96
87.37, 96
87.37, 96
87.47, 96
87.47, 96
87.47, 96
87.52, 96
87.52, 96
87.52, 96
87.52, 96
87.82, 96
87.82, 96
88.12, 96
88.12, 96
88.13, 96
88.13, 96
88.14, 96
88.14, 96
88.29, 96
88.30, 96
88.30, 96
88.36, 96
88.36, 96
88.37, 96
88.37, 96
88.37, 96
88.37, 96
88.37, 96
88.37, 96
88.37, 96
88.38, 96
88.38, 96
88.38, 96
88.38, 96
88.40, 96
88.40, 96
88.40, 96
88.40, 96
88.40, 96
88.40, 96
88.52, 96
88.53, 96
88.53, 96
88.53, 96
88.53, 96
88.54, 96
88.54, 96
88.54, 96
88.54, 96
88.55, 96
88.56, 96
88.56, 96
88.57, 96
88.57, 96
88.57, 96
88.57, 96
88.57, 96
88.62, 96
88.62, 96
88.67, 96
88.67, 96
88.67, 96
88.92, 96
89.05, 96
89.05, 96
89.06, 96
89.06, 96
89.06, 96
89.14, 96
89.31, 96
89.52, 96
89.52, 96
89.52, 96
89.53, 96
89.54, 96
89.54, 96
89.54, 96
89.54, 96
89.69, 96
89.69, 96
89.70, 96
89.70, 96
89.70, 96
89.70, 96
89.70, 96
89.70, 96
89.71, 96
89.79, 96
89.79, 96
89.86, 96
89.86, 96
89.87, 96
89.87, 96
89.88, 96
89.96, 96
89.96, 96
89.96, 96
89.97, 96
90.10, 96
90.13, 96
90.14, 96
90.14, 96
90.49, 96
90.49, 96
90.51, 96
90.51, 96
90.51, 96
90.51, 96
90.58, 96
90.59, 96
90.59, 96
90.60, 96
90.72, 96
90.72, 96
90.72, 96
90.72, 96
90.72, 96
90.72, 96
90.72, 96
90.73, 96
90.73, 96
90.75, 96
90.75, 96
90.76, 96
90.76, 96
90.76, 96
90.76, 96
90.76, 96
90.76, 96
90.76, 96
90.76, 96
90.77, 96
90.77, 96
90.77, 96
90.77, 96
90.85, 96
90.85, 96
90.85, 96
90.85, 96
90.86, 96
90.86, 96
90.86, 96
90.86, 96
90.86, 96
90.87, 96
90.87, 96
90.87, 96
90.87, 96
90.87, 96
90.88, 96
90.88, 96
90.88, 96
90.88, 96
90.88, 96
91.11, 96
91.11, 96
91.11, 96
91.12, 96
91.12, 96
91.12, 96
91.12, 96
91.13, 96
91.13, 96
91.13, 96
91.13, 96
91.13, 96
91.13, 96
91.13, 96
91.13, 96
91.14, 96
91.14, 96
91.14, 96
91.14, 96
91.30, 96
91.36, 96
91.47, 96
91.47, 96
91.47, 96
91.49, 96
91.84, 96
91.84, 96
91.85, 96
91.88, 96
91.89, 96
91.91, 96
91.99, 96
91.99, 96
91.99, 96
92.00, 96
92.00, 96
92.08, 96
92.14, 96
92.15, 96
92.29, 96
92.29, 96
92.30, 96
92.42, 96
92.47, 96
92.50, 96
92.50, 96
92.50, 96
92.50, 96
92.50, 96
92.51, 96
92.51, 96
92.51, 96
92.51, 96
92.51, 96
92.54, 96
92.54, 96
92.54, 96
92.54, 96
92.54, 96
92.55, 96
92.79, 96
92.80, 96
92.80, 96
92.80, 96
92.81, 96
92.81, 96
92.81, 96
92.81, 96
92.81, 96
92.84, 96
92.84, 96
92.84, 96
92.84, 96
92.85, 96
92.86, 96
92.86, 96
92.86, 96
92.86, 96
92.86, 96
92.86, 96
92.87, 96
92.90, 96
92.93, 96
92.93, 96
92.93, 96
92.94, 96
92.94, 96
92.94, 96
92.94, 96
92.97, 96
92.97, 96
92.97, 96
92.97, 96
92.98, 96
92.98, 96
92.98, 96
92.98, 96
92.99, 96
92.99, 96
92.99, 96
92.99, 96
93.01, 96
93.01, 96
93.01, 96
93.01, 96
93.01, 96
93.01, 96
93.02, 96
93.03, 96
93.03, 96
93.03, 96
93.03, 96
93.04, 96
93.05, 96
93.05, 96
93.05, 96
93.05, 96
93.06, 96
93.17, 96
93.17, 96
93.17, 96
93.17, 96
93.18, 96
93.21, 96
93.22, 96
93.22, 96
93.22, 96
93.23, 96
93.23, 96
93.23, 96
93.23, 96
93.23, 96
93.37, 96
93.37, 96
93.70, 96
93.70, 96
93.70, 96
93.70, 96
93.70, 96
93.70, 96
93.70, 96
93.71, 96
93.71, 96
93.72, 96
93.72, 96
93.73, 96
93.73, 96
93.74, 96
93.74, 96
93.74, 96
93.74, 96
93.74, 96
93.75, 96
93.75, 96
93.75, 96
93.86, 96
93.86, 96
93.86, 96
93.86, 96
93.86, 96
93.86, 96
93.86, 96
93.86, 96
93.86, 96
93.86, 96
93.87, 96
94.11, 96
94.11, 96
94.12, 96
94.13, 96
94.13, 96
94.19, 96
94.19, 96
94.19, 96
94.29, 96
94.39, 96
94.39, 96
94.39, 96
94.39, 96
94.40, 96
94.40, 96
94.47, 96
94.49, 96
94.50, 96
94.50, 96
94.50, 96
94.51, 96
94.51, 96
94.51, 96
94.51, 96
94.51, 96
94.51, 96
94.88, 96
94.88, 96
94.89, 96
94.91, 96
95.03, 96
95.04, 96
95.04, 96
95.04, 96
95.05, 96
95.05, 96
95.05, 96
95.05, 96
95.05, 96
95.05, 96
95.07, 96
95.08, 96
95.08, 96
95.08, 96
95.08, 96
95.09, 96
95.09, 96
95.10, 96
95.10, 96
95.12, 96
95.56, 96
95.56, 96
95.61, 96
95.61, 96
95.61, 96
95.61, 96
95.61, 96
95.72, 96
95.76, 96
95.76, 96
95.97, 96
95.97, 96
95.97, 96
96.19, 96
96.19, 96
96.19, 96
96.19, 96
96.27, 96
96.27, 96
96.28, 96
96.45, 96
96.45, 96
96.45, 96
96.46, 96
96.46, 96
96.46, 96
96.46, 96
96.46, 96
96.46, 96
96.59, 96
96.61, 96
96.63, 96
96.63, 96
96.64, 96
96.67, 96
96.68, 96
96.68, 96
96.68, 96
96.69, 96
96.69, 96
96.71, 96
96.71, 96
96.71, 96
96.72, 96
96.72, 96
96.72, 96
96.72, 96
96.72, 96
96.85, 96
96.86, 96
96.86, 96
96.94, 96
96.99, 96
96.99, 96
97.06, 96
97.07, 96
97.07, 96
97.22, 96
97.22, 96
97.22, 96
97.32, 96
97.32, 96
97.32, 96
97.45, 96
97.45, 96
97.56, 96
97.56, 96
97.66, 96
97.74, 96
97.74, 96
98.12, 96
98.12, 96
98.30, 96
98.30, 96
98.30, 96
98.30, 96
98.30, 96
98.30, 96
98.30, 96
98.37, 96
98.37, 96
98.37, 96
98.38, 96
98.38, 96
98.43, 96
98.61, 96
98.61, 96
98.62, 96
98.62, 96
98.62, 96
98.67, 96
98.67, 96
98.67, 96
98.68, 96
98.72, 96
98.72, 96
98.72, 96
98.77, 96
99.12, 96
99.18, 96
99.20, 96
99.20, 96
99.20, 96
99.20, 96
99.21, 96
99.21, 96
99.21, 96
99.25, 96
99.26, 96
99.26, 96
99.26, 96
99.30, 96
99.30, 96
99.30, 96
99.30, 96
99.31, 96
99.31, 96
99.31, 96
99.39, 96
99.39, 96
99.41, 96
99.43, 96
99.43, 96
99.60, 96
99.62, 96
99.62, 96
99.62, 96
99.62, 96
99.62, 96
99.76, 96
99.86, 96
99.86, 96
99.87, 96
99.87, 96
99.87, 96
99.95, 96
99.95, 96
99.95, 96
99.95, 96
99.96, 96
99.96, 96
99.97, 96
99.98, 96
99.98, 96
99.98, 96
99.98, 96
100.08, 96
100.16, 96
100.29, 96
100.30, 96
100.46, 96
100.50, 96
100.50, 96
100.50, 96
100.50, 96
100.51, 96
100.51, 96
100.51, 96
100.51, 96
100.51, 96
100.58, 96
100.58, 96
100.58, 96
100.58, 96
100.59, 96
100.59, 96
100.59, 96
100.59, 96
100.59, 96
100.61, 96
100.61, 96
100.61, 96
100.61, 96
100.62, 96
100.62, 96
100.62, 96
100.62, 96
100.62, 96
100.62, 96
100.62, 96
100.63, 96
100.63, 96
100.64, 96
100.64, 96
100.64, 96
100.70, 96
100.73, 96
100.74, 96
100.74, 96
100.77, 96
100.82, 96
100.82, 96
100.84, 96
100.85, 96
100.85, 96
100.94, 96
100.94, 96
100.94, 96
100.94, 96
100.96, 96
100.96, 96
100.96, 96
101.04, 96
101.04, 96
101.05, 96
101.05, 96
101.07, 96
101.07, 96
101.07, 96
101.13, 96
101.35, 96
101.35, 96
101.36, 96
101.36, 96
101.36, 96
101.38, 96
101.38, 96
101.39, 96
101.44, 96
101.45, 96
101.45, 96
101.48, 96
101.48, 96
101.48, 96
101.48, 96
101.84, 96
101.85, 96
101.85, 96
101.85, 96
101.85, 96
101.85, 96
101.86, 96
102.21, 96
102.21, 96
102.28, 96
102.29, 96
102.29, 96
102.29, 96
102.48, 96
102.48, 96
102.48, 96
102.49, 96
102.55, 96
102.56, 96
102.61, 96
102.61, 96
102.61, 96
102.61, 96
102.62, 96
102.62, 96
102.62, 96
102.62, 96
102.62, 96
102.62, 96
102.63, 96
102.63, 96
102.78, 96
102.78, 96
102.78, 96
102.78, 96
102.78, 96
102.79, 96
102.79, 96
102.79, 96
102.79, 96
102.79, 96
102.83, 96
102.83, 96
102.83, 96
102.87, 96
102.87, 96
102.91, 96
102.91, 96
102.91, 96
102.92, 96
102.92, 96
102.92, 96
102.93, 96
103.23, 96
103.23, 96
103.42, 96
103.42, 96
103.47, 96
103.55, 96
103.55, 96
103.55, 96
103.57, 96
103.57, 96
103.57, 96
103.57, 96
103.79, 96
103.79, 96
103.80, 96
103.88, 96
103.88, 96
103.88, 96
103.91, 96
103.96, 96
104.00, 96
104.00, 96
104.00, 96
104.01, 96
104.87, 96
104.92, 96
104.92, 96
104.92, 96
105.20, 96
105.20, 96
105.20, 96
105.25, 96
105.25, 96
105.74, 96
105.75, 96
105.91, 96
105.91, 96
105.91, 96
105.91, 96
105.92, 96
105.92, 96
105.92, 96
105.95, 96
105.97, 96
105.97, 96
105.97, 96
105.97, 96
105.99, 96
105.99, 96
106.08, 96
106.09, 96
106.09, 96
106.27, 96
106.27, 96
106.29, 96
106.30, 96
106.30, 96
106.30, 96
106.30, 96
106.31, 96
106.32, 96
106.32, 96
106.34, 96
106.45, 96
106.45, 96
106.45, 96
106.45, 96
106.48, 96
106.48, 96
106.49, 96
106.49, 96
106.49, 96
106.49, 96
106.49, 96
106.49, 96
106.49, 96
106.49, 96
106.50, 96
106.50, 96
106.50, 96
106.51, 96
106.51, 96
106.51, 96
106.59, 96
106.59, 96
106.60, 96
106.60, 96
106.60, 96
106.60, 96
106.60, 96
106.60, 96
106.60, 96
106.60, 96
106.60, 96
106.60, 96
106.75, 96
106.75, 96
106.75, 96
106.75, 96
106.75, 96
106.75, 96
106.75, 96
106.75, 96
106.76, 96
106.76, 96
106.76, 96
106.77, 96
106.77, 96
106.77, 96
106.77, 96
106.77, 96
106.77, 96
106.77, 96
106.77, 96
106.81, 96
106.82, 96
106.82, 96
106.82, 96
106.83, 96
106.83, 96
107.16, 96
107.16, 96
107.16, 96
107.43, 96
107.44, 96
107.44, 96
107.44, 96
107.44, 96
107.44, 96
107.44, 96
107.44, 96
107.45, 96
107.45, 96
107.45, 96
107.45, 96
107.45, 96
107.49, 96
107.50, 96
107.50, 96
107.50, 96
107.50, 96
107.50, 96
107.50, 96
107.50, 96
107.50, 96
108.72, 96
108.72, 96
108.75, 96
108.75, 96
108.76, 96
108.86, 96
108.87, 96
108.87, 96
108.87, 96
109.12, 96
109.14, 96
109.15, 96
109.15, 96
109.15, 96
109.21, 96
109.21, 96
109.43, 96
109.44, 96
109.44, 96
109.44, 96
109.45, 96
109.45, 96
109.45, 96
109.45, 96
109.45, 96
110.02, 96
110.02, 96
110.02, 96
110.03, 96
110.03, 96
110.03, 96
110.03, 96
110.03, 96
110.03, 96
110.03, 96
110.03, 96
110.03, 96
110.03, 96
110.05, 96
110.05, 96
110.08, 96
110.09, 96
110.11, 96
110.11, 96
110.34, 96
110.34, 96
110.34, 96
110.34, 96
110.34, 96
110.34, 96
110.34, 96
110.40, 96
110.40, 96
110.41, 96
110.41, 96
110.41, 96
110.41, 96
110.44, 96
110.44, 96
110.64, 96
110.65, 96
110.65, 96
110.73, 96
110.74, 96
110.87, 96
110.96, 96
111.00, 96
111.00, 96
111.00, 96
111.00, 96
111.00, 96
111.02, 96
111.02, 96
111.02, 96
111.28, 96
111.28, 96
111.28, 96
111.28, 96
111.30, 96
111.36, 96
111.36, 96
111.40, 96
111.40, 96
111.40, 96
111.40, 96
111.41, 96
111.41, 96
111.49, 96
111.49, 96
111.49, 96
111.50, 96
111.57, 96
111.58, 96
111.58, 96
111.58, 96
111.58, 96
111.77, 96
111.80, 96
111.80, 96
111.80, 96
111.80, 96
111.80, 96
111.80, 96
111.80, 96
111.80, 96
111.83, 96
111.83, 96
111.83, 96
111.83, 96
111.83, 96
111.84, 96
111.84, 96
111.85, 96
112.10, 96
112.37, 96
112.37, 96
112.38, 96
112.40, 96
112.41, 96
112.44, 96
112.45, 96
112.45, 96
112.49, 96
112.63, 96
112.63, 96
112.68, 96
112.68, 96
112.68, 96
112.68, 96
112.68, 96
112.68, 96
112.68, 96
112.69, 96
112.69, 96
112.69, 96
112.69, 96
112.74, 96
112.74, 96
112.75, 96
112.75, 96
112.75, 96
112.76, 96
112.76, 96
112.81, 96
112.82, 96
112.82, 96
112.83, 96
112.94, 96
112.95, 96
112.95, 96
112.95, 96
112.95, 96
112.95, 96
112.95, 96
112.96, 96
113.34, 96
113.34, 96
113.50, 96
113.50, 96
113.50, 96
113.50, 96
113.51, 96
113.51, 96
113.51, 96
113.51, 96
113.51, 96
113.52, 96
113.52, 96
113.79, 96
113.79, 96
113.79, 96
113.80, 96
113.80, 96
113.80, 96
113.80, 96
113.80, 96
113.80, 96
113.80, 96
113.80, 96
113.89, 96
113.89, 96
113.89, 96
113.97, 96
114.00, 96
114.01, 96
114.01, 96
114.01, 96
114.01, 96
114.02, 96
114.12, 96
114.14, 96
114.14, 96
114.14, 96
114.14, 96
114.15, 96
114.15, 96
114.15, 96
114.16, 96
114.17, 96
114.17, 96
114.17, 96
114.18, 96
114.20, 96
114.20, 96
114.21, 96
114.21, 96
114.21, 96
114.21, 96
114.31, 96
114.31, 96
114.35, 96
114.35, 96
114.37, 96
114.37, 96
114.37, 96
114.54, 96
114.59, 96
114.59, 96
114.73, 96
114.74, 96
114.74, 96
114.74, 96
114.98, 96
115.14, 96
115.14, 96
115.26, 96
115.27, 96
115.27, 96
115.27, 96
115.27, 96
115.43, 96
115.53, 96
115.66, 96
115.68, 96
115.79, 96
115.79, 96
115.80, 96
115.87, 96
115.87, 96
115.87, 96
115.87, 96
115.87, 96
115.87, 96
115.90, 96
115.91, 96
115.91, 96
115.91, 96
115.91, 96
115.91, 96
115.92, 96
115.95, 96
116.10, 96
116.11, 96
116.11, 96
116.12, 96
116.12, 96
116.14, 96
116.17, 96
116.17, 96
116.18, 96
116.18, 96
116.18, 96
116.18, 96
116.18, 96
116.19, 96
116.19, 96
116.19, 96
116.19, 96
116.19, 96
116.19, 96
116.19, 96
116.31, 96
116.32, 96
116.32, 96
116.32, 96
116.32, 96
116.34, 96
116.35, 96
116.35, 96
116.35, 96
116.35, 96
116.35, 96
116.35, 96
116.35, 96
116.42, 96
116.50, 96
116.51, 96
116.51, 96
116.52, 96
116.59, 96
116.59, 96
116.61, 96
116.62, 96
116.62, 96
116.62, 96
116.62, 96
116.62, 96
116.62, 96
116.63, 96
116.63, 96
116.64, 96
116.75, 96
116.99, 96
116.99, 96
116.99, 96
116.99, 96
117.00, 96
117.00, 96
117.07, 96
117.07, 96
117.08, 96
117.08, 96
117.24, 96
117.24, 96
117.25, 96
117.25, 96
117.25, 96
117.25, 96
117.29, 96
117.33, 96
117.33, 96
117.43, 96
117.43, 96
117.43, 96
117.43, 96
117.49, 96
117.49, 96
117.86, 96
117.86, 96
117.86, 96
117.86, 96
117.87, 96
117.87, 96
117.97, 96
118.16, 96
118.16, 96
118.33, 96
118.33, 96
118.34, 96
118.49, 96
118.57, 96
118.57, 96
118.61, 96
118.61, 96
118.78, 96
118.78, 96
118.78, 96
118.78, 96
118.78, 96
118.78, 96
118.78, 96
118.78, 96
118.78, 96
118.78, 96
118.79, 96
118.88, 96
118.88, 96
118.88, 96
118.88, 96
118.88, 96
118.90, 96
118.90, 96
118.90, 96
118.91, 96
118.91, 96
118.91, 96
118.91, 96
118.91, 96
118.91, 96
118.92, 96
118.93, 96
118.93, 96
118.98, 96
118.98, 96
118.98, 96
118.99, 96
118.99, 96
119.05, 96
119.07, 96
119.08, 96
119.09, 96
119.09, 96
119.09, 96
119.09, 96
119.09, 96
119.11, 96
119.12, 96
119.18, 96
119.18, 96
119.18, 96
119.18, 96
119.18, 96
119.18, 96
119.19, 96
119.28, 96
119.28, 96
119.28, 96
119.28, 96
119.33, 96
119.33, 96
119.33, 96
119.33, 96
119.33, 96
119.33, 96
119.33, 96
119.40, 96
119.41, 96
119.41, 96
119.47, 96
119.47, 96
119.48, 96
119.48, 96
119.48, 96
119.48, 96
119.48, 96
119.62, 96
119.63, 96
119.63, 96
119.63, 96
119.63, 96
119.63, 96
119.63, 96
119.83, 96
119.83, 96
120.08, 96
120.76, 96
120.76, 96
120.76, 96
120.76, 96
120.77, 96
120.77, 96
120.77, 96
120.77, 96
120.87, 96
120.88, 96
121.06, 96
121.06, 96
121.06, 96
121.09, 96
121.09, 96
121.26, 96
121.26, 96
121.26, 96
121.26, 96
121.26, 96
121.26, 96
121.26, 96
121.27, 96
121.27, 96
121.27, 96
121.28, 96
121.28, 96
121.28, 96
121.29, 96
121.30, 96
121.30, 96
121.42, 96
121.43, 96
121.43, 96
121.86, 96
121.87, 96
121.87, 96
121.87, 96
121.87, 96
121.88, 96
121.88, 96
121.88, 96
121.88, 96
121.88, 96
121.89, 96
121.89, 96
121.89, 96
121.89, 96
121.90, 96
121.90, 96
122.10, 96
122.10, 96
122.10, 96
122.10, 96
122.14, 96
122.14, 96
122.37, 96
122.37, 96
122.37, 96
122.49, 96
122.49, 96
122.49, 96
122.67, 96
122.67, 96
122.67, 96
122.67, 96
122.70, 96
122.71, 96
122.73, 96
122.73, 96
122.74, 96
122.74, 96
122.74, 96
122.74, 96
122.74, 96
122.74, 96
122.74, 96
122.74, 96
122.74, 96
122.74, 96
122.75, 96
122.77, 96
122.77, 96
122.78, 96
122.78, 96
122.78, 96
122.78, 96
122.79, 96
122.79, 96
122.79, 96
122.92, 96
122.92, 96
122.92, 96
122.92, 96
122.92, 96
123.07, 96
123.08, 96
123.08, 96
123.08, 96
123.08, 96
123.08, 96
123.08, 96
123.10, 96
123.10, 96
123.11, 96
123.11, 96
123.11, 96
123.11, 96
123.11, 96
123.16, 96
123.16, 96
123.16, 96
123.16, 96
123.16, 96
123.17, 96
123.17, 96
123.17, 96
123.17, 96
123.21, 96
123.21, 96
123.37, 96
123.38, 96
123.42, 96
123.46, 96
123.46, 96
123.46, 96
123.47, 96
123.47, 96
123.47, 96
123.69, 96
123.69, 96
123.86, 96
124.11, 96
124.24, 96
124.25, 96
124.25, 96
124.25, 96
124.58, 96
124.60, 96
124.60, 96
124.60, 96
124.65, 96
124.78, 96
124.78, 96
124.78, 96
124.78, 96
124.78, 96
124.78, 96
124.80, 96
125.04, 96
125.04, 96
125.04, 96
125.04, 96
125.04, 96
125.05, 96
125.29, 96
125.29, 96
125.30, 96
125.31, 96
125.31, 96
125.31, 96
125.31, 96
125.31, 96
125.34, 96
125.35, 96
125.36, 96
125.68, 96
125.68, 96
125.68, 96
125.69, 96
125.78, 96
125.78, 96
125.79, 96
125.79, 96
125.79, 96
126.00, 96
126.00, 96
126.00, 96
126.01, 96
126.01, 96
126.01, 96
126.01, 96
126.01, 96
126.02, 96
126.02, 96
126.02, 96
126.02, 96
126.04, 96
126.04, 96
126.05, 96
126.05, 96
126.05, 96
126.11, 96
126.11, 96
126.11, 96
126.11, 96
126.12, 96
126.12, 96
126.12, 96
126.13, 96
126.14, 96
126.28, 96
126.29, 96
126.29, 96
126.34, 96
126.34, 96
126.34, 96
126.35, 96
126.37, 96
126.37, 96
126.37, 96
126.37, 96
126.37, 96
126.53, 96
126.53, 96
126.54, 96
127.19, 96
127.23, 96
127.23, 96
127.31, 96
127.32, 96
127.32, 96
127.32, 96
127.32, 96
127.32, 96
127.33, 96
127.33, 96
127.33, 96
127.33, 96
127.34, 96
127.34, 96
127.34, 96
127.39, 96
127.39, 96
127.64, 96
127.67, 96
127.67, 96
127.67, 96
127.71, 96
127.72, 96
127.72, 96
127.72, 96
127.83, 96
128.03, 96
128.04, 96
128.04, 96
128.04, 96
128.04, 96
128.04, 96
128.05, 96
128.05, 96
128.05, 96
128.11, 96
128.11, 96
128.11, 96
128.11, 96
128.11, 96
128.11, 96
128.11, 96
128.11, 96
128.12, 96
128.12, 96
128.12, 96
128.12, 96
128.12, 96
128.16, 96
128.18, 96
128.18, 96
128.19, 96
128.19, 96
128.19, 96
128.19, 96
128.20, 96
128.20, 96
128.20, 96
128.23, 96
128.28, 96
128.28, 96
128.28, 96
128.28, 96
128.28, 96
128.29, 96
128.29, 96
128.29, 96
128.29, 96
128.29, 96
128.29, 96
128.29, 96
128.31, 96
128.33, 96
128.33, 96
128.33, 96
128.33, 96
128.59, 96
128.59, 96
128.59, 96
128.59, 96
128.60, 96
128.60, 96
128.60, 96
128.60, 96
128.60, 96
128.60, 96
128.60, 96
128.60, 96
128.60, 96
128.60, 96
128.61, 96
128.62, 96
128.68, 96
128.89, 96
128.93, 96
128.93, 96
128.95, 96
128.95, 96
128.96, 96
128.96, 96
129.02, 96
129.03, 96
129.29, 96
129.29, 96
129.29, 96
129.54, 96
129.54, 96
129.55, 96
129.58, 96
129.60, 96
129.60, 96
129.61, 96
129.61, 96
129.61, 96
129.62, 96
129.66, 96
129.66, 96
129.66, 96
129.94, 96
129.94, 96
129.94, 96
129.94, 96
129.94, 96
129.94, 96
129.95, 96
129.95, 96
130.17, 96
130.17, 96
130.17, 96
130.17, 96
130.17, 96
130.18, 96
130.18, 96
130.18, 96
130.18, 96
130.20, 96
130.20, 96
130.20, 96
130.20, 96
130.20, 96
130.27, 96
130.27, 96
130.27, 96
130.27, 96
130.45, 96
130.47, 96
130.47, 96
130.49, 96
130.49, 96
130.49, 96
130.49, 96
130.50, 96
130.50, 96
130.54, 96
130.54, 96
131.09, 96
131.09, 96
131.13, 96
131.13, 96
131.13, 96
131.13, 96
131.25, 96
131.25, 96
131.25, 96
131.25, 96
131.26, 96
131.26, 96
131.38, 96
131.38, 96
131.38, 96
131.38, 96
131.38, 96
131.38, 96
131.39, 96
131.39, 96
131.39, 96
131.39, 96
131.39, 96
131.78, 96
131.80, 96
131.80, 96
132.07, 96
132.07, 96
132.07, 96
132.07, 96
132.07, 96
132.07, 96
132.13, 96
132.13, 96
132.14, 96
132.14, 96
132.14, 96
132.14, 96
132.15, 96
132.15, 96
132.15, 96
132.15, 96
132.15, 96
132.16, 96
132.16, 96
132.16, 96
132.24, 96
132.24, 96
132.24, 96
132.25, 96
132.25, 96
132.25, 96
132.26, 96
132.26, 96
132.26, 96
132.26, 96
132.26, 96
132.57, 96
132.57, 96
132.57, 96
132.59, 96
132.63, 96
132.63, 96
132.63, 96
132.63, 96
132.63, 96
132.64, 96
132.64, 96
132.64, 96
132.64, 96
132.65, 96
132.65, 96
132.65, 96
132.65, 96
132.73, 96
132.73, 96
132.73, 96
132.74, 96
132.77, 96
133.01, 96
133.01, 96
133.01, 96
133.02, 96
133.02, 96
133.02, 96
133.02, 96
133.11, 96
133.16, 96
133.16, 96
133.16, 96
133.17, 96
133.17, 96
133.17, 96
133.17, 96
133.18, 96
133.18, 96
133.18, 96
133.18, 96
133.18, 96
133.42, 96
133.42, 96
133.56, 96
133.57, 96
133.57, 96
133.57, 96
133.57, 96
133.57, 96
133.57, 96
133.57, 96
133.57, 96
133.57, 96
133.57, 96
133.58, 96
133.58, 96
133.58, 96
133.58, 96
133.58, 96
133.58, 96
133.58, 96
133.60, 96
133.80, 96
133.80, 96
133.88, 96
133.88, 96
133.88, 96
133.91, 96
133.91, 96
133.91, 96
133.91, 96
133.91, 96
134.17, 96
134.18, 96
134.18, 96
134.18, 96
134.18, 96
134.18, 96
134.20, 96
134.20, 96
134.20, 96
134.20, 96
134.20, 96
134.20, 96
134.20, 96
134.22, 96
134.22, 96
134.32, 96
134.32, 96
134.33, 96
134.33, 96
134.43, 96
134.43, 96
134.44, 96
134.44, 96
134.44, 96
134.45, 96
134.54, 96
134.54, 96
134.66, 96
134.66, 96
134.66, 96
134.67, 96
134.67, 96
134.82, 96
134.82, 96
134.82, 96
134.82, 96
134.83, 96
134.83, 96
134.84, 96
134.84, 96
135.05, 96
135.05, 96
135.05, 96
135.05, 96
135.05, 96
135.06, 96
135.07, 96
135.12, 96
135.12, 96
135.12, 96
135.13, 96
135.14, 96
135.14, 96
135.14, 96
135.20, 96
135.23, 96
135.37, 96
135.37, 96
135.39, 96
135.40, 96
135.40, 96
135.40, 96
135.40, 96
135.40, 96
135.40, 96
135.40, 96
135.51, 96
135.53, 96
135.53, 96
135.54, 96
135.54, 96
135.54, 96
135.54, 96
135.55, 96
135.55, 96
135.55, 96
135.55, 96
135.55, 96
135.55, 96
135.57, 96
135.57, 96
135.57, 96
135.57, 96
135.58, 96
135.58, 96
135.58, 96
135.58, 96
135.76, 96
135.76, 96
135.76, 96
135.87, 96
135.87, 96
135.87, 96
135.88, 96
135.88, 96
135.88, 96
135.88, 96
135.88, 96
135.88, 96
135.89, 96
135.89, 96
135.94, 96
135.94, 96
135.95, 96
135.95, 96
135.95, 96
135.95, 96
136.07, 96
136.07, 96
136.07, 96
136.08, 96
136.08, 96
136.23, 96
136.23, 96
136.23, 96
136.24, 96
136.24, 96
136.24, 96
136.24, 96
136.24, 96
136.24, 96
136.24, 96
136.24, 96
136.24, 96
136.24, 96
136.25, 96
136.25, 96
136.25, 96
136.25, 96
136.26, 96
136.26, 96
136.27, 96
136.27, 96
136.27, 96
136.38, 96
136.38, 96
136.38, 96
136.40, 96
136.41, 96
136.41, 96
136.41, 96
136.42, 96
136.42, 96
136.42, 96
136.74, 96
136.74, 96
136.74, 96
136.74, 96
136.75, 96
136.77, 96
136.91, 96
137.04, 96
137.04, 96
137.05, 96
137.05, 96
137.06, 96
137.06, 96
137.10, 96
137.10, 96
137.10, 96
137.10, 96
137.10, 96
137.10, 96
137.10, 96
137.10, 96
137.17, 96
137.36, 96
137.37, 96
137.37, 96
137.38, 96
137.38, 96
137.60, 96
137.60, 96
137.60, 96
137.61, 96
137.68, 96
137.68, 96
137.68, 96
137.69, 96
137.69, 96
137.69, 96
137.69, 96
137.70, 96
137.71, 96
137.71, 96
137.71, 96
137.71, 96
137.72, 96
137.73, 96
137.73, 96
137.73, 96
137.73, 96
137.73, 96
137.73, 96
137.94, 96
137.95, 96
138.01, 96
138.01, 96
138.03, 96
138.05, 96
138.05, 96
138.05, 96
138.06, 96
138.07, 96
138.07, 96
138.27, 96
138.27, 96
138.27, 96
138.30, 96
138.32, 96
138.35, 96
138.35, 96
138.48, 96
138.48, 96
138.49, 96
138.49, 96
138.50, 96
138.50, 96
138.56, 96
138.56, 96
138.56, 96
138.57, 96
138.57, 96
138.57, 96
138.57, 96
138.57, 96
138.60, 96
138.60, 96
138.75, 96
138.75, 96
138.76, 96
138.76, 96
138.76, 96
138.78, 96
138.78, 96
138.78, 96
138.90, 96
138.90, 96
138.95, 96
138.95, 96
138.95, 96
139.20, 96
139.26, 96
139.26, 96
139.30, 96
139.61, 96
139.62, 96
139.62, 96
139.62, 96
139.62, 96
139.62, 96
139.62, 96
139.62, 96
139.63, 96
139.74, 96
139.74, 96
139.74, 96
139.74, 96
139.83, 96
139.83, 96
139.83, 96
139.86, 96
139.86, 96
139.91, 96
139.91, 96
139.91, 96
139.92, 96
139.92, 96
139.93, 96
139.93, 96
139.93, 96
139.93, 96
139.93, 96
139.93, 96
139.93, 96
139.93, 96
139.94, 96
139.94, 96
139.94, 96
140.13, 96
140.13, 96
140.27, 96
140.27, 96
140.27, 96
140.27, 96
140.27, 96
140.29, 96
140.30, 96
140.31, 96
140.37, 96
140.44, 96
140.67, 96
140.67, 96
140.67, 96
140.92, 96
140.92, 96
140.92, 96
140.92, 96
140.92, 96
140.92, 96
140.92, 96
140.93, 96
140.96, 96
140.96, 96
141.05, 96
141.05, 96
141.05, 96
141.05, 96
141.05, 96
141.06, 96
141.06, 96
141.07, 96
141.31, 96
141.31, 96
141.33, 96
141.33, 96
141.33, 96
141.33, 96
141.33, 96
141.54, 96
141.55, 96
141.55, 96
141.56, 96
141.61, 96
141.61, 96
141.62, 96
141.62, 96
142.04, 96
142.04, 96
142.04, 96
142.07, 96
142.10, 96
142.10, 96
142.10, 96
142.11, 96
142.12, 96
142.12, 96
142.12, 96
142.12, 96
142.12, 96
142.13, 96
142.31, 96
142.31, 96
142.31, 96
142.32, 96
142.32, 96
142.37, 96
142.37, 96
142.37, 96
142.37, 96
142.38, 96
142.40, 96
142.55, 96
142.55, 96
142.55, 96
142.56, 96
142.56, 96
142.93, 96
142.93, 96
143.11, 96
143.11, 96
143.12, 96
143.12, 96
143.17, 96
143.17, 96
143.17, 96
143.18, 96
143.20, 96
143.20, 96
143.20, 96
143.21, 96
143.21, 96
143.21, 96
143.21, 96
143.21, 96
143.22, 96
143.22, 96
143.22, 96
143.22, 96
143.22, 96
143.22, 96
143.22, 96
143.22, 96
143.23, 96
143.47, 96
143.47, 96
143.48, 96
143.48, 96
143.48, 96
143.48, 96
143.57, 96
143.57, 96
143.57, 96
143.57, 96
143.58, 96
143.58, 96
143.58, 96
143.58, 96
143.58, 96
143.90, 96
143.90, 96
143.90, 96
143.91, 96
143.92, 96
143.92, 96
143.92, 96
144.15, 96
144.15, 96
144.15, 96
144.18, 96
144.18, 96
144.18, 96
144.19, 96
144.19, 96
144.20, 96
144.20, 96
144.35, 96
144.35, 96
144.35, 96
144.35, 96
144.36, 96
144.38, 96
144.38, 96
144.38, 96
144.39, 96
144.39, 96
144.39, 96
144.39, 96
144.40, 96
144.40, 96
144.40, 96
144.59, 96
144.67, 96
144.67, 96
144.68, 96
144.68, 96
144.68, 96
144.98, 96
144.99, 96
144.99, 96
144.99, 96
144.99, 96
144.99, 96
145.00, 96
145.00, 96
145.00, 96
145.00, 96
145.02, 96
145.02, 96
145.03, 96
145.04, 96
145.04, 96
145.04, 96
145.07, 96
145.24, 96
145.24, 96
145.24, 96
145.55, 96
145.55, 96
145.55, 96
145.56, 96
145.57, 96
145.57, 96
145.57, 96
145.57, 96
145.57, 96
145.57, 96
145.57, 96
145.57, 96
145.57, 96
145.58, 96
145.58, 96
145.58, 96
145.58, 96
145.60, 96
145.61, 96
145.62, 96
145.62, 96
145.62, 96
145.62, 96
145.62, 96
145.62, 96
145.62, 96
145.63, 96
145.63, 96
145.63, 96
145.63, 96
145.63, 96
145.67, 96
145.68, 96
146.00, 96
146.17, 96
146.17, 96
146.17, 96
146.29, 96
146.29, 96
146.29, 96
146.29, 96
146.32, 96
146.32, 96
146.32, 96
146.35, 96
146.35, 96
146.35, 96
146.39, 96
146.40, 96
146.40, 96
146.40, 96
146.40, 96
146.40, 96
146.40, 96
146.40, 96
146.40, 96
146.45, 96
146.45, 96
146.46, 96
146.46, 96
146.46, 96
146.46, 96
146.47, 96
146.47, 96
146.51, 96
146.51, 96
146.92, 96
146.92, 96
146.92, 96
146.93, 96
147.01, 96
147.02, 96
147.02, 96
147.10, 96
147.10, 96
147.41, 96
147.41, 96
147.41, 96
147.41, 96
147.41, 96
147.41, 96
147.41, 96
147.41, 96
147.41, 96
147.42, 96
147.42, 96
147.46, 96
147.46, 96
147.47, 96
147.48, 96
147.48, 96
147.48, 96
147.48, 96
147.48, 96
147.86, 96
147.88, 96
147.88, 96
147.89, 96
147.89, 96
147.89, 96
147.89, 96
147.92, 96
147.93, 96
147.95, 96
147.95, 96
148.04, 96
148.04, 96
148.05, 96
148.05, 96
148.05, 96
148.05, 96
148.05, 96
148.05, 96
148.05, 96
148.07, 96
148.07, 96
148.08, 96
148.24, 96
148.56, 96
148.56, 96
148.58, 96
148.58, 96
148.58, 96
148.91, 96
148.91, 96
149.02, 96
149.02, 96
149.02, 96
149.12, 96
149.12, 96
149.12, 96
149.14, 96
149.21, 96
149.23, 96
149.23, 96
149.23, 96
149.23, 96
149.23, 96
149.28, 96
149.28, 96
149.31, 96
149.31, 96
149.31, 96
149.32, 96
149.38, 96
149.39, 96
149.39, 96
149.39, 96
149.39, 96
149.41, 96
149.50, 96
149.50, 96
149.85, 96
149.85, 96
149.85, 96
149.86, 96
149.86, 96
149.86, 96
149.86, 96
149.86, 96
149.86, 96
149.88, 96
149.92, 96
149.93, 96
149.95, 96
150.01, 96
150.01, 96
150.01, 96
150.01, 96
150.02, 96
150.02, 96
150.03, 96
150.20, 96
150.42, 96
150.46, 96
150.47, 96
150.47, 96
150.47, 96
150.48, 96
150.59, 96
150.60, 96
150.60, 96
150.60, 96
150.60, 96
150.86, 96
150.86, 96
150.86, 96
150.86, 96
150.86, 96
150.87, 96
151.16, 96
151.17, 96
151.17, 96
151.17, 96
151.17, 96
151.17, 96
151.17, 96
151.17, 96
151.17, 96
151.18, 96
151.21, 96
151.21, 96
151.21, 96
151.21, 96
151.21, 96
151.21, 96
151.21, 96
151.21, 96
151.22, 96
151.23, 96
151.23, 96
151.24, 96
151.24, 96
151.24, 96
151.24, 96
151.24, 96
151.24, 96
151.24, 96
151.24, 96
151.24, 96
151.24, 96
151.25, 96
151.25, 96
151.25, 96
151.25, 96
151.25, 96
151.25, 96
151.27, 96
151.38, 96
151.38, 96
151.38, 96
151.39, 96
151.39, 96
151.40, 96
151.57, 96
151.57, 96
151.57, 96
151.61, 96
151.61, 96
151.61, 96
151.78, 96
151.93, 96
151.93, 96
151.93, 96
151.93, 96
151.94, 96
151.94, 96
151.94, 96
152.21, 96
152.22, 96
152.22, 96
152.23, 96
152.23, 96
152.23, 96
152.25, 96
152.26, 96
152.26, 96
152.27, 96
152.27, 96
152.27, 96
152.27, 96
152.28, 96
152.35, 96
152.36, 96
152.36, 96
152.36, 96
152.36, 96
152.36, 96
152.36, 96
152.36, 96
152.55, 96
152.56, 96
152.98, 96
152.98, 96
152.98, 96
152.98, 96
152.98, 96
152.99, 96
153.09, 96
153.10, 96
153.10, 96
153.10, 96
153.10, 96
153.10, 96
153.10, 96
153.10, 96
153.11, 96
153.11, 96
153.12, 96
153.20, 96
153.20, 96
153.20, 96
153.20, 96
153.20, 96
153.36, 96
153.36, 96
153.36, 96
153.36, 96
153.38, 96
153.39, 96
153.39, 96
154.33, 96
154.33, 96
154.33, 96
154.45, 96
154.45, 96
154.46, 96
154.46, 96
154.48, 96
154.98, 96
155.01, 96
155.01, 96
155.01, 96
155.02, 96
155.03, 96
155.03, 96
155.03, 96
155.03, 96
155.03, 96
155.23, 96
155.23, 96
155.23, 96
155.23, 96
155.23, 96
155.23, 96
155.23, 96
155.24, 96
155.72, 96
155.72, 96
155.99, 96
156.20, 96
156.21, 96
156.21, 96
156.21, 96
156.22, 96
156.22, 96
156.23, 96
156.23, 96
156.23, 96
156.31, 96
156.31, 96
156.31, 96
156.32, 96
156.32, 96
156.32, 96
156.34, 96
156.34, 96
156.35, 96
156.35, 96
156.35, 96
156.35, 96
156.35, 96
156.35, 96
156.67, 96
156.67, 96
156.69, 96
156.70, 96
156.70, 96
156.70, 96
156.70, 96
156.70, 96
156.73, 96
156.74, 96
156.74, 96
156.74, 96
156.74, 96
156.74, 96
156.74, 96
156.74, 96
156.74, 96
156.80, 96
156.80, 96
156.81, 96
156.81, 96
156.81, 96
156.81, 96
156.81, 96
156.81, 96
156.81, 96
156.81, 96
156.81, 96
156.82, 96
156.82, 96
156.82, 96
156.82, 96
156.99, 96
157.50, 96
157.50, 96
157.50, 96
157.51, 96
157.51, 96
157.52, 96
157.52, 96
157.63, 96
157.64, 96
157.64, 96
157.64, 96
157.64, 96
157.64, 96
157.64, 96
157.65, 96
157.65, 96
157.65, 96
157.66, 96
157.66, 96
157.72, 96
157.79, 96
157.79, 96
157.80, 96
157.80, 96
157.81, 96
157.81, 96
157.81, 96
157.85, 96
157.86, 96
157.86, 96
157.86, 96
157.87, 96
157.87, 96
157.87, 96
157.94, 96
157.94, 96
157.95, 96
158.16, 96
158.17, 96
158.19, 96
158.19, 96
158.25, 96
158.25, 96
158.25, 96
158.25, 96
158.25, 96
158.25, 96
158.25, 96
158.25, 96
158.26, 96
158.26, 96
158.26, 96
158.37, 96
158.37, 96
158.51, 96
158.51, 96
158.51, 96
158.67, 96
158.72, 96
158.72, 96
158.72, 96
158.72, 96
158.72, 96
158.72, 96
158.72, 96
158.72, 96
158.72, 96
158.72, 96
158.73, 96
158.73, 96
158.81, 96
158.81, 96
158.83, 96
158.83, 96
158.87, 96
158.87, 96
158.87, 96
158.90, 96
158.90, 96
158.90, 96
158.90, 96
158.90, 96
158.90, 96
158.91, 96
158.91, 96
158.91, 96
158.91, 96
158.91, 96
159.16, 96
159.18, 96
159.18, 96
159.18, 96
159.20, 96
159.21, 96
159.21, 96
159.21, 96
159.24, 96
159.28, 96
159.28, 96
159.28, 96
159.28, 96
159.29, 96
159.29, 96
159.29, 96
159.30, 96
159.47, 96
159.48, 96
159.49, 96
159.49, 96
159.50, 96
159.50, 96
159.50, 96
159.50, 96
159.51, 96
159.52, 96
159.52, 96
159.52, 96
159.54, 96
159.55, 96
159.63, 96
159.63, 96
159.64, 96
159.64, 96
159.64, 96
159.65, 96
159.65, 96
159.66, 96
159.69, 96
159.69, 96
159.77, 96
159.77, 96
159.77, 96
159.81, 96
159.81, 96
159.81, 96
159.82, 96
159.82, 96
159.82, 96
159.82, 96
159.93, 96
159.93, 96
159.94, 96
159.95, 96
159.95, 96
159.95, 96
160.42, 96
160.56, 96
160.59, 96
160.59, 96
160.63, 96
160.63, 96
160.73, 96
160.73, 96
160.73, 96
160.73, 96
160.73, 96
160.73, 96
160.91, 96
160.91, 96
161.17, 96
161.31, 96
161.32, 96
161.32, 96
161.32, 96
161.35, 96
161.36, 96
161.36, 96
161.36, 96
161.36, 96
161.37, 96
161.37, 96
161.37, 96
161.37, 96
161.37, 96
161.37, 96
161.37, 96
161.44, 96
161.75, 96
161.79, 96
161.81, 96
161.81, 96
161.82, 96
161.82, 96
161.93, 96
161.93, 96
161.93, 96
161.93, 96
161.94, 96
161.94, 96
161.94, 96
161.94, 96
161.95, 96
161.95, 96
161.95, 96
161.95, 96
161.95, 96
161.95, 96
162.07, 96
162.09, 96
162.10, 96
162.10, 96
162.10, 96
162.10, 96
162.10, 96
162.10, 96
162.10, 96
162.11, 96
162.11, 96
162.12, 96
162.12, 96
162.16, 96
162.17, 96
162.31, 96
162.31, 96
162.45, 96
162.45, 96
162.45, 96
162.45, 96
162.46, 96
162.46, 96
162.46, 96
162.51, 96
162.51, 96
162.51, 96
162.51, 96
162.51, 96
162.63, 96
162.65, 96
162.76, 96
162.80, 96
162.80, 96
162.80, 96
162.82, 96
162.83, 96
162.83, 96
162.84, 96
162.84, 96
162.84, 96
162.86, 96
162.95, 96
162.95, 96
162.95, 96
162.95, 96
162.95, 96
163.06, 96
163.06, 96
163.06, 96
163.08, 96
163.08, 96
163.08, 96
163.09, 96
163.23, 96
163.26, 96
163.34, 96
163.34, 96
163.34, 96
163.59, 96
163.59, 96
163.64, 96
163.64, 96
163.64, 96
163.66, 96
163.68, 96
163.68, 96
163.68, 96
163.84, 96
163.84, 96
163.84, 96
163.94, 96
163.94, 96
163.95, 96
163.98, 96
163.99, 96
163.99, 96
163.99, 96
164.01, 96
164.01, 96
164.01, 96
164.01, 96
164.33, 96
164.33, 96
164.33, 96
164.37, 96
164.37, 96
164.37, 96
164.45, 96
164.45, 96
164.59, 96
164.60, 96
164.60, 96
164.79, 96
164.79, 96
164.83, 96
164.83, 96
164.83, 96
164.84, 96
164.84, 96
164.85, 96
164.85, 96
164.85, 96
164.85, 96
164.85, 96
164.85, 96
164.86, 96
164.86, 96
164.87, 96
164.87, 96
164.87, 96
164.97, 96
164.97, 96
165.08, 96
165.11, 96
165.12, 96
165.12, 96
165.14, 96
165.14, 96
165.14, 96
165.14, 96
165.17, 96
165.17, 96
165.17, 96
165.20, 96
165.20, 96
165.20, 96
165.20, 96
165.20, 96
165.20, 96
165.20, 96
165.20, 96
165.22, 96
165.22, 96
165.22, 96
165.22, 96
165.22, 96
165.23, 96
165.23, 96
165.23, 96
165.23, 96
165.23, 96
165.23, 96
165.23, 96
165.25, 96
165.29, 96
165.30, 96
165.30, 96
165.30, 96
165.30, 96
165.30, 96
165.30, 96
165.30, 96
165.30, 96
165.30, 96
165.30, 96
165.32, 96
165.33, 96
165.33, 96
165.33, 96
165.33, 96
165.33, 96
165.34, 96
165.34, 96
165.34, 96
165.35, 96
165.35, 96
165.37, 96
165.46, 96
165.46, 96
165.46, 96
165.62, 96
165.64, 96
165.64, 96
165.64, 96
165.64, 96
165.64, 96
165.64, 96
165.65, 96
165.69, 96
165.70, 96
165.70, 96
165.70, 96
165.70, 96
165.70, 96
165.70, 96
165.72, 96
165.72, 96
165.72, 96
165.72, 96
165.73, 96
165.76, 96
165.77, 96
165.79, 96
165.79, 96
165.79, 96
165.79, 96
165.80, 96
165.82, 96
165.82, 96
165.82, 96
165.82, 96
165.82, 96
165.82, 96
165.82, 96
165.83, 96
165.99, 96
166.00, 96
166.17, 96
166.24, 96
166.24, 96
166.31, 96
166.31, 96
166.31, 96
166.31, 96
166.32, 96
166.32, 96
166.32, 96
166.32, 96
166.32, 96
166.32, 96
166.32, 96
166.33, 96
166.40, 96
166.41, 96
166.42, 96
166.45, 96
166.52, 96
166.67, 96
166.67, 96
166.67, 96
166.67, 96
166.69, 96
166.69, 96
166.70, 96
166.70, 96
166.71, 96
167.10, 96
167.10, 96
167.15, 96
167.78, 96
167.78, 96
167.78, 96
167.78, 96
167.78, 96
168.07, 96
168.07, 96
168.07, 96
168.07, 96
168.07, 96
168.09, 96
168.09, 96
168.09, 96
168.21, 96
168.32, 96
168.53, 96
168.53, 96
168.53, 96
168.69, 96
168.70, 96
168.72, 96
168.79, 96
168.79, 96
168.79, 96
168.79, 96
168.87, 96
168.88, 96
168.88, 96
168.88, 96
169.40, 96
169.40, 96
169.42, 96
169.45, 96
169.45, 96
169.45, 96
169.45, 96
169.45, 96
169.45, 96
169.45, 96
169.45, 96
169.66, 96
169.66, 96
169.66, 96
169.66, 96
169.66, 96
169.66, 96
169.67, 96
169.67, 96
169.67, 96
169.68, 96
169.87, 96
169.89, 96
169.89, 96
169.89, 96
170.02, 96
170.02, 96
170.23, 96
170.23, 96
170.23, 96
170.23, 96
170.23, 96
170.23, 96
170.23, 96
170.24, 96
170.24, 96
170.24, 96
170.24, 96
170.24, 96
170.40, 96
170.41, 96
170.41, 96
170.41, 96
170.41, 96
170.42, 96
170.43, 96
170.43, 96
170.43, 96
170.43, 96
170.44, 96
170.48, 96
170.48, 96
170.48, 96
170.49, 96
170.49, 96
170.49, 96
170.52, 96
170.52, 96
170.52, 96
170.52, 96
170.66, 96
170.66, 96
170.66, 96
170.66, 96
170.66, 96
170.66, 96
170.67, 96
170.67, 96
170.67, 96
170.67, 96
170.73, 96
170.73, 96
170.73, 96
170.87, 96
170.87, 96
171.01, 96
171.01, 96
171.01, 96
171.01, 96
171.04, 96
171.04, 96
171.04, 96
171.05, 96
171.05, 96
171.05, 96
171.05, 96
171.05, 96
171.05, 96
171.05, 96
171.05, 96
171.05, 96
171.06, 96
171.06, 96
171.06, 96
171.07, 96
171.07, 96
171.09, 96
171.09, 96
171.30, 96
171.30, 96
171.42, 96
171.49, 96
171.57, 96
171.57, 96
171.59, 96
171.59, 96
171.70, 96
171.72, 96
171.72, 96
171.72, 96
171.72, 96
171.72, 96
171.72, 96
171.73, 96
171.76, 96
171.76, 96
171.77, 96
172.20, 96
172.50, 96
172.50, 96
172.50, 96
172.51, 96
172.63, 96
172.63, 96
172.63, 96
172.63, 96
172.64, 96
172.76, 96
172.87, 96
172.87, 96
172.87, 96
172.87, 96
173.14, 96
173.14, 96
173.15, 96
173.21, 96
173.21, 96
173.22, 96
173.22, 96
173.22, 96
173.22, 96
173.34, 96
173.34, 96
173.34, 96
173.35, 96
173.35, 96
173.35, 96
173.35, 96
173.39, 96
173.39, 96
173.39, 96
173.39, 96
173.39, 96
173.39, 96
173.39, 96
173.39, 96
173.39, 96
173.42, 96
173.53, 96
173.53, 96
173.53, 96
173.53, 96
173.54, 96
173.54, 96
173.54, 96
173.55, 96
173.55, 96
173.55, 96
173.57, 96
173.65, 96
173.84, 96
173.84, 96
173.84, 96
173.84, 96
173.86, 96
173.86, 96
173.90, 96
174.06, 96
174.14, 96
174.14, 96
174.14, 96
174.14, 96
174.22, 96
174.34, 96
174.68, 96
174.88, 96
174.91, 96
174.94, 96
174.94, 96
175.07, 96
175.07, 96
175.07, 96
175.07, 96
175.13, 96
175.14, 96
175.14, 96
175.14, 96
175.14, 96
175.14, 96
175.14, 96
175.15, 96
175.15, 96
175.21, 96
175.21, 96
175.21, 96
175.22, 96
175.22, 96
175.22, 96
175.23, 96
175.23, 96
175.23, 96
175.23, 96
175.23, 96
175.23, 96
175.23, 96
175.23, 96
175.23, 96
175.38, 96
175.38, 96
175.38, 96
175.53, 96
175.53, 96
175.53, 96
175.54, 96
175.54, 96
175.76, 96
175.76, 96
175.77, 96
175.77, 96
175.77, 96
175.78, 96
175.78, 96
175.78, 96
175.79, 96
175.79, 96
175.80, 96
175.83, 96
175.83, 96
175.83, 96
175.83, 96
175.83, 96
175.90, 96
175.91, 96
175.91, 96
175.92, 96
175.92, 96
175.94, 96
175.94, 96
175.95, 96
175.98, 96
175.98, 96
175.98, 96
175.98, 96
175.98, 96
175.98, 96
176.00, 96
176.02, 96
176.02, 96
176.02, 96
176.02, 96
176.03, 96
176.04, 96
176.19, 96
176.19, 96
176.19, 96
176.20, 96
176.20, 96
176.21, 96
176.21, 96
176.21, 96
176.29, 96
176.30, 96
176.30, 96
176.30, 96
176.77, 96
176.77, 96
176.78, 96
176.78, 96
176.78, 96
176.78, 96
176.78, 96
176.78, 96
176.78, 96
176.78, 96
176.78, 96
176.80, 96
176.86, 96
176.86, 96
176.86, 96
176.86, 96
176.87, 96
176.97, 96
176.98, 96
176.98, 96
176.98, 96
176.98, 96
176.98, 96
177.12, 96
177.12, 96
177.13, 96
177.13, 96
177.54, 96
177.54, 96
177.55, 96
177.55, 96
177.56, 96
177.56, 96
177.80, 96
177.83, 96
177.83, 96
177.84, 96
177.84, 96
177.84, 96
177.84, 96
177.84, 96
177.84, 96
177.91, 96
178.06, 96
178.06, 96
178.15, 96
178.22, 96
178.34, 96
178.34, 96
178.35, 96
178.41, 96
178.41, 96
178.42, 96
178.42, 96
178.57, 96
178.57, 96
178.57, 96
178.63, 96
178.63, 96
178.63, 96
178.63, 96
178.63, 96
178.63, 96
178.64, 96
178.73, 96
178.73, 96
178.73, 96
178.73, 96
178.74, 96
178.75, 96
178.76, 96
178.76, 96
178.77, 96
178.77, 96
178.91, 96
178.91, 96
178.91, 96
178.91, 96
178.91, 96
178.91, 96
178.91, 96
178.91, 96
178.92, 96
178.92, 96
178.92, 96
178.92, 96
179.34, 96
179.51, 96
179.51, 96
179.51, 96
179.51, 96
179.51, 96
179.61, 96
179.61, 96
179.61, 96
179.61, 96
179.61, 96
179.61, 96
179.61, 96
179.61, 96
179.62, 96
179.62, 96
179.62, 96
179.94, 96
179.94, 96
179.94, 96
179.96, 96
179.96, 96
179.96, 96
179.97, 96
179.97, 96
179.97, 96
179.97, 96
