0.01, 102
0.01, 100
0.01, 99
0.01, 99
0.02, 99
0.02, 99
0.02, 99
0.02, 98
0.02, 98
0.02, 98
0.02, 98
0.02, 98
0.02, 98
0.02, 98
0.04, 98
0.04, 98
0.04, 98
0.04, 98
0.04, 98
0.04, 97
0.04, 97
0.05, 97
0.06, 97
0.06, 97
0.06, 97
0.06, 97
0.06, 97
0.06, 97
0.07, 97
0.07, 97
0.07, 97
0.07, 97
0.07, 97
0.07, 97
0.07, 97
0.08, 97
0.08, 97
0.09, 97
0.09, 97
0.09, 97
0.09, 97
0.09, 97
0.10, 97
0.10, 97
0.10, 97
0.11, 97
0.11, 97
0.11, 97
0.11, 97
0.11, 97
0.16, 97
0.16, 97
0.19, 97
0.19, 97
0.19, 97
0.19, 97
0.19, 97
0.19, 97
0.20, 97
0.20, 97
0.23, 97
0.23, 97
0.23, 97
0.23, 97
0.24, 97
0.24, 97
0.24, 97
0.24, 97
0.24, 97
0.24, 97
0.26, 97
0.26, 97
0.27, 97
0.28, 97
0.29, 97
0.29, 97
0.31, 97
0.31, 97
0.31, 97
0.31, 97
0.31, 97
0.31, 97
0.31, 97
0.31, 97
0.32, 97
0.34, 97
0.35, 97
0.35, 97
0.35, 97
0.35, 97
0.36, 97
0.36, 97
0.36, 97
0.36, 97
0.36, 97
0.37, 97
0.37, 97
0.37, 97
0.37, 97
0.37, 96
0.37, 96
0.37, 96
0.37, 96
0.39, 96
0.39, 96
0.42, 96
0.42, 96
0.42, 96
0.44, 96
0.44, 96
0.44, 96
0.47, 96
0.48, 96
0.48, 96
0.48, 96
0.52, 96
0.52, 96
0.52, 96
0.52, 96
0.77, 96
0.77, 96
0.77, 96
0.77, 96
0.78, 96
0.80, 96
0.81, 96
0.81, 96
0.83, 96
0.83, 96
0.86, 96
0.87, 96
0.87, 96
0.87, 96
0.87, 96
0.87, 96
0.87, 96
1.09, 96
1.12, 96
1.13, 96
1.13, 96
1.21, 96
1.21, 96
1.73, 96
1.74, 96
1.74, 96
1.74, 96
1.75, 96
1.76, 96
1.76, 96
1.77, 96
1.77, 96
1.77, 96
1.78, 96
1.80, 96
1.80, 96
1.80, 96
1.80, 96
1.87, 96
1.87, 96
1.87, 96
1.88, 96
1.88, 96
1.88, 96
1.91, 96
1.91, 96
1.92, 96
1.94, 96
1.94, 96
1.96, 96
1.96, 96
1.98, 96
1.98, 96
1.99, 96
1.99, 96
2.00, 96
2.00, 96
2.00, 96
2.00, 96
2.01, 96
2.01, 96
2.01, 96
2.01, 96
2.01, 96
2.40, 96
2.41, 96
2.41, 96
2.41, 96
2.41, 96
2.42, 96
2.42, 96
2.42, 96
2.88, 96
2.88, 96
2.89, 96
3.01, 96
3.02, 96
3.02, 96
3.02, 96
3.02, 96
3.02, 96
3.02, 96
3.20, 96
3.24, 96
3.24, 96
3.24, 96
3.24, 96
3.24, 96
3.25, 96
3.25, 96
3.25, 96
3.25, 96
3.26, 96
3.26, 96
3.26, 96
3.26, 96
3.26, 96
3.26, 96
3.26, 96
3.28, 96
3.29, 96
3.30, 96
3.30, 96
3.30, 96
3.31, 96
3.31, 96
3.31, 96
3.31, 96
3.31, 96
3.31, 96
3.31, 96
3.32, 96
3.32, 96
3.32, 96
3.32, 96
3.33, 96
3.33, 96
3.33, 96
3.35, 96
3.35, 96
3.35, 96
3.35, 96
3.35, 96
3.35, 96
3.37, 96
3.37, 96
3.38, 96
3.38, 96
3.38, 96
3.38, 96
3.38, 96
3.38, 96
3.39, 96
3.39, 96
3.39, 96
3.40, 96
3.40, 96
3.43, 96
3.43, 96
3.44, 96
3.44, 96
3.57, 96
3.57, 96
3.58, 96
3.60, 96
3.61, 96
3.61, 96
3.62, 96
3.62, 96
3.62, 96
3.62, 96
3.62, 96
3.62, 96
3.73, 96
3.73, 96
3.73, 96
3.73, 96
3.79, 96
3.80, 96
3.83, 96
3.83, 96
3.83, 96
3.83, 96
3.83, 96
3.83, 96
3.84, 96
3.84, 96
3.84, 96
3.85, 96
3.96, 96
3.97, 96
3.97, 96
3.97, 96
3.97, 96
3.97, 96
3.97, 96
4.05, 96
4.05, 96
4.05, 96
4.05, 96
4.05, 96
4.06, 96
4.07, 96
4.07, 96
4.07, 96
4.07, 96
4.08, 96
4.08, 96
4.08, 96
4.08, 96
4.08, 96
4.08, 96
4.12, 96
4.12, 96
4.13, 96
4.13, 96
4.13, 96
4.20, 96
4.20, 96
4.20, 96
4.21, 96
4.21, 96
4.21, 96
4.21, 96
4.21, 96
4.21, 96
4.39, 96
4.71, 96
4.79, 96
4.80, 96
4.80, 96
4.80, 96
4.80, 96
4.81, 96
4.81, 96
4.81, 96
4.81, 96
4.81, 96
4.81, 96
4.82, 96
4.83, 96
4.83, 96
4.91, 96
4.91, 96
4.91, 96
4.92, 96
4.92, 96
4.92, 96
5.02, 96
5.03, 96
5.03, 96
5.05, 96
5.06, 96
5.17, 96
5.18, 96
5.18, 96
5.18, 96
5.19, 96
5.20, 96
5.20, 96
5.21, 96
5.24, 96
5.24, 96
5.24, 96
5.25, 96
5.25, 96
5.25, 96
5.25, 96
5.26, 96
5.26, 96
5.26, 96
5.26, 96
5.26, 96
5.28, 96
5.28, 96
5.31, 96
5.31, 96
5.32, 96
5.32, 96
5.32, 96
5.32, 96
5.32, 96
5.36, 96
5.36, 96
5.36, 96
5.36, 96
5.36, 96
5.36, 96
5.39, 96
5.40, 96
5.40, 96
5.40, 96
5.40, 96
5.43, 96
5.43, 96
5.45, 96
5.47, 96
5.47, 96
5.48, 96
5.48, 96
5.48, 96
5.48, 96
5.52, 96
5.52, 96
5.52, 96
5.52, 96
5.52, 96
5.52, 96
5.52, 96
5.53, 96
5.53, 96
5.53, 96
5.53, 96
5.53, 96
5.53, 96
5.56, 96
5.56, 96
5.57, 96
5.57, 96
5.58, 96
5.58, 96
5.58, 96
6.01, 96
6.01, 96
6.01, 96
6.01, 96
6.02, 96
6.02, 96
6.02, 96
6.02, 96
6.04, 96
6.04, 96
6.07, 96
6.07, 96
6.11, 96
6.11, 96
6.12, 96
6.13, 96
6.13, 96
6.13, 96
6.13, 96
6.33, 96
6.33, 96
6.33, 96
6.33, 96
6.33, 96
6.33, 96
6.34, 96
6.34, 96
6.34, 96
6.34, 96
6.35, 96
6.35, 96
6.35, 96
6.35, 96
6.45, 96
6.46, 96
6.47, 96
6.47, 96
6.47, 96
6.47, 96
6.47, 96
6.48, 96
6.48, 96
6.48, 96
6.48, 96
6.48, 96
6.48, 96
6.51, 96
6.51, 96
6.51, 96
6.51, 96
6.61, 96
6.70, 96
6.70, 96
6.71, 96
6.71, 96
6.71, 96
6.84, 96
6.85, 96
6.96, 96
6.96, 96
6.97, 96
7.07, 96
7.07, 96
7.68, 96
8.04, 96
8.09, 96
8.09, 96
8.55, 96
8.68, 96
8.68, 96
8.71, 96
8.71, 96
8.91, 96
8.91, 96
9.16, 96
9.35, 96
9.43, 96
9.44, 96
9.44, 96
9.61, 96
9.63, 96
9.91, 96
9.91, 96
10.16, 96
10.26, 96
10.26, 96
10.32, 96
10.33, 96
10.33, 96
10.38, 96
10.38, 96
10.40, 96
10.40, 96
10.41, 96
10.41, 96
10.41, 96
10.41, 96
10.42, 96
10.42, 96
10.43, 96
10.43, 96
10.43, 96
10.43, 96
10.43, 96
10.44, 96
10.44, 96
10.44, 96
10.47, 96
10.48, 96
10.54, 96
10.54, 96
10.54, 96
10.55, 96
10.55, 96
10.55, 96
10.55, 96
10.55, 96
10.55, 96
10.60, 96
10.65, 96
10.65, 96
10.65, 96
10.65, 96
10.65, 96
10.65, 96
10.72, 96
10.82, 96
10.82, 96
10.82, 96
10.82, 96
10.82, 96
10.82, 96
10.82, 96
10.82, 96
10.83, 96
10.83, 96
10.83, 96
10.84, 96
10.84, 96
10.85, 96
10.86, 96
10.86, 96
10.93, 96
10.93, 96
10.97, 96
10.97, 96
10.98, 96
10.99, 96
10.99, 96
10.99, 96
11.05, 96
11.05, 96
11.05, 96
11.05, 96
11.05, 96
11.05, 96
11.05, 96
11.06, 96
11.06, 96
11.06, 96
11.06, 96
11.06, 96
11.06, 96
11.27, 96
11.28, 96
11.61, 96
11.67, 96
11.67, 96
11.69, 96
11.69, 96
11.73, 96
11.74, 96
11.75, 96
11.76, 96
12.06, 96
12.06, 96
12.06, 96
12.06, 96
12.24, 96
12.24, 96
12.25, 96
12.25, 96
12.25, 96
12.25, 96
12.25, 96
12.25, 96
12.25, 96
12.25, 96
12.25, 96
12.29, 96
12.30, 96
12.30, 96
12.30, 96
12.30, 96
12.30, 96
12.30, 96
12.31, 96
12.31, 96
12.31, 96
12.31, 96
12.31, 96
12.32, 96
12.32, 96
12.32, 96
13.08, 96
13.09, 96
13.09, 96
13.09, 96
13.09, 96
13.09, 96
13.09, 96
13.10, 96
13.10, 96
13.10, 96
13.10, 96
13.10, 96
13.10, 96
13.11, 96
13.21, 96
13.22, 96
13.34, 96
13.34, 96
13.34, 96
13.36, 96
13.39, 96
13.39, 96
13.40, 96
13.40, 96
13.40, 96
13.40, 96
13.40, 96
13.40, 96
13.40, 96
13.40, 96
13.42, 96
13.42, 96
13.42, 96
13.45, 96
13.45, 96
13.45, 96
13.45, 96
13.46, 96
13.46, 96
13.54, 96
13.54, 96
13.55, 96
13.55, 96
13.57, 96
13.57, 96
13.57, 96
13.58, 96
13.58, 96
13.59, 96
14.00, 96
14.00, 96
14.00, 96
14.00, 96
14.00, 96
14.00, 96
14.00, 96
14.00, 96
14.01, 96
14.01, 96
14.02, 96
14.35, 96
14.36, 96
14.36, 96
14.36, 96
14.49, 96
14.49, 96
14.64, 96
14.64, 96
14.64, 96
14.65, 96
14.71, 96
14.90, 96
14.90, 96
14.91, 96
14.91, 96
14.91, 96
14.91, 96
14.91, 96
14.91, 96
14.91, 96
14.93, 96
15.12, 96
15.12, 96
15.13, 96
15.13, 96
15.13, 96
15.13, 96
15.13, 96
15.17, 96
15.17, 96
15.17, 96
15.18, 96
15.18, 96
15.18, 96
15.18, 96
15.18, 96
15.18, 96
15.18, 96
15.18, 96
15.19, 96
15.19, 96
15.26, 96
15.27, 96
15.27, 96
15.30, 96
15.30, 96
15.30, 96
15.30, 96
15.30, 96
15.30, 96
15.30, 96
15.31, 96
15.31, 96
15.31, 96
15.31, 96
15.31, 96
15.54, 96
15.55, 96
15.57, 96
15.57, 96
15.57, 96
15.60, 96
15.60, 96
15.60, 96
15.61, 96
15.61, 96
15.67, 96
15.67, 96
15.67, 96
15.67, 96
15.82, 96
15.82, 96
15.82, 96
15.82, 96
15.82, 96
15.82, 96
15.82, 96
15.82, 96
15.83, 96
15.99, 96
16.02, 96
16.02, 96
16.02, 96
16.04, 96
16.04, 96
16.07, 96
16.32, 96
16.43, 96
16.43, 96
16.43, 96
16.75, 96
16.75, 96
16.88, 96
16.88, 96
16.88, 96
16.88, 96
16.88, 96
16.88, 96
16.89, 96
16.89, 96
16.89, 96
16.89, 96
16.89, 96
16.89, 96
17.13, 96
17.13, 96
17.13, 96
17.14, 96
17.14, 96
17.14, 96
17.14, 96
17.14, 96
17.14, 96
17.18, 96
17.18, 96
17.18, 96
17.18, 96
17.34, 96
17.34, 96
17.35, 96
17.35, 96
17.36, 96
17.36, 96
17.36, 96
17.36, 96
17.36, 96
17.36, 96
17.36, 96
17.37, 96
17.37, 96
17.39, 96
17.45, 96
17.45, 96
17.45, 96
17.45, 96
17.45, 96
17.47, 96
17.48, 96
17.50, 96
17.52, 96
17.52, 96
17.55, 96
17.55, 96
17.60, 96
17.62, 96
17.63, 96
17.63, 96
17.86, 96
17.86, 96
17.99, 96
18.01, 96
18.02, 96
18.02, 96
18.02, 96
18.02, 96
18.02, 96
18.02, 96
18.02, 96
18.02, 96
18.09, 96
18.09, 96
18.10, 96
18.14, 96
18.24, 96
18.24, 96
18.24, 96
18.26, 96
18.26, 96
18.26, 96
18.26, 96
18.26, 96
18.29, 96
18.32, 96
18.32, 96
18.32, 96
18.32, 96
18.38, 96
18.50, 96
18.67, 96
18.67, 96
18.67, 96
18.67, 96
18.68, 96
18.68, 96
18.85, 96
18.85, 96
19.03, 96
19.03, 96
19.03, 96
19.03, 96
19.04, 96
19.14, 96
19.18, 96
19.18, 96
19.20, 96
19.20, 96
19.20, 96
19.20, 96
19.30, 96
19.32, 96
19.33, 96
19.33, 96
19.34, 96
19.34, 96
19.34, 96
19.35, 96
19.35, 96
19.35, 96
19.40, 96
19.47, 96
19.47, 96
19.47, 96
19.47, 96
19.49, 96
19.49, 96
19.50, 96
19.50, 96
19.52, 96
19.52, 96
19.57, 96
19.83, 96
19.97, 96
19.98, 96
19.98, 96
19.98, 96
20.00, 96
20.00, 96
20.00, 96
20.01, 96
20.02, 96
20.03, 96
20.03, 96
20.03, 96
20.07, 96
20.10, 96
20.38, 96
20.38, 96
20.60, 96
20.60, 96
20.60, 96
20.61, 96
20.61, 96
20.62, 96
20.63, 96
20.64, 96
20.64, 96
20.64, 96
20.64, 96
20.64, 96
20.64, 96
20.64, 96
20.64, 96
20.76, 96
20.76, 96
20.87, 96
20.87, 96
20.92, 96
20.92, 96
20.92, 96
20.93, 96
20.93, 96
20.93, 96
20.93, 96
20.94, 96
20.94, 96
21.26, 96
21.26, 96
21.26, 96
21.27, 96
21.27, 96
21.27, 96
21.27, 96
21.27, 96
21.38, 96
21.38, 96
21.38, 96
21.38, 96
21.44, 96
21.45, 96
21.45, 96
21.45, 96
21.45, 96
21.47, 96
21.48, 96
21.48, 96
21.48, 96
21.48, 96
21.48, 96
21.48, 96
21.52, 96
21.52, 96
21.52, 96
21.68, 96
21.68, 96
21.73, 96
21.74, 96
21.74, 96
21.85, 96
22.21, 96
22.21, 96
22.21, 96
22.22, 96
22.22, 96
22.23, 96
22.23, 96
22.26, 96
22.26, 96
22.26, 96
22.26, 96
22.26, 96
22.31, 96
22.31, 96
22.31, 96
22.32, 96
22.48, 96
22.48, 96
22.48, 96
22.48, 96
22.48, 96
22.48, 96
22.49, 96
22.49, 96
22.77, 96
23.02, 96
23.02, 96
23.06, 96
23.06, 96
23.32, 96
23.32, 96
23.32, 96
23.33, 96
23.33, 96
23.33, 96
23.33, 96
23.33, 96
23.33, 96
23.33, 96
23.36, 96
23.38, 96
23.47, 96
23.51, 96
23.51, 96
23.51, 96
23.51, 96
23.52, 96
23.52, 96
23.52, 96
23.52, 96
23.52, 96
23.52, 96
23.53, 96
23.53, 96
23.53, 96
23.53, 96
23.53, 96
23.53, 96
23.54, 96
23.59, 96
23.60, 96
23.60, 96
23.67, 96
23.68, 96
23.68, 96
23.68, 96
23.68, 96
23.70, 96
23.70, 96
23.75, 96
23.75, 96
23.76, 96
23.76, 96
24.08, 96
24.08, 96
24.08, 96
24.08, 96
24.10, 96
24.17, 96
24.17, 96
24.17, 96
24.17, 96
24.17, 96
24.17, 96
24.31, 96
24.33, 96
24.33, 96
24.34, 96
24.35, 96
24.38, 96
24.47, 96
24.47, 96
24.47, 96
24.70, 96
24.70, 96
24.71, 96
24.71, 96
24.82, 96
24.82, 96
24.82, 96
24.83, 96
24.83, 96
24.83, 96
24.91, 96
24.92, 96
24.92, 96
24.92, 96
24.92, 96
24.92, 96
24.92, 96
24.92, 96
24.93, 96
24.93, 96
24.93, 96
24.94, 96
24.94, 96
24.94, 96
24.94, 96
24.94, 96
24.94, 96
24.94, 96
24.95, 96
24.95, 96
24.95, 96
24.96, 96
24.96, 96
24.96, 96
24.99, 96
25.22, 96
25.55, 96
25.55, 96
25.55, 96
25.55, 96
25.55, 96
25.55, 96
25.59, 96
25.59, 96
25.59, 96
25.60, 96
25.60, 96
25.73, 96
25.73, 96
25.74, 96
25.74, 96
25.95, 96
25.95, 96
25.95, 96
25.97, 96
25.97, 96
25.97, 96
26.10, 96
26.38, 96
26.38, 96
26.38, 96
26.39, 96
26.39, 96
26.41, 96
26.41, 96
26.41, 96
26.43, 96
26.43, 96
26.47, 96
26.47, 96
26.48, 96
26.48, 96
26.49, 96
26.49, 96
26.49, 96
26.50, 96
26.50, 96
26.51, 96
26.58, 96
26.58, 96
26.58, 96
26.59, 96
26.59, 96
26.59, 96
26.82, 96
26.82, 96
26.82, 96
26.82, 96
26.95, 96
27.04, 96
27.04, 96
27.05, 96
27.05, 96
27.05, 96
27.05, 96
27.05, 96
27.05, 96
27.05, 96
27.06, 96
27.06, 96
27.06, 96
27.28, 96
27.39, 96
27.40, 96
27.40, 96
27.40, 96
27.40, 96
27.40, 96
27.40, 96
27.40, 96
27.40, 96
27.40, 96
27.46, 96
27.46, 96
27.50, 96
27.50, 96
27.50, 96
27.50, 96
27.50, 96
27.50, 96
27.50, 96
27.50, 96
27.52, 96
27.54, 96
27.54, 96
27.54, 96
27.54, 96
27.66, 96
27.66, 96
27.66, 96
27.66, 96
27.66, 96
27.69, 96
27.70, 96
27.70, 96
27.70, 96
27.70, 96
27.70, 96
27.70, 96
27.77, 96
27.78, 96
27.78, 96
27.79, 96
27.79, 96
27.90, 96
27.90, 96
27.91, 96
27.91, 96
28.32, 96
28.32, 96
28.33, 96
28.33, 96
28.33, 96
28.39, 96
28.39, 96
28.39, 96
28.39, 96
28.46, 96
28.46, 96
28.47, 96
28.48, 96
28.49, 96
28.49, 96
28.53, 96
28.54, 96
28.54, 96
28.54, 96
28.58, 96
28.58, 96
28.58, 96
28.58, 96
28.59, 96
28.59, 96
28.60, 96
28.61, 96
28.61, 96
28.62, 96
28.62, 96
28.62, 96
28.62, 96
28.62, 96
28.63, 96
28.63, 96
28.86, 96
28.86, 96
28.87, 96
28.87, 96
28.87, 96
28.87, 96
28.88, 96
28.88, 96
28.88, 96
28.88, 96
28.90, 96
28.90, 96
28.92, 96
28.92, 96
28.92, 96
29.05, 96
29.05, 96
29.06, 96
29.60, 96
29.65, 96
29.84, 96
29.84, 96
29.84, 96
29.91, 96
29.92, 96
29.92, 96
29.93, 96
29.93, 96
29.93, 96
29.93, 96
30.24, 96
30.24, 96
30.27, 96
30.28, 96
30.28, 96
30.35, 96
30.35, 96
30.35, 96
30.36, 96
30.36, 96
30.36, 96
30.36, 96
30.36, 96
30.36, 96
30.37, 96
30.37, 96
30.37, 96
30.37, 96
30.37, 96
30.38, 96
30.38, 96
30.38, 96
30.46, 96
30.46, 96
30.46, 96
30.47, 96
30.47, 96
30.47, 96
30.47, 96
30.47, 96
30.48, 96
30.48, 96
30.48, 96
30.49, 96
30.51, 96
30.51, 96
30.56, 96
30.56, 96
30.56, 96
30.57, 96
30.57, 96
30.66, 96
30.66, 96
30.66, 96
30.67, 96
30.69, 96
30.69, 96
30.69, 96
30.75, 96
30.75, 96
30.75, 96
30.75, 96
30.76, 96
30.76, 96
30.81, 96
30.81, 96
30.81, 96
30.81, 96
30.82, 96
30.82, 96
30.84, 96
30.84, 96
30.84, 96
30.85, 96
30.85, 96
30.85, 96
30.85, 96
30.88, 96
30.90, 96
30.94, 96
30.95, 96
30.95, 96
30.96, 96
30.96, 96
30.96, 96
30.96, 96
30.96, 96
30.96, 96
30.97, 96
30.97, 96
30.97, 96
31.07, 96
31.07, 96
31.08, 96
31.18, 96
31.18, 96
31.18, 96
31.18, 96
31.20, 96
31.26, 96
31.28, 96
31.28, 96
31.28, 96
31.59, 96
31.60, 96
31.60, 96
31.92, 96
31.93, 96
31.93, 96
31.93, 96
31.93, 96
31.93, 96
32.06, 96
32.06, 96
32.07, 96
32.07, 96
32.07, 96
32.08, 96
32.11, 96
32.11, 96
32.11, 96
32.12, 96
32.13, 96
32.13, 96
32.14, 96
32.15, 96
32.15, 96
32.15, 96
32.48, 96
32.48, 96
32.48, 96
32.48, 96
32.48, 96
32.69, 96
32.69, 96
32.69, 96
33.07, 96
33.07, 96
33.08, 96
33.08, 96
33.08, 96
33.13, 96
33.13, 96
33.17, 96
33.17, 96
33.17, 96
33.17, 96
33.18, 96
33.18, 96
33.18, 96
33.18, 96
33.18, 96
33.18, 96
33.25, 96
33.26, 96
33.31, 96
33.31, 96
33.31, 96
33.31, 96
33.31, 96
33.31, 96
33.37, 96
33.38, 96
33.38, 96
33.38, 96
33.38, 96
33.38, 96
33.38, 96
33.38, 96
33.46, 96
33.46, 96
33.46, 96
33.46, 96
33.46, 96
33.56, 96
33.56, 96
33.56, 96
33.56, 96
33.57, 96
33.57, 96
33.57, 96
33.57, 96
33.57, 96
33.59, 96
33.59, 96
33.59, 96
33.61, 96
33.61, 96
33.61, 96
33.61, 96
33.61, 96
33.61, 96
33.61, 96
33.62, 96
33.62, 96
33.62, 96
33.62, 96
33.65, 96
33.65, 96
33.65, 96
33.65, 96
33.67, 96
33.67, 96
33.84, 96
33.84, 96
33.85, 96
33.86, 96
33.86, 96
33.86, 96
33.97, 96
33.97, 96
33.97, 96
33.99, 96
34.04, 96
34.04, 96
34.04, 96
34.05, 96
34.05, 96
34.06, 96
34.06, 96
34.09, 96
34.10, 96
34.10, 96
34.10, 96
34.10, 96
34.11, 96
34.11, 96
34.11, 96
34.11, 96
34.11, 96
34.11, 96
34.11, 96
34.25, 96
34.25, 96
34.25, 96
34.25, 96
34.25, 96
34.25, 96
34.26, 96
34.26, 96
34.26, 96
34.26, 96
34.26, 96
34.26, 96
34.26, 96
34.26, 96
34.27, 96
34.27, 96
34.44, 96
34.44, 96
34.44, 96
34.48, 96
34.48, 96
34.48, 96
34.51, 96
34.51, 96
34.67, 96
34.68, 96
34.68, 96
34.68, 96
34.68, 96
34.70, 96
34.70, 96
34.70, 96
34.70, 96
34.70, 96
34.70, 96
34.70, 96
34.71, 96
34.71, 96
34.71, 96
34.79, 96
34.79, 96
34.79, 96
34.83, 96
34.83, 96
34.84, 96
34.84, 96
34.84, 96
34.84, 96
34.84, 96
34.84, 96
34.84, 96
34.85, 96
34.85, 96
34.91, 96
34.91, 96
34.91, 96
35.17, 96
35.18, 96
35.18, 96
35.18, 96
35.24, 96
35.24, 96
35.26, 96
35.26, 96
35.29, 96
35.40, 96
35.40, 96
35.40, 96
35.41, 96
35.47, 96
35.47, 96
35.47, 96
35.48, 96
35.48, 96
35.48, 96
35.51, 96
35.51, 96
35.51, 96
35.51, 96
35.51, 96
35.72, 96
35.72, 96
35.72, 96
35.72, 96
35.73, 96
35.73, 96
36.44, 96
36.44, 96
36.56, 96
36.56, 96
36.56, 96
36.57, 96
36.57, 96
36.57, 96
36.58, 96
36.58, 96
36.58, 96
36.72, 96
36.72, 96
36.73, 96
36.73, 96
36.76, 96
36.77, 96
36.77, 96
36.78, 96
36.91, 96
36.91, 96
36.91, 96
36.91, 96
36.91, 96
36.91, 96
36.92, 96
36.92, 96
36.92, 96
36.92, 96
36.92, 96
36.92, 96
36.93, 96
36.93, 96
36.93, 96
36.93, 96
36.93, 96
36.93, 96
36.93, 96
36.94, 96
36.95, 96
36.95, 96
36.96, 96
36.96, 96
36.96, 96
37.03, 96
37.03, 96
37.03, 96
37.04, 96
37.04, 96
37.04, 96
37.11, 96
37.13, 96
37.13, 96
37.13, 96
37.13, 96
37.13, 96
37.14, 96
37.15, 96
37.28, 96
37.39, 96
37.39, 96
37.40, 96
37.45, 96
37.50, 96
37.52, 96
37.54, 96
37.55, 96
37.55, 96
37.55, 96
37.55, 96
37.56, 96
37.56, 96
37.56, 96
37.56, 96
37.56, 96
37.57, 96
37.57, 96
37.57, 96
37.74, 96
37.74, 96
37.74, 96
37.75, 96
37.75, 96
37.79, 96
37.80, 96
37.81, 96
37.81, 96
37.81, 96
37.86, 96
37.87, 96
37.87, 96
37.88, 96
37.88, 96
37.88, 96
37.88, 96
37.88, 96
37.89, 96
37.93, 96
38.04, 96
38.50, 96
38.50, 96
38.50, 96
38.50, 96
38.50, 96
38.50, 96
38.51, 96
38.52, 96
38.52, 96
38.57, 96
38.58, 96
38.58, 96
38.58, 96
38.69, 96
38.69, 96
38.69, 96
38.70, 96
38.70, 96
38.82, 96
38.82, 96
38.88, 96
38.88, 96
38.88, 96
38.88, 96
38.88, 96
38.88, 96
38.88, 96
38.88, 96
38.89, 96
38.89, 96
38.89, 96
38.89, 96
38.89, 96
38.89, 96
38.94, 96
38.94, 96
39.29, 96
39.29, 96
39.29, 96
39.29, 96
39.30, 96
39.30, 96
39.30, 96
39.30, 96
39.30, 96
39.33, 96
39.43, 96
39.56, 96
39.56, 96
39.56, 96
39.56, 96
39.56, 96
39.56, 96
39.57, 96
39.57, 96
39.57, 96
39.57, 96
39.57, 96
39.57, 96
39.57, 96
39.57, 96
39.58, 96
39.58, 96
39.59, 96
39.59, 96
39.60, 96
39.60, 96
39.70, 96
39.70, 96
39.96, 96
40.01, 96
40.01, 96
40.04, 96
40.05, 96
40.05, 96
40.05, 96
40.05, 96
40.38, 96
40.39, 96
40.47, 96
40.47, 96
40.47, 96
40.48, 96
40.50, 96
40.50, 96
40.51, 96
40.51, 96
40.51, 96
40.51, 96
40.65, 96
40.66, 96
40.67, 96
40.71, 96
41.35, 96
41.35, 96
41.35, 96
41.35, 96
41.38, 96
41.38, 96
41.49, 96
41.50, 96
41.50, 96
41.50, 96
41.50, 96
41.61, 96
41.62, 96
41.64, 96
41.64, 96
41.65, 96
41.65, 96
41.65, 96
41.67, 96
41.67, 96
41.67, 96
41.67, 96
41.69, 96
41.69, 96
41.69, 96
41.69, 96
41.69, 96
41.69, 96
41.98, 96
41.99, 96
41.99, 96
41.99, 96
41.99, 96
41.99, 96
42.05, 96
42.06, 96
42.13, 96
42.13, 96
42.14, 96
42.22, 96
42.23, 96
42.23, 96
42.34, 96
42.34, 96
42.53, 96
42.55, 96
42.56, 96
42.56, 96
42.65, 96
42.65, 96
42.66, 96
42.93, 96
42.96, 96
42.98, 96
42.99, 96
42.99, 96
42.99, 96
43.00, 96
43.00, 96
43.14, 96
43.14, 96
43.14, 96
43.15, 96
43.59, 96
43.65, 96
43.65, 96
43.73, 96
43.73, 96
43.76, 96
43.81, 96
43.81, 96
43.81, 96
43.81, 96
43.81, 96
43.85, 96
43.85, 96
43.85, 96
43.99, 96
43.99, 96
43.99, 96
44.11, 96
44.11, 96
44.12, 96
44.13, 96
44.14, 96
44.14, 96
44.21, 96
44.24, 96
44.24, 96
44.28, 96
44.28, 96
44.28, 96
44.29, 96
44.29, 96
44.48, 96
44.64, 96
44.67, 96
44.67, 96
44.71, 96
44.75, 96
44.75, 96
44.76, 96
44.76, 96
44.76, 96
44.76, 96
44.76, 96
44.76, 96
44.97, 96
44.97, 96
45.01, 96
45.01, 96
45.01, 96
45.02, 96
45.02, 96
45.09, 96
45.09, 96
45.09, 96
45.10, 96
45.11, 96
45.12, 96
45.12, 96
45.12, 96
45.14, 96
45.53, 96
45.63, 96
45.64, 96
45.64, 96
45.64, 96
45.65, 96
45.65, 96
45.65, 96
45.75, 96
45.76, 96
45.76, 96
45.77, 96
45.77, 96
45.77, 96
45.78, 96
45.78, 96
46.05, 96
46.05, 96
46.05, 96
46.05, 96
46.06, 96
46.26, 96
46.26, 96
46.26, 96
46.26, 96
46.42, 96
46.42, 96
46.73, 96
46.74, 96
46.74, 96
46.74, 96
46.81, 96
46.81, 96
47.00, 96
47.00, 96
47.00, 96
47.00, 96
47.00, 96
47.00, 96
47.00, 96
47.00, 96
47.01, 96
47.01, 96
47.01, 96
47.01, 96
47.01, 96
47.04, 96
47.05, 96
47.05, 96
47.05, 96
47.05, 96
47.17, 96
47.22, 96
47.22, 96
47.22, 96
47.66, 96
47.71, 96
47.71, 96
47.79, 96
47.81, 96
47.81, 96
47.81, 96
47.81, 96
47.84, 96
47.84, 96
47.84, 96
47.84, 96
47.85, 96
47.85, 96
47.85, 96
47.85, 96
47.85, 96
48.02, 96
48.17, 96
48.17, 96
48.23, 96
48.23, 96
48.23, 96
48.24, 96
48.39, 96
48.73, 96
48.75, 96
48.76, 96
48.77, 96
48.77, 96
49.17, 96
49.18, 96
49.19, 96
49.19, 96
49.23, 96
49.23, 96
49.23, 96
49.23, 96
49.24, 96
49.24, 96
49.25, 96
49.25, 96
49.26, 96
49.26, 96
49.26, 96
49.26, 96
49.26, 96
49.26, 96
49.26, 96
49.38, 96
49.38, 96
49.38, 96
49.38, 96
49.38, 96
49.38, 96
49.38, 96
49.39, 96
49.40, 96
49.54, 96
49.54, 96
49.54, 96
49.58, 96
49.58, 96
49.58, 96
49.76, 96
49.76, 96
49.76, 96
49.76, 96
49.77, 96
49.77, 96
49.79, 96
49.79, 96
50.03, 96
50.03, 96
50.03, 96
50.03, 96
50.04, 96
50.21, 96
50.21, 96
50.22, 96
50.23, 96
50.23, 96
50.23, 96
50.32, 96
50.32, 96
50.34, 96
50.34, 96
50.34, 96
50.34, 96
50.39, 96
50.39, 96
50.68, 96
50.68, 96
51.27, 96
51.27, 96
51.32, 96
51.32, 96
51.32, 96
51.32, 96
51.32, 96
51.33, 96
51.46, 96
51.46, 96
51.62, 96
51.63, 96
51.74, 96
51.74, 96
51.74, 96
51.74, 96
51.77, 96
51.77, 96
51.77, 96
51.77, 96
51.78, 96
51.78, 96
51.78, 96
51.78, 96
51.78, 96
51.78, 96
51.78, 96
51.78, 96
51.81, 96
51.81, 96
51.81, 96
51.81, 96
51.81, 96
51.91, 96
51.91, 96
51.91, 96
51.93, 96
52.00, 96
52.00, 96
52.00, 96
52.01, 96
52.01, 96
52.04, 96
52.07, 96
52.07, 96
52.07, 96
52.07, 96
52.08, 96
52.11, 96
52.17, 96
52.17, 96
52.30, 96
52.30, 96
52.30, 96
52.30, 96
52.30, 96
52.30, 96
52.30, 96
52.31, 96
52.31, 96
52.34, 96
52.37, 96
52.37, 96
52.37, 96
52.37, 96
52.38, 96
52.51, 96
52.52, 96
52.74, 96
52.74, 96
52.75, 96
52.92, 96
52.94, 96
52.97, 96
52.97, 96
52.97, 96
52.98, 96
52.98, 96
52.98, 96
52.99, 96
52.99, 96
52.99, 96
53.08, 96
53.08, 96
53.09, 96
53.09, 96
53.09, 96
53.09, 96
53.09, 96
53.09, 96
53.09, 96
53.09, 96
53.09, 96
53.10, 96
53.20, 96
53.23, 96
53.23, 96
53.23, 96
53.23, 96
53.23, 96
53.23, 96
53.23, 96
53.35, 96
53.35, 96
53.82, 96
53.82, 96
53.83, 96
53.83, 96
53.83, 96
53.85, 96
53.85, 96
54.00, 96
54.00, 96
54.01, 96
54.01, 96
54.01, 96
54.01, 96
54.01, 96
54.01, 96
54.03, 96
54.04, 96
54.04, 96
54.04, 96
54.04, 96
54.22, 96
54.28, 96
54.28, 96
54.29, 96
54.29, 96
54.29, 96
54.29, 96
54.29, 96
54.29, 96
54.30, 96
54.30, 96
54.30, 96
54.30, 96
54.42, 96
54.42, 96
54.42, 96
54.42, 96
54.42, 96
54.42, 96
54.42, 96
54.42, 96
54.42, 96
54.43, 96
54.46, 96
54.47, 96
54.47, 96
54.48, 96
54.52, 96
54.55, 96
54.55, 96
54.55, 96
54.56, 96
54.56, 96
54.56, 96
54.58, 96
54.58, 96
54.58, 96
54.59, 96
54.59, 96
55.29, 96
55.29, 96
55.74, 96
55.74, 96
55.74, 96
55.74, 96
55.90, 96
55.91, 96
56.02, 96
56.02, 96
56.05, 96
56.13, 96
56.13, 96
56.16, 96
56.16, 96
56.16, 96
56.16, 96
56.16, 96
56.52, 96
56.52, 96
56.53, 96
56.54, 96
56.54, 96
56.94, 96
56.94, 96
56.94, 96
57.26, 96
57.28, 96
57.28, 96
57.28, 96
57.41, 96
57.66, 96
57.73, 96
57.73, 96
57.74, 96
57.74, 96
57.74, 96
57.74, 96
57.74, 96
57.74, 96
57.74, 96
57.83, 96
57.84, 96
57.84, 96
57.84, 96
57.85, 96
57.85, 96
57.85, 96
57.86, 96
57.86, 96
57.86, 96
57.91, 96
57.94, 96
57.94, 96
57.94, 96
57.94, 96
58.63, 96
58.93, 96
58.93, 96
58.95, 96
58.95, 96
58.96, 96
58.97, 96
59.21, 96
59.21, 96
59.21, 96
59.21, 96
59.21, 96
59.26, 96
59.27, 96
59.27, 96
59.29, 96
59.30, 96
59.30, 96
59.30, 96
59.31, 96
59.31, 96
59.31, 96
59.33, 96
59.39, 96
59.39, 96
59.49, 96
59.49, 96
59.50, 96
59.51, 96
59.51, 96
59.51, 96
59.51, 96
59.58, 96
59.61, 96
59.62, 96
59.62, 96
59.62, 96
59.62, 96
59.86, 96
59.86, 96
60.19, 96
60.20, 96
60.24, 96
60.24, 96
60.24, 96
60.24, 96
60.25, 96
60.25, 96
60.25, 96
60.25, 96
60.25, 96
60.25, 96
60.25, 96
60.25, 96
60.25, 96
60.25, 96
60.26, 96
60.26, 96
60.26, 96
60.26, 96
60.27, 96
60.27, 96
60.27, 96
60.27, 96
60.27, 96
60.28, 96
60.30, 96
60.30, 96
60.30, 96
60.31, 96
60.31, 96
60.31, 96
60.35, 96
60.35, 96
60.35, 96
60.43, 96
60.43, 96
60.43, 96
60.43, 96
60.43, 96
60.44, 96
60.44, 96
60.45, 96
60.61, 96
60.61, 96
60.61, 96
60.78, 96
60.81, 96
60.92, 96
60.93, 96
60.94, 96
60.94, 96
60.94, 96
61.03, 96
61.03, 96
61.03, 96
61.03, 96
61.03, 96
61.03, 96
61.04, 96
61.04, 96
61.09, 96
61.09, 96
61.09, 96
61.10, 96
61.10, 96
61.11, 96
61.11, 96
61.11, 96
61.11, 96
61.11, 96
61.20, 96
61.20, 96
61.20, 96
61.20, 96
61.20, 96
61.20, 96
61.20, 96
61.20, 96
61.20, 96
61.21, 96
61.32, 96
61.33, 96
61.33, 96
61.37, 96
61.37, 96
61.40, 96
61.44, 96
61.47, 96
61.47, 96
61.48, 96
61.49, 96
61.49, 96
61.49, 96
61.49, 96
61.49, 96
61.83, 96
61.83, 96
61.86, 96
61.87, 96
61.87, 96
61.87, 96
61.87, 96
61.87, 96
61.87, 96
61.87, 96
61.88, 96
61.88, 96
61.88, 96
61.88, 96
61.92, 96
61.93, 96
61.93, 96
61.97, 96
61.97, 96
61.98, 96
61.99, 96
61.99, 96
62.01, 96
62.01, 96
62.02, 96
62.02, 96
62.02, 96
62.02, 96
62.02, 96
62.02, 96
62.03, 96
62.03, 96
62.03, 96
62.03, 96
62.07, 96
62.07, 96
62.08, 96
62.12, 96
62.23, 96
62.23, 96
62.23, 96
62.29, 96
62.30, 96
62.30, 96
62.30, 96
62.30, 96
62.31, 96
62.31, 96
62.43, 96
62.43, 96
62.45, 96
62.47, 96
62.47, 96
62.47, 96
62.49, 96
62.49, 96
62.49, 96
62.50, 96
62.50, 96
62.51, 96
62.77, 96
62.77, 96
62.78, 96
62.82, 96
62.82, 96
62.82, 96
62.82, 96
62.83, 96
62.88, 96
62.88, 96
62.88, 96
62.88, 96
62.88, 96
62.88, 96
63.03, 96
63.04, 96
63.04, 96
63.04, 96
63.04, 96
63.04, 96
63.05, 96
63.05, 96
63.05, 96
63.05, 96
63.05, 96
63.05, 96
63.07, 96
63.07, 96
63.07, 96
63.07, 96
63.07, 96
63.07, 96
63.10, 96
63.10, 96
63.14, 96
63.14, 96
63.14, 96
63.14, 96
63.54, 96
63.74, 96
63.74, 96
63.75, 96
63.75, 96
63.75, 96
63.75, 96
63.75, 96
63.94, 96
63.94, 96
63.94, 96
63.94, 96
64.09, 96
64.09, 96
64.09, 96
64.09, 96
64.10, 96
64.10, 96
64.10, 96
64.10, 96
64.10, 96
64.10, 96
64.10, 96
64.11, 96
64.11, 96
64.12, 96
64.12, 96
64.15, 96
64.15, 96
64.15, 96
64.22, 96
64.22, 96
64.29, 96
64.47, 96
64.48, 96
64.48, 96
64.48, 96
64.61, 96
64.76, 96
64.76, 96
64.76, 96
64.77, 96
64.77, 96
64.93, 96
64.93, 96
64.94, 96
64.96, 96
65.04, 96
65.04, 96
65.05, 96
65.05, 96
65.05, 96
65.05, 96
65.06, 96
65.06, 96
65.07, 96
65.07, 96
65.07, 96
65.07, 96
65.07, 96
65.07, 96
65.08, 96
65.20, 96
65.20, 96
65.20, 96
65.32, 96
65.79, 96
65.79, 96
65.80, 96
65.84, 96
65.84, 96
65.84, 96
65.91, 96
65.91, 96
65.94, 96
65.95, 96
66.05, 96
66.06, 96
66.06, 96
66.20, 96
66.32, 96
66.32, 96
66.32, 96
66.32, 96
66.35, 96
66.36, 96
66.36, 96
66.36, 96
66.36, 96
66.38, 96
66.55, 96
66.56, 96
66.56, 96
66.56, 96
66.56, 96
66.56, 96
66.56, 96
66.56, 96
66.57, 96
66.57, 96
66.57, 96
66.57, 96
66.57, 96
66.57, 96
66.58, 96
66.60, 96
66.60, 96
66.60, 96
66.60, 96
66.60, 96
66.60, 96
66.68, 96
66.68, 96
66.69, 96
66.69, 96
66.69, 96
66.69, 96
66.69, 96
66.74, 96
66.75, 96
66.75, 96
66.75, 96
66.75, 96
66.75, 96
66.75, 96
66.75, 96
66.76, 96
66.76, 96
66.76, 96
66.76, 96
66.76, 96
66.76, 96
66.77, 96
66.97, 96
66.97, 96
66.99, 96
67.00, 96
67.00, 96
67.00, 96
67.00, 96
67.00, 96
67.00, 96
67.00, 96
67.01, 96
67.01, 96
67.01, 96
67.01, 96
67.01, 96
67.01, 96
67.01, 96
67.28, 96
67.48, 96
67.48, 96
67.48, 96
67.48, 96
67.48, 96
67.48, 96
67.48, 96
67.48, 96
67.48, 96
67.77, 96
67.77, 96
67.77, 96
67.80, 96
67.85, 96
67.85, 96
67.85, 96
67.85, 96
67.85, 96
67.88, 96
67.89, 96
67.97, 96
68.28, 96
68.33, 96
68.34, 96
68.34, 96
68.34, 96
68.34, 96
68.34, 96
68.34, 96
68.34, 96
68.36, 96
68.36, 96
68.36, 96
68.48, 96
68.48, 96
68.49, 96
68.50, 96
68.51, 96
68.57, 96
68.57, 96
68.58, 96
68.58, 96
68.59, 96
68.59, 96
68.60, 96
68.60, 96
68.60, 96
68.72, 96
68.72, 96
68.72, 96
68.73, 96
68.73, 96
68.74, 96
68.74, 96
68.74, 96
68.74, 96
68.75, 96
68.75, 96
68.75, 96
68.75, 96
68.79, 96
68.79, 96
68.79, 96
68.81, 96
68.81, 96
68.81, 96
68.90, 96
68.91, 96
68.94, 96
69.12, 96
69.12, 96
69.12, 96
69.12, 96
69.13, 96
69.13, 96
69.13, 96
69.13, 96
69.13, 96
69.15, 96
69.38, 96
69.39, 96
69.39, 96
69.39, 96
69.39, 96
69.39, 96
69.41, 96
69.41, 96
69.42, 96
69.42, 96
69.42, 96
69.42, 96
69.42, 96
69.42, 96
69.42, 96
69.42, 96
69.42, 96
69.42, 96
69.43, 96
69.43, 96
69.43, 96
69.45, 96
69.46, 96
69.46, 96
69.46, 96
69.47, 96
69.54, 96
69.68, 96
69.68, 96
69.68, 96
69.68, 96
69.69, 96
69.69, 96
69.69, 96
69.69, 96
69.73, 96
69.73, 96
69.73, 96
69.94, 96
70.00, 96
70.14, 96
70.14, 96
70.14, 96
70.16, 96
70.26, 96
70.26, 96
70.30, 96
70.30, 96
70.30, 96
70.95, 96
70.95, 96
70.96, 96
70.96, 96
70.99, 96
71.14, 96
71.14, 96
71.14, 96
71.15, 96
71.19, 96
71.19, 96
71.19, 96
71.19, 96
71.20, 96
71.20, 96
71.24, 96
71.24, 96
71.26, 96
71.27, 96
71.27, 96
71.27, 96
71.28, 96
71.28, 96
71.29, 96
71.29, 96
71.47, 96
71.47, 96
71.47, 96
71.47, 96
71.54, 96
71.54, 96
71.54, 96
71.55, 96
71.61, 96
71.81, 96
71.82, 96
71.82, 96
71.82, 96
71.83, 96
71.83, 96
71.85, 96
71.85, 96
71.88, 96
71.88, 96
71.90, 96
72.09, 96
72.09, 96
72.10, 96
72.10, 96
72.10, 96
72.11, 96
72.12, 96
72.13, 96
72.38, 96
72.38, 96
72.38, 96
72.40, 96
72.42, 96
72.45, 96
72.61, 96
72.61, 96
72.61, 96
72.61, 96
72.61, 96
72.75, 96
72.92, 96
72.92, 96
72.93, 96
72.93, 96
72.93, 96
72.93, 96
72.93, 96
72.93, 96
72.98, 96
72.98, 96
72.99, 96
72.99, 96
72.99, 96
73.00, 96
73.42, 96
73.42, 96
73.42, 96
73.44, 96
73.44, 96
73.45, 96
73.45, 96
73.45, 96
73.45, 96
73.45, 96
73.45, 96
73.45, 96
73.45, 96
73.45, 96
73.46, 96
73.46, 96
73.46, 96
73.47, 96
73.47, 96
73.47, 96
73.47, 96
73.59, 96
73.59, 96
73.61, 96
73.61, 96
73.61, 96
73.83, 96
73.83, 96
73.83, 96
73.84, 96
73.84, 96
73.85, 96
73.85, 96
73.90, 96
73.91, 96
73.92, 96
73.92, 96
73.92, 96
73.92, 96
73.92, 96
73.92, 96
73.93, 96
73.93, 96
74.03, 96
74.03, 96
74.04, 96
74.06, 96
74.12, 96
74.12, 96
74.12, 96
74.13, 96
74.13, 96
74.13, 96
74.13, 96
74.13, 96
74.13, 96
74.13, 96
74.13, 96
74.14, 96
74.14, 96
74.15, 96
74.15, 96
74.15, 96
74.15, 96
74.15, 96
74.43, 96
75.02, 96
75.09, 96
75.09, 96
75.31, 96
75.31, 96
75.44, 96
75.44, 96
75.81, 96
75.82, 96
75.82, 96
75.82, 96
75.82, 96
75.82, 96
75.82, 96
75.82, 96
75.88, 96
75.89, 96
75.89, 96
75.89, 96
75.89, 96
75.89, 96
75.89, 96
75.89, 96
75.91, 96
75.91, 96
75.91, 96
75.91, 96
75.91, 96
75.92, 96
75.94, 96
75.94, 96
75.95, 96
75.95, 96
75.96, 96
75.96, 96
75.96, 96
75.96, 96
75.97, 96
75.97, 96
75.97, 96
76.01, 96
76.01, 96
76.01, 96
76.02, 96
76.03, 96
76.13, 96
76.27, 96
76.27, 96
76.27, 96
76.27, 96
76.39, 96
76.40, 96
76.41, 96
76.44, 96
76.44, 96
76.44, 96
76.45, 96
76.45, 96
76.45, 96
76.45, 96
76.45, 96
76.50, 96
76.53, 96
76.53, 96
76.53, 96
76.55, 96
76.55, 96
76.55, 96
76.79, 96
76.80, 96
76.80, 96
76.80, 96
76.80, 96
76.87, 96
76.87, 96
77.01, 96
77.01, 96
77.01, 96
77.01, 96
77.03, 96
77.03, 96
77.04, 96
77.04, 96
77.06, 96
77.07, 96
77.07, 96
77.07, 96
77.07, 96
77.08, 96
77.08, 96
77.13, 96
77.13, 96
77.14, 96
77.14, 96
77.14, 96
77.15, 96
77.16, 96
77.16, 96
77.16, 96
77.16, 96
77.83, 96
77.83, 96
77.83, 96
77.86, 96
77.86, 96
77.86, 96
77.86, 96
77.86, 96
77.86, 96
77.86, 96
77.87, 96
77.87, 96
77.87, 96
77.95, 96
78.28, 96
78.28, 96
78.32, 96
78.33, 96
78.34, 96
78.34, 96
78.34, 96
78.34, 96
78.34, 96
78.34, 96
78.44, 96
78.44, 96
78.45, 96
78.45, 96
78.45, 96
78.45, 96
78.46, 96
78.46, 96
78.46, 96
78.46, 96
78.47, 96
78.47, 96
78.47, 96
78.47, 96
78.47, 96
78.47, 96
78.48, 96
78.48, 96
78.48, 96
78.48, 96
78.49, 96
78.49, 96
78.49, 96
78.57, 96
78.64, 96
78.64, 96
78.65, 96
78.65, 96
78.65, 96
78.65, 96
78.65, 96
78.76, 96
78.76, 96
78.76, 96
78.76, 96
78.76, 96
78.76, 96
78.76, 96
78.76, 96
78.77, 96
78.91, 96
78.91, 96
78.91, 96
78.91, 96
78.91, 96
79.04, 96
79.04, 96
79.04, 96
79.04, 96
79.04, 96
79.06, 96
79.06, 96
79.06, 96
79.06, 96
79.06, 96
79.13, 96
79.13, 96
79.13, 96
79.13, 96
79.14, 96
79.14, 96
79.14, 96
79.14, 96
79.15, 96
79.15, 96
79.15, 96
79.16, 96
79.19, 96
79.19, 96
79.19, 96
79.19, 96
79.19, 96
79.20, 96
79.20, 96
79.22, 96
79.22, 96
79.22, 96
79.22, 96
79.22, 96
79.22, 96
79.34, 96
79.34, 96
79.34, 96
79.37, 96
79.39, 96
79.40, 96
79.40, 96
79.40, 96
79.40, 96
79.40, 96
79.46, 96
79.46, 96
79.46, 96
79.46, 96
80.01, 96
80.01, 96
80.01, 96
80.01, 96
80.02, 96
80.03, 96
80.11, 96
80.12, 96
80.12, 96
80.22, 96
80.42, 96
80.98, 96
80.98, 96
81.56, 96
81.69, 96
81.69, 96
81.69, 96
81.82, 96
81.93, 96
81.93, 96
81.93, 96
81.96, 96
81.96, 96
81.96, 96
81.96, 96
81.96, 96
82.33, 96
82.33, 96
82.33, 96
82.41, 96
82.41, 96
82.41, 96
82.44, 96
82.44, 96
82.44, 96
82.44, 96
82.45, 96
82.96, 96
82.96, 96
82.96, 96
82.97, 96
82.97, 96
82.97, 96
82.98, 96
82.98, 96
82.98, 96
82.98, 96
83.01, 96
83.04, 96
83.04, 96
83.04, 96
83.04, 96
83.04, 96
83.04, 96
83.04, 96
83.04, 96
83.04, 96
83.04, 96
83.05, 96
83.05, 96
83.05, 96
83.06, 96
83.06, 96
83.06, 96
83.06, 96
83.09, 96
83.10, 96
83.10, 96
83.10, 96
83.10, 96
83.26, 96
83.26, 96
83.26, 96
83.28, 96
83.29, 96
83.29, 96
83.29, 96
83.29, 96
83.29, 96
83.54, 96
83.67, 96
83.68, 96
83.68, 96
83.68, 96
83.68, 96
83.68, 96
83.68, 96
83.68, 96
83.68, 96
83.69, 96
83.73, 96
83.73, 96
83.74, 96
83.74, 96
83.74, 96
83.77, 96
84.04, 96
84.05, 96
84.05, 96
84.05, 96
84.05, 96
84.05, 96
84.05, 96
84.06, 96
84.11, 96
84.29, 96
84.29, 96
84.34, 96
84.35, 96
84.35, 96
84.37, 96
84.37, 96
84.37, 96
84.38, 96
84.38, 96
84.40, 96
84.42, 96
84.42, 96
84.42, 96
84.42, 96
84.43, 96
84.61, 96
84.61, 96
84.61, 96
84.61, 96
84.99, 96
84.99, 96
84.99, 96
85.32, 96
85.32, 96
85.32, 96
85.32, 96
85.32, 96
85.34, 96
85.34, 96
85.35, 96
85.35, 96
85.36, 96
85.36, 96
85.38, 96
85.38, 96
85.38, 96
85.38, 96
85.53, 96
85.56, 96
85.56, 96
85.56, 96
85.56, 96
85.56, 96
85.56, 96
85.72, 96
85.73, 96
85.75, 96
85.75, 96
85.75, 96
85.75, 96
85.75, 96
85.76, 96
86.05, 96
86.06, 96
86.09, 96
86.09, 96
86.09, 96
86.09, 96
86.09, 96
86.09, 96
86.38, 96
86.38, 96
86.38, 96
86.40, 96
86.41, 96
86.41, 96
86.44, 96
86.44, 96
86.44, 96
86.44, 96
86.44, 96
86.44, 96
86.44, 96
86.44, 96
86.50, 96
86.50, 96
86.50, 96
86.50, 96
86.50, 96
86.50, 96
86.50, 96
86.52, 96
86.53, 96
86.53, 96
86.58, 96
86.58, 96
86.58, 96
86.58, 96
86.58, 96
86.58, 96
86.59, 96
86.59, 96
86.59, 96
86.59, 96
86.59, 96
86.67, 96
86.67, 96
86.67, 96
86.69, 96
86.69, 96
86.69, 96
86.70, 96
86.72, 96
86.72, 96
86.72, 96
86.72, 96
86.72, 96
86.72, 96
86.72, 96
86.72, 96
86.73, 96
86.73, 96
86.73, 96
86.78, 96
86.78, 96
86.81, 96
86.82, 96
86.88, 96
86.88, 96
87.01, 96
87.01, 96
87.01, 96
87.01, 96
87.06, 96
87.06, 96
87.11, 96
87.12, 96
87.12, 96
87.12, 96
87.13, 96
87.13, 96
87.13, 96
87.13, 96
87.13, 96
87.15, 96
87.17, 96
87.17, 96
87.17, 96
87.25, 96
87.26, 96
87.26, 96
87.26, 96
87.27, 96
87.27, 96
87.27, 96
87.27, 96
87.27, 96
87.29, 96
87.29, 96
87.29, 96
87.32, 96
87.32, 96
87.32, 96
87.32, 96
87.33, 96
87.33, 96
87.39, 96
87.39, 96
87.39, 96
87.39, 96
87.39, 96
87.39, 96
87.44, 96
87.60, 96
87.60, 96
87.60, 96
87.72, 96
87.72, 96
87.72, 96
87.75, 96
87.91, 96
87.91, 96
87.91, 96
87.91, 96
87.92, 96
87.93, 96
88.20, 96
88.20, 96
88.20, 96
88.20, 96
88.21, 96
88.21, 96
88.26, 96
88.26, 96
88.26, 96
88.27, 96
88.27, 96
88.27, 96
88.27, 96
88.35, 96
88.35, 96
88.36, 96
88.40, 96
88.40, 96
88.40, 96
88.40, 96
88.66, 96
88.66, 96
88.90, 96
88.90, 96
88.91, 96
88.91, 96
88.91, 96
88.92, 96
89.02, 96
89.03, 96
89.03, 96
89.09, 96
89.09, 96
89.09, 96
89.09, 96
89.09, 96
89.09, 96
89.09, 96
89.09, 96
89.09, 96
89.09, 96
89.10, 96
89.10, 96
89.10, 96
89.11, 96
89.11, 96
89.11, 96
89.11, 96
89.12, 96
89.12, 96
89.23, 96
89.23, 96
89.23, 96
89.24, 96
89.24, 96
89.24, 96
89.24, 96
89.24, 96
89.25, 96
89.25, 96
89.26, 96
89.26, 96
89.27, 96
89.27, 96
89.27, 96
89.27, 96
89.27, 96
89.31, 96
89.31, 96
89.35, 96
89.36, 96
89.36, 96
89.57, 96
89.68, 96
89.68, 96
89.68, 96
89.68, 96
89.68, 96
89.75, 96
89.88, 96
90.07, 96
90.07, 96
90.07, 96
90.08, 96
90.08, 96
90.08, 96
90.08, 96
90.09, 96
90.21, 96
90.21, 96
90.22, 96
90.22, 96
90.22, 96
90.22, 96
90.22, 96
90.22, 96
90.22, 96
90.30, 96
90.30, 96
90.36, 96
90.36, 96
90.37, 96
90.37, 96
90.37, 96
90.45, 96
90.45, 96
90.45, 96
90.45, 96
90.57, 96
90.59, 96
90.61, 96
90.61, 96
90.91, 96
90.91, 96
90.92, 96
90.93, 96
90.93, 96
90.93, 96
90.99, 96
90.99, 96
90.99, 96
90.99, 96
91.10, 96
91.10, 96
91.10, 96
91.10, 96
91.10, 96
91.10, 96
91.11, 96
91.11, 96
91.12, 96
91.13, 96
91.14, 96
91.14, 96
91.14, 96
91.14, 96
91.14, 96
91.14, 96
91.14, 96
91.14, 96
91.14, 96
91.15, 96
91.15, 96
91.15, 96
91.15, 96
91.22, 96
91.22, 96
91.22, 96
91.22, 96
91.22, 96
91.23, 96
91.23, 96
91.23, 96
91.23, 96
91.23, 96
91.23, 96
91.23, 96
91.23, 96
91.23, 96
91.24, 96
91.24, 96
91.24, 96
91.24, 96
91.24, 96
91.45, 96
91.45, 96
91.46, 96
91.46, 96
91.46, 96
91.46, 96
91.46, 96
91.47, 96
91.47, 96
91.47, 96
91.47, 96
91.47, 96
91.47, 96
91.47, 96
91.47, 96
91.47, 96
91.48, 96
91.48, 96
91.48, 96
91.61, 96
91.65, 96
91.75, 96
91.75, 96
91.75, 96
91.77, 96
92.09, 96
92.09, 96
92.09, 96
92.12, 96
92.12, 96
92.15, 96
92.21, 96
92.21, 96
92.22, 96
92.22, 96
92.22, 96
92.29, 96
92.35, 96
92.35, 96
92.48, 96
92.48, 96
92.48, 96
92.58, 96
92.63, 96
92.65, 96
92.66, 96
92.66, 96
92.66, 96
92.66, 96
92.66, 96
92.67, 96
92.67, 96
92.67, 96
92.67, 96
92.69, 96
92.69, 96
92.69, 96
92.69, 96
92.69, 96
92.70, 96
92.90, 96
92.91, 96
92.91, 96
92.91, 96
92.92, 96
92.92, 96
92.92, 96
92.92, 96
92.92, 96
92.94, 96
92.94, 96
92.94, 96
92.94, 96
92.96, 96
92.96, 96
92.96, 96
92.97, 96
92.97, 96
92.97, 96
92.97, 96
92.97, 96
93.01, 96
93.03, 96
93.03, 96
93.03, 96
93.03, 96
93.04, 96
93.04, 96
93.04, 96
93.06, 96
93.06, 96
93.07, 96
93.07, 96
93.07, 96
93.07, 96
93.07, 96
93.07, 96
93.08, 96
93.08, 96
93.08, 96
93.08, 96
93.10, 96
93.10, 96
93.10, 96
93.10, 96
93.10, 96
93.10, 96
93.10, 96
93.12, 96
93.12, 96
93.12, 96
93.12, 96
93.13, 96
93.13, 96
93.13, 96
93.13, 96
93.14, 96
93.14, 96
93.23, 96
93.23, 96
93.24, 96
93.24, 96
93.24, 96
93.27, 96
93.28, 96
93.28, 96
93.28, 96
93.29, 96
93.29, 96
93.29, 96
93.29, 96
93.29, 96
93.40, 96
93.41, 96
93.71, 96
93.71, 96
93.71, 96
93.71, 96
93.71, 96
93.71, 96
93.71, 96
93.71, 96
93.71, 96
93.73, 96
93.73, 96
93.73, 96
93.73, 96
93.74, 96
93.74, 96
93.74, 96
93.75, 96
93.75, 96
93.75, 96
93.75, 96
93.75, 96
93.84, 96
93.84, 96
93.84, 96
93.84, 96
93.84, 96
93.84, 96
93.84, 96
93.84, 96
93.84, 96
93.85, 96
93.85, 96
94.06, 96
94.06, 96
94.06, 96
94.07, 96
94.07, 96
94.12, 96
94.13, 96
94.13, 96
94.22, 96
94.31, 96
94.31, 96
94.31, 96
94.31, 96
94.31, 96
94.32, 96
94.38, 96
94.39, 96
94.40, 96
94.40, 96
94.40, 96
94.40, 96
94.40, 96
94.41, 96
94.41, 96
94.41, 96
94.41, 96
94.71, 96
94.71, 96
94.72, 96
94.74, 96
94.85, 96
94.85, 96
94.85, 96
94.85, 96
94.86, 96
94.86, 96
94.86, 96
94.86, 96
94.87, 96
94.87, 96
94.88, 96
94.89, 96
94.89, 96
94.89, 96
94.89, 96
94.90, 96
94.90, 96
94.90, 96
94.90, 96
94.92, 96
95.31, 96
95.31, 96
95.35, 96
95.35, 96
95.35, 96
95.35, 96
95.35, 96
95.44, 96
95.47, 96
95.47, 96
95.65, 96
95.66, 96
95.66, 96
95.85, 96
95.85, 96
95.85, 96
95.85, 96
95.93, 96
95.93, 96
95.93, 96
96.08, 96
96.08, 96
96.08, 96
96.09, 96
96.09, 96
96.09, 96
96.09, 96
96.09, 96
96.09, 96
96.21, 96
96.23, 96
96.24, 96
96.24, 96
96.25, 96
96.28, 96
96.28, 96
96.28, 96
96.28, 96
96.29, 96
96.29, 96
96.31, 96
96.31, 96
96.31, 96
96.32, 96
96.32, 96
96.32, 96
96.32, 96
96.32, 96
96.44, 96
96.44, 96
96.44, 96
96.51, 96
96.55, 96
96.55, 96
96.62, 96
96.63, 96
96.63, 96
96.76, 96
96.76, 96
96.76, 96
96.85, 96
96.85, 96
96.85, 96
96.96, 96
96.96, 96
97.05, 96
97.05, 96
97.14, 96
97.21, 96
97.21, 96
97.54, 96
97.54, 96
97.69, 96
97.69, 96
97.69, 96
97.69, 96
97.69, 96
97.69, 96
97.69, 96
97.75, 96
97.75, 96
97.76, 96
97.76, 96
97.76, 96
97.80, 96
97.97, 96
97.97, 96
97.97, 96
97.97, 96
97.97, 96
98.02, 96
98.02, 96
98.02, 96
98.02, 96
98.06, 96
98.06, 96
98.06, 96
98.12, 96
98.42, 96
98.47, 96
98.48, 96
98.48, 96
98.48, 96
98.48, 96
98.48, 96
98.48, 96
98.49, 96
98.53, 96
98.53, 96
98.53, 96
98.53, 96
98.57, 96
98.57, 96
98.57, 96
98.57, 96
98.57, 96
98.57, 96
98.57, 96
98.64, 96
98.65, 96
98.66, 96
98.68, 96
98.68, 96
98.81, 96
98.82, 96
98.82, 96
98.82, 96
98.82, 96
98.83, 96
98.94, 96
99.04, 96
99.04, 96
99.04, 96
99.04, 96
99.04, 96
99.11, 96
99.11, 96
99.11, 96
99.11, 96
99.11, 96
99.11, 96
99.12, 96
99.13, 96
99.13, 96
99.13, 96
99.13, 96
99.22, 96
99.29, 96
99.41, 96
99.42, 96
99.56, 96
99.59, 96
99.60, 96
99.60, 96
99.60, 96
99.60, 96
99.60, 96
99.60, 96
99.60, 96
99.60, 96
99.66, 96
99.67, 96
99.67, 96
99.67, 96
99.67, 96
99.67, 96
99.67, 96
99.67, 96
99.67, 96
99.69, 96
99.69, 96
99.69, 96
99.69, 96
99.70, 96
99.70, 96
99.70, 96
99.70, 96
99.70, 96
99.70, 96
99.70, 96
99.70, 96
99.70, 96
99.71, 96
99.71, 96
99.71, 96
99.76, 96
99.79, 96
99.79, 96
99.80, 96
99.82, 96
99.86, 96
99.86, 96
99.89, 96
99.89, 96
99.89, 96
99.97, 96
99.97, 96
99.97, 96
99.97, 96
99.98, 96
99.99, 96
99.99, 96
100.06, 96
100.06, 96
100.06, 96
100.06, 96
100.09, 96
100.09, 96
100.09, 96
100.14, 96
100.33, 96
100.33, 96
100.34, 96
100.34, 96
100.34, 96
100.36, 96
100.37, 96
100.37, 96
100.42, 96
100.42, 96
100.42, 96
100.45, 96
100.45, 96
100.45, 96
100.45, 96
100.77, 96
100.78, 96
100.78, 96
100.78, 96
100.78, 96
100.78, 96
100.79, 96
101.09, 96
101.09, 96
101.16, 96
101.16, 96
101.16, 96
101.17, 96
101.33, 96
101.33, 96
101.33, 96
101.33, 96
101.39, 96
101.40, 96
101.44, 96
101.44, 96
101.44, 96
101.44, 96
101.45, 96
101.45, 96
101.45, 96
101.45, 96
101.45, 96
101.46, 96
101.46, 96
101.46, 96
101.59, 96
101.59, 96
101.59, 96
101.59, 96
101.59, 96
101.59, 96
101.59, 96
101.59, 96
101.59, 96
101.59, 96
101.62, 96
101.63, 96
101.63, 96
101.66, 96
101.66, 96
101.69, 96
101.69, 96
101.70, 96
101.70, 96
101.70, 96
101.70, 96
101.71, 96
101.98, 96
101.98, 96
102.15, 96
102.16, 96
102.20, 96
102.27, 96
102.27, 96
102.28, 96
102.29, 96
102.29, 96
102.29, 96
102.29, 96
102.48, 96
102.48, 96
102.48, 96
102.55, 96
102.55, 96
102.55, 96
102.57, 96
102.63, 96
102.66, 96
102.66, 96
102.66, 96
102.67, 96
103.41, 96
103.46, 96
103.46, 96
103.46, 96
103.69, 96
103.69, 96
103.69, 96
103.74, 96
103.74, 96
104.15, 96
104.15, 96
104.29, 96
104.29, 96
104.29, 96
104.29, 96
104.29, 96
104.29, 96
104.29, 96
104.33, 96
104.34, 96
104.34, 96
104.34, 96
104.34, 96
104.36, 96
104.36, 96
104.44, 96
104.44, 96
104.44, 96
104.59, 96
104.59, 96
104.62, 96
104.62, 96
104.63, 96
104.63, 96
104.63, 96
104.63, 96
104.64, 96
104.64, 96
104.66, 96
104.75, 96
104.75, 96
104.75, 96
104.75, 96
104.77, 96
104.77, 96
104.77, 96
104.78, 96
104.78, 96
104.78, 96
104.78, 96
104.78, 96
104.78, 96
104.78, 96
104.79, 96
104.79, 96
104.79, 96
104.79, 96
104.80, 96
104.80, 96
104.88, 96
104.88, 96
104.88, 96
104.88, 96
104.88, 96
104.88, 96
104.88, 96
104.88, 96
104.89, 96
104.89, 96
104.89, 96
104.89, 96
105.01, 96
105.01, 96
105.01, 96
105.01, 96
105.01, 96
105.01, 96
105.01, 96
105.02, 96
105.02, 96
105.02, 96
105.02, 96
105.02, 96
105.02, 96
105.02, 96
105.02, 96
105.03, 96
105.03, 96
105.03, 96
105.03, 96
105.07, 96
105.07, 96
105.07, 96
105.07, 96
105.08, 96
105.08, 96
105.36, 96
105.37, 96
105.37, 96
105.59, 96
105.60, 96
105.60, 96
105.60, 96
105.60, 96
105.60, 96
105.60, 96
105.60, 96
105.61, 96
105.61, 96
105.61, 96
105.61, 96
105.61, 96
105.65, 96
105.65, 96
105.66, 96
105.66, 96
105.66, 96
105.66, 96
105.66, 96
105.66, 96
105.66, 96
106.71, 96
106.71, 96
106.74, 96
106.74, 96
106.74, 96
106.84, 96
106.84, 96
106.84, 96
106.84, 96
107.06, 96
107.07, 96
107.08, 96
107.08, 96
107.08, 96
107.13, 96
107.14, 96
107.32, 96
107.33, 96
107.33, 96
107.33, 96
107.33, 96
107.33, 96
107.33, 96
107.34, 96
107.34, 96
107.84, 96
107.84, 96
107.84, 96
107.84, 96
107.84, 96
107.84, 96
107.84, 96
107.84, 96
107.84, 96
107.84, 96
107.85, 96
107.85, 96
107.85, 96
107.86, 96
107.86, 96
107.89, 96
107.89, 96
107.91, 96
107.91, 96
108.10, 96
108.10, 96
108.10, 96
108.11, 96
108.11, 96
108.11, 96
108.11, 96
108.15, 96
108.16, 96
108.16, 96
108.16, 96
108.16, 96
108.16, 96
108.18, 96
108.18, 96
108.35, 96
108.35, 96
108.36, 96
108.42, 96
108.42, 96
108.53, 96
108.61, 96
108.64, 96
108.64, 96
108.64, 96
108.64, 96
108.64, 96
108.65, 96
108.65, 96
108.65, 96
108.88, 96
108.88, 96
108.88, 96
108.88, 96
108.90, 96
108.94, 96
108.94, 96
108.99, 96
108.99, 96
108.99, 96
108.99, 96
108.99, 96
108.99, 96
109.06, 96
109.06, 96
109.07, 96
109.07, 96
109.13, 96
109.13, 96
109.14, 96
109.14, 96
109.14, 96
109.30, 96
109.31, 96
109.32, 96
109.32, 96
109.32, 96
109.32, 96
109.32, 96
109.32, 96
109.32, 96
109.34, 96
109.34, 96
109.34, 96
109.34, 96
109.34, 96
109.36, 96
109.36, 96
109.36, 96
109.58, 96
109.84, 96
109.84, 96
109.84, 96
109.87, 96
109.87, 96
109.90, 96
109.90, 96
109.90, 96
109.94, 96
110.06, 96
110.06, 96
110.10, 96
110.10, 96
110.10, 96
110.10, 96
110.10, 96
110.10, 96
110.10, 96
110.11, 96
110.11, 96
110.11, 96
110.11, 96
110.15, 96
110.15, 96
110.16, 96
110.16, 96
110.17, 96
110.17, 96
110.17, 96
110.20, 96
110.21, 96
110.21, 96
110.22, 96
110.32, 96
110.32, 96
110.32, 96
110.32, 96
110.32, 96
110.32, 96
110.32, 96
110.33, 96
110.63, 96
110.63, 96
110.77, 96
110.77, 96
110.77, 96
110.77, 96
110.77, 96
110.77, 96
110.77, 96
110.77, 96
110.78, 96
110.78, 96
110.79, 96
111.01, 96
111.01, 96
111.02, 96
111.02, 96
111.02, 96
111.02, 96
111.02, 96
111.02, 96
111.02, 96
111.02, 96
111.03, 96
111.10, 96
111.10, 96
111.11, 96
111.17, 96
111.19, 96
111.20, 96
111.20, 96
111.20, 96
111.21, 96
111.21, 96
111.30, 96
111.31, 96
111.32, 96
111.32, 96
111.32, 96
111.32, 96
111.32, 96
111.32, 96
111.33, 96
111.34, 96
111.34, 96
111.35, 96
111.35, 96
111.37, 96
111.37, 96
111.37, 96
111.37, 96
111.38, 96
111.38, 96
111.45, 96
111.45, 96
111.49, 96
111.49, 96
111.50, 96
111.50, 96
111.50, 96
111.66, 96
111.70, 96
111.70, 96
111.83, 96
111.83, 96
111.83, 96
111.83, 96
112.03, 96
112.16, 96
112.16, 96
112.27, 96
112.27, 96
112.27, 96
112.27, 96
112.27, 96
112.41, 96
112.50, 96
112.61, 96
112.63, 96
112.74, 96
112.74, 96
112.74, 96
112.80, 96
112.80, 96
112.80, 96
112.80, 96
112.80, 96
112.80, 96
112.83, 96
112.83, 96
112.83, 96
112.83, 96
112.84, 96
112.84, 96
112.84, 96
112.87, 96
113.00, 96
113.01, 96
113.01, 96
113.01, 96
113.01, 96
113.04, 96
113.06, 96
113.06, 96
113.07, 96
113.07, 96
113.07, 96
113.07, 96
113.08, 96
113.08, 96
113.08, 96
113.08, 96
113.08, 96
113.08, 96
113.08, 96
113.08, 96
113.18, 96
113.18, 96
113.19, 96
113.19, 96
113.19, 96
113.20, 96
113.20, 96
113.21, 96
113.21, 96
113.21, 96
113.21, 96
113.21, 96
113.21, 96
113.27, 96
113.35, 96
113.35, 96
113.35, 96
113.36, 96
113.43, 96
113.43, 96
113.43, 96
113.44, 96
113.44, 96
113.44, 96
113.45, 96
113.45, 96
113.45, 96
113.45, 96
113.45, 96
113.46, 96
113.56, 96
113.77, 96
113.77, 96
113.77, 96
113.77, 96
113.77, 96
113.77, 96
113.84, 96
113.84, 96
113.85, 96
113.85, 96
113.99, 96
114.00, 96
114.00, 96
114.00, 96
114.00, 96
114.00, 96
114.04, 96
114.08, 96
114.08, 96
114.17, 96
114.17, 96
114.18, 96
114.18, 96
114.23, 96
114.23, 96
114.53, 96
114.53, 96
114.53, 96
114.54, 96
114.54, 96
114.54, 96
114.64, 96
114.80, 96
114.80, 96
114.95, 96
114.95, 96
114.95, 96
115.10, 96
115.17, 96
115.17, 96
115.21, 96
115.21, 96
115.35, 96
115.35, 96
115.35, 96
115.35, 96
115.35, 96
115.36, 96
115.36, 96
115.36, 96
115.36, 96
115.36, 96
115.37, 96
115.44, 96
115.44, 96
115.44, 96
115.44, 96
115.44, 96
115.46, 96
115.46, 96
115.46, 96
115.46, 96
115.46, 96
115.47, 96
115.47, 96
115.47, 96
115.47, 96
115.48, 96
115.48, 96
115.48, 96
115.52, 96
115.52, 96
115.52, 96
115.53, 96
115.53, 96
115.59, 96
115.60, 96
115.62, 96
115.62, 96
115.63, 96
115.63, 96
115.63, 96
115.63, 96
115.64, 96
115.65, 96
115.70, 96
115.70, 96
115.70, 96
115.70, 96
115.70, 96
115.70, 96
115.71, 96
115.79, 96
115.79, 96
115.79, 96
115.79, 96
115.83, 96
115.83, 96
115.83, 96
115.83, 96
115.84, 96
115.84, 96
115.84, 96
115.90, 96
115.91, 96
115.91, 96
115.96, 96
115.96, 96
115.96, 96
115.96, 96
115.97, 96
115.97, 96
115.97, 96
116.10, 96
116.10, 96
116.10, 96
116.10, 96
116.11, 96
116.11, 96
116.11, 96
116.29, 96
116.29, 96
116.53, 96
117.14, 96
117.14, 96
117.14, 96
117.14, 96
117.14, 96
117.14, 96
117.14, 96
117.14, 96
117.23, 96
117.23, 96
117.39, 96
117.40, 96
117.40, 96
117.41, 96
117.41, 96
117.56, 96
117.57, 96
117.57, 96
117.57, 96
117.57, 96
117.57, 96
117.57, 96
117.57, 96
117.58, 96
117.58, 96
117.58, 96
117.58, 96
117.58, 96
117.59, 96
117.59, 96
117.60, 96
117.70, 96
117.70, 96
117.70, 96
118.08, 96
118.09, 96
118.10, 96
118.10, 96
118.10, 96
118.10, 96
118.10, 96
118.10, 96
118.10, 96
118.11, 96
118.11, 96
118.11, 96
118.11, 96
118.11, 96
118.12, 96
118.12, 96
118.29, 96
118.29, 96
118.29, 96
118.29, 96
118.32, 96
118.32, 96
118.52, 96
118.52, 96
118.52, 96
118.63, 96
118.63, 96
118.63, 96
118.78, 96
118.78, 96
118.78, 96
118.78, 96
118.81, 96
118.81, 96
118.84, 96
118.84, 96
118.84, 96
118.84, 96
118.84, 96
118.84, 96
118.84, 96
118.84, 96
118.84, 96
118.84, 96
118.85, 96
118.85, 96
118.85, 96
118.87, 96
118.87, 96
118.88, 96
118.88, 96
118.88, 96
118.88, 96
118.88, 96
118.88, 96
118.89, 96
119.00, 96
119.00, 96
119.00, 96
119.00, 96
119.01, 96
119.15, 96
119.15, 96
119.15, 96
119.15, 96
119.15, 96
119.15, 96
119.16, 96
119.18, 96
119.18, 96
119.18, 96
119.18, 96
119.18, 96
119.18, 96
119.18, 96
119.23, 96
119.23, 96
119.23, 96
119.23, 96
119.23, 96
119.23, 96
119.23, 96
119.23, 96
119.24, 96
119.27, 96
119.27, 96
119.42, 96
119.42, 96
119.46, 96
119.50, 96
119.50, 96
119.50, 96
119.50, 96
119.50, 96
119.51, 96
119.72, 96
119.72, 96
119.87, 96
120.09, 96
120.21, 96
120.21, 96
120.21, 96
120.22, 96
120.54, 96
120.55, 96
120.55, 96
120.55, 96
120.60, 96
120.71, 96
120.71, 96
120.72, 96
120.72, 96
120.72, 96
120.72, 96
120.73, 96
120.94, 96
120.94, 96
120.94, 96
120.94, 96
120.95, 96
120.95, 96
121.16, 96
121.16, 96
121.18, 96
121.18, 96
121.18, 96
121.18, 96
121.18, 96
121.19, 96
121.21, 96
121.22, 96
121.22, 96
121.50, 96
121.50, 96
121.50, 96
121.52, 96
121.59, 96
121.59, 96
121.60, 96
121.60, 96
121.60, 96
121.82, 96
121.83, 96
121.83, 96
121.83, 96
121.83, 96
121.84, 96
121.84, 96
121.84, 96
121.84, 96
121.84, 96
121.84, 96
121.84, 96
121.87, 96
121.87, 96
121.87, 96
121.87, 96
121.87, 96
121.94, 96
121.94, 96
121.94, 96
121.95, 96
121.95, 96
121.95, 96
121.95, 96
121.96, 96
121.97, 96
122.13, 96
122.13, 96
122.14, 96
122.18, 96
122.19, 96
122.19, 96
122.19, 96
122.21, 96
122.21, 96
122.21, 96
122.22, 96
122.22, 96
122.39, 96
122.39, 96
122.40, 96
123.06, 96
123.10, 96
123.10, 96
123.18, 96
123.18, 96
123.18, 96
123.19, 96
123.19, 96
123.19, 96
123.19, 96
123.19, 96
123.19, 96
123.19, 96
123.20, 96
123.20, 96
123.20, 96
123.24, 96
123.24, 96
123.44, 96
123.46, 96
123.46, 96
123.46, 96
123.51, 96
123.51, 96
123.51, 96
123.51, 96
123.61, 96
123.80, 96
123.80, 96
123.80, 96
123.80, 96
123.80, 96
123.81, 96
123.81, 96
123.81, 96
123.82, 96
123.86, 96
123.86, 96
123.86, 96
123.86, 96
123.87, 96
123.87, 96
123.87, 96
123.87, 96
123.87, 96
123.87, 96
123.87, 96
123.87, 96
123.88, 96
123.92, 96
123.93, 96
123.93, 96
123.94, 96
123.94, 96
123.94, 96
123.94, 96
123.94, 96
123.94, 96
123.94, 96
123.97, 96
124.01, 96
124.01, 96
124.01, 96
124.01, 96
124.01, 96
124.02, 96
124.02, 96
124.02, 96
124.02, 96
124.02, 96
124.02, 96
124.03, 96
124.04, 96
124.05, 96
124.05, 96
124.05, 96
124.06, 96
124.30, 96
124.31, 96
124.31, 96
124.31, 96
124.31, 96
124.31, 96
124.31, 96
124.31, 96
124.31, 96
124.31, 96
124.32, 96
124.32, 96
124.32, 96
124.32, 96
124.32, 96
124.33, 96
124.40, 96
124.61, 96
124.66, 96
124.66, 96
124.68, 96
124.69, 96
124.69, 96
124.69, 96
124.76, 96
124.77, 96
125.04, 96
125.05, 96
125.05, 96
125.27, 96
125.27, 96
125.28, 96
125.31, 96
125.32, 96
125.32, 96
125.33, 96
125.33, 96
125.33, 96
125.34, 96
125.37, 96
125.37, 96
125.37, 96
125.60, 96
125.61, 96
125.61, 96
125.61, 96
125.61, 96
125.61, 96
125.61, 96
125.61, 96
125.81, 96
125.81, 96
125.82, 96
125.82, 96
125.82, 96
125.82, 96
125.82, 96
125.82, 96
125.83, 96
125.84, 96
125.84, 96
125.84, 96
125.84, 96
125.84, 96
125.90, 96
125.90, 96
125.90, 96
125.90, 96
126.07, 96
126.08, 96
126.08, 96
126.09, 96
126.09, 96
126.10, 96
126.10, 96
126.10, 96
126.10, 96
126.13, 96
126.14, 96
126.69, 96
126.69, 96
126.73, 96
126.73, 96
126.73, 96
126.74, 96
126.85, 96
126.85, 96
126.85, 96
126.85, 96
126.85, 96
126.85, 96
126.96, 96
126.96, 96
126.96, 96
126.96, 96
126.97, 96
126.97, 96
126.97, 96
126.97, 96
126.97, 96
126.97, 96
126.98, 96
127.32, 96
127.34, 96
127.35, 96
127.58, 96
127.59, 96
127.59, 96
127.59, 96
127.59, 96
127.59, 96
127.64, 96
127.64, 96
127.64, 96
127.64, 96
127.65, 96
127.65, 96
127.65, 96
127.65, 96
127.66, 96
127.66, 96
127.66, 96
127.66, 96
127.67, 96
127.67, 96
127.74, 96
127.75, 96
127.75, 96
127.75, 96
127.75, 96
127.75, 96
127.76, 96
127.76, 96
127.76, 96
127.76, 96
127.76, 96
128.03, 96
128.03, 96
128.03, 96
128.05, 96
128.09, 96
128.09, 96
128.09, 96
128.09, 96
128.09, 96
128.10, 96
128.10, 96
128.10, 96
128.10, 96
128.10, 96
128.11, 96
128.11, 96
128.11, 96
128.17, 96
128.17, 96
128.18, 96
128.18, 96
128.20, 96
128.43, 96
128.43, 96
128.43, 96
128.43, 96
128.43, 96
128.44, 96
128.44, 96
128.52, 96
128.56, 96
128.56, 96
128.56, 96
128.57, 96
128.57, 96
128.57, 96
128.57, 96
128.57, 96
128.57, 96
128.58, 96
128.58, 96
128.58, 96
128.79, 96
128.79, 96
128.91, 96
128.91, 96
128.91, 96
128.91, 96
128.92, 96
128.92, 96
128.92, 96
128.92, 96
128.92, 96
128.92, 96
128.92, 96
128.92, 96
128.92, 96
128.93, 96
128.93, 96
128.93, 96
128.93, 96
128.93, 96
128.94, 96
129.13, 96
129.13, 96
129.20, 96
129.20, 96
129.20, 96
129.23, 96
129.23, 96
129.23, 96
129.23, 96
129.24, 96
129.47, 96
129.48, 96
129.48, 96
129.48, 96
129.48, 96
129.49, 96
129.51, 96
129.51, 96
129.51, 96
129.51, 96
129.51, 96
129.51, 96
129.51, 96
129.53, 96
129.53, 96
129.65, 96
129.65, 96
129.66, 96
129.66, 96
129.77, 96
129.77, 96
129.78, 96
129.79, 96
129.79, 96
129.79, 96
129.88, 96
129.88, 96
130.01, 96
130.01, 96
130.01, 96
130.02, 96
130.02, 96
130.17, 96
130.18, 96
130.18, 96
130.18, 96
130.18, 96
130.18, 96
130.19, 96
130.19, 96
130.37, 96
130.37, 96
130.37, 96
130.38, 96
130.38, 96
130.38, 96
130.39, 96
130.44, 96
130.44, 96
130.45, 96
130.46, 96
130.47, 96
130.47, 96
130.47, 96
130.54, 96
130.56, 96
130.70, 96
130.70, 96
130.73, 96
130.73, 96
130.73, 96
130.73, 96
130.73, 96
130.74, 96
130.74, 96
130.74, 96
130.85, 96
130.89, 96
130.89, 96
130.89, 96
130.89, 96
130.89, 96
130.89, 96
130.90, 96
130.90, 96
130.90, 96
130.90, 96
130.90, 96
130.91, 96
130.92, 96
130.93, 96
130.93, 96
130.93, 96
130.93, 96
130.94, 96
130.94, 96
130.94, 96
131.13, 96
131.13, 96
131.13, 96
131.22, 96
131.22, 96
131.23, 96
131.23, 96
131.23, 96
131.23, 96
131.23, 96
131.24, 96
131.24, 96
131.24, 96
131.24, 96
131.28, 96
131.29, 96
131.29, 96
131.29, 96
131.29, 96
131.29, 96
131.39, 96
131.39, 96
131.39, 96
131.40, 96
131.40, 96
131.55, 96
131.55, 96
131.55, 96
131.55, 96
131.55, 96
131.56, 96
131.56, 96
131.56, 96
131.56, 96
131.56, 96
131.56, 96
131.56, 96
131.56, 96
131.57, 96
131.57, 96
131.57, 96
131.57, 96
131.58, 96
131.58, 96
131.59, 96
131.59, 96
131.59, 96
131.71, 96
131.72, 96
131.72, 96
131.73, 96
131.74, 96
131.75, 96
131.75, 96
131.75, 96
131.75, 96
131.75, 96
132.07, 96
132.07, 96
132.07, 96
132.07, 96
132.07, 96
132.10, 96
132.22, 96
132.33, 96
132.33, 96
132.33, 96
132.33, 96
132.34, 96
132.34, 96
132.38, 96
132.38, 96
132.38, 96
132.38, 96
132.38, 96
132.38, 96
132.38, 96
132.38, 96
132.44, 96
132.60, 96
132.60, 96
132.61, 96
132.61, 96
132.61, 96
132.79, 96
132.79, 96
132.79, 96
132.79, 96
132.86, 96
132.86, 96
132.86, 96
132.86, 96
132.86, 96
132.86, 96
132.86, 96
132.87, 96
132.87, 96
132.87, 96
132.87, 96
132.88, 96
132.89, 96
132.89, 96
132.89, 96
132.89, 96
132.89, 96
132.90, 96
132.90, 96
133.09, 96
133.10, 96
133.15, 96
133.15, 96
133.17, 96
133.18, 96
133.19, 96
133.19, 96
133.20, 96
133.20, 96
133.20, 96
133.38, 96
133.38, 96
133.38, 96
133.41, 96
133.42, 96
133.44, 96
133.45, 96
133.56, 96
133.56, 96
133.57, 96
133.57, 96
133.57, 96
133.57, 96
133.64, 96
133.64, 96
133.64, 96
133.64, 96
133.64, 96
133.64, 96
133.64, 96
133.65, 96
133.66, 96
133.66, 96
133.80, 96
133.80, 96
133.80, 96
133.81, 96
133.81, 96
133.82, 96
133.83, 96
133.83, 96
133.93, 96
133.93, 96
133.97, 96
133.97, 96
133.97, 96
134.19, 96
134.24, 96
134.24, 96
134.27, 96
134.53, 96
134.53, 96
134.53, 96
134.53, 96
134.54, 96
134.54, 96
134.54, 96
134.54, 96
134.54, 96
134.65, 96
134.65, 96
134.65, 96
134.65, 96
134.73, 96
134.73, 96
134.73, 96
134.75, 96
134.75, 96
134.79, 96
134.79, 96
134.79, 96
134.80, 96
134.80, 96
134.81, 96
134.81, 96
134.81, 96
134.81, 96
134.81, 96
134.81, 96
134.81, 96
134.81, 96
134.81, 96
134.81, 96
134.81, 96
134.98, 96
134.98, 96
135.10, 96
135.11, 96
135.11, 96
135.11, 96
135.11, 96
135.13, 96
135.13, 96
135.14, 96
135.19, 96
135.24, 96
135.44, 96
135.45, 96
135.45, 96
135.66, 96
135.67, 96
135.67, 96
135.67, 96
135.67, 96
135.67, 96
135.67, 96
135.67, 96
135.70, 96
135.70, 96
135.79, 96
135.79, 96
135.79, 96
135.79, 96
135.79, 96
135.80, 96
135.80, 96
135.81, 96
136.05, 96
136.05, 96
136.07, 96
136.07, 96
136.07, 96
136.07, 96
136.07, 96
136.27, 96
136.28, 96
136.28, 96
136.28, 96
136.33, 96
136.33, 96
136.34, 96
136.34, 96
136.72, 96
136.72, 96
136.72, 96
136.75, 96
136.78, 96
136.78, 96
136.78, 96
136.78, 96
136.79, 96
136.79, 96
136.79, 96
136.80, 96
136.80, 96
136.80, 96
136.96, 96
136.96, 96
136.97, 96
136.97, 96
136.97, 96
137.02, 96
137.02, 96
137.02, 96
137.02, 96
137.02, 96
137.04, 96
137.17, 96
137.17, 96
137.17, 96
137.17, 96
137.18, 96
137.49, 96
137.49, 96
137.66, 96
137.66, 96
137.66, 96
137.66, 96
137.71, 96
137.71, 96
137.71, 96
137.71, 96
137.73, 96
137.73, 96
137.73, 96
137.73, 96
137.74, 96
137.74, 96
137.74, 96
137.74, 96
137.74, 96
137.74, 96
137.75, 96
137.75, 96
137.75, 96
137.75, 96
137.75, 96
137.75, 96
137.75, 96
137.99, 96
137.99, 96
138.00, 96
138.00, 96
138.00, 96
138.00, 96
138.07, 96
138.07, 96
138.07, 96
138.07, 96
138.08, 96
138.08, 96
138.08, 96
138.08, 96
138.08, 96
138.37, 96
138.37, 96
138.37, 96
138.38, 96
138.38, 96
138.38, 96
138.38, 96
138.59, 96
138.59, 96
138.59, 96
138.61, 96
138.61, 96
138.61, 96
138.62, 96
138.63, 96
138.63, 96
138.63, 96
138.76, 96
138.76, 96
138.76, 96
138.76, 96
138.76, 96
138.79, 96
138.79, 96
138.79, 96
138.79, 96
138.79, 96
138.79, 96
138.80, 96
138.80, 96
138.80, 96
138.80, 96
138.98, 96
139.06, 96
139.06, 96
139.07, 96
139.07, 96
139.07, 96
139.34, 96
139.34, 96
139.34, 96
139.34, 96
139.34, 96
139.34, 96
139.35, 96
139.35, 96
139.36, 96
139.36, 96
139.37, 96
139.37, 96
139.37, 96
139.38, 96
139.38, 96
139.38, 96
139.41, 96
139.59, 96
139.59, 96
139.59, 96
139.86, 96
139.86, 96
139.86, 96
139.87, 96
139.87, 96
139.88, 96
139.88, 96
139.88, 96
139.88, 96
139.88, 96
139.88, 96
139.88, 96
139.88, 96
139.88, 96
139.88, 96
139.89, 96
139.89, 96
139.90, 96
139.91, 96
139.92, 96
139.92, 96
139.92, 96
139.92, 96
139.92, 96
139.92, 96
139.92, 96
139.93, 96
139.93, 96
139.93, 96
139.93, 96
139.93, 96
139.97, 96
139.97, 96
140.27, 96
140.46, 96
140.46, 96
140.46, 96
140.58, 96
140.58, 96
140.58, 96
140.58, 96
140.60, 96
140.60, 96
140.61, 96
140.64, 96
140.64, 96
140.64, 96
140.69, 96
140.69, 96
140.69, 96
140.69, 96
140.69, 96
140.69, 96
140.69, 96
140.69, 96
140.69, 96
140.75, 96
140.75, 96
140.75, 96
140.75, 96
140.75, 96
140.75, 96
140.76, 96
140.77, 96
140.81, 96
140.81, 96
141.27, 96
141.27, 96
141.27, 96
141.28, 96
141.37, 96
141.38, 96
141.38, 96
141.46, 96
141.46, 96
141.79, 96
141.79, 96
141.80, 96
141.80, 96
141.80, 96
141.80, 96
141.80, 96
141.80, 96
141.80, 96
141.80, 96
141.80, 96
141.85, 96
141.85, 96
141.86, 96
141.86, 96
141.86, 96
141.86, 96
141.86, 96
141.86, 96
142.22, 96
142.25, 96
142.25, 96
142.25, 96
142.25, 96
142.25, 96
142.25, 96
142.29, 96
142.29, 96
142.32, 96
142.32, 96
142.42, 96
142.42, 96
142.42, 96
142.43, 96
142.43, 96
142.43, 96
142.43, 96
142.43, 96
142.43, 96
142.45, 96
142.46, 96
142.46, 96
142.64, 96
142.96, 96
142.97, 96
142.99, 96
142.99, 96
142.99, 96
143.29, 96
143.29, 96
143.39, 96
143.40, 96
143.40, 96
143.49, 96
143.49, 96
143.49, 96
143.50, 96
143.56, 96
143.58, 96
143.58, 96
143.59, 96
143.59, 96
143.59, 96
143.64, 96
143.64, 96
143.67, 96
143.68, 96
143.68, 96
143.68, 96
143.74, 96
143.74, 96
143.75, 96
143.75, 96
143.75, 96
143.77, 96
143.85, 96
143.85, 96
144.18, 96
144.18, 96
144.18, 96
144.18, 96
144.18, 96
144.18, 96
144.18, 96
144.19, 96
144.19, 96
144.21, 96
144.26, 96
144.26, 96
144.28, 96
144.34, 96
144.35, 96
144.35, 96
144.35, 96
144.36, 96
144.36, 96
144.37, 96
144.52, 96
144.70, 96
144.74, 96
144.75, 96
144.75, 96
144.75, 96
144.75, 96
144.85, 96
144.85, 96
144.85, 96
144.85, 96
144.85, 96
145.09, 96
145.09, 96
145.09, 96
145.09, 96
145.09, 96
145.10, 96
145.41, 96
145.41, 96
145.41, 96
145.41, 96
145.42, 96
145.42, 96
145.42, 96
145.42, 96
145.42, 96
145.43, 96
145.45, 96
145.45, 96
145.45, 96
145.45, 96
145.45, 96
145.45, 96
145.45, 96
145.46, 96
145.46, 96
145.47, 96
145.47, 96
145.47, 96
145.48, 96
145.48, 96
145.48, 96
145.48, 96
145.48, 96
145.48, 96
145.48, 96
145.48, 96
145.48, 96
145.48, 96
145.49, 96
145.49, 96
145.49, 96
145.49, 96
145.49, 96
145.50, 96
145.62, 96
145.62, 96
145.62, 96
145.63, 96
145.63, 96
145.63, 96
145.81, 96
145.81, 96
145.81, 96
145.85, 96
145.85, 96
145.85, 96
146.02, 96
146.16, 96
146.17, 96
146.17, 96
146.17, 96
146.17, 96
146.17, 96
146.18, 96
146.44, 96
146.45, 96
146.46, 96
146.46, 96
146.46, 96
146.46, 96
146.49, 96
146.49, 96
146.49, 96
146.50, 96
146.51, 96
146.51, 96
146.51, 96
146.52, 96
146.59, 96
146.59, 96
146.59, 96
146.59, 96
146.60, 96
146.60, 96
146.60, 96
146.60, 96
146.80, 96
146.80, 96
147.22, 96
147.22, 96
147.22, 96
147.22, 96
147.22, 96
147.23, 96
147.35, 96
147.35, 96
147.35, 96
147.35, 96
147.35, 96
147.36, 96
147.36, 96
147.36, 96
147.37, 96
147.37, 96
147.37, 96
147.45, 96
147.45, 96
147.46, 96
147.46, 96
147.46, 96
147.62, 96
147.62, 96
147.62, 96
147.62, 96
147.64, 96
147.65, 96
147.65, 96
148.60, 96
148.60, 96
148.60, 96
148.72, 96
148.72, 96
148.73, 96
148.73, 96
148.75, 96
149.26, 96
149.29, 96
149.29, 96
149.29, 96
149.29, 96
149.30, 96
149.30, 96
149.30, 96
149.31, 96
149.31, 96
149.51, 96
149.51, 96
149.51, 96
149.51, 96
149.51, 96
149.51, 96
149.51, 96
149.52, 96
149.99, 96
149.99, 96
150.25, 96
150.45, 96
150.46, 96
150.46, 96
150.46, 96
150.47, 96
150.47, 96
150.47, 96
150.47, 96
150.47, 96
150.55, 96
150.55, 96
150.56, 96
150.56, 96
150.56, 96
150.56, 96
150.59, 96
150.59, 96
150.59, 96
150.59, 96
150.59, 96
150.59, 96
150.60, 96
150.60, 96
150.92, 96
150.92, 96
150.94, 96
150.95, 96
150.95, 96
150.95, 96
150.95, 96
150.95, 96
150.99, 96
150.99, 96
150.99, 96
150.99, 96
151.00, 96
151.00, 96
151.00, 96
151.00, 96
151.00, 96
151.06, 96
151.07, 96
151.07, 96
151.07, 96
151.07, 96
151.07, 96
151.07, 96
151.07, 96
151.08, 96
151.08, 96
151.08, 96
151.08, 96
151.08, 96
151.08, 96
151.08, 96
151.27, 96
151.70, 96
151.70, 96
151.70, 96
151.70, 96
151.70, 96
151.71, 96
151.71, 96
151.81, 96
151.81, 96
151.81, 96
151.81, 96
151.81, 96
151.82, 96
151.82, 96
151.82, 96
151.82, 96
151.83, 96
151.84, 96
151.84, 96
151.88, 96
151.96, 96
151.96, 96
151.96, 96
151.96, 96
151.97, 96
151.98, 96
151.98, 96
152.01, 96
152.02, 96
152.02, 96
152.02, 96
152.03, 96
152.03, 96
152.03, 96
152.10, 96
152.10, 96
152.10, 96
152.29, 96
152.29, 96
152.32, 96
152.32, 96
152.37, 96
152.37, 96
152.37, 96
152.37, 96
152.38, 96
152.38, 96
152.38, 96
152.38, 96
152.38, 96
152.38, 96
152.38, 96
152.50, 96
152.50, 96
152.61, 96
152.61, 96
152.61, 96
152.76, 96
152.79, 96
152.79, 96
152.79, 96
152.80, 96
152.80, 96
152.80, 96
152.80, 96
152.80, 96
152.80, 96
152.80, 96
152.80, 96
152.80, 96
152.87, 96
152.87, 96
152.88, 96
152.88, 96
152.92, 96
152.92, 96
152.92, 96
152.94, 96
152.94, 96
152.94, 96
152.95, 96
152.95, 96
152.95, 96
152.95, 96
152.95, 96
152.95, 96
152.95, 96
152.96, 96
153.17, 96
153.19, 96
153.19, 96
153.20, 96
153.23, 96
153.23, 96
153.23, 96
153.23, 96
153.26, 96
153.29, 96
153.29, 96
153.29, 96
153.29, 96
153.30, 96
153.30, 96
153.30, 96
153.31, 96
153.47, 96
153.47, 96
153.48, 96
153.48, 96
153.49, 96
153.49, 96
153.49, 96
153.49, 96
153.50, 96
153.51, 96
153.51, 96
153.51, 96
153.53, 96
153.54, 96
153.61, 96
153.61, 96
153.61, 96
153.61, 96
153.61, 96
153.63, 96
153.63, 96
153.64, 96
153.66, 96
153.66, 96
153.72, 96
153.72, 96
153.72, 96
153.76, 96
153.76, 96
153.76, 96
153.76, 96
153.76, 96
153.76, 96
153.76, 96
153.86, 96
153.86, 96
153.86, 96
153.87, 96
153.87, 96
153.87, 96
154.27, 96
154.42, 96
154.44, 96
154.44, 96
154.47, 96
154.47, 96
154.55, 96
154.55, 96
154.55, 96
154.55, 96
154.55, 96
154.55, 96
154.71, 96
154.71, 96
154.92, 96
155.05, 96
155.05, 96
155.05, 96
155.05, 96
155.08, 96
155.09, 96
155.09, 96
155.09, 96
155.09, 96
155.09, 96
155.09, 96
155.09, 96
155.09, 96
155.10, 96
155.10, 96
155.10, 96
155.15, 96
155.43, 96
155.46, 96
155.48, 96
155.48, 96
155.49, 96
155.49, 96
155.59, 96
155.59, 96
155.60, 96
155.60, 96
155.61, 96
155.61, 96
155.61, 96
155.61, 96
155.61, 96
155.61, 96
155.61, 96
155.62, 96
155.62, 96
155.62, 96
155.72, 96
155.74, 96
155.74, 96
155.74, 96
155.74, 96
155.75, 96
155.75, 96
155.75, 96
155.75, 96
155.75, 96
155.75, 96
155.76, 96
155.76, 96
155.80, 96
155.80, 96
155.93, 96
155.93, 96
156.05, 96
156.05, 96
156.06, 96
156.06, 96
156.06, 96
156.06, 96
156.06, 96
156.10, 96
156.11, 96
156.11, 96
156.11, 96
156.11, 96
156.21, 96
156.23, 96
156.32, 96
156.36, 96
156.36, 96
156.37, 96
156.38, 96
156.39, 96
156.40, 96
156.40, 96
156.40, 96
156.40, 96
156.42, 96
156.50, 96
156.50, 96
156.50, 96
156.50, 96
156.50, 96
156.59, 96
156.59, 96
156.59, 96
156.61, 96
156.62, 96
156.62, 96
156.62, 96
156.74, 96
156.77, 96
156.84, 96
156.84, 96
156.84, 96
157.06, 96
157.07, 96
157.10, 96
157.10, 96
157.10, 96
157.12, 96
157.13, 96
157.13, 96
157.13, 96
157.27, 96
157.27, 96
157.27, 96
157.36, 96
157.36, 96
157.36, 96
157.39, 96
157.39, 96
157.39, 96
157.40, 96
157.41, 96
157.41, 96
157.41, 96
157.41, 96
157.69, 96
157.69, 96
157.69, 96
157.72, 96
157.72, 96
157.72, 96
157.79, 96
157.79, 96
157.92, 96
157.92, 96
157.93, 96
158.08, 96
158.09, 96
158.12, 96
158.12, 96
158.12, 96
158.12, 96
158.13, 96
158.13, 96
158.13, 96
158.14, 96
158.14, 96
158.14, 96
158.14, 96
158.15, 96
158.15, 96
158.15, 96
158.15, 96
158.15, 96
158.24, 96
158.24, 96
158.34, 96
158.36, 96
158.36, 96
158.36, 96
158.38, 96
158.38, 96
158.38, 96
158.38, 96
158.41, 96
158.41, 96
158.41, 96
158.42, 96
158.43, 96
158.43, 96
158.43, 96
158.43, 96
158.43, 96
158.43, 96
158.43, 96
158.45, 96
158.45, 96
158.45, 96
158.45, 96
158.45, 96
158.45, 96
158.45, 96
158.45, 96
158.45, 96
158.45, 96
158.46, 96
158.46, 96
158.47, 96
158.50, 96
158.51, 96
158.51, 96
158.51, 96
158.51, 96
158.51, 96
158.51, 96
158.51, 96
158.51, 96
158.51, 96
158.51, 96
158.53, 96
158.53, 96
158.53, 96
158.53, 96
158.54, 96
158.54, 96
158.54, 96
158.54, 96
158.54, 96
158.55, 96
158.55, 96
158.57, 96
158.64, 96
158.64, 96
158.64, 96
158.79, 96
158.82, 96
158.82, 96
158.82, 96
158.82, 96
158.82, 96
158.82, 96
158.82, 96
158.86, 96
158.87, 96
158.87, 96
158.87, 96
158.87, 96
158.87, 96
158.87, 96
158.88, 96
158.89, 96
158.89, 96
158.89, 96
158.89, 96
158.92, 96
158.92, 96
158.94, 96
158.94, 96
158.94, 96
158.94, 96
158.95, 96
158.96, 96
158.96, 96
158.96, 96
158.96, 96
158.96, 96
158.96, 96
158.97, 96
158.97, 96
159.11, 96
159.11, 96
159.25, 96
159.31, 96
159.31, 96
159.38, 96
159.38, 96
159.38, 96
159.38, 96
159.38, 96
159.38, 96
159.38, 96
159.38, 96
159.38, 96
159.39, 96
159.39, 96
159.39, 96
159.46, 96
159.46, 96
159.47, 96
159.50, 96
159.56, 96
159.69, 96
159.69, 96
159.69, 96
159.69, 96
159.71, 96
159.71, 96
159.72, 96
159.72, 96
159.73, 96
160.07, 96
160.07, 96
160.13, 96
160.71, 96
160.71, 96
160.71, 96
160.71, 96
160.71, 96
161.00, 96
161.01, 96
161.01, 96
161.01, 96
161.01, 96
161.03, 96
161.03, 96
161.03, 96
161.16, 96
161.27, 96
161.49, 96
161.50, 96
161.50, 96
161.66, 96
161.66, 96
161.69, 96
161.77, 96
161.77, 96
161.77, 96
161.77, 96
161.85, 96
161.85, 96
161.85, 96
161.86, 96
162.36, 96
162.36, 96
162.38, 96
162.40, 96
162.40, 96
162.40, 96
162.40, 96
162.41, 96
162.41, 96
162.41, 96
162.41, 96
162.59, 96
162.59, 96
162.59, 96
162.60, 96
162.60, 96
162.60, 96
162.60, 96
162.60, 96
162.60, 96
162.61, 96
162.78, 96
162.80, 96
162.80, 96
162.80, 96
162.90, 96
162.90, 96
163.09, 96
163.09, 96
163.09, 96
163.09, 96
163.10, 96
163.10, 96
163.10, 96
163.10, 96
163.10, 96
163.10, 96
163.11, 96
163.11, 96
163.24, 96
163.25, 96
163.25, 96
163.25, 96
163.25, 96
163.26, 96
163.26, 96
163.26, 96
163.26, 96
163.26, 96
163.27, 96
163.32, 96
163.32, 96
163.32, 96
163.32, 96
163.32, 96
163.32, 96
163.35, 96
163.35, 96
163.35, 96
163.35, 96
163.48, 96
163.48, 96
163.48, 96
163.48, 96
163.48, 96
163.48, 96
163.48, 96
163.49, 96
163.49, 96
163.49, 96
163.55, 96
163.55, 96
163.55, 96
163.69, 96
163.69, 96
163.83, 96
163.83, 96
163.83, 96
163.83, 96
163.86, 96
163.86, 96
163.86, 96
163.86, 96
163.86, 96
163.86, 96
163.86, 96
163.87, 96
163.87, 96
163.87, 96
163.87, 96
163.87, 96
163.87, 96
163.87, 96
163.87, 96
163.88, 96
163.88, 96
163.90, 96
163.90, 96
164.12, 96
164.12, 96
164.21, 96
164.28, 96
164.35, 96
164.35, 96
164.37, 96
164.37, 96
164.47, 96
164.49, 96
164.49, 96
164.49, 96
164.49, 96
164.49, 96
164.50, 96
164.50, 96
164.53, 96
164.54, 96
164.54, 96
164.94, 96
165.24, 96
165.24, 96
165.24, 96
165.24, 96
165.38, 96
165.38, 96
165.38, 96
165.38, 96
165.38, 96
165.52, 96
165.63, 96
165.63, 96
165.63, 96
165.64, 96
165.89, 96
165.89, 96
165.90, 96
165.97, 96
165.97, 96
165.97, 96
165.97, 96
165.97, 96
165.97, 96
166.09, 96
166.10, 96
166.10, 96
166.10, 96
166.10, 96
166.10, 96
166.10, 96
166.14, 96
166.14, 96
166.14, 96
166.14, 96
166.14, 96
166.14, 96
166.15, 96
166.15, 96
166.15, 96
166.17, 96
166.30, 96
166.30, 96
166.30, 96
166.30, 96
166.31, 96
166.31, 96
166.31, 96
166.32, 96
166.32, 96
166.32, 96
166.34, 96
166.43, 96
166.62, 96
166.62, 96
166.63, 96
166.63, 96
166.64, 96
166.65, 96
166.69, 96
166.86, 96
166.95, 96
166.96, 96
166.96, 96
166.96, 96
167.05, 96
167.18, 96
167.55, 96
167.76, 96
167.80, 96
167.82, 96
167.82, 96
167.96, 96
167.96, 96
167.96, 96
167.96, 96
168.02, 96
168.03, 96
168.03, 96
168.03, 96
168.03, 96
168.04, 96
168.04, 96
168.04, 96
168.04, 96
168.12, 96
168.12, 96
168.12, 96
168.12, 96
168.12, 96
168.12, 96
168.13, 96
168.14, 96
168.14, 96
168.14, 96
168.14, 96
168.14, 96
168.14, 96
168.14, 96
168.14, 96
168.30, 96
168.30, 96
168.30, 96
168.47, 96
168.47, 96
168.47, 96
168.48, 96
168.48, 96
168.71, 96
168.71, 96
168.72, 96
168.73, 96
168.73, 96
168.73, 96
168.73, 96
168.73, 96
168.74, 96
168.75, 96
168.75, 96
168.80, 96
168.80, 96
168.80, 96
168.80, 96
168.80, 96
168.87, 96
168.88, 96
168.88, 96
168.89, 96
168.89, 96
168.90, 96
168.91, 96
168.91, 96
168.94, 96
168.94, 96
168.94, 96
168.94, 96
168.94, 96
168.94, 96
168.96, 96
168.98, 96
168.98, 96
168.98, 96
168.98, 96
168.99, 96
169.00, 96
169.14, 96
169.14, 96
169.15, 96
169.16, 96
169.17, 96
169.17, 96
169.17, 96
169.17, 96
169.26, 96
169.26, 96
169.26, 96
169.26, 96
169.71, 96
169.71, 96
169.71, 96
169.71, 96
169.71, 96
169.72, 96
169.72, 96
169.72, 96
169.72, 96
169.72, 96
169.72, 96
169.74, 96
169.79, 96
169.79, 96
169.80, 96
169.80, 96
169.80, 96
169.89, 96
169.89, 96
169.89, 96
169.90, 96
169.90, 96
169.90, 96
170.02, 96
170.02, 96
170.03, 96
170.03, 96
170.40, 96
170.40, 96
170.42, 96
170.42, 96
170.42, 96
170.42, 96
170.64, 96
170.67, 96
170.67, 96
170.68, 96
170.68, 96
170.68, 96
170.68, 96
170.68, 96
170.68, 96
170.76, 96
170.89, 96
170.90, 96
170.99, 96
171.06, 96
171.18, 96
171.19, 96
171.19, 96
171.26, 96
171.26, 96
171.27, 96
171.27, 96
171.43, 96
171.44, 96
171.44, 96
171.48, 96
171.48, 96
171.49, 96
171.49, 96
171.49, 96
171.49, 96
171.49, 96
171.58, 96
171.58, 96
171.59, 96
171.59, 96
171.60, 96
171.61, 96
171.63, 96
171.63, 96
171.63, 96
171.63, 96
171.77, 96
171.77, 96
171.77, 96
171.77, 96
171.77, 96
171.78, 96
171.78, 96
171.78, 96
171.78, 96
171.78, 96
171.78, 96
171.78, 96
172.24, 96
172.40, 96
172.40, 96
172.40, 96
172.41, 96
172.41, 96
172.50, 96
172.50, 96
172.50, 96
172.50, 96
172.51, 96
172.51, 96
172.51, 96
172.51, 96
172.51, 96
172.51, 96
172.51, 96
172.84, 96
172.84, 96
172.84, 96
172.86, 96
172.86, 96
172.86, 96
172.87, 96
172.87, 96
172.87, 96
172.87, 96
173.14, 96
173.14, 96
173.18, 96
173.18, 96
173.18, 96
173.18, 96
173.26, 96
173.26, 96
173.26, 96
173.26, 96
173.26, 96
173.28, 96
173.28, 96
173.28, 96
173.29, 96
173.39, 96
173.40, 96
173.40, 96
173.40, 96
173.41, 96
173.41, 96
173.41, 96
173.42, 96
173.42, 96
173.42, 96
173.42, 96
173.46, 96
173.46, 96
173.46, 96
173.46, 96
173.62, 96
173.62, 96
173.62, 96
173.62, 96
173.65, 96
173.65, 96
173.65, 96
173.65, 96
173.66, 96
173.66, 96
173.90, 96
173.90, 96
174.05, 96
174.05, 96
174.05, 96
174.06, 96
174.06, 96
174.06, 96
174.06, 96
174.06, 96
174.06, 96
174.07, 96
174.07, 96
174.07, 96
174.07, 96
174.13, 96
174.14, 96
174.15, 96
174.15, 96
174.15, 96
174.18, 96
174.18, 96
174.18, 96
174.18, 96
174.18, 96
174.18, 96
174.31, 96
174.31, 96
174.32, 96
174.36, 96
174.36, 96
174.36, 96
174.36, 96
174.48, 96
174.68, 96
174.68, 96
174.68, 96
174.80, 96
174.80, 96
174.81, 96
174.81, 96
175.13, 96
175.22, 96
175.22, 96
175.38, 96
175.59, 96
175.59, 96
175.59, 96
175.59, 96
175.60, 96
175.63, 96
175.63, 96
175.64, 96
175.74, 96
175.74, 96
175.74, 96
175.74, 96
175.75, 96
175.98, 96
175.98, 96
175.98, 96
175.98, 96
175.98, 96
175.98, 96
175.99, 96
175.99, 96
176.00, 96
176.00, 96
176.02, 96
176.03, 96
176.37, 96
176.50, 96
176.50, 96
176.51, 96
176.51, 96
176.51, 96
176.51, 96
176.51, 96
176.51, 96
176.51, 96
176.51, 96
176.51, 96
176.64, 96
176.64, 96
176.64, 96
176.64, 96
176.64, 96
176.64, 96
176.67, 96
176.68, 96
176.97, 96
176.98, 96
176.98, 96
176.98, 96
177.14, 96
177.14, 96
177.15, 96
177.15, 96
177.15, 96
177.15, 96
177.33, 96
177.34, 96
177.34, 96
177.34, 96
177.35, 96
177.43, 96
177.43, 96
177.43, 96
177.43, 96
177.43, 96
177.43, 96
177.43, 96
177.48, 96
177.48, 96
177.53, 96
177.53, 96
177.55, 96
177.55, 96
177.55, 96
177.56, 96
177.56, 96
177.56, 96
177.56, 96
177.56, 96
177.56, 96
177.57, 96
177.57, 96
177.57, 96
177.57, 96
177.57, 96
177.57, 96
177.57, 96
177.58, 96
177.62, 96
177.62, 96
177.67, 96
177.67, 96
177.70, 96
177.71, 96
177.72, 96
177.72, 96
177.73, 96
177.84, 96
177.84, 96
177.85, 96
177.85, 96
177.85, 96
177.85, 96
177.85, 96
177.85, 96
177.86, 96
177.86, 96
177.86, 96
177.86, 96
177.86, 96
177.86, 96
177.86, 96
177.94, 96
177.95, 96
178.04, 96
178.05, 96
178.05, 96
178.16, 96
178.17, 96
178.18, 96
178.18, 96
178.18, 96
178.18, 96
178.19, 96
178.19, 96
178.20, 96
178.21, 96
178.21, 96
178.21, 96
178.21, 96
178.36, 96
178.52, 96
178.52, 96
178.52, 96
178.53, 96
178.53, 96
178.53, 96
178.53, 96
178.53, 96
178.60, 96
178.60, 96
178.61, 96
178.61, 96
178.61, 96
178.69, 96
178.69, 96
178.70, 96
178.77, 96
178.77, 96
178.77, 96
178.77, 96
178.77, 96
178.77, 96
178.78, 96
178.78, 96
178.78, 96
178.78, 96
178.79, 96
178.79, 96
179.09, 96
179.09, 96
179.10, 96
179.10, 96
179.10, 96
179.12, 96
179.22, 96
179.22, 96
179.24, 96
179.45, 96
179.50, 96
179.51, 96
179.51, 96
179.51, 96
179.52, 96
179.79, 96
179.79, 96
179.80, 96
179.80, 96
179.80, 96
179.80, 96
179.81, 96
179.81, 96
179.81, 96
179.81, 96
179.81, 96
179.81, 96
179.81, 96
179.82, 96
179.83, 96
179.83, 96
179.83, 96
179.98, 96
179.98, 96
179.98, 96
179.98, 96
