0.01, 102
0.02, 100
0.02, 99
0.02, 99
0.02, 99
0.02, 99
0.02, 99
0.02, 98
0.02, 98
0.02, 98
0.02, 98
0.03, 98
0.03, 98
0.03, 98
0.04, 98
0.05, 98
0.05, 98
0.05, 98
0.05, 98
0.05, 97
0.05, 97
0.05, 97
0.07, 97
0.07, 97
0.07, 97
0.07, 97
0.07, 97
0.07, 97
0.08, 97
0.08, 97
0.08, 97
0.08, 97
0.08, 97
0.08, 97
0.09, 97
0.09, 97
0.10, 97
0.10, 97
0.10, 97
0.10, 97
0.10, 97
0.10, 97
0.11, 97
0.11, 97
0.12, 97
0.12, 97
0.12, 97
0.12, 97
0.12, 97
0.12, 97
0.19, 97
0.19, 97
0.21, 97
0.21, 97
0.21, 97
0.21, 97
0.22, 97
0.22, 97
0.22, 97
0.23, 97
0.26, 97
0.26, 97
0.26, 97
0.27, 97
0.27, 97
0.27, 97
0.27, 97
0.27, 97
0.27, 97
0.27, 97
0.28, 97
0.29, 97
0.31, 97
0.31, 97
0.32, 97
0.32, 97
0.34, 97
0.34, 97
0.34, 97
0.34, 97
0.35, 97
0.35, 97
0.35, 97
0.35, 97
0.35, 97
0.37, 97
0.39, 97
0.39, 97
0.39, 97
0.39, 97
0.39, 97
0.39, 97
0.40, 97
0.40, 97
0.40, 97
0.41, 97
0.41, 97
0.41, 97
0.41, 97
0.41, 96
0.41, 96
0.41, 96
0.42, 96
0.43, 96
0.43, 96
0.46, 96
0.46, 96
0.47, 96
0.49, 96
0.49, 96
0.49, 96
0.52, 96
0.53, 96
0.53, 96
0.53, 96
0.57, 96
0.57, 96
0.58, 96
0.58, 96
0.84, 96
0.84, 96
0.84, 96
0.84, 96
0.84, 96
0.87, 96
0.87, 96
0.87, 96
0.90, 96
0.90, 96
0.94, 96
0.94, 96
0.94, 96
0.94, 96
0.94, 96
0.94, 96
0.94, 96
1.17, 96
1.20, 96
1.21, 96
1.21, 96
1.29, 96
1.29, 96
1.86, 96
1.86, 96
1.86, 96
1.87, 96
1.88, 96
1.90, 96
1.90, 96
1.90, 96
1.90, 96
1.90, 96
1.92, 96
1.93, 96
1.93, 96
1.93, 96
1.94, 96
2.02, 96
2.02, 96
2.02, 96
2.02, 96
2.03, 96
2.03, 96
2.07, 96
2.07, 96
2.07, 96
2.10, 96
2.10, 96
2.13, 96
2.13, 96
2.14, 96
2.14, 96
2.15, 96
2.16, 96
2.16, 96
2.16, 96
2.16, 96
2.16, 96
2.18, 96
2.18, 96
2.18, 96
2.18, 96
2.18, 96
2.60, 96
2.61, 96
2.61, 96
2.61, 96
2.61, 96
2.61, 96
2.61, 96
2.62, 96
3.10, 96
3.10, 96
3.11, 96
3.24, 96
3.24, 96
3.25, 96
3.25, 96
3.25, 96
3.25, 96
3.25, 96
3.44, 96
3.48, 96
3.48, 96
3.49, 96
3.49, 96
3.49, 96
3.49, 96
3.49, 96
3.50, 96
3.50, 96
3.50, 96
3.51, 96
3.51, 96
3.51, 96
3.51, 96
3.51, 96
3.51, 96
3.53, 96
3.53, 96
3.55, 96
3.56, 96
3.56, 96
3.56, 96
3.56, 96
3.56, 96
3.56, 96
3.56, 96
3.57, 96
3.57, 96
3.57, 96
3.57, 96
3.57, 96
3.57, 96
3.58, 96
3.58, 96
3.58, 96
3.60, 96
3.60, 96
3.60, 96
3.60, 96
3.61, 96
3.61, 96
3.63, 96
3.63, 96
3.63, 96
3.63, 96
3.63, 96
3.63, 96
3.63, 96
3.64, 96
3.65, 96
3.65, 96
3.65, 96
3.65, 96
3.66, 96
3.69, 96
3.69, 96
3.69, 96
3.69, 96
3.85, 96
3.85, 96
3.85, 96
3.88, 96
3.89, 96
3.89, 96
3.90, 96
3.90, 96
3.90, 96
3.90, 96
3.90, 96
3.90, 96
4.03, 96
4.03, 96
4.03, 96
4.03, 96
4.10, 96
4.11, 96
4.14, 96
4.14, 96
4.14, 96
4.15, 96
4.15, 96
4.15, 96
4.15, 96
4.15, 96
4.16, 96
4.16, 96
4.28, 96
4.28, 96
4.28, 96
4.28, 96
4.29, 96
4.29, 96
4.29, 96
4.37, 96
4.37, 96
4.38, 96
4.38, 96
4.38, 96
4.39, 96
4.39, 96
4.39, 96
4.40, 96
4.40, 96
4.40, 96
4.40, 96
4.41, 96
4.41, 96
4.41, 96
4.41, 96
4.46, 96
4.46, 96
4.46, 96
4.46, 96
4.46, 96
4.54, 96
4.54, 96
4.54, 96
4.55, 96
4.55, 96
4.55, 96
4.55, 96
4.55, 96
4.55, 96
4.74, 96
5.08, 96
5.19, 96
5.19, 96
5.19, 96
5.19, 96
5.19, 96
5.20, 96
5.20, 96
5.21, 96
5.21, 96
5.21, 96
5.21, 96
5.21, 96
5.22, 96
5.23, 96
5.32, 96
5.32, 96
5.33, 96
5.33, 96
5.33, 96
5.33, 96
5.44, 96
5.44, 96
5.44, 96
5.48, 96
5.48, 96
5.61, 96
5.61, 96
5.61, 96
5.61, 96
5.62, 96
5.64, 96
5.64, 96
5.66, 96
5.69, 96
5.69, 96
5.69, 96
5.70, 96
5.70, 96
5.70, 96
5.71, 96
5.71, 96
5.71, 96
5.71, 96
5.71, 96
5.71, 96
5.74, 96
5.74, 96
5.77, 96
5.77, 96
5.77, 96
5.78, 96
5.78, 96
5.78, 96
5.78, 96
5.82, 96
5.82, 96
5.83, 96
5.83, 96
5.83, 96
5.83, 96
5.87, 96
5.87, 96
5.87, 96
5.87, 96
5.87, 96
5.90, 96
5.90, 96
5.92, 96
5.95, 96
5.95, 96
5.95, 96
5.96, 96
5.96, 96
5.96, 96
6.00, 96
6.00, 96
6.00, 96
6.00, 96
6.01, 96
6.01, 96
6.01, 96
6.01, 96
6.01, 96
6.01, 96
6.01, 96
6.02, 96
6.02, 96
6.05, 96
6.05, 96
6.06, 96
6.06, 96
6.07, 96
6.07, 96
6.07, 96
6.55, 96
6.55, 96
6.55, 96
6.55, 96
6.57, 96
6.57, 96
6.57, 96
6.57, 96
6.58, 96
6.59, 96
6.62, 96
6.62, 96
6.67, 96
6.67, 96
6.68, 96
6.69, 96
6.69, 96
6.69, 96
6.69, 96
6.92, 96
6.92, 96
6.92, 96
6.92, 96
6.92, 96
6.92, 96
6.92, 96
6.93, 96
6.93, 96
6.93, 96
6.93, 96
6.94, 96
6.94, 96
6.94, 96
7.05, 96
7.06, 96
7.07, 96
7.07, 96
7.08, 96
7.08, 96
7.08, 96
7.08, 96
7.08, 96
7.08, 96
7.09, 96
7.09, 96
7.09, 96
7.12, 96
7.12, 96
7.12, 96
7.12, 96
7.23, 96
7.33, 96
7.33, 96
7.33, 96
7.33, 96
7.34, 96
7.49, 96
7.51, 96
7.63, 96
7.64, 96
7.64, 96
7.75, 96
7.75, 96
8.43, 96
8.83, 96
8.90, 96
8.90, 96
9.38, 96
9.53, 96
9.53, 96
9.56, 96
9.57, 96
9.78, 96
9.78, 96
10.08, 96
10.31, 96
10.39, 96
10.39, 96
10.40, 96
10.58, 96
10.60, 96
10.89, 96
10.89, 96
11.13, 96
11.23, 96
11.23, 96
11.30, 96
11.31, 96
11.31, 96
11.37, 96
11.37, 96
11.39, 96
11.39, 96
11.39, 96
11.39, 96
11.40, 96
11.40, 96
11.40, 96
11.41, 96
11.42, 96
11.42, 96
11.42, 96
11.42, 96
11.42, 96
11.43, 96
11.43, 96
11.43, 96
11.46, 96
11.46, 96
11.52, 96
11.53, 96
11.53, 96
11.53, 96
11.54, 96
11.54, 96
11.54, 96
11.54, 96
11.54, 96
11.59, 96
11.65, 96
11.65, 96
11.65, 96
11.65, 96
11.66, 96
11.66, 96
11.72, 96
11.84, 96
11.85, 96
11.85, 96
11.85, 96
11.85, 96
11.85, 96
11.85, 96
11.85, 96
11.85, 96
11.85, 96
11.85, 96
11.88, 96
11.88, 96
11.88, 96
11.90, 96
11.90, 96
11.97, 96
11.97, 96
12.01, 96
12.01, 96
12.02, 96
12.03, 96
12.03, 96
12.03, 96
12.09, 96
12.10, 96
12.10, 96
12.10, 96
12.10, 96
12.10, 96
12.10, 96
12.10, 96
12.11, 96
12.11, 96
12.11, 96
12.11, 96
12.11, 96
12.35, 96
12.35, 96
12.71, 96
12.77, 96
12.78, 96
12.80, 96
12.80, 96
12.85, 96
12.85, 96
12.87, 96
12.87, 96
13.22, 96
13.22, 96
13.22, 96
13.22, 96
13.41, 96
13.41, 96
13.41, 96
13.41, 96
13.41, 96
13.42, 96
13.42, 96
13.42, 96
13.42, 96
13.42, 96
13.42, 96
13.47, 96
13.47, 96
13.47, 96
13.47, 96
13.47, 96
13.48, 96
13.48, 96
13.48, 96
13.48, 96
13.48, 96
13.48, 96
13.49, 96
13.49, 96
13.49, 96
13.50, 96
14.37, 96
14.38, 96
14.39, 96
14.39, 96
14.39, 96
14.39, 96
14.39, 96
14.40, 96
14.40, 96
14.40, 96
14.41, 96
14.41, 96
14.41, 96
14.41, 96
14.53, 96
14.53, 96
14.67, 96
14.67, 96
14.67, 96
14.69, 96
14.73, 96
14.73, 96
14.73, 96
14.73, 96
14.74, 96
14.74, 96
14.74, 96
14.74, 96
14.74, 96
14.74, 96
14.76, 96
14.77, 96
14.77, 96
14.80, 96
14.80, 96
14.80, 96
14.80, 96
14.81, 96
14.81, 96
14.90, 96
14.90, 96
14.92, 96
14.92, 96
14.93, 96
14.94, 96
14.94, 96
14.95, 96
14.95, 96
14.95, 96
15.42, 96
15.42, 96
15.42, 96
15.43, 96
15.43, 96
15.43, 96
15.43, 96
15.43, 96
15.44, 96
15.44, 96
15.45, 96
15.81, 96
15.82, 96
15.82, 96
15.82, 96
15.96, 96
15.97, 96
16.14, 96
16.14, 96
16.14, 96
16.14, 96
16.21, 96
16.41, 96
16.41, 96
16.41, 96
16.41, 96
16.42, 96
16.42, 96
16.42, 96
16.42, 96
16.42, 96
16.44, 96
16.65, 96
16.65, 96
16.66, 96
16.66, 96
16.66, 96
16.66, 96
16.66, 96
16.70, 96
16.70, 96
16.71, 96
16.71, 96
16.71, 96
16.71, 96
16.71, 96
16.71, 96
16.71, 96
16.71, 96
16.71, 96
16.72, 96
16.72, 96
16.81, 96
16.81, 96
16.81, 96
16.84, 96
16.84, 96
16.85, 96
16.85, 96
16.85, 96
16.85, 96
16.85, 96
16.85, 96
16.85, 96
16.85, 96
16.86, 96
16.86, 96
17.09, 96
17.09, 96
17.12, 96
17.12, 96
17.12, 96
17.15, 96
17.15, 96
17.15, 96
17.16, 96
17.16, 96
17.22, 96
17.22, 96
17.22, 96
17.22, 96
17.40, 96
17.40, 96
17.40, 96
17.41, 96
17.41, 96
17.41, 96
17.41, 96
17.41, 96
17.42, 96
17.58, 96
17.62, 96
17.62, 96
17.62, 96
17.64, 96
17.65, 96
17.68, 96
17.97, 96
18.08, 96
18.08, 96
18.08, 96
18.45, 96
18.45, 96
18.59, 96
18.60, 96
18.60, 96
18.60, 96
18.60, 96
18.60, 96
18.61, 96
18.61, 96
18.61, 96
18.61, 96
18.61, 96
18.61, 96
18.86, 96
18.87, 96
18.87, 96
18.87, 96
18.87, 96
18.87, 96
18.87, 96
18.87, 96
18.87, 96
18.92, 96
18.92, 96
18.92, 96
18.92, 96
19.09, 96
19.09, 96
19.09, 96
19.09, 96
19.10, 96
19.10, 96
19.11, 96
19.11, 96
19.11, 96
19.11, 96
19.11, 96
19.11, 96
19.12, 96
19.14, 96
19.20, 96
19.20, 96
19.20, 96
19.20, 96
19.20, 96
19.23, 96
19.23, 96
19.26, 96
19.28, 96
19.28, 96
19.32, 96
19.32, 96
19.37, 96
19.39, 96
19.39, 96
19.40, 96
19.65, 96
19.65, 96
19.79, 96
19.82, 96
19.82, 96
19.83, 96
19.83, 96
19.83, 96
19.83, 96
19.83, 96
19.83, 96
19.83, 96
19.91, 96
19.91, 96
19.92, 96
19.96, 96
20.07, 96
20.07, 96
20.07, 96
20.09, 96
20.09, 96
20.09, 96
20.09, 96
20.09, 96
20.12, 96
20.16, 96
20.16, 96
20.16, 96
20.16, 96
20.22, 96
20.34, 96
20.54, 96
20.54, 96
20.54, 96
20.54, 96
20.54, 96
20.55, 96
20.74, 96
20.74, 96
20.94, 96
20.94, 96
20.94, 96
20.94, 96
20.95, 96
21.07, 96
21.11, 96
21.12, 96
21.14, 96
21.14, 96
21.14, 96
21.14, 96
21.25, 96
21.28, 96
21.28, 96
21.28, 96
21.30, 96
21.30, 96
21.30, 96
21.30, 96
21.30, 96
21.31, 96
21.37, 96
21.44, 96
21.45, 96
21.45, 96
21.45, 96
21.46, 96
21.47, 96
21.47, 96
21.47, 96
21.50, 96
21.50, 96
21.56, 96
21.85, 96
22.00, 96
22.01, 96
22.01, 96
22.02, 96
22.04, 96
22.04, 96
22.04, 96
22.04, 96
22.06, 96
22.07, 96
22.07, 96
22.07, 96
22.11, 96
22.16, 96
22.46, 96
22.46, 96
22.70, 96
22.70, 96
22.70, 96
22.71, 96
22.71, 96
22.72, 96
22.74, 96
22.74, 96
22.74, 96
22.75, 96
22.75, 96
22.75, 96
22.75, 96
22.75, 96
22.75, 96
22.89, 96
22.89, 96
23.01, 96
23.01, 96
23.07, 96
23.07, 96
23.07, 96
23.07, 96
23.08, 96
23.08, 96
23.08, 96
23.08, 96
23.09, 96
23.46, 96
23.46, 96
23.46, 96
23.47, 96
23.47, 96
23.47, 96
23.47, 96
23.48, 96
23.59, 96
23.59, 96
23.59, 96
23.59, 96
23.67, 96
23.67, 96
23.67, 96
23.67, 96
23.67, 96
23.69, 96
23.70, 96
23.70, 96
23.70, 96
23.70, 96
23.70, 96
23.71, 96
23.76, 96
23.76, 96
23.76, 96
23.93, 96
23.93, 96
23.98, 96
23.99, 96
23.99, 96
24.11, 96
24.53, 96
24.53, 96
24.53, 96
24.54, 96
24.55, 96
24.56, 96
24.56, 96
24.59, 96
24.59, 96
24.59, 96
24.59, 96
24.59, 96
24.65, 96
24.65, 96
24.65, 96
24.67, 96
24.85, 96
24.86, 96
24.86, 96
24.86, 96
24.86, 96
24.86, 96
24.86, 96
24.86, 96
25.20, 96
25.48, 96
25.48, 96
25.53, 96
25.53, 96
25.83, 96
25.84, 96
25.84, 96
25.84, 96
25.84, 96
25.84, 96
25.84, 96
25.84, 96
25.84, 96
25.85, 96
25.88, 96
25.89, 96
26.00, 96
26.05, 96
26.05, 96
26.05, 96
26.05, 96
26.06, 96
26.06, 96
26.06, 96
26.06, 96
26.06, 96
26.07, 96
26.07, 96
26.07, 96
26.07, 96
26.07, 96
26.07, 96
26.07, 96
26.08, 96
26.14, 96
26.15, 96
26.15, 96
26.24, 96
26.24, 96
26.25, 96
26.25, 96
26.25, 96
26.27, 96
26.27, 96
26.34, 96
26.34, 96
26.35, 96
26.35, 96
26.73, 96
26.73, 96
26.73, 96
26.73, 96
26.76, 96
26.83, 96
26.83, 96
26.83, 96
26.83, 96
26.83, 96
26.83, 96
26.99, 96
27.01, 96
27.01, 96
27.02, 96
27.02, 96
27.05, 96
27.13, 96
27.14, 96
27.14, 96
27.37, 96
27.37, 96
27.37, 96
27.37, 96
27.49, 96
27.49, 96
27.49, 96
27.49, 96
27.50, 96
27.50, 96
27.58, 96
27.58, 96
27.58, 96
27.59, 96
27.59, 96
27.59, 96
27.59, 96
27.59, 96
27.59, 96
27.59, 96
27.60, 96
27.61, 96
27.61, 96
27.61, 96
27.61, 96
27.61, 96
27.61, 96
27.62, 96
27.62, 96
27.62, 96
27.62, 96
27.63, 96
27.63, 96
27.64, 96
27.66, 96
27.91, 96
28.28, 96
28.28, 96
28.28, 96
28.28, 96
28.28, 96
28.28, 96
28.33, 96
28.33, 96
28.33, 96
28.33, 96
28.34, 96
28.48, 96
28.48, 96
28.49, 96
28.50, 96
28.73, 96
28.73, 96
28.73, 96
28.75, 96
28.75, 96
28.76, 96
28.91, 96
29.22, 96
29.22, 96
29.23, 96
29.24, 96
29.24, 96
29.26, 96
29.26, 96
29.26, 96
29.27, 96
29.27, 96
29.32, 96
29.32, 96
29.33, 96
29.33, 96
29.33, 96
29.34, 96
29.34, 96
29.36, 96
29.36, 96
29.37, 96
29.45, 96
29.45, 96
29.45, 96
29.45, 96
29.45, 96
29.46, 96
29.72, 96
29.72, 96
29.73, 96
29.73, 96
29.87, 96
29.97, 96
29.98, 96
29.99, 96
29.99, 96
29.99, 96
29.99, 96
29.99, 96
29.99, 96
30.00, 96
30.00, 96
30.00, 96
30.00, 96
30.26, 96
30.39, 96
30.39, 96
30.39, 96
30.40, 96
30.40, 96
30.40, 96
30.40, 96
30.40, 96
30.40, 96
30.40, 96
30.46, 96
30.46, 96
30.51, 96
30.51, 96
30.51, 96
30.51, 96
30.51, 96
30.51, 96
30.51, 96
30.51, 96
30.54, 96
30.55, 96
30.55, 96
30.55, 96
30.56, 96
30.69, 96
30.69, 96
30.69, 96
30.69, 96
30.69, 96
30.73, 96
30.73, 96
30.73, 96
30.73, 96
30.73, 96
30.74, 96
30.74, 96
30.81, 96
30.83, 96
30.83, 96
30.83, 96
30.83, 96
30.94, 96
30.94, 96
30.94, 96
30.95, 96
31.42, 96
31.42, 96
31.42, 96
31.42, 96
31.42, 96
31.49, 96
31.50, 96
31.50, 96
31.50, 96
31.58, 96
31.58, 96
31.58, 96
31.60, 96
31.61, 96
31.61, 96
31.65, 96
31.66, 96
31.66, 96
31.66, 96
31.71, 96
31.71, 96
31.71, 96
31.71, 96
31.71, 96
31.72, 96
31.73, 96
31.74, 96
31.75, 96
31.75, 96
31.75, 96
31.76, 96
31.76, 96
31.76, 96
31.76, 96
31.76, 96
32.03, 96
32.03, 96
32.05, 96
32.05, 96
32.05, 96
32.05, 96
32.05, 96
32.05, 96
32.05, 96
32.06, 96
32.08, 96
32.08, 96
32.10, 96
32.10, 96
32.10, 96
32.25, 96
32.25, 96
32.25, 96
32.89, 96
32.94, 96
33.17, 96
33.17, 96
33.17, 96
33.25, 96
33.25, 96
33.25, 96
33.26, 96
33.26, 96
33.27, 96
33.27, 96
33.62, 96
33.62, 96
33.66, 96
33.66, 96
33.66, 96
33.74, 96
33.75, 96
33.75, 96
33.75, 96
33.75, 96
33.76, 96
33.76, 96
33.76, 96
33.76, 96
33.76, 96
33.76, 96
33.77, 96
33.77, 96
33.77, 96
33.77, 96
33.77, 96
33.77, 96
33.87, 96
33.87, 96
33.88, 96
33.89, 96
33.89, 96
33.89, 96
33.89, 96
33.89, 96
33.90, 96
33.90, 96
33.90, 96
33.90, 96
33.93, 96
33.93, 96
33.98, 96
33.99, 96
33.99, 96
33.99, 96
33.99, 96
34.10, 96
34.11, 96
34.11, 96
34.11, 96
34.13, 96
34.13, 96
34.14, 96
34.21, 96
34.21, 96
34.21, 96
34.21, 96
34.21, 96
34.21, 96
34.28, 96
34.28, 96
34.29, 96
34.29, 96
34.29, 96
34.30, 96
34.32, 96
34.32, 96
34.32, 96
34.32, 96
34.32, 96
34.33, 96
34.34, 96
34.37, 96
34.39, 96
34.44, 96
34.46, 96
34.46, 96
34.46, 96
34.46, 96
34.47, 96
34.47, 96
34.47, 96
34.47, 96
34.48, 96
34.48, 96
34.48, 96
34.60, 96
34.60, 96
34.60, 96
34.73, 96
34.73, 96
34.73, 96
34.73, 96
34.76, 96
34.82, 96
34.84, 96
34.84, 96
34.84, 96
35.19, 96
35.21, 96
35.21, 96
35.60, 96
35.61, 96
35.61, 96
35.61, 96
35.61, 96
35.61, 96
35.75, 96
35.76, 96
35.77, 96
35.78, 96
35.78, 96
35.78, 96
35.81, 96
35.82, 96
35.82, 96
35.82, 96
35.84, 96
35.84, 96
35.85, 96
35.85, 96
35.85, 96
35.86, 96
36.23, 96
36.23, 96
36.23, 96
36.24, 96
36.24, 96
36.47, 96
36.47, 96
36.47, 96
36.90, 96
36.90, 96
36.90, 96
36.90, 96
36.90, 96
36.97, 96
36.97, 96
37.01, 96
37.01, 96
37.02, 96
37.02, 96
37.02, 96
37.02, 96
37.02, 96
37.02, 96
37.02, 96
37.02, 96
37.11, 96
37.11, 96
37.17, 96
37.17, 96
37.17, 96
37.18, 96
37.18, 96
37.18, 96
37.25, 96
37.25, 96
37.25, 96
37.25, 96
37.25, 96
37.25, 96
37.26, 96
37.26, 96
37.35, 96
37.35, 96
37.35, 96
37.35, 96
37.35, 96
37.47, 96
37.47, 96
37.47, 96
37.47, 96
37.47, 96
37.47, 96
37.47, 96
37.47, 96
37.47, 96
37.50, 96
37.50, 96
37.50, 96
37.52, 96
37.52, 96
37.52, 96
37.52, 96
37.52, 96
37.52, 96
37.52, 96
37.53, 96
37.53, 96
37.53, 96
37.53, 96
37.56, 96
37.56, 96
37.56, 96
37.57, 96
37.59, 96
37.59, 96
37.79, 96
37.79, 96
37.80, 96
37.81, 96
37.81, 96
37.81, 96
37.94, 96
37.94, 96
37.95, 96
37.97, 96
38.03, 96
38.04, 96
38.04, 96
38.04, 96
38.04, 96
38.06, 96
38.06, 96
38.09, 96
38.09, 96
38.09, 96
38.10, 96
38.10, 96
38.10, 96
38.11, 96
38.11, 96
38.11, 96
38.11, 96
38.11, 96
38.12, 96
38.27, 96
38.27, 96
38.27, 96
38.27, 96
38.27, 96
38.28, 96
38.28, 96
38.28, 96
38.28, 96
38.29, 96
38.29, 96
38.29, 96
38.29, 96
38.29, 96
38.30, 96
38.30, 96
38.50, 96
38.51, 96
38.51, 96
38.55, 96
38.55, 96
38.55, 96
38.59, 96
38.59, 96
38.77, 96
38.77, 96
38.77, 96
38.77, 96
38.77, 96
38.80, 96
38.80, 96
38.80, 96
38.80, 96
38.80, 96
38.81, 96
38.81, 96
38.81, 96
38.81, 96
38.81, 96
38.89, 96
38.89, 96
38.89, 96
38.94, 96
38.94, 96
38.95, 96
38.95, 96
38.95, 96
38.95, 96
38.95, 96
38.95, 96
38.95, 96
38.96, 96
38.96, 96
39.02, 96
39.02, 96
39.03, 96
39.33, 96
39.33, 96
39.33, 96
39.33, 96
39.40, 96
39.40, 96
39.42, 96
39.42, 96
39.46, 96
39.59, 96
39.59, 96
39.59, 96
39.60, 96
39.67, 96
39.67, 96
39.67, 96
39.69, 96
39.69, 96
39.69, 96
39.72, 96
39.72, 96
39.72, 96
39.72, 96
39.72, 96
39.96, 96
39.96, 96
39.96, 96
39.96, 96
39.96, 96
39.96, 96
40.78, 96
40.78, 96
40.92, 96
40.92, 96
40.92, 96
40.92, 96
40.93, 96
40.93, 96
40.94, 96
40.94, 96
40.94, 96
41.09, 96
41.09, 96
41.09, 96
41.10, 96
41.14, 96
41.15, 96
41.15, 96
41.16, 96
41.30, 96
41.30, 96
41.30, 96
41.30, 96
41.31, 96
41.31, 96
41.31, 96
41.31, 96
41.31, 96
41.32, 96
41.32, 96
41.32, 96
41.33, 96
41.33, 96
41.33, 96
41.33, 96
41.33, 96
41.33, 96
41.33, 96
41.34, 96
41.35, 96
41.35, 96
41.36, 96
41.36, 96
41.36, 96
41.44, 96
41.44, 96
41.44, 96
41.45, 96
41.46, 96
41.46, 96
41.53, 96
41.55, 96
41.55, 96
41.55, 96
41.56, 96
41.56, 96
41.56, 96
41.57, 96
41.73, 96
41.85, 96
41.86, 96
41.86, 96
41.92, 96
41.98, 96
41.99, 96
42.02, 96
42.03, 96
42.03, 96
42.03, 96
42.03, 96
42.04, 96
42.04, 96
42.04, 96
42.05, 96
42.05, 96
42.05, 96
42.06, 96
42.06, 96
42.25, 96
42.26, 96
42.26, 96
42.26, 96
42.26, 96
42.31, 96
42.33, 96
42.34, 96
42.34, 96
42.34, 96
42.39, 96
42.39, 96
42.40, 96
42.41, 96
42.41, 96
42.41, 96
42.41, 96
42.42, 96
42.42, 96
42.47, 96
42.58, 96
43.08, 96
43.08, 96
43.08, 96
43.08, 96
43.09, 96
43.09, 96
43.09, 96
43.10, 96
43.10, 96
43.16, 96
43.16, 96
43.16, 96
43.16, 96
43.29, 96
43.30, 96
43.30, 96
43.31, 96
43.31, 96
43.44, 96
43.45, 96
43.51, 96
43.51, 96
43.51, 96
43.51, 96
43.52, 96
43.52, 96
43.52, 96
43.52, 96
43.52, 96
43.52, 96
43.53, 96
43.53, 96
43.53, 96
43.53, 96
43.58, 96
43.58, 96
43.97, 96
43.98, 96
43.98, 96
43.98, 96
43.98, 96
43.98, 96
43.99, 96
43.99, 96
43.99, 96
44.02, 96
44.13, 96
44.27, 96
44.27, 96
44.28, 96
44.28, 96
44.28, 96
44.28, 96
44.28, 96
44.28, 96
44.28, 96
44.29, 96
44.29, 96
44.29, 96
44.29, 96
44.29, 96
44.29, 96
44.30, 96
44.31, 96
44.31, 96
44.31, 96
44.32, 96
44.43, 96
44.43, 96
44.70, 96
44.76, 96
44.76, 96
44.79, 96
44.80, 96
44.80, 96
44.81, 96
44.81, 96
45.18, 96
45.18, 96
45.28, 96
45.28, 96
45.29, 96
45.29, 96
45.31, 96
45.31, 96
45.32, 96
45.33, 96
45.33, 96
45.33, 96
45.49, 96
45.49, 96
45.50, 96
45.55, 96
46.30, 96
46.30, 96
46.30, 96
46.30, 96
46.33, 96
46.34, 96
46.46, 96
46.46, 96
46.46, 96
46.46, 96
46.46, 96
46.58, 96
46.58, 96
46.62, 96
46.62, 96
46.62, 96
46.62, 96
46.62, 96
46.64, 96
46.65, 96
46.65, 96
46.65, 96
46.66, 96
46.66, 96
46.66, 96
46.66, 96
46.67, 96
46.67, 96
46.99, 96
47.00, 96
47.00, 96
47.00, 96
47.00, 96
47.00, 96
47.07, 96
47.08, 96
47.16, 96
47.16, 96
47.16, 96
47.26, 96
47.26, 96
47.27, 96
47.39, 96
47.39, 96
47.58, 96
47.61, 96
47.61, 96
47.61, 96
47.71, 96
47.71, 96
47.72, 96
48.02, 96
48.05, 96
48.06, 96
48.08, 96
48.08, 96
48.08, 96
48.08, 96
48.08, 96
48.23, 96
48.23, 96
48.23, 96
48.24, 96
48.73, 96
48.79, 96
48.79, 96
48.89, 96
48.89, 96
48.91, 96
48.97, 96
48.97, 96
48.97, 96
48.97, 96
48.97, 96
49.01, 96
49.01, 96
49.01, 96
49.15, 96
49.15, 96
49.15, 96
49.28, 96
49.28, 96
49.28, 96
49.29, 96
49.30, 96
49.30, 96
49.38, 96
49.41, 96
49.41, 96
49.45, 96
49.45, 96
49.46, 96
49.46, 96
49.46, 96
49.67, 96
49.85, 96
49.88, 96
49.89, 96
49.94, 96
49.97, 96
49.97, 96
49.98, 96
49.98, 96
49.98, 96
49.98, 96
49.98, 96
49.99, 96
50.20, 96
50.20, 96
50.24, 96
50.24, 96
50.25, 96
50.25, 96
50.25, 96
50.33, 96
50.33, 96
50.33, 96
50.33, 96
50.35, 96
50.35, 96
50.35, 96
50.35, 96
50.37, 96
50.80, 96
50.91, 96
50.92, 96
50.92, 96
50.92, 96
50.93, 96
50.93, 96
50.93, 96
51.04, 96
51.05, 96
51.05, 96
51.06, 96
51.06, 96
51.06, 96
51.07, 96
51.07, 96
51.37, 96
51.37, 96
51.37, 96
51.38, 96
51.38, 96
51.61, 96
51.61, 96
51.61, 96
51.61, 96
51.78, 96
51.78, 96
52.12, 96
52.12, 96
52.12, 96
52.13, 96
52.20, 96
52.20, 96
52.42, 96
52.42, 96
52.42, 96
52.42, 96
52.42, 96
52.42, 96
52.42, 96
52.43, 96
52.43, 96
52.43, 96
52.44, 96
52.44, 96
52.44, 96
52.47, 96
52.48, 96
52.48, 96
52.48, 96
52.48, 96
52.61, 96
52.66, 96
52.66, 96
52.66, 96
53.14, 96
53.19, 96
53.19, 96
53.28, 96
53.30, 96
53.30, 96
53.30, 96
53.30, 96
53.33, 96
53.33, 96
53.33, 96
53.33, 96
53.33, 96
53.34, 96
53.34, 96
53.34, 96
53.34, 96
53.51, 96
53.68, 96
53.68, 96
53.75, 96
53.75, 96
53.75, 96
53.76, 96
53.92, 96
54.28, 96
54.31, 96
54.31, 96
54.32, 96
54.32, 96
54.76, 96
54.76, 96
54.77, 96
54.77, 96
54.82, 96
54.82, 96
54.82, 96
54.82, 96
54.83, 96
54.84, 96
54.84, 96
54.84, 96
54.85, 96
54.85, 96
54.85, 96
54.85, 96
54.85, 96
54.85, 96
54.85, 96
54.97, 96
54.98, 96
54.98, 96
54.98, 96
54.98, 96
54.98, 96
54.98, 96
54.98, 96
55.00, 96
55.14, 96
55.14, 96
55.15, 96
55.18, 96
55.18, 96
55.19, 96
55.37, 96
55.37, 96
55.38, 96
55.38, 96
55.38, 96
55.38, 96
55.40, 96
55.41, 96
55.65, 96
55.65, 96
55.65, 96
55.65, 96
55.65, 96
55.85, 96
55.86, 96
55.86, 96
55.87, 96
55.87, 96
55.87, 96
55.96, 96
55.97, 96
55.99, 96
55.99, 96
55.99, 96
55.99, 96
56.05, 96
56.05, 96
56.40, 96
56.40, 96
57.07, 96
57.07, 96
57.12, 96
57.12, 96
57.12, 96
57.12, 96
57.12, 96
57.13, 96
57.28, 96
57.28, 96
57.46, 96
57.46, 96
57.57, 96
57.58, 96
57.58, 96
57.58, 96
57.60, 96
57.60, 96
57.60, 96
57.61, 96
57.61, 96
57.61, 96
57.61, 96
57.61, 96
57.61, 96
57.61, 96
57.61, 96
57.61, 96
57.63, 96
57.64, 96
57.64, 96
57.64, 96
57.64, 96
57.75, 96
57.75, 96
57.75, 96
57.77, 96
57.84, 96
57.85, 96
57.85, 96
57.86, 96
57.86, 96
57.89, 96
57.92, 96
57.92, 96
57.92, 96
57.92, 96
57.93, 96
57.96, 96
58.03, 96
58.03, 96
58.18, 96
58.18, 96
58.18, 96
58.19, 96
58.19, 96
58.19, 96
58.19, 96
58.19, 96
58.19, 96
58.23, 96
58.26, 96
58.26, 96
58.26, 96
58.26, 96
58.27, 96
58.41, 96
58.43, 96
58.67, 96
58.68, 96
58.68, 96
58.86, 96
58.89, 96
58.92, 96
58.92, 96
58.92, 96
58.93, 96
58.93, 96
58.93, 96
58.94, 96
58.94, 96
58.94, 96
59.03, 96
59.04, 96
59.04, 96
59.04, 96
59.04, 96
59.04, 96
59.04, 96
59.04, 96
59.05, 96
59.05, 96
59.05, 96
59.05, 96
59.16, 96
59.18, 96
59.18, 96
59.19, 96
59.19, 96
59.19, 96
59.19, 96
59.19, 96
59.32, 96
59.32, 96
59.82, 96
59.82, 96
59.83, 96
59.83, 96
59.83, 96
59.85, 96
59.85, 96
60.01, 96
60.01, 96
60.01, 96
60.01, 96
60.01, 96
60.01, 96
60.01, 96
60.02, 96
60.04, 96
60.04, 96
60.04, 96
60.04, 96
60.04, 96
60.23, 96
60.29, 96
60.29, 96
60.30, 96
60.30, 96
60.30, 96
60.30, 96
60.30, 96
60.31, 96
60.31, 96
60.31, 96
60.31, 96
60.31, 96
60.44, 96
60.44, 96
60.44, 96
60.45, 96
60.45, 96
60.45, 96
60.45, 96
60.45, 96
60.45, 96
60.45, 96
60.49, 96
60.49, 96
60.49, 96
60.51, 96
60.55, 96
60.58, 96
60.58, 96
60.59, 96
60.59, 96
60.59, 96
60.59, 96
60.62, 96
60.62, 96
60.62, 96
60.62, 96
60.63, 96
61.36, 96
61.36, 96
61.83, 96
61.83, 96
61.84, 96
61.84, 96
62.03, 96
62.04, 96
62.16, 96
62.17, 96
62.20, 96
62.29, 96
62.29, 96
62.32, 96
62.32, 96
62.32, 96
62.32, 96
62.32, 96
62.72, 96
62.73, 96
62.74, 96
62.74, 96
62.74, 96
63.19, 96
63.19, 96
63.19, 96
63.54, 96
63.55, 96
63.55, 96
63.55, 96
63.69, 96
63.95, 96
64.03, 96
64.03, 96
64.03, 96
64.03, 96
64.04, 96
64.04, 96
64.04, 96
64.04, 96
64.04, 96
64.14, 96
64.14, 96
64.14, 96
64.14, 96
64.15, 96
64.15, 96
64.16, 96
64.16, 96
64.16, 96
64.16, 96
64.22, 96
64.24, 96
64.24, 96
64.25, 96
64.25, 96
64.97, 96
65.29, 96
65.29, 96
65.31, 96
65.31, 96
65.32, 96
65.34, 96
65.57, 96
65.58, 96
65.58, 96
65.58, 96
65.58, 96
65.63, 96
65.63, 96
65.63, 96
65.66, 96
65.66, 96
65.66, 96
65.67, 96
65.68, 96
65.68, 96
65.68, 96
65.70, 96
65.76, 96
65.76, 96
65.87, 96
65.87, 96
65.88, 96
65.88, 96
65.88, 96
65.89, 96
65.89, 96
65.96, 96
65.99, 96
66.00, 96
66.00, 96
66.00, 96
66.00, 96
66.25, 96
66.25, 96
66.60, 96
66.62, 96
66.66, 96
66.66, 96
66.66, 96
66.66, 96
66.67, 96
66.67, 96
66.67, 96
66.67, 96
66.67, 96
66.67, 96
66.67, 96
66.67, 96
66.68, 96
66.68, 96
66.68, 96
66.68, 96
66.68, 96
66.68, 96
66.69, 96
66.69, 96
66.69, 96
66.70, 96
66.70, 96
66.72, 96
66.74, 96
66.74, 96
66.74, 96
66.74, 96
66.74, 96
66.74, 96
66.79, 96
66.79, 96
66.79, 96
66.87, 96
66.87, 96
66.87, 96
66.88, 96
66.88, 96
66.88, 96
66.88, 96
66.89, 96
67.06, 96
67.07, 96
67.07, 96
67.25, 96
67.28, 96
67.42, 96
67.42, 96
67.43, 96
67.43, 96
67.43, 96
67.53, 96
67.53, 96
67.53, 96
67.53, 96
67.53, 96
67.53, 96
67.53, 96
67.54, 96
67.59, 96
67.59, 96
67.59, 96
67.60, 96
67.60, 96
67.62, 96
67.62, 96
67.62, 96
67.62, 96
67.62, 96
67.71, 96
67.71, 96
67.71, 96
67.71, 96
67.71, 96
67.71, 96
67.71, 96
67.71, 96
67.71, 96
67.71, 96
67.80, 96
67.80, 96
67.81, 96
67.82, 96
67.82, 96
67.84, 96
67.86, 96
67.88, 96
67.88, 96
67.88, 96
67.88, 96
67.89, 96
67.89, 96
67.89, 96
67.89, 96
68.15, 96
68.15, 96
68.18, 96
68.19, 96
68.19, 96
68.20, 96
68.20, 96
68.20, 96
68.20, 96
68.21, 96
68.21, 96
68.21, 96
68.21, 96
68.21, 96
68.25, 96
68.26, 96
68.26, 96
68.30, 96
68.30, 96
68.31, 96
68.31, 96
68.31, 96
68.34, 96
68.34, 96
68.34, 96
68.34, 96
68.35, 96
68.35, 96
68.35, 96
68.35, 96
68.35, 96
68.35, 96
68.35, 96
68.35, 96
68.39, 96
68.39, 96
68.40, 96
68.44, 96
68.55, 96
68.55, 96
68.56, 96
68.63, 96
68.64, 96
68.64, 96
68.64, 96
68.64, 96
68.65, 96
68.65, 96
68.80, 96
68.81, 96
68.83, 96
68.85, 96
68.85, 96
68.85, 96
68.87, 96
68.87, 96
68.87, 96
68.89, 96
68.89, 96
68.89, 96
69.18, 96
69.19, 96
69.20, 96
69.24, 96
69.24, 96
69.24, 96
69.25, 96
69.25, 96
69.30, 96
69.30, 96
69.30, 96
69.30, 96
69.31, 96
69.31, 96
69.48, 96
69.48, 96
69.48, 96
69.48, 96
69.48, 96
69.49, 96
69.49, 96
69.49, 96
69.49, 96
69.49, 96
69.49, 96
69.50, 96
69.51, 96
69.52, 96
69.52, 96
69.52, 96
69.52, 96
69.52, 96
69.55, 96
69.55, 96
69.60, 96
69.60, 96
69.61, 96
69.61, 96
70.06, 96
70.28, 96
70.28, 96
70.28, 96
70.28, 96
70.28, 96
70.28, 96
70.28, 96
70.50, 96
70.50, 96
70.51, 96
70.51, 96
70.67, 96
70.67, 96
70.67, 96
70.67, 96
70.68, 96
70.68, 96
70.68, 96
70.69, 96
70.69, 96
70.69, 96
70.69, 96
70.69, 96
70.70, 96
70.70, 96
70.70, 96
70.74, 96
70.74, 96
70.75, 96
70.82, 96
70.82, 96
70.91, 96
71.12, 96
71.12, 96
71.12, 96
71.13, 96
71.27, 96
71.43, 96
71.43, 96
71.44, 96
71.44, 96
71.44, 96
71.62, 96
71.63, 96
71.64, 96
71.67, 96
71.76, 96
71.76, 96
71.77, 96
71.77, 96
71.77, 96
71.77, 96
71.79, 96
71.79, 96
71.79, 96
71.80, 96
71.80, 96
71.80, 96
71.80, 96
71.80, 96
71.80, 96
71.96, 96
71.96, 96
71.96, 96
72.09, 96
72.61, 96
72.61, 96
72.63, 96
72.67, 96
72.67, 96
72.67, 96
72.76, 96
72.77, 96
72.81, 96
72.81, 96
72.94, 96
72.94, 96
72.94, 96
73.10, 96
73.26, 96
73.26, 96
73.26, 96
73.26, 96
73.30, 96
73.31, 96
73.31, 96
73.31, 96
73.32, 96
73.33, 96
73.54, 96
73.55, 96
73.55, 96
73.55, 96
73.55, 96
73.55, 96
73.56, 96
73.56, 96
73.56, 96
73.56, 96
73.56, 96
73.57, 96
73.57, 96
73.57, 96
73.57, 96
73.60, 96
73.60, 96
73.60, 96
73.60, 96
73.60, 96
73.60, 96
73.70, 96
73.70, 96
73.70, 96
73.71, 96
73.71, 96
73.71, 96
73.71, 96
73.78, 96
73.78, 96
73.78, 96
73.78, 96
73.78, 96
73.78, 96
73.78, 96
73.79, 96
73.79, 96
73.79, 96
73.79, 96
73.79, 96
73.80, 96
73.80, 96
73.80, 96
74.03, 96
74.03, 96
74.06, 96
74.06, 96
74.06, 96
74.06, 96
74.06, 96
74.06, 96
74.07, 96
74.07, 96
74.07, 96
74.07, 96
74.08, 96
74.08, 96
74.08, 96
74.08, 96
74.08, 96
74.39, 96
74.60, 96
74.60, 96
74.60, 96
74.61, 96
74.61, 96
74.61, 96
74.61, 96
74.61, 96
74.61, 96
74.92, 96
74.93, 96
74.93, 96
74.97, 96
75.02, 96
75.02, 96
75.02, 96
75.02, 96
75.02, 96
75.06, 96
75.06, 96
75.15, 96
75.51, 96
75.57, 96
75.57, 96
75.57, 96
75.57, 96
75.57, 96
75.57, 96
75.58, 96
75.58, 96
75.59, 96
75.60, 96
75.60, 96
75.74, 96
75.74, 96
75.75, 96
75.76, 96
75.77, 96
75.84, 96
75.84, 96
75.85, 96
75.85, 96
75.87, 96
75.87, 96
75.88, 96
75.88, 96
75.89, 96
76.02, 96
76.02, 96
76.03, 96
76.03, 96
76.04, 96
76.05, 96
76.05, 96
76.05, 96
76.05, 96
76.05, 96
76.05, 96
76.06, 96
76.06, 96
76.10, 96
76.10, 96
76.10, 96
76.11, 96
76.12, 96
76.12, 96
76.22, 96
76.22, 96
76.26, 96
76.46, 96
76.46, 96
76.46, 96
76.46, 96
76.46, 96
76.47, 96
76.47, 96
76.47, 96
76.48, 96
76.49, 96
76.78, 96
76.79, 96
76.79, 96
76.79, 96
76.79, 96
76.80, 96
76.82, 96
76.82, 96
76.82, 96
76.83, 96
76.83, 96
76.83, 96
76.83, 96
76.83, 96
76.83, 96
76.83, 96
76.83, 96
76.83, 96
76.84, 96
76.84, 96
76.84, 96
76.86, 96
76.88, 96
76.88, 96
76.88, 96
76.88, 96
76.97, 96
77.13, 96
77.13, 96
77.13, 96
77.14, 96
77.14, 96
77.14, 96
77.14, 96
77.15, 96
77.20, 96
77.20, 96
77.20, 96
77.43, 96
77.50, 96
77.66, 96
77.66, 96
77.66, 96
77.68, 96
77.79, 96
77.79, 96
77.84, 96
77.84, 96
77.84, 96
78.61, 96
78.61, 96
78.62, 96
78.62, 96
78.65, 96
78.83, 96
78.83, 96
78.83, 96
78.84, 96
78.90, 96
78.90, 96
78.90, 96
78.90, 96
78.90, 96
78.90, 96
78.95, 96
78.96, 96
78.98, 96
78.99, 96
79.00, 96
79.00, 96
79.00, 96
79.00, 96
79.01, 96
79.02, 96
79.23, 96
79.23, 96
79.23, 96
79.23, 96
79.32, 96
79.32, 96
79.32, 96
79.32, 96
79.40, 96
79.64, 96
79.65, 96
79.65, 96
79.65, 96
79.66, 96
79.66, 96
79.69, 96
79.69, 96
79.72, 96
79.72, 96
79.75, 96
79.96, 96
79.96, 96
79.97, 96
79.97, 96
79.97, 96
79.97, 96
79.99, 96
79.99, 96
80.28, 96
80.28, 96
80.28, 96
80.30, 96
80.33, 96
80.36, 96
80.55, 96
80.55, 96
80.56, 96
80.56, 96
80.56, 96
80.71, 96
80.92, 96
80.92, 96
80.93, 96
80.93, 96
80.93, 96
80.93, 96
80.93, 96
80.94, 96
80.99, 96
80.99, 96
80.99, 96
80.99, 96
81.00, 96
81.02, 96
81.50, 96
81.50, 96
81.50, 96
81.52, 96
81.52, 96
81.53, 96
81.53, 96
81.53, 96
81.53, 96
81.53, 96
81.53, 96
81.53, 96
81.53, 96
81.54, 96
81.54, 96
81.54, 96
81.54, 96
81.55, 96
81.55, 96
81.55, 96
81.55, 96
81.70, 96
81.70, 96
81.72, 96
81.72, 96
81.73, 96
81.98, 96
81.98, 96
81.98, 96
81.99, 96
81.99, 96
82.01, 96
82.01, 96
82.07, 96
82.08, 96
82.09, 96
82.09, 96
82.09, 96
82.09, 96
82.09, 96
82.10, 96
82.10, 96
82.10, 96
82.22, 96
82.22, 96
82.23, 96
82.26, 96
82.33, 96
82.33, 96
82.33, 96
82.33, 96
82.34, 96
82.34, 96
82.34, 96
82.34, 96
82.34, 96
82.34, 96
82.34, 96
82.35, 96
82.35, 96
82.36, 96
82.37, 96
82.37, 96
82.37, 96
82.37, 96
82.69, 96
83.39, 96
83.47, 96
83.48, 96
83.73, 96
83.73, 96
83.88, 96
83.89, 96
84.35, 96
84.35, 96
84.35, 96
84.35, 96
84.35, 96
84.35, 96
84.35, 96
84.36, 96
84.43, 96
84.43, 96
84.43, 96
84.43, 96
84.43, 96
84.43, 96
84.43, 96
84.43, 96
84.46, 96
84.46, 96
84.46, 96
84.46, 96
84.46, 96
84.46, 96
84.50, 96
84.50, 96
84.51, 96
84.51, 96
84.52, 96
84.53, 96
84.53, 96
84.53, 96
84.53, 96
84.53, 96
84.53, 96
84.58, 96
84.58, 96
84.58, 96
84.59, 96
84.60, 96
84.73, 96
84.90, 96
84.90, 96
84.91, 96
84.91, 96
85.05, 96
85.07, 96
85.08, 96
85.12, 96
85.12, 96
85.12, 96
85.13, 96
85.13, 96
85.13, 96
85.13, 96
85.13, 96
85.18, 96
85.22, 96
85.22, 96
85.23, 96
85.24, 96
85.25, 96
85.25, 96
85.53, 96
85.54, 96
85.54, 96
85.54, 96
85.54, 96
85.63, 96
85.63, 96
85.78, 96
85.78, 96
85.79, 96
85.79, 96
85.81, 96
85.81, 96
85.82, 96
85.82, 96
85.85, 96
85.86, 96
85.86, 96
85.86, 96
85.86, 96
85.87, 96
85.87, 96
85.92, 96
85.92, 96
85.92, 96
85.93, 96
85.93, 96
85.94, 96
85.95, 96
85.96, 96
85.96, 96
85.96, 96
86.74, 96
86.74, 96
86.74, 96
86.76, 96
86.76, 96
86.77, 96
86.77, 96
86.77, 96
86.77, 96
86.77, 96
86.77, 96
86.78, 96
86.78, 96
86.87, 96
87.25, 96
87.25, 96
87.29, 96
87.31, 96
87.32, 96
87.32, 96
87.32, 96
87.32, 96
87.32, 96
87.32, 96
87.45, 96
87.45, 96
87.45, 96
87.45, 96
87.45, 96
87.45, 96
87.47, 96
87.47, 96
87.47, 96
87.47, 96
87.47, 96
87.47, 96
87.47, 96
87.47, 96
87.48, 96
87.48, 96
87.49, 96
87.49, 96
87.49, 96
87.49, 96
87.50, 96
87.50, 96
87.50, 96
87.60, 96
87.68, 96
87.68, 96
87.68, 96
87.69, 96
87.69, 96
87.69, 96
87.69, 96
87.81, 96
87.81, 96
87.81, 96
87.81, 96
87.81, 96
87.81, 96
87.81, 96
87.81, 96
87.83, 96
87.98, 96
87.98, 96
87.98, 96
87.98, 96
87.98, 96
88.14, 96
88.14, 96
88.14, 96
88.14, 96
88.14, 96
88.16, 96
88.16, 96
88.16, 96
88.16, 96
88.16, 96
88.23, 96
88.24, 96
88.24, 96
88.24, 96
88.24, 96
88.24, 96
88.25, 96
88.25, 96
88.25, 96
88.26, 96
88.26, 96
88.28, 96
88.30, 96
88.31, 96
88.31, 96
88.31, 96
88.31, 96
88.31, 96
88.31, 96
88.34, 96
88.34, 96
88.34, 96
88.34, 96
88.34, 96
88.35, 96
88.49, 96
88.50, 96
88.50, 96
88.52, 96
88.55, 96
88.56, 96
88.57, 96
88.57, 96
88.57, 96
88.57, 96
88.64, 96
88.65, 96
88.65, 96
88.65, 96
89.28, 96
89.28, 96
89.28, 96
89.28, 96
89.29, 96
89.29, 96
89.40, 96
89.40, 96
89.40, 96
89.53, 96
89.77, 96
90.42, 96
90.42, 96
91.12, 96
91.26, 96
91.26, 96
91.26, 96
91.41, 96
91.54, 96
91.54, 96
91.54, 96
91.58, 96
91.58, 96
91.58, 96
91.58, 96
91.58, 96
91.99, 96
91.99, 96
91.99, 96
92.09, 96
92.09, 96
92.09, 96
92.12, 96
92.12, 96
92.13, 96
92.13, 96
92.13, 96
92.72, 96
92.72, 96
92.73, 96
92.74, 96
92.74, 96
92.74, 96
92.74, 96
92.74, 96
92.74, 96
92.75, 96
92.78, 96
92.81, 96
92.81, 96
92.82, 96
92.82, 96
92.82, 96
92.82, 96
92.82, 96
92.82, 96
92.82, 96
92.82, 96
92.83, 96
92.83, 96
92.83, 96
92.84, 96
92.84, 96
92.85, 96
92.85, 96
92.87, 96
92.88, 96
92.88, 96
92.89, 96
92.89, 96
93.08, 96
93.08, 96
93.09, 96
93.10, 96
93.11, 96
93.11, 96
93.11, 96
93.12, 96
93.12, 96
93.41, 96
93.57, 96
93.57, 96
93.57, 96
93.57, 96
93.57, 96
93.58, 96
93.58, 96
93.58, 96
93.58, 96
93.58, 96
93.63, 96
93.63, 96
93.64, 96
93.64, 96
93.64, 96
93.67, 96
94.01, 96
94.01, 96
94.01, 96
94.02, 96
94.02, 96
94.02, 96
94.02, 96
94.03, 96
94.08, 96
94.29, 96
94.29, 96
94.36, 96
94.36, 96
94.36, 96
94.39, 96
94.39, 96
94.39, 96
94.41, 96
94.41, 96
94.42, 96
94.45, 96
94.45, 96
94.45, 96
94.45, 96
94.46, 96
94.67, 96
94.67, 96
94.67, 96
94.67, 96
95.10, 96
95.11, 96
95.11, 96
95.48, 96
95.48, 96
95.48, 96
95.48, 96
95.49, 96
95.50, 96
95.51, 96
95.52, 96
95.52, 96
95.53, 96
95.53, 96
95.55, 96
95.55, 96
95.55, 96
95.56, 96
95.73, 96
95.77, 96
95.77, 96
95.77, 96
95.77, 96
95.77, 96
95.77, 96
95.95, 96
95.97, 96
95.99, 96
95.99, 96
95.99, 96
95.99, 96
96.00, 96
96.00, 96
96.35, 96
96.35, 96
96.39, 96
96.39, 96
96.39, 96
96.39, 96
96.39, 96
96.39, 96
96.73, 96
96.73, 96
96.73, 96
96.76, 96
96.76, 96
96.76, 96
96.79, 96
96.79, 96
96.79, 96
96.80, 96
96.80, 96
96.80, 96
96.80, 96
96.80, 96
96.86, 96
96.86, 96
96.86, 96
96.86, 96
96.87, 96
96.87, 96
96.87, 96
96.89, 96
96.89, 96
96.89, 96
96.95, 96
96.96, 96
96.96, 96
96.96, 96
96.96, 96
96.96, 96
96.96, 96
96.96, 96
96.96, 96
96.97, 96
96.97, 96
97.06, 96
97.06, 96
97.06, 96
97.09, 96
97.09, 96
97.09, 96
97.09, 96
97.12, 96
97.12, 96
97.12, 96
97.12, 96
97.13, 96
97.13, 96
97.13, 96
97.13, 96
97.13, 96
97.13, 96
97.13, 96
97.20, 96
97.20, 96
97.24, 96
97.24, 96
97.31, 96
97.31, 96
97.47, 96
97.47, 96
97.47, 96
97.47, 96
97.52, 96
97.52, 96
97.58, 96
97.58, 96
97.58, 96
97.58, 96
97.59, 96
97.59, 96
97.60, 96
97.60, 96
97.60, 96
97.61, 96
97.64, 96
97.64, 96
97.64, 96
97.74, 96
97.75, 96
97.75, 96
97.75, 96
97.76, 96
97.76, 96
97.76, 96
97.76, 96
97.76, 96
97.78, 96
97.78, 96
97.78, 96
97.82, 96
97.82, 96
97.82, 96
97.82, 96
97.82, 96
97.83, 96
97.89, 96
97.89, 96
97.89, 96
97.89, 96
97.89, 96
97.89, 96
97.95, 96
98.13, 96
98.13, 96
98.13, 96
98.27, 96
98.27, 96
98.27, 96
98.30, 96
98.50, 96
98.50, 96
98.50, 96
98.50, 96
98.50, 96
98.52, 96
98.84, 96
98.84, 96
98.84, 96
98.84, 96
98.84, 96
98.84, 96
98.90, 96
98.90, 96
98.91, 96
98.91, 96
98.91, 96
98.91, 96
98.91, 96
99.01, 96
99.01, 96
99.01, 96
99.06, 96
99.06, 96
99.06, 96
99.06, 96
99.36, 96
99.36, 96
99.64, 96
99.64, 96
99.65, 96
99.65, 96
99.65, 96
99.66, 96
99.77, 96
99.78, 96
99.78, 96
99.85, 96
99.85, 96
99.85, 96
99.85, 96
99.85, 96
99.85, 96
99.85, 96
99.85, 96
99.85, 96
99.85, 96
99.86, 96
99.86, 96
99.86, 96
99.87, 96
99.87, 96
99.87, 96
99.88, 96
99.88, 96
99.88, 96
100.01, 96
100.02, 96
100.02, 96
100.02, 96
100.02, 96
100.02, 96
100.03, 96
100.03, 96
100.03, 96
100.03, 96
100.04, 96
100.04, 96
100.06, 96
100.06, 96
100.06, 96
100.06, 96
100.06, 96
100.11, 96
100.11, 96
100.16, 96
100.16, 96
100.17, 96
100.40, 96
100.53, 96
100.54, 96
100.54, 96
100.54, 96
100.54, 96
100.62, 96
100.79, 96
101.01, 96
101.01, 96
101.01, 96
101.03, 96
101.03, 96
101.03, 96
101.03, 96
101.03, 96
101.19, 96
101.19, 96
101.20, 96
101.20, 96
101.20, 96
101.20, 96
101.20, 96
101.20, 96
101.21, 96
101.29, 96
101.29, 96
101.37, 96
101.37, 96
101.37, 96
101.37, 96
101.38, 96
101.47, 96
101.47, 96
101.47, 96
101.47, 96
101.60, 96
101.63, 96
101.64, 96
101.64, 96
102.00, 96
102.00, 96
102.02, 96
102.02, 96
102.02, 96
102.02, 96
102.08, 96
102.08, 96
102.09, 96
102.09, 96
102.20, 96
102.21, 96
102.21, 96
102.21, 96
102.21, 96
102.21, 96
102.21, 96
102.22, 96
102.22, 96
102.24, 96
102.25, 96
102.25, 96
102.25, 96
102.25, 96
102.25, 96
102.25, 96
102.25, 96
102.25, 96
102.26, 96
102.26, 96
102.26, 96
102.26, 96
102.26, 96
102.34, 96
102.35, 96
102.35, 96
102.35, 96
102.35, 96
102.35, 96
102.35, 96
102.35, 96
102.36, 96
102.36, 96
102.36, 96
102.36, 96
102.36, 96
102.36, 96
102.37, 96
102.37, 96
102.37, 96
102.37, 96
102.37, 96
102.61, 96
102.61, 96
102.61, 96
102.62, 96
102.62, 96
102.62, 96
102.62, 96
102.62, 96
102.62, 96
102.62, 96
102.62, 96
102.62, 96
102.62, 96
102.63, 96
102.63, 96
102.63, 96
102.63, 96
102.63, 96
102.63, 96
102.79, 96
102.84, 96
102.95, 96
102.95, 96
102.96, 96
102.98, 96
103.35, 96
103.35, 96
103.35, 96
103.39, 96
103.39, 96
103.42, 96
103.49, 96
103.50, 96
103.50, 96
103.50, 96
103.50, 96
103.59, 96
103.65, 96
103.66, 96
103.81, 96
103.81, 96
103.81, 96
103.93, 96
103.98, 96
104.01, 96
104.01, 96
104.01, 96
104.01, 96
104.02, 96
104.02, 96
104.03, 96
104.03, 96
104.03, 96
104.03, 96
104.06, 96
104.06, 96
104.06, 96
104.06, 96
104.06, 96
104.06, 96
104.30, 96
104.31, 96
104.31, 96
104.31, 96
104.32, 96
104.32, 96
104.32, 96
104.32, 96
104.32, 96
104.34, 96
104.34, 96
104.34, 96
104.34, 96
104.36, 96
104.37, 96
104.37, 96
104.37, 96
104.37, 96
104.37, 96
104.37, 96
104.38, 96
104.42, 96
104.45, 96
104.45, 96
104.45, 96
104.45, 96
104.46, 96
104.46, 96
104.46, 96
104.49, 96
104.49, 96
104.49, 96
104.49, 96
104.49, 96
104.49, 96
104.50, 96
104.50, 96
104.50, 96
104.51, 96
104.51, 96
104.51, 96
104.52, 96
104.53, 96
104.53, 96
104.53, 96
104.53, 96
104.53, 96
104.53, 96
104.55, 96
104.55, 96
104.55, 96
104.55, 96
104.57, 96
104.57, 96
104.57, 96
104.57, 96
104.58, 96
104.58, 96
104.68, 96
104.68, 96
104.68, 96
104.68, 96
104.68, 96
104.73, 96
104.74, 96
104.74, 96
104.74, 96
104.75, 96
104.75, 96
104.75, 96
104.75, 96
104.75, 96
104.88, 96
104.88, 96
105.23, 96
105.23, 96
105.24, 96
105.24, 96
105.24, 96
105.24, 96
105.24, 96
105.24, 96
105.25, 96
105.26, 96
105.26, 96
105.26, 96
105.27, 96
105.27, 96
105.28, 96
105.28, 96
105.28, 96
105.28, 96
105.28, 96
105.28, 96
105.29, 96
105.38, 96
105.38, 96
105.38, 96
105.38, 96
105.38, 96
105.39, 96
105.39, 96
105.39, 96
105.39, 96
105.39, 96
105.39, 96
105.64, 96
105.64, 96
105.64, 96
105.65, 96
105.65, 96
105.72, 96
105.72, 96
105.72, 96
105.83, 96
105.94, 96
105.94, 96
105.94, 96
105.94, 96
105.94, 96
105.95, 96
106.02, 96
106.04, 96
106.05, 96
106.05, 96
106.06, 96
106.06, 96
106.06, 96
106.06, 96
106.06, 96
106.06, 96
106.06, 96
106.43, 96
106.43, 96
106.44, 96
106.46, 96
106.58, 96
106.59, 96
106.59, 96
106.59, 96
106.60, 96
106.60, 96
106.60, 96
106.60, 96
106.60, 96
106.61, 96
106.62, 96
106.63, 96
106.63, 96
106.63, 96
106.63, 96
106.64, 96
106.64, 96
106.65, 96
106.65, 96
106.67, 96
107.11, 96
107.11, 96
107.15, 96
107.15, 96
107.15, 96
107.15, 96
107.15, 96
107.26, 96
107.29, 96
107.29, 96
107.52, 96
107.52, 96
107.52, 96
107.75, 96
107.75, 96
107.75, 96
107.75, 96
107.85, 96
107.85, 96
107.85, 96
108.04, 96
108.04, 96
108.04, 96
108.05, 96
108.05, 96
108.05, 96
108.05, 96
108.05, 96
108.05, 96
108.20, 96
108.22, 96
108.23, 96
108.24, 96
108.24, 96
108.28, 96
108.28, 96
108.28, 96
108.28, 96
108.29, 96
108.29, 96
108.31, 96
108.31, 96
108.31, 96
108.32, 96
108.32, 96
108.33, 96
108.33, 96
108.33, 96
108.47, 96
108.47, 96
108.47, 96
108.56, 96
108.60, 96
108.61, 96
108.68, 96
108.68, 96
108.68, 96
108.83, 96
108.83, 96
108.84, 96
108.94, 96
108.95, 96
108.95, 96
109.08, 96
109.08, 96
109.20, 96
109.20, 96
109.30, 96
109.38, 96
109.38, 96
109.76, 96
109.76, 96
109.93, 96
109.93, 96
109.93, 96
109.94, 96
109.94, 96
109.94, 96
109.94, 96
110.01, 96
110.01, 96
110.01, 96
110.01, 96
110.01, 96
110.05, 96
110.24, 96
110.24, 96
110.25, 96
110.25, 96
110.25, 96
110.30, 96
110.30, 96
110.30, 96
110.30, 96
110.35, 96
110.35, 96
110.35, 96
110.40, 96
110.74, 96
110.80, 96
110.81, 96
110.81, 96
110.81, 96
110.81, 96
110.81, 96
110.82, 96
110.82, 96
110.87, 96
110.87, 96
110.87, 96
110.87, 96
110.92, 96
110.92, 96
110.92, 96
110.92, 96
110.92, 96
110.92, 96
110.93, 96
111.01, 96
111.01, 96
111.02, 96
111.04, 96
111.04, 96
111.19, 96
111.21, 96
111.21, 96
111.21, 96
111.21, 96
111.21, 96
111.34, 96
111.45, 96
111.45, 96
111.45, 96
111.45, 96
111.45, 96
111.54, 96
111.54, 96
111.54, 96
111.54, 96
111.54, 96
111.54, 96
111.55, 96
111.56, 96
111.57, 96
111.57, 96
111.57, 96
111.68, 96
111.78, 96
111.92, 96
111.93, 96
112.10, 96
112.15, 96
112.15, 96
112.15, 96
112.15, 96
112.15, 96
112.15, 96
112.15, 96
112.16, 96
112.16, 96
112.24, 96
112.24, 96
112.24, 96
112.24, 96
112.24, 96
112.24, 96
112.24, 96
112.24, 96
112.24, 96
112.27, 96
112.27, 96
112.27, 96
112.27, 96
112.27, 96
112.27, 96
112.28, 96
112.28, 96
112.28, 96
112.28, 96
112.28, 96
112.28, 96
112.28, 96
112.29, 96
112.29, 96
112.30, 96
112.35, 96
112.38, 96
112.38, 96
112.39, 96
112.42, 96
112.47, 96
112.47, 96
112.50, 96
112.50, 96
112.50, 96
112.60, 96
112.60, 96
112.60, 96
112.60, 96
112.62, 96
112.63, 96
112.63, 96
112.70, 96
112.71, 96
112.71, 96
112.71, 96
112.73, 96
112.73, 96
112.73, 96
112.80, 96
113.03, 96
113.03, 96
113.03, 96
113.04, 96
113.04, 96
113.06, 96
113.07, 96
113.07, 96
113.13, 96
113.13, 96
113.14, 96
113.16, 96
113.16, 96
113.17, 96
113.17, 96
113.56, 96
113.56, 96
113.56, 96
113.56, 96
113.57, 96
113.57, 96
113.57, 96
113.93, 96
113.93, 96
114.00, 96
114.00, 96
114.00, 96
114.01, 96
114.21, 96
114.21, 96
114.21, 96
114.21, 96
114.28, 96
114.29, 96
114.34, 96
114.34, 96
114.34, 96
114.35, 96
114.35, 96
114.35, 96
114.35, 96
114.35, 96
114.36, 96
114.36, 96
114.36, 96
114.36, 96
114.50, 96
114.50, 96
114.51, 96
114.51, 96
114.51, 96
114.51, 96
114.51, 96
114.51, 96
114.51, 96
114.51, 96
114.55, 96
114.56, 96
114.56, 96
114.59, 96
114.59, 96
114.63, 96
114.63, 96
114.63, 96
114.64, 96
114.64, 96
114.64, 96
114.64, 96
114.96, 96
114.96, 96
115.16, 96
115.17, 96
115.21, 96
115.29, 96
115.30, 96
115.30, 96
115.31, 96
115.31, 96
115.31, 96
115.31, 96
115.53, 96
115.53, 96
115.53, 96
115.62, 96
115.62, 96
115.62, 96
115.64, 96
115.70, 96
115.74, 96
115.75, 96
115.75, 96
115.75, 96
116.64, 96
116.69, 96
116.69, 96
116.69, 96
116.96, 96
116.96, 96
116.96, 96
117.01, 96
117.01, 96
117.50, 96
117.51, 96
117.67, 96
117.67, 96
117.67, 96
117.67, 96
117.67, 96
117.67, 96
117.67, 96
117.71, 96
117.72, 96
117.72, 96
117.73, 96
117.73, 96
117.75, 96
117.75, 96
117.84, 96
117.84, 96
117.84, 96
118.02, 96
118.02, 96
118.05, 96
118.05, 96
118.06, 96
118.06, 96
118.06, 96
118.06, 96
118.07, 96
118.07, 96
118.09, 96
118.19, 96
118.19, 96
118.19, 96
118.19, 96
118.22, 96
118.22, 96
118.22, 96
118.22, 96
118.22, 96
118.22, 96
118.22, 96
118.23, 96
118.23, 96
118.23, 96
118.24, 96
118.24, 96
118.24, 96
118.24, 96
118.24, 96
118.24, 96
118.33, 96
118.33, 96
118.33, 96
118.33, 96
118.33, 96
118.33, 96
118.33, 96
118.33, 96
118.34, 96
118.34, 96
118.34, 96
118.34, 96
118.48, 96
118.48, 96
118.48, 96
118.48, 96
118.48, 96
118.48, 96
118.49, 96
118.49, 96
118.49, 96
118.49, 96
118.49, 96
118.49, 96
118.50, 96
118.50, 96
118.50, 96
118.50, 96
118.50, 96
118.50, 96
118.50, 96
118.55, 96
118.55, 96
118.55, 96
118.55, 96
118.56, 96
118.56, 96
118.91, 96
118.91, 96
118.91, 96
119.16, 96
119.17, 96
119.17, 96
119.17, 96
119.17, 96
119.17, 96
119.17, 96
119.17, 96
119.18, 96
119.18, 96
119.18, 96
119.18, 96
119.18, 96
119.23, 96
119.23, 96
119.23, 96
119.23, 96
119.23, 96
119.24, 96
119.24, 96
119.24, 96
119.24, 96
120.43, 96
120.43, 96
120.46, 96
120.46, 96
120.46, 96
120.57, 96
120.57, 96
120.57, 96
120.57, 96
120.82, 96
120.84, 96
120.84, 96
120.84, 96
120.84, 96
120.90, 96
120.90, 96
121.11, 96
121.12, 96
121.12, 96
121.12, 96
121.12, 96
121.12, 96
121.12, 96
121.12, 96
121.12, 96
121.67, 96
121.67, 96
121.67, 96
121.67, 96
121.68, 96
121.68, 96
121.68, 96
121.68, 96
121.68, 96
121.68, 96
121.68, 96
121.68, 96
121.68, 96
121.70, 96
121.70, 96
121.74, 96
121.74, 96
121.76, 96
121.76, 96
121.98, 96
121.98, 96
121.98, 96
121.99, 96
121.99, 96
121.99, 96
121.99, 96
122.04, 96
122.04, 96
122.04, 96
122.04, 96
122.05, 96
122.05, 96
122.07, 96
122.08, 96
122.27, 96
122.27, 96
122.27, 96
122.35, 96
122.35, 96
122.48, 96
122.55, 96
122.59, 96
122.59, 96
122.59, 96
122.59, 96
122.59, 96
122.61, 96
122.61, 96
122.61, 96
122.87, 96
122.87, 96
122.87, 96
122.87, 96
122.89, 96
122.95, 96
122.95, 96
123.00, 96
123.00, 96
123.00, 96
123.00, 96
123.00, 96
123.00, 96
123.09, 96
123.09, 96
123.09, 96
123.10, 96
123.16, 96
123.17, 96
123.17, 96
123.17, 96
123.17, 96
123.37, 96
123.39, 96
123.39, 96
123.39, 96
123.39, 96
123.39, 96
123.39, 96
123.39, 96
123.40, 96
123.42, 96
123.42, 96
123.42, 96
123.42, 96
123.42, 96
123.43, 96
123.43, 96
123.43, 96
123.69, 96
123.98, 96
123.99, 96
123.99, 96
124.01, 96
124.01, 96
124.05, 96
124.05, 96
124.05, 96
124.09, 96
124.21, 96
124.21, 96
124.26, 96
124.26, 96
124.26, 96
124.26, 96
124.26, 96
124.26, 96
124.26, 96
124.27, 96
124.27, 96
124.27, 96
124.27, 96
124.32, 96
124.32, 96
124.33, 96
124.34, 96
124.34, 96
124.34, 96
124.34, 96
124.38, 96
124.39, 96
124.40, 96
124.40, 96
124.51, 96
124.51, 96
124.51, 96
124.52, 96
124.52, 96
124.52, 96
124.52, 96
124.52, 96
124.88, 96
124.88, 96
125.04, 96
125.04, 96
125.04, 96
125.04, 96
125.04, 96
125.05, 96
125.05, 96
125.05, 96
125.05, 96
125.05, 96
125.06, 96
125.31, 96
125.32, 96
125.32, 96
125.32, 96
125.32, 96
125.32, 96
125.33, 96
125.33, 96
125.33, 96
125.33, 96
125.33, 96
125.42, 96
125.42, 96
125.43, 96
125.49, 96
125.52, 96
125.53, 96
125.53, 96
125.53, 96
125.53, 96
125.54, 96
125.63, 96
125.64, 96
125.64, 96
125.64, 96
125.65, 96
125.65, 96
125.65, 96
125.65, 96
125.66, 96
125.67, 96
125.67, 96
125.68, 96
125.68, 96
125.70, 96
125.70, 96
125.71, 96
125.71, 96
125.71, 96
125.71, 96
125.78, 96
125.79, 96
125.83, 96
125.83, 96
125.84, 96
125.84, 96
125.84, 96
126.02, 96
126.07, 96
126.07, 96
126.22, 96
126.22, 96
126.22, 96
126.22, 96
126.45, 96
126.61, 96
126.61, 96
126.74, 96
126.74, 96
126.74, 96
126.74, 96
126.74, 96
126.91, 96
127.02, 96
127.14, 96
127.16, 96
127.29, 96
127.29, 96
127.29, 96
127.35, 96
127.35, 96
127.35, 96
127.35, 96
127.35, 96
127.36, 96
127.39, 96
127.39, 96
127.39, 96
127.39, 96
127.40, 96
127.40, 96
127.40, 96
127.43, 96
127.59, 96
127.59, 96
127.60, 96
127.60, 96
127.60, 96
127.63, 96
127.65, 96
127.66, 96
127.67, 96
127.67, 96
127.67, 96
127.67, 96
127.67, 96
127.68, 96
127.68, 96
127.68, 96
127.68, 96
127.68, 96
127.68, 96
127.68, 96
127.80, 96
127.80, 96
127.80, 96
127.80, 96
127.81, 96
127.83, 96
127.83, 96
127.83, 96
127.83, 96
127.83, 96
127.83, 96
127.83, 96
127.83, 96
127.90, 96
128.00, 96
128.00, 96
128.00, 96
128.02, 96
128.10, 96
128.10, 96
128.10, 96
128.12, 96
128.12, 96
128.12, 96
128.12, 96
128.13, 96
128.13, 96
128.13, 96
128.13, 96
128.14, 96
128.27, 96
128.51, 96
128.51, 96
128.51, 96
128.51, 96
128.52, 96
128.52, 96
128.59, 96
128.59, 96
128.60, 96
128.60, 96
128.78, 96
128.79, 96
128.79, 96
128.79, 96
128.79, 96
128.79, 96
128.84, 96
128.88, 96
128.88, 96
128.99, 96
128.99, 96
128.99, 96
128.99, 96
129.05, 96
129.05, 96
129.40, 96
129.40, 96
129.40, 96
129.40, 96
129.40, 96
129.41, 96
129.52, 96
129.70, 96
129.70, 96
129.88, 96
129.88, 96
129.88, 96
130.05, 96
130.13, 96
130.13, 96
130.17, 96
130.17, 96
130.34, 96
130.34, 96
130.35, 96
130.35, 96
130.35, 96
130.35, 96
130.35, 96
130.35, 96
130.35, 96
130.36, 96
130.37, 96
130.45, 96
130.45, 96
130.45, 96
130.45, 96
130.46, 96
130.48, 96
130.48, 96
130.48, 96
130.48, 96
130.48, 96
130.48, 96
130.48, 96
130.48, 96
130.48, 96
130.49, 96
130.50, 96
130.50, 96
130.54, 96
130.54, 96
130.54, 96
130.55, 96
130.55, 96
130.62, 96
130.64, 96
130.65, 96
130.66, 96
130.67, 96
130.67, 96
130.67, 96
130.67, 96
130.68, 96
130.69, 96
130.75, 96
130.75, 96
130.75, 96
130.75, 96
130.75, 96
130.75, 96
130.76, 96
130.85, 96
130.85, 96
130.85, 96
130.85, 96
130.90, 96
130.90, 96
130.90, 96
130.90, 96
130.90, 96
130.90, 96
130.90, 96
130.98, 96
130.99, 96
130.99, 96
131.05, 96
131.05, 96
131.05, 96
131.05, 96
131.05, 96
131.05, 96
131.06, 96
131.21, 96
131.21, 96
131.21, 96
131.21, 96
131.22, 96
131.22, 96
131.22, 96
131.43, 96
131.43, 96
131.71, 96
132.41, 96
132.41, 96
132.41, 96
132.41, 96
132.41, 96
132.42, 96
132.42, 96
132.42, 96
132.51, 96
132.52, 96
132.70, 96
132.70, 96
132.70, 96
132.72, 96
132.72, 96
132.90, 96
132.91, 96
132.91, 96
132.91, 96
132.91, 96
132.91, 96
132.91, 96
132.91, 96
132.92, 96
132.92, 96
132.92, 96
132.92, 96
132.93, 96
132.93, 96
132.94, 96
132.94, 96
133.06, 96
133.07, 96
133.07, 96
133.53, 96
133.53, 96
133.54, 96
133.54, 96
133.54, 96
133.54, 96
133.54, 96
133.54, 96
133.54, 96
133.55, 96
133.55, 96
133.55, 96
133.56, 96
133.56, 96
133.56, 96
133.57, 96
133.77, 96
133.77, 96
133.78, 96
133.78, 96
133.81, 96
133.81, 96
134.05, 96
134.06, 96
134.06, 96
134.18, 96
134.18, 96
134.19, 96
134.37, 96
134.38, 96
134.38, 96
134.38, 96
134.41, 96
134.41, 96
134.44, 96
134.44, 96
134.44, 96
134.44, 96
134.44, 96
134.44, 96
134.44, 96
134.45, 96
134.45, 96
134.45, 96
134.45, 96
134.45, 96
134.45, 96
134.48, 96
134.48, 96
134.49, 96
134.49, 96
134.49, 96
134.49, 96
134.49, 96
134.50, 96
134.50, 96
134.63, 96
134.63, 96
134.64, 96
134.64, 96
134.64, 96
134.80, 96
134.80, 96
134.81, 96
134.81, 96
134.81, 96
134.82, 96
134.82, 96
134.84, 96
134.84, 96
134.84, 96
134.85, 96
134.85, 96
134.85, 96
134.85, 96
134.90, 96
134.91, 96
134.91, 96
134.91, 96
134.91, 96
134.91, 96
134.91, 96
134.91, 96
134.92, 96
134.95, 96
134.95, 96
135.13, 96
135.13, 96
135.17, 96
135.23, 96
135.23, 96
135.23, 96
135.23, 96
135.23, 96
135.23, 96
135.44, 96
135.44, 96
135.62, 96
135.88, 96
136.02, 96
136.02, 96
136.02, 96
136.02, 96
136.39, 96
136.41, 96
136.41, 96
136.41, 96
136.47, 96
136.60, 96
136.60, 96
136.61, 96
136.61, 96
136.61, 96
136.61, 96
136.62, 96
136.88, 96
136.89, 96
136.89, 96
136.89, 96
136.89, 96
136.90, 96
137.16, 96
137.16, 96
137.17, 96
137.17, 96
137.17, 96
137.18, 96
137.18, 96
137.18, 96
137.21, 96
137.22, 96
137.22, 96
137.55, 96
137.55, 96
137.56, 96
137.57, 96
137.66, 96
137.66, 96
137.67, 96
137.67, 96
137.67, 96
137.89, 96
137.89, 96
137.90, 96
137.90, 96
137.91, 96
137.91, 96
137.91, 96
137.91, 96
137.91, 96
137.91, 96
137.91, 96
137.91, 96
137.94, 96
137.94, 96
137.94, 96
137.94, 96
137.94, 96
138.01, 96
138.01, 96
138.01, 96
138.01, 96
138.01, 96
138.02, 96
138.02, 96
138.02, 96
138.04, 96
138.18, 96
138.18, 96
138.19, 96
138.24, 96
138.24, 96
138.25, 96
138.25, 96
138.27, 96
138.28, 96
138.28, 96
138.28, 96
138.28, 96
138.44, 96
138.44, 96
138.45, 96
139.14, 96
139.18, 96
139.18, 96
139.26, 96
139.26, 96
139.27, 96
139.27, 96
139.28, 96
139.28, 96
139.28, 96
139.28, 96
139.28, 96
139.29, 96
139.29, 96
139.29, 96
139.29, 96
139.33, 96
139.33, 96
139.59, 96
139.61, 96
139.61, 96
139.61, 96
139.66, 96
139.66, 96
139.66, 96
139.67, 96
139.77, 96
139.99, 96
140.00, 96
140.00, 96
140.00, 96
140.00, 96
140.00, 96
140.01, 96
140.01, 96
140.01, 96
140.07, 96
140.07, 96
140.07, 96
140.07, 96
140.07, 96
140.07, 96
140.08, 96
140.08, 96
140.08, 96
140.08, 96
140.08, 96
140.08, 96
140.08, 96
140.13, 96
140.15, 96
140.15, 96
140.16, 96
140.16, 96
140.16, 96
140.16, 96
140.16, 96
140.16, 96
140.16, 96
140.20, 96
140.24, 96
140.24, 96
140.25, 96
140.25, 96
140.25, 96
140.25, 96
140.26, 96
140.26, 96
140.26, 96
140.26, 96
140.26, 96
140.26, 96
140.28, 96
140.29, 96
140.29, 96
140.29, 96
140.29, 96
140.56, 96
140.56, 96
140.56, 96
140.56, 96
140.56, 96
140.56, 96
140.56, 96
140.56, 96
140.56, 96
140.57, 96
140.57, 96
140.57, 96
140.57, 96
140.57, 96
140.57, 96
140.58, 96
140.65, 96
140.87, 96
140.92, 96
140.92, 96
140.95, 96
140.95, 96
140.95, 96
140.95, 96
141.02, 96
141.02, 96
141.28, 96
141.28, 96
141.29, 96
141.55, 96
141.55, 96
141.55, 96
141.58, 96
141.60, 96
141.60, 96
141.60, 96
141.61, 96
141.61, 96
141.62, 96
141.65, 96
141.66, 96
141.66, 96
141.93, 96
141.93, 96
141.93, 96
141.93, 96
141.93, 96
141.93, 96
141.94, 96
141.94, 96
142.16, 96
142.17, 96
142.17, 96
142.17, 96
142.17, 96
142.18, 96
142.18, 96
142.18, 96
142.18, 96
142.19, 96
142.19, 96
142.19, 96
142.20, 96
142.20, 96
142.26, 96
142.26, 96
142.26, 96
142.27, 96
142.46, 96
142.47, 96
142.48, 96
142.49, 96
142.49, 96
142.50, 96
142.50, 96
142.50, 96
142.50, 96
142.54, 96
142.54, 96
143.15, 96
143.15, 96
143.19, 96
143.19, 96
143.19, 96
143.19, 96
143.32, 96
143.32, 96
143.32, 96
143.32, 96
143.32, 96
143.32, 96
143.45, 96
143.45, 96
143.45, 96
143.45, 96
143.45, 96
143.45, 96
143.46, 96
143.46, 96
143.46, 96
143.46, 96
143.46, 96
143.87, 96
143.89, 96
143.89, 96
144.16, 96
144.16, 96
144.16, 96
144.16, 96
144.16, 96
144.16, 96
144.22, 96
144.22, 96
144.22, 96
144.23, 96
144.23, 96
144.23, 96
144.24, 96
144.24, 96
144.24, 96
144.24, 96
144.25, 96
144.25, 96
144.25, 96
144.25, 96
144.34, 96
144.34, 96
144.34, 96
144.35, 96
144.35, 96
144.35, 96
144.36, 96
144.36, 96
144.36, 96
144.36, 96
144.37, 96
144.67, 96
144.67, 96
144.68, 96
144.69, 96
144.73, 96
144.74, 96
144.74, 96
144.74, 96
144.74, 96
144.74, 96
144.74, 96
144.75, 96
144.75, 96
144.75, 96
144.75, 96
144.75, 96
144.75, 96
144.83, 96
144.84, 96
144.84, 96
144.84, 96
144.87, 96
145.11, 96
145.11, 96
145.11, 96
145.11, 96
145.11, 96
145.12, 96
145.12, 96
145.22, 96
145.27, 96
145.27, 96
145.27, 96
145.28, 96
145.28, 96
145.28, 96
145.28, 96
145.29, 96
145.29, 96
145.29, 96
145.29, 96
145.29, 96
145.52, 96
145.53, 96
145.68, 96
145.68, 96
145.68, 96
145.68, 96
145.68, 96
145.68, 96
145.68, 96
145.68, 96
145.68, 96
145.68, 96
145.69, 96
145.69, 96
145.69, 96
145.69, 96
145.69, 96
145.69, 96
145.70, 96
145.70, 96
145.71, 96
145.91, 96
145.91, 96
146.00, 96
146.00, 96
146.00, 96
146.04, 96
146.04, 96
146.04, 96
146.04, 96
146.04, 96
146.33, 96
146.33, 96
146.33, 96
146.34, 96
146.34, 96
146.34, 96
146.36, 96
146.36, 96
146.36, 96
146.36, 96
146.36, 96
146.36, 96
146.36, 96
146.38, 96
146.38, 96
146.49, 96
146.49, 96
146.50, 96
146.50, 96
146.61, 96
146.61, 96
146.61, 96
146.62, 96
146.62, 96
146.62, 96
146.71, 96
146.71, 96
146.83, 96
146.83, 96
146.83, 96
146.84, 96
146.84, 96
146.99, 96
147.00, 96
147.00, 96
147.00, 96
147.00, 96
147.00, 96
147.01, 96
147.02, 96
147.20, 96
147.20, 96
147.20, 96
147.21, 96
147.21, 96
147.21, 96
147.22, 96
147.27, 96
147.27, 96
147.27, 96
147.29, 96
147.29, 96
147.29, 96
147.30, 96
147.36, 96
147.38, 96
147.50, 96
147.50, 96
147.52, 96
147.53, 96
147.53, 96
147.53, 96
147.53, 96
147.53, 96
147.53, 96
147.53, 96
147.63, 96
147.66, 96
147.66, 96
147.67, 96
147.67, 96
147.67, 96
147.67, 96
147.68, 96
147.68, 96
147.68, 96
147.68, 96
147.68, 96
147.68, 96
147.70, 96
147.70, 96
147.70, 96
147.70, 96
147.71, 96
147.71, 96
147.71, 96
147.72, 96
147.90, 96
147.90, 96
147.90, 96
148.00, 96
148.01, 96
148.01, 96
148.01, 96
148.01, 96
148.02, 96
148.02, 96
148.02, 96
148.02, 96
148.02, 96
148.02, 96
148.07, 96
148.07, 96
148.07, 96
148.08, 96
148.08, 96
148.08, 96
148.18, 96
148.19, 96
148.19, 96
148.20, 96
148.20, 96
148.35, 96
148.36, 96
148.36, 96
148.36, 96
148.36, 96
148.36, 96
148.36, 96
148.36, 96
148.36, 96
148.37, 96
148.37, 96
148.37, 96
148.37, 96
148.37, 96
148.37, 96
148.37, 96
148.37, 96
148.39, 96
148.39, 96
148.39, 96
148.39, 96
148.39, 96
148.51, 96
148.51, 96
148.51, 96
148.53, 96
148.54, 96
148.54, 96
148.54, 96
148.54, 96
148.54, 96
148.54, 96
148.86, 96
148.86, 96
148.87, 96
148.87, 96
148.87, 96
148.89, 96
149.05, 96
149.17, 96
149.17, 96
149.17, 96
149.17, 96
149.18, 96
149.18, 96
149.21, 96
149.22, 96
149.22, 96
149.22, 96
149.22, 96
149.22, 96
149.22, 96
149.22, 96
149.29, 96
149.46, 96
149.47, 96
149.47, 96
149.48, 96
149.48, 96
149.68, 96
149.68, 96
149.68, 96
149.68, 96
149.76, 96
149.76, 96
149.76, 96
149.77, 96
149.77, 96
149.77, 96
149.77, 96
149.78, 96
149.78, 96
149.79, 96
149.79, 96
149.79, 96
149.81, 96
149.81, 96
149.81, 96
149.81, 96
149.81, 96
149.81, 96
149.81, 96
150.02, 96
150.02, 96
150.09, 96
150.09, 96
150.11, 96
150.12, 96
150.12, 96
150.12, 96
150.13, 96
150.14, 96
150.14, 96
150.34, 96
150.34, 96
150.34, 96
150.38, 96
150.40, 96
150.42, 96
150.43, 96
150.55, 96
150.55, 96
150.56, 96
150.56, 96
150.56, 96
150.56, 96
150.64, 96
150.64, 96
150.64, 96
150.64, 96
150.64, 96
150.64, 96
150.64, 96
150.64, 96
150.66, 96
150.66, 96
150.83, 96
150.83, 96
150.84, 96
150.84, 96
150.85, 96
150.86, 96
150.86, 96
150.86, 96
150.98, 96
150.98, 96
151.02, 96
151.02, 96
151.02, 96
151.26, 96
151.32, 96
151.32, 96
151.35, 96
151.66, 96
151.67, 96
151.67, 96
151.67, 96
151.67, 96
151.67, 96
151.68, 96
151.68, 96
151.68, 96
151.80, 96
151.80, 96
151.80, 96
151.80, 96
151.88, 96
151.88, 96
151.88, 96
151.91, 96
151.91, 96
151.95, 96
151.96, 96
151.96, 96
151.97, 96
151.97, 96
151.97, 96
151.97, 96
151.97, 96
151.97, 96
151.97, 96
151.97, 96
151.98, 96
151.98, 96
151.98, 96
151.98, 96
151.98, 96
152.18, 96
152.18, 96
152.31, 96
152.31, 96
152.31, 96
152.31, 96
152.32, 96
152.33, 96
152.34, 96
152.35, 96
152.40, 96
152.46, 96
152.69, 96
152.69, 96
152.69, 96
152.95, 96
152.95, 96
152.95, 96
152.95, 96
152.95, 96
152.96, 96
152.96, 96
152.96, 96
152.98, 96
152.98, 96
153.09, 96
153.09, 96
153.09, 96
153.09, 96
153.09, 96
153.10, 96
153.10, 96
153.11, 96
153.33, 96
153.34, 96
153.35, 96
153.35, 96
153.35, 96
153.35, 96
153.35, 96
153.56, 96
153.57, 96
153.57, 96
153.57, 96
153.62, 96
153.62, 96
153.63, 96
153.64, 96
154.06, 96
154.06, 96
154.06, 96
154.10, 96
154.12, 96
154.12, 96
154.12, 96
154.13, 96
154.14, 96
154.15, 96
154.15, 96
154.15, 96
154.15, 96
154.15, 96
154.35, 96
154.35, 96
154.35, 96
154.36, 96
154.36, 96
154.41, 96
154.41, 96
154.41, 96
154.41, 96
154.41, 96
154.44, 96
154.59, 96
154.59, 96
154.59, 96
154.60, 96
154.60, 96
154.99, 96
154.99, 96
155.18, 96
155.18, 96
155.18, 96
155.18, 96
155.24, 96
155.24, 96
155.24, 96
155.24, 96
155.27, 96
155.27, 96
155.27, 96
155.27, 96
155.27, 96
155.27, 96
155.27, 96
155.27, 96
155.28, 96
155.28, 96
155.28, 96
155.28, 96
155.28, 96
155.29, 96
155.29, 96
155.29, 96
155.29, 96
155.55, 96
155.55, 96
155.55, 96
155.55, 96
155.56, 96
155.56, 96
155.64, 96
155.64, 96
155.65, 96
155.65, 96
155.65, 96
155.65, 96
155.65, 96
155.65, 96
155.66, 96
155.99, 96
155.99, 96
155.99, 96
156.00, 96
156.01, 96
156.01, 96
156.01, 96
156.26, 96
156.26, 96
156.26, 96
156.28, 96
156.28, 96
156.28, 96
156.30, 96
156.30, 96
156.30, 96
156.30, 96
156.45, 96
156.45, 96
156.45, 96
156.45, 96
156.46, 96
156.48, 96
156.48, 96
156.48, 96
156.48, 96
156.48, 96
156.49, 96
156.49, 96
156.49, 96
156.49, 96
156.49, 96
156.68, 96
156.76, 96
156.76, 96
156.78, 96
156.78, 96
156.78, 96
157.08, 96
157.08, 96
157.09, 96
157.09, 96
157.09, 96
157.09, 96
157.10, 96
157.10, 96
157.11, 96
157.11, 96
157.12, 96
157.12, 96
157.12, 96
157.14, 96
157.14, 96
157.14, 96
157.17, 96
157.34, 96
157.34, 96
157.34, 96
157.65, 96
157.66, 96
157.66, 96
157.66, 96
157.67, 96
157.67, 96
157.67, 96
157.67, 96
157.68, 96
157.68, 96
157.68, 96
157.68, 96
157.68, 96
157.68, 96
157.68, 96
157.69, 96
157.69, 96
157.71, 96
157.71, 96
157.72, 96
157.72, 96
157.72, 96
157.73, 96
157.73, 96
157.73, 96
157.73, 96
157.73, 96
157.73, 96
157.73, 96
157.73, 96
157.74, 96
157.78, 96
157.78, 96
158.11, 96
158.28, 96
158.28, 96
158.28, 96
158.39, 96
158.40, 96
158.40, 96
158.40, 96
158.42, 96
158.42, 96
158.42, 96
158.46, 96
158.46, 96
158.46, 96
158.51, 96
158.51, 96
158.51, 96
158.51, 96
158.51, 96
158.51, 96
158.52, 96
158.52, 96
158.52, 96
158.57, 96
158.57, 96
158.57, 96
158.57, 96
158.57, 96
158.57, 96
158.58, 96
158.59, 96
158.63, 96
158.63, 96
159.06, 96
159.06, 96
159.06, 96
159.06, 96
159.15, 96
159.16, 96
159.16, 96
159.23, 96
159.24, 96
159.55, 96
159.55, 96
159.55, 96
159.56, 96
159.56, 96
159.56, 96
159.56, 96
159.56, 96
159.56, 96
159.56, 96
159.56, 96
159.61, 96
159.62, 96
159.63, 96
159.63, 96
159.63, 96
159.64, 96
159.64, 96
159.64, 96
160.02, 96
160.05, 96
160.05, 96
160.05, 96
160.06, 96
160.06, 96
160.06, 96
160.09, 96
160.09, 96
160.12, 96
160.12, 96
160.23, 96
160.23, 96
160.23, 96
160.23, 96
160.23, 96
160.23, 96
160.24, 96
160.24, 96
160.24, 96
160.26, 96
160.26, 96
160.26, 96
160.44, 96
160.78, 96
160.78, 96
160.80, 96
160.80, 96
160.80, 96
161.13, 96
161.13, 96
161.26, 96
161.26, 96
161.26, 96
161.36, 96
161.36, 96
161.36, 96
161.38, 96
161.45, 96
161.47, 96
161.47, 96
161.48, 96
161.48, 96
161.48, 96
161.53, 96
161.53, 96
161.56, 96
161.57, 96
161.57, 96
161.57, 96
161.63, 96
161.63, 96
161.64, 96
161.64, 96
161.64, 96
161.65, 96
161.75, 96
161.75, 96
162.11, 96
162.11, 96
162.11, 96
162.11, 96
162.11, 96
162.11, 96
162.12, 96
162.12, 96
162.12, 96
162.14, 96
162.19, 96
162.19, 96
162.21, 96
162.27, 96
162.27, 96
162.28, 96
162.28, 96
162.29, 96
162.29, 96
162.30, 96
162.46, 96
162.67, 96
162.72, 96
162.74, 96
162.74, 96
162.74, 96
162.74, 96
162.86, 96
162.86, 96
162.86, 96
162.86, 96
162.86, 96
163.13, 96
163.13, 96
163.13, 96
163.13, 96
163.13, 96
163.14, 96
163.46, 96
163.46, 96
163.46, 96
163.46, 96
163.47, 96
163.47, 96
163.47, 96
163.47, 96
163.47, 96
163.48, 96
163.51, 96
163.51, 96
163.51, 96
163.51, 96
163.51, 96
163.51, 96
163.51, 96
163.51, 96
163.51, 96
163.53, 96
163.53, 96
163.54, 96
163.54, 96
163.54, 96
163.54, 96
163.54, 96
163.54, 96
163.54, 96
163.54, 96
163.54, 96
163.55, 96
163.55, 96
163.55, 96
163.55, 96
163.55, 96
163.55, 96
163.55, 96
163.57, 96
163.68, 96
163.68, 96
163.68, 96
163.69, 96
163.69, 96
163.69, 96
163.87, 96
163.88, 96
163.88, 96
163.91, 96
163.91, 96
163.92, 96
164.09, 96
164.23, 96
164.23, 96
164.24, 96
164.24, 96
164.25, 96
164.25, 96
164.25, 96
164.52, 96
164.53, 96
164.53, 96
164.54, 96
164.54, 96
164.54, 96
164.57, 96
164.57, 96
164.57, 96
164.58, 96
164.59, 96
164.59, 96
164.59, 96
164.59, 96
164.67, 96
164.67, 96
164.67, 96
164.68, 96
164.68, 96
164.68, 96
164.68, 96
164.68, 96
164.88, 96
164.88, 96
165.31, 96
165.32, 96
165.32, 96
165.32, 96
165.32, 96
165.33, 96
165.44, 96
165.44, 96
165.44, 96
165.44, 96
165.44, 96
165.44, 96
165.45, 96
165.45, 96
165.46, 96
165.46, 96
165.46, 96
165.53, 96
165.54, 96
165.54, 96
165.54, 96
165.54, 96
165.71, 96
165.71, 96
165.71, 96
165.71, 96
165.73, 96
165.74, 96
165.74, 96
166.70, 96
166.71, 96
166.71, 96
166.82, 96
166.82, 96
166.83, 96
166.83, 96
166.85, 96
167.37, 96
167.40, 96
167.40, 96
167.40, 96
167.40, 96
167.42, 96
167.42, 96
167.42, 96
167.42, 96
167.42, 96
167.63, 96
167.63, 96
167.63, 96
167.63, 96
167.63, 96
167.63, 96
167.64, 96
167.64, 96
168.11, 96
168.11, 96
168.38, 96
168.59, 96
168.59, 96
168.59, 96
168.59, 96
168.60, 96
168.60, 96
168.61, 96
168.61, 96
168.61, 96
168.69, 96
168.69, 96
168.69, 96
168.70, 96
168.70, 96
168.70, 96
168.72, 96
168.72, 96
168.72, 96
168.72, 96
168.72, 96
168.72, 96
168.72, 96
168.72, 96
169.06, 96
169.07, 96
169.08, 96
169.09, 96
169.09, 96
169.09, 96
169.09, 96
169.09, 96
169.13, 96
169.13, 96
169.14, 96
169.14, 96
169.14, 96
169.14, 96
169.14, 96
169.14, 96
169.14, 96
169.20, 96
169.20, 96
169.20, 96
169.20, 96
169.20, 96
169.20, 96
169.20, 96
169.21, 96
169.21, 96
169.21, 96
169.21, 96
169.21, 96
169.21, 96
169.21, 96
169.21, 96
169.39, 96
169.87, 96
169.87, 96
169.87, 96
169.87, 96
169.87, 96
169.88, 96
169.88, 96
169.99, 96
169.99, 96
170.00, 96
170.00, 96
170.00, 96
170.00, 96
170.00, 96
170.00, 96
170.00, 96
170.01, 96
170.03, 96
170.03, 96
170.08, 96
170.16, 96
170.16, 96
170.16, 96
170.16, 96
170.18, 96
170.18, 96
170.18, 96
170.22, 96
170.23, 96
170.23, 96
170.24, 96
170.24, 96
170.24, 96
170.24, 96
170.32, 96
170.32, 96
170.32, 96
170.53, 96
170.54, 96
170.57, 96
170.57, 96
170.62, 96
170.62, 96
170.62, 96
170.62, 96
170.62, 96
170.62, 96
170.62, 96
170.62, 96
170.63, 96
170.63, 96
170.63, 96
170.74, 96
170.74, 96
170.87, 96
170.87, 96
170.87, 96
171.04, 96
171.08, 96
171.08, 96
171.08, 96
171.08, 96
171.08, 96
171.08, 96
171.08, 96
171.08, 96
171.08, 96
171.09, 96
171.09, 96
171.09, 96
171.16, 96
171.16, 96
171.17, 96
171.17, 96
171.21, 96
171.21, 96
171.21, 96
171.24, 96
171.24, 96
171.24, 96
171.24, 96
171.24, 96
171.24, 96
171.24, 96
171.24, 96
171.25, 96
171.25, 96
171.25, 96
171.49, 96
171.51, 96
171.51, 96
171.52, 96
171.55, 96
171.55, 96
171.55, 96
171.55, 96
171.58, 96
171.62, 96
171.62, 96
171.62, 96
171.62, 96
171.63, 96
171.63, 96
171.63, 96
171.64, 96
171.82, 96
171.82, 96
171.83, 96
171.83, 96
171.83, 96
171.83, 96
171.84, 96
171.84, 96
171.84, 96
171.85, 96
171.85, 96
171.85, 96
171.88, 96
171.88, 96
171.96, 96
171.96, 96
171.97, 96
171.97, 96
171.97, 96
171.99, 96
171.99, 96
172.00, 96
172.02, 96
172.03, 96
172.10, 96
172.10, 96
172.10, 96
172.14, 96
172.14, 96
172.15, 96
172.15, 96
172.15, 96
172.15, 96
172.15, 96
172.25, 96
172.25, 96
172.25, 96
172.26, 96
172.26, 96
172.26, 96
172.71, 96
172.86, 96
172.88, 96
172.89, 96
172.92, 96
172.92, 96
173.02, 96
173.02, 96
173.02, 96
173.02, 96
173.02, 96
173.03, 96
173.19, 96
173.19, 96
173.43, 96
173.57, 96
173.57, 96
173.57, 96
173.57, 96
173.60, 96
173.61, 96
173.61, 96
173.61, 96
173.62, 96
173.62, 96
173.62, 96
173.62, 96
173.62, 96
173.62, 96
173.62, 96
173.62, 96
173.69, 96
173.99, 96
174.02, 96
174.04, 96
174.04, 96
174.06, 96
174.06, 96
174.15, 96
174.16, 96
174.16, 96
174.16, 96
174.17, 96
174.17, 96
174.17, 96
174.17, 96
174.17, 96
174.17, 96
174.18, 96
174.18, 96
174.18, 96
174.18, 96
174.30, 96
174.32, 96
174.33, 96
174.33, 96
174.33, 96
174.33, 96
174.33, 96
174.33, 96
174.34, 96
174.34, 96
174.34, 96
174.35, 96
174.35, 96
174.39, 96
174.39, 96
174.53, 96
174.53, 96
174.66, 96
174.67, 96
174.67, 96
174.67, 96
174.68, 96
174.68, 96
174.68, 96
174.72, 96
174.73, 96
174.73, 96
174.73, 96
174.73, 96
174.84, 96
174.86, 96
174.96, 96
175.00, 96
175.00, 96
175.00, 96
175.02, 96
175.03, 96
175.03, 96
175.03, 96
175.04, 96
175.04, 96
175.06, 96
175.15, 96
175.16, 96
175.16, 96
175.16, 96
175.16, 96
175.26, 96
175.26, 96
175.26, 96
175.28, 96
175.29, 96
175.29, 96
175.29, 96
175.43, 96
175.46, 96
175.54, 96
175.54, 96
175.54, 96
175.81, 96
175.81, 96
175.85, 96
175.85, 96
175.85, 96
175.87, 96
175.89, 96
175.89, 96
175.89, 96
176.04, 96
176.04, 96
176.04, 96
176.14, 96
176.14, 96
176.14, 96
176.17, 96
176.18, 96
176.18, 96
176.18, 96
176.20, 96
176.20, 96
176.20, 96
176.20, 96
176.53, 96
176.53, 96
176.53, 96
176.56, 96
176.56, 96
176.56, 96
176.64, 96
176.64, 96
176.77, 96
176.77, 96
176.78, 96
176.97, 96
176.98, 96
177.01, 96
177.01, 96
177.01, 96
177.01, 96
177.02, 96
177.02, 96
177.02, 96
177.03, 96
177.03, 96
177.03, 96
177.03, 96
177.04, 96
177.04, 96
177.04, 96
177.04, 96
177.05, 96
177.15, 96
177.15, 96
177.25, 96
177.28, 96
177.28, 96
177.28, 96
177.30, 96
177.30, 96
177.30, 96
177.31, 96
177.34, 96
177.34, 96
177.34, 96
177.36, 96
177.36, 96
177.36, 96
177.36, 96
177.37, 96
177.37, 96
177.37, 96
177.37, 96
177.38, 96
177.39, 96
177.39, 96
177.39, 96
177.39, 96
177.39, 96
177.39, 96
177.40, 96
177.40, 96
177.40, 96
177.40, 96
177.40, 96
177.41, 96
177.45, 96
177.46, 96
177.46, 96
177.46, 96
177.46, 96
177.46, 96
177.46, 96
177.46, 96
177.46, 96
177.46, 96
177.46, 96
177.48, 96
177.48, 96
177.48, 96
177.49, 96
177.49, 96
177.49, 96
177.50, 96
177.50, 96
177.50, 96
177.51, 96
177.51, 96
177.53, 96
177.61, 96
177.62, 96
177.62, 96
177.76, 96
177.79, 96
177.79, 96
177.79, 96
177.79, 96
177.79, 96
177.80, 96
177.80, 96
177.84, 96
177.85, 96
177.85, 96
177.85, 96
177.85, 96
177.86, 96
177.86, 96
177.87, 96
177.87, 96
177.87, 96
177.88, 96
177.88, 96
177.92, 96
177.92, 96
177.94, 96
177.94, 96
177.95, 96
177.95, 96
177.95, 96
177.96, 96
177.97, 96
177.97, 96
177.97, 96
177.97, 96
177.97, 96
177.97, 96
177.97, 96
178.14, 96
178.14, 96
178.33, 96
178.40, 96
178.41, 96
178.47, 96
178.47, 96
178.47, 96
178.47, 96
178.48, 96
178.48, 96
178.48, 96
178.48, 96
178.48, 96
178.48, 96
178.48, 96
178.49, 96
178.56, 96
178.56, 96
178.58, 96
178.61, 96
178.69, 96
178.84, 96
178.84, 96
178.84, 96
178.84, 96
178.86, 96
178.87, 96
178.88, 96
178.88, 96
178.89, 96
179.28, 96
179.28, 96
179.34, 96
179.95, 96
179.95, 96
179.95, 96
179.95, 96
179.95, 96
180.22, 96
180.22, 96
180.22, 96
180.23, 96
180.23, 96
180.25, 96
180.25, 96
180.25, 96
180.37, 96
180.49, 96
180.70, 96
180.70, 96
180.70, 96
180.86, 96
180.87, 96
180.89, 96
180.96, 96
180.97, 96
180.97, 96
180.97, 96
181.06, 96
181.06, 96
181.06, 96
181.06, 96
181.59, 96
181.59, 96
181.61, 96
181.64, 96
181.65, 96
181.65, 96
181.65, 96
181.65, 96
181.65, 96
181.65, 96
181.65, 96
181.86, 96
181.86, 96
181.87, 96
181.87, 96
181.87, 96
181.87, 96
181.87, 96
181.88, 96
181.88, 96
181.89, 96
182.08, 96
182.09, 96
182.09, 96
182.10, 96
182.21, 96
182.21, 96
182.43, 96
182.43, 96
182.44, 96
182.44, 96
182.44, 96
182.44, 96
182.44, 96
182.45, 96
182.45, 96
182.45, 96
182.45, 96
182.46, 96
182.62, 96
182.63, 96
182.63, 96
182.63, 96
182.63, 96
182.64, 96
182.64, 96
182.64, 96
182.64, 96
182.64, 96
182.66, 96
182.71, 96
182.71, 96
182.71, 96
182.71, 96
182.71, 96
182.71, 96
182.75, 96
182.75, 96
182.75, 96
182.75, 96
182.90, 96
182.90, 96
182.90, 96
182.91, 96
182.91, 96
182.91, 96
182.91, 96
182.91, 96
182.91, 96
182.91, 96
182.96, 96
182.97, 96
182.97, 96
183.11, 96
183.11, 96
183.25, 96
183.25, 96
183.25, 96
183.26, 96
183.28, 96
183.29, 96
183.29, 96
183.29, 96
183.29, 96
183.29, 96
183.29, 96
183.29, 96
183.29, 96
183.29, 96
183.30, 96
183.30, 96
183.30, 96
183.30, 96
183.30, 96
183.31, 96
183.31, 96
183.33, 96
183.33, 96
183.56, 96
183.56, 96
183.66, 96
183.74, 96
183.81, 96
183.81, 96
183.83, 96
183.83, 96
183.93, 96
183.95, 96
183.95, 96
183.95, 96
183.95, 96
183.95, 96
183.95, 96
183.96, 96
184.00, 96
184.00, 96
184.01, 96
184.48, 96
184.78, 96
184.78, 96
184.79, 96
184.79, 96
184.91, 96
184.92, 96
184.92, 96
184.92, 96
184.92, 96
185.05, 96
185.17, 96
185.17, 96
185.17, 96
185.17, 96
185.46, 96
185.46, 96
185.47, 96
185.54, 96
185.55, 96
185.55, 96
185.55, 96
185.55, 96
185.55, 96
185.68, 96
185.68, 96
185.68, 96
185.69, 96
185.69, 96
185.69, 96
185.69, 96
185.73, 96
185.73, 96
185.73, 96
185.73, 96
185.73, 96
185.73, 96
185.74, 96
185.74, 96
185.74, 96
185.76, 96
185.89, 96
185.89, 96
185.89, 96
185.89, 96
185.89, 96
185.90, 96
185.90, 96
185.91, 96
185.91, 96
185.91, 96
185.93, 96
186.03, 96
186.23, 96
186.23, 96
186.23, 96
186.23, 96
186.26, 96
186.26, 96
186.30, 96
186.47, 96
186.55, 96
186.56, 96
186.56, 96
186.56, 96
186.64, 96
186.76, 96
187.13, 96
187.34, 96
187.38, 96
187.40, 96
187.40, 96
187.55, 96
187.55, 96
187.55, 96
187.55, 96
187.62, 96
187.62, 96
187.62, 96
187.62, 96
187.63, 96
187.63, 96
187.63, 96
187.63, 96
187.63, 96
187.70, 96
187.70, 96
187.70, 96
187.70, 96
187.70, 96
187.71, 96
187.72, 96
187.72, 96
187.72, 96
187.72, 96
187.72, 96
187.72, 96
187.72, 96
187.72, 96
187.72, 96
187.88, 96
187.88, 96
187.88, 96
188.05, 96
188.05, 96
188.06, 96
188.06, 96
188.06, 96
188.31, 96
188.31, 96
188.32, 96
188.32, 96
188.32, 96
188.32, 96
188.32, 96
188.33, 96
188.34, 96
188.34, 96
188.34, 96
188.39, 96
188.39, 96
188.39, 96
188.39, 96
188.39, 96
188.46, 96
188.47, 96
188.47, 96
188.48, 96
188.48, 96
188.50, 96
188.50, 96
188.50, 96
188.54, 96
188.54, 96
188.55, 96
188.55, 96
188.55, 96
188.55, 96
188.57, 96
188.59, 96
188.59, 96
188.59, 96
188.59, 96
188.60, 96
188.61, 96
188.76, 96
188.76, 96
188.76, 96
188.77, 96
188.78, 96
188.78, 96
188.78, 96
188.78, 96
188.86, 96
188.87, 96
188.87, 96
188.87, 96
189.37, 96
189.37, 96
189.37, 96
189.37, 96
189.37, 96
189.37, 96
189.37, 96
189.38, 96
189.38, 96
189.38, 96
189.38, 96
189.40, 96
189.46, 96
189.46, 96
189.47, 96
189.47, 96
189.47, 96
189.58, 96
189.58, 96
189.58, 96
189.58, 96
189.58, 96
189.58, 96
189.71, 96
189.72, 96
189.73, 96
189.73, 96
190.13, 96
190.13, 96
190.15, 96
190.15, 96
190.15, 96
190.15, 96
190.39, 96
190.42, 96
190.42, 96
190.43, 96
190.43, 96
190.44, 96
190.44, 96
190.44, 96
190.44, 96
190.52, 96
190.66, 96
190.66, 96
190.77, 96
190.84, 96
190.97, 96
190.97, 96
190.97, 96
191.04, 96
191.04, 96
191.04, 96
191.05, 96
191.21, 96
191.21, 96
191.21, 96
191.26, 96
191.26, 96
191.26, 96
191.26, 96
191.26, 96
191.27, 96
191.27, 96
191.36, 96
191.36, 96
191.36, 96
191.36, 96
191.37, 96
191.38, 96
191.40, 96
191.40, 96
191.40, 96
191.40, 96
191.54, 96
191.54, 96
191.54, 96
191.54, 96
191.54, 96
191.54, 96
191.55, 96
191.55, 96
191.55, 96
191.55, 96
191.55, 96
191.55, 96
192.01, 96
192.16, 96
192.16, 96
192.17, 96
192.17, 96
192.17, 96
192.27, 96
192.27, 96
192.27, 96
192.27, 96
192.27, 96
192.28, 96
192.28, 96
192.28, 96
192.28, 96
192.28, 96
192.28, 96
192.61, 96
192.61, 96
192.61, 96
192.62, 96
192.63, 96
192.63, 96
192.63, 96
192.63, 96
192.64, 96
192.64, 96
192.92, 96
192.92, 96
192.96, 96
192.96, 96
192.96, 96
192.96, 96
193.03, 96
193.03, 96
193.03, 96
193.03, 96
193.04, 96
193.05, 96
193.05, 96
193.05, 96
193.07, 96
193.16, 96
193.18, 96
193.18, 96
193.18, 96
193.19, 96
193.19, 96
193.19, 96
193.19, 96
193.19, 96
193.19, 96
193.20, 96
193.23, 96
193.24, 96
193.24, 96
193.24, 96
193.41, 96
193.42, 96
193.42, 96
193.42, 96
193.45, 96
193.45, 96
193.45, 96
193.45, 96
193.45, 96
193.46, 96
193.69, 96
193.69, 96
193.83, 96
193.83, 96
193.83, 96
193.84, 96
193.84, 96
193.84, 96
193.84, 96
193.84, 96
193.85, 96
193.85, 96
193.85, 96
193.85, 96
193.85, 96
193.92, 96
193.93, 96
193.93, 96
193.93, 96
193.93, 96
193.96, 96
193.96, 96
193.96, 96
193.96, 96
193.96, 96
193.96, 96
194.10, 96
194.10, 96
194.10, 96
194.15, 96
194.15, 96
194.15, 96
194.16, 96
194.30, 96
194.51, 96
194.51, 96
194.51, 96
194.64, 96
194.64, 96
194.64, 96
194.64, 96
194.95, 96
195.04, 96
195.04, 96
195.20, 96
195.43, 96
195.43, 96
195.43, 96
195.43, 96
195.44, 96
195.47, 96
195.47, 96
195.48, 96
195.58, 96
195.58, 96
195.58, 96
195.58, 96
195.59, 96
195.83, 96
195.83, 96
195.83, 96
195.83, 96
195.83, 96
195.84, 96
195.84, 96
195.85, 96
195.85, 96
195.85, 96
195.87, 96
195.88, 96
196.23, 96
196.37, 96
196.37, 96
196.38, 96
196.38, 96
196.38, 96
196.38, 96
196.38, 96
196.38, 96
196.38, 96
196.38, 96
196.38, 96
196.51, 96
196.51, 96
196.51, 96
196.51, 96
196.51, 96
196.51, 96
196.54, 96
196.55, 96
196.85, 96
196.85, 96
196.85, 96
196.86, 96
197.04, 96
197.04, 96
197.04, 96
197.04, 96
197.04, 96
197.04, 96
197.22, 96
197.23, 96
197.23, 96
197.24, 96
197.24, 96
197.32, 96
197.32, 96
197.33, 96
197.33, 96
197.33, 96
197.33, 96
197.33, 96
197.38, 96
197.38, 96
197.42, 96
197.42, 96
197.46, 96
197.46, 96
197.46, 96
197.46, 96
197.46, 96
197.46, 96
197.46, 96
197.46, 96
197.47, 96
197.47, 96
197.47, 96
197.47, 96
197.47, 96
197.47, 96
197.47, 96
197.48, 96
197.48, 96
197.52, 96
197.52, 96
197.57, 96
197.57, 96
197.60, 96
197.61, 96
197.61, 96
197.62, 96
197.63, 96
197.76, 96
197.76, 96
197.76, 96
197.76, 96
197.76, 96
197.76, 96
197.76, 96
197.77, 96
197.77, 96
197.77, 96
197.77, 96
197.77, 96
197.77, 96
197.77, 96
197.77, 96
197.86, 96
197.86, 96
197.96, 96
197.97, 96
197.97, 96
198.07, 96
198.08, 96
198.08, 96
198.09, 96
198.10, 96
198.10, 96
198.10, 96
198.10, 96
198.12, 96
198.12, 96
198.13, 96
198.13, 96
198.13, 96
198.30, 96
198.43, 96
198.43, 96
198.44, 96
198.44, 96
198.44, 96
198.44, 96
198.44, 96
198.45, 96
198.52, 96
198.52, 96
198.52, 96
198.53, 96
198.53, 96
198.61, 96
198.61, 96
198.61, 96
198.68, 96
198.68, 96
198.68, 96
198.68, 96
198.68, 96
198.68, 96
198.68, 96
198.68, 96
198.69, 96
198.69, 96
198.70, 96
198.70, 96
199.01, 96
199.01, 96
199.01, 96
199.01, 96
199.01, 96
199.04, 96
199.15, 96
199.15, 96
199.16, 96
199.38, 96
199.44, 96
199.44, 96
199.44, 96
199.44, 96
199.45, 96
199.72, 96
199.72, 96
199.72, 96
199.72, 96
199.72, 96
199.72, 96
199.73, 96
199.73, 96
199.73, 96
199.73, 96
199.73, 96
199.73, 96
199.74, 96
199.74, 96
199.76, 96
199.76, 96
199.76, 96
199.90, 96
199.90, 96
199.90, 96
199.91, 96
199.95, 96
200.00, 96
200.00, 96
200.03, 96
200.03, 96
200.03, 96
200.31, 96
200.31, 96
200.31, 96
200.32, 96
200.42, 96
200.42, 96
200.43, 96
200.44, 96
200.44, 96
200.44, 96
200.44, 96
200.44, 96
200.44, 96
200.44, 96
200.44, 96
200.45, 96
200.45, 96
200.46, 96
200.46, 96
200.58, 96
200.59, 96
200.61, 96
200.61, 96
200.61, 96
200.61, 96
200.61, 96
200.61, 96
200.70, 96
200.70, 96
200.76, 96
200.84, 96
200.84, 96
200.94, 96
200.97, 96
200.97, 96
200.98, 96
200.98, 96
200.98, 96
201.14, 96
201.14, 96
201.14, 96
201.14, 96
201.15, 96
201.15, 96
201.15, 96
201.42, 96
201.45, 96
201.47, 96
201.54, 96
201.56, 96
201.56, 96
201.92, 96
201.93, 96
201.94, 96
201.94, 96
201.95, 96
201.95, 96
202.12, 96
202.12, 96
202.12, 96
202.12, 96
202.12, 96
202.12, 96
202.12, 96
202.16, 96
202.17, 96
202.31, 96
202.42, 96
202.42, 96
202.42, 96
202.44, 96
202.44, 96
202.74, 96
202.75, 96
202.86, 96
202.86, 96
202.86, 96
202.86, 96
202.86, 96
202.87, 96
202.88, 96
202.88, 96
202.92, 96
203.06, 96
203.23, 96
203.23, 96
203.24, 96
203.25, 96
203.26, 96
203.26, 96
203.26, 96
203.26, 96
203.26, 96
203.26, 96
203.26, 96
203.26, 96
203.27, 96
203.27, 96
203.27, 96
203.28, 96
203.44, 96
203.52, 96
203.56, 96
203.56, 96
203.56, 96
203.56, 96
203.56, 96
203.56, 96
203.57, 96
203.78, 96
203.79, 96
203.79, 96
203.84, 96
203.84, 96
203.84, 96
203.84, 96
203.85, 96
203.85, 96
203.85, 96
203.85, 96
203.85, 96
203.86, 96
203.86, 96
204.03, 96
204.03, 96
204.04, 96
204.05, 96
204.05, 96
204.05, 96
204.06, 96
204.06, 96
204.06, 96
204.13, 96
204.16, 96
204.28, 96
204.29, 96
204.29, 96
204.34, 96
204.34, 96
204.34, 96
204.55, 96
204.58, 96
204.58, 96
204.58, 96
204.58, 96
204.58, 96
204.58, 96
204.58, 96
204.60, 96
204.60, 96
204.67, 96
204.67, 96
204.67, 96
204.67, 96
204.67, 96
204.67, 96
204.68, 96
204.68, 96
204.68, 96
204.69, 96
204.70, 96
204.71, 96
204.72, 96
204.74, 96
204.75, 96
204.75, 96
204.75, 96
204.76, 96
204.76, 96
204.76, 96
204.79, 96
204.79, 96
204.79, 96
204.79, 96
204.80, 96
204.80, 96
204.80, 96
204.80, 96
204.80, 96
204.81, 96
204.81, 96
204.81, 96
204.81, 96
204.81, 96
204.83, 96
204.83, 96
204.83, 96
204.87, 96
204.87, 96
204.87, 96
204.87, 96
204.87, 96
204.88, 96
204.88, 96
205.28, 96
205.58, 96
205.58, 96
205.59, 96
205.59, 96
205.59, 96
205.60, 96
205.60, 96
205.63, 96
205.64, 96
205.64, 96
205.64, 96
205.64, 96
205.77, 96
205.77, 96
205.78, 96
205.82, 96
206.21, 96
206.21, 96
206.21, 96
206.21, 96
206.21, 96
206.22, 96
206.22, 96
206.26, 96
206.26, 96
206.26, 96
206.26, 96
206.26, 96
206.27, 96
206.27, 96
206.27, 96
206.42, 96
206.42, 96
206.42, 96
206.42, 96
206.43, 96
206.43, 96
206.43, 96
206.43, 96
206.44, 96
206.44, 96
206.44, 96
206.44, 96
206.49, 96
206.49, 96
206.49, 96
206.49, 96
206.50, 96
206.50, 96
206.57, 96
206.57, 96
206.57, 96
206.58, 96
206.58, 96
206.58, 96
206.59, 96
206.59, 96
206.60, 96
206.60, 96
206.62, 96
206.65, 96
206.66, 96
206.84, 96
206.92, 96
206.93, 96
207.34, 96
207.34, 96
207.34, 96
207.34, 96
207.35, 96
207.35, 96
207.35, 96
207.35, 96
207.35, 96
207.35, 96
207.65, 96
207.65, 96
207.65, 96
207.66, 96
207.66, 96
207.66, 96
207.66, 96
207.66, 96
207.67, 96
207.67, 96
207.68, 96
207.75, 96
207.75, 96
207.75, 96
207.77, 96
207.77, 96
207.78, 96
207.78, 96
207.78, 96
207.79, 96
207.80, 96
207.80, 96
207.80, 96
207.80, 96
207.93, 96
208.03, 96
208.03, 96
208.17, 96
208.39, 96
208.39, 96
208.39, 96
208.44, 96
208.47, 96
208.48, 96
208.48, 96
208.48, 96
208.48, 96
208.48, 96
208.77, 96
208.77, 96
208.77, 96
208.78, 96
208.78, 96
208.79, 96
208.79, 96
208.80, 96
208.85, 96
208.85, 96
208.85, 96
209.10, 96
209.10, 96
209.10, 96
209.11, 96
209.11, 96
209.11, 96
209.37, 96
209.39, 96
209.39, 96
209.39, 96
209.39, 96
209.39, 96
209.40, 96
209.41, 96
209.41, 96
209.41, 96
209.41, 96
209.53, 96
209.54, 96
209.54, 96
209.54, 96
209.54, 96
209.54, 96
209.55, 96
209.55, 96
210.06, 96
210.06, 96
210.06, 96
210.07, 96
210.07, 96
210.07, 96
210.20, 96
210.20, 96
210.21, 96
210.21, 96
210.21, 96
210.27, 96
210.28, 96
210.28, 96
210.30, 96
210.30, 96
210.30, 96
210.30, 96
210.30, 96
210.31, 96
210.31, 96
210.31, 96
210.31, 96
210.31, 96
210.31, 96
210.31, 96
210.31, 96
210.32, 96
210.56, 96
210.56, 96
210.89, 96
211.06, 96
211.06, 96
211.06, 96
211.07, 96
211.07, 96
211.07, 96
211.07, 96
211.07, 96
211.07, 96
211.07, 96
211.07, 96
211.07, 96
211.07, 96
211.08, 96
211.08, 96
211.08, 96
211.08, 96
211.08, 96
211.34, 96
211.40, 96
211.58, 96
211.60, 96
211.60, 96
211.61, 96
211.61, 96
211.88, 96
211.88, 96
211.88, 96
211.88, 96
211.88, 96
211.88, 96
211.88, 96
211.88, 96
211.88, 96
211.93, 96
211.95, 96
211.96, 96
211.98, 96
211.98, 96
211.98, 96
212.16, 96
212.16, 96
212.16, 96
212.29, 96
212.29, 96
212.29, 96
212.29, 96
212.30, 96
212.30, 96
212.30, 96
212.30, 96
212.30, 96
212.30, 96
212.30, 96
212.30, 96
212.32, 96
212.32, 96
212.32, 96
212.32, 96
212.32, 96
212.33, 96
212.33, 96
212.33, 96
212.37, 96
212.37, 96
212.37, 96
212.37, 96
212.37, 96
212.37, 96
212.38, 96
212.38, 96
212.46, 96
212.47, 96
212.47, 96
212.47, 96
212.52, 96
212.53, 96
212.53, 96
212.54, 96
212.56, 96
212.57, 96
212.70, 96
212.70, 96
212.70, 96
212.70, 96
212.73, 96
212.73, 96
212.74, 96
212.75, 96
212.75, 96
212.75, 96
213.11, 96
213.11, 96
213.15, 96
213.21, 96
213.21, 96
213.22, 96
213.23, 96
213.23, 96
213.23, 96
213.44, 96
213.44, 96
213.57, 96
213.74, 96
213.79, 96
213.79, 96
213.84, 96
213.85, 96
213.85, 96
213.86, 96
214.22, 96
214.22, 96
214.29, 96
214.29, 96
214.30, 96
214.64, 96
214.64, 96
214.71, 96
214.72, 96
214.72, 96
214.72, 96
214.72, 96
214.90, 96
214.93, 96
214.98, 96
215.02, 96
215.02, 96
215.02, 96
215.07, 96
215.07, 96
215.07, 96
215.07, 96
215.08, 96
215.08, 96
215.08, 96
215.08, 96
215.08, 96
215.09, 96
215.09, 96
215.09, 96
215.09, 96
215.09, 96
215.10, 96
215.13, 96
215.13, 96
215.13, 96
215.13, 96
215.13, 96
215.15, 96
215.19, 96
215.19, 96
215.19, 96
215.19, 96
215.19, 96
215.20, 96
215.20, 96
215.20, 96
215.47, 96
215.48, 96
215.48, 96
215.48, 96
215.55, 96
215.55, 96
215.57, 96
215.57, 96
215.57, 96
215.57, 96
215.58, 96
215.58, 96
215.58, 96
215.58, 96
215.60, 96
215.61, 96
215.61, 96
215.61, 96
215.62, 96
215.62, 96
215.62, 96
215.62, 96
215.62, 96
215.63, 96
215.63, 96
215.71, 96
215.72, 96
215.72, 96
215.72, 96
215.72, 96
215.72, 96
215.72, 96
215.72, 96
216.00, 96
216.00, 96
216.01, 96
216.01, 96
216.01, 96
216.12, 96
216.47, 96
216.47, 96
216.47, 96
216.47, 96
216.47, 96
216.47, 96
216.47, 96
216.56, 96
216.57, 96
216.57, 96
216.61, 96
216.64, 96
216.70, 96
216.70, 96
216.70, 96
216.70, 96
216.70, 96
216.71, 96
216.71, 96
216.71, 96
216.73, 96
216.73, 96
216.73, 96
217.45, 96
217.46, 96
217.54, 96
217.54, 96
217.55, 96
217.55, 96
217.60, 96
217.60, 96
217.81, 96
217.81, 96
217.82, 96
217.82, 96
217.82, 96
217.82, 96
218.12, 96
218.12, 96
218.12, 96
218.12, 96
218.13, 96
218.13, 96
218.14, 96
218.14, 96
218.15, 96
218.27, 96
218.27, 96
218.34, 96
218.46, 96
218.46, 96
218.58, 96
218.58, 96
218.60, 96
218.60, 96
218.69, 96
218.86, 96
218.86, 96
218.86, 96
218.87, 96
218.87, 96
218.97, 96
218.97, 96
218.97, 96
218.97, 96
219.47, 96
219.47, 96
219.47, 96
219.47, 96
219.48, 96
219.48, 96
219.48, 96
219.48, 96
219.48, 96
219.48, 96
219.48, 96
219.58, 96
219.58, 96
219.61, 96
219.92, 96
219.93, 96
220.10, 96
220.21, 96
220.21, 96
220.30, 96
220.30, 96
220.31, 96
220.31, 96
220.33, 96
220.34, 96
220.34, 96
220.34, 96
220.62, 96
220.63, 96
220.63, 96
220.63, 96
220.64, 96
220.68, 96
220.69, 96
220.70, 96
220.82, 96
221.03, 96
221.06, 96
221.06, 96
221.07, 96
221.29, 96
221.29, 96
221.33, 96
221.33, 96
221.33, 96
221.64, 96
221.76, 96
221.76, 96
221.76, 96
222.18, 96
222.35, 96
222.35, 96
222.35, 96
222.35, 96
222.38, 96
222.38, 96
222.39, 96
222.39, 96
222.41, 96
222.41, 96
222.41, 96
222.41, 96
222.41, 96
222.42, 96
222.43, 96
222.44, 96
222.44, 96
222.46, 96
222.46, 96
222.46, 96
222.51, 96
222.51, 96
222.51, 96
222.51, 96
222.51, 96
222.55, 96
222.55, 96
222.96, 96
223.11, 96
223.11, 96
223.11, 96
223.21, 96
223.21, 96
223.36, 96
223.36, 96
223.36, 96
223.36, 96
223.36, 96
223.36, 96
223.49, 96
223.54, 96
223.59, 96
223.59, 96
223.59, 96
223.59, 96
223.60, 96
223.84, 96
223.84, 96
223.85, 96
223.85, 96
224.00, 96
224.00, 96
224.11, 96
224.11, 96
224.26, 96
224.27, 96
224.27, 96
224.27, 96
224.27, 96
224.45, 96
224.68, 96
224.68, 96
224.94, 96
224.97, 96
225.17, 96
225.17, 96
225.17, 96
225.27, 96
225.28, 96
225.28, 96
225.28, 96
225.28, 96
225.28, 96
225.29, 96
225.29, 96
225.30, 96
225.31, 96
225.31, 96
225.32, 96
225.33, 96
225.33, 96
225.34, 96
225.34, 96
225.34, 96
225.34, 96
225.36, 96
225.36, 96
225.36, 96
225.36, 96
225.36, 96
225.36, 96
225.37, 96
225.40, 96
225.40, 96
225.40, 96
225.40, 96
225.40, 96
225.40, 96
225.40, 96
225.40, 96
225.41, 96
225.42, 96
225.43, 96
225.46, 96
225.53, 96
225.57, 96
225.57, 96
225.57, 96
225.58, 96
225.58, 96
225.58, 96
225.58, 96
226.03, 96
226.03, 96
226.10, 96
226.10, 96
226.10, 96
226.11, 96
226.11, 96
226.12, 96
226.13, 96
226.13, 96
226.13, 96
226.13, 96
226.13, 96
226.13, 96
226.13, 96
226.17, 96
226.17, 96
226.17, 96
226.28, 96
226.28, 96
226.29, 96
226.43, 96
226.45, 96
226.45, 96
226.59, 96
226.59, 96
226.59, 96
226.59, 96
226.60, 96
226.60, 96
226.60, 96
226.64, 96
226.95, 96
226.95, 96
226.95, 96
226.95, 96
226.95, 96
227.35, 96
227.35, 96
227.35, 96
227.35, 96
227.36, 96
227.36, 96
227.36, 96
227.36, 96
227.37, 96
227.37, 96
227.39, 96
227.39, 96
227.39, 96
227.55, 96
227.55, 96
227.55, 96
227.56, 96
227.74, 96
227.74, 96
227.75, 96
227.75, 96
227.75, 96
227.76, 96
227.76, 96
227.76, 96
227.79, 96
227.79, 96
227.90, 96
227.90, 96
227.90, 96
228.02, 96
228.02, 96
228.02, 96
228.07, 96
228.07, 96
228.07, 96
228.14, 96
228.14, 96
228.16, 96
228.16, 96
228.16, 96
228.16, 96
228.17, 96
228.84, 96
228.84, 96
228.84, 96
228.84, 96
228.87, 96
228.87, 96
229.42, 96
229.50, 96
229.50, 96
229.55, 96
229.55, 96
229.56, 96
229.56, 96
229.57, 96
229.58, 96
229.58, 96
229.58, 96
229.59, 96
229.59, 96
229.62, 96
229.62, 96
229.62, 96
229.62, 96
229.72, 96
229.72, 96
229.72, 96
229.72, 96
229.73, 96
229.73, 96
229.73, 96
229.73, 96
229.90, 96
230.02, 96
230.02, 96
230.34, 96
230.34, 96
230.35, 96
230.46, 96
230.46, 96
230.52, 96
230.53, 96
230.65, 96
230.65, 96
230.65, 96
230.79, 96
230.80, 96
230.80, 96
230.99, 96
230.99, 96
231.00, 96
231.12, 96
231.12, 96
231.12, 96
231.12, 96
231.13, 96
231.13, 96
231.13, 96
231.14, 96
231.14, 96
231.14, 96
231.19, 96
231.19, 96
231.19, 96
231.20, 96
231.20, 96
231.20, 96
231.41, 96
231.41, 96
231.41, 96
231.41, 96
231.42, 96
231.42, 96
231.42, 96
231.50, 96
231.50, 96
231.50, 96
231.51, 96
231.51, 96
231.54, 96
231.54, 96
231.54, 96
231.57, 96
231.57, 96
231.57, 96
231.57, 96
231.58, 96
231.58, 96
231.58, 96
231.59, 96
231.59, 96
231.59, 96
231.60, 96
231.60, 96
231.60, 96
231.60, 96
231.60, 96
231.60, 96
231.60, 96
231.60, 96
231.62, 96
231.62, 96
231.62, 96
231.84, 96
231.84, 96
231.84, 96
231.97, 96
231.97, 96
231.97, 96
231.99, 96
231.99, 96
231.99, 96
231.99, 96
232.01, 96
232.02, 96
232.06, 96
232.07, 96
232.07, 96
232.07, 96
232.07, 96
232.07, 96
232.07, 96
232.07, 96
232.08, 96
232.33, 96
232.37, 96
232.37, 96
232.37, 96
232.37, 96
232.91, 96
232.92, 96
232.93, 96
232.93, 96
232.93, 96
232.93, 96
233.02, 96
233.02, 96
233.02, 96
233.02, 96
233.03, 96
233.03, 96
233.03, 96
233.03, 96
233.03, 96
233.03, 96
233.03, 96
233.03, 96
233.03, 96
233.04, 96
233.04, 96
233.04, 96
233.05, 96
233.05, 96
233.05, 96
233.29, 96
233.29, 96
233.29, 96
233.29, 96
233.29, 96
233.29, 96
233.29, 96
233.30, 96
233.30, 96
233.30, 96
233.30, 96
233.30, 96
233.30, 96
233.30, 96
233.30, 96
233.31, 96
233.31, 96
233.31, 96
233.31, 96
233.31, 96
233.55, 96
233.55, 96
233.67, 96
233.89, 96
233.92, 96
233.94, 96
233.95, 96
233.95, 96
233.96, 96
234.18, 96
234.18, 96
234.39, 96
234.41, 96
234.41, 96
234.42, 96
234.42, 96
234.42, 96
234.42, 96
234.42, 96
234.42, 96
234.42, 96
234.44, 96
234.52, 96
234.53, 96
234.53, 96
234.53, 96
234.53, 96
234.54, 96
234.76, 96
234.76, 96
234.82, 96
234.82, 96
234.82, 96
234.82, 96
234.82, 96
234.83, 96
234.83, 96
234.85, 96
234.86, 96
234.86, 96
234.91, 96
234.95, 96
234.96, 96
234.96, 96
234.96, 96
234.97, 96
234.97, 96
234.99, 96
234.99, 96
235.00, 96
235.00, 96
235.00, 96
235.25, 96
235.25, 96
235.26, 96
235.27, 96
235.27, 96
235.27, 96
235.27, 96
235.27, 96
235.27, 96
235.28, 96
235.28, 96
235.28, 96
235.28, 96
235.29, 96
235.29, 96
235.29, 96
235.39, 96
235.39, 96
235.41, 96
235.41, 96
235.41, 96
235.41, 96
235.45, 96
235.45, 96
235.46, 96
235.46, 96
235.46, 96
235.48, 96
235.48, 96
235.55, 96
235.55, 96
235.55, 96
235.55, 96
235.58, 96
235.58, 96
235.58, 96
235.58, 96
235.59, 96
235.59, 96
235.59, 96
235.59, 96
235.66, 96
235.66, 96
235.66, 96
235.92, 96
235.92, 96
236.02, 96
236.03, 96
236.12, 96
236.12, 96
236.13, 96
236.14, 96
236.14, 96
236.14, 96
236.14, 96
236.15, 96
236.15, 96
236.15, 96
236.15, 96
236.25, 96
236.25, 96
236.25, 96
236.26, 96
236.26, 96
236.43, 96
236.43, 96
236.43, 96
236.43, 96
236.43, 96
236.43, 96
236.44, 96
236.44, 96
236.44, 96
236.46, 96
236.53, 96
236.53, 96
236.53, 96
236.53, 96
236.53, 96
236.53, 96
236.54, 96
236.54, 96
236.54, 96
236.54, 96
236.54, 96
236.55, 96
236.74, 96
236.74, 96
236.74, 96
236.84, 96
236.88, 96
236.89, 96
236.90, 96
236.90, 96
236.91, 96
236.91, 96
236.93, 96
236.93, 96
236.94, 96
236.94, 96
236.96, 96
236.98, 96
236.98, 96
236.98, 96
237.04, 96
237.04, 96
237.04, 96
237.05, 96
237.13, 96
237.13, 96
237.13, 96
237.13, 96
237.13, 96
237.13, 96
237.14, 96
237.14, 96
237.14, 96
237.14, 96
237.57, 96
237.57, 96
237.57, 96
237.57, 96
237.62, 96
237.63, 96
237.64, 96
237.64, 96
237.64, 96
237.64, 96
237.64, 96
237.64, 96
237.65, 96
237.65, 96
237.92, 96
238.00, 96
238.01, 96
238.01, 96
238.01, 96
238.01, 96
238.01, 96
238.10, 96
238.10, 96
238.10, 96
238.10, 96
238.10, 96
238.19, 96
238.19, 96
238.19, 96
238.19, 96
238.41, 96
238.42, 96
238.42, 96
238.42, 96
238.42, 96
238.74, 96
238.74, 96
238.75, 96
238.78, 96
238.78, 96
238.78, 96
238.78, 96
238.78, 96
238.78, 96
238.81, 96
238.82, 96
238.82, 96
238.82, 96
238.84, 96
238.84, 96
238.85, 96
238.97, 96
238.97, 96
238.97, 96
238.97, 96
238.97, 96
238.97, 96
238.97, 96
238.97, 96
238.97, 96
239.25, 96
239.25, 96
239.25, 96
239.25, 96
239.26, 96
239.26, 96
239.26, 96
239.26, 96
239.30, 96
239.30, 96
239.30, 96
239.30, 96
239.52, 96
239.53, 96
239.53, 96
239.53, 96
239.53, 96
239.59, 96
239.60, 96
239.60, 96
239.60, 96
239.61, 96
239.61, 96
239.62, 96
239.63, 96
239.63, 96
239.63, 96
239.66, 96
