0.01, 102
0.01, 100
0.02, 99
0.02, 99
0.02, 99
0.02, 99
0.02, 99
0.02, 98
0.02, 98
0.03, 98
0.03, 98
0.03, 98
0.03, 98
0.03, 98
0.04, 98
0.04, 98
0.05, 98
0.05, 98
0.05, 98
0.05, 97
0.05, 97
0.05, 97
0.07, 97
0.07, 97
0.07, 97
0.07, 97
0.07, 97
0.07, 97
0.07, 97
0.08, 97
0.08, 97
0.08, 97
0.09, 97
0.09, 97
0.09, 97
0.09, 97
0.10, 97
0.10, 97
0.10, 97
0.10, 97
0.11, 97
0.11, 97
0.12, 97
0.12, 97
0.12, 97
0.13, 97
0.13, 97
0.13, 97
0.13, 97
0.13, 97
0.19, 97
0.19, 97
0.22, 97
0.22, 97
0.22, 97
0.22, 97
0.22, 97
0.22, 97
0.22, 97
0.23, 97
0.25, 97
0.25, 97
0.26, 97
0.26, 97
0.26, 97
0.26, 97
0.26, 97
0.27, 97
0.27, 97
0.27, 97
0.28, 97
0.28, 97
0.30, 97
0.31, 97
0.31, 97
0.31, 97
0.33, 97
0.33, 97
0.33, 97
0.34, 97
0.34, 97
0.34, 97
0.34, 97
0.34, 97
0.34, 97
0.37, 97
0.38, 97
0.38, 97
0.39, 97
0.39, 97
0.39, 97
0.39, 97
0.39, 97
0.39, 97
0.39, 97
0.40, 97
0.40, 97
0.40, 97
0.40, 97
0.40, 96
0.41, 96
0.41, 96
0.41, 96
0.42, 96
0.42, 96
0.45, 96
0.45, 96
0.46, 96
0.49, 96
0.49, 96
0.49, 96
0.52, 96
0.53, 96
0.53, 96
0.53, 96
0.57, 96
0.57, 96
0.57, 96
0.57, 96
0.84, 96
0.84, 96
0.84, 96
0.84, 96
0.84, 96
0.87, 96
0.87, 96
0.87, 96
0.90, 96
0.90, 96
0.93, 96
0.94, 96
0.94, 96
0.94, 96
0.94, 96
0.94, 96
0.94, 96
1.15, 96
1.19, 96
1.20, 96
1.20, 96
1.28, 96
1.28, 96
1.83, 96
1.83, 96
1.83, 96
1.83, 96
1.84, 96
1.86, 96
1.86, 96
1.86, 96
1.86, 96
1.86, 96
1.88, 96
1.90, 96
1.90, 96
1.90, 96
1.90, 96
1.98, 96
1.98, 96
1.98, 96
1.98, 96
1.98, 96
1.99, 96
2.03, 96
2.03, 96
2.03, 96
2.06, 96
2.06, 96
2.09, 96
2.09, 96
2.11, 96
2.11, 96
2.12, 96
2.13, 96
2.13, 96
2.13, 96
2.13, 96
2.13, 96
2.15, 96
2.15, 96
2.15, 96
2.15, 96
2.15, 96
2.55, 96
2.56, 96
2.57, 96
2.57, 96
2.57, 96
2.57, 96
2.57, 96
2.57, 96
3.04, 96
3.04, 96
3.05, 96
3.18, 96
3.18, 96
3.18, 96
3.18, 96
3.18, 96
3.18, 96
3.18, 96
3.37, 96
3.41, 96
3.41, 96
3.41, 96
3.42, 96
3.42, 96
3.42, 96
3.42, 96
3.42, 96
3.43, 96
3.43, 96
3.43, 96
3.44, 96
3.44, 96
3.44, 96
3.44, 96
3.44, 96
3.46, 96
3.46, 96
3.48, 96
3.48, 96
3.48, 96
3.49, 96
3.49, 96
3.49, 96
3.49, 96
3.49, 96
3.49, 96
3.49, 96
3.49, 96
3.50, 96
3.50, 96
3.50, 96
3.51, 96
3.51, 96
3.51, 96
3.53, 96
3.53, 96
3.53, 96
3.54, 96
3.54, 96
3.54, 96
3.56, 96
3.56, 96
3.56, 96
3.56, 96
3.56, 96
3.57, 96
3.57, 96
3.57, 96
3.58, 96
3.58, 96
3.58, 96
3.58, 96
3.59, 96
3.62, 96
3.62, 96
3.62, 96
3.62, 96
3.78, 96
3.78, 96
3.78, 96
3.82, 96
3.83, 96
3.83, 96
3.83, 96
3.83, 96
3.83, 96
3.84, 96
3.84, 96
3.84, 96
3.97, 96
3.97, 96
3.97, 96
3.97, 96
4.03, 96
4.04, 96
4.07, 96
4.08, 96
4.08, 96
4.08, 96
4.08, 96
4.08, 96
4.09, 96
4.09, 96
4.09, 96
4.10, 96
4.22, 96
4.22, 96
4.22, 96
4.22, 96
4.22, 96
4.23, 96
4.23, 96
4.31, 96
4.32, 96
4.32, 96
4.32, 96
4.33, 96
4.33, 96
4.34, 96
4.34, 96
4.34, 96
4.34, 96
4.35, 96
4.35, 96
4.36, 96
4.36, 96
4.36, 96
4.36, 96
4.41, 96
4.41, 96
4.41, 96
4.41, 96
4.41, 96
4.49, 96
4.49, 96
4.49, 96
4.49, 96
4.49, 96
4.49, 96
4.50, 96
4.50, 96
4.50, 96
4.68, 96
5.03, 96
5.13, 96
5.13, 96
5.13, 96
5.13, 96
5.14, 96
5.15, 96
5.15, 96
5.15, 96
5.15, 96
5.15, 96
5.15, 96
5.15, 96
5.17, 96
5.17, 96
5.26, 96
5.26, 96
5.26, 96
5.26, 96
5.26, 96
5.26, 96
5.37, 96
5.37, 96
5.37, 96
5.40, 96
5.41, 96
5.54, 96
5.54, 96
5.54, 96
5.54, 96
5.55, 96
5.56, 96
5.57, 96
5.58, 96
5.61, 96
5.62, 96
5.62, 96
5.62, 96
5.62, 96
5.63, 96
5.63, 96
5.63, 96
5.63, 96
5.63, 96
5.63, 96
5.63, 96
5.66, 96
5.66, 96
5.70, 96
5.70, 96
5.70, 96
5.70, 96
5.70, 96
5.71, 96
5.71, 96
5.75, 96
5.75, 96
5.75, 96
5.75, 96
5.75, 96
5.76, 96
5.80, 96
5.80, 96
5.80, 96
5.80, 96
5.80, 96
5.83, 96
5.83, 96
5.86, 96
5.88, 96
5.88, 96
5.88, 96
5.88, 96
5.89, 96
5.89, 96
5.93, 96
5.93, 96
5.93, 96
5.94, 96
5.94, 96
5.94, 96
5.94, 96
5.94, 96
5.94, 96
5.94, 96
5.94, 96
5.94, 96
5.94, 96
5.98, 96
5.98, 96
5.99, 96
5.99, 96
5.99, 96
6.00, 96
6.00, 96
6.47, 96
6.47, 96
6.47, 96
6.48, 96
6.49, 96
6.49, 96
6.49, 96
6.49, 96
6.50, 96
6.51, 96
6.54, 96
6.54, 96
6.59, 96
6.59, 96
6.60, 96
6.61, 96
6.61, 96
6.61, 96
6.61, 96
6.83, 96
6.83, 96
6.83, 96
6.84, 96
6.84, 96
6.84, 96
6.84, 96
6.84, 96
6.85, 96
6.85, 96
6.85, 96
6.86, 96
6.86, 96
6.86, 96
6.96, 96
6.97, 96
6.98, 96
6.98, 96
6.98, 96
6.98, 96
6.98, 96
6.99, 96
6.99, 96
6.99, 96
6.99, 96
6.99, 96
6.99, 96
7.02, 96
7.02, 96
7.02, 96
7.03, 96
7.14, 96
7.24, 96
7.24, 96
7.24, 96
7.24, 96
7.24, 96
7.39, 96
7.41, 96
7.54, 96
7.54, 96
7.54, 96
7.65, 96
7.65, 96
8.34, 96
8.74, 96
8.80, 96
8.80, 96
9.30, 96
9.45, 96
9.45, 96
9.48, 96
9.48, 96
9.70, 96
9.70, 96
9.99, 96
10.21, 96
10.30, 96
10.30, 96
10.30, 96
10.49, 96
10.51, 96
10.78, 96
10.78, 96
11.03, 96
11.13, 96
11.14, 96
11.19, 96
11.19, 96
11.19, 96
11.24, 96
11.24, 96
11.27, 96
11.27, 96
11.27, 96
11.27, 96
11.27, 96
11.27, 96
11.28, 96
11.28, 96
11.29, 96
11.29, 96
11.29, 96
11.29, 96
11.29, 96
11.29, 96
11.30, 96
11.30, 96
11.34, 96
11.34, 96
11.40, 96
11.41, 96
11.41, 96
11.41, 96
11.41, 96
11.42, 96
11.42, 96
11.42, 96
11.42, 96
11.47, 96
11.53, 96
11.53, 96
11.53, 96
11.53, 96
11.53, 96
11.53, 96
11.61, 96
11.71, 96
11.72, 96
11.72, 96
11.72, 96
11.72, 96
11.72, 96
11.72, 96
11.72, 96
11.72, 96
11.72, 96
11.73, 96
11.75, 96
11.75, 96
11.75, 96
11.77, 96
11.77, 96
11.84, 96
11.84, 96
11.88, 96
11.88, 96
11.89, 96
11.90, 96
11.91, 96
11.91, 96
11.97, 96
11.97, 96
11.97, 96
11.97, 96
11.97, 96
11.98, 96
11.98, 96
11.98, 96
11.98, 96
11.98, 96
11.98, 96
11.98, 96
11.98, 96
12.21, 96
12.21, 96
12.58, 96
12.64, 96
12.65, 96
12.66, 96
12.66, 96
12.71, 96
12.72, 96
12.73, 96
12.73, 96
13.07, 96
13.08, 96
13.08, 96
13.08, 96
13.26, 96
13.26, 96
13.26, 96
13.26, 96
13.26, 96
13.26, 96
13.27, 96
13.27, 96
13.27, 96
13.27, 96
13.27, 96
13.31, 96
13.32, 96
13.32, 96
13.32, 96
13.33, 96
13.33, 96
13.33, 96
13.33, 96
13.33, 96
13.33, 96
13.33, 96
13.33, 96
13.34, 96
13.34, 96
13.34, 96
14.21, 96
14.22, 96
14.22, 96
14.22, 96
14.22, 96
14.22, 96
14.22, 96
14.23, 96
14.23, 96
14.24, 96
14.24, 96
14.24, 96
14.24, 96
14.24, 96
14.36, 96
14.36, 96
14.51, 96
14.51, 96
14.51, 96
14.53, 96
14.57, 96
14.57, 96
14.57, 96
14.57, 96
14.57, 96
14.58, 96
14.58, 96
14.58, 96
14.58, 96
14.58, 96
14.60, 96
14.60, 96
14.60, 96
14.63, 96
14.63, 96
14.63, 96
14.63, 96
14.64, 96
14.64, 96
14.73, 96
14.73, 96
14.74, 96
14.74, 96
14.76, 96
14.76, 96
14.76, 96
14.78, 96
14.79, 96
14.79, 96
15.23, 96
15.24, 96
15.24, 96
15.24, 96
15.24, 96
15.24, 96
15.24, 96
15.24, 96
15.25, 96
15.25, 96
15.25, 96
15.62, 96
15.62, 96
15.62, 96
15.62, 96
15.76, 96
15.76, 96
15.94, 96
15.94, 96
15.94, 96
15.94, 96
16.01, 96
16.20, 96
16.21, 96
16.21, 96
16.21, 96
16.21, 96
16.22, 96
16.22, 96
16.22, 96
16.22, 96
16.23, 96
16.46, 96
16.46, 96
16.46, 96
16.46, 96
16.46, 96
16.47, 96
16.47, 96
16.51, 96
16.51, 96
16.51, 96
16.51, 96
16.52, 96
16.52, 96
16.52, 96
16.52, 96
16.52, 96
16.52, 96
16.52, 96
16.52, 96
16.52, 96
16.60, 96
16.61, 96
16.61, 96
16.64, 96
16.64, 96
16.64, 96
16.65, 96
16.65, 96
16.65, 96
16.65, 96
16.65, 96
16.65, 96
16.65, 96
16.66, 96
16.66, 96
16.91, 96
16.91, 96
16.94, 96
16.94, 96
16.94, 96
16.97, 96
16.97, 96
16.98, 96
16.98, 96
16.98, 96
17.04, 96
17.04, 96
17.04, 96
17.04, 96
17.21, 96
17.21, 96
17.21, 96
17.21, 96
17.21, 96
17.21, 96
17.22, 96
17.22, 96
17.23, 96
17.40, 96
17.43, 96
17.43, 96
17.43, 96
17.46, 96
17.46, 96
17.48, 96
17.75, 96
17.86, 96
17.87, 96
17.87, 96
18.23, 96
18.23, 96
18.38, 96
18.38, 96
18.38, 96
18.38, 96
18.38, 96
18.39, 96
18.39, 96
18.39, 96
18.39, 96
18.40, 96
18.40, 96
18.40, 96
18.66, 96
18.66, 96
18.66, 96
18.66, 96
18.66, 96
18.66, 96
18.66, 96
18.66, 96
18.67, 96
18.71, 96
18.71, 96
18.71, 96
18.71, 96
18.89, 96
18.89, 96
18.89, 96
18.89, 96
18.90, 96
18.90, 96
18.90, 96
18.90, 96
18.91, 96
18.91, 96
18.91, 96
18.91, 96
18.91, 96
18.93, 96
19.00, 96
19.00, 96
19.00, 96
19.00, 96
19.00, 96
19.03, 96
19.03, 96
19.06, 96
19.07, 96
19.07, 96
19.11, 96
19.11, 96
19.17, 96
19.19, 96
19.19, 96
19.19, 96
19.46, 96
19.46, 96
19.61, 96
19.63, 96
19.64, 96
19.64, 96
19.64, 96
19.64, 96
19.65, 96
19.65, 96
19.65, 96
19.65, 96
19.73, 96
19.73, 96
19.74, 96
19.78, 96
19.90, 96
19.90, 96
19.90, 96
19.91, 96
19.92, 96
19.92, 96
19.92, 96
19.92, 96
19.95, 96
19.99, 96
19.99, 96
19.99, 96
19.99, 96
20.05, 96
20.18, 96
20.38, 96
20.38, 96
20.38, 96
20.38, 96
20.38, 96
20.38, 96
20.58, 96
20.58, 96
20.79, 96
20.79, 96
20.79, 96
20.79, 96
20.80, 96
20.92, 96
20.96, 96
20.97, 96
20.98, 96
20.99, 96
20.99, 96
20.99, 96
21.11, 96
21.13, 96
21.14, 96
21.14, 96
21.15, 96
21.16, 96
21.16, 96
21.16, 96
21.16, 96
21.16, 96
21.23, 96
21.30, 96
21.30, 96
21.30, 96
21.30, 96
21.32, 96
21.32, 96
21.33, 96
21.33, 96
21.35, 96
21.35, 96
21.41, 96
21.72, 96
21.87, 96
21.88, 96
21.88, 96
21.89, 96
21.91, 96
21.91, 96
21.92, 96
21.92, 96
21.94, 96
21.94, 96
21.94, 96
21.95, 96
21.99, 96
22.04, 96
22.35, 96
22.35, 96
22.61, 96
22.61, 96
22.61, 96
22.62, 96
22.62, 96
22.63, 96
22.65, 96
22.65, 96
22.65, 96
22.65, 96
22.65, 96
22.66, 96
22.66, 96
22.66, 96
22.66, 96
22.80, 96
22.80, 96
22.91, 96
22.91, 96
22.97, 96
22.97, 96
22.97, 96
22.97, 96
22.98, 96
22.98, 96
22.98, 96
22.98, 96
22.99, 96
23.32, 96
23.33, 96
23.33, 96
23.34, 96
23.34, 96
23.34, 96
23.34, 96
23.34, 96
23.44, 96
23.45, 96
23.45, 96
23.45, 96
23.52, 96
23.52, 96
23.52, 96
23.52, 96
23.52, 96
23.55, 96
23.55, 96
23.56, 96
23.56, 96
23.56, 96
23.56, 96
23.56, 96
23.61, 96
23.61, 96
23.61, 96
23.77, 96
23.77, 96
23.82, 96
23.83, 96
23.83, 96
23.96, 96
24.36, 96
24.36, 96
24.36, 96
24.37, 96
24.38, 96
24.38, 96
24.38, 96
24.42, 96
24.42, 96
24.42, 96
24.42, 96
24.42, 96
24.47, 96
24.47, 96
24.47, 96
24.49, 96
24.67, 96
24.67, 96
24.67, 96
24.67, 96
24.67, 96
24.67, 96
24.67, 96
24.67, 96
25.00, 96
25.27, 96
25.27, 96
25.32, 96
25.32, 96
25.61, 96
25.61, 96
25.61, 96
25.62, 96
25.62, 96
25.62, 96
25.62, 96
25.62, 96
25.62, 96
25.63, 96
25.66, 96
25.68, 96
25.79, 96
25.83, 96
25.83, 96
25.83, 96
25.83, 96
25.84, 96
25.84, 96
25.84, 96
25.84, 96
25.84, 96
25.84, 96
25.85, 96
25.85, 96
25.85, 96
25.85, 96
25.85, 96
25.85, 96
25.86, 96
25.92, 96
25.94, 96
25.94, 96
26.02, 96
26.02, 96
26.03, 96
26.03, 96
26.03, 96
26.05, 96
26.05, 96
26.11, 96
26.12, 96
26.12, 96
26.12, 96
26.49, 96
26.49, 96
26.49, 96
26.49, 96
26.52, 96
26.60, 96
26.60, 96
26.60, 96
26.60, 96
26.60, 96
26.60, 96
26.77, 96
26.78, 96
26.79, 96
26.80, 96
26.80, 96
26.83, 96
26.93, 96
26.93, 96
26.93, 96
27.18, 96
27.18, 96
27.18, 96
27.18, 96
27.30, 96
27.30, 96
27.30, 96
27.31, 96
27.31, 96
27.31, 96
27.40, 96
27.40, 96
27.40, 96
27.40, 96
27.40, 96
27.40, 96
27.40, 96
27.40, 96
27.40, 96
27.41, 96
27.41, 96
27.42, 96
27.42, 96
27.42, 96
27.42, 96
27.42, 96
27.42, 96
27.42, 96
27.43, 96
27.43, 96
27.43, 96
27.45, 96
27.45, 96
27.45, 96
27.47, 96
27.73, 96
28.11, 96
28.11, 96
28.11, 96
28.11, 96
28.12, 96
28.12, 96
28.16, 96
28.16, 96
28.17, 96
28.17, 96
28.17, 96
28.33, 96
28.33, 96
28.33, 96
28.34, 96
28.56, 96
28.56, 96
28.56, 96
28.58, 96
28.58, 96
28.58, 96
28.72, 96
29.02, 96
29.03, 96
29.03, 96
29.04, 96
29.04, 96
29.06, 96
29.06, 96
29.06, 96
29.08, 96
29.08, 96
29.13, 96
29.13, 96
29.14, 96
29.15, 96
29.15, 96
29.15, 96
29.15, 96
29.16, 96
29.17, 96
29.17, 96
29.25, 96
29.25, 96
29.25, 96
29.25, 96
29.25, 96
29.25, 96
29.51, 96
29.51, 96
29.52, 96
29.52, 96
29.65, 96
29.75, 96
29.75, 96
29.76, 96
29.77, 96
29.77, 96
29.77, 96
29.77, 96
29.77, 96
29.77, 96
29.77, 96
29.77, 96
29.77, 96
30.04, 96
30.17, 96
30.17, 96
30.17, 96
30.17, 96
30.18, 96
30.18, 96
30.18, 96
30.18, 96
30.18, 96
30.18, 96
30.25, 96
30.25, 96
30.29, 96
30.29, 96
30.29, 96
30.29, 96
30.29, 96
30.29, 96
30.30, 96
30.30, 96
30.31, 96
30.33, 96
30.33, 96
30.33, 96
30.33, 96
30.46, 96
30.47, 96
30.47, 96
30.47, 96
30.47, 96
30.51, 96
30.51, 96
30.51, 96
30.51, 96
30.51, 96
30.52, 96
30.52, 96
30.59, 96
30.60, 96
30.60, 96
30.61, 96
30.61, 96
30.72, 96
30.73, 96
30.73, 96
30.73, 96
31.20, 96
31.20, 96
31.20, 96
31.20, 96
31.20, 96
31.27, 96
31.27, 96
31.27, 96
31.27, 96
31.35, 96
31.35, 96
31.35, 96
31.37, 96
31.37, 96
31.38, 96
31.42, 96
31.43, 96
31.43, 96
31.43, 96
31.48, 96
31.48, 96
31.48, 96
31.48, 96
31.48, 96
31.49, 96
31.50, 96
31.51, 96
31.51, 96
31.51, 96
31.52, 96
31.52, 96
31.53, 96
31.53, 96
31.53, 96
31.53, 96
31.80, 96
31.80, 96
31.81, 96
31.81, 96
31.81, 96
31.81, 96
31.81, 96
31.81, 96
31.81, 96
31.82, 96
31.84, 96
31.84, 96
31.86, 96
31.87, 96
31.87, 96
32.01, 96
32.01, 96
32.02, 96
32.65, 96
32.71, 96
32.94, 96
32.94, 96
32.94, 96
33.03, 96
33.03, 96
33.03, 96
33.04, 96
33.04, 96
33.04, 96
33.04, 96
33.41, 96
33.41, 96
33.45, 96
33.45, 96
33.45, 96
33.54, 96
33.54, 96
33.54, 96
33.55, 96
33.55, 96
33.55, 96
33.56, 96
33.56, 96
33.56, 96
33.56, 96
33.56, 96
33.56, 96
33.56, 96
33.57, 96
33.57, 96
33.57, 96
33.57, 96
33.67, 96
33.67, 96
33.67, 96
33.68, 96
33.68, 96
33.68, 96
33.69, 96
33.69, 96
33.70, 96
33.70, 96
33.70, 96
33.70, 96
33.74, 96
33.74, 96
33.80, 96
33.80, 96
33.80, 96
33.80, 96
33.80, 96
33.91, 96
33.91, 96
33.91, 96
33.92, 96
33.94, 96
33.94, 96
33.94, 96
34.01, 96
34.01, 96
34.01, 96
34.02, 96
34.02, 96
34.02, 96
34.08, 96
34.08, 96
34.08, 96
34.09, 96
34.09, 96
34.09, 96
34.12, 96
34.12, 96
34.12, 96
34.12, 96
34.12, 96
34.13, 96
34.13, 96
34.16, 96
34.18, 96
34.23, 96
34.25, 96
34.25, 96
34.25, 96
34.25, 96
34.25, 96
34.25, 96
34.25, 96
34.25, 96
34.26, 96
34.26, 96
34.26, 96
34.39, 96
34.39, 96
34.39, 96
34.51, 96
34.51, 96
34.51, 96
34.51, 96
34.53, 96
34.60, 96
34.62, 96
34.62, 96
34.62, 96
34.97, 96
34.99, 96
34.99, 96
35.37, 96
35.37, 96
35.38, 96
35.38, 96
35.38, 96
35.38, 96
35.51, 96
35.52, 96
35.52, 96
35.53, 96
35.53, 96
35.53, 96
35.57, 96
35.58, 96
35.58, 96
35.58, 96
35.59, 96
35.59, 96
35.61, 96
35.61, 96
35.61, 96
35.61, 96
35.98, 96
35.99, 96
35.99, 96
35.99, 96
35.99, 96
36.23, 96
36.23, 96
36.24, 96
36.67, 96
36.67, 96
36.67, 96
36.67, 96
36.67, 96
36.74, 96
36.74, 96
36.78, 96
36.78, 96
36.78, 96
36.78, 96
36.79, 96
36.79, 96
36.79, 96
36.79, 96
36.79, 96
36.79, 96
36.88, 96
36.88, 96
36.94, 96
36.94, 96
36.94, 96
36.95, 96
36.95, 96
36.95, 96
37.02, 96
37.02, 96
37.02, 96
37.02, 96
37.02, 96
37.02, 96
37.03, 96
37.03, 96
37.11, 96
37.11, 96
37.12, 96
37.12, 96
37.12, 96
37.23, 96
37.23, 96
37.24, 96
37.24, 96
37.24, 96
37.24, 96
37.24, 96
37.24, 96
37.24, 96
37.27, 96
37.27, 96
37.27, 96
37.29, 96
37.29, 96
37.29, 96
37.29, 96
37.30, 96
37.30, 96
37.30, 96
37.30, 96
37.30, 96
37.30, 96
37.30, 96
37.33, 96
37.34, 96
37.34, 96
37.34, 96
37.37, 96
37.37, 96
37.58, 96
37.58, 96
37.59, 96
37.59, 96
37.59, 96
37.60, 96
37.72, 96
37.72, 96
37.73, 96
37.75, 96
37.81, 96
37.82, 96
37.82, 96
37.82, 96
37.82, 96
37.84, 96
37.84, 96
37.87, 96
37.88, 96
37.88, 96
37.89, 96
37.89, 96
37.89, 96
37.89, 96
37.89, 96
37.89, 96
37.90, 96
37.90, 96
37.90, 96
38.05, 96
38.06, 96
38.06, 96
38.06, 96
38.06, 96
38.07, 96
38.07, 96
38.07, 96
38.07, 96
38.07, 96
38.07, 96
38.07, 96
38.08, 96
38.08, 96
38.09, 96
38.09, 96
38.28, 96
38.29, 96
38.29, 96
38.33, 96
38.33, 96
38.33, 96
38.36, 96
38.36, 96
38.54, 96
38.54, 96
38.54, 96
38.54, 96
38.54, 96
38.57, 96
38.57, 96
38.57, 96
38.57, 96
38.57, 96
38.57, 96
38.58, 96
38.58, 96
38.58, 96
38.58, 96
38.67, 96
38.67, 96
38.67, 96
38.72, 96
38.72, 96
38.73, 96
38.73, 96
38.73, 96
38.73, 96
38.73, 96
38.74, 96
38.74, 96
38.74, 96
38.74, 96
38.81, 96
38.82, 96
38.82, 96
39.11, 96
39.12, 96
39.12, 96
39.12, 96
39.18, 96
39.18, 96
39.20, 96
39.20, 96
39.24, 96
39.36, 96
39.36, 96
39.36, 96
39.37, 96
39.44, 96
39.44, 96
39.44, 96
39.45, 96
39.45, 96
39.45, 96
39.48, 96
39.48, 96
39.48, 96
39.48, 96
39.48, 96
39.70, 96
39.70, 96
39.71, 96
39.71, 96
39.71, 96
39.71, 96
40.50, 96
40.50, 96
40.64, 96
40.64, 96
40.64, 96
40.64, 96
40.64, 96
40.64, 96
40.65, 96
40.65, 96
40.65, 96
40.81, 96
40.82, 96
40.82, 96
40.82, 96
40.86, 96
40.87, 96
40.87, 96
40.88, 96
41.02, 96
41.02, 96
41.02, 96
41.03, 96
41.03, 96
41.03, 96
41.03, 96
41.03, 96
41.03, 96
41.04, 96
41.04, 96
41.04, 96
41.04, 96
41.04, 96
41.05, 96
41.05, 96
41.05, 96
41.05, 96
41.05, 96
41.06, 96
41.07, 96
41.07, 96
41.08, 96
41.08, 96
41.08, 96
41.16, 96
41.16, 96
41.16, 96
41.17, 96
41.17, 96
41.17, 96
41.25, 96
41.27, 96
41.27, 96
41.28, 96
41.28, 96
41.28, 96
41.28, 96
41.29, 96
41.44, 96
41.58, 96
41.58, 96
41.58, 96
41.64, 96
41.69, 96
41.71, 96
41.74, 96
41.75, 96
41.75, 96
41.75, 96
41.75, 96
41.76, 96
41.76, 96
41.76, 96
41.76, 96
41.76, 96
41.77, 96
41.77, 96
41.78, 96
41.97, 96
41.97, 96
41.97, 96
41.98, 96
41.98, 96
42.02, 96
42.04, 96
42.05, 96
42.05, 96
42.05, 96
42.11, 96
42.11, 96
42.11, 96
42.12, 96
42.12, 96
42.13, 96
42.13, 96
42.13, 96
42.13, 96
42.18, 96
42.30, 96
42.79, 96
42.79, 96
42.79, 96
42.79, 96
42.79, 96
42.79, 96
42.80, 96
42.81, 96
42.81, 96
42.87, 96
42.87, 96
42.88, 96
42.88, 96
42.99, 96
42.99, 96
42.99, 96
43.00, 96
43.01, 96
43.12, 96
43.13, 96
43.19, 96
43.19, 96
43.19, 96
43.19, 96
43.19, 96
43.19, 96
43.20, 96
43.20, 96
43.20, 96
43.20, 96
43.21, 96
43.21, 96
43.21, 96
43.21, 96
43.26, 96
43.26, 96
43.64, 96
43.64, 96
43.64, 96
43.64, 96
43.65, 96
43.65, 96
43.65, 96
43.65, 96
43.65, 96
43.68, 96
43.78, 96
43.92, 96
43.92, 96
43.92, 96
43.92, 96
43.92, 96
43.92, 96
43.92, 96
43.93, 96
43.93, 96
43.93, 96
43.93, 96
43.93, 96
43.93, 96
43.93, 96
43.94, 96
43.94, 96
43.95, 96
43.96, 96
43.96, 96
43.96, 96
44.07, 96
44.08, 96
44.34, 96
44.41, 96
44.41, 96
44.44, 96
44.45, 96
44.45, 96
44.45, 96
44.45, 96
44.80, 96
44.80, 96
44.90, 96
44.90, 96
44.91, 96
44.91, 96
44.94, 96
44.94, 96
44.95, 96
44.95, 96
44.95, 96
44.95, 96
45.11, 96
45.11, 96
45.12, 96
45.16, 96
45.88, 96
45.88, 96
45.89, 96
45.89, 96
45.92, 96
45.93, 96
46.05, 96
46.05, 96
46.05, 96
46.05, 96
46.05, 96
46.18, 96
46.19, 96
46.22, 96
46.22, 96
46.22, 96
46.22, 96
46.22, 96
46.25, 96
46.25, 96
46.25, 96
46.25, 96
46.27, 96
46.27, 96
46.27, 96
46.27, 96
46.27, 96
46.27, 96
46.58, 96
46.58, 96
46.58, 96
46.58, 96
46.59, 96
46.59, 96
46.65, 96
46.65, 96
46.74, 96
46.74, 96
46.74, 96
46.83, 96
46.83, 96
46.84, 96
46.96, 96
46.96, 96
47.16, 96
47.19, 96
47.19, 96
47.19, 96
47.30, 96
47.30, 96
47.31, 96
47.61, 96
47.63, 96
47.64, 96
47.66, 96
47.66, 96
47.66, 96
47.66, 96
47.66, 96
47.81, 96
47.81, 96
47.81, 96
47.82, 96
48.29, 96
48.35, 96
48.35, 96
48.45, 96
48.45, 96
48.48, 96
48.54, 96
48.54, 96
48.54, 96
48.54, 96
48.54, 96
48.58, 96
48.58, 96
48.59, 96
48.74, 96
48.74, 96
48.74, 96
48.86, 96
48.86, 96
48.86, 96
48.88, 96
48.88, 96
48.88, 96
48.96, 96
48.99, 96
48.99, 96
49.03, 96
49.03, 96
49.03, 96
49.03, 96
49.04, 96
49.25, 96
49.43, 96
49.46, 96
49.46, 96
49.50, 96
49.54, 96
49.54, 96
49.54, 96
49.54, 96
49.55, 96
49.55, 96
49.55, 96
49.55, 96
49.77, 96
49.77, 96
49.81, 96
49.81, 96
49.81, 96
49.81, 96
49.82, 96
49.89, 96
49.89, 96
49.89, 96
49.89, 96
49.90, 96
49.91, 96
49.91, 96
49.91, 96
49.93, 96
50.34, 96
50.45, 96
50.46, 96
50.46, 96
50.46, 96
50.47, 96
50.47, 96
50.47, 96
50.58, 96
50.59, 96
50.59, 96
50.59, 96
50.60, 96
50.60, 96
50.60, 96
50.61, 96
50.88, 96
50.88, 96
50.89, 96
50.89, 96
50.89, 96
51.10, 96
51.10, 96
51.10, 96
51.10, 96
51.26, 96
51.26, 96
51.58, 96
51.58, 96
51.59, 96
51.59, 96
51.66, 96
51.66, 96
51.86, 96
51.86, 96
51.86, 96
51.87, 96
51.87, 96
51.87, 96
51.87, 96
51.87, 96
51.88, 96
51.88, 96
51.88, 96
51.88, 96
51.88, 96
51.91, 96
51.92, 96
51.92, 96
51.92, 96
51.92, 96
52.05, 96
52.09, 96
52.09, 96
52.09, 96
52.55, 96
52.60, 96
52.61, 96
52.69, 96
52.70, 96
52.70, 96
52.71, 96
52.71, 96
52.74, 96
52.74, 96
52.74, 96
52.74, 96
52.74, 96
52.75, 96
52.75, 96
52.75, 96
52.75, 96
52.93, 96
53.09, 96
53.09, 96
53.15, 96
53.16, 96
53.16, 96
53.16, 96
53.32, 96
53.68, 96
53.71, 96
53.71, 96
53.72, 96
53.72, 96
54.16, 96
54.17, 96
54.18, 96
54.18, 96
54.22, 96
54.22, 96
54.22, 96
54.22, 96
54.24, 96
54.24, 96
54.24, 96
54.24, 96
54.25, 96
54.25, 96
54.25, 96
54.25, 96
54.26, 96
54.26, 96
54.26, 96
54.42, 96
54.42, 96
54.42, 96
54.43, 96
54.43, 96
54.43, 96
54.43, 96
54.43, 96
54.45, 96
54.59, 96
54.59, 96
54.59, 96
54.63, 96
54.63, 96
54.64, 96
54.82, 96
54.82, 96
54.82, 96
54.82, 96
54.82, 96
54.83, 96
54.85, 96
54.85, 96
55.11, 96
55.11, 96
55.11, 96
55.11, 96
55.11, 96
55.31, 96
55.32, 96
55.32, 96
55.33, 96
55.33, 96
55.33, 96
55.43, 96
55.44, 96
55.46, 96
55.46, 96
55.46, 96
55.46, 96
55.51, 96
55.51, 96
55.81, 96
55.82, 96
56.45, 96
56.45, 96
56.49, 96
56.49, 96
56.49, 96
56.49, 96
56.49, 96
56.50, 96
56.64, 96
56.64, 96
56.81, 96
56.81, 96
56.93, 96
56.93, 96
56.93, 96
56.93, 96
56.96, 96
56.96, 96
56.97, 96
56.97, 96
56.97, 96
56.97, 96
56.97, 96
56.97, 96
56.97, 96
56.97, 96
56.98, 96
56.98, 96
57.00, 96
57.00, 96
57.00, 96
57.00, 96
57.00, 96
57.10, 96
57.11, 96
57.11, 96
57.12, 96
57.20, 96
57.20, 96
57.20, 96
57.21, 96
57.21, 96
57.24, 96
57.27, 96
57.27, 96
57.27, 96
57.27, 96
57.28, 96
57.31, 96
57.37, 96
57.38, 96
57.52, 96
57.52, 96
57.52, 96
57.53, 96
57.53, 96
57.53, 96
57.53, 96
57.53, 96
57.53, 96
57.57, 96
57.60, 96
57.60, 96
57.60, 96
57.60, 96
57.61, 96
57.75, 96
57.76, 96
57.98, 96
57.99, 96
57.99, 96
58.17, 96
58.19, 96
58.22, 96
58.22, 96
58.22, 96
58.22, 96
58.22, 96
58.23, 96
58.23, 96
58.24, 96
58.24, 96
58.33, 96
58.33, 96
58.33, 96
58.33, 96
58.33, 96
58.34, 96
58.34, 96
58.34, 96
58.34, 96
58.34, 96
58.34, 96
58.34, 96
58.46, 96
58.49, 96
58.49, 96
58.49, 96
58.49, 96
58.49, 96
58.49, 96
58.49, 96
58.62, 96
58.62, 96
59.17, 96
59.17, 96
59.17, 96
59.17, 96
59.18, 96
59.20, 96
59.20, 96
59.36, 96
59.36, 96
59.36, 96
59.36, 96
59.37, 96
59.37, 96
59.37, 96
59.37, 96
59.39, 96
59.40, 96
59.40, 96
59.40, 96
59.40, 96
59.59, 96
59.65, 96
59.66, 96
59.67, 96
59.67, 96
59.67, 96
59.67, 96
59.68, 96
59.68, 96
59.68, 96
59.68, 96
59.68, 96
59.68, 96
59.82, 96
59.82, 96
59.82, 96
59.82, 96
59.83, 96
59.83, 96
59.83, 96
59.83, 96
59.83, 96
59.84, 96
59.87, 96
59.88, 96
59.88, 96
59.89, 96
59.94, 96
59.97, 96
59.97, 96
59.97, 96
59.98, 96
59.98, 96
59.98, 96
60.00, 96
60.00, 96
60.01, 96
60.01, 96
60.02, 96
60.75, 96
60.75, 96
61.22, 96
61.22, 96
61.23, 96
61.23, 96
61.41, 96
61.42, 96
61.53, 96
61.54, 96
61.57, 96
61.65, 96
61.65, 96
61.68, 96
61.68, 96
61.68, 96
61.68, 96
61.68, 96
62.07, 96
62.07, 96
62.08, 96
62.08, 96
62.08, 96
62.50, 96
62.50, 96
62.50, 96
62.84, 96
62.85, 96
62.86, 96
62.86, 96
62.99, 96
63.26, 96
63.33, 96
63.34, 96
63.34, 96
63.34, 96
63.35, 96
63.35, 96
63.35, 96
63.35, 96
63.35, 96
63.45, 96
63.45, 96
63.45, 96
63.45, 96
63.46, 96
63.47, 96
63.47, 96
63.47, 96
63.48, 96
63.48, 96
63.53, 96
63.56, 96
63.56, 96
63.56, 96
63.56, 96
64.29, 96
64.61, 96
64.61, 96
64.63, 96
64.64, 96
64.64, 96
64.66, 96
64.90, 96
64.90, 96
64.90, 96
64.90, 96
64.91, 96
64.96, 96
64.96, 96
64.96, 96
64.99, 96
65.00, 96
65.00, 96
65.00, 96
65.01, 96
65.01, 96
65.01, 96
65.03, 96
65.10, 96
65.10, 96
65.21, 96
65.21, 96
65.22, 96
65.22, 96
65.23, 96
65.23, 96
65.23, 96
65.29, 96
65.33, 96
65.33, 96
65.33, 96
65.33, 96
65.33, 96
65.58, 96
65.59, 96
65.95, 96
65.97, 96
66.02, 96
66.02, 96
66.02, 96
66.02, 96
66.02, 96
66.02, 96
66.02, 96
66.02, 96
66.02, 96
66.03, 96
66.03, 96
66.03, 96
66.03, 96
66.03, 96
66.03, 96
66.04, 96
66.04, 96
66.04, 96
66.05, 96
66.05, 96
66.05, 96
66.05, 96
66.05, 96
66.07, 96
66.09, 96
66.09, 96
66.10, 96
66.10, 96
66.10, 96
66.10, 96
66.14, 96
66.14, 96
66.15, 96
66.23, 96
66.23, 96
66.23, 96
66.23, 96
66.23, 96
66.23, 96
66.23, 96
66.24, 96
66.42, 96
66.42, 96
66.42, 96
66.60, 96
66.63, 96
66.76, 96
66.76, 96
66.77, 96
66.78, 96
66.78, 96
66.86, 96
66.87, 96
66.87, 96
66.87, 96
66.87, 96
66.87, 96
66.87, 96
66.88, 96
66.93, 96
66.93, 96
66.93, 96
66.94, 96
66.94, 96
66.95, 96
66.96, 96
66.96, 96
66.96, 96
66.96, 96
67.04, 96
67.04, 96
67.05, 96
67.05, 96
67.05, 96
67.05, 96
67.05, 96
67.05, 96
67.05, 96
67.05, 96
67.13, 96
67.13, 96
67.14, 96
67.15, 96
67.15, 96
67.17, 96
67.19, 96
67.21, 96
67.21, 96
67.21, 96
67.21, 96
67.22, 96
67.22, 96
67.22, 96
67.22, 96
67.49, 96
67.50, 96
67.53, 96
67.54, 96
67.54, 96
67.54, 96
67.54, 96
67.54, 96
67.55, 96
67.55, 96
67.55, 96
67.55, 96
67.55, 96
67.55, 96
67.59, 96
67.59, 96
67.60, 96
67.63, 96
67.63, 96
67.65, 96
67.65, 96
67.65, 96
67.67, 96
67.68, 96
67.68, 96
67.68, 96
67.68, 96
67.68, 96
67.68, 96
67.68, 96
67.68, 96
67.68, 96
67.69, 96
67.69, 96
67.73, 96
67.73, 96
67.74, 96
67.79, 96
67.91, 96
67.91, 96
67.91, 96
67.98, 96
67.99, 96
68.00, 96
68.00, 96
68.00, 96
68.00, 96
68.00, 96
68.14, 96
68.14, 96
68.17, 96
68.18, 96
68.19, 96
68.19, 96
68.20, 96
68.20, 96
68.20, 96
68.23, 96
68.23, 96
68.23, 96
68.52, 96
68.52, 96
68.54, 96
68.58, 96
68.58, 96
68.58, 96
68.58, 96
68.58, 96
68.64, 96
68.64, 96
68.64, 96
68.65, 96
68.65, 96
68.65, 96
68.83, 96
68.83, 96
68.83, 96
68.83, 96
68.83, 96
68.83, 96
68.84, 96
68.84, 96
68.84, 96
68.84, 96
68.84, 96
68.84, 96
68.86, 96
68.86, 96
68.86, 96
68.86, 96
68.86, 96
68.86, 96
68.89, 96
68.89, 96
68.93, 96
68.93, 96
68.94, 96
68.94, 96
69.39, 96
69.62, 96
69.62, 96
69.62, 96
69.62, 96
69.62, 96
69.62, 96
69.62, 96
69.85, 96
69.85, 96
69.85, 96
69.85, 96
70.02, 96
70.02, 96
70.02, 96
70.03, 96
70.03, 96
70.03, 96
70.03, 96
70.03, 96
70.03, 96
70.04, 96
70.04, 96
70.04, 96
70.04, 96
70.05, 96
70.05, 96
70.08, 96
70.08, 96
70.08, 96
70.16, 96
70.16, 96
70.25, 96
70.46, 96
70.46, 96
70.47, 96
70.47, 96
70.61, 96
70.78, 96
70.78, 96
70.79, 96
70.79, 96
70.80, 96
70.98, 96
70.98, 96
71.00, 96
71.02, 96
71.11, 96
71.11, 96
71.12, 96
71.12, 96
71.12, 96
71.12, 96
71.14, 96
71.14, 96
71.14, 96
71.15, 96
71.15, 96
71.15, 96
71.15, 96
71.15, 96
71.15, 96
71.30, 96
71.30, 96
71.30, 96
71.43, 96
71.97, 96
71.97, 96
71.98, 96
72.01, 96
72.01, 96
72.02, 96
72.09, 96
72.10, 96
72.13, 96
72.14, 96
72.26, 96
72.26, 96
72.27, 96
72.44, 96
72.57, 96
72.57, 96
72.57, 96
72.57, 96
72.60, 96
72.62, 96
72.62, 96
72.62, 96
72.62, 96
72.64, 96
72.84, 96
72.85, 96
72.85, 96
72.85, 96
72.85, 96
72.85, 96
72.85, 96
72.86, 96
72.86, 96
72.86, 96
72.86, 96
72.86, 96
72.87, 96
72.87, 96
72.87, 96
72.89, 96
72.89, 96
72.89, 96
72.89, 96
72.89, 96
72.90, 96
72.98, 96
72.98, 96
72.98, 96
72.99, 96
72.99, 96
72.99, 96
72.99, 96
73.05, 96
73.05, 96
73.05, 96
73.05, 96
73.05, 96
73.06, 96
73.06, 96
73.06, 96
73.06, 96
73.06, 96
73.07, 96
73.07, 96
73.07, 96
73.07, 96
73.07, 96
73.29, 96
73.29, 96
73.32, 96
73.33, 96
73.33, 96
73.33, 96
73.33, 96
73.33, 96
73.33, 96
73.33, 96
73.34, 96
73.34, 96
73.34, 96
73.34, 96
73.34, 96
73.34, 96
73.34, 96
73.65, 96
73.86, 96
73.86, 96
73.86, 96
73.86, 96
73.87, 96
73.87, 96
73.87, 96
73.87, 96
73.87, 96
74.16, 96
74.16, 96
74.16, 96
74.20, 96
74.25, 96
74.26, 96
74.26, 96
74.26, 96
74.26, 96
74.30, 96
74.30, 96
74.38, 96
74.74, 96
74.80, 96
74.81, 96
74.81, 96
74.81, 96
74.81, 96
74.81, 96
74.81, 96
74.81, 96
74.83, 96
74.83, 96
74.83, 96
74.97, 96
74.97, 96
74.98, 96
74.99, 96
75.00, 96
75.07, 96
75.07, 96
75.08, 96
75.08, 96
75.10, 96
75.10, 96
75.11, 96
75.11, 96
75.11, 96
75.24, 96
75.25, 96
75.25, 96
75.25, 96
75.26, 96
75.27, 96
75.27, 96
75.27, 96
75.27, 96
75.27, 96
75.27, 96
75.28, 96
75.28, 96
75.31, 96
75.32, 96
75.32, 96
75.33, 96
75.34, 96
75.34, 96
75.45, 96
75.45, 96
75.49, 96
75.71, 96
75.72, 96
75.72, 96
75.72, 96
75.72, 96
75.72, 96
75.72, 96
75.73, 96
75.73, 96
75.75, 96
76.04, 96
76.05, 96
76.05, 96
76.05, 96
76.05, 96
76.05, 96
76.08, 96
76.08, 96
76.08, 96
76.08, 96
76.08, 96
76.08, 96
76.08, 96
76.09, 96
76.09, 96
76.09, 96
76.09, 96
76.09, 96
76.09, 96
76.10, 96
76.10, 96
76.12, 96
76.14, 96
76.14, 96
76.14, 96
76.14, 96
76.22, 96
76.39, 96
76.39, 96
76.40, 96
76.40, 96
76.41, 96
76.41, 96
76.41, 96
76.41, 96
76.45, 96
76.46, 96
76.46, 96
76.69, 96
76.76, 96
76.92, 96
76.92, 96
76.93, 96
76.94, 96
77.06, 96
77.06, 96
77.11, 96
77.11, 96
77.12, 96
77.89, 96
77.89, 96
77.89, 96
77.89, 96
77.94, 96
78.10, 96
78.10, 96
78.10, 96
78.11, 96
78.16, 96
78.16, 96
78.17, 96
78.17, 96
78.17, 96
78.17, 96
78.22, 96
78.22, 96
78.24, 96
78.26, 96
78.26, 96
78.26, 96
78.26, 96
78.26, 96
78.27, 96
78.28, 96
78.49, 96
78.49, 96
78.49, 96
78.49, 96
78.58, 96
78.58, 96
78.58, 96
78.58, 96
78.66, 96
78.91, 96
78.92, 96
78.92, 96
78.92, 96
78.92, 96
78.93, 96
78.96, 96
78.96, 96
78.99, 96
78.99, 96
79.02, 96
79.23, 96
79.23, 96
79.24, 96
79.24, 96
79.24, 96
79.24, 96
79.26, 96
79.26, 96
79.54, 96
79.54, 96
79.54, 96
79.56, 96
79.58, 96
79.61, 96
79.80, 96
79.80, 96
79.80, 96
79.80, 96
79.80, 96
79.95, 96
80.15, 96
80.15, 96
80.16, 96
80.17, 96
80.17, 96
80.17, 96
80.17, 96
80.17, 96
80.23, 96
80.23, 96
80.24, 96
80.24, 96
80.24, 96
80.26, 96
80.74, 96
80.74, 96
80.74, 96
80.77, 96
80.77, 96
80.77, 96
80.78, 96
80.78, 96
80.78, 96
80.78, 96
80.78, 96
80.79, 96
80.79, 96
80.79, 96
80.79, 96
80.79, 96
80.79, 96
80.80, 96
80.81, 96
80.81, 96
80.81, 96
80.94, 96
80.94, 96
80.96, 96
80.96, 96
80.97, 96
81.24, 96
81.24, 96
81.24, 96
81.25, 96
81.25, 96
81.26, 96
81.26, 96
81.32, 96
81.33, 96
81.34, 96
81.34, 96
81.34, 96
81.34, 96
81.34, 96
81.35, 96
81.35, 96
81.35, 96
81.47, 96
81.47, 96
81.49, 96
81.51, 96
81.59, 96
81.59, 96
81.59, 96
81.59, 96
81.59, 96
81.59, 96
81.59, 96
81.59, 96
81.60, 96
81.60, 96
81.60, 96
81.60, 96
81.60, 96
81.62, 96
81.62, 96
81.62, 96
81.62, 96
81.62, 96
81.95, 96
82.63, 96
82.71, 96
82.71, 96
82.95, 96
82.95, 96
83.10, 96
83.10, 96
83.52, 96
83.52, 96
83.53, 96
83.53, 96
83.53, 96
83.53, 96
83.53, 96
83.53, 96
83.60, 96
83.60, 96
83.61, 96
83.61, 96
83.61, 96
83.61, 96
83.61, 96
83.61, 96
83.63, 96
83.63, 96
83.63, 96
83.63, 96
83.63, 96
83.63, 96
83.67, 96
83.67, 96
83.67, 96
83.67, 96
83.68, 96
83.69, 96
83.69, 96
83.69, 96
83.70, 96
83.70, 96
83.70, 96
83.74, 96
83.74, 96
83.74, 96
83.75, 96
83.77, 96
83.88, 96
84.02, 96
84.02, 96
84.03, 96
84.03, 96
84.16, 96
84.18, 96
84.19, 96
84.21, 96
84.22, 96
84.22, 96
84.22, 96
84.22, 96
84.22, 96
84.23, 96
84.23, 96
84.28, 96
84.32, 96
84.32, 96
84.32, 96
84.34, 96
84.34, 96
84.34, 96
84.63, 96
84.63, 96
84.63, 96
84.63, 96
84.63, 96
84.72, 96
84.72, 96
84.88, 96
84.88, 96
84.89, 96
84.89, 96
84.91, 96
84.91, 96
84.92, 96
84.92, 96
84.95, 96
84.95, 96
84.95, 96
84.95, 96
84.95, 96
84.96, 96
84.97, 96
85.02, 96
85.02, 96
85.02, 96
85.03, 96
85.03, 96
85.04, 96
85.05, 96
85.06, 96
85.06, 96
85.06, 96
85.81, 96
85.81, 96
85.81, 96
85.84, 96
85.84, 96
85.84, 96
85.84, 96
85.84, 96
85.84, 96
85.85, 96
85.85, 96
85.85, 96
85.86, 96
85.95, 96
86.33, 96
86.33, 96
86.37, 96
86.39, 96
86.40, 96
86.40, 96
86.40, 96
86.40, 96
86.40, 96
86.40, 96
86.52, 96
86.52, 96
86.53, 96
86.53, 96
86.53, 96
86.53, 96
86.54, 96
86.54, 96
86.54, 96
86.55, 96
86.55, 96
86.55, 96
86.55, 96
86.55, 96
86.55, 96
86.55, 96
86.56, 96
86.56, 96
86.56, 96
86.57, 96
86.57, 96
86.57, 96
86.57, 96
86.67, 96
86.75, 96
86.75, 96
86.76, 96
86.76, 96
86.76, 96
86.76, 96
86.77, 96
86.89, 96
86.89, 96
86.89, 96
86.89, 96
86.89, 96
86.89, 96
86.90, 96
86.90, 96
86.91, 96
87.06, 96
87.07, 96
87.07, 96
87.07, 96
87.07, 96
87.22, 96
87.22, 96
87.22, 96
87.22, 96
87.22, 96
87.24, 96
87.24, 96
87.24, 96
87.25, 96
87.25, 96
87.33, 96
87.33, 96
87.33, 96
87.33, 96
87.34, 96
87.34, 96
87.34, 96
87.34, 96
87.35, 96
87.35, 96
87.35, 96
87.37, 96
87.40, 96
87.40, 96
87.41, 96
87.41, 96
87.41, 96
87.41, 96
87.41, 96
87.44, 96
87.44, 96
87.44, 96
87.44, 96
87.44, 96
87.44, 96
87.58, 96
87.58, 96
87.58, 96
87.61, 96
87.63, 96
87.64, 96
87.64, 96
87.64, 96
87.64, 96
87.65, 96
87.72, 96
87.72, 96
87.72, 96
87.72, 96
88.32, 96
88.32, 96
88.32, 96
88.33, 96
88.34, 96
88.34, 96
88.44, 96
88.45, 96
88.45, 96
88.57, 96
88.79, 96
89.43, 96
89.44, 96
90.11, 96
90.25, 96
90.25, 96
90.25, 96
90.40, 96
90.52, 96
90.52, 96
90.52, 96
90.55, 96
90.55, 96
90.55, 96
90.55, 96
90.55, 96
90.95, 96
90.95, 96
90.95, 96
91.05, 96
91.05, 96
91.05, 96
91.08, 96
91.08, 96
91.08, 96
91.08, 96
91.08, 96
91.69, 96
91.69, 96
91.69, 96
91.70, 96
91.70, 96
91.70, 96
91.70, 96
91.70, 96
91.70, 96
91.71, 96
91.74, 96
91.77, 96
91.77, 96
91.77, 96
91.77, 96
91.77, 96
91.77, 96
91.77, 96
91.78, 96
91.78, 96
91.78, 96
91.78, 96
91.78, 96
91.78, 96
91.79, 96
91.80, 96
91.80, 96
91.80, 96
91.83, 96
91.84, 96
91.84, 96
91.85, 96
91.85, 96
92.04, 96
92.04, 96
92.04, 96
92.05, 96
92.07, 96
92.07, 96
92.07, 96
92.07, 96
92.07, 96
92.38, 96
92.53, 96
92.54, 96
92.54, 96
92.54, 96
92.54, 96
92.54, 96
92.54, 96
92.54, 96
92.54, 96
92.55, 96
92.60, 96
92.61, 96
92.61, 96
92.61, 96
92.61, 96
92.64, 96
92.97, 96
92.97, 96
92.97, 96
92.97, 96
92.98, 96
92.98, 96
92.98, 96
92.98, 96
93.04, 96
93.25, 96
93.25, 96
93.32, 96
93.32, 96
93.32, 96
93.35, 96
93.35, 96
93.35, 96
93.36, 96
93.37, 96
93.38, 96
93.40, 96
93.40, 96
93.41, 96
93.41, 96
93.41, 96
93.62, 96
93.62, 96
93.62, 96
93.62, 96
94.04, 96
94.04, 96
94.04, 96
94.41, 96
94.41, 96
94.41, 96
94.42, 96
94.42, 96
94.44, 96
94.45, 96
94.45, 96
94.46, 96
94.46, 96
94.46, 96
94.48, 96
94.48, 96
94.48, 96
94.48, 96
94.65, 96
94.69, 96
94.69, 96
94.69, 96
94.70, 96
94.70, 96
94.70, 96
94.87, 96
94.89, 96
94.91, 96
94.91, 96
94.91, 96
94.91, 96
94.91, 96
94.92, 96
95.26, 96
95.26, 96
95.29, 96
95.29, 96
95.30, 96
95.30, 96
95.30, 96
95.30, 96
95.62, 96
95.63, 96
95.63, 96
95.66, 96
95.66, 96
95.66, 96
95.69, 96
95.69, 96
95.69, 96
95.69, 96
95.70, 96
95.70, 96
95.70, 96
95.70, 96
95.75, 96
95.76, 96
95.76, 96
95.76, 96
95.76, 96
95.76, 96
95.76, 96
95.79, 96
95.79, 96
95.79, 96
95.86, 96
95.86, 96
95.86, 96
95.86, 96
95.86, 96
95.86, 96
95.86, 96
95.87, 96
95.87, 96
95.87, 96
95.87, 96
95.95, 96
95.95, 96
95.95, 96
95.98, 96
95.98, 96
95.98, 96
95.98, 96
96.01, 96
96.01, 96
96.01, 96
96.01, 96
96.01, 96
96.02, 96
96.02, 96
96.02, 96
96.02, 96
96.02, 96
96.02, 96
96.08, 96
96.08, 96
96.11, 96
96.12, 96
96.19, 96
96.19, 96
96.35, 96
96.35, 96
96.36, 96
96.36, 96
96.41, 96
96.41, 96
96.46, 96
96.46, 96
96.46, 96
96.46, 96
96.47, 96
96.48, 96
96.48, 96
96.48, 96
96.48, 96
96.50, 96
96.52, 96
96.52, 96
96.53, 96
96.61, 96
96.63, 96
96.63, 96
96.63, 96
96.64, 96
96.64, 96
96.64, 96
96.64, 96
96.64, 96
96.65, 96
96.65, 96
96.66, 96
96.69, 96
96.69, 96
96.69, 96
96.70, 96
96.70, 96
96.70, 96
96.77, 96
96.77, 96
96.77, 96
96.77, 96
96.77, 96
96.77, 96
96.82, 96
97.00, 96
97.00, 96
97.01, 96
97.15, 96
97.15, 96
97.15, 96
97.18, 96
97.38, 96
97.38, 96
97.38, 96
97.38, 96
97.38, 96
97.40, 96
97.73, 96
97.73, 96
97.73, 96
97.73, 96
97.73, 96
97.73, 96
97.79, 96
97.80, 96
97.80, 96
97.80, 96
97.80, 96
97.80, 96
97.80, 96
97.90, 96
97.90, 96
97.90, 96
97.96, 96
97.96, 96
97.96, 96
97.96, 96
98.25, 96
98.25, 96
98.54, 96
98.54, 96
98.55, 96
98.55, 96
98.56, 96
98.56, 96
98.67, 96
98.68, 96
98.69, 96
98.75, 96
98.75, 96
98.75, 96
98.75, 96
98.75, 96
98.75, 96
98.75, 96
98.75, 96
98.76, 96
98.76, 96
98.76, 96
98.76, 96
98.76, 96
98.77, 96
98.77, 96
98.78, 96
98.78, 96
98.78, 96
98.78, 96
98.91, 96
98.91, 96
98.91, 96
98.92, 96
98.92, 96
98.92, 96
98.93, 96
98.93, 96
98.93, 96
98.93, 96
98.94, 96
98.94, 96
98.95, 96
98.96, 96
98.96, 96
98.96, 96
98.96, 96
99.00, 96
99.00, 96
99.06, 96
99.06, 96
99.06, 96
99.29, 96
99.41, 96
99.41, 96
99.41, 96
99.41, 96
99.41, 96
99.49, 96
99.63, 96
99.84, 96
99.84, 96
99.84, 96
99.86, 96
99.86, 96
99.86, 96
99.86, 96
99.86, 96
100.00, 96
100.00, 96
100.00, 96
100.00, 96
100.01, 96
100.01, 96
100.01, 96
100.02, 96
100.02, 96
100.09, 96
100.09, 96
100.16, 96
100.17, 96
100.17, 96
100.17, 96
100.18, 96
100.27, 96
100.27, 96
100.27, 96
100.27, 96
100.40, 96
100.42, 96
100.44, 96
100.44, 96
100.79, 96
100.79, 96
100.81, 96
100.81, 96
100.81, 96
100.81, 96
100.88, 96
100.88, 96
100.88, 96
100.89, 96
101.00, 96
101.00, 96
101.01, 96
101.01, 96
101.01, 96
101.01, 96
101.01, 96
101.02, 96
101.02, 96
101.05, 96
101.05, 96
101.05, 96
101.05, 96
101.05, 96
101.05, 96
101.05, 96
101.05, 96
101.06, 96
101.06, 96
101.06, 96
101.06, 96
101.06, 96
101.06, 96
101.14, 96
101.14, 96
101.14, 96
101.14, 96
101.14, 96
101.15, 96
101.15, 96
101.15, 96
101.15, 96
101.15, 96
101.15, 96
101.16, 96
101.16, 96
101.16, 96
101.17, 96
101.17, 96
101.17, 96
101.17, 96
101.17, 96
101.40, 96
101.40, 96
101.40, 96
101.41, 96
101.41, 96
101.41, 96
101.41, 96
101.42, 96
101.42, 96
101.42, 96
101.42, 96
101.42, 96
101.42, 96
101.42, 96
101.42, 96
101.43, 96
101.43, 96
101.43, 96
101.43, 96
101.58, 96
101.63, 96
101.74, 96
101.74, 96
101.74, 96
101.76, 96
102.14, 96
102.14, 96
102.14, 96
102.18, 96
102.18, 96
102.21, 96
102.29, 96
102.29, 96
102.29, 96
102.29, 96
102.29, 96
102.38, 96
102.44, 96
102.44, 96
102.59, 96
102.59, 96
102.59, 96
102.70, 96
102.76, 96
102.78, 96
102.79, 96
102.79, 96
102.79, 96
102.79, 96
102.80, 96
102.80, 96
102.80, 96
102.80, 96
102.80, 96
102.83, 96
102.83, 96
102.83, 96
102.83, 96
102.83, 96
102.83, 96
103.07, 96
103.08, 96
103.08, 96
103.08, 96
103.09, 96
103.09, 96
103.09, 96
103.10, 96
103.10, 96
103.12, 96
103.12, 96
103.12, 96
103.12, 96
103.13, 96
103.14, 96
103.14, 96
103.14, 96
103.14, 96
103.15, 96
103.15, 96
103.15, 96
103.19, 96
103.22, 96
103.22, 96
103.22, 96
103.23, 96
103.23, 96
103.23, 96
103.23, 96
103.26, 96
103.26, 96
103.26, 96
103.26, 96
103.26, 96
103.26, 96
103.27, 96
103.27, 96
103.27, 96
103.28, 96
103.28, 96
103.28, 96
103.29, 96
103.30, 96
103.30, 96
103.30, 96
103.30, 96
103.30, 96
103.30, 96
103.32, 96
103.32, 96
103.32, 96
103.32, 96
103.33, 96
103.34, 96
103.34, 96
103.34, 96
103.35, 96
103.35, 96
103.45, 96
103.45, 96
103.46, 96
103.46, 96
103.46, 96
103.50, 96
103.51, 96
103.51, 96
103.51, 96
103.51, 96
103.52, 96
103.52, 96
103.52, 96
103.52, 96
103.64, 96
103.64, 96
103.99, 96
103.99, 96
103.99, 96
103.99, 96
103.99, 96
104.00, 96
104.00, 96
104.00, 96
104.00, 96
104.02, 96
104.02, 96
104.02, 96
104.02, 96
104.03, 96
104.03, 96
104.03, 96
104.03, 96
104.04, 96
104.04, 96
104.04, 96
104.04, 96
104.14, 96
104.14, 96
104.14, 96
104.15, 96
104.15, 96
104.15, 96
104.15, 96
104.15, 96
104.15, 96
104.15, 96
104.15, 96
104.38, 96
104.38, 96
104.38, 96
104.39, 96
104.39, 96
104.46, 96
104.46, 96
104.46, 96
104.56, 96
104.67, 96
104.67, 96
104.67, 96
104.68, 96
104.68, 96
104.68, 96
104.74, 96
104.76, 96
104.77, 96
104.77, 96
104.77, 96
104.77, 96
104.77, 96
104.78, 96
104.78, 96
104.78, 96
104.78, 96
105.14, 96
105.14, 96
105.15, 96
105.17, 96
105.29, 96
105.30, 96
105.30, 96
105.31, 96
105.32, 96
105.32, 96
105.32, 96
105.32, 96
105.32, 96
105.32, 96
105.34, 96
105.35, 96
105.35, 96
105.35, 96
105.35, 96
105.36, 96
105.36, 96
105.36, 96
105.37, 96
105.39, 96
105.81, 96
105.82, 96
105.86, 96
105.86, 96
105.87, 96
105.87, 96
105.87, 96
105.97, 96
106.01, 96
106.01, 96
106.24, 96
106.24, 96
106.24, 96
106.46, 96
106.46, 96
106.46, 96
106.46, 96
106.55, 96
106.55, 96
106.55, 96
106.72, 96
106.73, 96
106.73, 96
106.73, 96
106.73, 96
106.74, 96
106.74, 96
106.74, 96
106.74, 96
106.87, 96
106.90, 96
106.91, 96
106.91, 96
106.92, 96
106.96, 96
106.96, 96
106.96, 96
106.96, 96
106.97, 96
106.97, 96
106.99, 96
106.99, 96
106.99, 96
106.99, 96
107.00, 96
107.00, 96
107.00, 96
107.00, 96
107.13, 96
107.13, 96
107.13, 96
107.23, 96
107.27, 96
107.27, 96
107.35, 96
107.35, 96
107.35, 96
107.51, 96
107.51, 96
107.51, 96
107.61, 96
107.61, 96
107.61, 96
107.73, 96
107.73, 96
107.84, 96
107.84, 96
107.95, 96
108.03, 96
108.03, 96
108.42, 96
108.42, 96
108.59, 96
108.60, 96
108.60, 96
108.60, 96
108.60, 96
108.60, 96
108.60, 96
108.67, 96
108.67, 96
108.68, 96
108.68, 96
108.68, 96
108.72, 96
108.92, 96
108.92, 96
108.92, 96
108.92, 96
108.92, 96
108.98, 96
108.98, 96
108.98, 96
108.98, 96
109.03, 96
109.03, 96
109.03, 96
109.09, 96
109.45, 96
109.51, 96
109.53, 96
109.53, 96
109.53, 96
109.53, 96
109.53, 96
109.53, 96
109.53, 96
109.59, 96
109.59, 96
109.59, 96
109.59, 96
109.63, 96
109.63, 96
109.63, 96
109.63, 96
109.63, 96
109.63, 96
109.63, 96
109.71, 96
109.71, 96
109.73, 96
109.74, 96
109.74, 96
109.91, 96
109.92, 96
109.92, 96
109.92, 96
109.92, 96
109.92, 96
110.05, 96
110.16, 96
110.16, 96
110.16, 96
110.16, 96
110.16, 96
110.24, 96
110.24, 96
110.25, 96
110.25, 96
110.25, 96
110.25, 96
110.26, 96
110.27, 96
110.27, 96
110.27, 96
110.27, 96
110.38, 96
110.47, 96
110.61, 96
110.61, 96
110.78, 96
110.82, 96
110.82, 96
110.82, 96
110.82, 96
110.83, 96
110.83, 96
110.83, 96
110.83, 96
110.83, 96
110.90, 96
110.90, 96
110.91, 96
110.91, 96
110.91, 96
110.91, 96
110.91, 96
110.91, 96
110.91, 96
110.94, 96
110.94, 96
110.94, 96
110.94, 96
110.94, 96
110.94, 96
110.94, 96
110.94, 96
110.95, 96
110.95, 96
110.95, 96
110.95, 96
110.95, 96
110.96, 96
110.96, 96
110.96, 96
111.02, 96
111.05, 96
111.05, 96
111.06, 96
111.08, 96
111.13, 96
111.13, 96
111.16, 96
111.16, 96
111.16, 96
111.25, 96
111.26, 96
111.26, 96
111.26, 96
111.27, 96
111.28, 96
111.28, 96
111.37, 96
111.37, 96
111.37, 96
111.37, 96
111.39, 96
111.39, 96
111.40, 96
111.46, 96
111.68, 96
111.68, 96
111.69, 96
111.69, 96
111.69, 96
111.72, 96
111.72, 96
111.72, 96
111.78, 96
111.78, 96
111.78, 96
111.81, 96
111.81, 96
111.82, 96
111.82, 96
112.19, 96
112.19, 96
112.19, 96
112.20, 96
112.20, 96
112.20, 96
112.20, 96
112.55, 96
112.55, 96
112.63, 96
112.63, 96
112.63, 96
112.63, 96
112.82, 96
112.83, 96
112.83, 96
112.83, 96
112.90, 96
112.90, 96
112.95, 96
112.95, 96
112.95, 96
112.96, 96
112.96, 96
112.96, 96
112.97, 96
112.97, 96
112.97, 96
112.97, 96
112.97, 96
112.97, 96
113.12, 96
113.12, 96
113.12, 96
113.12, 96
113.12, 96
113.13, 96
113.13, 96
113.13, 96
113.13, 96
113.13, 96
113.16, 96
113.17, 96
113.17, 96
113.20, 96
113.20, 96
113.25, 96
113.25, 96
113.25, 96
113.25, 96
113.25, 96
113.26, 96
113.26, 96
113.57, 96
113.57, 96
113.75, 96
113.76, 96
113.81, 96
113.89, 96
113.89, 96
113.90, 96
113.91, 96
113.92, 96
113.92, 96
113.92, 96
114.15, 96
114.15, 96
114.15, 96
114.24, 96
114.24, 96
114.24, 96
114.27, 96
114.32, 96
114.36, 96
114.36, 96
114.37, 96
114.37, 96
115.27, 96
115.33, 96
115.33, 96
115.33, 96
115.60, 96
115.60, 96
115.60, 96
115.66, 96
115.66, 96
116.12, 96
116.13, 96
116.29, 96
116.29, 96
116.29, 96
116.29, 96
116.29, 96
116.29, 96
116.30, 96
116.33, 96
116.35, 96
116.35, 96
116.35, 96
116.35, 96
116.37, 96
116.37, 96
116.46, 96
116.46, 96
116.46, 96
116.64, 96
116.65, 96
116.67, 96
116.67, 96
116.68, 96
116.68, 96
116.68, 96
116.68, 96
116.69, 96
116.70, 96
116.73, 96
116.82, 96
116.82, 96
116.82, 96
116.82, 96
116.84, 96
116.84, 96
116.84, 96
116.85, 96
116.85, 96
116.85, 96
116.85, 96
116.85, 96
116.85, 96
116.86, 96
116.87, 96
116.87, 96
116.87, 96
116.87, 96
116.87, 96
116.87, 96
116.96, 96
116.96, 96
116.96, 96
116.97, 96
116.97, 96
116.97, 96
116.97, 96
116.97, 96
116.97, 96
116.97, 96
116.97, 96
116.98, 96
117.11, 96
117.11, 96
117.11, 96
117.11, 96
117.11, 96
117.12, 96
117.12, 96
117.12, 96
117.12, 96
117.12, 96
117.12, 96
117.12, 96
117.13, 96
117.13, 96
117.13, 96
117.13, 96
117.13, 96
117.13, 96
117.13, 96
117.17, 96
117.17, 96
117.18, 96
117.18, 96
117.19, 96
117.19, 96
117.51, 96
117.51, 96
117.52, 96
117.77, 96
117.78, 96
117.78, 96
117.78, 96
117.78, 96
117.79, 96
117.79, 96
117.79, 96
117.79, 96
117.79, 96
117.79, 96
117.80, 96
117.80, 96
117.84, 96
117.84, 96
117.85, 96
117.85, 96
117.85, 96
117.85, 96
117.85, 96
117.85, 96
117.85, 96
119.03, 96
119.03, 96
119.06, 96
119.06, 96
119.06, 96
119.16, 96
119.17, 96
119.17, 96
119.17, 96
119.41, 96
119.43, 96
119.43, 96
119.44, 96
119.44, 96
119.49, 96
119.49, 96
119.70, 96
119.71, 96
119.71, 96
119.71, 96
119.71, 96
119.71, 96
119.71, 96
119.71, 96
119.72, 96
120.31, 96
120.32, 96
120.32, 96
120.32, 96
120.32, 96
120.32, 96
120.32, 96
120.33, 96
120.33, 96
120.33, 96
120.33, 96
120.33, 96
120.33, 96
120.34, 96
120.34, 96
120.38, 96
120.38, 96
120.41, 96
120.41, 96
120.63, 96
120.64, 96
120.64, 96
120.64, 96
120.64, 96
120.64, 96
120.64, 96
120.69, 96
120.70, 96
120.70, 96
120.70, 96
120.70, 96
120.70, 96
120.73, 96
120.73, 96
120.93, 96
120.93, 96
120.93, 96
121.01, 96
121.01, 96
121.13, 96
121.21, 96
121.25, 96
121.25, 96
121.25, 96
121.25, 96
121.25, 96
121.27, 96
121.27, 96
121.27, 96
121.53, 96
121.53, 96
121.53, 96
121.53, 96
121.55, 96
121.60, 96
121.60, 96
121.65, 96
121.65, 96
121.65, 96
121.65, 96
121.65, 96
121.66, 96
121.75, 96
121.75, 96
121.75, 96
121.75, 96
121.83, 96
121.83, 96
121.83, 96
121.84, 96
121.84, 96
122.02, 96
122.04, 96
122.04, 96
122.04, 96
122.04, 96
122.05, 96
122.05, 96
122.05, 96
122.05, 96
122.07, 96
122.07, 96
122.07, 96
122.07, 96
122.07, 96
122.08, 96
122.08, 96
122.08, 96
122.34, 96
122.62, 96
122.62, 96
122.63, 96
122.65, 96
122.65, 96
122.69, 96
122.69, 96
122.69, 96
122.73, 96
122.86, 96
122.86, 96
122.90, 96
122.90, 96
122.90, 96
122.90, 96
122.90, 96
122.91, 96
122.91, 96
122.91, 96
122.91, 96
122.91, 96
122.92, 96
122.96, 96
122.96, 96
122.97, 96
122.97, 96
122.98, 96
122.98, 96
122.98, 96
123.02, 96
123.03, 96
123.03, 96
123.04, 96
123.15, 96
123.15, 96
123.15, 96
123.15, 96
123.15, 96
123.16, 96
123.16, 96
123.16, 96
123.51, 96
123.51, 96
123.67, 96
123.67, 96
123.67, 96
123.67, 96
123.67, 96
123.67, 96
123.67, 96
123.68, 96
123.68, 96
123.68, 96
123.69, 96
123.95, 96
123.96, 96
123.96, 96
123.96, 96
123.96, 96
123.97, 96
123.97, 96
123.97, 96
123.97, 96
123.97, 96
123.97, 96
124.06, 96
124.06, 96
124.06, 96
124.13, 96
124.15, 96
124.16, 96
124.16, 96
124.16, 96
124.17, 96
124.17, 96
124.27, 96
124.29, 96
124.29, 96
124.29, 96
124.29, 96
124.29, 96
124.30, 96
124.30, 96
124.31, 96
124.32, 96
124.32, 96
124.32, 96
124.32, 96
124.35, 96
124.35, 96
124.36, 96
124.36, 96
124.36, 96
124.36, 96
124.44, 96
124.44, 96
124.48, 96
124.48, 96
124.49, 96
124.50, 96
124.50, 96
124.67, 96
124.72, 96
124.72, 96
124.87, 96
124.87, 96
124.87, 96
124.87, 96
125.09, 96
125.25, 96
125.25, 96
125.39, 96
125.39, 96
125.39, 96
125.39, 96
125.39, 96
125.56, 96
125.66, 96
125.79, 96
125.82, 96
125.93, 96
125.94, 96
125.94, 96
126.01, 96
126.01, 96
126.01, 96
126.01, 96
126.01, 96
126.01, 96
126.04, 96
126.05, 96
126.05, 96
126.05, 96
126.06, 96
126.06, 96
126.06, 96
126.09, 96
126.24, 96
126.24, 96
126.25, 96
126.25, 96
126.25, 96
126.27, 96
126.30, 96
126.30, 96
126.31, 96
126.31, 96
126.31, 96
126.31, 96
126.31, 96
126.31, 96
126.32, 96
126.32, 96
126.32, 96
126.32, 96
126.32, 96
126.32, 96
126.43, 96
126.44, 96
126.44, 96
126.44, 96
126.44, 96
126.46, 96
126.46, 96
126.46, 96
126.46, 96
126.46, 96
126.46, 96
126.47, 96
126.47, 96
126.53, 96
126.62, 96
126.62, 96
126.63, 96
126.64, 96
126.72, 96
126.72, 96
126.72, 96
126.74, 96
126.74, 96
126.74, 96
126.74, 96
126.74, 96
126.74, 96
126.74, 96
126.74, 96
126.76, 96
126.87, 96
127.09, 96
127.09, 96
127.09, 96
127.09, 96
127.09, 96
127.09, 96
127.16, 96
127.16, 96
127.17, 96
127.17, 96
127.33, 96
127.34, 96
127.34, 96
127.34, 96
127.34, 96
127.34, 96
127.38, 96
127.42, 96
127.42, 96
127.52, 96
127.52, 96
127.52, 96
127.52, 96
127.57, 96
127.58, 96
127.94, 96
127.94, 96
127.94, 96
127.94, 96
127.94, 96
127.95, 96
128.05, 96
128.25, 96
128.25, 96
128.43, 96
128.43, 96
128.44, 96
128.61, 96
128.69, 96
128.69, 96
128.73, 96
128.73, 96
128.91, 96
128.91, 96
128.91, 96
128.91, 96
128.91, 96
128.92, 96
128.92, 96
128.92, 96
128.92, 96
128.92, 96
128.93, 96
129.02, 96
129.02, 96
129.02, 96
129.02, 96
129.02, 96
129.04, 96
129.05, 96
129.05, 96
129.05, 96
129.05, 96
129.05, 96
129.05, 96
129.05, 96
129.05, 96
129.06, 96
129.07, 96
129.07, 96
129.12, 96
129.12, 96
129.12, 96
129.13, 96
129.13, 96
129.20, 96
129.22, 96
129.23, 96
129.24, 96
129.24, 96
129.24, 96
129.24, 96
129.24, 96
129.26, 96
129.27, 96
129.33, 96
129.33, 96
129.33, 96
129.33, 96
129.33, 96
129.33, 96
129.34, 96
129.44, 96
129.44, 96
129.44, 96
129.44, 96
129.49, 96
129.49, 96
129.49, 96
129.49, 96
129.49, 96
129.49, 96
129.49, 96
129.57, 96
129.58, 96
129.58, 96
129.64, 96
129.64, 96
129.64, 96
129.64, 96
129.64, 96
129.64, 96
129.65, 96
129.79, 96
129.79, 96
129.79, 96
129.79, 96
129.79, 96
129.80, 96
129.80, 96
130.02, 96
130.02, 96
130.30, 96
131.05, 96
131.06, 96
131.06, 96
131.06, 96
131.06, 96
131.06, 96
131.06, 96
131.06, 96
131.16, 96
131.17, 96
131.36, 96
131.37, 96
131.37, 96
131.39, 96
131.39, 96
131.57, 96
131.57, 96
131.57, 96
131.57, 96
131.57, 96
131.57, 96
131.57, 96
131.57, 96
131.58, 96
131.58, 96
131.58, 96
131.58, 96
131.59, 96
131.59, 96
131.60, 96
131.60, 96
131.72, 96
131.72, 96
131.72, 96
132.14, 96
132.15, 96
132.16, 96
132.16, 96
132.16, 96
132.16, 96
132.16, 96
132.16, 96
132.16, 96
132.17, 96
132.17, 96
132.17, 96
132.17, 96
132.17, 96
132.18, 96
132.18, 96
132.39, 96
132.39, 96
132.39, 96
132.40, 96
132.43, 96
132.43, 96
132.66, 96
132.66, 96
132.66, 96
132.80, 96
132.80, 96
132.80, 96
132.99, 96
132.99, 96
132.99, 96
132.99, 96
133.02, 96
133.02, 96
133.05, 96
133.05, 96
133.06, 96
133.06, 96
133.06, 96
133.06, 96
133.06, 96
133.06, 96
133.06, 96
133.06, 96
133.07, 96
133.07, 96
133.07, 96
133.10, 96
133.10, 96
133.11, 96
133.11, 96
133.11, 96
133.11, 96
133.11, 96
133.11, 96
133.12, 96
133.25, 96
133.25, 96
133.25, 96
133.25, 96
133.26, 96
133.41, 96
133.41, 96
133.41, 96
133.42, 96
133.42, 96
133.42, 96
133.42, 96
133.44, 96
133.44, 96
133.44, 96
133.44, 96
133.45, 96
133.45, 96
133.45, 96
133.50, 96
133.50, 96
133.50, 96
133.50, 96
133.51, 96
133.51, 96
133.51, 96
133.51, 96
133.52, 96
133.55, 96
133.56, 96
133.73, 96
133.73, 96
133.78, 96
133.82, 96
133.82, 96
133.82, 96
133.83, 96
133.83, 96
133.83, 96
134.04, 96
134.04, 96
134.22, 96
134.48, 96
134.63, 96
134.63, 96
134.63, 96
134.63, 96
134.99, 96
135.01, 96
135.01, 96
135.01, 96
135.06, 96
135.20, 96
135.20, 96
135.20, 96
135.20, 96
135.20, 96
135.20, 96
135.22, 96
135.48, 96
135.48, 96
135.48, 96
135.48, 96
135.48, 96
135.49, 96
135.73, 96
135.73, 96
135.74, 96
135.74, 96
135.74, 96
135.75, 96
135.75, 96
135.75, 96
135.79, 96
135.79, 96
135.80, 96
136.16, 96
136.16, 96
136.16, 96
136.17, 96
136.26, 96
136.26, 96
136.27, 96
136.27, 96
136.27, 96
136.49, 96
136.49, 96
136.50, 96
136.50, 96
136.50, 96
136.50, 96
136.51, 96
136.51, 96
136.51, 96
136.51, 96
136.51, 96
136.51, 96
136.54, 96
136.54, 96
136.54, 96
136.54, 96
136.54, 96
136.61, 96
136.61, 96
136.61, 96
136.61, 96
136.62, 96
136.62, 96
136.62, 96
136.63, 96
136.64, 96
136.78, 96
136.78, 96
136.79, 96
136.85, 96
136.85, 96
136.86, 96
136.86, 96
136.88, 96
136.88, 96
136.88, 96
136.89, 96
136.89, 96
137.04, 96
137.04, 96
137.05, 96
137.70, 96
137.73, 96
137.73, 96
137.81, 96
137.81, 96
137.82, 96
137.82, 96
137.82, 96
137.82, 96
137.83, 96
137.83, 96
137.83, 96
137.84, 96
137.84, 96
137.84, 96
137.84, 96
137.88, 96
137.88, 96
138.11, 96
138.14, 96
138.14, 96
138.14, 96
138.18, 96
138.19, 96
138.19, 96
138.19, 96
138.30, 96
138.52, 96
138.53, 96
138.53, 96
138.53, 96
138.53, 96
138.53, 96
138.54, 96
138.54, 96
138.54, 96
138.59, 96
138.59, 96
138.60, 96
138.60, 96
138.60, 96
138.60, 96
138.60, 96
138.60, 96
138.61, 96
138.61, 96
138.61, 96
138.61, 96
138.61, 96
138.66, 96
138.68, 96
138.68, 96
138.68, 96
138.68, 96
138.68, 96
138.68, 96
138.69, 96
138.69, 96
138.69, 96
138.72, 96
138.76, 96
138.77, 96
138.77, 96
138.77, 96
138.77, 96
138.78, 96
138.78, 96
138.78, 96
138.78, 96
138.78, 96
138.78, 96
138.78, 96
138.80, 96
138.81, 96
138.82, 96
138.82, 96
138.82, 96
139.07, 96
139.08, 96
139.08, 96
139.08, 96
139.08, 96
139.08, 96
139.08, 96
139.09, 96
139.09, 96
139.09, 96
139.09, 96
139.09, 96
139.09, 96
139.09, 96
139.09, 96
139.11, 96
139.17, 96
139.39, 96
139.44, 96
139.44, 96
139.47, 96
139.47, 96
139.47, 96
139.47, 96
139.54, 96
139.54, 96
139.81, 96
139.81, 96
139.81, 96
140.07, 96
140.07, 96
140.07, 96
140.11, 96
140.13, 96
140.13, 96
140.13, 96
140.14, 96
140.14, 96
140.15, 96
140.19, 96
140.19, 96
140.19, 96
140.47, 96
140.47, 96
140.47, 96
140.48, 96
140.48, 96
140.48, 96
140.48, 96
140.48, 96
140.70, 96
140.71, 96
140.71, 96
140.71, 96
140.71, 96
140.72, 96
140.72, 96
140.72, 96
140.72, 96
140.73, 96
140.74, 96
140.74, 96
140.74, 96
140.74, 96
140.80, 96
140.80, 96
140.80, 96
140.80, 96
140.99, 96
141.00, 96
141.01, 96
141.02, 96
141.03, 96
141.03, 96
141.03, 96
141.03, 96
141.03, 96
141.07, 96
141.07, 96
141.67, 96
141.67, 96
141.71, 96
141.71, 96
141.71, 96
141.71, 96
141.84, 96
141.84, 96
141.85, 96
141.85, 96
141.85, 96
141.85, 96
141.97, 96
141.97, 96
141.98, 96
141.98, 96
141.98, 96
141.98, 96
141.98, 96
141.99, 96
141.99, 96
141.99, 96
141.99, 96
142.37, 96
142.39, 96
142.39, 96
142.66, 96
142.66, 96
142.66, 96
142.66, 96
142.66, 96
142.66, 96
142.72, 96
142.72, 96
142.72, 96
142.72, 96
142.72, 96
142.72, 96
142.73, 96
142.73, 96
142.73, 96
142.73, 96
142.74, 96
142.74, 96
142.74, 96
142.74, 96
142.83, 96
142.83, 96
142.83, 96
142.83, 96
142.83, 96
142.83, 96
142.84, 96
142.84, 96
142.84, 96
142.84, 96
142.85, 96
143.14, 96
143.14, 96
143.14, 96
143.16, 96
143.20, 96
143.20, 96
143.20, 96
143.20, 96
143.20, 96
143.21, 96
143.21, 96
143.21, 96
143.21, 96
143.22, 96
143.22, 96
143.22, 96
143.22, 96
143.31, 96
143.31, 96
143.31, 96
143.31, 96
143.34, 96
143.58, 96
143.59, 96
143.59, 96
143.59, 96
143.59, 96
143.60, 96
143.60, 96
143.69, 96
143.74, 96
143.74, 96
143.74, 96
143.74, 96
143.75, 96
143.75, 96
143.75, 96
143.76, 96
143.76, 96
143.76, 96
143.76, 96
143.76, 96
144.01, 96
144.01, 96
144.15, 96
144.15, 96
144.15, 96
144.15, 96
144.15, 96
144.15, 96
144.16, 96
144.16, 96
144.16, 96
144.16, 96
144.16, 96
144.16, 96
144.16, 96
144.17, 96
144.17, 96
144.17, 96
144.17, 96
144.17, 96
144.18, 96
144.37, 96
144.37, 96
144.46, 96
144.46, 96
144.46, 96
144.49, 96
144.49, 96
144.49, 96
144.49, 96
144.49, 96
144.75, 96
144.76, 96
144.76, 96
144.76, 96
144.76, 96
144.76, 96
144.78, 96
144.78, 96
144.78, 96
144.79, 96
144.79, 96
144.79, 96
144.79, 96
144.81, 96
144.81, 96
144.92, 96
144.92, 96
144.92, 96
144.93, 96
145.03, 96
145.03, 96
145.04, 96
145.04, 96
145.04, 96
145.04, 96
145.12, 96
145.12, 96
145.24, 96
145.24, 96
145.24, 96
145.25, 96
145.25, 96
145.40, 96
145.40, 96
145.40, 96
145.40, 96
145.40, 96
145.41, 96
145.42, 96
145.42, 96
145.61, 96
145.61, 96
145.62, 96
145.62, 96
145.62, 96
145.63, 96
145.63, 96
145.68, 96
145.68, 96
145.68, 96
145.70, 96
145.70, 96
145.71, 96
145.71, 96
145.77, 96
145.79, 96
145.92, 96
145.92, 96
145.94, 96
145.94, 96
145.94, 96
145.94, 96
145.94, 96
145.95, 96
145.95, 96
145.95, 96
146.05, 96
146.08, 96
146.08, 96
146.08, 96
146.08, 96
146.08, 96
146.08, 96
146.09, 96
146.09, 96
146.09, 96
146.09, 96
146.10, 96
146.10, 96
146.11, 96
146.12, 96
146.12, 96
146.12, 96
146.13, 96
146.13, 96
146.13, 96
146.13, 96
146.32, 96
146.32, 96
146.32, 96
146.42, 96
146.42, 96
146.42, 96
146.43, 96
146.43, 96
146.43, 96
146.43, 96
146.43, 96
146.43, 96
146.44, 96
146.44, 96
146.49, 96
146.49, 96
146.50, 96
146.50, 96
146.50, 96
146.50, 96
146.60, 96
146.60, 96
146.61, 96
146.62, 96
146.62, 96
146.77, 96
146.77, 96
146.77, 96
146.77, 96
146.77, 96
146.77, 96
146.77, 96
146.77, 96
146.78, 96
146.78, 96
146.78, 96
146.78, 96
146.78, 96
146.78, 96
146.78, 96
146.78, 96
146.79, 96
146.80, 96
146.80, 96
146.80, 96
146.80, 96
146.81, 96
146.92, 96
146.93, 96
146.93, 96
146.94, 96
146.95, 96
146.96, 96
146.96, 96
146.96, 96
146.96, 96
146.96, 96
147.29, 96
147.29, 96
147.29, 96
147.29, 96
147.30, 96
147.33, 96
147.48, 96
147.61, 96
147.62, 96
147.62, 96
147.62, 96
147.63, 96
147.63, 96
147.66, 96
147.67, 96
147.67, 96
147.67, 96
147.67, 96
147.67, 96
147.67, 96
147.68, 96
147.75, 96
147.93, 96
147.94, 96
147.94, 96
147.94, 96
147.95, 96
148.15, 96
148.15, 96
148.15, 96
148.16, 96
148.23, 96
148.23, 96
148.23, 96
148.24, 96
148.24, 96
148.24, 96
148.24, 96
148.25, 96
148.25, 96
148.25, 96
148.26, 96
148.26, 96
148.27, 96
148.27, 96
148.28, 96
148.28, 96
148.28, 96
148.28, 96
148.28, 96
148.50, 96
148.50, 96
148.56, 96
148.56, 96
148.59, 96
148.60, 96
148.60, 96
148.60, 96
148.61, 96
148.62, 96
148.62, 96
148.81, 96
148.81, 96
148.81, 96
148.84, 96
148.86, 96
148.88, 96
148.90, 96
149.01, 96
149.01, 96
149.02, 96
149.02, 96
149.03, 96
149.03, 96
149.09, 96
149.09, 96
149.10, 96
149.10, 96
149.10, 96
149.10, 96
149.10, 96
149.10, 96
149.12, 96
149.12, 96
149.27, 96
149.27, 96
149.28, 96
149.28, 96
149.29, 96
149.30, 96
149.30, 96
149.30, 96
149.40, 96
149.40, 96
149.45, 96
149.45, 96
149.45, 96
149.69, 96
149.75, 96
149.75, 96
149.79, 96
150.09, 96
150.09, 96
150.09, 96
150.09, 96
150.09, 96
150.09, 96
150.09, 96
150.09, 96
150.10, 96
150.21, 96
150.21, 96
150.21, 96
150.21, 96
150.29, 96
150.29, 96
150.29, 96
150.32, 96
150.32, 96
150.36, 96
150.37, 96
150.37, 96
150.38, 96
150.38, 96
150.38, 96
150.38, 96
150.38, 96
150.38, 96
150.38, 96
150.39, 96
150.39, 96
150.39, 96
150.39, 96
150.39, 96
150.39, 96
150.58, 96
150.58, 96
150.72, 96
150.72, 96
150.72, 96
150.72, 96
150.72, 96
150.74, 96
150.74, 96
150.76, 96
150.81, 96
150.87, 96
151.10, 96
151.10, 96
151.10, 96
151.34, 96
151.34, 96
151.34, 96
151.34, 96
151.35, 96
151.35, 96
151.35, 96
151.35, 96
151.37, 96
151.38, 96
151.47, 96
151.47, 96
151.47, 96
151.47, 96
151.47, 96
151.48, 96
151.48, 96
151.49, 96
151.72, 96
151.72, 96
151.74, 96
151.74, 96
151.74, 96
151.74, 96
151.74, 96
151.95, 96
151.96, 96
151.96, 96
151.96, 96
152.01, 96
152.01, 96
152.02, 96
152.03, 96
152.44, 96
152.44, 96
152.44, 96
152.47, 96
152.50, 96
152.50, 96
152.50, 96
152.50, 96
152.51, 96
152.52, 96
152.52, 96
152.52, 96
152.52, 96
152.52, 96
152.72, 96
152.72, 96
152.72, 96
152.72, 96
152.72, 96
152.77, 96
152.77, 96
152.77, 96
152.77, 96
152.77, 96
152.80, 96
152.94, 96
152.94, 96
152.94, 96
152.95, 96
152.95, 96
153.32, 96
153.32, 96
153.50, 96
153.50, 96
153.50, 96
153.50, 96
153.55, 96
153.55, 96
153.55, 96
153.56, 96
153.58, 96
153.58, 96
153.58, 96
153.58, 96
153.59, 96
153.59, 96
153.59, 96
153.59, 96
153.59, 96
153.59, 96
153.60, 96
153.60, 96
153.60, 96
153.60, 96
153.60, 96
153.60, 96
153.60, 96
153.86, 96
153.86, 96
153.86, 96
153.86, 96
153.86, 96
153.86, 96
153.95, 96
153.95, 96
153.95, 96
153.95, 96
153.95, 96
153.96, 96
153.96, 96
153.96, 96
153.96, 96
154.27, 96
154.27, 96
154.27, 96
154.27, 96
154.28, 96
154.28, 96
154.28, 96
154.52, 96
154.52, 96
154.52, 96
154.54, 96
154.54, 96
154.55, 96
154.56, 96
154.56, 96
154.56, 96
154.57, 96
154.72, 96
154.72, 96
154.72, 96
154.72, 96
154.72, 96
154.75, 96
154.75, 96
154.75, 96
154.75, 96
154.75, 96
154.76, 96
154.76, 96
154.76, 96
154.76, 96
154.76, 96
154.94, 96
155.01, 96
155.01, 96
155.02, 96
155.02, 96
155.02, 96
155.33, 96
155.33, 96
155.33, 96
155.33, 96
155.34, 96
155.34, 96
155.35, 96
155.35, 96
155.35, 96
155.35, 96
155.36, 96
155.37, 96
155.37, 96
155.38, 96
155.38, 96
155.38, 96
155.41, 96
155.57, 96
155.57, 96
155.57, 96
155.89, 96
155.89, 96
155.89, 96
155.90, 96
155.91, 96
155.91, 96
155.91, 96
155.91, 96
155.91, 96
155.91, 96
155.91, 96
155.91, 96
155.92, 96
155.92, 96
155.92, 96
155.93, 96
155.93, 96
155.94, 96
155.95, 96
155.96, 96
155.96, 96
155.96, 96
155.96, 96
155.97, 96
155.97, 96
155.97, 96
155.97, 96
155.97, 96
155.97, 96
155.97, 96
155.97, 96
156.02, 96
156.02, 96
156.34, 96
156.51, 96
156.52, 96
156.52, 96
156.64, 96
156.64, 96
156.64, 96
156.64, 96
156.66, 96
156.66, 96
156.66, 96
156.70, 96
156.70, 96
156.70, 96
156.75, 96
156.75, 96
156.75, 96
156.75, 96
156.75, 96
156.75, 96
156.76, 96
156.76, 96
156.76, 96
156.80, 96
156.80, 96
156.80, 96
156.80, 96
156.80, 96
156.81, 96
156.81, 96
156.82, 96
156.86, 96
156.86, 96
157.29, 96
157.29, 96
157.29, 96
157.29, 96
157.39, 96
157.40, 96
157.40, 96
157.48, 96
157.48, 96
157.80, 96
157.80, 96
157.80, 96
157.80, 96
157.81, 96
157.81, 96
157.81, 96
157.81, 96
157.81, 96
157.81, 96
157.81, 96
157.86, 96
157.86, 96
157.87, 96
157.87, 96
157.87, 96
157.88, 96
157.88, 96
157.88, 96
158.27, 96
158.29, 96
158.29, 96
158.29, 96
158.30, 96
158.30, 96
158.30, 96
158.34, 96
158.34, 96
158.36, 96
158.37, 96
158.46, 96
158.46, 96
158.46, 96
158.46, 96
158.47, 96
158.47, 96
158.47, 96
158.47, 96
158.47, 96
158.49, 96
158.49, 96
158.49, 96
158.66, 96
158.99, 96
158.99, 96
159.01, 96
159.01, 96
159.02, 96
159.34, 96
159.34, 96
159.44, 96
159.44, 96
159.44, 96
159.54, 96
159.54, 96
159.54, 96
159.56, 96
159.62, 96
159.64, 96
159.64, 96
159.64, 96
159.64, 96
159.64, 96
159.69, 96
159.69, 96
159.73, 96
159.74, 96
159.74, 96
159.74, 96
159.81, 96
159.81, 96
159.82, 96
159.82, 96
159.82, 96
159.83, 96
159.92, 96
159.92, 96
160.27, 96
160.27, 96
160.27, 96
160.28, 96
160.28, 96
160.28, 96
160.28, 96
160.28, 96
160.28, 96
160.30, 96
160.35, 96
160.35, 96
160.37, 96
160.44, 96
160.44, 96
160.44, 96
160.44, 96
160.45, 96
160.45, 96
160.46, 96
160.62, 96
160.83, 96
160.88, 96
160.89, 96
160.89, 96
160.89, 96
160.90, 96
161.00, 96
161.00, 96
161.01, 96
161.01, 96
161.01, 96
161.26, 96
161.26, 96
161.26, 96
161.26, 96
161.26, 96
161.27, 96
161.57, 96
161.58, 96
161.58, 96
161.58, 96
161.58, 96
161.58, 96
161.58, 96
161.58, 96
161.58, 96
161.59, 96
161.62, 96
161.62, 96
161.62, 96
161.62, 96
161.62, 96
161.62, 96
161.62, 96
161.62, 96
161.63, 96
161.65, 96
161.65, 96
161.65, 96
161.65, 96
161.65, 96
161.65, 96
161.65, 96
161.66, 96
161.66, 96
161.66, 96
161.66, 96
161.66, 96
161.66, 96
161.66, 96
161.66, 96
161.66, 96
161.67, 96
161.67, 96
161.68, 96
161.80, 96
161.80, 96
161.80, 96
161.81, 96
161.82, 96
161.82, 96
161.99, 96
161.99, 96
161.99, 96
162.03, 96
162.03, 96
162.03, 96
162.20, 96
162.35, 96
162.35, 96
162.35, 96
162.35, 96
162.36, 96
162.36, 96
162.36, 96
162.64, 96
162.65, 96
162.65, 96
162.66, 96
162.66, 96
162.66, 96
162.68, 96
162.68, 96
162.69, 96
162.70, 96
162.70, 96
162.70, 96
162.70, 96
162.71, 96
162.79, 96
162.79, 96
162.79, 96
162.79, 96
162.79, 96
162.79, 96
162.79, 96
162.79, 96
162.99, 96
162.99, 96
163.42, 96
163.42, 96
163.42, 96
163.42, 96
163.42, 96
163.43, 96
163.54, 96
163.54, 96
163.54, 96
163.54, 96
163.54, 96
163.55, 96
163.55, 96
163.55, 96
163.57, 96
163.57, 96
163.57, 96
163.65, 96
163.65, 96
163.66, 96
163.66, 96
163.66, 96
163.82, 96
163.83, 96
163.83, 96
163.83, 96
163.85, 96
163.85, 96
163.85, 96
164.83, 96
164.83, 96
164.83, 96
164.94, 96
164.94, 96
164.95, 96
164.95, 96
164.97, 96
165.46, 96
165.49, 96
165.49, 96
165.50, 96
165.50, 96
165.51, 96
165.51, 96
165.51, 96
165.51, 96
165.51, 96
165.70, 96
165.70, 96
165.70, 96
165.70, 96
165.70, 96
165.70, 96
165.70, 96
165.71, 96
166.19, 96
166.19, 96
166.47, 96
166.67, 96
166.68, 96
166.68, 96
166.68, 96
166.69, 96
166.70, 96
166.70, 96
166.70, 96
166.70, 96
166.79, 96
166.79, 96
166.79, 96
166.79, 96
166.80, 96
166.80, 96
166.81, 96
166.82, 96
166.82, 96
166.82, 96
166.82, 96
166.82, 96
166.82, 96
166.82, 96
167.15, 96
167.15, 96
167.17, 96
167.18, 96
167.18, 96
167.18, 96
167.18, 96
167.18, 96
167.22, 96
167.22, 96
167.23, 96
167.23, 96
167.23, 96
167.23, 96
167.23, 96
167.23, 96
167.23, 96
167.29, 96
167.29, 96
167.29, 96
167.29, 96
167.29, 96
167.29, 96
167.29, 96
167.30, 96
167.30, 96
167.30, 96
167.30, 96
167.30, 96
167.31, 96
167.31, 96
167.31, 96
167.48, 96
167.97, 96
167.97, 96
167.97, 96
167.98, 96
167.98, 96
167.99, 96
167.99, 96
168.10, 96
168.10, 96
168.10, 96
168.10, 96
168.10, 96
168.10, 96
168.11, 96
168.11, 96
168.11, 96
168.12, 96
168.13, 96
168.13, 96
168.18, 96
168.27, 96
168.27, 96
168.27, 96
168.27, 96
168.29, 96
168.29, 96
168.29, 96
168.33, 96
168.34, 96
168.34, 96
168.34, 96
168.35, 96
168.35, 96
168.36, 96
168.43, 96
168.43, 96
168.43, 96
168.65, 96
168.65, 96
168.68, 96
168.68, 96
168.74, 96
168.74, 96
168.74, 96
168.74, 96
168.74, 96
168.74, 96
168.74, 96
168.75, 96
168.75, 96
168.75, 96
168.75, 96
168.87, 96
168.87, 96
169.00, 96
169.00, 96
169.00, 96
169.18, 96
169.22, 96
169.22, 96
169.22, 96
169.22, 96
169.22, 96
169.22, 96
169.23, 96
169.23, 96
169.23, 96
169.23, 96
169.23, 96
169.23, 96
169.32, 96
169.32, 96
169.34, 96
169.34, 96
169.37, 96
169.38, 96
169.38, 96
169.40, 96
169.40, 96
169.40, 96
169.41, 96
169.41, 96
169.41, 96
169.41, 96
169.41, 96
169.41, 96
169.41, 96
169.42, 96
169.66, 96
169.69, 96
169.69, 96
169.69, 96
169.72, 96
169.72, 96
169.72, 96
169.73, 96
169.76, 96
169.79, 96
169.79, 96
169.80, 96
169.80, 96
169.81, 96
169.81, 96
169.81, 96
169.81, 96
170.00, 96
170.00, 96
170.01, 96
170.01, 96
170.02, 96
170.02, 96
170.02, 96
170.02, 96
170.03, 96
170.03, 96
170.03, 96
170.04, 96
170.06, 96
170.07, 96
170.14, 96
170.15, 96
170.15, 96
170.15, 96
170.15, 96
170.16, 96
170.16, 96
170.18, 96
170.20, 96
170.20, 96
170.28, 96
170.28, 96
170.28, 96
170.32, 96
170.32, 96
170.32, 96
170.32, 96
170.33, 96
170.33, 96
170.33, 96
170.43, 96
170.43, 96
170.43, 96
170.44, 96
170.44, 96
170.45, 96
170.90, 96
171.04, 96
171.07, 96
171.07, 96
171.10, 96
171.10, 96
171.19, 96
171.19, 96
171.19, 96
171.19, 96
171.19, 96
171.19, 96
171.36, 96
171.36, 96
171.62, 96
171.76, 96
171.76, 96
171.76, 96
171.76, 96
171.79, 96
171.80, 96
171.80, 96
171.80, 96
171.80, 96
171.80, 96
171.80, 96
171.80, 96
171.81, 96
171.81, 96
171.81, 96
171.81, 96
171.87, 96
172.18, 96
172.22, 96
172.23, 96
172.23, 96
172.25, 96
172.26, 96
172.36, 96
172.36, 96
172.36, 96
172.36, 96
172.37, 96
172.37, 96
172.37, 96
172.37, 96
172.38, 96
172.38, 96
172.38, 96
172.38, 96
172.38, 96
172.38, 96
172.49, 96
172.51, 96
172.51, 96
172.52, 96
172.52, 96
172.52, 96
172.52, 96
172.52, 96
172.52, 96
172.53, 96
172.53, 96
172.54, 96
172.54, 96
172.59, 96
172.59, 96
172.73, 96
172.73, 96
172.86, 96
172.86, 96
172.86, 96
172.86, 96
172.87, 96
172.87, 96
172.87, 96
172.92, 96
172.92, 96
172.92, 96
172.92, 96
172.92, 96
173.03, 96
173.05, 96
173.15, 96
173.20, 96
173.20, 96
173.20, 96
173.23, 96
173.24, 96
173.24, 96
173.24, 96
173.24, 96
173.25, 96
173.27, 96
173.36, 96
173.36, 96
173.36, 96
173.36, 96
173.36, 96
173.46, 96
173.46, 96
173.47, 96
173.48, 96
173.49, 96
173.49, 96
173.49, 96
173.63, 96
173.66, 96
173.74, 96
173.74, 96
173.74, 96
174.01, 96
174.01, 96
174.05, 96
174.06, 96
174.06, 96
174.07, 96
174.09, 96
174.09, 96
174.09, 96
174.25, 96
174.26, 96
174.26, 96
174.36, 96
174.36, 96
174.36, 96
174.40, 96
174.40, 96
174.40, 96
174.40, 96
174.42, 96
174.43, 96
174.43, 96
174.43, 96
174.76, 96
174.76, 96
174.76, 96
174.79, 96
174.80, 96
174.80, 96
174.88, 96
174.88, 96
175.03, 96
175.03, 96
175.03, 96
175.22, 96
175.23, 96
175.26, 96
175.26, 96
175.26, 96
175.26, 96
175.27, 96
175.27, 96
175.27, 96
175.28, 96
175.28, 96
175.28, 96
175.29, 96
175.30, 96
175.31, 96
175.31, 96
175.31, 96
175.31, 96
175.41, 96
175.41, 96
175.52, 96
175.55, 96
175.55, 96
175.55, 96
175.57, 96
175.57, 96
175.58, 96
175.58, 96
175.60, 96
175.60, 96
175.60, 96
175.62, 96
175.62, 96
175.62, 96
175.62, 96
175.63, 96
175.63, 96
175.63, 96
175.63, 96
175.65, 96
175.65, 96
175.65, 96
175.65, 96
175.65, 96
175.65, 96
175.65, 96
175.66, 96
175.66, 96
175.66, 96
175.66, 96
175.66, 96
175.67, 96
175.71, 96
175.71, 96
175.71, 96
175.71, 96
175.72, 96
175.72, 96
175.72, 96
175.72, 96
175.72, 96
175.72, 96
175.72, 96
175.74, 96
175.74, 96
175.74, 96
175.74, 96
175.74, 96
175.75, 96
175.75, 96
175.75, 96
175.75, 96
175.76, 96
175.76, 96
175.77, 96
175.86, 96
175.86, 96
175.86, 96
176.01, 96
176.03, 96
176.03, 96
176.03, 96
176.03, 96
176.04, 96
176.04, 96
176.04, 96
176.08, 96
176.09, 96
176.09, 96
176.09, 96
176.09, 96
176.10, 96
176.10, 96
176.11, 96
176.12, 96
176.12, 96
176.12, 96
176.12, 96
176.16, 96
176.16, 96
176.18, 96
176.18, 96
176.18, 96
176.18, 96
176.18, 96
176.20, 96
176.20, 96
176.21, 96
176.21, 96
176.21, 96
176.21, 96
176.21, 96
176.21, 96
176.38, 96
176.38, 96
176.54, 96
176.61, 96
176.61, 96
176.67, 96
176.68, 96
176.68, 96
176.68, 96
176.68, 96
176.68, 96
176.68, 96
176.68, 96
176.68, 96
176.68, 96
176.69, 96
176.69, 96
176.76, 96
176.76, 96
176.78, 96
176.81, 96
176.88, 96
177.03, 96
177.03, 96
177.03, 96
177.03, 96
177.05, 96
177.05, 96
177.06, 96
177.06, 96
177.07, 96
177.47, 96
177.47, 96
177.53, 96
178.14, 96
178.14, 96
178.14, 96
178.15, 96
178.15, 96
178.42, 96
178.42, 96
178.42, 96
178.42, 96
178.42, 96
178.45, 96
178.45, 96
178.45, 96
178.57, 96
178.69, 96
178.90, 96
178.90, 96
178.90, 96
179.07, 96
179.07, 96
179.10, 96
179.16, 96
179.16, 96
179.16, 96
179.16, 96
179.25, 96
179.25, 96
179.25, 96
179.25, 96
179.78, 96
179.78, 96
179.80, 96
179.83, 96
179.83, 96
179.83, 96
179.83, 96
179.83, 96
179.83, 96
179.83, 96
179.84, 96
180.05, 96
180.05, 96
180.06, 96
180.06, 96
180.06, 96
180.06, 96
180.06, 96
180.06, 96
180.06, 96
180.08, 96
180.26, 96
180.29, 96
180.29, 96
180.29, 96
180.41, 96
180.42, 96
180.64, 96
180.64, 96
180.64, 96
180.65, 96
180.65, 96
180.65, 96
180.65, 96
180.65, 96
180.65, 96
180.66, 96
180.66, 96
180.66, 96
180.83, 96
180.84, 96
180.84, 96
180.84, 96
180.84, 96
180.85, 96
180.85, 96
180.86, 96
180.86, 96
180.86, 96
180.87, 96
180.92, 96
180.92, 96
180.92, 96
180.92, 96
180.92, 96
180.92, 96
180.95, 96
180.95, 96
180.95, 96
180.95, 96
181.08, 96
181.09, 96
181.09, 96
181.09, 96
181.09, 96
181.09, 96
181.09, 96
181.09, 96
181.09, 96
181.10, 96
181.15, 96
181.15, 96
181.15, 96
181.29, 96
181.29, 96
181.43, 96
181.43, 96
181.44, 96
181.44, 96
181.46, 96
181.46, 96
181.46, 96
181.46, 96
181.47, 96
181.47, 96
181.47, 96
181.47, 96
181.47, 96
181.47, 96
181.47, 96
181.47, 96
181.48, 96
181.48, 96
181.48, 96
181.49, 96
181.49, 96
181.50, 96
181.51, 96
181.72, 96
181.72, 96
181.81, 96
181.88, 96
181.95, 96
181.95, 96
181.97, 96
181.97, 96
182.07, 96
182.09, 96
182.09, 96
182.09, 96
182.09, 96
182.10, 96
182.10, 96
182.10, 96
182.15, 96
182.15, 96
182.15, 96
182.60, 96
182.92, 96
182.93, 96
182.93, 96
182.93, 96
183.06, 96
183.06, 96
183.07, 96
183.07, 96
183.07, 96
183.21, 96
183.32, 96
183.32, 96
183.33, 96
183.33, 96
183.60, 96
183.60, 96
183.61, 96
183.67, 96
183.67, 96
183.67, 96
183.67, 96
183.67, 96
183.68, 96
183.81, 96
183.81, 96
183.81, 96
183.82, 96
183.82, 96
183.82, 96
183.82, 96
183.86, 96
183.86, 96
183.86, 96
183.86, 96
183.86, 96
183.86, 96
183.86, 96
183.87, 96
183.87, 96
183.89, 96
184.01, 96
184.01, 96
184.02, 96
184.02, 96
184.02, 96
184.02, 96
184.03, 96
184.03, 96
184.03, 96
184.03, 96
184.05, 96
184.14, 96
184.32, 96
184.33, 96
184.33, 96
184.33, 96
184.35, 96
184.35, 96
184.39, 96
184.57, 96
184.65, 96
184.66, 96
184.66, 96
184.66, 96
184.74, 96
184.86, 96
185.24, 96
185.45, 96
185.48, 96
185.50, 96
185.51, 96
185.66, 96
185.66, 96
185.66, 96
185.66, 96
185.73, 96
185.73, 96
185.73, 96
185.73, 96
185.74, 96
185.74, 96
185.74, 96
185.74, 96
185.74, 96
185.81, 96
185.81, 96
185.81, 96
185.81, 96
185.81, 96
185.81, 96
185.82, 96
185.82, 96
185.82, 96
185.83, 96
185.83, 96
185.83, 96
185.83, 96
185.83, 96
185.83, 96
185.99, 96
185.99, 96
185.99, 96
186.15, 96
186.16, 96
186.16, 96
186.16, 96
186.16, 96
186.40, 96
186.40, 96
186.41, 96
186.41, 96
186.41, 96
186.41, 96
186.41, 96
186.41, 96
186.43, 96
186.43, 96
186.43, 96
186.47, 96
186.47, 96
186.47, 96
186.48, 96
186.48, 96
186.55, 96
186.55, 96
186.56, 96
186.56, 96
186.56, 96
186.58, 96
186.58, 96
186.58, 96
186.62, 96
186.62, 96
186.62, 96
186.63, 96
186.63, 96
186.63, 96
186.65, 96
186.67, 96
186.67, 96
186.67, 96
186.67, 96
186.68, 96
186.69, 96
186.84, 96
186.84, 96
186.84, 96
186.85, 96
186.86, 96
186.86, 96
186.86, 96
186.86, 96
186.94, 96
186.95, 96
186.95, 96
186.95, 96
187.43, 96
187.44, 96
187.44, 96
187.44, 96
187.44, 96
187.44, 96
187.44, 96
187.44, 96
187.45, 96
187.45, 96
187.45, 96
187.47, 96
187.53, 96
187.53, 96
187.53, 96
187.53, 96
187.53, 96
187.64, 96
187.64, 96
187.64, 96
187.64, 96
187.64, 96
187.65, 96
187.78, 96
187.78, 96
187.79, 96
187.79, 96
188.18, 96
188.18, 96
188.20, 96
188.20, 96
188.20, 96
188.20, 96
188.44, 96
188.48, 96
188.48, 96
188.48, 96
188.48, 96
188.49, 96
188.49, 96
188.49, 96
188.49, 96
188.57, 96
188.72, 96
188.72, 96
188.82, 96
188.89, 96
189.01, 96
189.02, 96
189.02, 96
189.08, 96
189.08, 96
189.09, 96
189.09, 96
189.23, 96
189.23, 96
189.23, 96
189.28, 96
189.28, 96
189.28, 96
189.28, 96
189.28, 96
189.28, 96
189.29, 96
189.37, 96
189.37, 96
189.37, 96
189.38, 96
189.38, 96
189.39, 96
189.41, 96
189.41, 96
189.41, 96
189.41, 96
189.55, 96
189.55, 96
189.55, 96
189.55, 96
189.55, 96
189.56, 96
189.56, 96
189.56, 96
189.56, 96
189.56, 96
189.57, 96
189.57, 96
189.99, 96
190.15, 96
190.15, 96
190.15, 96
190.15, 96
190.15, 96
190.25, 96
190.25, 96
190.25, 96
190.26, 96
190.26, 96
190.26, 96
190.26, 96
190.26, 96
190.26, 96
190.26, 96
190.27, 96
190.58, 96
190.58, 96
190.58, 96
190.60, 96
190.60, 96
190.61, 96
190.61, 96
190.61, 96
190.61, 96
190.61, 96
190.91, 96
190.91, 96
190.95, 96
190.96, 96
190.96, 96
190.96, 96
191.04, 96
191.04, 96
191.04, 96
191.04, 96
191.04, 96
191.05, 96
191.06, 96
191.06, 96
191.07, 96
191.17, 96
191.18, 96
191.18, 96
191.18, 96
191.19, 96
191.19, 96
191.20, 96
191.20, 96
191.20, 96
191.20, 96
191.20, 96
191.24, 96
191.24, 96
191.25, 96
191.25, 96
191.42, 96
191.42, 96
191.42, 96
191.42, 96
191.46, 96
191.46, 96
191.46, 96
191.46, 96
191.46, 96
191.46, 96
191.71, 96
191.71, 96
191.86, 96
191.86, 96
191.86, 96
191.86, 96
191.86, 96
191.87, 96
191.87, 96
191.87, 96
191.87, 96
191.88, 96
191.88, 96
191.88, 96
191.88, 96
191.94, 96
191.95, 96
191.95, 96
191.96, 96
191.96, 96
191.98, 96
191.98, 96
191.99, 96
191.99, 96
191.99, 96
191.99, 96
192.11, 96
192.11, 96
192.11, 96
192.16, 96
192.16, 96
192.17, 96
192.17, 96
192.31, 96
192.50, 96
192.50, 96
192.50, 96
192.65, 96
192.65, 96
192.65, 96
192.66, 96
192.94, 96
193.03, 96
193.03, 96
193.19, 96
193.42, 96
193.42, 96
193.42, 96
193.42, 96
193.43, 96
193.46, 96
193.46, 96
193.46, 96
193.57, 96
193.57, 96
193.57, 96
193.57, 96
193.58, 96
193.81, 96
193.81, 96
193.81, 96
193.81, 96
193.82, 96
193.82, 96
193.83, 96
193.83, 96
193.83, 96
193.83, 96
193.85, 96
193.86, 96
194.22, 96
194.37, 96
194.37, 96
194.37, 96
194.37, 96
194.37, 96
194.37, 96
194.38, 96
194.38, 96
194.38, 96
194.38, 96
194.38, 96
194.50, 96
194.50, 96
194.50, 96
194.50, 96
194.51, 96
194.51, 96
194.53, 96
194.54, 96
194.83, 96
194.83, 96
194.83, 96
194.84, 96
195.00, 96
195.00, 96
195.01, 96
195.01, 96
195.01, 96
195.01, 96
195.19, 96
195.20, 96
195.20, 96
195.21, 96
195.21, 96
195.29, 96
195.29, 96
195.29, 96
195.29, 96
195.30, 96
195.30, 96
195.30, 96
195.34, 96
195.34, 96
195.38, 96
195.38, 96
195.41, 96
195.41, 96
195.41, 96
195.41, 96
195.42, 96
195.42, 96
195.42, 96
195.42, 96
195.42, 96
195.42, 96
195.43, 96
195.43, 96
195.43, 96
195.43, 96
195.43, 96
195.43, 96
195.43, 96
195.47, 96
195.47, 96
195.52, 96
195.52, 96
195.55, 96
195.57, 96
195.57, 96
195.57, 96
195.58, 96
195.70, 96
195.70, 96
195.70, 96
195.71, 96
195.71, 96
195.71, 96
195.71, 96
195.71, 96
195.71, 96
195.71, 96
195.72, 96
195.72, 96
195.72, 96
195.72, 96
195.72, 96
195.79, 96
195.80, 96
195.89, 96
195.90, 96
195.90, 96
196.01, 96
196.02, 96
196.02, 96
196.02, 96
196.03, 96
196.03, 96
196.03, 96
196.04, 96
196.05, 96
196.06, 96
196.06, 96
196.06, 96
196.06, 96
196.21, 96
196.35, 96
196.35, 96
196.36, 96
196.36, 96
196.36, 96
196.36, 96
196.36, 96
196.36, 96
196.43, 96
196.44, 96
196.44, 96
196.45, 96
196.45, 96
196.53, 96
196.53, 96
196.53, 96
196.60, 96
196.60, 96
196.60, 96
196.61, 96
196.61, 96
196.61, 96
196.61, 96
196.61, 96
196.61, 96
196.61, 96
196.63, 96
196.63, 96
196.96, 96
196.96, 96
196.96, 96
196.96, 96
196.96, 96
196.99, 96
197.10, 96
197.10, 96
197.12, 96
197.32, 96
197.38, 96
197.38, 96
197.38, 96
197.38, 96
197.39, 96
197.65, 96
197.65, 96
197.65, 96
197.65, 96
197.65, 96
197.66, 96
197.66, 96
197.66, 96
197.66, 96
197.66, 96
197.66, 96
197.67, 96
197.67, 96
197.67, 96
197.69, 96
197.69, 96
197.69, 96
197.83, 96
197.83, 96
197.83, 96
197.83, 96
197.88, 96
197.92, 96
197.93, 96
197.95, 96
197.95, 96
197.96, 96
198.21, 96
198.21, 96
198.21, 96
198.22, 96
198.32, 96
198.32, 96
198.33, 96
198.33, 96
198.34, 96
198.34, 96
198.34, 96
198.34, 96
198.34, 96
198.34, 96
198.34, 96
198.34, 96
198.34, 96
198.36, 96
198.36, 96
198.48, 96
198.49, 96
198.51, 96
198.51, 96
198.51, 96
198.51, 96
198.51, 96
198.51, 96
198.60, 96
198.60, 96
198.66, 96
198.74, 96
198.74, 96
198.83, 96
198.88, 96
198.88, 96
198.88, 96
198.89, 96
198.89, 96
199.05, 96
199.05, 96
199.05, 96
199.05, 96
199.06, 96
199.06, 96
199.06, 96
199.33, 96
199.37, 96
199.38, 96
199.45, 96
199.46, 96
199.47, 96
199.83, 96
199.84, 96
199.85, 96
199.85, 96
199.86, 96
199.87, 96
200.03, 96
200.03, 96
200.03, 96
200.03, 96
200.03, 96
200.04, 96
200.04, 96
200.08, 96
200.08, 96
200.23, 96
200.33, 96
200.33, 96
200.33, 96
200.35, 96
200.36, 96
200.67, 96
200.67, 96
200.78, 96
200.78, 96
200.78, 96
200.78, 96
200.78, 96
200.79, 96
200.80, 96
200.80, 96
200.84, 96
200.98, 96
201.15, 96
201.15, 96
201.15, 96
201.17, 96
201.17, 96
201.17, 96
201.17, 96
201.17, 96
201.17, 96
201.17, 96
201.17, 96
201.17, 96
201.19, 96
201.19, 96
201.19, 96
201.19, 96
201.34, 96
201.42, 96
201.46, 96
201.46, 96
201.46, 96
201.46, 96
201.46, 96
201.46, 96
201.47, 96
201.69, 96
201.69, 96
201.70, 96
201.74, 96
201.75, 96
201.75, 96
201.75, 96
201.75, 96
201.75, 96
201.75, 96
201.75, 96
201.76, 96
201.76, 96
201.76, 96
201.94, 96
201.94, 96
201.95, 96
201.96, 96
201.96, 96
201.96, 96
201.97, 96
201.97, 96
201.98, 96
202.05, 96
202.09, 96
202.21, 96
202.21, 96
202.22, 96
202.26, 96
202.26, 96
202.27, 96
202.48, 96
202.50, 96
202.50, 96
202.50, 96
202.50, 96
202.50, 96
202.50, 96
202.50, 96
202.53, 96
202.53, 96
202.59, 96
202.59, 96
202.59, 96
202.60, 96
202.60, 96
202.60, 96
202.61, 96
202.61, 96
202.61, 96
202.62, 96
202.62, 96
202.64, 96
202.64, 96
202.67, 96
202.67, 96
202.67, 96
202.67, 96
202.68, 96
202.68, 96
202.69, 96
202.71, 96
202.72, 96
202.72, 96
202.72, 96
202.72, 96
202.72, 96
202.72, 96
202.72, 96
202.73, 96
202.73, 96
202.73, 96
202.74, 96
202.74, 96
202.74, 96
202.75, 96
202.75, 96
202.76, 96
202.79, 96
202.80, 96
202.80, 96
202.80, 96
202.80, 96
202.80, 96
202.80, 96
203.18, 96
203.46, 96
203.46, 96
203.46, 96
203.47, 96
203.47, 96
203.47, 96
203.47, 96
203.51, 96
203.51, 96
203.52, 96
203.52, 96
203.52, 96
203.64, 96
203.64, 96
203.64, 96
203.68, 96
204.05, 96
204.05, 96
204.06, 96
204.06, 96
204.06, 96
204.06, 96
204.06, 96
204.09, 96
204.09, 96
204.09, 96
204.09, 96
204.09, 96
204.10, 96
204.10, 96
204.10, 96
204.23, 96
204.23, 96
204.23, 96
204.23, 96
204.23, 96
204.24, 96
204.24, 96
204.24, 96
204.24, 96
204.24, 96
204.24, 96
204.25, 96
204.31, 96
204.32, 96
204.32, 96
204.32, 96
204.33, 96
204.33, 96
204.40, 96
204.40, 96
204.40, 96
204.41, 96
204.41, 96
204.41, 96
204.41, 96
204.42, 96
204.43, 96
204.43, 96
204.45, 96
204.48, 96
204.48, 96
204.67, 96
204.76, 96
204.76, 96
205.18, 96
205.18, 96
205.18, 96
205.18, 96
205.18, 96
205.18, 96
205.18, 96
205.18, 96
205.18, 96
205.18, 96
205.48, 96
205.48, 96
205.49, 96
205.49, 96
205.49, 96
205.49, 96
205.50, 96
205.50, 96
205.51, 96
205.51, 96
205.52, 96
205.58, 96
205.58, 96
205.59, 96
205.61, 96
205.61, 96
205.61, 96
205.61, 96
205.61, 96
205.63, 96
205.63, 96
205.63, 96
205.63, 96
205.64, 96
205.76, 96
205.85, 96
205.85, 96
205.98, 96
206.19, 96
206.19, 96
206.19, 96
206.24, 96
206.27, 96
206.27, 96
206.27, 96
206.27, 96
206.27, 96
206.28, 96
206.56, 96
206.56, 96
206.56, 96
206.56, 96
206.56, 96
206.58, 96
206.58, 96
206.58, 96
206.63, 96
206.63, 96
206.63, 96
206.86, 96
206.87, 96
206.87, 96
206.87, 96
206.87, 96
206.88, 96
207.14, 96
207.16, 96
207.16, 96
207.16, 96
207.17, 96
207.17, 96
207.17, 96
207.18, 96
207.18, 96
207.18, 96
207.18, 96
207.31, 96
207.31, 96
207.32, 96
207.32, 96
207.32, 96
207.32, 96
207.32, 96
207.32, 96
207.83, 96
207.83, 96
207.83, 96
207.83, 96
207.84, 96
207.84, 96
207.96, 96
207.96, 96
207.97, 96
207.97, 96
207.97, 96
208.03, 96
208.03, 96
208.04, 96
208.06, 96
208.06, 96
208.06, 96
208.06, 96
208.06, 96
208.07, 96
208.07, 96
208.07, 96
208.07, 96
208.07, 96
208.07, 96
208.07, 96
208.07, 96
208.08, 96
208.31, 96
208.31, 96
208.61, 96
208.77, 96
208.77, 96
208.78, 96
208.78, 96
208.78, 96
208.78, 96
208.78, 96
208.78, 96
208.78, 96
208.78, 96
208.78, 96
208.78, 96
208.78, 96
208.79, 96
208.79, 96
208.79, 96
208.79, 96
208.79, 96
209.03, 96
209.08, 96
209.26, 96
209.28, 96
209.28, 96
209.29, 96
209.29, 96
209.55, 96
209.56, 96
209.56, 96
209.56, 96
209.56, 96
209.56, 96
209.56, 96
209.56, 96
209.57, 96
209.60, 96
209.63, 96
209.63, 96
209.65, 96
209.65, 96
209.65, 96
209.82, 96
209.82, 96
209.82, 96
209.95, 96
209.95, 96
209.95, 96
209.95, 96
209.95, 96
209.95, 96
209.96, 96
209.96, 96
209.96, 96
209.96, 96
209.96, 96
209.96, 96
209.98, 96
209.98, 96
209.99, 96
209.99, 96
209.99, 96
209.99, 96
209.99, 96
209.99, 96
210.04, 96
210.04, 96
210.04, 96
210.04, 96
210.04, 96
210.04, 96
210.04, 96
210.05, 96
210.13, 96
210.13, 96
210.13, 96
210.13, 96
210.19, 96
210.19, 96
210.19, 96
210.21, 96
210.23, 96
210.24, 96
210.36, 96
210.36, 96
210.37, 96
210.37, 96
210.40, 96
210.40, 96
210.42, 96
210.42, 96
210.42, 96
210.42, 96
210.78, 96
210.78, 96
210.81, 96
210.87, 96
210.87, 96
210.88, 96
210.89, 96
210.89, 96
210.89, 96
211.10, 96
211.10, 96
211.22, 96
211.40, 96
211.44, 96
211.44, 96
211.49, 96
211.50, 96
211.50, 96
211.51, 96
211.89, 96
211.89, 96
211.95, 96
211.95, 96
211.95, 96
212.28, 96
212.28, 96
212.35, 96
212.36, 96
212.36, 96
212.37, 96
212.37, 96
212.55, 96
212.58, 96
212.63, 96
212.68, 96
212.68, 96
212.68, 96
212.72, 96
212.72, 96
212.72, 96
212.72, 96
212.72, 96
212.73, 96
212.73, 96
212.73, 96
212.73, 96
212.73, 96
212.74, 96
212.74, 96
212.74, 96
212.74, 96
212.74, 96
212.78, 96
212.78, 96
212.78, 96
212.78, 96
212.78, 96
212.80, 96
212.84, 96
212.84, 96
212.84, 96
212.84, 96
212.84, 96
212.84, 96
212.84, 96
212.84, 96
213.12, 96
213.12, 96
213.13, 96
213.13, 96
213.19, 96
213.19, 96
213.20, 96
213.21, 96
213.21, 96
213.21, 96
213.22, 96
213.22, 96
213.22, 96
213.22, 96
213.24, 96
213.24, 96
213.25, 96
213.25, 96
213.25, 96
213.25, 96
213.25, 96
213.25, 96
213.26, 96
213.26, 96
213.26, 96
213.35, 96
213.35, 96
213.35, 96
213.36, 96
213.36, 96
213.36, 96
213.36, 96
213.36, 96
213.65, 96
213.65, 96
213.66, 96
213.66, 96
213.66, 96
213.78, 96
214.13, 96
214.13, 96
214.13, 96
214.13, 96
214.13, 96
214.13, 96
214.13, 96
214.23, 96
214.23, 96
214.23, 96
214.27, 96
214.31, 96
214.35, 96
214.36, 96
214.36, 96
214.36, 96
214.36, 96
214.36, 96
214.36, 96
214.36, 96
214.38, 96
214.38, 96
214.39, 96
215.08, 96
215.09, 96
215.17, 96
215.17, 96
215.18, 96
215.18, 96
215.22, 96
215.23, 96
215.42, 96
215.42, 96
215.42, 96
215.42, 96
215.42, 96
215.43, 96
215.73, 96
215.73, 96
215.73, 96
215.73, 96
215.73, 96
215.73, 96
215.74, 96
215.75, 96
215.75, 96
215.87, 96
215.87, 96
215.95, 96
216.07, 96
216.08, 96
216.19, 96
216.20, 96
216.21, 96
216.21, 96
216.30, 96
216.49, 96
216.49, 96
216.49, 96
216.49, 96
216.49, 96
216.59, 96
216.59, 96
216.60, 96
216.60, 96
217.09, 96
217.09, 96
217.09, 96
217.09, 96
217.10, 96
217.10, 96
217.10, 96
217.10, 96
217.10, 96
217.10, 96
217.10, 96
217.20, 96
217.20, 96
217.23, 96
217.53, 96
217.53, 96
217.70, 96
217.81, 96
217.81, 96
217.89, 96
217.89, 96
217.90, 96
217.90, 96
217.92, 96
217.92, 96
217.92, 96
217.93, 96
218.21, 96
218.22, 96
218.22, 96
218.22, 96
218.23, 96
218.26, 96
218.28, 96
218.28, 96
218.41, 96
218.62, 96
218.65, 96
218.65, 96
218.66, 96
218.87, 96
218.87, 96
218.91, 96
218.92, 96
218.92, 96
219.22, 96
219.32, 96
219.32, 96
219.33, 96
219.73, 96
219.89, 96
219.89, 96
219.89, 96
219.89, 96
219.92, 96
219.92, 96
219.94, 96
219.94, 96
219.95, 96
219.95, 96
219.95, 96
219.95, 96
219.96, 96
219.96, 96
219.97, 96
219.99, 96
219.99, 96
220.01, 96
220.01, 96
220.01, 96
220.06, 96
220.06, 96
220.06, 96
220.06, 96
220.06, 96
220.10, 96
220.10, 96
220.49, 96
220.64, 96
220.64, 96
220.64, 96
220.75, 96
220.75, 96
220.88, 96
220.88, 96
220.88, 96
220.88, 96
220.89, 96
220.89, 96
221.03, 96
221.08, 96
221.12, 96
221.12, 96
221.12, 96
221.12, 96
221.13, 96
221.38, 96
221.38, 96
221.38, 96
221.38, 96
221.53, 96
221.53, 96
221.65, 96
221.65, 96
221.80, 96
221.81, 96
221.81, 96
221.81, 96
221.82, 96
222.01, 96
222.23, 96
222.23, 96
222.48, 96
222.51, 96
222.72, 96
222.72, 96
222.72, 96
222.83, 96
222.83, 96
222.83, 96
222.83, 96
222.83, 96
222.83, 96
222.84, 96
222.85, 96
222.85, 96
222.86, 96
222.86, 96
222.87, 96
222.89, 96
222.89, 96
222.89, 96
222.89, 96
222.89, 96
222.89, 96
222.91, 96
222.91, 96
222.91, 96
222.91, 96
222.92, 96
222.92, 96
222.92, 96
222.96, 96
222.96, 96
222.96, 96
222.96, 96
222.96, 96
222.96, 96
222.96, 96
222.96, 96
222.97, 96
222.99, 96
222.99, 96
223.02, 96
223.08, 96
223.12, 96
223.12, 96
223.12, 96
223.12, 96
223.12, 96
223.13, 96
223.13, 96
223.57, 96
223.57, 96
223.64, 96
223.64, 96
223.64, 96
223.66, 96
223.66, 96
223.67, 96
223.67, 96
223.67, 96
223.68, 96
223.68, 96
223.68, 96
223.68, 96
223.68, 96
223.72, 96
223.72, 96
223.72, 96
223.84, 96
223.84, 96
223.84, 96
223.99, 96
223.99, 96
223.99, 96
224.13, 96
224.13, 96
224.14, 96
224.14, 96
224.14, 96
224.14, 96
224.14, 96
224.19, 96
224.49, 96
224.49, 96
224.49, 96
224.49, 96
224.49, 96
224.89, 96
224.89, 96
224.89, 96
224.89, 96
224.89, 96
224.89, 96
224.89, 96
224.89, 96
224.90, 96
224.90, 96
224.93, 96
224.93, 96
224.93, 96
225.08, 96
225.08, 96
225.08, 96
225.08, 96
225.26, 96
225.26, 96
225.27, 96
225.27, 96
225.27, 96
225.27, 96
225.27, 96
225.27, 96
225.30, 96
225.30, 96
225.41, 96
225.41, 96
225.41, 96
225.53, 96
225.53, 96
225.54, 96
225.59, 96
225.59, 96
225.59, 96
225.66, 96
225.66, 96
225.67, 96
225.68, 96
225.68, 96
225.68, 96
225.68, 96
226.32, 96
226.32, 96
226.32, 96
226.32, 96
226.35, 96
226.35, 96
226.89, 96
226.96, 96
226.96, 96
227.01, 96
227.02, 96
227.02, 96
227.02, 96
227.03, 96
227.04, 96
227.04, 96
227.04, 96
227.04, 96
227.05, 96
227.08, 96
227.08, 96
227.08, 96
227.08, 96
227.18, 96
227.18, 96
227.18, 96
227.18, 96
227.19, 96
227.19, 96
227.20, 96
227.20, 96
227.38, 96
227.49, 96
227.49, 96
227.82, 96
227.82, 96
227.82, 96
227.93, 96
227.94, 96
228.00, 96
228.00, 96
228.12, 96
228.12, 96
228.12, 96
228.25, 96
228.26, 96
228.26, 96
228.43, 96
228.43, 96
228.45, 96
228.58, 96
228.58, 96
228.58, 96
228.58, 96
228.58, 96
228.58, 96
228.58, 96
228.60, 96
228.60, 96
228.60, 96
228.65, 96
228.65, 96
228.65, 96
228.65, 96
228.65, 96
228.65, 96
228.85, 96
228.85, 96
228.85, 96
228.86, 96
228.86, 96
228.86, 96
228.86, 96
228.95, 96
228.95, 96
228.95, 96
228.96, 96
228.96, 96
228.99, 96
228.99, 96
228.99, 96
229.02, 96
229.02, 96
229.02, 96
229.03, 96
229.03, 96
229.03, 96
229.03, 96
229.05, 96
229.05, 96
229.05, 96
229.05, 96
229.05, 96
229.05, 96
229.05, 96
229.06, 96
229.06, 96
229.06, 96
229.06, 96
229.07, 96
229.07, 96
229.07, 96
229.30, 96
229.30, 96
229.30, 96
229.44, 96
229.44, 96
229.44, 96
229.46, 96
229.46, 96
229.46, 96
229.46, 96
229.49, 96
229.49, 96
229.54, 96
229.54, 96
229.54, 96
229.54, 96
229.54, 96
229.54, 96
229.54, 96
229.55, 96
229.55, 96
229.82, 96
229.85, 96
229.85, 96
229.85, 96
229.85, 96
230.41, 96
230.41, 96
230.42, 96
230.42, 96
230.42, 96
230.42, 96
230.50, 96
230.50, 96
230.51, 96
230.51, 96
230.51, 96
230.51, 96
230.51, 96
230.51, 96
230.51, 96
230.51, 96
230.51, 96
230.51, 96
230.52, 96
230.52, 96
230.52, 96
230.52, 96
230.53, 96
230.53, 96
230.53, 96
230.76, 96
230.76, 96
230.76, 96
230.76, 96
230.76, 96
230.77, 96
230.77, 96
230.77, 96
230.77, 96
230.77, 96
230.77, 96
230.77, 96
230.77, 96
230.78, 96
230.78, 96
230.78, 96
230.78, 96
230.78, 96
230.78, 96
230.79, 96
231.03, 96
231.03, 96
231.15, 96
231.37, 96
231.40, 96
231.42, 96
231.43, 96
231.43, 96
231.44, 96
231.66, 96
231.66, 96
231.85, 96
231.88, 96
231.88, 96
231.88, 96
231.88, 96
231.88, 96
231.89, 96
231.89, 96
231.89, 96
231.89, 96
231.90, 96
231.98, 96
231.99, 96
231.99, 96
231.99, 96
231.99, 96
231.99, 96
232.22, 96
232.22, 96
232.27, 96
232.27, 96
232.28, 96
232.28, 96
232.28, 96
232.28, 96
232.28, 96
232.30, 96
232.30, 96
232.30, 96
232.36, 96
232.40, 96
232.40, 96
232.41, 96
232.41, 96
232.41, 96
232.41, 96
232.44, 96
232.44, 96
232.44, 96
232.45, 96
232.45, 96
232.69, 96
232.69, 96
232.70, 96
232.71, 96
232.71, 96
232.71, 96
232.71, 96
232.71, 96
232.72, 96
232.72, 96
232.72, 96
232.72, 96
232.73, 96
232.73, 96
232.73, 96
232.73, 96
232.84, 96
232.85, 96
232.86, 96
232.86, 96
232.86, 96
232.87, 96
232.90, 96
232.90, 96
232.90, 96
232.90, 96
232.91, 96
232.92, 96
232.92, 96
233.00, 96
233.00, 96
233.00, 96
233.00, 96
233.03, 96
233.03, 96
233.03, 96
233.03, 96
233.03, 96
233.03, 96
233.03, 96
233.04, 96
233.11, 96
233.11, 96
233.11, 96
233.36, 96
233.36, 96
233.46, 96
233.47, 96
233.57, 96
233.57, 96
233.57, 96
233.59, 96
233.59, 96
233.59, 96
233.60, 96
233.60, 96
233.60, 96
233.60, 96
233.60, 96
233.69, 96
233.69, 96
233.69, 96
233.70, 96
233.70, 96
233.85, 96
233.85, 96
233.85, 96
233.85, 96
233.85, 96
233.86, 96
233.86, 96
233.86, 96
233.86, 96
233.88, 96
233.94, 96
233.95, 96
233.95, 96
233.95, 96
233.95, 96
233.95, 96
233.95, 96
233.96, 96
233.96, 96
233.96, 96
233.96, 96
233.97, 96
234.15, 96
234.15, 96
234.15, 96
234.25, 96
234.31, 96
234.33, 96
234.33, 96
234.34, 96
234.34, 96
234.35, 96
234.37, 96
234.37, 96
234.38, 96
234.38, 96
234.39, 96
234.41, 96
234.41, 96
234.42, 96
234.48, 96
234.48, 96
234.48, 96
234.48, 96
234.55, 96
234.56, 96
234.56, 96
234.56, 96
234.56, 96
234.56, 96
234.56, 96
234.56, 96
234.57, 96
234.57, 96
235.01, 96
235.01, 96
235.01, 96
235.01, 96
235.06, 96
235.07, 96
235.08, 96
235.08, 96
235.08, 96
235.08, 96
235.08, 96
235.08, 96
235.08, 96
235.08, 96
235.35, 96
235.43, 96
235.43, 96
235.43, 96
235.43, 96
235.43, 96
235.43, 96
235.52, 96
235.52, 96
235.52, 96
235.52, 96
235.52, 96
235.61, 96
235.61, 96
235.62, 96
235.62, 96
235.84, 96
235.84, 96
235.84, 96
235.84, 96
235.84, 96
236.15, 96
236.15, 96
236.16, 96
236.19, 96
236.19, 96
236.19, 96
236.19, 96
236.19, 96
236.19, 96
236.22, 96
236.22, 96
236.22, 96
236.23, 96
236.24, 96
236.24, 96
236.25, 96
236.36, 96
236.36, 96
236.36, 96
236.36, 96
236.36, 96
236.37, 96
236.37, 96
236.37, 96
236.37, 96
236.64, 96
236.65, 96
236.65, 96
236.65, 96
236.65, 96
236.65, 96
236.65, 96
236.65, 96
236.69, 96
236.69, 96
236.69, 96
236.69, 96
236.90, 96
236.91, 96
236.91, 96
236.91, 96
236.91, 96
236.96, 96
236.97, 96
236.98, 96
236.98, 96
236.98, 96
236.99, 96
237.00, 96
237.00, 96
237.00, 96
237.00, 96
237.03, 96
237.53, 96
237.55, 96
237.55, 96
237.55, 96
237.56, 96
237.56, 96
237.56, 96
237.56, 96
237.56, 96
237.56, 96
237.59, 96
237.59, 96
237.59, 96
237.59, 96
237.59, 96
237.59, 96
237.60, 96
237.60, 96
237.60, 96
237.67, 96
237.67, 96
237.68, 96
237.68, 96
237.68, 96
237.68, 96
237.68, 96
237.68, 96
237.97, 96
237.97, 96
237.97, 96
237.97, 96
238.01, 96
238.02, 96
238.02, 96
238.02, 96
238.02, 96
238.02, 96
238.22, 96
238.22, 96
238.23, 96
238.29, 96
238.30, 96
238.30, 96
238.62, 96
238.62, 96
238.62, 96
238.62, 96
238.71, 96
238.76, 96
238.76, 96
238.76, 96
238.76, 96
238.77, 96
238.77, 96
238.77, 96
238.77, 96
238.77, 96
238.77, 96
238.77, 96
238.84, 96
238.84, 96
238.84, 96
239.11, 96
239.11, 96
239.11, 96
239.11, 96
239.11, 96
239.11, 96
239.12, 96
239.12, 96
239.12, 96
239.12, 96
239.16, 96
239.16, 96
239.16, 96
239.17, 96
239.17, 96
239.17, 96
239.17, 96
239.20, 96
239.21, 96
239.29, 96
239.30, 96
239.30, 96
239.33, 96
239.33, 96
239.33, 96
239.34, 96
239.34, 96
239.35, 96
239.35, 96
239.35, 96
239.59, 96
239.66, 96
239.66, 96
239.66, 96
239.66, 96
239.87, 96
239.87, 96
