0.01, 102
0.01, 100
0.01, 99
0.02, 99
0.02, 99
0.02, 99
0.02, 99
0.02, 98
0.02, 98
0.02, 98
0.02, 98
0.02, 98
0.02, 98
0.02, 98
0.04, 98
0.04, 98
0.04, 98
0.04, 98
0.04, 98
0.04, 97
0.05, 97
0.05, 97
0.06, 97
0.06, 97
0.06, 97
0.06, 97
0.06, 97
0.07, 97
0.07, 97
0.07, 97
0.07, 97
0.07, 97
0.07, 97
0.08, 97
0.08, 97
0.08, 97
0.09, 97
0.09, 97
0.09, 97
0.09, 97
0.09, 97
0.09, 97
0.10, 97
0.10, 97
0.10, 97
0.11, 97
0.11, 97
0.11, 97
0.11, 97
0.11, 97
0.16, 97
0.16, 97
0.19, 97
0.19, 97
0.19, 97
0.19, 97
0.19, 97
0.19, 97
0.19, 97
0.20, 97
0.22, 97
0.23, 97
0.23, 97
0.23, 97
0.23, 97
0.24, 97
0.24, 97
0.24, 97
0.24, 97
0.24, 97
0.25, 97
0.25, 97
0.27, 97
0.27, 97
0.28, 97
0.28, 97
0.30, 97
0.30, 97
0.30, 97
0.30, 97
0.30, 97
0.30, 97
0.30, 97
0.30, 97
0.31, 97
0.32, 97
0.34, 97
0.34, 97
0.34, 97
0.34, 97
0.34, 97
0.34, 97
0.35, 97
0.35, 97
0.35, 97
0.35, 97
0.36, 97
0.36, 97
0.36, 97
0.36, 96
0.36, 96
0.36, 96
0.36, 96
0.38, 96
0.38, 96
0.40, 96
0.40, 96
0.40, 96
0.43, 96
0.43, 96
0.43, 96
0.46, 96
0.46, 96
0.46, 96
0.46, 96
0.50, 96
0.50, 96
0.50, 96
0.50, 96
0.75, 96
0.75, 96
0.75, 96
0.75, 96
0.75, 96
0.78, 96
0.78, 96
0.78, 96
0.81, 96
0.81, 96
0.85, 96
0.85, 96
0.85, 96
0.85, 96
0.85, 96
0.85, 96
0.85, 96
1.06, 96
1.09, 96
1.10, 96
1.10, 96
1.18, 96
1.18, 96
1.69, 96
1.69, 96
1.69, 96
1.69, 96
1.71, 96
1.72, 96
1.72, 96
1.72, 96
1.72, 96
1.72, 96
1.74, 96
1.76, 96
1.76, 96
1.76, 96
1.76, 96
1.83, 96
1.84, 96
1.84, 96
1.84, 96
1.84, 96
1.84, 96
1.88, 96
1.88, 96
1.88, 96
1.91, 96
1.91, 96
1.93, 96
1.93, 96
1.94, 96
1.94, 96
1.95, 96
1.96, 96
1.96, 96
1.96, 96
1.96, 96
1.96, 96
1.97, 96
1.98, 96
1.98, 96
1.98, 96
1.98, 96
2.36, 96
2.37, 96
2.37, 96
2.37, 96
2.37, 96
2.38, 96
2.38, 96
2.38, 96
2.82, 96
2.83, 96
2.83, 96
2.96, 96
2.96, 96
2.96, 96
2.96, 96
2.96, 96
2.96, 96
2.96, 96
3.13, 96
3.17, 96
3.17, 96
3.17, 96
3.17, 96
3.18, 96
3.18, 96
3.18, 96
3.18, 96
3.19, 96
3.19, 96
3.19, 96
3.19, 96
3.19, 96
3.19, 96
3.19, 96
3.19, 96
3.22, 96
3.22, 96
3.24, 96
3.24, 96
3.24, 96
3.24, 96
3.24, 96
3.24, 96
3.24, 96
3.24, 96
3.25, 96
3.25, 96
3.25, 96
3.25, 96
3.25, 96
3.25, 96
3.26, 96
3.26, 96
3.26, 96
3.28, 96
3.28, 96
3.28, 96
3.28, 96
3.28, 96
3.29, 96
3.30, 96
3.30, 96
3.31, 96
3.31, 96
3.31, 96
3.31, 96
3.31, 96
3.31, 96
3.33, 96
3.33, 96
3.33, 96
3.33, 96
3.33, 96
3.36, 96
3.36, 96
3.36, 96
3.36, 96
3.50, 96
3.50, 96
3.50, 96
3.53, 96
3.55, 96
3.55, 96
3.55, 96
3.55, 96
3.55, 96
3.55, 96
3.55, 96
3.55, 96
3.66, 96
3.66, 96
3.67, 96
3.67, 96
3.72, 96
3.73, 96
3.76, 96
3.76, 96
3.77, 96
3.77, 96
3.77, 96
3.77, 96
3.77, 96
3.78, 96
3.78, 96
3.78, 96
3.88, 96
3.88, 96
3.88, 96
3.88, 96
3.88, 96
3.89, 96
3.89, 96
3.96, 96
3.96, 96
3.97, 96
3.97, 96
3.97, 96
3.97, 96
3.98, 96
3.98, 96
3.98, 96
3.98, 96
3.99, 96
3.99, 96
3.99, 96
3.99, 96
3.99, 96
4.00, 96
4.04, 96
4.04, 96
4.04, 96
4.05, 96
4.05, 96
4.12, 96
4.12, 96
4.12, 96
4.12, 96
4.12, 96
4.12, 96
4.12, 96
4.13, 96
4.13, 96
4.29, 96
4.60, 96
4.68, 96
4.68, 96
4.69, 96
4.69, 96
4.69, 96
4.70, 96
4.70, 96
4.71, 96
4.71, 96
4.71, 96
4.71, 96
4.71, 96
4.72, 96
4.72, 96
4.81, 96
4.81, 96
4.81, 96
4.81, 96
4.81, 96
4.81, 96
4.92, 96
4.92, 96
4.92, 96
4.95, 96
4.95, 96
5.08, 96
5.08, 96
5.08, 96
5.08, 96
5.09, 96
5.10, 96
5.10, 96
5.12, 96
5.15, 96
5.15, 96
5.15, 96
5.16, 96
5.16, 96
5.16, 96
5.16, 96
5.16, 96
5.16, 96
5.16, 96
5.17, 96
5.17, 96
5.19, 96
5.19, 96
5.22, 96
5.23, 96
5.23, 96
5.23, 96
5.23, 96
5.23, 96
5.23, 96
5.27, 96
5.27, 96
5.27, 96
5.27, 96
5.27, 96
5.27, 96
5.31, 96
5.31, 96
5.31, 96
5.31, 96
5.31, 96
5.35, 96
5.36, 96
5.38, 96
5.41, 96
5.41, 96
5.41, 96
5.41, 96
5.41, 96
5.42, 96
5.46, 96
5.46, 96
5.46, 96
5.46, 96
5.46, 96
5.46, 96
5.46, 96
5.46, 96
5.46, 96
5.46, 96
5.47, 96
5.47, 96
5.47, 96
5.50, 96
5.50, 96
5.51, 96
5.51, 96
5.52, 96
5.52, 96
5.52, 96
5.96, 96
5.96, 96
5.96, 96
5.96, 96
5.97, 96
5.97, 96
5.97, 96
5.97, 96
5.99, 96
5.99, 96
6.01, 96
6.02, 96
6.05, 96
6.06, 96
6.07, 96
6.07, 96
6.08, 96
6.08, 96
6.08, 96
6.28, 96
6.28, 96
6.28, 96
6.28, 96
6.29, 96
6.29, 96
6.29, 96
6.29, 96
6.30, 96
6.30, 96
6.30, 96
6.30, 96
6.30, 96
6.31, 96
6.40, 96
6.41, 96
6.42, 96
6.42, 96
6.42, 96
6.43, 96
6.43, 96
6.43, 96
6.43, 96
6.43, 96
6.43, 96
6.43, 96
6.44, 96
6.46, 96
6.46, 96
6.46, 96
6.47, 96
6.56, 96
6.66, 96
6.66, 96
6.66, 96
6.66, 96
6.66, 96
6.80, 96
6.81, 96
6.92, 96
6.92, 96
6.93, 96
7.02, 96
7.02, 96
7.64, 96
7.99, 96
8.05, 96
8.05, 96
8.50, 96
8.63, 96
8.63, 96
8.66, 96
8.66, 96
8.86, 96
8.86, 96
9.12, 96
9.33, 96
9.41, 96
9.41, 96
9.41, 96
9.57, 96
9.59, 96
9.85, 96
9.86, 96
10.07, 96
10.17, 96
10.17, 96
10.22, 96
10.23, 96
10.23, 96
10.27, 96
10.28, 96
10.29, 96
10.29, 96
10.29, 96
10.30, 96
10.30, 96
10.30, 96
10.30, 96
10.31, 96
10.31, 96
10.31, 96
10.32, 96
10.32, 96
10.32, 96
10.32, 96
10.32, 96
10.33, 96
10.36, 96
10.36, 96
10.42, 96
10.43, 96
10.43, 96
10.43, 96
10.43, 96
10.43, 96
10.43, 96
10.43, 96
10.43, 96
10.47, 96
10.52, 96
10.52, 96
10.53, 96
10.53, 96
10.53, 96
10.53, 96
10.59, 96
10.68, 96
10.68, 96
10.68, 96
10.69, 96
10.69, 96
10.69, 96
10.69, 96
10.69, 96
10.69, 96
10.69, 96
10.69, 96
10.71, 96
10.71, 96
10.71, 96
10.73, 96
10.73, 96
10.80, 96
10.80, 96
10.84, 96
10.84, 96
10.85, 96
10.86, 96
10.86, 96
10.86, 96
10.91, 96
10.92, 96
10.92, 96
10.92, 96
10.92, 96
10.92, 96
10.92, 96
10.92, 96
10.92, 96
10.92, 96
10.92, 96
10.93, 96
10.93, 96
11.13, 96
11.13, 96
11.44, 96
11.50, 96
11.51, 96
11.52, 96
11.52, 96
11.56, 96
11.56, 96
11.57, 96
11.58, 96
11.86, 96
11.86, 96
11.86, 96
11.87, 96
12.04, 96
12.04, 96
12.04, 96
12.04, 96
12.04, 96
12.04, 96
12.04, 96
12.04, 96
12.05, 96
12.05, 96
12.05, 96
12.09, 96
12.09, 96
12.09, 96
12.10, 96
12.10, 96
12.10, 96
12.10, 96
12.10, 96
12.10, 96
12.10, 96
12.10, 96
12.10, 96
12.11, 96
12.11, 96
12.11, 96
12.85, 96
12.86, 96
12.86, 96
12.86, 96
12.86, 96
12.86, 96
12.86, 96
12.87, 96
12.87, 96
12.87, 96
12.87, 96
12.87, 96
12.87, 96
12.87, 96
12.98, 96
12.98, 96
13.10, 96
13.10, 96
13.10, 96
13.11, 96
13.15, 96
13.15, 96
13.15, 96
13.15, 96
13.15, 96
13.15, 96
13.16, 96
13.16, 96
13.16, 96
13.16, 96
13.18, 96
13.18, 96
13.18, 96
13.20, 96
13.20, 96
13.20, 96
13.20, 96
13.21, 96
13.21, 96
13.29, 96
13.29, 96
13.30, 96
13.30, 96
13.32, 96
13.32, 96
13.32, 96
13.33, 96
13.33, 96
13.33, 96
13.75, 96
13.75, 96
13.75, 96
13.75, 96
13.75, 96
13.75, 96
13.75, 96
13.75, 96
13.76, 96
13.76, 96
13.77, 96
14.07, 96
14.07, 96
14.07, 96
14.07, 96
14.20, 96
14.20, 96
14.35, 96
14.35, 96
14.35, 96
14.35, 96
14.42, 96
14.59, 96
14.59, 96
14.59, 96
14.60, 96
14.60, 96
14.60, 96
14.60, 96
14.60, 96
14.60, 96
14.61, 96
14.81, 96
14.81, 96
14.81, 96
14.81, 96
14.81, 96
14.82, 96
14.82, 96
14.86, 96
14.86, 96
14.86, 96
14.86, 96
14.86, 96
14.86, 96
14.86, 96
14.87, 96
14.87, 96
14.87, 96
14.87, 96
14.87, 96
14.87, 96
14.94, 96
14.95, 96
14.95, 96
14.98, 96
14.98, 96
14.98, 96
14.98, 96
14.98, 96
14.98, 96
14.98, 96
14.98, 96
14.99, 96
14.99, 96
14.99, 96
14.99, 96
15.21, 96
15.21, 96
15.24, 96
15.24, 96
15.24, 96
15.27, 96
15.27, 96
15.27, 96
15.28, 96
15.28, 96
15.33, 96
15.33, 96
15.33, 96
15.33, 96
15.48, 96
15.48, 96
15.48, 96
15.48, 96
15.48, 96
15.48, 96
15.48, 96
15.48, 96
15.49, 96
15.64, 96
15.67, 96
15.67, 96
15.67, 96
15.69, 96
15.69, 96
15.71, 96
15.96, 96
16.06, 96
16.06, 96
16.07, 96
16.39, 96
16.39, 96
16.51, 96
16.51, 96
16.51, 96
16.51, 96
16.51, 96
16.51, 96
16.51, 96
16.52, 96
16.52, 96
16.52, 96
16.52, 96
16.52, 96
16.74, 96
16.74, 96
16.74, 96
16.75, 96
16.75, 96
16.75, 96
16.75, 96
16.75, 96
16.75, 96
16.79, 96
16.79, 96
16.79, 96
16.79, 96
16.94, 96
16.94, 96
16.94, 96
16.94, 96
16.95, 96
16.95, 96
16.95, 96
16.95, 96
16.96, 96
16.96, 96
16.96, 96
16.96, 96
16.96, 96
16.98, 96
17.04, 96
17.04, 96
17.04, 96
17.04, 96
17.04, 96
17.06, 96
17.06, 96
17.09, 96
17.10, 96
17.10, 96
17.14, 96
17.14, 96
17.18, 96
17.20, 96
17.20, 96
17.21, 96
17.43, 96
17.43, 96
17.55, 96
17.57, 96
17.58, 96
17.58, 96
17.58, 96
17.58, 96
17.58, 96
17.58, 96
17.58, 96
17.58, 96
17.65, 96
17.65, 96
17.66, 96
17.70, 96
17.80, 96
17.80, 96
17.80, 96
17.82, 96
17.82, 96
17.82, 96
17.82, 96
17.82, 96
17.85, 96
17.87, 96
17.87, 96
17.88, 96
17.88, 96
17.93, 96
18.04, 96
18.21, 96
18.21, 96
18.21, 96
18.21, 96
18.21, 96
18.21, 96
18.39, 96
18.39, 96
18.56, 96
18.56, 96
18.56, 96
18.56, 96
18.57, 96
18.67, 96
18.71, 96
18.71, 96
18.73, 96
18.73, 96
18.73, 96
18.73, 96
18.83, 96
18.85, 96
18.85, 96
18.85, 96
18.87, 96
18.87, 96
18.87, 96
18.87, 96
18.87, 96
18.87, 96
18.93, 96
19.00, 96
19.00, 96
19.00, 96
19.00, 96
19.01, 96
19.02, 96
19.02, 96
19.02, 96
19.05, 96
19.05, 96
19.10, 96
19.35, 96
19.49, 96
19.50, 96
19.50, 96
19.50, 96
19.52, 96
19.52, 96
19.52, 96
19.52, 96
19.54, 96
19.55, 96
19.55, 96
19.55, 96
19.58, 96
19.62, 96
19.90, 96
19.90, 96
20.12, 96
20.12, 96
20.12, 96
20.13, 96
20.13, 96
20.13, 96
20.15, 96
20.15, 96
20.15, 96
20.16, 96
20.16, 96
20.16, 96
20.16, 96
20.16, 96
20.16, 96
20.28, 96
20.28, 96
20.38, 96
20.38, 96
20.43, 96
20.43, 96
20.43, 96
20.43, 96
20.44, 96
20.44, 96
20.44, 96
20.44, 96
20.45, 96
20.75, 96
20.75, 96
20.76, 96
20.76, 96
20.76, 96
20.76, 96
20.76, 96
20.76, 96
20.86, 96
20.86, 96
20.86, 96
20.86, 96
20.93, 96
20.93, 96
20.93, 96
20.93, 96
20.93, 96
20.95, 96
20.96, 96
20.96, 96
20.96, 96
20.96, 96
20.96, 96
20.96, 96
21.00, 96
21.00, 96
21.00, 96
21.15, 96
21.15, 96
21.19, 96
21.20, 96
21.20, 96
21.31, 96
21.66, 96
21.66, 96
21.67, 96
21.67, 96
21.68, 96
21.69, 96
21.69, 96
21.72, 96
21.72, 96
21.72, 96
21.72, 96
21.72, 96
21.77, 96
21.77, 96
21.77, 96
21.78, 96
21.94, 96
21.94, 96
21.94, 96
21.94, 96
21.94, 96
21.94, 96
21.95, 96
21.95, 96
22.23, 96
22.46, 96
22.46, 96
22.51, 96
22.51, 96
22.77, 96
22.77, 96
22.77, 96
22.77, 96
22.77, 96
22.77, 96
22.77, 96
22.78, 96
22.78, 96
22.78, 96
22.81, 96
22.82, 96
22.91, 96
22.95, 96
22.95, 96
22.95, 96
22.95, 96
22.96, 96
22.97, 96
22.97, 96
22.97, 96
22.97, 96
22.97, 96
22.97, 96
22.97, 96
22.97, 96
22.97, 96
22.97, 96
22.98, 96
22.98, 96
23.03, 96
23.04, 96
23.04, 96
23.12, 96
23.12, 96
23.13, 96
23.13, 96
23.13, 96
23.15, 96
23.15, 96
23.20, 96
23.20, 96
23.20, 96
23.20, 96
23.53, 96
23.53, 96
23.53, 96
23.53, 96
23.55, 96
23.62, 96
23.62, 96
23.62, 96
23.62, 96
23.62, 96
23.62, 96
23.77, 96
23.78, 96
23.79, 96
23.79, 96
23.79, 96
23.82, 96
23.90, 96
23.90, 96
23.91, 96
24.13, 96
24.13, 96
24.13, 96
24.13, 96
24.23, 96
24.23, 96
24.23, 96
24.24, 96
24.24, 96
24.24, 96
24.31, 96
24.31, 96
24.31, 96
24.31, 96
24.31, 96
24.31, 96
24.32, 96
24.32, 96
24.32, 96
24.32, 96
24.33, 96
24.34, 96
24.34, 96
24.34, 96
24.34, 96
24.34, 96
24.34, 96
24.34, 96
24.34, 96
24.35, 96
24.35, 96
24.36, 96
24.36, 96
24.36, 96
24.38, 96
24.60, 96
24.92, 96
24.92, 96
24.93, 96
24.93, 96
24.93, 96
24.93, 96
24.97, 96
24.97, 96
24.97, 96
24.97, 96
24.97, 96
25.10, 96
25.11, 96
25.11, 96
25.12, 96
25.31, 96
25.32, 96
25.32, 96
25.33, 96
25.33, 96
25.33, 96
25.46, 96
25.71, 96
25.72, 96
25.72, 96
25.73, 96
25.73, 96
25.74, 96
25.74, 96
25.74, 96
25.76, 96
25.76, 96
25.80, 96
25.80, 96
25.81, 96
25.82, 96
25.82, 96
25.82, 96
25.82, 96
25.83, 96
25.83, 96
25.84, 96
25.91, 96
25.91, 96
25.91, 96
25.91, 96
25.91, 96
25.91, 96
26.13, 96
26.13, 96
26.14, 96
26.14, 96
26.26, 96
26.34, 96
26.35, 96
26.36, 96
26.36, 96
26.36, 96
26.36, 96
26.36, 96
26.36, 96
26.36, 96
26.36, 96
26.37, 96
26.37, 96
26.58, 96
26.69, 96
26.69, 96
26.69, 96
26.69, 96
26.70, 96
26.70, 96
26.70, 96
26.70, 96
26.70, 96
26.70, 96
26.76, 96
26.76, 96
26.79, 96
26.80, 96
26.80, 96
26.80, 96
26.80, 96
26.80, 96
26.80, 96
26.80, 96
26.82, 96
26.83, 96
26.83, 96
26.83, 96
26.84, 96
26.94, 96
26.94, 96
26.94, 96
26.94, 96
26.94, 96
26.98, 96
26.98, 96
26.98, 96
26.98, 96
26.98, 96
26.98, 96
26.98, 96
27.05, 96
27.06, 96
27.06, 96
27.06, 96
27.06, 96
27.16, 96
27.16, 96
27.17, 96
27.17, 96
27.58, 96
27.58, 96
27.58, 96
27.58, 96
27.58, 96
27.64, 96
27.64, 96
27.64, 96
27.64, 96
27.71, 96
27.71, 96
27.71, 96
27.73, 96
27.73, 96
27.74, 96
27.77, 96
27.78, 96
27.78, 96
27.78, 96
27.82, 96
27.82, 96
27.82, 96
27.82, 96
27.82, 96
27.83, 96
27.84, 96
27.85, 96
27.85, 96
27.86, 96
27.86, 96
27.86, 96
27.86, 96
27.86, 96
27.86, 96
27.87, 96
28.10, 96
28.10, 96
28.11, 96
28.11, 96
28.11, 96
28.11, 96
28.11, 96
28.12, 96
28.12, 96
28.12, 96
28.14, 96
28.14, 96
28.16, 96
28.16, 96
28.16, 96
28.28, 96
28.28, 96
28.28, 96
28.82, 96
28.86, 96
29.05, 96
29.05, 96
29.05, 96
29.12, 96
29.12, 96
29.12, 96
29.13, 96
29.13, 96
29.13, 96
29.14, 96
29.44, 96
29.45, 96
29.48, 96
29.48, 96
29.48, 96
29.55, 96
29.56, 96
29.56, 96
29.56, 96
29.56, 96
29.56, 96
29.57, 96
29.57, 96
29.57, 96
29.57, 96
29.57, 96
29.57, 96
29.57, 96
29.58, 96
29.58, 96
29.58, 96
29.58, 96
29.66, 96
29.66, 96
29.66, 96
29.67, 96
29.67, 96
29.67, 96
29.67, 96
29.67, 96
29.68, 96
29.68, 96
29.68, 96
29.69, 96
29.72, 96
29.72, 96
29.77, 96
29.77, 96
29.77, 96
29.77, 96
29.77, 96
29.86, 96
29.87, 96
29.87, 96
29.87, 96
29.89, 96
29.89, 96
29.89, 96
29.95, 96
29.95, 96
29.96, 96
29.96, 96
29.96, 96
29.96, 96
30.01, 96
30.01, 96
30.01, 96
30.02, 96
30.02, 96
30.02, 96
30.04, 96
30.04, 96
30.04, 96
30.05, 96
30.05, 96
30.05, 96
30.05, 96
30.08, 96
30.09, 96
30.13, 96
30.15, 96
30.15, 96
30.15, 96
30.15, 96
30.15, 96
30.15, 96
30.16, 96
30.16, 96
30.16, 96
30.16, 96
30.16, 96
30.27, 96
30.27, 96
30.27, 96
30.37, 96
30.37, 96
30.37, 96
30.38, 96
30.39, 96
30.45, 96
30.47, 96
30.47, 96
30.47, 96
30.77, 96
30.79, 96
30.79, 96
31.11, 96
31.11, 96
31.11, 96
31.11, 96
31.11, 96
31.11, 96
31.24, 96
31.24, 96
31.24, 96
31.25, 96
31.25, 96
31.25, 96
31.28, 96
31.29, 96
31.29, 96
31.29, 96
31.31, 96
31.31, 96
31.32, 96
31.33, 96
31.33, 96
31.33, 96
31.66, 96
31.66, 96
31.66, 96
31.66, 96
31.66, 96
31.87, 96
31.87, 96
31.87, 96
32.23, 96
32.23, 96
32.23, 96
32.23, 96
32.23, 96
32.29, 96
32.29, 96
32.33, 96
32.33, 96
32.33, 96
32.33, 96
32.34, 96
32.34, 96
32.34, 96
32.34, 96
32.34, 96
32.34, 96
32.41, 96
32.41, 96
32.46, 96
32.46, 96
32.46, 96
32.47, 96
32.47, 96
32.47, 96
32.52, 96
32.53, 96
32.53, 96
32.53, 96
32.53, 96
32.53, 96
32.54, 96
32.54, 96
32.61, 96
32.61, 96
32.61, 96
32.61, 96
32.61, 96
32.71, 96
32.71, 96
32.71, 96
32.71, 96
32.71, 96
32.71, 96
32.72, 96
32.72, 96
32.72, 96
32.74, 96
32.74, 96
32.74, 96
32.75, 96
32.76, 96
32.76, 96
32.76, 96
32.76, 96
32.76, 96
32.76, 96
32.77, 96
32.77, 96
32.77, 96
32.77, 96
32.80, 96
32.80, 96
32.80, 96
32.80, 96
32.82, 96
32.82, 96
32.98, 96
32.99, 96
33.00, 96
33.00, 96
33.00, 96
33.01, 96
33.11, 96
33.11, 96
33.12, 96
33.13, 96
33.18, 96
33.19, 96
33.19, 96
33.19, 96
33.19, 96
33.20, 96
33.21, 96
33.23, 96
33.24, 96
33.24, 96
33.25, 96
33.25, 96
33.25, 96
33.25, 96
33.25, 96
33.25, 96
33.25, 96
33.25, 96
33.26, 96
33.39, 96
33.39, 96
33.39, 96
33.39, 96
33.39, 96
33.40, 96
33.40, 96
33.40, 96
33.41, 96
33.41, 96
33.41, 96
33.41, 96
33.41, 96
33.41, 96
33.42, 96
33.42, 96
33.59, 96
33.59, 96
33.59, 96
33.63, 96
33.63, 96
33.63, 96
33.67, 96
33.67, 96
33.83, 96
33.83, 96
33.83, 96
33.83, 96
33.83, 96
33.85, 96
33.85, 96
33.85, 96
33.85, 96
33.85, 96
33.85, 96
33.86, 96
33.86, 96
33.86, 96
33.86, 96
33.93, 96
33.93, 96
33.93, 96
33.98, 96
33.98, 96
33.98, 96
33.98, 96
33.98, 96
33.99, 96
33.99, 96
33.99, 96
33.99, 96
33.99, 96
33.99, 96
34.05, 96
34.05, 96
34.05, 96
34.31, 96
34.31, 96
34.31, 96
34.32, 96
34.37, 96
34.37, 96
34.39, 96
34.39, 96
34.43, 96
34.53, 96
34.53, 96
34.53, 96
34.54, 96
34.59, 96
34.59, 96
34.60, 96
34.61, 96
34.61, 96
34.61, 96
34.63, 96
34.63, 96
34.63, 96
34.64, 96
34.64, 96
34.83, 96
34.83, 96
34.84, 96
34.84, 96
34.84, 96
34.84, 96
35.52, 96
35.53, 96
35.64, 96
35.65, 96
35.65, 96
35.65, 96
35.65, 96
35.65, 96
35.66, 96
35.66, 96
35.66, 96
35.80, 96
35.80, 96
35.80, 96
35.80, 96
35.84, 96
35.85, 96
35.85, 96
35.86, 96
35.99, 96
35.99, 96
35.99, 96
35.99, 96
35.99, 96
35.99, 96
36.00, 96
36.00, 96
36.00, 96
36.00, 96
36.00, 96
36.00, 96
36.01, 96
36.01, 96
36.01, 96
36.01, 96
36.01, 96
36.01, 96
36.01, 96
36.02, 96
36.03, 96
36.03, 96
36.03, 96
36.04, 96
36.04, 96
36.11, 96
36.11, 96
36.11, 96
36.11, 96
36.12, 96
36.12, 96
36.18, 96
36.20, 96
36.20, 96
36.20, 96
36.21, 96
36.21, 96
36.21, 96
36.22, 96
36.36, 96
36.46, 96
36.47, 96
36.47, 96
36.52, 96
36.57, 96
36.58, 96
36.61, 96
36.62, 96
36.62, 96
36.62, 96
36.62, 96
36.62, 96
36.62, 96
36.62, 96
36.63, 96
36.63, 96
36.64, 96
36.64, 96
36.64, 96
36.80, 96
36.81, 96
36.81, 96
36.81, 96
36.81, 96
36.85, 96
36.87, 96
36.87, 96
36.87, 96
36.87, 96
36.93, 96
36.93, 96
36.93, 96
36.94, 96
36.94, 96
36.94, 96
36.94, 96
36.95, 96
36.95, 96
36.99, 96
37.09, 96
37.51, 96
37.51, 96
37.52, 96
37.52, 96
37.52, 96
37.52, 96
37.52, 96
37.53, 96
37.53, 96
37.59, 96
37.59, 96
37.59, 96
37.59, 96
37.70, 96
37.70, 96
37.70, 96
37.71, 96
37.71, 96
37.82, 96
37.83, 96
37.88, 96
37.88, 96
37.88, 96
37.88, 96
37.89, 96
37.89, 96
37.89, 96
37.89, 96
37.89, 96
37.89, 96
37.89, 96
37.90, 96
37.90, 96
37.90, 96
37.94, 96
37.94, 96
38.27, 96
38.27, 96
38.27, 96
38.28, 96
38.28, 96
38.28, 96
38.28, 96
38.28, 96
38.28, 96
38.31, 96
38.40, 96
38.52, 96
38.52, 96
38.52, 96
38.52, 96
38.52, 96
38.53, 96
38.53, 96
38.53, 96
38.53, 96
38.53, 96
38.53, 96
38.53, 96
38.54, 96
38.54, 96
38.54, 96
38.54, 96
38.55, 96
38.55, 96
38.56, 96
38.56, 96
38.66, 96
38.66, 96
38.90, 96
38.95, 96
38.95, 96
38.98, 96
38.99, 96
38.99, 96
38.99, 96
38.99, 96
39.30, 96
39.31, 96
39.38, 96
39.38, 96
39.39, 96
39.39, 96
39.41, 96
39.42, 96
39.42, 96
39.42, 96
39.42, 96
39.42, 96
39.56, 96
39.56, 96
39.57, 96
39.61, 96
40.22, 96
40.23, 96
40.23, 96
40.23, 96
40.26, 96
40.26, 96
40.36, 96
40.36, 96
40.37, 96
40.37, 96
40.37, 96
40.47, 96
40.48, 96
40.50, 96
40.50, 96
40.50, 96
40.50, 96
40.50, 96
40.52, 96
40.53, 96
40.53, 96
40.53, 96
40.54, 96
40.54, 96
40.54, 96
40.54, 96
40.54, 96
40.55, 96
40.82, 96
40.82, 96
40.82, 96
40.82, 96
40.82, 96
40.82, 96
40.88, 96
40.88, 96
40.95, 96
40.95, 96
40.96, 96
41.04, 96
41.04, 96
41.04, 96
41.14, 96
41.14, 96
41.32, 96
41.34, 96
41.34, 96
41.34, 96
41.43, 96
41.43, 96
41.44, 96
41.70, 96
41.72, 96
41.73, 96
41.74, 96
41.74, 96
41.74, 96
41.75, 96
41.75, 96
41.88, 96
41.88, 96
41.88, 96
41.89, 96
42.30, 96
42.36, 96
42.36, 96
42.43, 96
42.43, 96
42.46, 96
42.51, 96
42.51, 96
42.51, 96
42.51, 96
42.51, 96
42.54, 96
42.54, 96
42.55, 96
42.66, 96
42.66, 96
42.67, 96
42.77, 96
42.77, 96
42.77, 96
42.78, 96
42.78, 96
42.79, 96
42.85, 96
42.87, 96
42.87, 96
42.91, 96
42.91, 96
42.92, 96
42.92, 96
42.92, 96
43.10, 96
43.25, 96
43.28, 96
43.28, 96
43.32, 96
43.36, 96
43.36, 96
43.37, 96
43.37, 96
43.37, 96
43.37, 96
43.37, 96
43.37, 96
43.57, 96
43.57, 96
43.60, 96
43.60, 96
43.61, 96
43.61, 96
43.61, 96
43.67, 96
43.68, 96
43.68, 96
43.68, 96
43.69, 96
43.69, 96
43.69, 96
43.69, 96
43.71, 96
44.08, 96
44.17, 96
44.18, 96
44.19, 96
44.19, 96
44.19, 96
44.19, 96
44.20, 96
44.29, 96
44.29, 96
44.30, 96
44.30, 96
44.30, 96
44.30, 96
44.31, 96
44.31, 96
44.56, 96
44.56, 96
44.56, 96
44.56, 96
44.57, 96
44.76, 96
44.76, 96
44.76, 96
44.76, 96
44.90, 96
44.91, 96
45.21, 96
45.21, 96
45.21, 96
45.21, 96
45.27, 96
45.27, 96
45.46, 96
45.46, 96
45.46, 96
45.46, 96
45.46, 96
45.46, 96
45.46, 96
45.46, 96
45.47, 96
45.47, 96
45.47, 96
45.47, 96
45.47, 96
45.50, 96
45.50, 96
45.51, 96
45.51, 96
45.51, 96
45.62, 96
45.66, 96
45.66, 96
45.66, 96
46.06, 96
46.11, 96
46.11, 96
46.18, 96
46.20, 96
46.20, 96
46.20, 96
46.20, 96
46.23, 96
46.23, 96
46.23, 96
46.23, 96
46.23, 96
46.24, 96
46.24, 96
46.24, 96
46.24, 96
46.39, 96
46.53, 96
46.53, 96
46.58, 96
46.58, 96
46.59, 96
46.59, 96
46.74, 96
47.05, 96
47.08, 96
47.08, 96
47.09, 96
47.09, 96
47.47, 96
47.48, 96
47.49, 96
47.49, 96
47.52, 96
47.53, 96
47.53, 96
47.53, 96
47.54, 96
47.54, 96
47.54, 96
47.54, 96
47.55, 96
47.55, 96
47.55, 96
47.55, 96
47.55, 96
47.55, 96
47.56, 96
47.66, 96
47.66, 96
47.66, 96
47.66, 96
47.66, 96
47.66, 96
47.67, 96
47.67, 96
47.68, 96
47.80, 96
47.80, 96
47.81, 96
47.84, 96
47.84, 96
47.84, 96
48.00, 96
48.00, 96
48.00, 96
48.00, 96
48.00, 96
48.01, 96
48.03, 96
48.03, 96
48.26, 96
48.27, 96
48.27, 96
48.27, 96
48.27, 96
48.45, 96
48.45, 96
48.45, 96
48.46, 96
48.46, 96
48.46, 96
48.55, 96
48.55, 96
48.57, 96
48.57, 96
48.57, 96
48.57, 96
48.62, 96
48.63, 96
48.93, 96
48.94, 96
49.56, 96
49.56, 96
49.60, 96
49.60, 96
49.60, 96
49.60, 96
49.61, 96
49.61, 96
49.77, 96
49.77, 96
49.93, 96
49.93, 96
50.05, 96
50.05, 96
50.05, 96
50.05, 96
50.08, 96
50.08, 96
50.09, 96
50.09, 96
50.09, 96
50.09, 96
50.09, 96
50.09, 96
50.09, 96
50.10, 96
50.10, 96
50.10, 96
50.14, 96
50.14, 96
50.14, 96
50.14, 96
50.14, 96
50.31, 96
50.31, 96
50.31, 96
50.33, 96
50.41, 96
50.41, 96
50.41, 96
50.43, 96
50.43, 96
50.46, 96
50.49, 96
50.49, 96
50.49, 96
50.49, 96
50.50, 96
50.53, 96
50.59, 96
50.60, 96
50.73, 96
50.74, 96
50.74, 96
50.74, 96
50.74, 96
50.74, 96
50.74, 96
50.74, 96
50.74, 96
50.78, 96
50.81, 96
50.81, 96
50.81, 96
50.81, 96
50.82, 96
50.96, 96
50.97, 96
51.20, 96
51.21, 96
51.21, 96
51.39, 96
51.42, 96
51.45, 96
51.45, 96
51.45, 96
51.45, 96
51.45, 96
51.46, 96
51.46, 96
51.47, 96
51.47, 96
51.56, 96
51.56, 96
51.56, 96
51.56, 96
51.57, 96
51.57, 96
51.57, 96
51.57, 96
51.57, 96
51.57, 96
51.57, 96
51.57, 96
51.68, 96
51.71, 96
51.71, 96
51.71, 96
51.71, 96
51.71, 96
51.71, 96
51.71, 96
51.84, 96
51.84, 96
52.32, 96
52.32, 96
52.33, 96
52.33, 96
52.33, 96
52.35, 96
52.35, 96
52.50, 96
52.50, 96
52.51, 96
52.51, 96
52.51, 96
52.51, 96
52.51, 96
52.51, 96
52.53, 96
52.53, 96
52.53, 96
52.54, 96
52.54, 96
52.73, 96
52.79, 96
52.80, 96
52.80, 96
52.80, 96
52.80, 96
52.81, 96
52.81, 96
52.81, 96
52.81, 96
52.81, 96
52.81, 96
52.82, 96
52.94, 96
52.94, 96
52.94, 96
52.94, 96
52.94, 96
52.95, 96
52.95, 96
52.95, 96
52.95, 96
52.95, 96
52.99, 96
52.99, 96
52.99, 96
53.01, 96
53.05, 96
53.09, 96
53.09, 96
53.09, 96
53.09, 96
53.09, 96
53.10, 96
53.12, 96
53.12, 96
53.13, 96
53.13, 96
53.13, 96
53.87, 96
53.88, 96
54.35, 96
54.35, 96
54.36, 96
54.36, 96
54.54, 96
54.55, 96
54.67, 96
54.67, 96
54.70, 96
54.79, 96
54.79, 96
54.81, 96
54.81, 96
54.81, 96
54.81, 96
54.82, 96
55.18, 96
55.18, 96
55.19, 96
55.20, 96
55.20, 96
55.60, 96
55.60, 96
55.61, 96
55.96, 96
55.97, 96
55.98, 96
55.98, 96
56.12, 96
56.39, 96
56.47, 96
56.47, 96
56.47, 96
56.48, 96
56.48, 96
56.48, 96
56.48, 96
56.48, 96
56.48, 96
56.59, 96
56.59, 96
56.59, 96
56.59, 96
56.61, 96
56.61, 96
56.61, 96
56.62, 96
56.62, 96
56.62, 96
56.68, 96
56.70, 96
56.70, 96
56.70, 96
56.71, 96
57.43, 96
57.75, 96
57.75, 96
57.77, 96
57.78, 96
57.78, 96
57.80, 96
58.05, 96
58.05, 96
58.05, 96
58.05, 96
58.05, 96
58.10, 96
58.10, 96
58.10, 96
58.13, 96
58.13, 96
58.14, 96
58.14, 96
58.14, 96
58.14, 96
58.15, 96
58.17, 96
58.23, 96
58.23, 96
58.34, 96
58.34, 96
58.35, 96
58.35, 96
58.35, 96
58.35, 96
58.35, 96
58.43, 96
58.46, 96
58.47, 96
58.47, 96
58.47, 96
58.47, 96
58.73, 96
58.73, 96
59.07, 96
59.09, 96
59.13, 96
59.13, 96
59.13, 96
59.13, 96
59.13, 96
59.13, 96
59.13, 96
59.14, 96
59.14, 96
59.14, 96
59.14, 96
59.14, 96
59.14, 96
59.14, 96
59.14, 96
59.15, 96
59.15, 96
59.15, 96
59.16, 96
59.16, 96
59.16, 96
59.16, 96
59.16, 96
59.18, 96
59.20, 96
59.20, 96
59.20, 96
59.21, 96
59.21, 96
59.21, 96
59.25, 96
59.25, 96
59.25, 96
59.33, 96
59.33, 96
59.33, 96
59.33, 96
59.33, 96
59.33, 96
59.33, 96
59.34, 96
59.51, 96
59.51, 96
59.51, 96
59.70, 96
59.72, 96
59.84, 96
59.85, 96
59.86, 96
59.86, 96
59.86, 96
59.95, 96
59.96, 96
59.96, 96
59.96, 96
59.96, 96
59.96, 96
59.96, 96
59.96, 96
