0.02, 102
0.02, 100
0.02, 99
0.02, 99
0.02, 99
0.02, 99
0.02, 99
0.02, 98
0.02, 98
0.03, 98
0.03, 98
0.03, 98
0.03, 98
0.03, 98
0.04, 98
0.04, 98
0.04, 98
0.05, 98
0.05, 98
0.05, 97
0.05, 97
0.05, 97
0.07, 97
0.07, 97
0.07, 97
0.07, 97
0.07, 97
0.08, 97
0.08, 97
0.08, 97
0.08, 97
0.08, 97
0.08, 97
0.08, 97
0.09, 97
0.09, 97
0.10, 97
0.10, 97
0.10, 97
0.10, 97
0.10, 97
0.10, 97
0.11, 97
0.11, 97
0.11, 97
0.12, 97
0.12, 97
0.12, 97
0.12, 97
0.12, 97
0.19, 97
0.19, 97
0.22, 97
0.22, 97
0.22, 97
0.22, 97
0.22, 97
0.22, 97
0.22, 97
0.23, 97
0.25, 97
0.25, 97
0.26, 97
0.26, 97
0.26, 97
0.26, 97
0.26, 97
0.27, 97
0.27, 97
0.27, 97
0.28, 97
0.28, 97
0.31, 97
0.32, 97
0.32, 97
0.33, 97
0.35, 97
0.35, 97
0.35, 97
0.35, 97
0.35, 97
0.36, 97
0.36, 97
0.36, 97
0.36, 97
0.39, 97
0.41, 97
0.41, 97
0.41, 97
0.41, 97
0.41, 97
0.41, 97
0.42, 97
0.42, 97
0.42, 97
0.43, 97
0.43, 97
0.43, 97
0.43, 97
0.43, 96
0.43, 96
0.43, 96
0.44, 96
0.45, 96
0.45, 96
0.48, 96
0.48, 96
0.48, 96
0.50, 96
0.51, 96
0.51, 96
0.53, 96
0.54, 96
0.54, 96
0.54, 96
0.58, 96
0.58, 96
0.58, 96
0.58, 96
0.85, 96
0.85, 96
0.85, 96
0.85, 96
0.85, 96
0.88, 96
0.88, 96
0.88, 96
0.91, 96
0.91, 96
0.95, 96
0.95, 96
0.95, 96
0.95, 96
0.95, 96
0.96, 96
0.96, 96
1.17, 96
1.21, 96
1.22, 96
1.22, 96
1.30, 96
1.30, 96
1.82, 96
1.82, 96
1.82, 96
1.82, 96
1.83, 96
1.84, 96
1.84, 96
1.85, 96
1.85, 96
1.85, 96
1.86, 96
1.88, 96
1.88, 96
1.88, 96
1.88, 96
1.95, 96
1.96, 96
1.96, 96
1.96, 96
1.96, 96
1.96, 96
2.00, 96
2.00, 96
2.00, 96
2.02, 96
2.02, 96
2.05, 96
2.05, 96
2.06, 96
2.06, 96
2.07, 96
2.08, 96
2.08, 96
2.08, 96
2.08, 96
2.09, 96
2.10, 96
2.10, 96
2.10, 96
2.10, 96
2.10, 96
2.48, 96
2.49, 96
2.49, 96
2.49, 96
2.49, 96
2.49, 96
2.49, 96
2.49, 96
2.95, 96
2.96, 96
2.96, 96
3.09, 96
3.09, 96
3.09, 96
3.09, 96
3.09, 96
3.10, 96
3.10, 96
3.29, 96
3.32, 96
3.32, 96
3.33, 96
3.33, 96
3.33, 96
3.33, 96
3.33, 96
3.34, 96
3.34, 96
3.35, 96
3.35, 96
3.35, 96
3.35, 96
3.35, 96
3.35, 96
3.35, 96
3.37, 96
3.37, 96
3.39, 96
3.39, 96
3.39, 96
3.39, 96
3.39, 96
3.40, 96
3.40, 96
3.40, 96
3.40, 96
3.40, 96
3.40, 96
3.40, 96
3.40, 96
3.40, 96
3.41, 96
3.41, 96
3.41, 96
3.44, 96
3.44, 96
3.44, 96
3.44, 96
3.44, 96
3.44, 96
3.46, 96
3.46, 96
3.46, 96
3.46, 96
3.46, 96
3.46, 96
3.47, 96
3.47, 96
3.48, 96
3.48, 96
3.48, 96
3.49, 96
3.49, 96
3.52, 96
3.52, 96
3.52, 96
3.52, 96
3.66, 96
3.66, 96
3.66, 96
3.69, 96
3.70, 96
3.71, 96
3.71, 96
3.71, 96
3.71, 96
3.71, 96
3.71, 96
3.71, 96
3.82, 96
3.83, 96
3.83, 96
3.83, 96
3.88, 96
3.89, 96
3.92, 96
3.92, 96
3.93, 96
3.93, 96
3.93, 96
3.93, 96
3.94, 96
3.94, 96
3.94, 96
3.94, 96
4.05, 96
4.05, 96
4.05, 96
4.05, 96
4.05, 96
4.05, 96
4.06, 96
4.13, 96
4.13, 96
4.13, 96
4.14, 96
4.14, 96
4.14, 96
4.15, 96
4.15, 96
4.15, 96
4.15, 96
4.16, 96
4.16, 96
4.16, 96
4.16, 96
4.16, 96
4.16, 96
4.21, 96
4.21, 96
4.21, 96
4.21, 96
4.21, 96
4.28, 96
4.28, 96
4.29, 96
4.29, 96
4.29, 96
4.29, 96
4.29, 96
4.30, 96
4.30, 96
4.47, 96
4.79, 96
4.88, 96
4.88, 96
4.88, 96
4.89, 96
4.89, 96
4.90, 96
4.90, 96
4.90, 96
4.90, 96
4.90, 96
4.90, 96
4.90, 96
4.91, 96
4.92, 96
5.00, 96
5.00, 96
5.00, 96
5.00, 96
5.00, 96
5.00, 96
5.10, 96
5.10, 96
5.10, 96
5.13, 96
5.13, 96
5.25, 96
5.25, 96
5.25, 96
5.25, 96
5.26, 96
5.28, 96
5.28, 96
5.29, 96
5.32, 96
5.32, 96
5.33, 96
5.33, 96
5.33, 96
5.34, 96
5.34, 96
5.34, 96
5.34, 96
5.34, 96
5.34, 96
5.34, 96
5.36, 96
5.36, 96
5.40, 96
5.40, 96
5.41, 96
5.41, 96
5.41, 96
5.41, 96
5.41, 96
5.45, 96
5.45, 96
5.45, 96
5.45, 96
5.45, 96
5.45, 96
5.49, 96
5.49, 96
5.49, 96
5.49, 96
5.49, 96
5.51, 96
5.52, 96
5.53, 96
5.56, 96
5.56, 96
5.56, 96
5.56, 96
5.56, 96
5.56, 96
5.60, 96
5.60, 96
5.60, 96
5.60, 96
5.60, 96
5.60, 96
5.61, 96
5.61, 96
5.61, 96
5.61, 96
5.61, 96
5.61, 96
5.61, 96
5.64, 96
5.64, 96
5.65, 96
5.65, 96
5.65, 96
5.66, 96
5.66, 96
6.10, 96
6.10, 96
6.10, 96
6.10, 96
6.11, 96
6.11, 96
6.11, 96
6.11, 96
6.13, 96
6.13, 96
6.16, 96
6.16, 96
6.20, 96
6.20, 96
6.21, 96
6.21, 96
6.21, 96
6.22, 96
6.22, 96
6.42, 96
6.42, 96
6.42, 96
6.42, 96
6.42, 96
6.42, 96
6.42, 96
6.43, 96
6.43, 96
6.43, 96
6.43, 96
6.43, 96
6.43, 96
6.44, 96
6.53, 96
6.54, 96
6.55, 96
6.55, 96
6.55, 96
6.55, 96
6.56, 96
6.56, 96
6.56, 96
6.56, 96
6.56, 96
6.56, 96
6.56, 96
6.59, 96
6.59, 96
6.59, 96
6.59, 96
6.70, 96
6.79, 96
6.79, 96
6.79, 96
6.79, 96
6.80, 96
6.94, 96
6.96, 96
7.08, 96
7.08, 96
7.08, 96
7.18, 96
7.18, 96
7.80, 96
8.15, 96
8.21, 96
8.21, 96
8.70, 96
8.84, 96
8.84, 96
8.87, 96
8.87, 96
9.07, 96
9.08, 96
9.35, 96
9.57, 96
9.65, 96
9.65, 96
9.66, 96
9.83, 96
9.85, 96
10.12, 96
10.12, 96
10.39, 96
10.49, 96
10.49, 96
10.55, 96
10.56, 96
10.56, 96
10.61, 96
10.62, 96
10.64, 96
10.64, 96
10.64, 96
10.64, 96
10.64, 96
10.65, 96
10.65, 96
10.65, 96
10.66, 96
10.66, 96
10.66, 96
10.67, 96
10.67, 96
10.67, 96
10.67, 96
10.68, 96
10.71, 96
10.71, 96
10.79, 96
10.79, 96
10.79, 96
10.79, 96
10.80, 96
10.80, 96
10.80, 96
10.80, 96
10.80, 96
10.84, 96
10.90, 96
10.90, 96
10.90, 96
10.90, 96
10.90, 96
10.90, 96
10.97, 96
11.09, 96
11.09, 96
11.09, 96
11.09, 96
11.09, 96
11.10, 96
11.10, 96
11.10, 96
11.10, 96
11.10, 96
11.10, 96
11.12, 96
11.13, 96
11.13, 96
11.15, 96
11.15, 96
11.22, 96
11.22, 96
11.27, 96
11.27, 96
11.28, 96
11.29, 96
11.29, 96
11.29, 96
11.35, 96
11.35, 96
11.35, 96
11.35, 96
11.35, 96
11.36, 96
11.36, 96
11.36, 96
11.36, 96
11.36, 96
11.36, 96
11.36, 96
11.36, 96
11.59, 96
11.59, 96
11.95, 96
12.01, 96
12.01, 96
12.03, 96
12.03, 96
12.07, 96
12.08, 96
12.09, 96
12.09, 96
12.40, 96
12.40, 96
12.40, 96
12.40, 96
12.59, 96
12.59, 96
12.59, 96
12.59, 96
12.59, 96
12.59, 96
12.59, 96
12.59, 96
12.59, 96
12.60, 96
12.60, 96
12.64, 96
12.64, 96
12.65, 96
12.65, 96
12.65, 96
12.65, 96
12.65, 96
12.65, 96
12.66, 96
12.66, 96
12.66, 96
12.66, 96
12.67, 96
12.67, 96
12.67, 96
13.44, 96
13.45, 96
13.46, 96
13.46, 96
13.46, 96
13.46, 96
13.46, 96
13.47, 96
13.47, 96
13.47, 96
13.47, 96
13.47, 96
13.47, 96
13.47, 96
13.58, 96
13.59, 96
13.72, 96
13.72, 96
13.72, 96
13.73, 96
13.77, 96
13.77, 96
13.77, 96
13.77, 96
13.77, 96
13.77, 96
13.78, 96
13.78, 96
13.78, 96
13.78, 96
13.80, 96
13.80, 96
13.80, 96
13.82, 96
13.82, 96
13.83, 96
13.83, 96
13.84, 96
13.84, 96
13.92, 96
13.92, 96
13.94, 96
13.94, 96
13.95, 96
13.95, 96
13.95, 96
13.97, 96
13.97, 96
13.97, 96
14.43, 96
14.43, 96
14.43, 96
14.43, 96
14.44, 96
14.44, 96
14.44, 96
14.44, 96
14.45, 96
14.45, 96
14.45, 96
14.81, 96
14.81, 96
14.81, 96
14.81, 96
14.95, 96
14.95, 96
15.12, 96
15.12, 96
15.12, 96
15.12, 96
15.19, 96
15.38, 96
15.38, 96
15.39, 96
15.39, 96
15.39, 96
15.39, 96
15.39, 96
15.39, 96
15.39, 96
15.41, 96
15.60, 96
15.60, 96
15.61, 96
15.61, 96
15.61, 96
15.61, 96
15.61, 96
15.66, 96
15.66, 96
15.66, 96
15.66, 96
15.66, 96
15.66, 96
15.67, 96
15.67, 96
15.67, 96
15.67, 96
15.67, 96
15.67, 96
15.67, 96
15.77, 96
15.78, 96
15.78, 96
15.81, 96
15.81, 96
15.81, 96
15.82, 96
15.82, 96
15.82, 96
15.82, 96
15.82, 96
15.82, 96
15.82, 96
15.82, 96
15.83, 96
16.05, 96
16.05, 96
16.08, 96
16.08, 96
16.08, 96
16.11, 96
16.11, 96
16.11, 96
16.12, 96
16.12, 96
16.17, 96
16.18, 96
16.18, 96
16.18, 96
16.34, 96
16.34, 96
16.35, 96
16.35, 96
16.35, 96
16.35, 96
16.35, 96
16.35, 96
16.36, 96
16.54, 96
16.57, 96
16.57, 96
16.57, 96
16.60, 96
16.60, 96
16.63, 96
16.90, 96
17.00, 96
17.00, 96
17.00, 96
17.40, 96
17.40, 96
17.54, 96
17.54, 96
17.54, 96
17.54, 96
17.54, 96
17.54, 96
17.55, 96
17.55, 96
17.55, 96
17.55, 96
17.55, 96
17.56, 96
17.80, 96
17.80, 96
17.81, 96
17.81, 96
17.81, 96
17.81, 96
17.81, 96
17.81, 96
17.81, 96
17.85, 96
17.85, 96
17.85, 96
17.86, 96
18.05, 96
18.05, 96
18.05, 96
18.05, 96
18.06, 96
18.06, 96
18.06, 96
18.07, 96
18.07, 96
18.07, 96
18.07, 96
18.08, 96
18.08, 96
18.11, 96
18.17, 96
18.17, 96
18.17, 96
18.17, 96
18.17, 96
18.19, 96
18.20, 96
18.22, 96
18.24, 96
18.24, 96
18.27, 96
18.27, 96
18.32, 96
18.34, 96
18.35, 96
18.35, 96
18.62, 96
18.62, 96
18.78, 96
18.81, 96
18.82, 96
18.82, 96
18.82, 96
18.82, 96
18.83, 96
18.83, 96
18.83, 96
18.83, 96
18.91, 96
18.91, 96
18.93, 96
18.96, 96
19.10, 96
19.10, 96
19.10, 96
19.11, 96
19.12, 96
19.12, 96
19.12, 96
19.12, 96
19.15, 96
19.19, 96
19.19, 96
19.19, 96
19.19, 96
19.26, 96
19.40, 96
19.62, 96
19.62, 96
19.63, 96
19.63, 96
19.63, 96
19.63, 96
19.85, 96
19.85, 96
20.06, 96
20.06, 96
20.06, 96
20.06, 96
20.07, 96
20.20, 96
20.25, 96
20.25, 96
20.27, 96
20.27, 96
20.28, 96
20.28, 96
20.40, 96
20.43, 96
20.43, 96
20.43, 96
20.45, 96
20.45, 96
20.46, 96
20.46, 96
20.46, 96
20.46, 96
20.52, 96
20.59, 96
20.59, 96
20.59, 96
20.59, 96
20.61, 96
20.61, 96
20.62, 96
20.62, 96
20.64, 96
20.64, 96
20.69, 96
20.97, 96
21.11, 96
21.12, 96
21.12, 96
21.12, 96
21.14, 96
21.15, 96
21.15, 96
21.15, 96
21.17, 96
21.18, 96
21.18, 96
21.18, 96
21.22, 96
21.25, 96
21.53, 96
21.53, 96
21.79, 96
21.79, 96
21.79, 96
21.80, 96
21.80, 96
21.80, 96
21.83, 96
21.83, 96
21.83, 96
21.83, 96
21.83, 96
21.83, 96
21.84, 96
21.84, 96
21.84, 96
21.99, 96
21.99, 96
22.11, 96
22.12, 96
22.18, 96
22.18, 96
22.18, 96
22.19, 96
22.19, 96
22.20, 96
22.20, 96
22.20, 96
22.20, 96
22.54, 96
22.55, 96
22.55, 96
22.55, 96
22.56, 96
22.56, 96
22.56, 96
22.56, 96
22.71, 96
22.71, 96
22.71, 96
22.71, 96
22.78, 96
22.78, 96
22.78, 96
22.78, 96
22.79, 96
22.81, 96
22.82, 96
22.82, 96
22.82, 96
22.82, 96
22.82, 96
22.82, 96
22.87, 96
22.87, 96
22.87, 96
23.04, 96
23.04, 96
23.09, 96
23.12, 96
23.12, 96
23.25, 96
23.64, 96
23.64, 96
23.64, 96
23.65, 96
23.66, 96
23.66, 96
23.66, 96
23.69, 96
23.69, 96
23.70, 96
23.70, 96
23.70, 96
23.75, 96
23.75, 96
23.75, 96
23.77, 96
23.94, 96
23.94, 96
23.94, 96
23.94, 96
23.94, 96
23.94, 96
23.94, 96
23.94, 96
24.26, 96
24.52, 96
24.52, 96
24.57, 96
24.58, 96
24.88, 96
24.88, 96
24.88, 96
24.88, 96
24.88, 96
24.88, 96
24.88, 96
24.88, 96
24.88, 96
24.89, 96
24.92, 96
24.94, 96
25.07, 96
25.12, 96
25.12, 96
25.12, 96
25.12, 96
25.13, 96
25.13, 96
25.13, 96
25.13, 96
25.14, 96
25.14, 96
25.14, 96
25.14, 96
25.14, 96
25.14, 96
25.14, 96
25.14, 96
25.15, 96
25.22, 96
25.24, 96
25.24, 96
25.33, 96
25.34, 96
25.34, 96
25.35, 96
25.35, 96
25.37, 96
25.37, 96
25.43, 96
25.43, 96
25.43, 96
25.43, 96
25.83, 96
25.83, 96
25.83, 96
25.83, 96
25.85, 96
25.92, 96
25.92, 96
25.92, 96
25.93, 96
25.93, 96
25.93, 96
26.10, 96
26.12, 96
26.12, 96
26.13, 96
26.13, 96
26.16, 96
26.25, 96
26.26, 96
26.26, 96
26.53, 96
26.53, 96
26.53, 96
26.53, 96
26.65, 96
26.65, 96
26.65, 96
26.66, 96
26.66, 96
26.66, 96
26.75, 96
26.75, 96
26.75, 96
26.75, 96
26.75, 96
26.76, 96
26.76, 96
26.76, 96
26.76, 96
26.76, 96
26.76, 96
26.77, 96
26.78, 96
26.78, 96
26.78, 96
26.78, 96
26.78, 96
26.78, 96
26.78, 96
26.79, 96
26.79, 96
26.80, 96
26.80, 96
26.81, 96
26.83, 96
27.10, 96
27.48, 96
27.48, 96
27.48, 96
27.48, 96
27.48, 96
27.48, 96
27.53, 96
27.53, 96
27.53, 96
27.54, 96
27.54, 96
27.70, 96
27.70, 96
27.70, 96
27.71, 96
27.94, 96
27.94, 96
27.94, 96
27.96, 96
27.96, 96
27.96, 96
28.11, 96
28.40, 96
28.40, 96
28.41, 96
28.42, 96
28.42, 96
28.43, 96
28.43, 96
28.44, 96
28.45, 96
28.45, 96
28.50, 96
28.50, 96
28.51, 96
28.52, 96
28.52, 96
28.52, 96
28.52, 96
28.54, 96
28.54, 96
28.55, 96
28.62, 96
28.62, 96
28.62, 96
28.62, 96
28.62, 96
28.63, 96
28.87, 96
28.88, 96
28.88, 96
28.88, 96
29.03, 96
29.12, 96
29.13, 96
29.14, 96
29.14, 96
29.14, 96
29.14, 96
29.14, 96
29.14, 96
29.14, 96
29.15, 96
29.15, 96
29.15, 96
29.41, 96
29.54, 96
29.54, 96
29.54, 96
29.54, 96
29.54, 96
29.54, 96
29.54, 96
29.54, 96
29.55, 96
29.55, 96
29.61, 96
29.61, 96
29.65, 96
29.65, 96
29.66, 96
29.66, 96
29.66, 96
29.66, 96
29.66, 96
29.66, 96
29.68, 96
29.70, 96
29.70, 96
29.70, 96
29.70, 96
29.82, 96
29.82, 96
29.82, 96
29.82, 96
29.83, 96
29.86, 96
29.86, 96
29.87, 96
29.87, 96
29.87, 96
29.87, 96
29.87, 96
29.94, 96
29.95, 96
29.96, 96
29.96, 96
29.96, 96
30.06, 96
30.07, 96
30.07, 96
30.07, 96
30.49, 96
30.50, 96
30.50, 96
30.50, 96
30.50, 96
30.56, 96
30.56, 96
30.56, 96
30.56, 96
30.62, 96
30.63, 96
30.63, 96
30.64, 96
30.65, 96
30.65, 96
30.69, 96
30.69, 96
30.70, 96
30.70, 96
30.74, 96
30.74, 96
30.74, 96
30.74, 96
30.74, 96
30.74, 96
30.75, 96
30.76, 96
30.77, 96
30.77, 96
30.77, 96
30.78, 96
30.78, 96
30.78, 96
30.78, 96
30.78, 96
31.01, 96
31.01, 96
31.02, 96
31.03, 96
31.03, 96
31.03, 96
31.03, 96
31.03, 96
31.03, 96
31.03, 96
31.05, 96
31.05, 96
31.07, 96
31.07, 96
31.07, 96
31.22, 96
31.22, 96
31.22, 96
31.78, 96
31.83, 96
32.01, 96
32.01, 96
32.02, 96
32.09, 96
32.09, 96
32.09, 96
32.10, 96
32.10, 96
32.10, 96
32.10, 96
32.41, 96
32.41, 96
32.45, 96
32.45, 96
32.45, 96
32.52, 96
32.53, 96
32.53, 96
32.53, 96
32.53, 96
32.54, 96
32.54, 96
32.54, 96
32.54, 96
32.54, 96
32.54, 96
32.55, 96
32.55, 96
32.55, 96
32.55, 96
32.55, 96
32.55, 96
32.63, 96
32.63, 96
32.64, 96
32.65, 96
32.65, 96
32.65, 96
32.65, 96
32.65, 96
32.66, 96
32.66, 96
32.66, 96
32.66, 96
32.69, 96
32.69, 96
32.75, 96
32.75, 96
32.75, 96
32.75, 96
32.75, 96
32.85, 96
32.85, 96
32.85, 96
32.85, 96
32.87, 96
32.87, 96
32.87, 96
32.94, 96
32.94, 96
32.94, 96
32.94, 96
32.94, 96
32.94, 96
33.00, 96
33.00, 96
33.00, 96
33.00, 96
33.00, 96
33.01, 96
33.02, 96
33.03, 96
33.03, 96
33.03, 96
33.03, 96
33.04, 96
33.04, 96
33.06, 96
33.08, 96
33.12, 96
33.14, 96
33.14, 96
33.14, 96
33.14, 96
33.14, 96
33.14, 96
33.14, 96
33.14, 96
33.15, 96
33.15, 96
33.15, 96
33.26, 96
33.26, 96
33.26, 96
33.37, 96
33.38, 96
33.38, 96
33.38, 96
33.40, 96
33.45, 96
33.47, 96
33.47, 96
33.47, 96
33.79, 96
33.81, 96
33.81, 96
34.13, 96
34.14, 96
34.14, 96
34.14, 96
34.14, 96
34.14, 96
34.27, 96
34.27, 96
34.28, 96
34.28, 96
34.28, 96
34.28, 96
34.31, 96
34.32, 96
34.32, 96
34.32, 96
34.34, 96
34.34, 96
34.35, 96
34.36, 96
34.36, 96
34.36, 96
34.68, 96
34.68, 96
34.68, 96
34.69, 96
34.69, 96
34.89, 96
34.89, 96
34.90, 96
35.28, 96
35.28, 96
35.29, 96
35.29, 96
35.29, 96
35.35, 96
35.35, 96
35.39, 96
35.39, 96
35.39, 96
35.39, 96
35.39, 96
35.39, 96
35.39, 96
35.39, 96
35.39, 96
35.40, 96
35.47, 96
35.47, 96
35.53, 96
35.53, 96
35.53, 96
35.53, 96
35.53, 96
35.53, 96
35.60, 96
35.60, 96
35.60, 96
35.61, 96
35.61, 96
35.61, 96
35.61, 96
35.61, 96
35.69, 96
35.69, 96
35.69, 96
35.69, 96
35.69, 96
35.81, 96
35.81, 96
35.81, 96
35.81, 96
35.81, 96
35.81, 96
35.81, 96
35.81, 96
35.82, 96
35.84, 96
35.84, 96
35.84, 96
35.85, 96
35.86, 96
35.86, 96
35.86, 96
35.86, 96
35.86, 96
35.86, 96
35.86, 96
35.86, 96
35.87, 96
35.87, 96
35.90, 96
35.90, 96
35.90, 96
35.90, 96
35.92, 96
35.92, 96
36.11, 96
36.11, 96
36.13, 96
36.13, 96
36.13, 96
36.13, 96
36.25, 96
36.25, 96
36.26, 96
36.28, 96
36.33, 96
36.33, 96
36.33, 96
36.34, 96
36.34, 96
36.35, 96
36.35, 96
36.38, 96
36.39, 96
36.39, 96
36.39, 96
36.40, 96
36.40, 96
36.40, 96
36.40, 96
36.40, 96
36.40, 96
36.40, 96
36.41, 96
36.54, 96
36.55, 96
36.55, 96
36.55, 96
36.55, 96
36.55, 96
36.55, 96
36.55, 96
36.56, 96
36.56, 96
36.56, 96
36.56, 96
36.56, 96
36.56, 96
36.57, 96
36.57, 96
36.76, 96
36.76, 96
36.76, 96
36.80, 96
36.80, 96
36.80, 96
36.83, 96
36.83, 96
37.01, 96
37.02, 96
37.02, 96
37.02, 96
37.02, 96
37.04, 96
37.04, 96
37.05, 96
37.05, 96
37.05, 96
37.05, 96
37.05, 96
37.05, 96
37.05, 96
37.05, 96
37.13, 96
37.14, 96
37.14, 96
37.18, 96
37.18, 96
37.18, 96
37.19, 96
37.19, 96
37.19, 96
37.19, 96
37.19, 96
37.19, 96
37.19, 96
37.20, 96
37.26, 96
37.26, 96
37.26, 96
37.54, 96
37.54, 96
37.54, 96
37.54, 96
37.60, 96
37.60, 96
37.62, 96
37.63, 96
37.67, 96
37.78, 96
37.78, 96
37.78, 96
37.79, 96
37.85, 96
37.85, 96
37.85, 96
37.87, 96
37.87, 96
37.87, 96
37.89, 96
37.90, 96
37.90, 96
37.90, 96
37.90, 96
38.13, 96
38.13, 96
38.13, 96
38.13, 96
38.13, 96
38.13, 96
38.85, 96
38.86, 96
38.98, 96
38.99, 96
38.99, 96
38.99, 96
38.99, 96
38.99, 96
39.00, 96
39.00, 96
39.00, 96
39.15, 96
39.15, 96
39.15, 96
39.15, 96
39.19, 96
39.20, 96
39.20, 96
39.20, 96
39.35, 96
39.35, 96
39.35, 96
39.35, 96
39.35, 96
39.35, 96
39.36, 96
39.36, 96
39.36, 96
39.36, 96
39.36, 96
39.36, 96
39.37, 96
39.37, 96
39.37, 96
39.37, 96
39.37, 96
39.37, 96
39.37, 96
39.38, 96
39.39, 96
39.39, 96
39.40, 96
39.40, 96
39.40, 96
39.48, 96
39.48, 96
39.48, 96
39.49, 96
39.49, 96
39.49, 96
39.56, 96
39.58, 96
39.58, 96
39.59, 96
39.59, 96
39.59, 96
39.59, 96
39.60, 96
39.75, 96
39.87, 96
39.87, 96
39.87, 96
39.93, 96
39.98, 96
39.99, 96
40.02, 96
40.03, 96
40.03, 96
40.03, 96
40.03, 96
40.03, 96
40.03, 96
40.04, 96
40.04, 96
40.04, 96
40.05, 96
40.05, 96
40.05, 96
40.23, 96
40.23, 96
40.24, 96
40.24, 96
40.24, 96
40.28, 96
40.30, 96
40.30, 96
40.30, 96
40.30, 96
40.36, 96
40.36, 96
40.36, 96
40.37, 96
40.37, 96
40.37, 96
40.38, 96
40.38, 96
40.38, 96
40.43, 96
40.54, 96
40.99, 96
40.99, 96
40.99, 96
41.00, 96
41.00, 96
41.00, 96
41.00, 96
41.01, 96
41.01, 96
41.07, 96
41.07, 96
41.07, 96
41.08, 96
41.19, 96
41.19, 96
41.19, 96
41.20, 96
41.20, 96
41.32, 96
41.33, 96
41.38, 96
41.38, 96
41.39, 96
41.39, 96
41.39, 96
41.39, 96
41.39, 96
41.39, 96
41.39, 96
41.40, 96
41.40, 96
41.40, 96
41.40, 96
41.40, 96
41.45, 96
41.45, 96
41.80, 96
41.80, 96
41.81, 96
41.81, 96
41.81, 96
41.81, 96
41.81, 96
41.81, 96
41.81, 96
41.84, 96
41.94, 96
42.07, 96
42.07, 96
42.07, 96
42.07, 96
42.07, 96
42.07, 96
42.07, 96
42.08, 96
42.08, 96
42.08, 96
42.08, 96
42.08, 96
42.08, 96
42.08, 96
42.09, 96
42.09, 96
42.10, 96
42.10, 96
42.11, 96
42.11, 96
42.22, 96
42.22, 96
42.46, 96
42.52, 96
42.52, 96
42.54, 96
42.55, 96
42.55, 96
42.56, 96
42.56, 96
42.88, 96
42.88, 96
42.96, 96
42.96, 96
42.96, 96
42.96, 96
42.99, 96
42.99, 96
43.00, 96
43.00, 96
43.00, 96
43.00, 96
43.15, 96
43.15, 96
43.16, 96
43.20, 96
43.82, 96
43.82, 96
43.82, 96
43.82, 96
43.85, 96
43.85, 96
43.96, 96
43.96, 96
43.96, 96
43.96, 96
43.96, 96
44.07, 96
44.07, 96
44.10, 96
44.10, 96
44.10, 96
44.10, 96
44.10, 96
44.12, 96
44.12, 96
44.12, 96
44.12, 96
44.14, 96
44.14, 96
44.14, 96
44.14, 96
44.14, 96
44.15, 96
44.42, 96
44.42, 96
44.42, 96
44.42, 96
44.42, 96
44.43, 96
44.48, 96
44.49, 96
44.56, 96
44.56, 96
44.56, 96
44.65, 96
44.65, 96
44.65, 96
44.75, 96
44.75, 96
44.94, 96
44.96, 96
44.96, 96
44.96, 96
45.05, 96
45.05, 96
45.05, 96
45.31, 96
45.33, 96
45.34, 96
45.36, 96
45.36, 96
45.36, 96
45.36, 96
45.36, 96
45.49, 96
45.49, 96
45.49, 96
45.50, 96
45.93, 96
45.98, 96
45.98, 96
46.07, 96
46.07, 96
46.09, 96
46.14, 96
46.14, 96
46.14, 96
46.14, 96
46.14, 96
46.18, 96
46.18, 96
46.18, 96
46.30, 96
46.30, 96
46.30, 96
46.40, 96
46.41, 96
46.41, 96
46.42, 96
46.42, 96
46.42, 96
46.50, 96
46.52, 96
46.52, 96
46.56, 96
46.56, 96
46.56, 96
46.56, 96
46.56, 96
46.75, 96
46.90, 96
46.93, 96
46.93, 96
46.97, 96
47.01, 96
47.01, 96
47.01, 96
47.01, 96
47.01, 96
47.01, 96
47.02, 96
47.02, 96
47.21, 96
47.21, 96
47.25, 96
47.25, 96
47.25, 96
47.26, 96
47.26, 96
47.32, 96
47.32, 96
47.32, 96
47.33, 96
47.34, 96
47.34, 96
47.34, 96
47.34, 96
47.36, 96
47.73, 96
47.83, 96
47.84, 96
47.84, 96
47.84, 96
47.85, 96
47.85, 96
47.85, 96
47.95, 96
47.96, 96
47.96, 96
47.97, 96
47.97, 96
47.97, 96
47.97, 96
47.98, 96
48.23, 96
48.23, 96
48.23, 96
48.23, 96
48.23, 96
48.42, 96
48.43, 96
48.43, 96
48.43, 96
48.58, 96
48.58, 96
48.88, 96
48.88, 96
48.88, 96
48.89, 96
48.94, 96
48.94, 96
49.12, 96
49.12, 96
49.12, 96
49.12, 96
49.13, 96
49.13, 96
49.13, 96
49.13, 96
49.13, 96
49.13, 96
49.14, 96
49.14, 96
49.14, 96
49.17, 96
49.17, 96
49.17, 96
49.17, 96
49.17, 96
49.29, 96
49.33, 96
49.33, 96
49.33, 96
49.73, 96
49.78, 96
49.78, 96
49.86, 96
49.87, 96
49.87, 96
49.88, 96
49.88, 96
49.90, 96
49.91, 96
49.91, 96
49.91, 96
49.91, 96
49.91, 96
49.91, 96
49.91, 96
49.92, 96
50.07, 96
50.21, 96
50.22, 96
50.27, 96
50.27, 96
50.27, 96
50.27, 96
50.42, 96
50.73, 96
50.75, 96
50.75, 96
50.76, 96
50.76, 96
51.14, 96
51.15, 96
51.16, 96
51.16, 96
51.20, 96
51.20, 96
51.20, 96
51.20, 96
51.21, 96
51.21, 96
51.21, 96
51.21, 96
51.22, 96
51.22, 96
51.22, 96
51.22, 96
51.22, 96
51.23, 96
51.23, 96
51.33, 96
51.34, 96
51.34, 96
51.34, 96
51.34, 96
51.34, 96
51.34, 96
51.34, 96
51.36, 96
51.49, 96
51.49, 96
51.49, 96
51.52, 96
51.53, 96
51.53, 96
51.69, 96
51.69, 96
51.69, 96
51.69, 96
51.70, 96
51.70, 96
51.72, 96
51.72, 96
51.94, 96
51.94, 96
51.94, 96
51.94, 96
51.94, 96
52.11, 96
52.11, 96
52.11, 96
52.12, 96
52.12, 96
52.12, 96
52.20, 96
52.21, 96
52.22, 96
52.22, 96
52.22, 96
52.23, 96
52.27, 96
52.27, 96
52.54, 96
52.55, 96
53.10, 96
53.10, 96
53.14, 96
53.14, 96
53.14, 96
53.15, 96
53.15, 96
53.15, 96
53.27, 96
53.27, 96
53.42, 96
53.42, 96
53.52, 96
53.52, 96
53.53, 96
53.53, 96
53.55, 96
53.55, 96
53.55, 96
53.55, 96
53.55, 96
53.55, 96
53.55, 96
53.56, 96
53.56, 96
53.56, 96
53.56, 96
53.56, 96
53.58, 96
53.58, 96
53.58, 96
53.58, 96
53.59, 96
53.68, 96
53.68, 96
53.68, 96
53.70, 96
53.76, 96
53.76, 96
53.76, 96
53.77, 96
53.78, 96
53.80, 96
53.83, 96
53.83, 96
53.83, 96
53.83, 96
53.84, 96
53.87, 96
53.92, 96
53.93, 96
54.05, 96
54.05, 96
54.05, 96
54.05, 96
54.05, 96
54.05, 96
54.06, 96
54.06, 96
54.06, 96
54.09, 96
54.11, 96
54.12, 96
54.12, 96
54.12, 96
54.13, 96
54.26, 96
54.26, 96
54.46, 96
54.47, 96
54.48, 96
54.64, 96
54.66, 96
54.68, 96
54.68, 96
54.68, 96
54.68, 96
54.69, 96
54.69, 96
54.70, 96
54.70, 96
54.70, 96
54.78, 96
54.78, 96
54.78, 96
54.79, 96
54.79, 96
54.79, 96
54.79, 96
54.79, 96
54.79, 96
54.79, 96
54.79, 96
54.79, 96
54.89, 96
54.91, 96
54.91, 96
54.91, 96
54.91, 96
54.91, 96
54.91, 96
54.92, 96
55.03, 96
55.03, 96
55.49, 96
55.50, 96
55.50, 96
55.50, 96
55.50, 96
55.52, 96
55.52, 96
55.66, 96
55.67, 96
55.67, 96
55.67, 96
55.67, 96
55.67, 96
55.67, 96
55.67, 96
55.69, 96
55.69, 96
55.70, 96
55.70, 96
55.70, 96
55.87, 96
55.92, 96
55.93, 96
55.93, 96
55.93, 96
55.93, 96
55.94, 96
55.94, 96
55.94, 96
55.94, 96
55.94, 96
55.94, 96
55.94, 96
56.05, 96
56.05, 96
56.05, 96
56.06, 96
56.06, 96
56.06, 96
56.06, 96
56.06, 96
56.06, 96
56.06, 96
56.09, 96
56.10, 96
56.10, 96
56.11, 96
56.15, 96
56.18, 96
56.18, 96
56.18, 96
56.18, 96
56.18, 96
56.18, 96
56.20, 96
56.20, 96
56.21, 96
56.21, 96
56.21, 96
56.86, 96
56.86, 96
57.26, 96
57.26, 96
57.27, 96
57.27, 96
57.43, 96
57.44, 96
57.53, 96
57.54, 96
57.56, 96
57.64, 96
57.64, 96
57.66, 96
57.66, 96
57.66, 96
57.66, 96
57.67, 96
58.00, 96
58.00, 96
58.01, 96
58.02, 96
58.02, 96
58.38, 96
58.38, 96
58.38, 96
58.67, 96
58.69, 96
58.69, 96
58.69, 96
58.81, 96
59.03, 96
59.10, 96
59.10, 96
59.10, 96
59.11, 96
59.11, 96
59.11, 96
59.11, 96
59.11, 96
59.11, 96
59.20, 96
59.20, 96
59.20, 96
59.20, 96
59.21, 96
59.21, 96
59.22, 96
59.22, 96
59.22, 96
59.22, 96
59.27, 96
59.29, 96
59.29, 96
59.29, 96
59.30, 96
59.94, 96
60.20, 96
60.20, 96
60.22, 96
60.23, 96
60.23, 96
60.25, 96
60.48, 96
60.48, 96
60.48, 96
60.48, 96
60.48, 96
60.53, 96
60.53, 96
60.53, 96
60.55, 96
60.56, 96
60.56, 96
60.56, 96
60.56, 96
60.56, 96
60.57, 96
60.58, 96
60.63, 96
60.64, 96
60.73, 96
60.73, 96
60.74, 96
60.74, 96
60.74, 96
60.74, 96
60.74, 96
60.80, 96
60.83, 96
60.84, 96
60.84, 96
60.84, 96
60.84, 96
61.06, 96
61.06, 96
61.37, 96
61.38, 96
61.42, 96
61.42, 96
61.42, 96
61.42, 96
61.42, 96
61.42, 96
61.42, 96
61.42, 96
61.43, 96
61.43, 96
61.43, 96
61.43, 96
61.43, 96
61.43, 96
61.43, 96
61.43, 96
61.44, 96
61.44, 96
61.44, 96
61.44, 96
61.45, 96
61.45, 96
61.45, 96
61.46, 96
61.48, 96
61.48, 96
61.48, 96
61.48, 96
61.49, 96
61.49, 96
61.52, 96
61.53, 96
61.53, 96
61.60, 96
61.60, 96
61.60, 96
61.60, 96
61.60, 96
61.60, 96
61.60, 96
61.61, 96
61.76, 96
61.76, 96
61.76, 96
61.92, 96
61.94, 96
62.05, 96
62.06, 96
62.06, 96
62.07, 96
62.07, 96
62.15, 96
62.15, 96
62.15, 96
62.15, 96
62.15, 96
62.15, 96
62.15, 96
62.15, 96
62.20, 96
62.20, 96
62.20, 96
62.21, 96
62.21, 96
62.22, 96
62.22, 96
62.22, 96
62.22, 96
62.22, 96
62.29, 96
62.29, 96
62.29, 96
62.29, 96
62.29, 96
62.30, 96
62.30, 96
62.30, 96
62.30, 96
62.30, 96
62.37, 96
62.38, 96
62.38, 96
62.39, 96
62.39, 96
62.41, 96
62.43, 96
62.44, 96
62.44, 96
62.44, 96
62.44, 96
62.44, 96
62.45, 96
62.45, 96
62.45, 96
62.68, 96
62.68, 96
62.71, 96
62.71, 96
62.72, 96
62.72, 96
62.72, 96
62.72, 96
62.72, 96
62.72, 96
62.72, 96
62.72, 96
62.72, 96
62.72, 96
62.76, 96
62.76, 96
62.76, 96
62.79, 96
62.79, 96
62.80, 96
62.80, 96
62.81, 96
62.83, 96
62.83, 96
62.83, 96
62.83, 96
62.83, 96
62.83, 96
62.84, 96
62.84, 96
62.84, 96
62.84, 96
62.84, 96
62.84, 96
62.87, 96
62.87, 96
62.88, 96
62.93, 96
63.04, 96
63.04, 96
63.04, 96
63.10, 96
63.11, 96
63.11, 96
63.12, 96
63.12, 96
63.12, 96
63.12, 96
63.25, 96
63.25, 96
63.27, 96
63.29, 96
63.29, 96
63.29, 96
63.30, 96
63.30, 96
63.30, 96
63.32, 96
63.32, 96
63.32, 96
63.59, 96
63.59, 96
63.61, 96
63.64, 96
63.65, 96
63.65, 96
63.65, 96
63.65, 96
63.70, 96
63.70, 96
63.70, 96
63.70, 96
63.70, 96
63.71, 96
63.86, 96
63.86, 96
63.86, 96
63.86, 96
63.86, 96
63.86, 96
63.87, 96
63.87, 96
63.87, 96
63.87, 96
63.87, 96
63.87, 96
63.88, 96
63.89, 96
63.89, 96
63.89, 96
63.89, 96
63.89, 96
63.92, 96
63.92, 96
63.95, 96
63.95, 96
63.96, 96
63.96, 96
64.36, 96
64.56, 96
64.56, 96
64.56, 96
64.56, 96
64.56, 96
64.56, 96
64.56, 96
64.76, 96
64.76, 96
64.76, 96
64.76, 96
64.91, 96
64.91, 96
64.91, 96
64.91, 96
64.92, 96
64.92, 96
64.92, 96
64.92, 96
64.92, 96
64.92, 96
64.92, 96
64.92, 96
64.93, 96
64.94, 96
64.94, 96
64.96, 96
64.97, 96
64.97, 96
65.03, 96
65.03, 96
65.10, 96
65.29, 96
65.29, 96
65.29, 96
65.29, 96
65.42, 96
65.58, 96
65.58, 96
65.58, 96
65.58, 96
65.58, 96
65.74, 96
65.74, 96
65.76, 96
65.78, 96
65.86, 96
65.86, 96
65.86, 96
65.87, 96
65.87, 96
65.87, 96
65.88, 96
65.88, 96
65.89, 96
65.89, 96
65.89, 96
65.89, 96
65.89, 96
65.89, 96
65.89, 96
66.02, 96
66.02, 96
66.02, 96
66.14, 96
66.63, 96
66.63, 96
66.64, 96
66.67, 96
66.67, 96
66.68, 96
66.74, 96
66.75, 96
66.78, 96
66.79, 96
66.90, 96
66.90, 96
66.90, 96
67.04, 96
67.16, 96
67.16, 96
67.16, 96
67.16, 96
67.19, 96
67.20, 96
67.21, 96
67.21, 96
67.21, 96
67.22, 96
67.40, 96
67.41, 96
67.41, 96
67.41, 96
67.41, 96
67.41, 96
67.41, 96
67.41, 96
67.42, 96
67.42, 96
67.42, 96
67.42, 96
67.42, 96
67.42, 96
67.43, 96
67.45, 96
67.45, 96
67.45, 96
67.45, 96
67.45, 96
67.45, 96
67.53, 96
67.53, 96
67.53, 96
67.53, 96
67.54, 96
67.54, 96
67.54, 96
67.59, 96
67.60, 96
67.60, 96
67.60, 96
67.60, 96
67.60, 96
67.60, 96
67.60, 96
67.61, 96
67.61, 96
67.61, 96
67.61, 96
67.61, 96
67.61, 96
67.62, 96
67.82, 96
67.82, 96
67.85, 96
67.85, 96
67.85, 96
67.85, 96
67.85, 96
67.85, 96
67.85, 96
67.86, 96
67.86, 96
67.86, 96
67.86, 96
67.86, 96
67.87, 96
67.87, 96
67.87, 96
68.14, 96
68.33, 96
68.33, 96
68.33, 96
68.33, 96
68.34, 96
68.34, 96
68.34, 96
68.34, 96
68.34, 96
68.60, 96
68.61, 96
68.61, 96
68.64, 96
68.69, 96
68.69, 96
68.69, 96
68.69, 96
68.69, 96
68.72, 96
68.73, 96
68.81, 96
69.12, 96
69.17, 96
69.17, 96
69.17, 96
69.17, 96
69.17, 96
69.18, 96
69.18, 96
69.18, 96
69.19, 96
69.19, 96
69.19, 96
69.32, 96
69.32, 96
69.33, 96
69.35, 96
69.35, 96
69.42, 96
69.42, 96
69.42, 96
69.42, 96
69.44, 96
69.44, 96
69.45, 96
69.45, 96
69.46, 96
69.57, 96
69.57, 96
69.57, 96
69.57, 96
69.58, 96
69.59, 96
69.59, 96
69.59, 96
69.59, 96
69.60, 96
69.60, 96
69.60, 96
69.60, 96
69.63, 96
69.64, 96
69.64, 96
69.65, 96
69.65, 96
69.66, 96
69.75, 96
69.75, 96
69.78, 96
69.96, 96
69.96, 96
69.96, 96
69.96, 96
69.96, 96
69.97, 96
69.97, 96
69.97, 96
69.97, 96
69.99, 96
70.23, 96
70.24, 96
70.24, 96
70.24, 96
70.24, 96
70.24, 96
70.27, 96
70.27, 96
70.27, 96
70.27, 96
70.27, 96
70.28, 96
70.28, 96
70.28, 96
70.28, 96
70.28, 96
70.28, 96
70.28, 96
70.29, 96
70.29, 96
70.29, 96
70.30, 96
70.32, 96
70.32, 96
70.32, 96
70.32, 96
70.40, 96
70.54, 96
70.54, 96
70.54, 96
70.55, 96
70.55, 96
70.55, 96
70.55, 96
70.55, 96
70.60, 96
70.60, 96
70.60, 96
70.80, 96
70.86, 96
70.99, 96
71.00, 96
71.00, 96
71.01, 96
71.12, 96
71.12, 96
71.16, 96
71.16, 96
71.16, 96
71.81, 96
71.81, 96
71.81, 96
71.81, 96
71.85, 96
71.99, 96
71.99, 96
71.99, 96
72.00, 96
72.04, 96
72.05, 96
72.05, 96
72.05, 96
72.05, 96
72.05, 96
72.09, 96
72.09, 96
72.11, 96
72.12, 96
72.13, 96
72.13, 96
72.13, 96
72.13, 96
72.14, 96
72.15, 96
72.32, 96
72.33, 96
72.33, 96
72.33, 96
72.41, 96
72.41, 96
72.41, 96
72.41, 96
72.47, 96
72.67, 96
72.68, 96
72.68, 96
72.69, 96
72.69, 96
72.69, 96
72.71, 96
72.71, 96
72.74, 96
72.74, 96
72.76, 96
72.94, 96
72.94, 96
72.95, 96
72.95, 96
72.95, 96
72.95, 96
72.97, 96
72.97, 96
73.22, 96
73.22, 96
73.23, 96
73.24, 96
73.26, 96
73.29, 96
73.45, 96
73.45, 96
73.45, 96
73.46, 96
73.46, 96
73.59, 96
73.77, 96
73.77, 96
73.78, 96
73.78, 96
73.78, 96
73.78, 96
73.78, 96
73.78, 96
73.83, 96
73.83, 96
73.83, 96
73.83, 96
73.83, 96
73.85, 96
74.28, 96
74.28, 96
74.28, 96
74.30, 96
74.30, 96
74.30, 96
74.30, 96
74.30, 96
74.30, 96
74.31, 96
74.31, 96
74.31, 96
74.31, 96
74.31, 96
74.31, 96
74.31, 96
74.31, 96
74.32, 96
74.33, 96
74.33, 96
74.33, 96
74.44, 96
74.45, 96
74.46, 96
74.46, 96
74.47, 96
74.69, 96
74.69, 96
74.70, 96
74.70, 96
74.71, 96
74.72, 96
74.72, 96
74.77, 96
74.78, 96
74.78, 96
74.78, 96
74.78, 96
74.78, 96
74.78, 96
74.79, 96
74.79, 96
74.79, 96
74.89, 96
74.89, 96
74.90, 96
74.92, 96
74.98, 96
74.98, 96
74.98, 96
74.98, 96
74.99, 96
74.99, 96
74.99, 96
74.99, 96
74.99, 96
74.99, 96
74.99, 96
75.00, 96
75.00, 96
75.01, 96
75.01, 96
75.01, 96
75.01, 96
75.01, 96
75.28, 96
75.86, 96
75.93, 96
75.93, 96
76.14, 96
76.14, 96
76.26, 96
76.26, 96
76.64, 96
76.64, 96
76.64, 96
76.64, 96
76.64, 96
76.64, 96
76.64, 96
76.65, 96
76.71, 96
76.71, 96
76.71, 96
76.71, 96
76.71, 96
76.71, 96
76.71, 96
76.71, 96
76.73, 96
76.73, 96
76.74, 96
76.74, 96
76.74, 96
76.74, 96
76.77, 96
76.77, 96
76.77, 96
76.77, 96
76.79, 96
76.79, 96
76.79, 96
76.79, 96
76.79, 96
76.79, 96
76.80, 96
76.83, 96
76.83, 96
76.83, 96
76.84, 96
76.86, 96
76.96, 96
77.09, 96
77.09, 96
77.09, 96
77.09, 96
77.21, 96
77.22, 96
77.23, 96
77.26, 96
77.26, 96
77.26, 96
77.26, 96
77.26, 96
77.27, 96
77.27, 96
77.27, 96
77.31, 96
77.35, 96
77.35, 96
77.35, 96
77.37, 96
77.37, 96
77.37, 96
77.61, 96
77.61, 96
77.61, 96
77.61, 96
77.61, 96
77.69, 96
77.69, 96
77.82, 96
77.82, 96
77.83, 96
77.83, 96
77.85, 96
77.85, 96
77.85, 96
77.85, 96
77.88, 96
77.88, 96
77.88, 96
77.88, 96
77.88, 96
77.89, 96
77.89, 96
77.94, 96
77.94, 96
77.95, 96
77.95, 96
77.95, 96
77.96, 96
77.97, 96
77.97, 96
77.97, 96
77.97, 96
78.63, 96
78.63, 96
78.63, 96
78.66, 96
78.66, 96
78.66, 96
78.66, 96
78.66, 96
78.66, 96
78.66, 96
78.67, 96
78.67, 96
78.67, 96
78.75, 96
79.08, 96
79.08, 96
79.12, 96
79.14, 96
79.14, 96
79.14, 96
79.14, 96
79.14, 96
79.15, 96
79.15, 96
79.25, 96
79.25, 96
79.25, 96
79.25, 96
79.25, 96
79.25, 96
79.27, 96
79.27, 96
79.27, 96
79.27, 96
79.27, 96
79.27, 96
79.27, 96
79.27, 96
79.28, 96
79.28, 96
79.29, 96
79.29, 96
79.29, 96
79.29, 96
79.29, 96
79.29, 96
79.29, 96
79.38, 96
79.45, 96
79.45, 96
79.45, 96
79.46, 96
79.46, 96
79.46, 96
79.46, 96
79.56, 96
79.56, 96
79.56, 96
79.56, 96
79.56, 96
79.57, 96
79.57, 96
79.57, 96
79.58, 96
79.70, 96
79.70, 96
79.71, 96
79.71, 96
79.71, 96
79.84, 96
79.84, 96
79.84, 96
79.85, 96
79.85, 96
79.86, 96
79.86, 96
79.86, 96
79.87, 96
79.87, 96
79.93, 96
79.93, 96
79.93, 96
79.93, 96
79.93, 96
79.93, 96
79.94, 96
79.94, 96
79.94, 96
79.95, 96
79.95, 96
79.96, 96
79.99, 96
79.99, 96
79.99, 96
79.99, 96
79.99, 96
80.00, 96
80.00, 96
80.02, 96
80.02, 96
80.02, 96
80.02, 96
80.02, 96
80.02, 96
80.14, 96
80.14, 96
80.14, 96
80.17, 96
80.19, 96
80.20, 96
80.20, 96
80.20, 96
80.20, 96
80.20, 96
80.26, 96
80.26, 96
80.26, 96
80.26, 96
80.81, 96
80.81, 96
80.81, 96
80.82, 96
80.83, 96
80.83, 96
80.92, 96
80.92, 96
80.92, 96
81.03, 96
81.25, 96
81.80, 96
81.80, 96
82.38, 96
82.50, 96
82.50, 96
82.50, 96
82.64, 96
82.74, 96
82.74, 96
82.75, 96
82.77, 96
82.77, 96
82.77, 96
82.77, 96
82.78, 96
83.14, 96
83.15, 96
83.15, 96
83.23, 96
83.23, 96
83.23, 96
83.25, 96
83.26, 96
83.26, 96
83.26, 96
83.26, 96
83.77, 96
83.77, 96
83.77, 96
83.78, 96
83.78, 96
83.78, 96
83.78, 96
83.78, 96
83.78, 96
83.79, 96
83.81, 96
83.84, 96
83.84, 96
83.84, 96
83.85, 96
83.85, 96
83.85, 96
83.85, 96
83.85, 96
83.85, 96
83.85, 96
83.85, 96
83.85, 96
83.86, 96
83.87, 96
83.87, 96
83.87, 96
83.87, 96
83.89, 96
83.90, 96
83.90, 96
83.90, 96
83.90, 96
84.06, 96
84.07, 96
84.07, 96
84.08, 96
84.09, 96
84.09, 96
84.09, 96
84.09, 96
84.10, 96
84.36, 96
84.50, 96
84.50, 96
84.50, 96
84.51, 96
84.51, 96
84.51, 96
84.51, 96
84.51, 96
84.51, 96
84.51, 96
84.56, 96
84.56, 96
84.56, 96
84.57, 96
84.57, 96
84.59, 96
84.89, 96
84.89, 96
84.90, 96
84.90, 96
84.90, 96
84.90, 96
84.90, 96
84.90, 96
84.96, 96
85.15, 96
85.15, 96
85.21, 96
85.21, 96
85.21, 96
85.24, 96
85.24, 96
85.24, 96
85.25, 96
85.25, 96
85.27, 96
85.30, 96
85.30, 96
85.30, 96
85.30, 96
85.30, 96
85.51, 96
85.51, 96
85.51, 96
85.51, 96
85.89, 96
85.89, 96
85.89, 96
86.23, 96
86.23, 96
86.23, 96
86.23, 96
86.23, 96
86.25, 96
86.25, 96
86.26, 96
86.26, 96
86.27, 96
86.27, 96
86.29, 96
86.29, 96
86.29, 96
86.29, 96
86.44, 96
86.47, 96
86.47, 96
86.48, 96
86.48, 96
86.48, 96
86.48, 96
86.64, 96
86.65, 96
86.67, 96
86.68, 96
86.68, 96
86.68, 96
86.68, 96
86.69, 96
87.00, 96
87.01, 96
87.04, 96
87.04, 96
87.04, 96
87.04, 96
87.04, 96
87.04, 96
87.35, 96
87.35, 96
87.35, 96
87.37, 96
87.37, 96
87.37, 96
87.40, 96
87.40, 96
87.40, 96
87.40, 96
87.41, 96
87.41, 96
87.41, 96
87.41, 96
87.46, 96
87.46, 96
87.46, 96
87.46, 96
87.47, 96
87.47, 96
87.47, 96
87.49, 96
87.49, 96
87.49, 96
87.54, 96
87.54, 96
87.55, 96
87.55, 96
87.55, 96
87.55, 96
87.55, 96
87.55, 96
87.55, 96
87.55, 96
87.55, 96
87.63, 96
87.63, 96
87.63, 96
87.65, 96
87.65, 96
87.65, 96
87.66, 96
87.68, 96
87.68, 96
87.68, 96
87.68, 96
87.68, 96
87.68, 96
87.68, 96
87.68, 96
87.69, 96
87.69, 96
87.69, 96
87.74, 96
87.74, 96
87.77, 96
87.78, 96
87.84, 96
87.84, 96
87.97, 96
87.97, 96
87.97, 96
87.98, 96
88.02, 96
88.02, 96
88.07, 96
88.08, 96
88.08, 96
88.08, 96
88.09, 96
88.09, 96
88.09, 96
88.09, 96
88.09, 96
88.11, 96
88.13, 96
88.13, 96
88.13, 96
88.21, 96
88.22, 96
88.22, 96
88.22, 96
88.23, 96
88.23, 96
88.23, 96
88.23, 96
88.23, 96
88.25, 96
88.25, 96
88.25, 96
88.28, 96
88.28, 96
88.28, 96
88.28, 96
88.29, 96
88.29, 96
88.35, 96
88.35, 96
88.35, 96
88.35, 96
88.35, 96
88.35, 96
88.40, 96
88.55, 96
88.56, 96
88.56, 96
88.68, 96
88.68, 96
88.68, 96
88.70, 96
88.87, 96
88.87, 96
88.87, 96
88.87, 96
88.87, 96
88.88, 96
89.16, 96
89.16, 96
89.17, 96
89.17, 96
89.17, 96
89.17, 96
89.22, 96
89.23, 96
89.23, 96
89.23, 96
89.23, 96
89.23, 96
89.23, 96
89.32, 96
89.32, 96
89.32, 96
89.36, 96
89.36, 96
89.36, 96
89.36, 96
89.62, 96
89.62, 96
89.87, 96
89.87, 96
89.88, 96
89.88, 96
89.88, 96
89.89, 96
89.98, 96
89.99, 96
90.00, 96
90.05, 96
90.05, 96
90.05, 96
90.05, 96
90.05, 96
90.06, 96
90.06, 96
90.06, 96
90.06, 96
90.06, 96
90.06, 96
90.06, 96
90.06, 96
90.08, 96
90.08, 96
90.08, 96
90.08, 96
90.08, 96
90.08, 96
90.19, 96
90.19, 96
90.19, 96
90.19, 96
90.20, 96
90.20, 96
90.20, 96
90.20, 96
90.21, 96
90.21, 96
90.22, 96
90.22, 96
90.23, 96
90.23, 96
90.23, 96
90.23, 96
90.23, 96
90.27, 96
90.27, 96
90.32, 96
90.32, 96
90.32, 96
90.53, 96
90.64, 96
90.64, 96
90.64, 96
90.65, 96
90.65, 96
90.72, 96
90.85, 96
91.04, 96
91.04, 96
91.04, 96
91.05, 96
91.06, 96
91.06, 96
91.06, 96
91.06, 96
91.19, 96
91.19, 96
91.19, 96
91.19, 96
91.19, 96
91.19, 96
91.20, 96
91.20, 96
91.20, 96
91.27, 96
91.27, 96
91.34, 96
91.34, 96
91.34, 96
91.34, 96
91.35, 96
91.42, 96
91.42, 96
91.42, 96
91.43, 96
91.54, 96
91.56, 96
91.57, 96
91.58, 96
91.87, 96
91.87, 96
91.89, 96
91.89, 96
91.89, 96
91.89, 96
91.95, 96
91.95, 96
91.95, 96
91.95, 96
92.06, 96
92.06, 96
92.06, 96
92.07, 96
92.07, 96
92.07, 96
92.07, 96
92.08, 96
92.08, 96
92.10, 96
92.10, 96
92.10, 96
92.10, 96
92.11, 96
92.11, 96
92.11, 96
92.11, 96
92.11, 96
92.11, 96
92.11, 96
92.11, 96
92.11, 96
92.12, 96
92.18, 96
92.18, 96
92.18, 96
92.18, 96
92.19, 96
92.19, 96
92.19, 96
92.19, 96
92.19, 96
92.19, 96
92.19, 96
92.20, 96
92.20, 96
92.20, 96
92.20, 96
92.21, 96
92.21, 96
92.21, 96
92.21, 96
92.42, 96
92.42, 96
92.42, 96
92.43, 96
92.43, 96
92.43, 96
92.43, 96
92.43, 96
92.43, 96
92.43, 96
92.43, 96
92.43, 96
92.44, 96
92.44, 96
92.44, 96
92.44, 96
92.44, 96
92.44, 96
92.44, 96
92.58, 96
92.62, 96
92.72, 96
92.72, 96
92.72, 96
92.74, 96
93.06, 96
93.06, 96
93.06, 96
93.10, 96
93.10, 96
93.12, 96
93.19, 96
93.19, 96
93.19, 96
93.19, 96
93.19, 96
93.27, 96
93.32, 96
93.33, 96
93.45, 96
93.45, 96
93.45, 96
93.56, 96
93.60, 96
93.63, 96
93.63, 96
93.63, 96
93.63, 96
93.63, 96
93.64, 96
93.64, 96
93.64, 96
93.64, 96
93.64, 96
93.66, 96
93.66, 96
93.67, 96
93.67, 96
93.67, 96
93.67, 96
93.88, 96
93.88, 96
93.88, 96
93.88, 96
93.89, 96
93.89, 96
93.89, 96
93.89, 96
93.89, 96
93.91, 96
93.91, 96
93.92, 96
93.92, 96
93.93, 96
93.93, 96
93.93, 96
93.93, 96
93.94, 96
93.94, 96
93.94, 96
93.94, 96
93.98, 96
94.00, 96
94.00, 96
94.00, 96
94.00, 96
94.01, 96
94.01, 96
94.01, 96
94.03, 96
94.03, 96
94.03, 96
94.03, 96
94.04, 96
94.04, 96
94.04, 96
94.04, 96
94.05, 96
94.05, 96
94.05, 96
94.05, 96
94.06, 96
94.07, 96
94.07, 96
94.07, 96
94.07, 96
94.07, 96
94.07, 96
94.08, 96
94.08, 96
94.08, 96
94.09, 96
94.10, 96
94.10, 96
94.10, 96
94.10, 96
94.11, 96
94.11, 96
94.20, 96
94.20, 96
94.20, 96
94.20, 96
94.20, 96
94.24, 96
94.25, 96
94.25, 96
94.25, 96
94.25, 96
94.25, 96
94.25, 96
94.26, 96
94.26, 96
94.37, 96
94.37, 96
94.66, 96
94.66, 96
94.67, 96
94.67, 96
94.67, 96
94.67, 96
94.67, 96
94.67, 96
94.67, 96
94.69, 96
94.69, 96
94.69, 96
94.69, 96
94.70, 96
94.70, 96
94.70, 96
94.70, 96
94.70, 96
94.71, 96
94.71, 96
94.71, 96
94.79, 96
94.80, 96
94.80, 96
94.80, 96
94.80, 96
94.80, 96
94.80, 96
94.80, 96
94.80, 96
94.80, 96
94.80, 96
95.01, 96
95.01, 96
95.01, 96
95.02, 96
95.02, 96
95.08, 96
95.08, 96
95.08, 96
95.17, 96
95.26, 96
95.26, 96
95.27, 96
95.27, 96
95.27, 96
95.27, 96
95.33, 96
95.34, 96
95.35, 96
95.35, 96
95.36, 96
95.36, 96
95.36, 96
95.36, 96
95.36, 96
95.36, 96
95.36, 96
95.66, 96
95.66, 96
95.67, 96
95.69, 96
95.80, 96
95.80, 96
95.81, 96
95.81, 96
95.81, 96
95.81, 96
95.82, 96
95.82, 96
95.82, 96
95.82, 96
95.83, 96
95.84, 96
95.84, 96
95.85, 96
95.85, 96
95.85, 96
95.85, 96
95.86, 96
95.86, 96
95.88, 96
96.26, 96
96.26, 96
96.30, 96
96.30, 96
96.31, 96
96.31, 96
96.31, 96
96.39, 96
96.43, 96
96.43, 96
96.62, 96
96.62, 96
96.62, 96
96.81, 96
96.82, 96
96.82, 96
96.82, 96
96.89, 96
96.90, 96
96.90, 96
97.05, 96
97.05, 96
97.05, 96
97.06, 96
97.06, 96
97.06, 96
97.06, 96
97.06, 96
97.06, 96
97.19, 96
97.21, 96
97.22, 96
97.23, 96
97.23, 96
97.26, 96
97.26, 96
97.26, 96
97.26, 96
97.27, 96
97.27, 96
97.29, 96
97.29, 96
97.29, 96
97.30, 96
97.30, 96
97.30, 96
97.30, 96
97.30, 96
97.42, 96
97.42, 96
97.42, 96
97.50, 96
97.54, 96
97.54, 96
97.61, 96
97.61, 96
97.61, 96
97.75, 96
97.75, 96
97.75, 96
97.85, 96
97.85, 96
97.85, 96
97.96, 96
97.96, 96
98.06, 96
98.06, 96
98.15, 96
98.22, 96
98.22, 96
98.55, 96
98.55, 96
98.70, 96
98.70, 96
98.71, 96
98.71, 96
98.71, 96
98.71, 96
98.71, 96
98.77, 96
98.77, 96
98.77, 96
98.77, 96
98.77, 96
98.81, 96
98.98, 96
98.98, 96
98.98, 96
98.98, 96
98.99, 96
99.03, 96
99.03, 96
99.03, 96
99.03, 96
99.07, 96
99.07, 96
99.08, 96
99.12, 96
99.41, 96
99.46, 96
99.47, 96
99.48, 96
99.48, 96
99.48, 96
99.48, 96
99.48, 96
99.48, 96
99.52, 96
99.52, 96
99.52, 96
99.52, 96
99.56, 96
99.56, 96
99.56, 96
99.56, 96
99.56, 96
99.57, 96
99.57, 96
99.64, 96
99.64, 96
99.65, 96
99.67, 96
99.67, 96
99.80, 96
99.82, 96
99.82, 96
99.82, 96
99.82, 96
99.82, 96
99.93, 96
100.03, 96
100.03, 96
100.03, 96
100.03, 96
100.03, 96
100.10, 96
100.11, 96
100.11, 96
100.11, 96
100.11, 96
100.11, 96
100.12, 96
100.13, 96
100.13, 96
100.13, 96
100.13, 96
100.22, 96
100.29, 96
100.40, 96
100.41, 96
100.55, 96
100.59, 96
100.59, 96
100.59, 96
100.59, 96
100.59, 96
100.60, 96
100.60, 96
100.60, 96
100.60, 96
100.66, 96
100.66, 96
100.66, 96
100.66, 96
100.66, 96
100.67, 96
100.67, 96
100.67, 96
100.67, 96
100.69, 96
100.69, 96
100.69, 96
100.69, 96
100.69, 96
100.69, 96
100.69, 96
100.69, 96
100.70, 96
100.70, 96
100.70, 96
100.70, 96
100.70, 96
100.71, 96
100.71, 96
100.71, 96
100.76, 96
100.79, 96
100.79, 96
100.80, 96
100.82, 96
100.87, 96
100.87, 96
100.89, 96
100.89, 96
100.89, 96
100.97, 96
100.97, 96
100.97, 96
100.97, 96
100.99, 96
100.99, 96
100.99, 96
101.06, 96
101.06, 96
101.07, 96
101.07, 96
101.09, 96
101.09, 96
101.09, 96
101.15, 96
101.34, 96
101.35, 96
101.35, 96
101.35, 96
101.35, 96
101.37, 96
101.38, 96
101.38, 96
101.43, 96
101.43, 96
101.43, 96
101.46, 96
101.46, 96
101.47, 96
101.47, 96
101.79, 96
101.80, 96
101.80, 96
101.80, 96
101.80, 96
101.80, 96
101.81, 96
102.11, 96
102.12, 96
102.18, 96
102.18, 96
102.19, 96
102.19, 96
102.36, 96
102.36, 96
102.36, 96
102.36, 96
102.42, 96
102.43, 96
102.47, 96
102.47, 96
102.47, 96
102.47, 96
102.48, 96
102.48, 96
102.48, 96
102.48, 96
102.48, 96
102.48, 96
102.48, 96
102.48, 96
102.61, 96
102.61, 96
102.61, 96
102.61, 96
102.62, 96
102.62, 96
102.62, 96
102.62, 96
102.62, 96
102.62, 96
102.65, 96
102.65, 96
102.65, 96
102.68, 96
102.69, 96
102.72, 96
102.72, 96
102.73, 96
102.73, 96
102.73, 96
102.73, 96
102.74, 96
103.01, 96
103.01, 96
103.18, 96
103.18, 96
103.22, 96
103.30, 96
103.30, 96
103.30, 96
103.31, 96
103.31, 96
103.31, 96
103.31, 96
103.51, 96
103.51, 96
103.51, 96
103.58, 96
103.58, 96
103.59, 96
103.61, 96
103.65, 96
103.69, 96
103.69, 96
103.69, 96
103.69, 96
104.44, 96
104.48, 96
104.49, 96
104.49, 96
104.72, 96
104.72, 96
104.72, 96
104.77, 96
104.77, 96
105.17, 96
105.18, 96
105.31, 96
105.32, 96
105.32, 96
105.32, 96
105.32, 96
105.32, 96
105.32, 96
105.35, 96
105.37, 96
105.37, 96
105.37, 96
105.37, 96
105.39, 96
105.39, 96
105.47, 96
105.48, 96
105.48, 96
105.64, 96
105.64, 96
105.66, 96
105.66, 96
105.67, 96
105.67, 96
105.67, 96
105.67, 96
105.68, 96
105.68, 96
105.71, 96
105.79, 96
105.79, 96
105.79, 96
105.79, 96
105.81, 96
105.81, 96
105.82, 96
105.82, 96
105.82, 96
105.82, 96
105.82, 96
105.82, 96
105.82, 96
105.82, 96
105.83, 96
105.83, 96
105.83, 96
105.83, 96
105.84, 96
105.84, 96
105.92, 96
105.92, 96
105.92, 96
105.92, 96
105.92, 96
105.92, 96
105.92, 96
105.92, 96
105.93, 96
105.93, 96
105.93, 96
105.93, 96
106.05, 96
106.05, 96
106.05, 96
106.05, 96
106.05, 96
106.05, 96
106.05, 96
106.05, 96
106.06, 96
106.06, 96
106.06, 96
106.06, 96
106.06, 96
106.06, 96
106.06, 96
106.06, 96
106.06, 96
106.07, 96
106.07, 96
106.10, 96
106.10, 96
106.11, 96
106.11, 96
106.12, 96
106.12, 96
106.42, 96
106.42, 96
106.42, 96
106.65, 96
106.66, 96
106.66, 96
106.66, 96
106.66, 96
106.66, 96
106.66, 96
106.66, 96
106.67, 96
106.67, 96
106.67, 96
106.67, 96
106.67, 96
106.71, 96
106.72, 96
106.72, 96
106.72, 96
106.72, 96
106.72, 96
106.72, 96
106.72, 96
106.73, 96
107.79, 96
107.79, 96
107.82, 96
107.82, 96
107.82, 96
107.92, 96
107.92, 96
107.92, 96
107.92, 96
108.13, 96
108.15, 96
108.15, 96
108.15, 96
108.15, 96
108.20, 96
108.21, 96
108.40, 96
108.41, 96
108.41, 96
108.41, 96
108.41, 96
108.41, 96
108.41, 96
108.41, 96
108.41, 96
108.92, 96
108.92, 96
108.92, 96
108.92, 96
108.92, 96
108.92, 96
108.92, 96
108.92, 96
108.92, 96
108.92, 96
108.93, 96
108.93, 96
108.93, 96
108.94, 96
108.94, 96
108.97, 96
108.97, 96
108.99, 96
109.00, 96
109.19, 96
109.19, 96
109.19, 96
109.19, 96
109.19, 96
109.20, 96
109.20, 96
109.24, 96
109.24, 96
109.24, 96
109.25, 96
109.25, 96
109.25, 96
109.27, 96
109.27, 96
109.44, 96
109.44, 96
109.44, 96
109.51, 96
109.51, 96
109.62, 96
109.69, 96
109.72, 96
109.72, 96
109.72, 96
109.72, 96
109.72, 96
109.73, 96
109.73, 96
109.74, 96
109.97, 96
109.97, 96
109.97, 96
109.97, 96
109.99, 96
110.03, 96
110.03, 96
110.07, 96
110.07, 96
110.08, 96
110.08, 96
110.08, 96
110.08, 96
110.15, 96
110.15, 96
110.15, 96
110.15, 96
110.22, 96
110.22, 96
110.22, 96
110.23, 96
110.23, 96
110.39, 96
110.40, 96
110.41, 96
110.41, 96
110.41, 96
110.41, 96
110.41, 96
110.41, 96
110.41, 96
110.43, 96
110.43, 96
110.43, 96
110.43, 96
110.43, 96
110.44, 96
110.44, 96
110.44, 96
110.67, 96
110.93, 96
110.93, 96
110.94, 96
110.96, 96
110.96, 96
110.99, 96
110.99, 96
110.99, 96
111.03, 96
111.15, 96
111.15, 96
111.18, 96
111.19, 96
111.19, 96
111.19, 96
111.19, 96
111.19, 96
111.19, 96
111.19, 96
111.20, 96
111.20, 96
111.20, 96
111.24, 96
111.24, 96
111.25, 96
111.25, 96
111.25, 96
111.25, 96
111.26, 96
111.29, 96
111.30, 96
111.30, 96
111.31, 96
111.41, 96
111.41, 96
111.41, 96
111.41, 96
111.41, 96
111.41, 96
111.41, 96
111.42, 96
111.73, 96
111.73, 96
111.87, 96
111.87, 96
111.87, 96
111.87, 96
111.88, 96
111.88, 96
111.88, 96
111.88, 96
111.88, 96
111.88, 96
111.89, 96
112.12, 96
112.12, 96
112.12, 96
112.12, 96
112.12, 96
112.12, 96
112.13, 96
112.13, 96
112.13, 96
112.13, 96
112.13, 96
112.20, 96
112.20, 96
112.21, 96
112.27, 96
112.29, 96
112.30, 96
112.30, 96
112.30, 96
112.31, 96
112.31, 96
112.40, 96
112.41, 96
112.41, 96
112.41, 96
112.41, 96
112.42, 96
112.42, 96
112.42, 96
112.43, 96
112.44, 96
112.44, 96
112.44, 96
112.44, 96
112.46, 96
112.47, 96
112.47, 96
112.47, 96
112.47, 96
112.47, 96
112.55, 96
112.55, 96
112.59, 96
112.59, 96
112.60, 96
112.60, 96
112.60, 96
112.76, 96
112.80, 96
112.80, 96
112.93, 96
112.93, 96
112.93, 96
112.93, 96
113.12, 96
113.26, 96
113.26, 96
113.37, 96
113.37, 96
113.38, 96
113.38, 96
113.38, 96
113.51, 96
113.60, 96
113.72, 96
113.73, 96
113.83, 96
113.83, 96
113.84, 96
113.89, 96
113.90, 96
113.90, 96
113.90, 96
113.90, 96
113.90, 96
113.93, 96
113.93, 96
113.93, 96
113.93, 96
113.94, 96
113.94, 96
113.94, 96
113.97, 96
114.10, 96
114.11, 96
114.11, 96
114.11, 96
114.11, 96
114.13, 96
114.16, 96
114.16, 96
114.17, 96
114.17, 96
114.17, 96
114.17, 96
114.17, 96
114.18, 96
114.18, 96
114.18, 96
114.18, 96
114.18, 96
114.18, 96
114.18, 96
114.28, 96
114.28, 96
114.28, 96
114.29, 96
114.29, 96
114.30, 96
114.30, 96
114.30, 96
114.30, 96
114.31, 96
114.31, 96
114.31, 96
114.31, 96
114.36, 96
114.44, 96
114.44, 96
114.44, 96
114.46, 96
114.52, 96
114.52, 96
114.53, 96
114.54, 96
114.54, 96
114.54, 96
114.54, 96
114.54, 96
114.54, 96
114.54, 96
114.54, 96
114.55, 96
114.66, 96
114.86, 96
114.87, 96
114.87, 96
114.87, 96
114.87, 96
114.87, 96
114.93, 96
114.93, 96
114.94, 96
114.94, 96
115.09, 96
115.09, 96
115.09, 96
115.10, 96
115.10, 96
115.10, 96
115.13, 96
115.17, 96
115.17, 96
115.26, 96
115.26, 96
115.26, 96
115.26, 96
115.32, 96
115.32, 96
115.63, 96
115.63, 96
115.63, 96
115.63, 96
115.64, 96
115.64, 96
115.73, 96
115.90, 96
115.90, 96
116.05, 96
116.05, 96
116.05, 96
116.20, 96
116.28, 96
116.28, 96
116.32, 96
116.32, 96
116.48, 96
116.48, 96
116.48, 96
116.49, 96
116.49, 96
116.49, 96
116.49, 96
116.49, 96
116.49, 96
116.49, 96
116.50, 96
116.59, 96
116.59, 96
116.59, 96
116.59, 96
116.59, 96
116.61, 96
116.61, 96
116.61, 96
116.61, 96
116.62, 96
116.62, 96
116.62, 96
116.62, 96
116.62, 96
116.63, 96
116.63, 96
116.63, 96
116.68, 96
116.68, 96
116.68, 96
116.69, 96
116.69, 96
116.75, 96
116.77, 96
116.78, 96
116.80, 96
116.80, 96
116.80, 96
116.80, 96
116.80, 96
116.81, 96
116.82, 96
116.88, 96
116.88, 96
116.88, 96
116.88, 96
116.88, 96
116.88, 96
116.89, 96
116.98, 96
116.98, 96
116.98, 96
116.98, 96
117.04, 96
117.04, 96
117.04, 96
117.04, 96
117.04, 96
117.04, 96
117.05, 96
117.12, 96
117.13, 96
117.13, 96
117.19, 96
117.19, 96
117.19, 96
117.19, 96
117.19, 96
117.19, 96
117.19, 96
117.33, 96
117.33, 96
117.34, 96
117.34, 96
117.34, 96
117.34, 96
117.34, 96
117.53, 96
117.54, 96
117.78, 96
118.41, 96
118.41, 96
118.41, 96
118.41, 96
118.41, 96
118.41, 96
118.41, 96
118.41, 96
118.50, 96
118.50, 96
118.68, 96
118.68, 96
118.68, 96
118.69, 96
118.69, 96
118.85, 96
118.85, 96
118.85, 96
118.85, 96
118.85, 96
118.85, 96
118.85, 96
118.85, 96
118.86, 96
118.86, 96
118.86, 96
118.86, 96
118.87, 96
118.87, 96
118.88, 96
118.88, 96
118.98, 96
118.98, 96
118.99, 96
119.36, 96
119.37, 96
119.37, 96
119.38, 96
119.38, 96
119.38, 96
119.38, 96
119.38, 96
119.38, 96
119.39, 96
119.39, 96
119.39, 96
119.39, 96
119.39, 96
119.40, 96
119.40, 96
119.56, 96
119.56, 96
119.57, 96
119.57, 96
119.60, 96
119.60, 96
119.80, 96
119.80, 96
119.81, 96
119.91, 96
119.91, 96
119.91, 96
120.07, 96
120.07, 96
120.07, 96
120.07, 96
120.09, 96
120.09, 96
120.12, 96
120.12, 96
120.12, 96
120.12, 96
120.12, 96
120.12, 96
120.13, 96
120.13, 96
120.13, 96
120.13, 96
120.13, 96
120.13, 96
120.13, 96
120.16, 96
120.16, 96
120.16, 96
120.16, 96
120.17, 96
120.17, 96
120.17, 96
120.17, 96
120.17, 96
120.29, 96
120.29, 96
120.29, 96
120.29, 96
120.29, 96
120.43, 96
120.43, 96
120.43, 96
120.44, 96
120.44, 96
120.44, 96
120.44, 96
120.46, 96
120.46, 96
120.46, 96
120.46, 96
120.46, 96
120.46, 96
120.46, 96
120.51, 96
120.51, 96
120.51, 96
120.51, 96
120.51, 96
120.51, 96
120.52, 96
120.52, 96
120.52, 96
120.55, 96
120.55, 96
120.71, 96
120.71, 96
120.75, 96
120.79, 96
120.79, 96
120.79, 96
120.79, 96
120.79, 96
120.79, 96
120.98, 96
120.98, 96
121.13, 96
121.36, 96
121.48, 96
121.48, 96
121.48, 96
121.48, 96
121.80, 96
121.82, 96
121.82, 96
121.82, 96
121.86, 96
121.98, 96
121.98, 96
121.98, 96
121.98, 96
121.98, 96
121.99, 96
122.00, 96
122.22, 96
122.22, 96
122.22, 96
122.22, 96
122.22, 96
122.23, 96
122.44, 96
122.44, 96
122.46, 96
122.46, 96
122.46, 96
122.46, 96
122.47, 96
122.47, 96
122.49, 96
122.50, 96
122.50, 96
122.79, 96
122.79, 96
122.80, 96
122.81, 96
122.89, 96
122.89, 96
122.89, 96
122.89, 96
122.89, 96
123.08, 96
123.08, 96
123.08, 96
123.09, 96
123.09, 96
123.09, 96
123.09, 96
123.09, 96
123.09, 96
123.10, 96
123.10, 96
123.10, 96
123.12, 96
123.12, 96
123.12, 96
123.12, 96
123.12, 96
123.18, 96
123.18, 96
123.18, 96
123.18, 96
123.19, 96
123.19, 96
123.19, 96
123.20, 96
123.21, 96
123.33, 96
123.33, 96
123.34, 96
123.38, 96
123.39, 96
123.39, 96
123.39, 96
123.41, 96
123.41, 96
123.41, 96
123.41, 96
123.42, 96
123.56, 96
123.56, 96
123.56, 96
124.14, 96
124.17, 96
124.17, 96
124.25, 96
124.25, 96
124.25, 96
124.25, 96
124.25, 96
124.25, 96
124.26, 96
124.26, 96
124.26, 96
124.26, 96
124.26, 96
124.26, 96
124.27, 96
124.30, 96
124.30, 96
124.51, 96
124.53, 96
124.53, 96
124.53, 96
124.57, 96
124.57, 96
124.57, 96
124.57, 96
124.67, 96
124.86, 96
124.87, 96
124.87, 96
124.87, 96
124.87, 96
124.87, 96
124.88, 96
124.88, 96
124.88, 96
124.94, 96
124.94, 96
124.94, 96
124.94, 96
124.94, 96
124.95, 96
124.95, 96
124.95, 96
124.95, 96
124.95, 96
124.95, 96
124.95, 96
124.95, 96
125.01, 96
125.02, 96
125.03, 96
125.03, 96
125.03, 96
125.03, 96
125.03, 96
125.03, 96
125.03, 96
125.04, 96
125.07, 96
125.12, 96
125.12, 96
125.12, 96
125.12, 96
125.12, 96
125.13, 96
125.13, 96
125.13, 96
125.13, 96
125.13, 96
125.13, 96
125.13, 96
125.15, 96
125.16, 96
125.16, 96
125.17, 96
125.17, 96
125.43, 96
125.43, 96
125.44, 96
125.44, 96
125.44, 96
125.44, 96
125.44, 96
125.44, 96
125.44, 96
125.45, 96
125.45, 96
125.45, 96
125.45, 96
125.45, 96
125.45, 96
125.46, 96
125.55, 96
125.80, 96
125.84, 96
125.84, 96
125.87, 96
125.87, 96
125.87, 96
125.88, 96
125.94, 96
125.95, 96
126.24, 96
126.24, 96
126.24, 96
126.51, 96
126.51, 96
126.52, 96
126.55, 96
126.58, 96
126.58, 96
126.58, 96
126.58, 96
126.58, 96
126.59, 96
126.64, 96
126.64, 96
126.64, 96
126.91, 96
126.91, 96
126.91, 96
126.91, 96
126.91, 96
126.91, 96
126.92, 96
126.92, 96
127.15, 96
127.16, 96
127.16, 96
127.16, 96
127.16, 96
127.17, 96
127.17, 96
127.17, 96
127.17, 96
127.18, 96
127.19, 96
127.19, 96
127.19, 96
127.19, 96
127.26, 96
127.26, 96
127.26, 96
127.26, 96
127.46, 96
127.47, 96
127.47, 96
127.49, 96
127.49, 96
127.49, 96
127.49, 96
127.49, 96
127.49, 96
127.54, 96
127.54, 96
128.05, 96
128.06, 96
128.09, 96
128.09, 96
128.09, 96
128.09, 96
128.21, 96
128.21, 96
128.21, 96
128.21, 96
128.21, 96
128.21, 96
128.32, 96
128.32, 96
128.32, 96
128.32, 96
128.33, 96
128.33, 96
128.33, 96
128.33, 96
128.33, 96
128.34, 96
128.34, 96
128.67, 96
128.70, 96
128.70, 96
128.93, 96
128.93, 96
128.93, 96
128.93, 96
128.94, 96
128.94, 96
128.98, 96
128.98, 96
128.99, 96
128.99, 96
128.99, 96
128.99, 96
128.99, 96
129.00, 96
129.00, 96
129.00, 96
129.01, 96
129.01, 96
129.01, 96
129.01, 96
129.08, 96
129.08, 96
129.09, 96
129.09, 96
129.09, 96
129.09, 96
129.10, 96
129.10, 96
129.10, 96
129.10, 96
129.10, 96
129.36, 96
129.37, 96
129.37, 96
129.38, 96
129.41, 96
129.41, 96
129.41, 96
129.42, 96
129.42, 96
129.42, 96
129.42, 96
129.42, 96
129.42, 96
129.43, 96
129.43, 96
129.43, 96
129.43, 96
129.50, 96
129.50, 96
129.50, 96
129.50, 96
129.53, 96
129.74, 96
129.74, 96
129.74, 96
129.75, 96
129.75, 96
129.75, 96
129.75, 96
129.83, 96
129.87, 96
129.87, 96
129.87, 96
129.88, 96
129.88, 96
129.88, 96
129.88, 96
129.89, 96
129.89, 96
129.89, 96
129.89, 96
129.89, 96
130.09, 96
130.09, 96
130.22, 96
130.22, 96
130.22, 96
130.22, 96
130.22, 96
130.22, 96
130.22, 96
130.22, 96
130.23, 96
130.23, 96
130.23, 96
130.23, 96
130.23, 96
130.23, 96
130.23, 96
130.23, 96
130.24, 96
130.24, 96
130.25, 96
130.43, 96
130.43, 96
130.50, 96
130.50, 96
130.50, 96
130.53, 96
130.53, 96
130.53, 96
130.53, 96
130.54, 96
130.77, 96
130.77, 96
130.77, 96
130.78, 96
130.78, 96
130.78, 96
130.79, 96
130.80, 96
130.80, 96
130.80, 96
130.80, 96
130.80, 96
130.80, 96
130.82, 96
130.82, 96
130.91, 96
130.91, 96
130.92, 96
130.92, 96
131.00, 96
131.01, 96
131.01, 96
131.01, 96
131.02, 96
131.02, 96
131.09, 96
131.09, 96
131.20, 96
131.20, 96
131.20, 96
131.21, 96
131.21, 96
131.34, 96
131.34, 96
131.34, 96
131.34, 96
131.35, 96
131.35, 96
131.36, 96
131.36, 96
131.53, 96
131.54, 96
131.54, 96
131.54, 96
131.54, 96
131.54, 96
131.55, 96
131.59, 96
131.60, 96
131.60, 96
131.61, 96
131.62, 96
131.62, 96
131.62, 96
131.67, 96
131.69, 96
131.80, 96
131.80, 96
131.82, 96
131.82, 96
131.83, 96
131.83, 96
131.83, 96
131.83, 96
131.83, 96
131.83, 96
131.92, 96
131.95, 96
131.95, 96
131.95, 96
131.95, 96
131.95, 96
131.95, 96
131.96, 96
131.96, 96
131.96, 96
131.96, 96
131.96, 96
131.96, 96
131.98, 96
131.98, 96
131.98, 96
131.98, 96
131.99, 96
131.99, 96
131.99, 96
131.99, 96
132.15, 96
132.15, 96
132.15, 96
132.24, 96
132.24, 96
132.24, 96
132.24, 96
132.25, 96
132.25, 96
132.25, 96
132.25, 96
132.25, 96
132.26, 96
132.26, 96
132.30, 96
132.30, 96
132.30, 96
132.30, 96
132.30, 96
132.31, 96
132.41, 96
132.41, 96
132.41, 96
132.42, 96
132.42, 96
132.55, 96
132.55, 96
132.55, 96
132.55, 96
132.55, 96
132.55, 96
132.56, 96
132.56, 96
132.56, 96
132.56, 96
132.56, 96
132.56, 96
132.56, 96
132.56, 96
132.56, 96
132.56, 96
132.56, 96
132.58, 96
132.58, 96
132.58, 96
132.58, 96
132.58, 96
132.68, 96
132.69, 96
132.69, 96
132.71, 96
132.72, 96
132.72, 96
132.72, 96
132.72, 96
132.72, 96
132.72, 96
133.01, 96
133.01, 96
133.02, 96
133.02, 96
133.02, 96
133.04, 96
133.17, 96
133.28, 96
133.28, 96
133.28, 96
133.28, 96
133.29, 96
133.29, 96
133.32, 96
133.32, 96
133.32, 96
133.32, 96
133.32, 96
133.32, 96
133.33, 96
133.33, 96
133.38, 96
133.54, 96
133.54, 96
133.55, 96
133.55, 96
133.55, 96
133.73, 96
133.73, 96
133.74, 96
133.74, 96
133.80, 96
133.80, 96
133.80, 96
133.80, 96
133.81, 96
133.81, 96
133.81, 96
133.82, 96
133.82, 96
133.82, 96
133.82, 96
133.82, 96
133.84, 96
133.84, 96
133.84, 96
133.84, 96
133.84, 96
133.84, 96
133.84, 96
134.03, 96
134.03, 96
134.08, 96
134.08, 96
134.10, 96
134.11, 96
134.11, 96
134.11, 96
134.12, 96
134.13, 96
134.13, 96
134.29, 96
134.29, 96
134.30, 96
134.32, 96
134.34, 96
134.36, 96
134.37, 96
134.47, 96
134.47, 96
134.48, 96
134.48, 96
134.48, 96
134.48, 96
134.54, 96
134.55, 96
134.55, 96
134.55, 96
134.55, 96
134.55, 96
134.55, 96
134.55, 96
134.57, 96
134.57, 96
134.73, 96
134.73, 96
134.73, 96
134.74, 96
134.74, 96
134.76, 96
134.76, 96
134.76, 96
134.88, 96
134.88, 96
134.92, 96
134.92, 96
134.92, 96
135.16, 96
135.22, 96
135.22, 96
135.25, 96
135.56, 96
135.57, 96
135.57, 96
135.57, 96
135.57, 96
135.57, 96
135.57, 96
135.57, 96
135.57, 96
135.68, 96
135.68, 96
135.68, 96
135.68, 96
135.75, 96
135.75, 96
135.75, 96
135.78, 96
135.78, 96
135.82, 96
135.82, 96
135.82, 96
135.83, 96
135.83, 96
135.83, 96
135.83, 96
135.83, 96
135.84, 96
135.84, 96
135.84, 96
135.84, 96
135.84, 96
135.84, 96
135.84, 96
135.84, 96
136.01, 96
136.01, 96
136.13, 96
136.13, 96
136.13, 96
136.13, 96
136.13, 96
136.15, 96
136.15, 96
136.16, 96
136.21, 96
136.26, 96
136.46, 96
136.46, 96
136.46, 96
136.69, 96
136.69, 96
136.69, 96
136.69, 96
136.69, 96
136.70, 96
136.70, 96
136.70, 96
136.72, 96
136.72, 96
136.81, 96
136.81, 96
136.81, 96
136.82, 96
136.82, 96
136.82, 96
136.83, 96
136.83, 96
137.04, 96
137.04, 96
137.06, 96
137.06, 96
137.06, 96
137.06, 96
137.06, 96
137.24, 96
137.25, 96
137.25, 96
137.25, 96
137.30, 96
137.30, 96
137.31, 96
137.31, 96
137.67, 96
137.68, 96
137.68, 96
137.70, 96
137.73, 96
137.73, 96
137.73, 96
137.73, 96
137.75, 96
137.75, 96
137.75, 96
137.75, 96
137.75, 96
137.76, 96
137.93, 96
137.93, 96
137.93, 96
137.93, 96
137.93, 96
137.98, 96
137.98, 96
137.98, 96
137.99, 96
137.99, 96
138.01, 96
138.13, 96
138.13, 96
138.13, 96
138.14, 96
138.14, 96
138.45, 96
138.46, 96
138.61, 96
138.61, 96
138.61, 96
138.61, 96
138.66, 96
138.66, 96
138.66, 96
138.66, 96
138.69, 96
138.69, 96
138.69, 96
138.69, 96
138.69, 96
138.69, 96
138.69, 96
138.69, 96
138.70, 96
138.70, 96
138.70, 96
138.70, 96
138.70, 96
138.70, 96
138.70, 96
138.70, 96
138.70, 96
138.93, 96
138.93, 96
138.93, 96
138.93, 96
138.93, 96
138.93, 96
139.01, 96
139.01, 96
139.01, 96
139.01, 96
139.01, 96
139.01, 96
139.02, 96
139.02, 96
139.02, 96
139.30, 96
139.30, 96
139.30, 96
139.30, 96
139.31, 96
139.31, 96
139.31, 96
139.52, 96
139.52, 96
139.52, 96
139.54, 96
139.54, 96
139.54, 96
139.55, 96
139.55, 96
139.55, 96
139.55, 96
139.69, 96
139.69, 96
139.70, 96
139.70, 96
139.70, 96
139.72, 96
139.72, 96
139.72, 96
139.72, 96
139.72, 96
139.73, 96
139.73, 96
139.73, 96
139.73, 96
139.74, 96
139.90, 96
139.98, 96
139.98, 96
139.98, 96
139.99, 96
139.99, 96
140.26, 96
140.26, 96
140.27, 96
140.27, 96
140.27, 96
140.27, 96
140.28, 96
140.28, 96
140.28, 96
140.28, 96
140.29, 96
140.30, 96
140.30, 96
140.31, 96
140.31, 96
140.31, 96
140.34, 96
140.48, 96
140.48, 96
140.49, 96
140.77, 96
140.77, 96
140.78, 96
140.78, 96
140.79, 96
140.79, 96
140.79, 96
140.79, 96
140.79, 96
140.80, 96
140.80, 96
140.80, 96
140.80, 96
140.80, 96
140.80, 96
140.81, 96
140.81, 96
140.83, 96
140.83, 96
140.84, 96
140.84, 96
140.84, 96
140.85, 96
140.85, 96
140.85, 96
140.85, 96
140.85, 96
140.85, 96
140.85, 96
140.85, 96
140.85, 96
140.89, 96
140.89, 96
141.18, 96
141.32, 96
141.32, 96
141.32, 96
141.42, 96
141.43, 96
141.43, 96
141.43, 96
141.44, 96
141.45, 96
141.45, 96
141.48, 96
141.48, 96
141.48, 96
141.52, 96
141.52, 96
141.52, 96
141.52, 96
141.52, 96
141.53, 96
141.53, 96
141.53, 96
141.53, 96
141.57, 96
141.57, 96
141.57, 96
141.57, 96
141.58, 96
141.58, 96
141.58, 96
141.59, 96
141.63, 96
141.63, 96
141.99, 96
141.99, 96
141.99, 96
141.99, 96
142.07, 96
142.08, 96
142.08, 96
142.14, 96
142.14, 96
142.42, 96
142.42, 96
142.42, 96
142.43, 96
142.43, 96
142.43, 96
142.43, 96
142.43, 96
142.43, 96
142.43, 96
142.43, 96
142.47, 96
142.47, 96
142.48, 96
142.48, 96
142.49, 96
142.49, 96
142.49, 96
142.49, 96
142.82, 96
142.84, 96
142.84, 96
142.84, 96
142.84, 96
142.85, 96
142.85, 96
142.88, 96
142.88, 96
142.90, 96
142.90, 96
142.99, 96
142.99, 96
142.99, 96
142.99, 96
142.99, 96
142.99, 96
142.99, 96
143.00, 96
143.00, 96
143.01, 96
143.01, 96
143.02, 96
143.17, 96
143.44, 96
143.44, 96
143.46, 96
143.46, 96
143.46, 96
143.73, 96
143.73, 96
143.83, 96
143.83, 96
143.83, 96
143.91, 96
143.91, 96
143.91, 96
143.93, 96
143.98, 96
144.00, 96
144.00, 96
144.00, 96
144.00, 96
144.00, 96
144.05, 96
144.05, 96
144.07, 96
144.08, 96
144.08, 96
144.08, 96
144.14, 96
144.14, 96
144.14, 96
144.14, 96
144.14, 96
144.16, 96
144.23, 96
144.23, 96
144.53, 96
144.54, 96
144.54, 96
144.54, 96
144.54, 96
144.54, 96
144.54, 96
144.54, 96
144.54, 96
144.56, 96
144.60, 96
144.60, 96
144.62, 96
144.68, 96
144.68, 96
144.68, 96
144.68, 96
144.69, 96
144.69, 96
144.70, 96
144.84, 96
145.02, 96
145.06, 96
145.07, 96
145.07, 96
145.07, 96
145.07, 96
145.17, 96
145.17, 96
145.17, 96
145.17, 96
145.17, 96
145.41, 96
145.41, 96
145.41, 96
145.41, 96
145.41, 96
145.42, 96
145.69, 96
145.70, 96
145.70, 96
145.70, 96
145.70, 96
145.70, 96
145.70, 96
145.70, 96
145.70, 96
145.71, 96
145.73, 96
145.73, 96
145.73, 96
145.73, 96
145.73, 96
145.74, 96
145.74, 96
145.74, 96
145.74, 96
145.75, 96
145.76, 96
145.76, 96
145.76, 96
145.76, 96
145.76, 96
145.76, 96
145.76, 96
145.76, 96
145.76, 96
145.76, 96
145.77, 96
145.77, 96
145.77, 96
145.77, 96
145.77, 96
145.77, 96
145.77, 96
145.78, 96
145.88, 96
145.88, 96
145.88, 96
145.90, 96
145.90, 96
145.90, 96
146.05, 96
146.06, 96
146.06, 96
146.09, 96
146.09, 96
146.09, 96
146.24, 96
146.37, 96
146.37, 96
146.37, 96
146.37, 96
146.37, 96
146.37, 96
146.38, 96
146.62, 96
146.63, 96
146.63, 96
146.63, 96
146.64, 96
146.64, 96
146.66, 96
146.66, 96
146.66, 96
146.67, 96
146.67, 96
146.67, 96
146.67, 96
146.68, 96
146.74, 96
146.74, 96
146.74, 96
146.74, 96
146.75, 96
146.75, 96
146.75, 96
146.75, 96
146.91, 96
146.92, 96
147.29, 96
147.29, 96
147.29, 96
147.29, 96
147.29, 96
147.30, 96
147.40, 96
147.40, 96
147.40, 96
147.40, 96
147.40, 96
147.40, 96
147.40, 96
147.41, 96
147.42, 96
147.42, 96
147.42, 96
147.49, 96
147.49, 96
147.49, 96
147.49, 96
147.49, 96
147.63, 96
147.63, 96
147.63, 96
147.63, 96
147.64, 96
147.65, 96
147.65, 96
148.46, 96
148.46, 96
148.46, 96
148.56, 96
148.56, 96
148.57, 96
148.57, 96
148.59, 96
149.02, 96
149.05, 96
149.05, 96
149.05, 96
149.05, 96
149.06, 96
149.06, 96
149.06, 96
149.06, 96
149.07, 96
149.23, 96
149.23, 96
149.23, 96
149.23, 96
149.23, 96
149.24, 96
149.24, 96
149.24, 96
149.66, 96
149.66, 96
149.89, 96
150.06, 96
150.07, 96
150.07, 96
150.07, 96
150.08, 96
150.08, 96
150.08, 96
150.08, 96
150.08, 96
150.16, 96
150.16, 96
150.16, 96
150.16, 96
150.16, 96
150.16, 96
150.18, 96
150.18, 96
150.18, 96
150.18, 96
150.18, 96
150.19, 96
150.19, 96
150.19, 96
150.49, 96
150.49, 96
150.51, 96
150.51, 96
150.51, 96
150.51, 96
150.52, 96
150.52, 96
150.55, 96
150.55, 96
150.55, 96
150.56, 96
150.56, 96
150.56, 96
150.56, 96
150.56, 96
150.56, 96
150.61, 96
150.61, 96
150.61, 96
150.61, 96
150.62, 96
150.62, 96
150.62, 96
150.62, 96
150.62, 96
150.62, 96
150.62, 96
150.62, 96
150.62, 96
150.62, 96
150.63, 96
150.77, 96
151.19, 96
151.19, 96
151.19, 96
151.20, 96
151.20, 96
151.21, 96
151.21, 96
151.30, 96
151.30, 96
151.31, 96
151.31, 96
151.31, 96
151.31, 96
151.31, 96
151.32, 96
151.32, 96
151.32, 96
151.33, 96
151.33, 96
151.39, 96
151.46, 96
151.46, 96
151.46, 96
151.46, 96
151.47, 96
151.47, 96
151.48, 96
151.51, 96
151.52, 96
151.52, 96
151.52, 96
151.53, 96
151.53, 96
151.53, 96
151.59, 96
151.59, 96
151.59, 96
151.78, 96
151.79, 96
151.82, 96
151.82, 96
151.86, 96
151.86, 96
151.86, 96
151.86, 96
151.87, 96
151.87, 96
151.87, 96
151.87, 96
151.87, 96
151.87, 96
151.87, 96
151.98, 96
151.98, 96
152.08, 96
152.08, 96
152.09, 96
152.24, 96
152.28, 96
152.28, 96
152.28, 96
152.28, 96
152.28, 96
152.28, 96
152.28, 96
152.28, 96
152.28, 96
152.28, 96
152.29, 96
152.29, 96
152.35, 96
152.36, 96
152.37, 96
152.37, 96
152.40, 96
152.40, 96
152.40, 96
152.43, 96
152.43, 96
152.43, 96
152.43, 96
152.43, 96
152.43, 96
152.43, 96
152.44, 96
152.44, 96
152.44, 96
152.44, 96
152.66, 96
152.68, 96
152.68, 96
152.68, 96
152.70, 96
152.71, 96
152.71, 96
152.71, 96
152.73, 96
152.76, 96
152.76, 96
152.77, 96
152.77, 96
152.77, 96
152.77, 96
152.78, 96
152.78, 96
152.94, 96
152.94, 96
152.95, 96
152.95, 96
152.95, 96
152.95, 96
152.96, 96
152.96, 96
152.96, 96
152.97, 96
152.97, 96
152.97, 96
152.99, 96
153.00, 96
153.06, 96
153.07, 96
153.07, 96
153.07, 96
153.07, 96
153.08, 96
153.08, 96
153.09, 96
153.11, 96
153.12, 96
153.18, 96
153.18, 96
153.18, 96
153.21, 96
153.22, 96
153.22, 96
153.22, 96
153.22, 96
153.22, 96
153.22, 96
153.31, 96
153.31, 96
153.31, 96
153.32, 96
153.33, 96
153.33, 96
153.71, 96
153.84, 96
153.86, 96
153.86, 96
153.89, 96
153.90, 96
153.98, 96
153.98, 96
153.98, 96
153.98, 96
153.98, 96
153.98, 96
154.13, 96
154.13, 96
154.35, 96
154.48, 96
154.49, 96
154.49, 96
154.49, 96
154.51, 96
154.52, 96
154.52, 96
154.53, 96
154.53, 96
154.53, 96
154.53, 96
154.53, 96
154.53, 96
154.53, 96
154.53, 96
154.53, 96
154.59, 96
154.86, 96
154.89, 96
154.91, 96
154.91, 96
154.92, 96
154.92, 96
155.01, 96
155.01, 96
155.02, 96
155.02, 96
155.02, 96
155.03, 96
155.03, 96
155.03, 96
155.03, 96
155.03, 96
155.03, 96
155.03, 96
155.04, 96
155.04, 96
155.14, 96
155.15, 96
155.16, 96
155.16, 96
155.16, 96
155.16, 96
155.16, 96
155.17, 96
155.17, 96
155.17, 96
155.17, 96
155.18, 96
155.18, 96
155.22, 96
155.22, 96
155.35, 96
155.35, 96
155.47, 96
155.47, 96
155.47, 96
155.47, 96
155.48, 96
155.48, 96
155.48, 96
155.53, 96
155.53, 96
155.53, 96
155.53, 96
155.53, 96
155.64, 96
155.65, 96
155.75, 96
155.79, 96
155.79, 96
155.79, 96
155.81, 96
155.82, 96
155.82, 96
155.82, 96
155.82, 96
155.82, 96
155.84, 96
155.92, 96
155.93, 96
155.93, 96
155.93, 96
155.93, 96
156.03, 96
156.03, 96
156.03, 96
156.05, 96
156.05, 96
156.05, 96
156.05, 96
156.17, 96
156.20, 96
156.27, 96
156.27, 96
156.27, 96
156.51, 96
156.51, 96
156.55, 96
156.55, 96
156.56, 96
156.57, 96
156.58, 96
156.59, 96
156.59, 96
156.73, 96
156.73, 96
156.73, 96
156.82, 96
156.82, 96
156.82, 96
156.85, 96
156.86, 96
156.86, 96
156.86, 96
156.87, 96
156.88, 96
156.88, 96
156.88, 96
157.16, 96
157.16, 96
157.16, 96
157.19, 96
157.19, 96
157.19, 96
157.25, 96
157.25, 96
157.37, 96
157.37, 96
157.37, 96
157.54, 96
157.54, 96
157.57, 96
157.58, 96
157.58, 96
157.58, 96
157.58, 96
157.58, 96
157.59, 96
157.59, 96
157.59, 96
157.59, 96
157.59, 96
157.60, 96
157.60, 96
157.60, 96
157.61, 96
157.61, 96
157.69, 96
157.69, 96
157.79, 96
157.81, 96
157.82, 96
157.82, 96
157.84, 96
157.84, 96
157.84, 96
157.84, 96
157.86, 96
157.87, 96
157.87, 96
157.88, 96
157.88, 96
157.89, 96
157.89, 96
157.89, 96
157.89, 96
157.89, 96
157.89, 96
157.90, 96
157.90, 96
157.91, 96
157.91, 96
157.91, 96
157.91, 96
157.91, 96
157.91, 96
157.91, 96
157.91, 96
157.91, 96
157.91, 96
157.93, 96
157.97, 96
157.97, 96
157.97, 96
157.97, 96
157.97, 96
157.97, 96
157.97, 96
157.97, 96
157.97, 96
157.98, 96
157.98, 96
157.99, 96
157.99, 96
157.99, 96
157.99, 96
158.00, 96
158.00, 96
158.00, 96
158.00, 96
158.00, 96
158.01, 96
158.01, 96
158.03, 96
158.11, 96
158.11, 96
158.11, 96
158.24, 96
158.26, 96
158.26, 96
158.26, 96
158.26, 96
158.26, 96
158.26, 96
158.26, 96
158.30, 96
158.31, 96
158.31, 96
158.31, 96
158.31, 96
158.31, 96
158.31, 96
158.32, 96
158.33, 96
158.33, 96
158.33, 96
158.33, 96
158.36, 96
158.36, 96
158.38, 96
158.39, 96
158.39, 96
158.39, 96
158.39, 96
158.40, 96
158.41, 96
158.41, 96
158.41, 96
158.41, 96
158.41, 96
158.41, 96
158.41, 96
158.56, 96
158.56, 96
158.71, 96
158.77, 96
158.77, 96
158.83, 96
158.84, 96
158.84, 96
158.84, 96
158.84, 96
158.84, 96
158.84, 96
158.84, 96
158.84, 96
158.84, 96
158.84, 96
158.85, 96
158.92, 96
158.92, 96
158.94, 96
158.96, 96
159.02, 96
159.15, 96
159.15, 96
159.15, 96
159.15, 96
159.17, 96
159.17, 96
159.18, 96
159.18, 96
159.19, 96
159.53, 96
159.53, 96
159.58, 96
160.13, 96
160.13, 96
160.13, 96
160.13, 96
160.13, 96
160.37, 96
160.37, 96
160.37, 96
160.37, 96
160.38, 96
160.39, 96
160.40, 96
160.40, 96
160.50, 96
160.60, 96
160.78, 96
160.78, 96
160.78, 96
160.92, 96
160.92, 96
160.95, 96
161.01, 96
161.01, 96
161.01, 96
161.01, 96
161.08, 96
161.09, 96
161.09, 96
161.09, 96
161.55, 96
161.55, 96
161.57, 96
161.59, 96
161.59, 96
161.60, 96
161.60, 96
161.60, 96
161.60, 96
161.60, 96
161.60, 96
161.78, 96
161.79, 96
161.79, 96
161.79, 96
161.79, 96
161.79, 96
161.79, 96
161.79, 96
161.80, 96
161.81, 96
161.97, 96
161.99, 96
161.99, 96
161.99, 96
162.09, 96
162.09, 96
162.28, 96
162.28, 96
162.28, 96
162.29, 96
162.29, 96
162.29, 96
162.29, 96
162.29, 96
162.29, 96
162.30, 96
162.30, 96
162.30, 96
162.43, 96
162.44, 96
162.44, 96
162.44, 96
162.44, 96
162.45, 96
162.45, 96
162.45, 96
162.45, 96
162.46, 96
162.47, 96
162.51, 96
162.51, 96
162.51, 96
162.51, 96
162.51, 96
162.51, 96
162.54, 96
162.54, 96
162.54, 96
162.54, 96
162.66, 96
162.66, 96
162.66, 96
162.66, 96
162.66, 96
162.66, 96
162.66, 96
162.67, 96
162.67, 96
162.67, 96
162.72, 96
162.72, 96
162.72, 96
162.83, 96
162.83, 96
162.95, 96
162.96, 96
162.96, 96
162.96, 96
162.98, 96
162.98, 96
162.98, 96
162.99, 96
162.99, 96
162.99, 96
162.99, 96
162.99, 96
162.99, 96
162.99, 96
162.99, 96
162.99, 96
162.99, 96
162.99, 96
163.00, 96
163.00, 96
163.01, 96
163.02, 96
163.02, 96
163.21, 96
163.21, 96
163.30, 96
163.36, 96
163.42, 96
163.42, 96
163.44, 96
163.44, 96
163.53, 96
163.55, 96
163.55, 96
163.55, 96
163.55, 96
163.55, 96
163.55, 96
163.56, 96
163.59, 96
163.59, 96
163.59, 96
163.99, 96
164.26, 96
164.26, 96
164.27, 96
164.27, 96
164.39, 96
164.39, 96
164.39, 96
164.39, 96
164.39, 96
164.51, 96
164.60, 96
164.60, 96
164.61, 96
164.61, 96
164.84, 96
164.85, 96
164.85, 96
164.91, 96
164.91, 96
164.91, 96
164.91, 96
164.92, 96
164.92, 96
165.03, 96
165.03, 96
165.03, 96
165.04, 96
165.04, 96
165.04, 96
165.04, 96
165.08, 96
165.08, 96
165.08, 96
165.08, 96
165.08, 96
165.08, 96
165.08, 96
165.08, 96
165.08, 96
165.10, 96
165.21, 96
165.21, 96
165.21, 96
165.21, 96
165.22, 96
165.22, 96
165.22, 96
165.22, 96
165.23, 96
165.23, 96
165.25, 96
165.32, 96
165.48, 96
165.49, 96
165.49, 96
165.49, 96
165.51, 96
165.51, 96
165.54, 96
165.68, 96
165.76, 96
165.76, 96
165.76, 96
165.76, 96
165.83, 96
165.94, 96
166.26, 96
166.44, 96
166.47, 96
166.49, 96
166.49, 96
166.62, 96
166.62, 96
166.62, 96
166.62, 96
166.67, 96
166.68, 96
166.68, 96
166.68, 96
166.68, 96
166.68, 96
166.68, 96
166.69, 96
166.69, 96
166.74, 96
166.74, 96
166.75, 96
166.75, 96
166.75, 96
166.75, 96
166.76, 96
166.76, 96
166.76, 96
166.76, 96
166.76, 96
166.76, 96
166.76, 96
166.77, 96
166.77, 96
166.89, 96
166.90, 96
166.90, 96
167.04, 96
167.04, 96
167.04, 96
167.04, 96
167.04, 96
167.24, 96
167.24, 96
167.25, 96
167.25, 96
167.25, 96
167.25, 96
167.25, 96
167.25, 96
167.27, 96
167.27, 96
167.27, 96
167.30, 96
167.30, 96
167.30, 96
167.31, 96
167.31, 96
167.37, 96
167.38, 96
167.38, 96
167.38, 96
167.39, 96
167.40, 96
167.40, 96
167.40, 96
167.44, 96
167.44, 96
167.44, 96
167.44, 96
167.44, 96
167.44, 96
167.46, 96
167.47, 96
167.47, 96
167.47, 96
167.47, 96
167.48, 96
167.49, 96
167.61, 96
167.61, 96
167.62, 96
167.62, 96
167.63, 96
167.63, 96
167.63, 96
167.63, 96
167.70, 96
167.70, 96
167.70, 96
167.70, 96
168.11, 96
168.12, 96
168.12, 96
168.12, 96
168.12, 96
168.12, 96
168.12, 96
168.12, 96
168.12, 96
168.12, 96
168.13, 96
168.14, 96
168.20, 96
168.20, 96
168.20, 96
168.20, 96
168.20, 96
168.29, 96
168.29, 96
168.29, 96
168.29, 96
168.30, 96
168.30, 96
168.41, 96
168.41, 96
168.42, 96
168.42, 96
168.77, 96
168.77, 96
168.79, 96
168.79, 96
168.79, 96
168.79, 96
169.00, 96
169.03, 96
169.03, 96
169.04, 96
169.04, 96
169.04, 96
169.04, 96
169.04, 96
169.04, 96
169.11, 96
169.23, 96
169.24, 96
169.32, 96
169.38, 96
169.48, 96
169.49, 96
169.49, 96
169.55, 96
169.55, 96
169.55, 96
169.55, 96
169.69, 96
169.69, 96
169.69, 96
169.73, 96
169.73, 96
169.73, 96
169.73, 96
169.73, 96
169.74, 96
169.74, 96
169.82, 96
169.82, 96
169.82, 96
169.83, 96
169.83, 96
169.84, 96
169.85, 96
169.86, 96
169.86, 96
169.86, 96
169.98, 96
169.98, 96
169.98, 96
169.98, 96
169.98, 96
169.98, 96
169.99, 96
169.99, 96
169.99, 96
169.99, 96
169.99, 96
169.99, 96
170.36, 96
170.51, 96
170.51, 96
170.51, 96
170.51, 96
170.51, 96
170.60, 96
170.60, 96
170.60, 96
170.60, 96
170.60, 96
170.60, 96
170.60, 96
170.60, 96
170.60, 96
170.60, 96
170.61, 96
170.89, 96
170.89, 96
170.89, 96
170.91, 96
170.91, 96
170.91, 96
170.91, 96
170.91, 96
170.92, 96
170.92, 96
171.16, 96
171.16, 96
171.20, 96
171.20, 96
171.20, 96
171.20, 96
171.26, 96
171.26, 96
171.26, 96
171.26, 96
171.26, 96
171.27, 96
171.28, 96
171.28, 96
171.29, 96
171.38, 96
171.39, 96
171.39, 96
171.39, 96
171.40, 96
171.40, 96
171.40, 96
171.40, 96
171.40, 96
171.40, 96
171.41, 96
171.44, 96
171.44, 96
171.44, 96
171.44, 96
171.60, 96
171.60, 96
171.60, 96
171.60, 96
171.62, 96
171.63, 96
171.63, 96
171.63, 96
171.63, 96
171.63, 96
171.84, 96
171.84, 96
171.96, 96
171.96, 96
171.96, 96
171.96, 96
171.96, 96
171.97, 96
171.97, 96
171.97, 96
171.97, 96
171.97, 96
171.97, 96
171.98, 96
171.98, 96
172.03, 96
172.04, 96
172.04, 96
172.05, 96
172.05, 96
172.07, 96
172.07, 96
172.07, 96
172.07, 96
172.07, 96
172.07, 96
172.19, 96
172.19, 96
172.19, 96
172.23, 96
172.23, 96
172.23, 96
172.24, 96
172.36, 96
172.53, 96
172.53, 96
172.53, 96
172.64, 96
172.65, 96
172.65, 96
172.65, 96
172.90, 96
172.98, 96
172.98, 96
173.12, 96
173.31, 96
173.31, 96
173.31, 96
173.31, 96
173.31, 96
173.34, 96
173.34, 96
173.35, 96
173.44, 96
173.44, 96
173.44, 96
173.44, 96
173.44, 96
173.65, 96
173.65, 96
173.65, 96
173.65, 96
173.65, 96
173.66, 96
173.66, 96
173.67, 96
173.67, 96
173.67, 96
173.68, 96
173.69, 96
174.01, 96
174.14, 96
174.14, 96
174.14, 96
174.14, 96
174.14, 96
174.15, 96
174.15, 96
174.15, 96
174.15, 96
174.15, 96
174.15, 96
174.25, 96
174.26, 96
174.26, 96
174.26, 96
174.26, 96
174.26, 96
174.28, 96
174.29, 96
174.56, 96
174.56, 96
174.56, 96
174.56, 96
174.71, 96
174.71, 96
174.71, 96
174.72, 96
174.72, 96
174.72, 96
174.87, 96
174.88, 96
174.88, 96
174.89, 96
174.89, 96
174.96, 96
174.96, 96
174.96, 96
174.96, 96
174.96, 96
174.96, 96
174.97, 96
175.00, 96
175.00, 96
175.04, 96
175.05, 96
175.07, 96
175.07, 96
175.07, 96
175.07, 96
175.07, 96
175.07, 96
175.08, 96
175.08, 96
175.08, 96
175.08, 96
175.08, 96
175.08, 96
175.09, 96
175.09, 96
175.09, 96
175.09, 96
175.09, 96
175.12, 96
175.12, 96
175.17, 96
175.17, 96
175.19, 96
175.20, 96
175.20, 96
175.21, 96
175.22, 96
175.32, 96
175.32, 96
175.32, 96
175.33, 96
175.33, 96
175.33, 96
175.33, 96
175.33, 96
175.33, 96
175.34, 96
175.34, 96
175.34, 96
175.34, 96
175.34, 96
175.34, 96
175.41, 96
175.41, 96
175.50, 96
175.50, 96
175.51, 96
175.60, 96
175.61, 96
175.61, 96
175.61, 96
175.62, 96
175.62, 96
175.62, 96
175.62, 96
175.64, 96
175.64, 96
175.65, 96
175.65, 96
175.65, 96
175.78, 96
175.90, 96
175.90, 96
175.90, 96
175.90, 96
175.90, 96
175.91, 96
175.91, 96
175.91, 96
175.97, 96
175.97, 96
175.98, 96
175.98, 96
175.98, 96
176.05, 96
176.05, 96
176.05, 96
176.11, 96
176.11, 96
176.11, 96
176.12, 96
176.12, 96
176.12, 96
176.12, 96
176.12, 96
176.12, 96
176.12, 96
176.14, 96
176.14, 96
176.40, 96
176.40, 96
176.40, 96
176.40, 96
176.40, 96
176.43, 96
176.51, 96
176.51, 96
176.53, 96
176.71, 96
176.75, 96
176.75, 96
176.76, 96
176.76, 96
176.76, 96
177.00, 96
177.00, 96
177.00, 96
177.00, 96
177.00, 96
177.00, 96
177.00, 96
177.01, 96
177.01, 96
177.01, 96
177.01, 96
177.01, 96
177.01, 96
177.02, 96
177.03, 96
177.03, 96
177.03, 96
177.15, 96
177.15, 96
177.15, 96
177.15, 96
177.19, 96
177.23, 96
177.23, 96
177.25, 96
177.25, 96
177.26, 96
177.48, 96
177.48, 96
177.48, 96
177.50, 96
177.58, 96
177.58, 96
177.59, 96
177.60, 96
177.60, 96
177.60, 96
177.60, 96
177.60, 96
177.60, 96
177.60, 96
177.61, 96
177.61, 96
177.61, 96
177.62, 96
177.62, 96
177.73, 96
177.74, 96
177.75, 96
177.75, 96
177.76, 96
177.76, 96
177.76, 96
177.76, 96
177.84, 96
177.84, 96
177.88, 96
177.96, 96
177.96, 96
178.04, 96
178.08, 96
178.08, 96
178.08, 96
178.09, 96
178.09, 96
178.22, 96
178.22, 96
178.22, 96
178.22, 96
178.23, 96
178.23, 96
178.23, 96
178.47, 96
178.50, 96
178.51, 96
178.58, 96
178.59, 96
178.59, 96
178.90, 96
178.91, 96
178.92, 96
178.92, 96
178.93, 96
178.93, 96
179.08, 96
179.08, 96
179.08, 96
179.08, 96
179.08, 96
179.08, 96
179.08, 96
179.12, 96
179.12, 96
179.25, 96
179.34, 96
179.34, 96
179.34, 96
179.36, 96
179.36, 96
179.64, 96
179.64, 96
179.75, 96
179.75, 96
179.75, 96
179.75, 96
179.75, 96
179.75, 96
179.77, 96
179.77, 96
179.80, 96
179.93, 96
