0.01, 102
0.01, 100
0.01, 99
0.02, 99
0.02, 99
0.02, 99
0.02, 99
0.02, 98
0.02, 98
0.02, 98
0.02, 98
0.02, 98
0.02, 98
0.03, 98
0.04, 98
0.04, 98
0.04, 98
0.04, 98
0.04, 98
0.05, 97
0.05, 97
0.05, 97
0.06, 97
0.06, 97
0.06, 97
0.06, 97
0.06, 97
0.07, 97
0.07, 97
0.07, 97
0.07, 97
0.07, 97
0.07, 97
0.08, 97
0.08, 97
0.08, 97
0.09, 97
0.09, 97
0.09, 97
0.09, 97
0.09, 97
0.09, 97
0.10, 97
0.10, 97
0.10, 97
0.11, 97
0.11, 97
0.11, 97
0.11, 97
0.11, 97
0.16, 97
0.16, 97
0.19, 97
0.19, 97
0.19, 97
0.19, 97
0.19, 97
0.19, 97
0.19, 97
0.20, 97
0.22, 97
0.22, 97
0.23, 97
0.23, 97
0.23, 97
0.23, 97
0.23, 97
0.23, 97
0.24, 97
0.24, 97
0.25, 97
0.25, 97
0.27, 97
0.27, 97
0.28, 97
0.28, 97
0.30, 97
0.30, 97
0.30, 97
0.30, 97
0.30, 97
0.30, 97
0.30, 97
0.30, 97
0.31, 97
0.33, 97
0.34, 97
0.35, 97
0.35, 97
0.35, 97
0.35, 97
0.35, 97
0.35, 97
0.35, 97
0.35, 97
0.36, 97
0.36, 97
0.36, 97
0.36, 97
0.37, 96
0.37, 96
0.37, 96
0.37, 96
0.39, 96
0.39, 96
0.41, 96
0.42, 96
0.42, 96
0.44, 96
0.44, 96
0.44, 96
0.47, 96
0.47, 96
0.47, 96
0.48, 96
0.51, 96
0.51, 96
0.51, 96
0.51, 96
0.76, 96
0.77, 96
0.77, 96
0.77, 96
0.77, 96
0.79, 96
0.79, 96
0.79, 96
0.82, 96
0.82, 96
0.85, 96
0.85, 96
0.86, 96
0.86, 96
0.86, 96
0.86, 96
0.86, 96
1.07, 96
1.10, 96
1.10, 96
1.10, 96
1.17, 96
1.17, 96
1.69, 96
1.69, 96
1.69, 96
1.69, 96
1.70, 96
1.72, 96
1.72, 96
1.72, 96
1.72, 96
1.72, 96
1.73, 96
1.75, 96
1.75, 96
1.75, 96
1.75, 96
1.83, 96
1.83, 96
1.83, 96
1.83, 96
1.83, 96
1.83, 96
1.87, 96
1.87, 96
1.87, 96
1.89, 96
1.89, 96
1.92, 96
1.92, 96
1.93, 96
1.93, 96
1.94, 96
1.95, 96
1.95, 96
1.95, 96
1.95, 96
1.95, 96
1.96, 96
1.96, 96
1.97, 96
1.97, 96
1.97, 96
2.34, 96
2.35, 96
2.35, 96
2.35, 96
2.35, 96
2.36, 96
2.36, 96
2.36, 96
2.81, 96
2.82, 96
2.82, 96
2.94, 96
2.94, 96
2.94, 96
2.94, 96
2.94, 96
2.94, 96
2.95, 96
3.12, 96
3.16, 96
3.16, 96
3.16, 96
3.16, 96
3.16, 96
3.16, 96
3.17, 96
3.17, 96
3.17, 96
3.18, 96
3.18, 96
3.18, 96
3.18, 96
3.18, 96
3.18, 96
3.18, 96
3.20, 96
3.20, 96
3.22, 96
3.22, 96
3.22, 96
3.22, 96
3.23, 96
3.23, 96
3.23, 96
3.23, 96
3.23, 96
3.23, 96
3.23, 96
3.23, 96
3.24, 96
3.24, 96
3.25, 96
3.25, 96
3.25, 96
3.27, 96
3.27, 96
3.27, 96
3.27, 96
3.27, 96
3.27, 96
3.29, 96
3.29, 96
3.29, 96
3.30, 96
3.30, 96
3.30, 96
3.30, 96
3.30, 96
3.31, 96
3.31, 96
3.31, 96
3.31, 96
3.31, 96
3.34, 96
3.34, 96
3.35, 96
3.35, 96
3.48, 96
3.49, 96
3.49, 96
3.51, 96
3.52, 96
3.53, 96
3.53, 96
3.53, 96
3.53, 96
3.53, 96
3.53, 96
3.53, 96
3.64, 96
3.64, 96
3.64, 96
3.64, 96
3.70, 96
3.70, 96
3.74, 96
3.74, 96
3.74, 96
3.74, 96
3.75, 96
3.75, 96
3.75, 96
3.75, 96
3.75, 96
3.76, 96
3.86, 96
3.86, 96
3.86, 96
3.86, 96
3.86, 96
3.86, 96
3.87, 96
3.94, 96
3.94, 96
3.95, 96
3.95, 96
3.95, 96
3.96, 96
3.96, 96
3.96, 96
3.97, 96
3.97, 96
3.97, 96
3.97, 96
3.97, 96
3.98, 96
3.98, 96
3.98, 96
4.02, 96
4.02, 96
4.02, 96
4.02, 96
4.02, 96
4.10, 96
4.10, 96
4.10, 96
4.10, 96
4.10, 96
4.10, 96
4.11, 96
4.11, 96
4.11, 96
4.28, 96
4.60, 96
4.69, 96
4.69, 96
4.69, 96
4.69, 96
4.69, 96
4.70, 96
4.70, 96
4.71, 96
4.71, 96
4.71, 96
4.71, 96
4.71, 96
4.72, 96
4.72, 96
4.81, 96
4.81, 96
4.81, 96
4.81, 96
4.81, 96
4.81, 96
4.91, 96
4.91, 96
4.92, 96
4.94, 96
4.94, 96
5.07, 96
5.07, 96
5.07, 96
5.07, 96
5.09, 96
5.10, 96
5.10, 96
5.11, 96
5.15, 96
5.15, 96
5.15, 96
5.15, 96
5.16, 96
5.16, 96
5.16, 96
5.16, 96
5.16, 96
5.16, 96
5.16, 96
5.16, 96
5.18, 96
5.19, 96
5.23, 96
5.23, 96
5.23, 96
5.23, 96
5.23, 96
5.23, 96
5.23, 96
5.27, 96
5.27, 96
5.27, 96
5.27, 96
5.27, 96
5.27, 96
5.31, 96
5.31, 96
5.31, 96
5.31, 96
5.31, 96
5.34, 96
5.34, 96
5.36, 96
5.38, 96
5.38, 96
5.38, 96
5.38, 96
5.38, 96
5.38, 96
5.42, 96
5.42, 96
5.43, 96
5.43, 96
5.43, 96
5.43, 96
5.43, 96
5.43, 96
5.43, 96
5.44, 96
5.44, 96
5.44, 96
5.44, 96
5.47, 96
5.47, 96
5.48, 96
5.48, 96
5.48, 96
5.48, 96
5.49, 96
5.94, 96
5.94, 96
5.94, 96
5.94, 96
5.95, 96
5.95, 96
5.95, 96
5.95, 96
5.96, 96
5.97, 96
5.99, 96
6.00, 96
6.04, 96
6.04, 96
6.05, 96
6.06, 96
6.06, 96
6.06, 96
6.06, 96
6.26, 96
6.26, 96
6.27, 96
6.27, 96
6.27, 96
6.27, 96
6.27, 96
6.28, 96
6.28, 96
6.28, 96
6.28, 96
6.28, 96
6.28, 96
6.29, 96
6.38, 96
6.39, 96
6.40, 96
6.41, 96
6.41, 96
6.41, 96
6.41, 96
6.41, 96
6.42, 96
6.42, 96
6.42, 96
6.42, 96
6.42, 96
6.44, 96
6.44, 96
6.44, 96
6.45, 96
6.55, 96
6.64, 96
6.65, 96
6.65, 96
6.65, 96
6.65, 96
6.78, 96
6.80, 96
6.91, 96
6.91, 96
6.91, 96
7.02, 96
7.02, 96
7.64, 96
7.99, 96
8.04, 96
8.04, 96
8.50, 96
8.65, 96
8.65, 96
8.68, 96
8.68, 96
8.88, 96
8.88, 96
9.16, 96
9.36, 96
9.43, 96
9.43, 96
9.43, 96
9.59, 96
9.62, 96
9.87, 96
9.87, 96
10.10, 96
10.19, 96
10.19, 96
10.25, 96
10.25, 96
10.25, 96
10.30, 96
10.30, 96
10.32, 96
10.32, 96
10.32, 96
10.32, 96
10.32, 96
10.33, 96
10.33, 96
10.33, 96
10.34, 96
10.34, 96
10.34, 96
10.34, 96
10.34, 96
10.34, 96
10.34, 96
10.35, 96
10.38, 96
10.38, 96
10.44, 96
10.45, 96
10.45, 96
10.45, 96
10.45, 96
10.45, 96
10.45, 96
10.46, 96
10.46, 96
10.50, 96
10.55, 96
10.55, 96
10.55, 96
10.55, 96
10.55, 96
10.55, 96
10.61, 96
10.71, 96
10.71, 96
10.71, 96
10.71, 96
10.71, 96
10.71, 96
10.71, 96
10.71, 96
10.72, 96
10.72, 96
10.72, 96
10.73, 96
10.74, 96
10.74, 96
10.76, 96
10.76, 96
10.82, 96
10.82, 96
10.86, 96
10.86, 96
10.87, 96
10.88, 96
10.88, 96
10.88, 96
10.94, 96
10.94, 96
10.94, 96
10.94, 96
10.94, 96
10.94, 96
10.94, 96
10.94, 96
10.94, 96
10.95, 96
10.95, 96
10.95, 96
10.95, 96
11.15, 96
11.15, 96
11.47, 96
11.52, 96
11.53, 96
11.54, 96
11.54, 96
11.58, 96
11.59, 96
11.60, 96
11.60, 96
11.88, 96
11.89, 96
11.89, 96
11.89, 96
12.06, 96
12.06, 96
12.06, 96
12.06, 96
12.06, 96
12.06, 96
12.06, 96
12.07, 96
12.07, 96
12.07, 96
12.07, 96
12.11, 96
12.11, 96
12.11, 96
12.12, 96
12.12, 96
12.12, 96
12.12, 96
12.12, 96
12.12, 96
12.12, 96
12.12, 96
12.12, 96
12.13, 96
12.13, 96
12.13, 96
12.87, 96
12.88, 96
12.88, 96
12.89, 96
12.89, 96
12.89, 96
12.89, 96
12.90, 96
12.90, 96
12.90, 96
12.90, 96
12.90, 96
12.90, 96
12.90, 96
13.01, 96
13.01, 96
13.13, 96
13.13, 96
13.13, 96
13.15, 96
13.18, 96
13.19, 96
13.19, 96
13.19, 96
13.19, 96
13.19, 96
13.19, 96
13.19, 96
13.20, 96
13.20, 96
13.21, 96
13.21, 96
13.22, 96
13.24, 96
13.24, 96
13.24, 96
13.24, 96
13.25, 96
13.25, 96
13.32, 96
13.33, 96
13.34, 96
13.34, 96
13.35, 96
13.35, 96
13.36, 96
13.37, 96
13.37, 96
13.37, 96
13.76, 96
13.77, 96
13.77, 96
13.77, 96
13.77, 96
13.77, 96
13.77, 96
13.77, 96
13.78, 96
13.78, 96
13.78, 96
14.09, 96
14.10, 96
14.10, 96
14.10, 96
14.22, 96
14.22, 96
14.38, 96
14.38, 96
14.38, 96
14.38, 96
14.45, 96
14.62, 96
14.62, 96
14.63, 96
14.63, 96
14.63, 96
14.63, 96
14.63, 96
14.63, 96
14.63, 96
14.65, 96
14.84, 96
14.84, 96
14.84, 96
14.85, 96
14.85, 96
14.85, 96
14.85, 96
14.89, 96
14.89, 96
14.89, 96
14.89, 96
14.89, 96
14.89, 96
14.89, 96
14.89, 96
14.89, 96
14.90, 96
14.90, 96
14.90, 96
14.90, 96
14.97, 96
14.98, 96
14.98, 96
15.01, 96
15.01, 96
15.01, 96
15.01, 96
15.01, 96
15.01, 96
15.01, 96
15.01, 96
15.02, 96
15.02, 96
15.02, 96
15.02, 96
15.24, 96
15.24, 96
15.26, 96
15.26, 96
15.26, 96
15.29, 96
15.29, 96
15.30, 96
15.30, 96
15.30, 96
15.35, 96
15.35, 96
15.35, 96
15.36, 96
15.50, 96
15.50, 96
15.50, 96
15.50, 96
15.50, 96
15.50, 96
15.50, 96
15.51, 96
15.51, 96
15.66, 96
15.69, 96
15.69, 96
15.69, 96
15.71, 96
15.72, 96
15.74, 96
15.99, 96
16.09, 96
16.09, 96
16.09, 96
16.40, 96
16.40, 96
16.53, 96
16.53, 96
16.53, 96
16.53, 96
16.53, 96
16.53, 96
16.54, 96
16.54, 96
16.54, 96
16.54, 96
16.54, 96
16.55, 96
16.77, 96
16.77, 96
16.77, 96
16.77, 96
16.77, 96
16.78, 96
16.78, 96
16.78, 96
16.78, 96
16.82, 96
16.82, 96
16.82, 96
16.82, 96
16.97, 96
16.97, 96
16.97, 96
16.97, 96
16.98, 96
16.98, 96
16.99, 96
16.99, 96
16.99, 96
16.99, 96
16.99, 96
16.99, 96
16.99, 96
17.02, 96
17.07, 96
17.07, 96
17.07, 96
17.07, 96
17.07, 96
17.10, 96
17.10, 96
17.12, 96
17.14, 96
17.14, 96
17.17, 96
17.17, 96
17.22, 96
17.24, 96
17.24, 96
17.24, 96
17.47, 96
17.47, 96
17.59, 96
17.61, 96
17.62, 96
17.62, 96
17.62, 96
17.62, 96
17.62, 96
17.63, 96
17.63, 96
17.63, 96
17.69, 96
17.69, 96
17.70, 96
17.73, 96
17.84, 96
17.84, 96
17.84, 96
17.86, 96
17.86, 96
17.86, 96
17.86, 96
17.86, 96
17.89, 96
17.91, 96
17.91, 96
17.92, 96
17.92, 96
17.97, 96
18.08, 96
18.26, 96
18.26, 96
18.26, 96
18.26, 96
18.26, 96
18.26, 96
18.44, 96
18.44, 96
18.60, 96
18.61, 96
18.61, 96
18.61, 96
18.62, 96
18.72, 96
18.76, 96
18.76, 96
18.77, 96
18.77, 96
18.77, 96
18.77, 96
18.88, 96
18.90, 96
18.90, 96
18.90, 96
18.92, 96
18.92, 96
18.92, 96
18.92, 96
18.92, 96
18.92, 96
18.98, 96
19.05, 96
19.05, 96
19.05, 96
19.05, 96
19.07, 96
19.07, 96
19.07, 96
19.07, 96
19.10, 96
19.10, 96
19.14, 96
19.40, 96
19.54, 96
19.55, 96
19.55, 96
19.55, 96
19.57, 96
19.57, 96
19.58, 96
19.58, 96
19.59, 96
19.60, 96
19.60, 96
19.60, 96
19.64, 96
19.67, 96
19.95, 96
19.95, 96
20.16, 96
20.16, 96
20.16, 96
20.17, 96
20.17, 96
20.17, 96
20.19, 96
20.19, 96
20.19, 96
20.19, 96
20.20, 96
20.20, 96
20.20, 96
20.20, 96
20.20, 96
20.32, 96
20.32, 96
20.42, 96
20.42, 96
20.47, 96
20.47, 96
20.47, 96
20.47, 96
20.48, 96
20.48, 96
20.48, 96
20.48, 96
20.49, 96
20.79, 96
20.79, 96
20.79, 96
20.80, 96
20.80, 96
20.80, 96
20.80, 96
20.80, 96
20.90, 96
20.90, 96
20.90, 96
20.90, 96
20.97, 96
20.97, 96
20.97, 96
20.97, 96
20.98, 96
21.00, 96
21.00, 96
21.00, 96
21.00, 96
21.01, 96
21.01, 96
21.01, 96
21.05, 96
21.05, 96
21.05, 96
21.19, 96
21.19, 96
21.24, 96
21.25, 96
21.25, 96
21.35, 96
21.70, 96
21.70, 96
21.70, 96
21.71, 96
21.72, 96
21.72, 96
21.73, 96
21.75, 96
21.75, 96
21.75, 96
21.75, 96
21.76, 96
21.80, 96
21.80, 96
21.80, 96
21.81, 96
21.97, 96
21.98, 96
21.98, 96
21.98, 96
21.98, 96
21.98, 96
21.98, 96
21.98, 96
22.26, 96
22.50, 96
22.50, 96
22.54, 96
22.55, 96
22.81, 96
22.81, 96
22.81, 96
22.81, 96
22.81, 96
22.81, 96
22.81, 96
22.81, 96
22.81, 96
22.82, 96
22.85, 96
22.86, 96
22.95, 96
22.98, 96
22.99, 96
22.99, 96
22.99, 96
23.00, 96
23.00, 96
23.00, 96
23.00, 96
23.00, 96
23.00, 96
23.00, 96
23.00, 96
23.01, 96
23.01, 96
23.01, 96
23.01, 96
23.01, 96
23.06, 96
23.08, 96
23.08, 96
23.15, 96
23.15, 96
23.16, 96
23.16, 96
23.16, 96
23.17, 96
23.18, 96
23.23, 96
23.23, 96
23.23, 96
23.23, 96
23.55, 96
23.55, 96
23.55, 96
23.55, 96
23.57, 96
23.63, 96
23.63, 96
23.64, 96
23.64, 96
23.64, 96
23.64, 96
23.78, 96
23.80, 96
23.80, 96
23.80, 96
23.81, 96
23.83, 96
23.91, 96
23.91, 96
23.92, 96
24.13, 96
24.13, 96
24.13, 96
24.13, 96
24.23, 96
24.23, 96
24.23, 96
24.24, 96
24.24, 96
24.24, 96
24.32, 96
24.32, 96
24.32, 96
24.32, 96
24.32, 96
24.32, 96
24.32, 96
24.32, 96
24.33, 96
24.33, 96
24.33, 96
24.34, 96
24.34, 96
24.34, 96
24.34, 96
24.34, 96
24.34, 96
24.35, 96
24.35, 96
24.35, 96
24.35, 96
24.36, 96
24.36, 96
24.36, 96
24.39, 96
24.61, 96
24.93, 96
24.93, 96
24.93, 96
24.93, 96
24.93, 96
24.94, 96
24.97, 96
24.98, 96
24.98, 96
24.98, 96
24.98, 96
25.11, 96
25.11, 96
25.12, 96
25.13, 96
25.33, 96
25.33, 96
25.33, 96
25.34, 96
25.35, 96
25.35, 96
25.47, 96
25.73, 96
25.73, 96
25.73, 96
25.74, 96
25.74, 96
25.76, 96
25.76, 96
25.76, 96
25.77, 96
25.77, 96
25.81, 96
25.82, 96
25.83, 96
25.83, 96
25.83, 96
25.83, 96
25.83, 96
25.85, 96
25.85, 96
25.85, 96
25.92, 96
25.92, 96
25.92, 96
25.92, 96
25.92, 96
25.92, 96
26.14, 96
26.15, 96
26.15, 96
26.15, 96
26.28, 96
26.36, 96
26.36, 96
26.37, 96
26.37, 96
26.37, 96
26.37, 96
26.37, 96
26.38, 96
26.38, 96
26.38, 96
26.38, 96
26.38, 96
26.61, 96
26.71, 96
26.72, 96
26.72, 96
26.72, 96
26.72, 96
26.72, 96
26.72, 96
26.72, 96
26.72, 96
26.72, 96
26.78, 96
26.78, 96
26.81, 96
26.82, 96
26.82, 96
26.82, 96
26.82, 96
26.82, 96
26.82, 96
26.82, 96
26.84, 96
26.85, 96
26.85, 96
26.85, 96
26.85, 96
26.96, 96
26.96, 96
26.96, 96
26.96, 96
26.96, 96
27.00, 96
27.00, 96
27.00, 96
27.00, 96
27.00, 96
27.00, 96
27.00, 96
27.07, 96
27.08, 96
27.08, 96
27.08, 96
27.08, 96
27.18, 96
27.18, 96
27.19, 96
27.19, 96
27.61, 96
27.61, 96
27.61, 96
27.61, 96
27.61, 96
27.67, 96
27.67, 96
27.67, 96
27.67, 96
27.74, 96
27.74, 96
27.74, 96
27.76, 96
27.76, 96
27.76, 96
27.80, 96
27.81, 96
27.81, 96
27.81, 96
27.85, 96
27.85, 96
27.85, 96
27.85, 96
27.86, 96
27.86, 96
27.87, 96
27.88, 96
27.88, 96
27.88, 96
27.89, 96
27.89, 96
27.89, 96
27.89, 96
27.89, 96
27.89, 96
28.12, 96
28.13, 96
28.14, 96
28.14, 96
28.14, 96
28.14, 96
28.14, 96
28.14, 96
28.14, 96
28.14, 96
28.16, 96
28.16, 96
28.18, 96
28.18, 96
28.18, 96
28.31, 96
28.31, 96
28.31, 96
28.84, 96
28.89, 96
29.08, 96
29.08, 96
29.08, 96
29.15, 96
29.15, 96
29.15, 96
29.17, 96
29.17, 96
29.17, 96
29.17, 96
29.47, 96
29.47, 96
29.51, 96
29.51, 96
29.51, 96
29.58, 96
29.58, 96
29.59, 96
29.59, 96
29.59, 96
29.59, 96
29.59, 96
29.60, 96
29.60, 96
29.60, 96
29.60, 96
29.60, 96
29.60, 96
29.61, 96
29.61, 96
29.61, 96
29.61, 96
29.69, 96
29.69, 96
29.69, 96
29.70, 96
29.70, 96
29.70, 96
29.71, 96
29.71, 96
29.72, 96
29.72, 96
29.72, 96
29.72, 96
29.75, 96
29.75, 96
29.79, 96
29.79, 96
29.80, 96
29.80, 96
29.80, 96
29.89, 96
29.89, 96
29.89, 96
29.90, 96
29.92, 96
29.92, 96
29.92, 96
29.98, 96
29.98, 96
29.98, 96
29.99, 96
29.99, 96
29.99, 96
30.04, 96
30.04, 96
30.04, 96
30.04, 96
30.05, 96
30.05, 96
30.07, 96
30.07, 96
30.07, 96
30.07, 96
30.08, 96
30.08, 96
30.08, 96
30.11, 96
30.13, 96
30.17, 96
30.18, 96
30.18, 96
30.18, 96
30.18, 96
30.19, 96
30.19, 96
30.19, 96
30.19, 96
30.19, 96
30.19, 96
30.19, 96
30.30, 96
30.30, 96
30.30, 96
30.40, 96
30.40, 96
30.40, 96
30.41, 96
30.43, 96
30.48, 96
30.50, 96
30.50, 96
30.50, 96
30.81, 96
30.83, 96
30.83, 96
31.15, 96
31.16, 96
31.16, 96
31.16, 96
31.16, 96
31.16, 96
31.28, 96
31.29, 96
31.29, 96
31.30, 96
31.30, 96
31.30, 96
31.33, 96
31.34, 96
31.34, 96
31.34, 96
31.35, 96
31.35, 96
31.36, 96
31.37, 96
31.37, 96
31.37, 96
31.69, 96
31.69, 96
31.70, 96
31.70, 96
31.70, 96
31.91, 96
31.91, 96
31.91, 96
32.27, 96
32.28, 96
32.28, 96
32.28, 96
32.28, 96
32.33, 96
32.33, 96
32.37, 96
32.37, 96
32.37, 96
32.37, 96
32.38, 96
32.38, 96
32.38, 96
32.38, 96
32.38, 96
32.38, 96
32.45, 96
32.45, 96
32.50, 96
32.50, 96
32.51, 96
32.51, 96
32.51, 96
32.51, 96
32.57, 96
32.57, 96
32.57, 96
32.57, 96
32.57, 96
32.58, 96
32.58, 96
32.58, 96
32.65, 96
32.65, 96
32.66, 96
32.66, 96
32.66, 96
32.76, 96
32.76, 96
32.76, 96
32.76, 96
32.76, 96
32.76, 96
32.76, 96
32.76, 96
32.76, 96
32.78, 96
32.79, 96
32.79, 96
32.80, 96
32.80, 96
32.80, 96
32.80, 96
32.81, 96
32.81, 96
32.81, 96
32.81, 96
32.81, 96
32.81, 96
32.81, 96
32.84, 96
32.84, 96
32.84, 96
32.84, 96
32.86, 96
32.86, 96
33.03, 96
33.03, 96
33.04, 96
33.04, 96
33.05, 96
33.05, 96
33.15, 96
33.15, 96
33.16, 96
33.17, 96
33.22, 96
33.23, 96
33.23, 96
33.23, 96
33.23, 96
33.25, 96
33.25, 96
33.27, 96
33.28, 96
33.28, 96
33.29, 96
33.29, 96
33.29, 96
33.29, 96
33.29, 96
33.29, 96
33.29, 96
33.30, 96
33.30, 96
33.42, 96
33.43, 96
33.43, 96
33.43, 96
33.43, 96
33.43, 96
33.43, 96
33.44, 96
33.44, 96
33.44, 96
33.44, 96
33.44, 96
33.44, 96
33.44, 96
33.45, 96
33.45, 96
33.62, 96
33.62, 96
33.62, 96
33.66, 96
33.66, 96
33.66, 96
33.69, 96
33.70, 96
33.85, 96
33.85, 96
33.86, 96
33.86, 96
33.86, 96
33.88, 96
33.88, 96
33.88, 96
33.88, 96
33.88, 96
33.88, 96
33.88, 96
33.88, 96
33.89, 96
33.89, 96
33.96, 96
33.96, 96
33.96, 96
34.01, 96
34.01, 96
34.01, 96
34.01, 96
34.01, 96
34.01, 96
34.02, 96
34.02, 96
34.02, 96
34.02, 96
34.02, 96
34.08, 96
34.09, 96
34.09, 96
34.34, 96
34.35, 96
34.35, 96
34.35, 96
34.40, 96
34.40, 96
34.42, 96
34.42, 96
34.46, 96
34.56, 96
34.56, 96
34.56, 96
34.57, 96
34.63, 96
34.63, 96
34.63, 96
34.64, 96
34.64, 96
34.64, 96
34.67, 96
34.67, 96
34.67, 96
34.67, 96
34.68, 96
34.87, 96
34.88, 96
34.88, 96
34.88, 96
34.88, 96
34.88, 96
35.57, 96
35.57, 96
35.70, 96
35.70, 96
35.70, 96
35.70, 96
35.70, 96
35.70, 96
35.71, 96
35.71, 96
35.71, 96
35.85, 96
35.85, 96
35.85, 96
35.85, 96
35.89, 96
35.90, 96
35.90, 96
35.91, 96
36.03, 96
36.03, 96
36.03, 96
36.03, 96
36.04, 96
36.04, 96
36.04, 96
36.04, 96
36.04, 96
36.04, 96
36.05, 96
36.05, 96
36.05, 96
36.05, 96
36.05, 96
36.05, 96
36.06, 96
36.06, 96
36.06, 96
36.07, 96
36.07, 96
36.07, 96
36.08, 96
36.08, 96
36.08, 96
36.15, 96
36.16, 96
36.16, 96
36.16, 96
36.17, 96
36.17, 96
36.23, 96
36.25, 96
36.25, 96
36.26, 96
36.26, 96
36.26, 96
36.26, 96
36.27, 96
36.40, 96
36.51, 96
36.52, 96
36.52, 96
36.57, 96
36.62, 96
36.64, 96
36.66, 96
36.67, 96
36.67, 96
36.67, 96
36.67, 96
36.67, 96
36.68, 96
36.68, 96
36.68, 96
36.68, 96
36.69, 96
36.69, 96
36.69, 96
36.85, 96
36.86, 96
36.86, 96
36.86, 96
36.86, 96
36.90, 96
36.92, 96
36.92, 96
36.92, 96
36.92, 96
36.98, 96
36.98, 96
36.98, 96
36.99, 96
36.99, 96
36.99, 96
36.99, 96
37.00, 96
37.00, 96
37.04, 96
37.15, 96
37.58, 96
37.58, 96
37.58, 96
37.58, 96
37.58, 96
37.59, 96
37.59, 96
37.60, 96
37.60, 96
37.65, 96
37.66, 96
37.66, 96
37.66, 96
37.76, 96
37.76, 96
37.77, 96
37.77, 96
37.78, 96
37.89, 96
37.89, 96
37.95, 96
37.95, 96
37.95, 96
37.95, 96
37.95, 96
37.95, 96
37.95, 96
37.95, 96
37.96, 96
37.96, 96
37.96, 96
37.96, 96
37.96, 96
37.96, 96
38.01, 96
38.01, 96
38.34, 96
38.34, 96
38.34, 96
38.34, 96
38.34, 96
38.34, 96
38.35, 96
38.35, 96
38.35, 96
38.37, 96
38.46, 96
38.59, 96
38.59, 96
38.59, 96
38.59, 96
38.59, 96
38.59, 96
38.59, 96
38.60, 96
38.60, 96
38.60, 96
38.60, 96
38.60, 96
38.60, 96
38.60, 96
38.61, 96
38.61, 96
38.62, 96
38.62, 96
38.62, 96
38.62, 96
38.73, 96
38.73, 96
38.97, 96
39.02, 96
39.02, 96
39.05, 96
39.05, 96
39.06, 96
39.06, 96
39.06, 96
39.38, 96
39.38, 96
39.46, 96
39.46, 96
39.47, 96
39.47, 96
39.49, 96
39.49, 96
39.50, 96
39.50, 96
39.50, 96
39.50, 96
39.63, 96
39.63, 96
39.64, 96
39.68, 96
40.30, 96
40.30, 96
40.30, 96
40.30, 96
40.33, 96
40.33, 96
40.44, 96
40.44, 96
40.44, 96
40.44, 96
40.44, 96
40.55, 96
40.55, 96
40.57, 96
40.58, 96
40.58, 96
40.58, 96
40.58, 96
40.60, 96
40.60, 96
40.60, 96
40.60, 96
40.61, 96
40.62, 96
40.62, 96
40.62, 96
40.62, 96
40.62, 96
40.90, 96
40.90, 96
40.90, 96
40.91, 96
40.91, 96
40.91, 96
40.96, 96
40.97, 96
41.04, 96
41.04, 96
41.04, 96
41.12, 96
41.13, 96
41.13, 96
41.23, 96
41.23, 96
41.41, 96
41.43, 96
41.44, 96
41.44, 96
41.52, 96
41.52, 96
41.53, 96
41.79, 96
41.81, 96
41.82, 96
41.84, 96
41.84, 96
41.84, 96
41.84, 96
41.84, 96
41.97, 96
41.97, 96
41.97, 96
41.98, 96
42.39, 96
42.45, 96
42.45, 96
42.53, 96
42.53, 96
42.55, 96
42.60, 96
42.60, 96
42.61, 96
42.61, 96
42.61, 96
42.64, 96
42.64, 96
42.64, 96
42.76, 96
42.76, 96
42.77, 96
42.87, 96
42.87, 96
42.87, 96
42.89, 96
42.89, 96
42.89, 96
42.96, 96
42.98, 96
42.98, 96
43.02, 96
43.02, 96
43.02, 96
43.02, 96
43.03, 96
43.21, 96
43.36, 96
43.39, 96
43.39, 96
43.43, 96
43.47, 96
43.47, 96
43.47, 96
43.47, 96
43.47, 96
43.48, 96
43.48, 96
43.48, 96
43.68, 96
43.68, 96
43.71, 96
43.72, 96
43.72, 96
43.72, 96
43.72, 96
43.79, 96
43.79, 96
43.79, 96
43.79, 96
43.80, 96
43.80, 96
43.80, 96
43.81, 96
43.82, 96
44.19, 96
44.28, 96
44.30, 96
44.30, 96
44.30, 96
44.30, 96
44.31, 96
44.31, 96
44.40, 96
44.41, 96
44.41, 96
44.41, 96
44.41, 96
44.42, 96
44.42, 96
44.42, 96
44.68, 96
44.68, 96
44.68, 96
44.68, 96
44.69, 96
44.88, 96
44.88, 96
44.88, 96
44.88, 96
45.02, 96
45.03, 96
45.32, 96
45.32, 96
45.32, 96
45.32, 96
45.38, 96
45.38, 96
45.56, 96
45.56, 96
45.56, 96
45.56, 96
45.56, 96
45.57, 96
45.57, 96
45.57, 96
45.57, 96
45.57, 96
45.58, 96
45.58, 96
45.58, 96
45.60, 96
45.61, 96
45.61, 96
45.61, 96
45.61, 96
45.72, 96
45.77, 96
45.77, 96
45.77, 96
46.17, 96
46.22, 96
46.22, 96
46.29, 96
46.31, 96
46.31, 96
46.31, 96
46.32, 96
46.34, 96
46.34, 96
46.34, 96
46.34, 96
46.35, 96
46.35, 96
46.35, 96
46.35, 96
46.35, 96
46.50, 96
46.64, 96
46.64, 96
46.69, 96
46.69, 96
46.69, 96
46.70, 96
46.84, 96
47.15, 96
47.17, 96
47.17, 96
47.18, 96
47.18, 96
47.56, 96
47.56, 96
47.57, 96
47.57, 96
47.61, 96
47.61, 96
47.61, 96
47.61, 96
47.62, 96
47.63, 96
47.63, 96
47.63, 96
47.63, 96
47.64, 96
47.64, 96
47.64, 96
47.64, 96
47.64, 96
47.64, 96
47.75, 96
47.75, 96
47.75, 96
47.75, 96
47.75, 96
47.75, 96
47.75, 96
47.76, 96
47.77, 96
47.89, 96
47.89, 96
47.90, 96
47.93, 96
47.93, 96
47.94, 96
48.10, 96
48.10, 96
48.10, 96
48.10, 96
48.10, 96
48.10, 96
48.13, 96
48.13, 96
48.34, 96
48.35, 96
48.35, 96
48.35, 96
48.35, 96
48.51, 96
48.51, 96
48.51, 96
48.52, 96
48.53, 96
48.53, 96
48.61, 96
48.61, 96
48.63, 96
48.63, 96
48.63, 96
48.63, 96
48.68, 96
48.68, 96
48.95, 96
48.95, 96
49.52, 96
49.52, 96
49.56, 96
49.56, 96
49.56, 96
49.56, 96
49.56, 96
49.56, 96
49.68, 96
49.68, 96
49.83, 96
49.83, 96
49.93, 96
49.93, 96
49.94, 96
49.94, 96
49.96, 96
49.96, 96
49.96, 96
49.96, 96
49.96, 96
49.96, 96
49.96, 96
49.97, 96
49.97, 96
49.97, 96
49.97, 96
49.97, 96
49.99, 96
49.99, 96
49.99, 96
49.99, 96
49.99, 96
50.08, 96
50.08, 96
50.08, 96
50.10, 96
50.16, 96
50.16, 96
50.16, 96
50.18, 96
50.18, 96
50.21, 96
50.23, 96
50.23, 96
50.23, 96
50.23, 96
50.24, 96
50.26, 96
50.32, 96
50.32, 96
50.44, 96
50.44, 96
50.44, 96
50.45, 96
50.45, 96
50.45, 96
50.45, 96
50.45, 96
50.45, 96
50.49, 96
50.51, 96
50.51, 96
50.51, 96
50.51, 96
50.52, 96
50.64, 96
50.65, 96
50.85, 96
50.85, 96
50.86, 96
51.02, 96
51.04, 96
51.06, 96
51.06, 96
51.07, 96
51.07, 96
51.07, 96
51.07, 96
51.08, 96
51.08, 96
51.08, 96
51.16, 96
51.17, 96
51.17, 96
51.17, 96
51.17, 96
51.17, 96
51.17, 96
51.17, 96
51.18, 96
51.18, 96
51.18, 96
51.18, 96
51.28, 96
51.30, 96
51.30, 96
51.30, 96
51.30, 96
51.30, 96
51.30, 96
51.30, 96
51.42, 96
51.42, 96
51.86, 96
51.86, 96
51.87, 96
51.87, 96
51.87, 96
51.89, 96
51.89, 96
52.03, 96
52.03, 96
52.03, 96
52.03, 96
52.03, 96
52.03, 96
52.04, 96
52.04, 96
52.06, 96
52.06, 96
52.06, 96
52.06, 96
52.06, 96
52.23, 96
52.28, 96
52.29, 96
52.29, 96
52.29, 96
52.29, 96
52.30, 96
52.30, 96
52.30, 96
52.30, 96
52.30, 96
52.30, 96
52.30, 96
52.41, 96
52.41, 96
52.41, 96
52.41, 96
52.42, 96
52.42, 96
52.42, 96
52.42, 96
52.42, 96
52.42, 96
52.45, 96
52.46, 96
52.46, 96
52.47, 96
52.51, 96
52.54, 96
52.54, 96
52.54, 96
52.54, 96
52.54, 96
52.54, 96
52.56, 96
52.56, 96
52.57, 96
52.57, 96
52.57, 96
53.21, 96
53.21, 96
53.61, 96
53.61, 96
53.62, 96
53.62, 96
53.77, 96
53.78, 96
53.88, 96
53.88, 96
53.91, 96
53.98, 96
53.99, 96
54.01, 96
54.01, 96
54.01, 96
54.01, 96
54.01, 96
54.35, 96
54.36, 96
54.36, 96
54.37, 96
54.37, 96
54.73, 96
54.73, 96
54.73, 96
55.03, 96
55.04, 96
55.05, 96
55.05, 96
55.16, 96
55.39, 96
55.46, 96
55.47, 96
55.47, 96
55.47, 96
55.47, 96
55.47, 96
55.47, 96
55.48, 96
55.48, 96
55.56, 96
55.56, 96
55.56, 96
55.56, 96
55.57, 96
55.57, 96
55.58, 96
55.58, 96
55.58, 96
55.58, 96
55.63, 96
55.66, 96
55.66, 96
55.66, 96
55.66, 96
56.29, 96
56.56, 96
56.56, 96
56.58, 96
56.58, 96
56.58, 96
56.60, 96
56.81, 96
56.81, 96
56.81, 96
56.81, 96
56.81, 96
56.86, 96
56.86, 96
56.86, 96
56.88, 96
56.89, 96
56.89, 96
56.89, 96
56.89, 96
56.90, 96
56.90, 96
56.91, 96
56.97, 96
56.97, 96
57.06, 96
57.06, 96
57.07, 96
57.07, 96
57.07, 96
57.08, 96
57.08, 96
57.14, 96
57.17, 96
57.17, 96
57.17, 96
57.17, 96
57.18, 96
57.38, 96
57.38, 96
57.69, 96
57.70, 96
57.74, 96
57.74, 96
57.74, 96
57.75, 96
57.75, 96
57.75, 96
57.75, 96
57.75, 96
57.75, 96
57.75, 96
57.75, 96
57.75, 96
57.75, 96
57.75, 96
57.76, 96
57.76, 96
57.76, 96
57.76, 96
57.77, 96
57.77, 96
57.77, 96
57.77, 96
57.77, 96
57.78, 96
57.80, 96
57.80, 96
57.80, 96
57.81, 96
57.81, 96
57.81, 96
57.85, 96
57.85, 96
57.85, 96
57.92, 96
57.92, 96
57.92, 96
57.92, 96
57.92, 96
57.92, 96
57.93, 96
57.93, 96
58.09, 96
58.09, 96
58.09, 96
58.25, 96
58.27, 96
58.38, 96
58.39, 96
58.39, 96
58.40, 96
58.40, 96
58.48, 96
58.48, 96
58.48, 96
58.48, 96
58.48, 96
58.48, 96
58.48, 96
58.48, 96
58.53, 96
58.53, 96
58.53, 96
58.54, 96
58.54, 96
58.55, 96
58.55, 96
58.55, 96
58.55, 96
58.55, 96
58.62, 96
58.62, 96
58.62, 96
58.62, 96
58.62, 96
58.63, 96
58.63, 96
58.63, 96
58.63, 96
58.63, 96
58.70, 96
58.70, 96
58.70, 96
58.72, 96
58.72, 96
58.73, 96
58.75, 96
58.76, 96
58.76, 96
58.76, 96
58.77, 96
58.77, 96
58.77, 96
58.77, 96
58.77, 96
59.00, 96
59.01, 96
59.04, 96
59.05, 96
59.05, 96
59.05, 96
59.05, 96
59.06, 96
59.06, 96
59.06, 96
59.06, 96
59.06, 96
59.06, 96
59.06, 96
59.10, 96
59.10, 96
59.10, 96
59.13, 96
59.13, 96
59.14, 96
59.14, 96
59.14, 96
59.17, 96
59.17, 96
59.17, 96
59.17, 96
59.17, 96
59.17, 96
59.18, 96
59.18, 96
59.18, 96
59.18, 96
59.18, 96
59.18, 96
59.21, 96
59.21, 96
59.22, 96
59.26, 96
59.37, 96
59.37, 96
59.37, 96
59.43, 96
59.44, 96
59.44, 96
59.44, 96
59.45, 96
59.45, 96
59.45, 96
59.57, 96
59.57, 96
59.59, 96
59.61, 96
59.61, 96
59.61, 96
59.62, 96
59.62, 96
59.62, 96
59.64, 96
59.64, 96
59.64, 96
59.90, 96
59.90, 96
59.91, 96
59.95, 96
59.95, 96
59.95, 96
59.96, 96
59.96, 96
