0.01, 102
0.01, 100
0.02, 99
0.02, 99
0.02, 99
0.02, 99
0.02, 99
0.02, 98
0.02, 98
0.02, 98
0.02, 98
0.03, 98
0.03, 98
0.03, 98
0.04, 98
0.05, 98
0.05, 98
0.05, 98
0.05, 98
0.05, 97
0.05, 97
0.05, 97
0.07, 97
0.07, 97
0.07, 97
0.07, 97
0.07, 97
0.07, 97
0.07, 97
0.08, 97
0.08, 97
0.08, 97
0.08, 97
0.08, 97
0.08, 97
0.09, 97
0.09, 97
0.10, 97
0.10, 97
0.10, 97
0.10, 97
0.10, 97
0.11, 97
0.11, 97
0.11, 97
0.12, 97
0.12, 97
0.12, 97
0.12, 97
0.12, 97
0.18, 97
0.18, 97
0.21, 97
0.21, 97
0.21, 97
0.21, 97
0.21, 97
0.21, 97
0.21, 97
0.22, 97
0.25, 97
0.25, 97
0.26, 97
0.26, 97
0.26, 97
0.26, 97
0.26, 97
0.26, 97
0.26, 97
0.26, 97
0.27, 97
0.27, 97
0.29, 97
0.30, 97
0.30, 97
0.30, 97
0.32, 97
0.32, 97
0.33, 97
0.33, 97
0.33, 97
0.33, 97
0.33, 97
0.33, 97
0.33, 97
0.36, 97
0.37, 97
0.37, 97
0.38, 97
0.38, 97
0.38, 97
0.38, 97
0.38, 97
0.38, 97
0.38, 97
0.39, 97
0.39, 97
0.39, 97
0.39, 97
0.40, 96
0.40, 96
0.40, 96
0.40, 96
0.41, 96
0.42, 96
0.44, 96
0.45, 96
0.45, 96
0.47, 96
0.47, 96
0.47, 96
0.50, 96
0.51, 96
0.51, 96
0.51, 96
0.55, 96
0.55, 96
0.56, 96
0.56, 96
0.82, 96
0.82, 96
0.82, 96
0.82, 96
0.82, 96
0.85, 96
0.85, 96
0.85, 96
0.87, 96
0.87, 96
0.91, 96
0.92, 96
0.92, 96
0.92, 96
0.92, 96
0.92, 96
0.92, 96
1.14, 96
1.17, 96
1.18, 96
1.18, 96
1.27, 96
1.27, 96
1.81, 96
1.81, 96
1.81, 96
1.81, 96
1.82, 96
1.84, 96
1.84, 96
1.84, 96
1.84, 96
1.84, 96
1.85, 96
1.87, 96
1.87, 96
1.87, 96
1.88, 96
1.96, 96
1.96, 96
1.96, 96
1.96, 96
1.96, 96
1.96, 96
2.00, 96
2.00, 96
2.00, 96
2.03, 96
2.03, 96
2.05, 96
2.06, 96
2.07, 96
2.07, 96
2.08, 96
2.09, 96
2.09, 96
2.09, 96
2.09, 96
2.09, 96
2.11, 96
2.11, 96
2.11, 96
2.11, 96
2.11, 96
2.53, 96
2.54, 96
2.55, 96
2.55, 96
2.55, 96
2.55, 96
2.55, 96
2.55, 96
3.02, 96
3.03, 96
3.03, 96
3.17, 96
3.17, 96
3.17, 96
3.17, 96
3.17, 96
3.18, 96
3.18, 96
3.37, 96
3.40, 96
3.40, 96
3.41, 96
3.41, 96
3.42, 96
3.42, 96
3.42, 96
3.42, 96
3.42, 96
3.43, 96
3.43, 96
3.43, 96
3.43, 96
3.43, 96
3.43, 96
3.44, 96
3.45, 96
3.45, 96
3.47, 96
3.47, 96
3.47, 96
3.48, 96
3.48, 96
3.48, 96
3.48, 96
3.48, 96
3.48, 96
3.48, 96
3.49, 96
3.49, 96
3.49, 96
3.49, 96
3.50, 96
3.50, 96
3.50, 96
3.52, 96
3.52, 96
3.52, 96
3.53, 96
3.53, 96
3.53, 96
3.55, 96
3.55, 96
3.55, 96
3.55, 96
3.55, 96
3.55, 96
3.55, 96
3.56, 96
3.57, 96
3.57, 96
3.57, 96
3.57, 96
3.57, 96
3.60, 96
3.60, 96
3.60, 96
3.60, 96
3.76, 96
3.76, 96
3.76, 96
3.80, 96
3.81, 96
3.81, 96
3.81, 96
3.81, 96
3.81, 96
3.81, 96
3.81, 96
3.82, 96
3.93, 96
3.93, 96
3.93, 96
3.93, 96
3.99, 96
4.00, 96
4.03, 96
4.04, 96
4.04, 96
4.04, 96
4.04, 96
4.04, 96
4.05, 96
4.05, 96
4.05, 96
4.06, 96
4.17, 96
4.17, 96
4.17, 96
4.18, 96
4.18, 96
4.18, 96
4.18, 96
4.26, 96
4.26, 96
4.27, 96
4.27, 96
4.27, 96
4.27, 96
4.28, 96
4.28, 96
4.28, 96
4.28, 96
4.29, 96
4.29, 96
4.29, 96
4.29, 96
4.29, 96
4.30, 96
4.35, 96
4.35, 96
4.35, 96
4.35, 96
4.36, 96
4.43, 96
4.43, 96
4.43, 96
4.43, 96
4.43, 96
4.43, 96
4.43, 96
4.44, 96
4.44, 96
4.62, 96
4.96, 96
5.06, 96
5.06, 96
5.06, 96
5.06, 96
5.06, 96
5.08, 96
5.08, 96
5.08, 96
5.08, 96
5.08, 96
5.08, 96
5.08, 96
5.09, 96
5.10, 96
5.19, 96
5.19, 96
5.19, 96
5.19, 96
5.19, 96
5.20, 96
5.31, 96
5.31, 96
5.31, 96
5.35, 96
5.35, 96
5.47, 96
5.47, 96
5.47, 96
5.47, 96
5.48, 96
5.49, 96
5.49, 96
5.51, 96
5.54, 96
5.55, 96
5.55, 96
5.55, 96
5.56, 96
5.56, 96
5.56, 96
5.56, 96
5.56, 96
5.56, 96
5.56, 96
5.56, 96
5.59, 96
5.59, 96
5.63, 96
5.63, 96
5.63, 96
5.63, 96
5.63, 96
5.63, 96
5.64, 96
5.67, 96
5.67, 96
5.68, 96
5.68, 96
5.68, 96
5.68, 96
5.71, 96
5.71, 96
5.72, 96
5.72, 96
5.72, 96
5.74, 96
5.74, 96
5.77, 96
5.79, 96
5.80, 96
5.80, 96
5.80, 96
5.80, 96
5.80, 96
5.84, 96
5.84, 96
5.84, 96
5.85, 96
5.85, 96
5.85, 96
5.85, 96
5.85, 96
5.85, 96
5.86, 96
5.86, 96
5.86, 96
5.86, 96
5.88, 96
5.89, 96
5.90, 96
5.90, 96
5.91, 96
5.91, 96
5.91, 96
6.38, 96
6.39, 96
6.39, 96
6.39, 96
6.40, 96
6.40, 96
6.40, 96
6.40, 96
6.41, 96
6.42, 96
6.44, 96
6.44, 96
6.49, 96
6.49, 96
6.50, 96
6.51, 96
6.51, 96
6.51, 96
6.51, 96
6.73, 96
6.73, 96
6.73, 96
6.73, 96
6.73, 96
6.74, 96
6.74, 96
6.74, 96
6.74, 96
6.75, 96
6.75, 96
6.75, 96
6.75, 96
6.75, 96
6.85, 96
6.86, 96
6.87, 96
6.87, 96
6.87, 96
6.87, 96
6.88, 96
6.88, 96
6.88, 96
6.88, 96
6.88, 96
6.88, 96
6.88, 96
6.91, 96
6.91, 96
6.91, 96
6.91, 96
7.02, 96
7.12, 96
7.12, 96
7.12, 96
7.12, 96
7.12, 96
7.26, 96
7.28, 96
7.40, 96
7.40, 96
7.40, 96
7.50, 96
7.51, 96
8.15, 96
8.51, 96
8.57, 96
8.57, 96
9.06, 96
9.20, 96
9.20, 96
9.23, 96
9.24, 96
9.45, 96
9.46, 96
9.74, 96
9.96, 96
10.04, 96
10.04, 96
10.05, 96
10.24, 96
10.26, 96
10.55, 96
10.55, 96
10.80, 96
10.90, 96
10.90, 96
10.96, 96
10.96, 96
10.96, 96
11.02, 96
11.02, 96
11.04, 96
11.04, 96
11.04, 96
11.04, 96
11.04, 96
11.05, 96
11.05, 96
11.05, 96
11.06, 96
11.06, 96
11.06, 96
11.06, 96
11.07, 96
11.07, 96
11.07, 96
11.07, 96
11.10, 96
11.10, 96
11.17, 96
11.18, 96
11.18, 96
11.18, 96
11.18, 96
11.18, 96
11.18, 96
11.18, 96
11.18, 96
11.23, 96
11.29, 96
11.29, 96
11.29, 96
11.29, 96
11.29, 96
11.29, 96
11.36, 96
11.47, 96
11.47, 96
11.47, 96
11.48, 96
11.48, 96
11.48, 96
11.48, 96
11.48, 96
11.48, 96
11.48, 96
11.48, 96
11.50, 96
11.50, 96
11.50, 96
11.52, 96
11.53, 96
11.59, 96
11.59, 96
11.63, 96
11.64, 96
11.64, 96
11.66, 96
11.66, 96
11.66, 96
11.71, 96
11.71, 96
11.72, 96
11.72, 96
11.72, 96
11.72, 96
11.72, 96
11.72, 96
11.72, 96
11.72, 96
11.72, 96
11.72, 96
11.73, 96
11.95, 96
11.95, 96
12.30, 96
12.35, 96
12.36, 96
12.38, 96
12.38, 96
12.42, 96
12.43, 96
12.44, 96
12.44, 96
12.75, 96
12.75, 96
12.75, 96
12.76, 96
12.95, 96
12.95, 96
12.95, 96
12.95, 96
12.95, 96
12.95, 96
12.96, 96
12.96, 96
12.96, 96
12.96, 96
12.96, 96
13.01, 96
13.01, 96
13.01, 96
13.01, 96
13.02, 96
13.02, 96
13.02, 96
13.02, 96
13.02, 96
13.02, 96
13.02, 96
13.02, 96
13.03, 96
13.03, 96
13.03, 96
13.85, 96
13.87, 96
13.87, 96
13.87, 96
13.87, 96
13.87, 96
13.87, 96
13.88, 96
13.89, 96
13.89, 96
13.89, 96
13.89, 96
13.89, 96
13.89, 96
14.01, 96
14.01, 96
14.16, 96
14.16, 96
14.16, 96
14.17, 96
14.21, 96
14.21, 96
14.22, 96
14.22, 96
14.22, 96
14.22, 96
14.22, 96
14.22, 96
14.22, 96
14.23, 96
14.24, 96
14.24, 96
14.25, 96
14.27, 96
14.27, 96
14.27, 96
14.27, 96
14.28, 96
14.28, 96
14.37, 96
14.37, 96
14.39, 96
14.39, 96
14.40, 96
14.40, 96
14.40, 96
14.42, 96
14.42, 96
14.42, 96
14.88, 96
14.88, 96
14.88, 96
14.88, 96
14.88, 96
14.88, 96
14.88, 96
14.88, 96
14.89, 96
14.89, 96
14.90, 96
15.24, 96
15.24, 96
15.25, 96
15.25, 96
15.39, 96
15.39, 96
15.57, 96
15.57, 96
15.58, 96
15.58, 96
15.65, 96
15.85, 96
15.85, 96
15.86, 96
15.86, 96
15.86, 96
15.86, 96
15.86, 96
15.86, 96
15.86, 96
15.88, 96
16.10, 96
16.10, 96
16.11, 96
16.11, 96
16.11, 96
16.11, 96
16.11, 96
16.15, 96
16.15, 96
16.16, 96
16.16, 96
16.16, 96
16.16, 96
16.16, 96
16.16, 96
16.16, 96
16.16, 96
16.16, 96
16.17, 96
16.17, 96
16.25, 96
16.25, 96
16.25, 96
16.28, 96
16.28, 96
16.28, 96
16.29, 96
16.29, 96
16.29, 96
16.29, 96
16.29, 96
16.29, 96
16.30, 96
16.30, 96
16.30, 96
16.54, 96
16.54, 96
16.57, 96
16.57, 96
16.57, 96
16.59, 96
16.60, 96
16.60, 96
16.61, 96
16.61, 96
16.66, 96
16.66, 96
16.66, 96
16.67, 96
16.83, 96
16.83, 96
16.83, 96
16.83, 96
16.83, 96
16.84, 96
16.84, 96
16.84, 96
16.84, 96
17.03, 96
17.06, 96
17.06, 96
17.06, 96
17.09, 96
17.09, 96
17.12, 96
17.40, 96
17.51, 96
17.51, 96
17.51, 96
17.87, 96
17.87, 96
18.00, 96
18.00, 96
18.00, 96
18.00, 96
18.00, 96
18.00, 96
18.01, 96
18.01, 96
18.01, 96
18.01, 96
18.01, 96
18.02, 96
18.27, 96
18.27, 96
18.27, 96
18.27, 96
18.27, 96
18.27, 96
18.27, 96
18.27, 96
18.28, 96
18.32, 96
18.32, 96
18.32, 96
18.32, 96
18.51, 96
18.51, 96
18.51, 96
18.51, 96
18.52, 96
18.52, 96
18.53, 96
18.53, 96
18.53, 96
18.53, 96
18.53, 96
18.53, 96
18.53, 96
18.56, 96
18.62, 96
18.62, 96
18.62, 96
18.62, 96
18.62, 96
18.65, 96
18.65, 96
18.68, 96
18.69, 96
18.69, 96
18.73, 96
18.74, 96
18.79, 96
18.81, 96
18.82, 96
18.82, 96
19.07, 96
19.07, 96
19.21, 96
19.24, 96
19.25, 96
19.25, 96
19.25, 96
19.25, 96
19.26, 96
19.26, 96
19.26, 96
19.26, 96
19.34, 96
19.34, 96
19.35, 96
19.39, 96
19.51, 96
19.51, 96
19.51, 96
19.53, 96
19.53, 96
19.53, 96
19.53, 96
19.54, 96
19.56, 96
19.59, 96
19.60, 96
19.60, 96
19.60, 96
19.66, 96
19.79, 96
19.99, 96
20.00, 96
20.00, 96
20.00, 96
20.00, 96
20.00, 96
20.20, 96
20.20, 96
20.40, 96
20.40, 96
20.40, 96
20.41, 96
20.42, 96
20.53, 96
20.57, 96
20.57, 96
20.59, 96
20.59, 96
20.59, 96
20.59, 96
20.71, 96
20.74, 96
20.74, 96
20.74, 96
20.75, 96
20.76, 96
20.76, 96
20.76, 96
20.76, 96
20.76, 96
20.82, 96
20.90, 96
20.91, 96
20.91, 96
20.91, 96
20.93, 96
20.93, 96
20.94, 96
20.94, 96
20.96, 96
20.97, 96
21.03, 96
21.35, 96
21.51, 96
21.52, 96
21.52, 96
21.52, 96
21.55, 96
21.55, 96
21.55, 96
21.55, 96
21.57, 96
21.58, 96
21.58, 96
21.58, 96
21.62, 96
21.66, 96
22.00, 96
22.00, 96
22.25, 96
22.25, 96
22.25, 96
22.26, 96
22.26, 96
22.26, 96
22.28, 96
22.28, 96
22.29, 96
22.29, 96
22.29, 96
22.29, 96
22.29, 96
22.29, 96
22.30, 96
22.43, 96
22.43, 96
22.56, 96
22.56, 96
22.62, 96
22.62, 96
22.62, 96
22.62, 96
22.62, 96
22.63, 96
22.63, 96
22.63, 96
22.64, 96
22.99, 96
22.99, 96
23.00, 96
23.00, 96
23.00, 96
23.01, 96
23.01, 96
23.01, 96
23.13, 96
23.13, 96
23.13, 96
23.13, 96
23.20, 96
23.20, 96
23.20, 96
23.20, 96
23.20, 96
23.23, 96
23.23, 96
23.23, 96
23.24, 96
23.24, 96
23.24, 96
23.24, 96
23.29, 96
23.29, 96
23.29, 96
23.46, 96
23.46, 96
23.52, 96
23.53, 96
23.53, 96
23.65, 96
24.08, 96
24.08, 96
24.08, 96
24.09, 96
24.09, 96
24.10, 96
24.11, 96
24.14, 96
24.14, 96
24.14, 96
24.14, 96
24.14, 96
24.19, 96
24.20, 96
24.20, 96
24.21, 96
24.39, 96
24.40, 96
24.40, 96
24.40, 96
24.40, 96
24.40, 96
24.40, 96
24.40, 96
24.75, 96
25.02, 96
25.02, 96
25.07, 96
25.07, 96
25.38, 96
25.38, 96
25.38, 96
25.38, 96
25.38, 96
25.38, 96
25.38, 96
25.38, 96
25.38, 96
25.39, 96
25.42, 96
25.44, 96
25.55, 96
25.59, 96
25.59, 96
25.60, 96
25.60, 96
25.61, 96
25.61, 96
25.61, 96
25.61, 96
25.61, 96
25.61, 96
25.61, 96
25.62, 96
25.62, 96
25.62, 96
25.62, 96
25.62, 96
25.63, 96
25.69, 96
25.70, 96
25.70, 96
25.79, 96
25.79, 96
25.80, 96
25.80, 96
25.80, 96
25.82, 96
25.82, 96
25.89, 96
25.89, 96
25.89, 96
25.89, 96
26.28, 96
26.28, 96
26.28, 96
26.28, 96
26.30, 96
26.38, 96
26.38, 96
26.38, 96
26.38, 96
26.38, 96
26.39, 96
26.56, 96
26.58, 96
26.58, 96
26.59, 96
26.59, 96
26.62, 96
26.72, 96
26.72, 96
26.73, 96
26.99, 96
26.99, 96
26.99, 96
26.99, 96
27.11, 96
27.11, 96
27.12, 96
27.12, 96
27.13, 96
27.13, 96
27.22, 96
27.22, 96
27.22, 96
27.22, 96
27.22, 96
27.22, 96
27.22, 96
27.22, 96
27.23, 96
27.23, 96
27.23, 96
27.24, 96
27.24, 96
27.24, 96
27.24, 96
27.25, 96
27.25, 96
27.25, 96
27.25, 96
27.25, 96
27.25, 96
27.27, 96
27.27, 96
27.27, 96
27.30, 96
27.55, 96
27.95, 96
27.95, 96
27.95, 96
27.95, 96
27.95, 96
27.95, 96
27.99, 96
28.00, 96
28.00, 96
28.00, 96
28.00, 96
28.16, 96
28.16, 96
28.17, 96
28.18, 96
28.42, 96
28.42, 96
28.42, 96
28.44, 96
28.44, 96
28.44, 96
28.59, 96
28.88, 96
28.88, 96
28.89, 96
28.90, 96
28.90, 96
28.91, 96
28.91, 96
28.91, 96
28.93, 96
28.93, 96
28.98, 96
28.98, 96
28.99, 96
28.99, 96
28.99, 96
28.99, 96
28.99, 96
29.01, 96
29.02, 96
29.03, 96
29.11, 96
29.11, 96
29.11, 96
29.11, 96
29.11, 96
29.11, 96
29.36, 96
29.37, 96
29.37, 96
29.37, 96
29.52, 96
29.61, 96
29.61, 96
29.63, 96
29.63, 96
29.63, 96
29.63, 96
29.63, 96
29.63, 96
29.64, 96
29.64, 96
29.64, 96
29.64, 96
29.90, 96
30.02, 96
30.02, 96
30.02, 96
30.02, 96
30.02, 96
30.03, 96
30.03, 96
30.03, 96
30.03, 96
30.03, 96
30.09, 96
30.09, 96
30.13, 96
30.14, 96
30.14, 96
30.14, 96
30.14, 96
30.14, 96
30.14, 96
30.14, 96
30.16, 96
30.18, 96
30.18, 96
30.18, 96
30.19, 96
30.32, 96
30.32, 96
30.32, 96
30.32, 96
30.32, 96
30.36, 96
30.36, 96
30.36, 96
30.36, 96
30.36, 96
30.37, 96
30.37, 96
30.44, 96
30.45, 96
30.46, 96
30.46, 96
30.46, 96
30.57, 96
30.58, 96
30.58, 96
30.58, 96
31.06, 96
31.06, 96
31.06, 96
31.06, 96
31.06, 96
31.13, 96
31.13, 96
31.13, 96
31.13, 96
31.21, 96
31.21, 96
31.21, 96
31.23, 96
31.23, 96
31.24, 96
31.28, 96
31.29, 96
31.29, 96
31.29, 96
31.33, 96
31.33, 96
31.33, 96
31.34, 96
31.34, 96
31.34, 96
31.36, 96
31.36, 96
31.37, 96
31.37, 96
31.37, 96
31.38, 96
31.38, 96
31.38, 96
31.38, 96
31.38, 96
31.65, 96
31.66, 96
31.67, 96
31.67, 96
31.67, 96
31.67, 96
31.67, 96
31.67, 96
31.68, 96
31.68, 96
31.70, 96
31.70, 96
31.72, 96
31.72, 96
31.73, 96
31.87, 96
31.88, 96
31.88, 96
32.49, 96
32.54, 96
32.77, 96
32.77, 96
32.77, 96
32.85, 96
32.85, 96
32.85, 96
32.86, 96
32.86, 96
32.87, 96
32.87, 96
33.22, 96
33.22, 96
33.26, 96
33.26, 96
33.26, 96
33.34, 96
33.35, 96
33.35, 96
33.35, 96
33.35, 96
33.36, 96
33.36, 96
33.36, 96
33.36, 96
33.36, 96
33.36, 96
33.37, 96
33.37, 96
33.37, 96
33.37, 96
33.37, 96
33.37, 96
33.46, 96
33.46, 96
33.47, 96
33.48, 96
33.48, 96
33.48, 96
33.48, 96
33.48, 96
33.49, 96
33.49, 96
33.49, 96
33.49, 96
33.53, 96
33.53, 96
33.58, 96
33.58, 96
33.58, 96
33.58, 96
33.59, 96
33.69, 96
33.69, 96
33.69, 96
33.70, 96
33.72, 96
33.72, 96
33.72, 96
33.79, 96
33.79, 96
33.80, 96
33.80, 96
33.80, 96
33.80, 96
33.86, 96
33.86, 96
33.86, 96
33.86, 96
33.86, 96
33.87, 96
33.89, 96
33.89, 96
33.90, 96
33.90, 96
33.90, 96
33.90, 96
33.91, 96
33.93, 96
33.96, 96
34.01, 96
34.02, 96
34.02, 96
34.02, 96
34.02, 96
34.03, 96
34.03, 96
34.03, 96
34.03, 96
34.03, 96
34.03, 96
34.04, 96
34.15, 96
34.16, 96
34.16, 96
34.27, 96
34.27, 96
34.27, 96
34.28, 96
34.30, 96
34.36, 96
34.39, 96
34.39, 96
34.39, 96
34.74, 96
34.76, 96
34.76, 96
35.13, 96
35.13, 96
35.13, 96
35.14, 96
35.14, 96
35.14, 96
35.28, 96
35.28, 96
35.29, 96
35.29, 96
35.29, 96
35.29, 96
35.33, 96
35.34, 96
35.34, 96
35.34, 96
35.36, 96
35.36, 96
35.37, 96
35.38, 96
35.38, 96
35.38, 96
35.75, 96
35.75, 96
35.75, 96
35.75, 96
35.76, 96
35.99, 96
35.99, 96
35.99, 96
36.41, 96
36.41, 96
36.41, 96
36.41, 96
36.41, 96
36.48, 96
36.48, 96
36.52, 96
36.52, 96
36.52, 96
36.52, 96
36.52, 96
36.52, 96
36.52, 96
36.53, 96
36.53, 96
36.53, 96
36.61, 96
36.61, 96
36.67, 96
36.67, 96
36.67, 96
36.67, 96
36.67, 96
36.67, 96
36.74, 96
36.74, 96
36.75, 96
36.75, 96
36.75, 96
36.75, 96
36.75, 96
36.75, 96
36.84, 96
36.84, 96
36.84, 96
36.84, 96
36.84, 96
36.95, 96
36.96, 96
36.96, 96
36.96, 96
36.96, 96
36.96, 96
36.96, 96
36.96, 96
36.96, 96
36.98, 96
36.98, 96
36.99, 96
37.00, 96
37.00, 96
37.01, 96
37.01, 96
37.01, 96
37.01, 96
37.01, 96
37.01, 96
37.01, 96
37.02, 96
37.02, 96
37.05, 96
37.05, 96
37.05, 96
37.05, 96
37.07, 96
37.07, 96
37.26, 96
37.26, 96
37.28, 96
37.28, 96
37.28, 96
37.28, 96
37.41, 96
37.41, 96
37.41, 96
37.43, 96
37.49, 96
37.50, 96
37.50, 96
37.50, 96
37.50, 96
37.52, 96
37.52, 96
37.55, 96
37.56, 96
37.56, 96
37.57, 96
37.57, 96
37.57, 96
37.57, 96
37.57, 96
37.57, 96
37.58, 96
37.58, 96
37.58, 96
37.72, 96
37.72, 96
37.72, 96
37.72, 96
37.72, 96
37.73, 96
37.73, 96
37.73, 96
37.73, 96
37.73, 96
37.73, 96
37.74, 96
37.74, 96
37.74, 96
37.75, 96
37.75, 96
37.95, 96
37.95, 96
37.95, 96
37.99, 96
37.99, 96
37.99, 96
38.03, 96
38.03, 96
38.21, 96
38.21, 96
38.21, 96
38.21, 96
38.21, 96
38.24, 96
38.24, 96
38.24, 96
38.24, 96
38.25, 96
38.25, 96
38.25, 96
38.25, 96
38.25, 96
38.25, 96
38.34, 96
38.34, 96
38.34, 96
38.39, 96
38.39, 96
38.39, 96
38.39, 96
38.39, 96
38.39, 96
38.40, 96
38.40, 96
38.40, 96
38.40, 96
38.41, 96
38.48, 96
38.48, 96
38.48, 96
38.78, 96
38.78, 96
38.78, 96
38.78, 96
38.85, 96
38.85, 96
38.87, 96
38.87, 96
38.91, 96
39.02, 96
39.03, 96
39.03, 96
39.03, 96
39.11, 96
39.11, 96
39.11, 96
39.13, 96
39.13, 96
39.13, 96
39.16, 96
39.16, 96
39.16, 96
39.16, 96
39.16, 96
39.38, 96
39.38, 96
39.38, 96
39.38, 96
39.38, 96
39.38, 96
40.16, 96
40.16, 96
40.30, 96
40.31, 96
40.31, 96
40.31, 96
40.31, 96
40.31, 96
40.32, 96
40.32, 96
40.32, 96
40.48, 96
40.48, 96
40.48, 96
40.48, 96
40.52, 96
40.54, 96
40.54, 96
40.55, 96
40.69, 96
40.69, 96
40.69, 96
40.70, 96
40.70, 96
40.70, 96
40.70, 96
40.70, 96
40.71, 96
40.71, 96
40.71, 96
40.71, 96
40.72, 96
40.72, 96
40.72, 96
40.72, 96
40.72, 96
40.72, 96
40.72, 96
40.73, 96
40.74, 96
40.74, 96
40.75, 96
40.75, 96
40.75, 96
40.83, 96
40.84, 96
40.84, 96
40.84, 96
40.85, 96
40.85, 96
40.92, 96
40.94, 96
40.94, 96
40.94, 96
40.94, 96
40.94, 96
40.95, 96
40.96, 96
41.11, 96
41.24, 96
41.24, 96
41.24, 96
41.31, 96
41.36, 96
41.37, 96
41.40, 96
41.41, 96
41.41, 96
41.41, 96
41.41, 96
41.41, 96
41.41, 96
41.42, 96
41.42, 96
41.43, 96
41.43, 96
41.43, 96
41.44, 96
41.63, 96
41.64, 96
41.64, 96
41.64, 96
41.64, 96
41.69, 96
41.70, 96
41.71, 96
41.71, 96
41.71, 96
41.78, 96
41.78, 96
41.78, 96
41.79, 96
41.79, 96
41.79, 96
41.79, 96
41.80, 96
41.80, 96
41.85, 96
41.97, 96
42.46, 96
42.46, 96
42.46, 96
42.46, 96
42.46, 96
42.46, 96
42.47, 96
42.48, 96
42.48, 96
42.55, 96
42.55, 96
42.55, 96
42.55, 96
42.68, 96
42.68, 96
42.68, 96
42.70, 96
42.70, 96
42.83, 96
42.83, 96
42.91, 96
42.91, 96
42.91, 96
42.91, 96
42.91, 96
42.91, 96
42.91, 96
42.92, 96
42.92, 96
42.92, 96
42.92, 96
42.92, 96
42.93, 96
42.93, 96
42.98, 96
42.98, 96
43.36, 96
43.36, 96
43.36, 96
43.36, 96
43.36, 96
43.36, 96
43.37, 96
43.37, 96
43.37, 96
43.40, 96
43.50, 96
43.65, 96
43.65, 96
43.65, 96
43.65, 96
43.65, 96
43.65, 96
43.65, 96
43.66, 96
43.66, 96
43.66, 96
43.66, 96
43.66, 96
43.66, 96
43.66, 96
43.67, 96
43.67, 96
43.69, 96
43.69, 96
43.69, 96
43.69, 96
43.81, 96
43.81, 96
44.09, 96
44.15, 96
44.16, 96
44.19, 96
44.20, 96
44.20, 96
44.20, 96
44.20, 96
44.55, 96
44.56, 96
44.65, 96
44.65, 96
44.66, 96
44.66, 96
44.68, 96
44.68, 96
44.69, 96
44.69, 96
44.69, 96
44.69, 96
44.85, 96
44.85, 96
44.86, 96
44.90, 96
45.64, 96
45.64, 96
45.64, 96
45.64, 96
45.68, 96
45.68, 96
45.80, 96
45.80, 96
45.80, 96
45.80, 96
45.81, 96
45.93, 96
45.93, 96
45.96, 96
45.96, 96
45.97, 96
45.97, 96
45.97, 96
45.99, 96
45.99, 96
46.00, 96
46.00, 96
46.02, 96
46.02, 96
46.02, 96
46.02, 96
46.02, 96
46.02, 96
46.35, 96
46.35, 96
46.35, 96
46.35, 96
46.36, 96
46.36, 96
46.42, 96
46.43, 96
46.51, 96
46.51, 96
46.52, 96
46.62, 96
46.62, 96
46.62, 96
46.74, 96
46.75, 96
46.96, 96
46.99, 96
46.99, 96
46.99, 96
47.09, 96
47.09, 96
47.10, 96
47.41, 96
47.43, 96
47.45, 96
47.46, 96
47.46, 96
47.47, 96
47.47, 96
47.47, 96
47.63, 96
47.63, 96
47.63, 96
47.64, 96
48.12, 96
48.18, 96
48.19, 96
48.29, 96
48.29, 96
48.31, 96
48.37, 96
48.38, 96
48.38, 96
48.38, 96
48.38, 96
48.42, 96
48.42, 96
48.43, 96
48.57, 96
48.57, 96
48.57, 96
48.69, 96
48.69, 96
48.69, 96
48.71, 96
48.71, 96
48.71, 96
48.79, 96
48.82, 96
48.82, 96
48.87, 96
48.87, 96
48.87, 96
48.88, 96
48.88, 96
49.09, 96
49.27, 96
49.31, 96
49.31, 96
49.35, 96
49.40, 96
49.40, 96
49.40, 96
49.40, 96
49.41, 96
49.41, 96
49.41, 96
49.41, 96
49.63, 96
49.63, 96
49.67, 96
49.67, 96
49.67, 96
49.68, 96
49.68, 96
49.75, 96
49.76, 96
49.76, 96
49.76, 96
49.77, 96
49.77, 96
49.77, 96
49.78, 96
49.80, 96
50.23, 96
50.34, 96
50.36, 96
50.36, 96
50.36, 96
50.37, 96
50.37, 96
50.37, 96
50.47, 96
50.48, 96
50.48, 96
50.49, 96
50.49, 96
50.49, 96
50.50, 96
50.50, 96
50.80, 96
50.80, 96
50.81, 96
50.81, 96
50.81, 96
51.03, 96
51.03, 96
51.03, 96
51.03, 96
51.20, 96
51.20, 96
51.53, 96
51.53, 96
51.53, 96
51.54, 96
51.60, 96
51.60, 96
51.81, 96
51.82, 96
51.82, 96
51.82, 96
51.82, 96
51.82, 96
51.82, 96
51.82, 96
51.83, 96
51.83, 96
51.83, 96
51.83, 96
51.84, 96
51.86, 96
51.87, 96
51.87, 96
51.88, 96
51.88, 96
52.00, 96
52.05, 96
52.05, 96
52.05, 96
52.52, 96
52.58, 96
52.58, 96
52.66, 96
52.68, 96
52.68, 96
52.69, 96
52.69, 96
52.71, 96
52.71, 96
52.72, 96
52.72, 96
52.72, 96
52.72, 96
52.72, 96
52.72, 96
52.73, 96
52.89, 96
53.04, 96
53.04, 96
53.11, 96
53.11, 96
53.11, 96
53.11, 96
53.28, 96
53.65, 96
53.68, 96
53.68, 96
53.69, 96
53.70, 96
54.14, 96
54.14, 96
54.15, 96
54.15, 96
54.19, 96
54.19, 96
54.19, 96
54.19, 96
54.21, 96
54.21, 96
54.21, 96
54.21, 96
54.22, 96
54.22, 96
54.22, 96
54.22, 96
54.23, 96
54.23, 96
54.23, 96
54.35, 96
54.36, 96
54.36, 96
54.36, 96
54.36, 96
54.36, 96
54.36, 96
54.36, 96
54.38, 96
54.51, 96
54.51, 96
54.51, 96
54.55, 96
54.55, 96
54.56, 96
54.74, 96
54.74, 96
54.74, 96
54.75, 96
54.75, 96
54.75, 96
54.77, 96
54.78, 96
55.03, 96
55.03, 96
55.03, 96
55.03, 96
55.03, 96
55.23, 96
55.23, 96
55.23, 96
55.25, 96
55.25, 96
55.25, 96
55.34, 96
55.35, 96
55.36, 96
55.36, 96
55.36, 96
55.37, 96
55.42, 96
55.42, 96
55.74, 96
55.74, 96
56.40, 96
56.40, 96
56.44, 96
56.45, 96
56.45, 96
56.45, 96
56.45, 96
56.46, 96
56.59, 96
56.60, 96
56.77, 96
56.77, 96
56.89, 96
56.90, 96
56.90, 96
56.90, 96
56.92, 96
56.92, 96
56.92, 96
56.92, 96
56.93, 96
56.93, 96
56.93, 96
56.93, 96
56.93, 96
56.93, 96
56.93, 96
56.93, 96
56.96, 96
56.96, 96
56.96, 96
56.96, 96
56.96, 96
57.06, 96
57.06, 96
57.06, 96
57.08, 96
57.16, 96
57.16, 96
57.16, 96
57.17, 96
57.17, 96
57.20, 96
57.23, 96
57.23, 96
57.23, 96
57.23, 96
57.24, 96
57.27, 96
57.33, 96
57.33, 96
57.46, 96
57.47, 96
57.47, 96
57.47, 96
57.47, 96
57.47, 96
57.47, 96
57.47, 96
57.47, 96
57.51, 96
57.53, 96
57.53, 96
57.53, 96
57.53, 96
57.54, 96
57.67, 96
57.68, 96
57.91, 96
57.92, 96
57.92, 96
58.09, 96
58.12, 96
58.15, 96
58.15, 96
58.15, 96
58.15, 96
58.15, 96
58.16, 96
58.17, 96
58.17, 96
58.17, 96
58.26, 96
58.27, 96
58.27, 96
58.27, 96
58.27, 96
58.27, 96
58.28, 96
58.28, 96
58.28, 96
58.28, 96
58.28, 96
58.28, 96
58.39, 96
58.41, 96
58.41, 96
58.41, 96
58.41, 96
58.41, 96
58.41, 96
58.41, 96
58.54, 96
58.54, 96
59.04, 96
59.04, 96
59.04, 96
59.05, 96
59.05, 96
59.07, 96
59.07, 96
59.22, 96
59.23, 96
59.23, 96
59.23, 96
59.23, 96
59.23, 96
59.23, 96
59.23, 96
59.26, 96
59.26, 96
59.26, 96
59.26, 96
59.26, 96
59.45, 96
59.51, 96
59.52, 96
59.52, 96
59.52, 96
59.53, 96
59.53, 96
59.53, 96
59.53, 96
59.54, 96
59.54, 96
59.54, 96
59.54, 96
59.67, 96
59.67, 96
59.67, 96
59.67, 96
59.67, 96
59.67, 96
59.67, 96
59.68, 96
59.68, 96
59.68, 96
59.72, 96
59.72, 96
59.72, 96
59.74, 96
59.77, 96
59.81, 96
59.81, 96
59.81, 96
59.81, 96
59.81, 96
59.82, 96
59.84, 96
59.84, 96
59.84, 96
59.85, 96
59.85, 96
60.59, 96
60.59, 96
61.02, 96
61.03, 96
61.03, 96
61.04, 96
61.21, 96
61.22, 96
61.33, 96
61.33, 96
61.36, 96
61.44, 96
61.44, 96
61.47, 96
61.47, 96
61.47, 96
61.47, 96
61.47, 96
61.83, 96
61.83, 96
61.84, 96
61.85, 96
61.85, 96
62.25, 96
62.25, 96
62.26, 96
62.58, 96
62.60, 96
62.60, 96
62.60, 96
62.74, 96
62.99, 96
63.06, 96
63.07, 96
63.07, 96
63.07, 96
63.07, 96
63.08, 96
63.08, 96
63.08, 96
63.08, 96
63.17, 96
63.17, 96
63.18, 96
63.18, 96
63.19, 96
63.19, 96
63.20, 96
63.20, 96
63.20, 96
63.20, 96
63.25, 96
63.28, 96
63.29, 96
63.29, 96
63.29, 96
63.98, 96
64.27, 96
64.27, 96
64.29, 96
64.30, 96
64.30, 96
64.32, 96
64.56, 96
64.56, 96
64.56, 96
64.56, 96
64.56, 96
64.61, 96
64.61, 96
64.61, 96
64.64, 96
64.65, 96
64.65, 96
64.65, 96
64.66, 96
64.66, 96
64.66, 96
64.68, 96
64.75, 96
64.75, 96
64.86, 96
64.86, 96
64.87, 96
64.87, 96
64.87, 96
64.87, 96
64.87, 96
64.94, 96
64.98, 96
64.99, 96
64.99, 96
64.99, 96
64.99, 96
65.24, 96
65.24, 96
65.59, 96
65.60, 96
65.65, 96
65.65, 96
65.65, 96
65.66, 96
65.66, 96
65.66, 96
65.66, 96
65.66, 96
65.66, 96
65.66, 96
65.67, 96
65.67, 96
65.67, 96
65.67, 96
65.67, 96
65.67, 96
65.67, 96
65.68, 96
65.68, 96
65.68, 96
65.69, 96
65.69, 96
65.69, 96
65.70, 96
65.72, 96
65.72, 96
65.72, 96
65.73, 96
65.73, 96
65.73, 96
65.77, 96
65.77, 96
65.77, 96
65.86, 96
65.86, 96
65.86, 96
65.86, 96
65.86, 96
65.86, 96
65.87, 96
65.87, 96
66.04, 96
66.05, 96
66.05, 96
66.23, 96
66.26, 96
66.38, 96
66.38, 96
66.39, 96
66.40, 96
66.40, 96
66.49, 96
66.49, 96
66.49, 96
66.49, 96
66.50, 96
66.50, 96
66.50, 96
66.50, 96
66.55, 96
66.55, 96
66.55, 96
66.56, 96
66.56, 96
66.57, 96
66.57, 96
66.57, 96
66.57, 96
66.57, 96
66.65, 96
66.65, 96
66.65, 96
66.65, 96
66.66, 96
66.66, 96
66.66, 96
66.66, 96
66.66, 96
66.66, 96
66.73, 96
66.74, 96
66.74, 96
66.75, 96
66.75, 96
66.77, 96
66.79, 96
66.81, 96
66.81, 96
66.81, 96
66.81, 96
66.81, 96
66.81, 96
66.82, 96
66.82, 96
67.07, 96
67.08, 96
67.11, 96
67.11, 96
67.11, 96
67.12, 96
67.12, 96
67.12, 96
67.12, 96
67.12, 96
67.12, 96
67.12, 96
67.12, 96
67.12, 96
67.16, 96
67.16, 96
67.16, 96
67.20, 96
67.20, 96
67.21, 96
67.21, 96
67.21, 96
67.23, 96
67.24, 96
67.24, 96
67.24, 96
67.24, 96
67.24, 96
67.24, 96
67.24, 96
67.24, 96
67.25, 96
67.25, 96
67.25, 96
67.28, 96
67.28, 96
67.29, 96
67.34, 96
67.45, 96
67.46, 96
67.46, 96
67.53, 96
67.54, 96
67.54, 96
67.54, 96
67.54, 96
67.55, 96
67.55, 96
67.70, 96
67.70, 96
67.72, 96
67.74, 96
67.74, 96
67.74, 96
67.75, 96
67.75, 96
67.75, 96
67.77, 96
67.77, 96
67.77, 96
68.06, 96
68.06, 96
68.08, 96
68.12, 96
68.12, 96
68.12, 96
68.12, 96
68.13, 96
68.19, 96
68.19, 96
68.19, 96
68.19, 96
68.19, 96
68.19, 96
68.37, 96
68.37, 96
68.37, 96
68.37, 96
68.38, 96
68.38, 96
68.38, 96
68.39, 96
68.39, 96
68.39, 96
68.39, 96
68.39, 96
68.40, 96
68.41, 96
68.41, 96
68.41, 96
68.41, 96
68.41, 96
68.44, 96
68.44, 96
68.48, 96
68.48, 96
68.49, 96
68.49, 96
68.94, 96
69.16, 96
69.17, 96
69.17, 96
69.17, 96
69.17, 96
69.17, 96
69.17, 96
69.39, 96
69.40, 96
69.40, 96
69.40, 96
69.56, 96
69.56, 96
69.56, 96
69.57, 96
69.57, 96
69.57, 96
69.57, 96
69.57, 96
69.58, 96
69.58, 96
69.58, 96
69.58, 96
69.58, 96
69.59, 96
69.59, 96
69.62, 96
69.62, 96
69.63, 96
69.70, 96
69.70, 96
69.79, 96
70.01, 96
70.01, 96
70.01, 96
70.01, 96
70.16, 96
70.34, 96
70.34, 96
70.34, 96
70.34, 96
70.34, 96
70.53, 96
70.53, 96
70.55, 96
70.57, 96
70.67, 96
70.67, 96
70.67, 96
70.67, 96
70.67, 96
70.68, 96
70.70, 96
70.70, 96
70.70, 96
70.70, 96
70.70, 96
70.71, 96
70.71, 96
70.71, 96
70.71, 96
70.86, 96
70.86, 96
70.86, 96
70.99, 96
71.53, 96
71.53, 96
71.54, 96
71.58, 96
71.58, 96
71.59, 96
71.67, 96
71.68, 96
71.72, 96
71.73, 96
71.85, 96
71.85, 96
71.85, 96
72.02, 96
72.16, 96
72.16, 96
72.16, 96
72.16, 96
72.20, 96
72.22, 96
72.22, 96
72.22, 96
72.22, 96
72.24, 96
72.44, 96
72.44, 96
72.44, 96
72.45, 96
72.45, 96
72.45, 96
72.45, 96
72.45, 96
72.46, 96
72.46, 96
72.46, 96
72.46, 96
72.46, 96
72.46, 96
72.47, 96
72.49, 96
72.49, 96
72.49, 96
72.49, 96
72.50, 96
72.50, 96
72.58, 96
72.59, 96
72.59, 96
72.59, 96
72.60, 96
72.60, 96
72.60, 96
72.67, 96
72.67, 96
72.67, 96
72.67, 96
72.67, 96
72.67, 96
72.67, 96
72.68, 96
72.68, 96
72.68, 96
72.68, 96
72.68, 96
72.68, 96
72.69, 96
72.69, 96
72.92, 96
72.92, 96
72.95, 96
72.96, 96
72.96, 96
72.96, 96
72.96, 96
72.96, 96
72.96, 96
72.97, 96
72.97, 96
72.97, 96
72.97, 96
72.97, 96
72.97, 96
72.97, 96
72.97, 96
73.29, 96
73.51, 96
73.51, 96
73.51, 96
73.51, 96
73.51, 96
73.52, 96
73.52, 96
73.52, 96
73.52, 96
73.84, 96
73.84, 96
73.84, 96
73.89, 96
73.95, 96
73.95, 96
73.95, 96
73.95, 96
73.95, 96
73.99, 96
73.99, 96
74.08, 96
74.45, 96
74.51, 96
74.51, 96
74.51, 96
74.51, 96
74.51, 96
74.52, 96
74.52, 96
74.52, 96
74.53, 96
74.54, 96
74.54, 96
74.68, 96
74.68, 96
74.69, 96
74.71, 96
74.72, 96
74.79, 96
74.79, 96
74.80, 96
74.80, 96
74.81, 96
74.81, 96
74.82, 96
74.82, 96
74.82, 96
74.95, 96
74.95, 96
74.95, 96
74.96, 96
74.96, 96
74.97, 96
74.97, 96
74.98, 96
74.98, 96
74.98, 96
74.98, 96
74.98, 96
74.98, 96
75.02, 96
75.03, 96
75.03, 96
75.04, 96
75.04, 96
75.04, 96
75.14, 96
75.14, 96
75.19, 96
75.38, 96
75.38, 96
75.38, 96
75.39, 96
75.39, 96
75.39, 96
75.39, 96
75.39, 96
75.40, 96
75.42, 96
75.69, 96
75.70, 96
75.70, 96
75.70, 96
75.70, 96
75.70, 96
75.72, 96
75.72, 96
75.73, 96
75.73, 96
75.73, 96
75.73, 96
75.73, 96
75.73, 96
75.73, 96
75.73, 96
75.73, 96
75.74, 96
75.74, 96
75.74, 96
75.75, 96
75.77, 96
75.79, 96
75.79, 96
75.79, 96
75.79, 96
75.88, 96
76.04, 96
76.04, 96
76.04, 96
76.05, 96
76.05, 96
76.05, 96
76.06, 96
76.06, 96
76.11, 96
76.11, 96
76.11, 96
76.34, 96
76.40, 96
76.55, 96
76.55, 96
76.55, 96
76.57, 96
76.70, 96
76.70, 96
76.74, 96
76.74, 96
76.74, 96
77.51, 96
77.51, 96
77.51, 96
77.51, 96
77.56, 96
77.73, 96
77.73, 96
77.73, 96
77.74, 96
77.79, 96
77.79, 96
77.80, 96
77.80, 96
77.80, 96
77.80, 96
77.85, 96
77.85, 96
77.87, 96
77.89, 96
77.89, 96
77.89, 96
77.89, 96
77.90, 96
77.91, 96
77.92, 96
78.12, 96
78.12, 96
78.12, 96
78.12, 96
78.21, 96
78.21, 96
78.21, 96
78.21, 96
78.28, 96
78.52, 96
78.53, 96
78.54, 96
78.54, 96
78.54, 96
78.54, 96
78.57, 96
78.57, 96
78.60, 96
78.60, 96
78.62, 96
78.82, 96
78.83, 96
78.83, 96
78.84, 96
78.84, 96
78.84, 96
78.86, 96
78.86, 96
79.15, 96
79.15, 96
79.16, 96
79.17, 96
79.20, 96
79.23, 96
79.41, 96
79.41, 96
79.41, 96
79.41, 96
79.41, 96
79.57, 96
79.77, 96
79.77, 96
79.78, 96
79.78, 96
79.78, 96
79.78, 96
79.78, 96
79.78, 96
79.84, 96
79.84, 96
79.84, 96
79.84, 96
79.84, 96
79.86, 96
80.35, 96
80.35, 96
80.35, 96
80.37, 96
80.37, 96
80.37, 96
80.37, 96
80.38, 96
80.38, 96
80.38, 96
80.38, 96
80.38, 96
80.38, 96
80.38, 96
80.38, 96
80.38, 96
80.38, 96
80.40, 96
80.40, 96
80.40, 96
80.40, 96
80.54, 96
80.54, 96
80.56, 96
80.56, 96
80.56, 96
80.81, 96
80.81, 96
80.81, 96
80.82, 96
80.82, 96
80.84, 96
80.84, 96
80.89, 96
80.90, 96
80.91, 96
80.91, 96
80.91, 96
80.91, 96
80.91, 96
80.92, 96
80.92, 96
80.92, 96
81.03, 96
81.03, 96
81.05, 96
81.07, 96
81.14, 96
81.15, 96
81.15, 96
81.15, 96
81.15, 96
81.15, 96
81.15, 96
81.16, 96
81.16, 96
81.16, 96
81.16, 96
81.16, 96
81.16, 96
81.18, 96
81.18, 96
81.18, 96
81.18, 96
81.19, 96
81.51, 96
82.18, 96
82.25, 96
82.25, 96
82.50, 96
82.50, 96
82.63, 96
82.64, 96
83.07, 96
83.07, 96
83.07, 96
83.07, 96
83.07, 96
83.07, 96
83.07, 96
83.08, 96
83.15, 96
83.15, 96
83.15, 96
83.15, 96
83.15, 96
83.15, 96
83.16, 96
83.16, 96
83.18, 96
83.18, 96
83.18, 96
83.18, 96
83.18, 96
83.19, 96
83.21, 96
83.22, 96
83.22, 96
83.22, 96
83.23, 96
83.23, 96
83.24, 96
83.24, 96
83.24, 96
83.24, 96
83.24, 96
83.28, 96
83.28, 96
83.28, 96
83.29, 96
83.30, 96
83.42, 96
83.57, 96
83.57, 96
83.57, 96
83.57, 96
83.70, 96
83.72, 96
83.73, 96
83.76, 96
83.77, 96
83.77, 96
83.77, 96
83.77, 96
83.77, 96
83.77, 96
83.77, 96
83.82, 96
83.86, 96
83.86, 96
83.86, 96
83.88, 96
83.89, 96
83.89, 96
84.15, 96
84.15, 96
84.15, 96
84.15, 96
84.15, 96
84.24, 96
84.24, 96
84.40, 96
84.40, 96
84.40, 96
84.40, 96
84.42, 96
84.42, 96
84.43, 96
84.43, 96
84.46, 96
84.46, 96
84.46, 96
84.46, 96
84.46, 96
84.47, 96
84.47, 96
84.53, 96
84.54, 96
84.54, 96
84.54, 96
84.54, 96
84.55, 96
84.57, 96
84.57, 96
84.57, 96
84.57, 96
85.32, 96
85.32, 96
85.32, 96
85.35, 96
85.35, 96
85.36, 96
85.36, 96
85.36, 96
85.36, 96
85.36, 96
85.36, 96
85.37, 96
85.37, 96
85.46, 96
85.83, 96
85.83, 96
85.88, 96
85.89, 96
85.90, 96
85.90, 96
85.90, 96
85.90, 96
85.90, 96
85.90, 96
86.02, 96
86.02, 96
86.02, 96
86.02, 96
86.02, 96
86.02, 96
86.04, 96
86.04, 96
86.04, 96
86.04, 96
86.05, 96
86.05, 96
86.05, 96
86.05, 96
86.05, 96
86.05, 96
86.07, 96
86.07, 96
86.07, 96
86.07, 96
86.07, 96
86.07, 96
86.07, 96
86.17, 96
86.26, 96
86.26, 96
86.26, 96
86.27, 96
86.27, 96
86.27, 96
86.27, 96
86.39, 96
86.39, 96
86.39, 96
86.39, 96
86.39, 96
86.39, 96
86.39, 96
86.39, 96
86.41, 96
86.55, 96
86.55, 96
86.55, 96
86.55, 96
86.55, 96
86.70, 96
86.70, 96
86.70, 96
86.71, 96
86.71, 96
86.72, 96
86.73, 96
86.73, 96
86.73, 96
86.73, 96
86.80, 96
86.80, 96
86.80, 96
86.81, 96
86.81, 96
86.81, 96
86.81, 96
86.81, 96
86.82, 96
86.83, 96
86.83, 96
86.84, 96
86.87, 96
86.87, 96
86.87, 96
86.88, 96
86.88, 96
86.88, 96
86.88, 96
86.91, 96
86.91, 96
86.91, 96
86.91, 96
86.91, 96
86.91, 96
87.05, 96
87.05, 96
87.05, 96
87.08, 96
87.11, 96
87.12, 96
87.12, 96
87.12, 96
87.12, 96
87.12, 96
87.19, 96
87.19, 96
87.19, 96
87.20, 96
87.81, 96
87.81, 96
87.81, 96
87.81, 96
87.83, 96
87.83, 96
87.92, 96
87.93, 96
87.93, 96
88.06, 96
88.28, 96
88.89, 96
88.89, 96
89.53, 96
89.67, 96
89.67, 96
89.67, 96
89.81, 96
89.93, 96
89.93, 96
89.93, 96
89.96, 96
89.96, 96
89.96, 96
89.96, 96
89.96, 96
90.36, 96
90.36, 96
90.36, 96
90.46, 96
90.46, 96
90.46, 96
90.48, 96
90.49, 96
90.49, 96
90.49, 96
90.49, 96
91.05, 96
91.05, 96
91.05, 96
91.06, 96
91.06, 96
91.06, 96
91.06, 96
91.07, 96
91.07, 96
91.07, 96
91.10, 96
91.13, 96
91.13, 96
91.14, 96
91.14, 96
91.14, 96
91.14, 96
91.14, 96
91.14, 96
91.14, 96
91.14, 96
91.14, 96
91.15, 96
91.15, 96
91.16, 96
91.16, 96
91.17, 96
91.17, 96
91.19, 96
91.20, 96
91.20, 96
91.20, 96
91.20, 96
91.39, 96
91.39, 96
91.39, 96
91.40, 96
91.42, 96
91.42, 96
91.42, 96
91.42, 96
91.42, 96
91.71, 96
91.85, 96
91.85, 96
91.85, 96
91.85, 96
91.86, 96
91.86, 96
91.86, 96
91.86, 96
91.86, 96
91.86, 96
91.92, 96
91.92, 96
91.92, 96
91.92, 96
91.92, 96
91.96, 96
92.29, 96
92.29, 96
92.29, 96
92.30, 96
92.30, 96
92.30, 96
92.30, 96
92.30, 96
92.37, 96
92.59, 96
92.59, 96
92.68, 96
92.68, 96
92.68, 96
92.71, 96
92.71, 96
92.71, 96
92.72, 96
92.72, 96
92.73, 96
92.77, 96
92.77, 96
92.77, 96
92.77, 96
92.77, 96
93.00, 96
93.00, 96
93.00, 96
93.00, 96
93.43, 96
93.43, 96
93.43, 96
93.79, 96
93.79, 96
93.80, 96
93.80, 96
93.80, 96
93.82, 96
93.83, 96
93.84, 96
93.84, 96
93.84, 96
93.84, 96
93.86, 96
93.86, 96
93.86, 96
93.86, 96
94.03, 96
94.07, 96
94.07, 96
94.07, 96
94.07, 96
94.07, 96
94.07, 96
94.23, 96
94.25, 96
94.27, 96
94.27, 96
94.28, 96
94.28, 96
94.28, 96
94.29, 96
94.64, 96
94.64, 96
94.68, 96
94.68, 96
94.68, 96
94.68, 96
94.69, 96
94.69, 96
95.03, 96
95.03, 96
95.03, 96
95.05, 96
95.06, 96
95.06, 96
95.09, 96
95.09, 96
95.09, 96
95.09, 96
95.09, 96
95.09, 96
95.09, 96
95.09, 96
95.14, 96
95.15, 96
95.15, 96
95.15, 96
95.15, 96
95.15, 96
95.15, 96
95.17, 96
95.17, 96
95.18, 96
95.24, 96
95.24, 96
95.24, 96
95.24, 96
95.24, 96
95.25, 96
95.25, 96
95.25, 96
95.25, 96
95.25, 96
95.25, 96
95.33, 96
95.33, 96
95.33, 96
95.36, 96
95.36, 96
95.36, 96
95.36, 96
95.39, 96
95.39, 96
95.39, 96
95.39, 96
95.39, 96
95.39, 96
95.39, 96
95.40, 96
95.40, 96
95.40, 96
95.40, 96
95.47, 96
95.47, 96
95.51, 96
95.51, 96
95.58, 96
95.58, 96
95.75, 96
95.75, 96
95.75, 96
95.75, 96
95.81, 96
95.81, 96
95.87, 96
95.87, 96
95.87, 96
95.87, 96
95.89, 96
95.89, 96
95.89, 96
95.89, 96
95.89, 96
95.91, 96
95.93, 96
95.94, 96
95.94, 96
96.03, 96
96.04, 96
96.05, 96
96.05, 96
96.05, 96
96.06, 96
96.06, 96
96.06, 96
96.06, 96
96.07, 96
96.07, 96
96.08, 96
96.12, 96
96.12, 96
96.12, 96
96.12, 96
96.12, 96
96.12, 96
96.19, 96
96.19, 96
96.19, 96
96.19, 96
96.19, 96
96.19, 96
96.25, 96
96.45, 96
96.45, 96
96.45, 96
96.58, 96
96.58, 96
96.58, 96
96.61, 96
96.80, 96
96.80, 96
96.80, 96
96.80, 96
96.81, 96
96.82, 96
97.15, 96
97.15, 96
97.15, 96
97.15, 96
97.15, 96
97.16, 96
97.22, 96
97.22, 96
97.22, 96
97.22, 96
97.22, 96
97.22, 96
97.22, 96
97.33, 96
97.33, 96
97.33, 96
97.38, 96
97.38, 96
97.38, 96
97.38, 96
97.68, 96
97.68, 96
97.98, 96
97.98, 96
97.99, 96
97.99, 96
97.99, 96
98.00, 96
98.11, 96
98.12, 96
98.12, 96
98.19, 96
98.19, 96
98.19, 96
98.19, 96
98.19, 96
98.19, 96
98.19, 96
98.19, 96
98.20, 96
98.20, 96
98.20, 96
98.20, 96
98.20, 96
98.22, 96
98.22, 96
98.22, 96
98.22, 96
98.22, 96
98.22, 96
98.36, 96
98.36, 96
98.36, 96
98.36, 96
98.36, 96
98.36, 96
98.37, 96
98.37, 96
98.38, 96
98.38, 96
98.39, 96
98.39, 96
98.40, 96
98.40, 96
98.41, 96
98.41, 96
98.41, 96
98.45, 96
98.45, 96
98.50, 96
98.50, 96
98.50, 96
98.73, 96
98.87, 96
98.87, 96
98.87, 96
98.87, 96
98.87, 96
98.95, 96
99.11, 96
99.34, 96
99.34, 96
99.34, 96
99.36, 96
99.36, 96
99.36, 96
99.36, 96
99.36, 96
99.51, 96
99.51, 96
99.51, 96
99.51, 96
99.51, 96
99.51, 96
99.52, 96
99.52, 96
99.52, 96
99.61, 96
99.61, 96
99.69, 96
99.69, 96
99.69, 96
99.69, 96
99.70, 96
99.79, 96
99.79, 96
99.79, 96
99.80, 96
99.94, 96
99.96, 96
99.98, 96
99.98, 96
100.32, 96
100.32, 96
100.33, 96
100.34, 96
100.34, 96
100.34, 96
100.41, 96
100.41, 96
100.41, 96
100.42, 96
100.53, 96
100.53, 96
100.53, 96
100.53, 96
100.53, 96
100.54, 96
100.54, 96
100.55, 96
100.55, 96
100.57, 96
100.57, 96
100.57, 96
100.58, 96
100.58, 96
100.58, 96
100.58, 96
100.58, 96
100.58, 96
100.58, 96
100.58, 96
100.59, 96
100.59, 96
100.59, 96
100.67, 96
100.67, 96
100.67, 96
100.67, 96
100.67, 96
100.67, 96
100.67, 96
100.68, 96
100.68, 96
100.68, 96
100.68, 96
100.68, 96
100.68, 96
100.68, 96
100.69, 96
100.69, 96
100.69, 96
100.70, 96
100.70, 96
100.94, 96
100.94, 96
100.94, 96
100.95, 96
100.95, 96
100.95, 96
100.96, 96
100.96, 96
100.96, 96
100.96, 96
100.96, 96
100.96, 96
100.96, 96
100.96, 96
100.96, 96
100.97, 96
100.97, 96
100.97, 96
100.97, 96
101.14, 96
101.18, 96
101.30, 96
101.30, 96
101.30, 96
101.32, 96
101.69, 96
101.69, 96
101.69, 96
101.73, 96
101.73, 96
101.76, 96
101.83, 96
101.83, 96
101.83, 96
101.83, 96
101.83, 96
101.92, 96
101.98, 96
101.99, 96
102.13, 96
102.13, 96
102.13, 96
102.25, 96
102.30, 96
102.33, 96
102.33, 96
102.34, 96
102.34, 96
102.34, 96
102.34, 96
102.35, 96
102.35, 96
102.35, 96
102.35, 96
102.37, 96
102.37, 96
102.37, 96
102.38, 96
102.38, 96
102.38, 96
102.61, 96
102.62, 96
102.62, 96
102.62, 96
102.63, 96
102.63, 96
102.63, 96
102.63, 96
102.63, 96
102.65, 96
102.66, 96
102.66, 96
102.66, 96
102.67, 96
102.67, 96
102.68, 96
102.68, 96
102.68, 96
102.68, 96
102.68, 96
102.68, 96
102.72, 96
102.74, 96
102.75, 96
102.75, 96
102.75, 96
102.75, 96
102.75, 96
102.75, 96
102.78, 96
102.78, 96
102.78, 96
102.78, 96
102.79, 96
102.79, 96
102.79, 96
102.79, 96
102.80, 96
102.80, 96
102.80, 96
102.80, 96
102.82, 96
102.82, 96
102.82, 96
102.82, 96
102.82, 96
102.82, 96
102.82, 96
102.84, 96
102.84, 96
102.84, 96
102.84, 96
102.85, 96
102.85, 96
102.86, 96
102.86, 96
102.87, 96
102.87, 96
102.98, 96
102.98, 96
102.98, 96
102.98, 96
102.98, 96
103.02, 96
103.03, 96
103.03, 96
103.03, 96
103.04, 96
103.04, 96
103.04, 96
103.04, 96
103.04, 96
103.18, 96
103.18, 96
103.54, 96
103.54, 96
103.54, 96
103.54, 96
103.54, 96
103.54, 96
103.54, 96
103.54, 96
103.55, 96
103.56, 96
103.56, 96
103.56, 96
103.57, 96
103.57, 96
103.58, 96
103.58, 96
103.58, 96
103.58, 96
103.59, 96
103.59, 96
103.59, 96
103.69, 96
103.69, 96
103.69, 96
103.70, 96
103.70, 96
103.70, 96
103.70, 96
103.70, 96
103.70, 96
103.70, 96
103.70, 96
103.95, 96
103.95, 96
103.95, 96
103.96, 96
103.96, 96
104.03, 96
104.03, 96
104.03, 96
104.14, 96
104.24, 96
104.24, 96
104.24, 96
104.24, 96
104.24, 96
104.25, 96
104.32, 96
104.34, 96
104.35, 96
104.35, 96
104.35, 96
104.35, 96
104.36, 96
104.36, 96
104.36, 96
104.36, 96
104.36, 96
104.70, 96
104.70, 96
104.72, 96
104.74, 96
104.87, 96
104.87, 96
104.87, 96
104.87, 96
104.88, 96
104.89, 96
104.89, 96
104.89, 96
104.89, 96
104.89, 96
104.91, 96
104.92, 96
104.92, 96
104.92, 96
104.92, 96
104.93, 96
104.93, 96
104.94, 96
104.94, 96
104.96, 96
105.41, 96
105.41, 96
105.46, 96
105.46, 96
105.46, 96
105.47, 96
105.47, 96
105.56, 96
105.60, 96
105.60, 96
105.82, 96
105.82, 96
105.82, 96
106.05, 96
106.05, 96
106.05, 96
106.05, 96
106.14, 96
106.14, 96
106.14, 96
106.31, 96
106.31, 96
106.31, 96
106.32, 96
106.32, 96
106.32, 96
106.32, 96
106.32, 96
106.32, 96
106.46, 96
106.48, 96
106.49, 96
106.50, 96
106.50, 96
106.54, 96
106.54, 96
106.54, 96
106.55, 96
106.55, 96
106.55, 96
106.57, 96
106.57, 96
106.57, 96
106.58, 96
106.58, 96
106.58, 96
106.59, 96
106.59, 96
106.72, 96
106.72, 96
106.72, 96
106.81, 96
106.85, 96
106.85, 96
106.92, 96
106.92, 96
106.92, 96
107.08, 96
107.08, 96
107.08, 96
107.19, 96
107.19, 96
107.19, 96
107.31, 96
107.32, 96
107.41, 96
107.41, 96
107.52, 96
107.60, 96
107.60, 96
107.98, 96
107.98, 96
108.15, 96
108.15, 96
108.15, 96
108.16, 96
108.16, 96
108.16, 96
108.16, 96
108.22, 96
108.22, 96
108.22, 96
108.23, 96
108.23, 96
108.27, 96
108.47, 96
108.47, 96
108.47, 96
108.47, 96
108.47, 96
108.52, 96
108.52, 96
108.52, 96
108.52, 96
108.57, 96
108.57, 96
108.57, 96
108.62, 96
108.96, 96
109.02, 96
109.03, 96
109.04, 96
109.04, 96
109.04, 96
109.04, 96
109.04, 96
109.04, 96
109.09, 96
109.09, 96
109.10, 96
109.10, 96
109.14, 96
109.14, 96
109.14, 96
109.14, 96
109.14, 96
109.14, 96
109.14, 96
109.22, 96
109.22, 96
109.24, 96
109.26, 96
109.26, 96
109.42, 96
109.43, 96
109.44, 96
109.44, 96
109.44, 96
109.44, 96
109.56, 96
109.67, 96
109.67, 96
109.67, 96
109.68, 96
109.68, 96
109.75, 96
109.75, 96
109.75, 96
109.75, 96
109.75, 96
109.76, 96
109.76, 96
109.77, 96
109.77, 96
109.78, 96
109.78, 96
109.87, 96
109.95, 96
110.08, 96
110.08, 96
110.25, 96
110.29, 96
110.29, 96
110.30, 96
110.30, 96
110.30, 96
110.30, 96
110.30, 96
110.30, 96
110.30, 96
110.37, 96
110.38, 96
110.38, 96
110.38, 96
110.38, 96
110.38, 96
110.38, 96
110.38, 96
110.38, 96
110.40, 96
110.40, 96
110.40, 96
110.40, 96
110.41, 96
110.41, 96
110.41, 96
110.41, 96
110.41, 96
110.41, 96
110.41, 96
110.41, 96
110.42, 96
110.42, 96
110.42, 96
110.42, 96
110.48, 96
110.52, 96
110.52, 96
110.53, 96
110.55, 96
110.60, 96
110.60, 96
110.62, 96
110.62, 96
110.63, 96
110.72, 96
110.72, 96
110.73, 96
110.73, 96
110.74, 96
110.75, 96
110.75, 96
110.82, 96
110.82, 96
110.82, 96
110.83, 96
110.85, 96
110.85, 96
110.85, 96
110.91, 96
111.13, 96
111.13, 96
111.13, 96
111.13, 96
111.14, 96
111.16, 96
111.16, 96
111.17, 96
111.22, 96
111.22, 96
111.22, 96
111.25, 96
111.25, 96
111.25, 96
111.25, 96
111.62, 96
111.63, 96
111.63, 96
111.63, 96
111.63, 96
111.63, 96
111.64, 96
111.98, 96
111.98, 96
112.05, 96
112.05, 96
112.05, 96
112.05, 96
112.24, 96
112.24, 96
112.24, 96
112.25, 96
112.31, 96
112.32, 96
112.37, 96
112.37, 96
112.37, 96
112.37, 96
112.38, 96
112.38, 96
112.38, 96
112.38, 96
112.38, 96
112.38, 96
112.38, 96
112.38, 96
112.53, 96
112.53, 96
112.53, 96
112.53, 96
112.54, 96
112.54, 96
112.54, 96
112.54, 96
112.54, 96
112.54, 96
112.58, 96
112.58, 96
112.58, 96
112.61, 96
112.61, 96
112.66, 96
112.66, 96
112.66, 96
112.67, 96
112.67, 96
112.67, 96
112.67, 96
112.97, 96
112.97, 96
113.16, 96
113.18, 96
113.22, 96
113.30, 96
113.30, 96
113.30, 96
113.32, 96
113.32, 96
113.32, 96
113.32, 96
113.53, 96
113.53, 96
113.53, 96
113.61, 96
113.61, 96
113.61, 96
113.64, 96
113.69, 96
113.73, 96
113.73, 96
113.73, 96
113.73, 96
114.59, 96
114.64, 96
114.64, 96
114.64, 96
114.90, 96
114.90, 96
114.90, 96
114.95, 96
114.95, 96
115.43, 96
115.44, 96
115.58, 96
115.58, 96
115.58, 96
115.58, 96
115.58, 96
115.58, 96
115.58, 96
115.62, 96
115.64, 96
115.64, 96
115.64, 96
115.65, 96
115.66, 96
115.66, 96
115.75, 96
115.76, 96
115.76, 96
115.92, 96
115.92, 96
115.94, 96
115.95, 96
115.95, 96
115.95, 96
115.95, 96
115.95, 96
115.96, 96
115.97, 96
115.99, 96
116.09, 96
116.09, 96
116.09, 96
116.09, 96
116.12, 96
116.12, 96
116.12, 96
116.12, 96
116.12, 96
116.12, 96
116.12, 96
116.12, 96
116.12, 96
116.13, 96
116.14, 96
116.14, 96
116.14, 96
116.14, 96
116.14, 96
116.14, 96
116.23, 96
116.24, 96
116.24, 96
116.24, 96
116.24, 96
116.24, 96
116.24, 96
116.24, 96
116.24, 96
116.24, 96
116.24, 96
116.25, 96
116.39, 96
116.39, 96
116.39, 96
116.39, 96
116.39, 96
116.39, 96
116.39, 96
116.40, 96
116.40, 96
116.40, 96
116.40, 96
116.41, 96
116.41, 96
116.41, 96
116.41, 96
116.41, 96
116.41, 96
116.41, 96
116.41, 96
116.45, 96
116.46, 96
116.46, 96
116.46, 96
116.47, 96
116.47, 96
116.81, 96
116.81, 96
116.81, 96
117.07, 96
117.08, 96
117.08, 96
117.08, 96
117.08, 96
117.08, 96
117.09, 96
117.09, 96
117.09, 96
117.09, 96
117.09, 96
117.09, 96
117.10, 96
117.14, 96
117.15, 96
117.15, 96
117.15, 96
117.15, 96
117.15, 96
117.15, 96
117.16, 96
117.16, 96
118.35, 96
118.35, 96
118.38, 96
118.38, 96
118.38, 96
118.49, 96
118.49, 96
118.50, 96
118.50, 96
118.74, 96
118.75, 96
118.76, 96
118.76, 96
118.76, 96
118.81, 96
118.81, 96
119.03, 96
119.03, 96
119.03, 96
119.03, 96
119.04, 96
119.04, 96
119.04, 96
119.04, 96
119.04, 96
119.60, 96
119.61, 96
119.61, 96
119.61, 96
119.61, 96
119.61, 96
119.61, 96
119.61, 96
119.61, 96
119.61, 96
119.61, 96
119.62, 96
119.62, 96
119.63, 96
119.63, 96
119.67, 96
119.67, 96
119.69, 96
119.69, 96
119.92, 96
119.92, 96
119.92, 96
119.92, 96
119.92, 96
119.92, 96
119.92, 96
119.97, 96
119.97, 96
119.97, 96
119.97, 96
119.97, 96
119.98, 96
120.00, 96
