0.01, 102
0.01, 100
0.01, 99
0.02, 99
0.02, 99
0.02, 99
0.02, 99
0.02, 98
0.02, 98
0.02, 98
0.02, 98
0.02, 98
0.03, 98
0.03, 98
0.04, 98
0.05, 98
0.05, 98
0.05, 98
0.05, 98
0.05, 97
0.05, 97
0.05, 97
0.07, 97
0.07, 97
0.07, 97
0.08, 97
0.08, 97
0.08, 97
0.08, 97
0.08, 97
0.09, 97
0.09, 97
0.09, 97
0.09, 97
0.09, 97
0.09, 97
0.10, 97
0.10, 97
0.10, 97
0.10, 97
0.10, 97
0.11, 97
0.12, 97
0.12, 97
0.12, 97
0.12, 97
0.13, 97
0.13, 97
0.13, 97
0.13, 97
0.19, 97
0.19, 97
0.21, 97
0.21, 97
0.21, 97
0.22, 97
0.22, 97
0.22, 97
0.22, 97
0.23, 97
0.25, 97
0.26, 97
0.26, 97
0.26, 97
0.27, 97
0.27, 97
0.27, 97
0.27, 97
0.27, 97
0.27, 97
0.28, 97
0.28, 97
0.30, 97
0.31, 97
0.31, 97
0.32, 97
0.34, 97
0.34, 97
0.34, 97
0.34, 97
0.34, 97
0.34, 97
0.34, 97
0.34, 97
0.35, 97
0.37, 97
0.39, 97
0.39, 97
0.39, 97
0.39, 97
0.39, 97
0.39, 97
0.39, 97
0.39, 97
0.39, 97
0.40, 97
0.40, 97
0.40, 97
0.41, 97
0.41, 96
0.41, 96
0.41, 96
0.41, 96
0.43, 96
0.43, 96
0.46, 96
0.46, 96
0.47, 96
0.49, 96
0.49, 96
0.50, 96
0.52, 96
0.53, 96
0.53, 96
0.53, 96
0.57, 96
0.57, 96
0.57, 96
0.57, 96
0.83, 96
0.83, 96
0.83, 96
0.83, 96
0.83, 96
0.86, 96
0.86, 96
0.86, 96
0.89, 96
0.89, 96
0.92, 96
0.93, 96
0.93, 96
0.93, 96
0.93, 96
0.93, 96
0.93, 96
1.15, 96
1.19, 96
1.19, 96
1.19, 96
1.27, 96
1.27, 96
1.82, 96
1.83, 96
1.83, 96
1.83, 96
1.84, 96
1.86, 96
1.86, 96
1.86, 96
1.86, 96
1.86, 96
1.87, 96
1.89, 96
1.90, 96
1.90, 96
1.90, 96
1.98, 96
1.98, 96
1.98, 96
1.98, 96
1.98, 96
1.98, 96
2.03, 96
2.03, 96
2.03, 96
2.05, 96
2.05, 96
2.08, 96
2.08, 96
2.10, 96
2.10, 96
2.11, 96
2.12, 96
2.12, 96
2.12, 96
2.12, 96
2.12, 96
2.13, 96
2.14, 96
2.14, 96
2.14, 96
2.14, 96
2.54, 96
2.56, 96
2.56, 96
2.56, 96
2.57, 96
2.57, 96
2.57, 96
2.57, 96
3.03, 96
3.03, 96
3.04, 96
3.17, 96
3.17, 96
3.18, 96
3.18, 96
3.18, 96
3.18, 96
3.18, 96
3.37, 96
3.40, 96
3.40, 96
3.40, 96
3.41, 96
3.41, 96
3.41, 96
3.41, 96
3.42, 96
3.42, 96
3.42, 96
3.42, 96
3.42, 96
3.42, 96
3.43, 96
3.43, 96
3.43, 96
3.45, 96
3.45, 96
3.47, 96
3.47, 96
3.47, 96
3.47, 96
3.48, 96
3.48, 96
3.48, 96
3.48, 96
3.48, 96
3.48, 96
3.49, 96
3.49, 96
3.49, 96
3.49, 96
3.50, 96
3.50, 96
3.50, 96
3.53, 96
3.53, 96
3.53, 96
3.53, 96
3.53, 96
3.53, 96
3.55, 96
3.55, 96
3.55, 96
3.55, 96
3.56, 96
3.56, 96
3.56, 96
3.56, 96
3.57, 96
3.57, 96
3.57, 96
3.57, 96
3.57, 96
3.61, 96
3.61, 96
3.61, 96
3.61, 96
3.76, 96
3.76, 96
3.77, 96
3.80, 96
3.81, 96
3.81, 96
3.81, 96
3.81, 96
3.81, 96
3.81, 96
3.82, 96
3.82, 96
3.93, 96
3.93, 96
3.94, 96
3.94, 96
4.00, 96
4.00, 96
4.04, 96
4.04, 96
4.04, 96
4.04, 96
4.04, 96
4.04, 96
4.05, 96
4.05, 96
4.06, 96
4.06, 96
4.18, 96
4.18, 96
4.18, 96
4.18, 96
4.18, 96
4.18, 96
4.19, 96
4.26, 96
4.26, 96
4.26, 96
4.26, 96
4.27, 96
4.27, 96
4.28, 96
4.28, 96
4.28, 96
4.28, 96
4.29, 96
4.29, 96
4.29, 96
4.29, 96
4.29, 96
4.29, 96
4.34, 96
4.34, 96
4.34, 96
4.34, 96
4.34, 96
4.42, 96
4.42, 96
4.42, 96
4.43, 96
4.43, 96
4.43, 96
4.43, 96
4.43, 96
4.43, 96
4.61, 96
4.96, 96
5.06, 96
5.06, 96
5.06, 96
5.06, 96
5.06, 96
5.07, 96
5.08, 96
5.08, 96
5.08, 96
5.08, 96
5.08, 96
5.08, 96
5.09, 96
5.10, 96
5.19, 96
5.19, 96
5.19, 96
5.20, 96
5.20, 96
5.20, 96
5.30, 96
5.30, 96
5.31, 96
5.34, 96
5.34, 96
5.47, 96
5.47, 96
5.47, 96
5.47, 96
5.48, 96
5.50, 96
5.50, 96
5.52, 96
5.55, 96
5.55, 96
5.55, 96
5.56, 96
5.56, 96
5.56, 96
5.56, 96
5.56, 96
5.57, 96
5.57, 96
5.57, 96
5.57, 96
5.60, 96
5.60, 96
5.64, 96
5.64, 96
5.64, 96
5.64, 96
5.64, 96
5.64, 96
5.65, 96
5.69, 96
5.69, 96
5.69, 96
5.69, 96
5.69, 96
5.70, 96
5.73, 96
5.74, 96
5.74, 96
5.74, 96
5.74, 96
5.77, 96
5.77, 96
5.79, 96
5.82, 96
5.82, 96
5.82, 96
5.82, 96
5.82, 96
5.82, 96
5.87, 96
5.87, 96
5.87, 96
5.87, 96
5.88, 96
5.88, 96
5.88, 96
5.88, 96
5.88, 96
5.88, 96
5.88, 96
5.88, 96
5.89, 96
5.91, 96
5.91, 96
5.92, 96
5.92, 96
5.93, 96
5.93, 96
5.93, 96
6.40, 96
6.40, 96
6.40, 96
6.40, 96
6.42, 96
6.42, 96
6.42, 96
6.42, 96
6.44, 96
6.44, 96
6.47, 96
6.47, 96
6.51, 96
6.52, 96
6.53, 96
6.53, 96
6.53, 96
6.53, 96
6.53, 96
6.74, 96
6.74, 96
6.74, 96
6.74, 96
6.75, 96
6.75, 96
6.75, 96
6.76, 96
6.76, 96
6.76, 96
6.76, 96
6.76, 96
6.77, 96
6.77, 96
6.87, 96
6.88, 96
6.88, 96
6.89, 96
6.89, 96
6.89, 96
6.89, 96
6.89, 96
6.90, 96
6.90, 96
6.90, 96
6.90, 96
6.90, 96
6.93, 96
6.93, 96
6.93, 96
6.93, 96
7.03, 96
7.14, 96
7.14, 96
7.14, 96
7.14, 96
7.15, 96
7.30, 96
7.32, 96
7.45, 96
7.45, 96
7.45, 96
7.57, 96
7.57, 96
8.27, 96
8.64, 96
8.71, 96
8.71, 96
9.21, 96
9.36, 96
9.36, 96
9.39, 96
9.39, 96
9.60, 96
9.61, 96
9.89, 96
10.12, 96
10.20, 96
10.20, 96
10.20, 96
10.38, 96
10.40, 96
10.69, 96
10.69, 96
10.94, 96
11.04, 96
11.05, 96
11.11, 96
11.12, 96
11.12, 96
11.17, 96
11.17, 96
11.19, 96
11.19, 96
11.19, 96
11.19, 96
11.20, 96
11.20, 96
11.20, 96
11.21, 96
11.21, 96
11.21, 96
11.21, 96
11.22, 96
11.22, 96
11.22, 96
11.22, 96
11.23, 96
11.26, 96
11.26, 96
11.32, 96
11.33, 96
11.33, 96
11.33, 96
11.33, 96
11.33, 96
11.33, 96
11.34, 96
11.34, 96
11.38, 96
11.44, 96
11.45, 96
11.45, 96
11.45, 96
11.45, 96
11.45, 96
11.52, 96
11.63, 96
11.63, 96
11.63, 96
11.63, 96
11.63, 96
11.64, 96
11.64, 96
11.64, 96
11.64, 96
11.64, 96
11.64, 96
11.66, 96
11.66, 96
11.66, 96
11.68, 96
11.68, 96
11.74, 96
11.75, 96
11.79, 96
11.79, 96
11.80, 96
11.81, 96
11.82, 96
11.82, 96
11.88, 96
11.88, 96
11.88, 96
11.88, 96
11.88, 96
11.88, 96
11.88, 96
11.88, 96
11.88, 96
11.89, 96
11.89, 96
11.89, 96
11.89, 96
12.13, 96
12.13, 96
12.49, 96
12.56, 96
12.57, 96
12.58, 96
12.58, 96
12.63, 96
12.63, 96
12.64, 96
12.65, 96
12.98, 96
12.98, 96
12.98, 96
12.98, 96
13.17, 96
13.17, 96
13.18, 96
13.18, 96
13.18, 96
13.18, 96
13.18, 96
13.18, 96
13.18, 96
13.18, 96
13.18, 96
13.23, 96
13.24, 96
13.24, 96
13.24, 96
13.24, 96
13.24, 96
13.25, 96
13.25, 96
13.25, 96
13.25, 96
13.25, 96
13.25, 96
13.26, 96
13.26, 96
13.26, 96
14.12, 96
14.14, 96
14.14, 96
14.14, 96
14.14, 96
14.14, 96
14.14, 96
14.15, 96
14.15, 96
14.16, 96
14.16, 96
14.16, 96
14.16, 96
14.16, 96
14.28, 96
14.29, 96
14.42, 96
14.42, 96
14.43, 96
14.44, 96
14.49, 96
14.49, 96
14.49, 96
14.49, 96
14.49, 96
14.49, 96
14.49, 96
14.49, 96
14.50, 96
14.50, 96
14.52, 96
14.52, 96
14.52, 96
14.55, 96
14.55, 96
14.55, 96
14.55, 96
14.56, 96
14.57, 96
14.65, 96
14.65, 96
14.66, 96
14.66, 96
14.68, 96
14.68, 96
14.68, 96
14.70, 96
14.70, 96
14.70, 96
15.15, 96
15.15, 96
15.15, 96
15.15, 96
15.15, 96
15.15, 96
15.16, 96
15.16, 96
15.16, 96
15.16, 96
15.17, 96
15.53, 96
15.53, 96
15.53, 96
15.53, 96
15.68, 96
15.68, 96
15.86, 96
15.87, 96
15.87, 96
15.87, 96
15.95, 96
16.15, 96
16.15, 96
16.16, 96
16.16, 96
16.16, 96
16.16, 96
16.16, 96
16.16, 96
16.16, 96
16.17, 96
16.39, 96
16.39, 96
16.39, 96
16.39, 96
16.39, 96
16.39, 96
16.39, 96
16.43, 96
16.43, 96
16.44, 96
16.44, 96
16.44, 96
16.44, 96
16.44, 96
16.44, 96
16.44, 96
16.44, 96
16.44, 96
16.44, 96
16.45, 96
16.53, 96
16.53, 96
16.53, 96
16.56, 96
16.56, 96
16.57, 96
16.57, 96
16.57, 96
16.57, 96
16.57, 96
16.57, 96
16.57, 96
16.57, 96
16.58, 96
16.58, 96
16.81, 96
16.82, 96
16.84, 96
16.84, 96
16.84, 96
16.88, 96
16.88, 96
16.88, 96
16.89, 96
16.89, 96
16.94, 96
16.94, 96
16.94, 96
16.95, 96
17.11, 96
17.11, 96
17.11, 96
17.11, 96
17.11, 96
17.11, 96
17.12, 96
17.12, 96
17.13, 96
17.30, 96
17.34, 96
17.34, 96
17.34, 96
17.37, 96
17.37, 96
17.39, 96
17.67, 96
17.78, 96
17.78, 96
17.78, 96
18.14, 96
18.14, 96
18.27, 96
18.27, 96
18.27, 96
18.27, 96
18.27, 96
18.28, 96
18.28, 96
18.29, 96
18.29, 96
18.29, 96
18.29, 96
18.29, 96
18.55, 96
18.56, 96
18.56, 96
18.56, 96
18.56, 96
18.56, 96
18.56, 96
18.56, 96
18.56, 96
18.61, 96
18.61, 96
18.61, 96
18.61, 96
18.77, 96
18.78, 96
18.78, 96
18.78, 96
18.79, 96
18.79, 96
18.79, 96
18.79, 96
18.79, 96
18.79, 96
18.80, 96
18.80, 96
18.80, 96
18.83, 96
18.89, 96
18.89, 96
18.89, 96
18.89, 96
18.89, 96
18.91, 96
18.92, 96
18.95, 96
18.96, 96
18.97, 96
19.01, 96
19.01, 96
19.07, 96
19.09, 96
19.09, 96
19.10, 96
19.35, 96
19.35, 96
19.49, 96
19.52, 96
19.53, 96
19.53, 96
19.53, 96
19.54, 96
19.54, 96
19.54, 96
19.54, 96
19.54, 96
19.61, 96
19.61, 96
19.63, 96
19.66, 96
19.78, 96
19.78, 96
19.78, 96
19.80, 96
19.80, 96
19.80, 96
19.80, 96
19.80, 96
19.83, 96
19.86, 96
19.86, 96
19.86, 96
19.87, 96
19.93, 96
20.05, 96
20.25, 96
20.25, 96
20.25, 96
20.25, 96
20.25, 96
20.25, 96
20.45, 96
20.45, 96
20.64, 96
20.65, 96
20.65, 96
20.65, 96
20.66, 96
20.77, 96
20.82, 96
20.82, 96
20.84, 96
20.84, 96
20.84, 96
20.84, 96
20.96, 96
20.98, 96
20.98, 96
20.98, 96
21.00, 96
21.01, 96
21.01, 96
21.01, 96
21.01, 96
21.01, 96
21.08, 96
21.15, 96
21.15, 96
21.15, 96
21.15, 96
21.17, 96
21.17, 96
21.17, 96
21.18, 96
21.20, 96
21.20, 96
21.26, 96
21.55, 96
21.69, 96
21.70, 96
21.70, 96
21.70, 96
21.73, 96
21.73, 96
21.73, 96
21.73, 96
21.75, 96
21.75, 96
21.75, 96
21.75, 96
21.79, 96
21.83, 96
22.13, 96
22.14, 96
22.37, 96
22.37, 96
22.38, 96
22.38, 96
22.38, 96
22.39, 96
22.41, 96
22.41, 96
22.41, 96
22.41, 96
22.41, 96
22.41, 96
22.41, 96
22.41, 96
22.41, 96
22.54, 96
22.55, 96
22.66, 96
22.66, 96
22.71, 96
22.71, 96
22.72, 96
22.72, 96
22.72, 96
22.72, 96
22.72, 96
22.73, 96
22.73, 96
23.08, 96
23.09, 96
23.09, 96
23.09, 96
23.09, 96
23.09, 96
23.10, 96
23.10, 96
23.21, 96
23.21, 96
23.21, 96
23.21, 96
23.29, 96
23.29, 96
23.29, 96
23.29, 96
23.29, 96
23.32, 96
23.32, 96
23.32, 96
23.32, 96
23.32, 96
23.33, 96
23.33, 96
23.37, 96
23.37, 96
23.37, 96
23.57, 96
23.57, 96
23.62, 96
23.63, 96
23.64, 96
23.76, 96
24.19, 96
24.19, 96
24.19, 96
24.20, 96
24.20, 96
24.21, 96
24.21, 96
24.25, 96
24.25, 96
24.25, 96
24.25, 96
24.25, 96
24.31, 96
24.31, 96
24.31, 96
24.33, 96
24.51, 96
24.52, 96
24.52, 96
24.52, 96
24.52, 96
24.52, 96
24.52, 96
24.52, 96
24.83, 96
25.08, 96
25.08, 96
25.14, 96
25.14, 96
25.43, 96
25.44, 96
25.44, 96
25.44, 96
25.44, 96
25.44, 96
25.44, 96
25.44, 96
25.44, 96
25.45, 96
25.48, 96
25.49, 96
25.60, 96
25.63, 96
25.64, 96
25.64, 96
25.64, 96
25.65, 96
25.65, 96
25.65, 96
25.65, 96
25.66, 96
25.66, 96
25.66, 96
25.66, 96
25.66, 96
25.66, 96
25.66, 96
25.66, 96
25.67, 96
25.72, 96
25.74, 96
25.74, 96
25.82, 96
25.82, 96
25.83, 96
25.83, 96
25.83, 96
25.85, 96
25.85, 96
25.91, 96
25.91, 96
25.91, 96
25.91, 96
26.28, 96
26.28, 96
26.28, 96
26.28, 96
26.30, 96
26.37, 96
26.37, 96
26.37, 96
26.37, 96
26.37, 96
26.37, 96
26.53, 96
26.54, 96
26.54, 96
26.55, 96
26.55, 96
26.58, 96
26.67, 96
26.67, 96
26.68, 96
26.91, 96
26.91, 96
26.91, 96
26.91, 96
27.03, 96
27.03, 96
27.03, 96
27.04, 96
27.04, 96
27.04, 96
27.13, 96
27.13, 96
27.13, 96
27.13, 96
27.13, 96
27.14, 96
27.14, 96
27.14, 96
27.14, 96
27.14, 96
27.15, 96
27.15, 96
27.16, 96
27.16, 96
27.16, 96
27.16, 96
27.16, 96
27.16, 96
27.16, 96
27.16, 96
27.17, 96
27.18, 96
27.18, 96
27.18, 96
27.20, 96
27.45, 96
27.82, 96
27.82, 96
27.82, 96
27.82, 96
27.83, 96
27.83, 96
27.87, 96
27.87, 96
27.87, 96
27.87, 96
27.87, 96
28.03, 96
28.03, 96
28.03, 96
28.04, 96
28.28, 96
28.28, 96
28.28, 96
28.29, 96
28.30, 96
28.30, 96
28.43, 96
28.73, 96
28.73, 96
28.73, 96
28.75, 96
28.75, 96
28.76, 96
28.76, 96
28.77, 96
28.78, 96
28.78, 96
28.83, 96
28.83, 96
28.84, 96
28.84, 96
28.84, 96
28.85, 96
28.85, 96
28.87, 96
28.87, 96
28.87, 96
28.95, 96
28.95, 96
28.95, 96
28.95, 96
28.95, 96
28.96, 96
29.20, 96
29.21, 96
29.21, 96
29.21, 96
29.36, 96
29.45, 96
29.45, 96
29.46, 96
29.46, 96
29.47, 96
29.47, 96
29.47, 96
29.47, 96
29.47, 96
29.48, 96
29.48, 96
29.48, 96
29.73, 96
29.86, 96
29.86, 96
29.86, 96
29.86, 96
29.87, 96
29.87, 96
29.87, 96
29.87, 96
29.87, 96
29.87, 96
29.94, 96
29.94, 96
29.98, 96
29.98, 96
29.98, 96
29.98, 96
29.99, 96
29.99, 96
29.99, 96
29.99, 96
30.01, 96
30.02, 96
30.02, 96
30.03, 96
30.03, 96
30.15, 96
30.15, 96
30.15, 96
30.15, 96
30.16, 96
30.19, 96
30.19, 96
30.19, 96
30.20, 96
30.20, 96
30.20, 96
30.20, 96
30.27, 96
30.29, 96
30.29, 96
30.29, 96
30.29, 96
30.41, 96
30.41, 96
30.41, 96
30.41, 96
30.88, 96
30.89, 96
30.89, 96
30.89, 96
30.89, 96
30.96, 96
30.96, 96
30.96, 96
30.96, 96
31.04, 96
31.04, 96
31.04, 96
31.06, 96
31.06, 96
31.07, 96
31.11, 96
31.12, 96
31.12, 96
31.12, 96
31.17, 96
31.17, 96
31.17, 96
31.17, 96
31.17, 96
31.18, 96
31.19, 96
31.20, 96
31.21, 96
31.21, 96
31.21, 96
31.21, 96
31.22, 96
31.22, 96
31.22, 96
31.22, 96
31.47, 96
31.48, 96
31.49, 96
31.49, 96
31.49, 96
31.49, 96
31.49, 96
31.49, 96
31.49, 96
31.49, 96
31.52, 96
31.52, 96
31.54, 96
31.54, 96
31.54, 96
31.69, 96
31.69, 96
31.70, 96
32.31, 96
32.36, 96
32.57, 96
32.57, 96
32.57, 96
32.66, 96
32.66, 96
32.66, 96
32.67, 96
32.67, 96
32.67, 96
32.67, 96
33.02, 96
33.02, 96
33.06, 96
33.06, 96
33.07, 96
33.15, 96
33.16, 96
33.16, 96
33.16, 96
33.16, 96
33.17, 96
33.17, 96
33.17, 96
33.17, 96
33.17, 96
33.17, 96
33.17, 96
33.18, 96
33.18, 96
33.18, 96
33.18, 96
33.18, 96
33.27, 96
33.27, 96
33.27, 96
33.28, 96
33.28, 96
33.29, 96
33.29, 96
33.29, 96
33.30, 96
33.30, 96
33.30, 96
33.30, 96
33.34, 96
33.34, 96
33.40, 96
33.40, 96
33.40, 96
33.40, 96
33.40, 96
33.50, 96
33.50, 96
33.50, 96
33.51, 96
33.53, 96
33.53, 96
33.53, 96
33.61, 96
33.61, 96
33.61, 96
33.61, 96
33.61, 96
33.61, 96
33.67, 96
33.67, 96
33.68, 96
33.68, 96
33.68, 96
33.69, 96
33.71, 96
33.71, 96
33.71, 96
33.71, 96
33.71, 96
33.72, 96
33.72, 96
33.75, 96
33.77, 96
33.82, 96
33.84, 96
33.84, 96
33.84, 96
33.84, 96
33.84, 96
33.84, 96
33.84, 96
33.84, 96
33.85, 96
33.85, 96
33.85, 96
33.97, 96
33.97, 96
33.97, 96
34.09, 96
34.09, 96
34.09, 96
34.09, 96
34.11, 96
34.17, 96
34.19, 96
34.19, 96
34.19, 96
34.54, 96
34.56, 96
34.56, 96
34.93, 96
34.94, 96
34.94, 96
34.94, 96
34.94, 96
34.94, 96
35.09, 96
35.10, 96
35.10, 96
35.11, 96
35.11, 96
35.11, 96
35.15, 96
35.16, 96
35.16, 96
35.16, 96
35.18, 96
35.18, 96
35.19, 96
35.20, 96
35.20, 96
35.20, 96
35.59, 96
35.59, 96
35.59, 96
35.59, 96
35.60, 96
35.83, 96
35.83, 96
35.83, 96
36.25, 96
36.25, 96
36.25, 96
36.25, 96
36.25, 96
36.32, 96
36.32, 96
36.36, 96
36.36, 96
36.37, 96
36.37, 96
36.37, 96
36.37, 96
36.37, 96
36.37, 96
36.37, 96
36.37, 96
36.46, 96
36.46, 96
36.51, 96
36.51, 96
36.51, 96
36.52, 96
36.52, 96
36.52, 96
36.58, 96
36.59, 96
36.59, 96
36.59, 96
36.59, 96
36.59, 96
36.59, 96
36.60, 96
36.68, 96
36.69, 96
36.69, 96
36.69, 96
36.69, 96
36.80, 96
36.81, 96
36.81, 96
36.81, 96
36.81, 96
36.81, 96
36.81, 96
36.81, 96
36.81, 96
36.84, 96
36.84, 96
36.84, 96
36.85, 96
36.86, 96
36.86, 96
36.86, 96
36.86, 96
36.86, 96
36.86, 96
36.86, 96
36.87, 96
36.87, 96
36.87, 96
36.90, 96
36.91, 96
36.91, 96
36.91, 96
36.93, 96
36.93, 96
37.13, 96
37.13, 96
37.15, 96
37.15, 96
37.15, 96
37.15, 96
37.27, 96
37.27, 96
37.28, 96
37.29, 96
37.35, 96
37.35, 96
37.36, 96
37.36, 96
37.36, 96
37.37, 96
37.37, 96
37.40, 96
37.41, 96
37.41, 96
37.42, 96
37.42, 96
37.42, 96
37.42, 96
37.42, 96
37.42, 96
37.42, 96
37.42, 96
37.43, 96
37.58, 96
37.58, 96
37.59, 96
37.59, 96
37.59, 96
37.59, 96
37.59, 96
37.59, 96
37.59, 96
37.60, 96
37.60, 96
37.60, 96
37.60, 96
37.60, 96
37.61, 96
37.61, 96
37.81, 96
37.81, 96
37.81, 96
37.85, 96
37.86, 96
37.86, 96
37.89, 96
37.89, 96
38.07, 96
38.07, 96
38.07, 96
38.07, 96
38.07, 96
38.09, 96
38.10, 96
38.10, 96
38.10, 96
38.10, 96
38.10, 96
38.10, 96
38.11, 96
38.11, 96
38.11, 96
38.20, 96
38.20, 96
38.20, 96
38.26, 96
38.26, 96
38.26, 96
38.26, 96
38.26, 96
38.26, 96
38.27, 96
38.27, 96
38.27, 96
38.27, 96
38.27, 96
38.35, 96
38.35, 96
38.35, 96
38.65, 96
38.65, 96
38.65, 96
38.66, 96
38.72, 96
38.72, 96
38.74, 96
38.74, 96
38.78, 96
38.91, 96
38.91, 96
38.91, 96
38.92, 96
38.98, 96
38.98, 96
38.99, 96
39.00, 96
39.00, 96
39.00, 96
39.03, 96
39.03, 96
39.03, 96
39.03, 96
39.03, 96
39.26, 96
39.26, 96
39.26, 96
39.27, 96
39.27, 96
39.27, 96
40.06, 96
40.07, 96
40.22, 96
40.22, 96
40.22, 96
40.22, 96
40.22, 96
40.22, 96
40.23, 96
40.23, 96
40.23, 96
40.40, 96
40.40, 96
40.40, 96
40.40, 96
40.44, 96
40.46, 96
40.46, 96
40.46, 96
40.61, 96
40.61, 96
40.61, 96
40.61, 96
40.61, 96
40.61, 96
40.62, 96
40.62, 96
40.62, 96
40.62, 96
40.62, 96
40.62, 96
40.63, 96
40.63, 96
40.63, 96
40.64, 96
40.64, 96
40.64, 96
40.64, 96
40.65, 96
40.66, 96
40.66, 96
40.66, 96
40.67, 96
40.67, 96
40.75, 96
40.75, 96
40.75, 96
40.76, 96
40.76, 96
40.76, 96
40.84, 96
40.86, 96
40.87, 96
40.87, 96
40.87, 96
40.87, 96
40.87, 96
40.89, 96
41.04, 96
41.18, 96
41.18, 96
41.18, 96
41.24, 96
41.30, 96
41.32, 96
41.35, 96
41.36, 96
41.36, 96
41.36, 96
41.36, 96
41.36, 96
41.36, 96
41.37, 96
41.37, 96
41.38, 96
41.38, 96
41.38, 96
41.39, 96
41.57, 96
41.57, 96
41.57, 96
41.58, 96
41.58, 96
41.62, 96
41.64, 96
41.65, 96
41.65, 96
41.65, 96
41.71, 96
41.71, 96
41.71, 96
41.72, 96
41.72, 96
41.72, 96
41.73, 96
41.73, 96
41.73, 96
41.78, 96
41.90, 96
42.38, 96
42.39, 96
42.39, 96
42.39, 96
42.39, 96
42.39, 96
42.39, 96
42.40, 96
42.40, 96
42.47, 96
42.47, 96
42.47, 96
42.47, 96
42.60, 96
42.60, 96
42.60, 96
42.61, 96
42.61, 96
42.75, 96
42.75, 96
42.82, 96
42.82, 96
42.82, 96
42.82, 96
42.82, 96
42.83, 96
42.83, 96
42.83, 96
42.83, 96
42.84, 96
42.84, 96
42.84, 96
42.84, 96
42.84, 96
42.88, 96
42.89, 96
43.27, 96
43.27, 96
43.27, 96
43.27, 96
43.27, 96
43.27, 96
43.28, 96
43.28, 96
43.28, 96
43.31, 96
43.42, 96
43.55, 96
43.55, 96
43.55, 96
43.55, 96
43.55, 96
43.56, 96
43.56, 96
43.56, 96
43.56, 96
43.56, 96
43.56, 96
43.57, 96
43.57, 96
43.57, 96
43.57, 96
43.57, 96
43.58, 96
43.59, 96
43.59, 96
43.59, 96
43.71, 96
43.71, 96
43.99, 96
44.05, 96
44.05, 96
44.09, 96
44.10, 96
44.10, 96
44.10, 96
44.10, 96
44.46, 96
44.46, 96
44.55, 96
44.55, 96
44.55, 96
44.56, 96
44.58, 96
44.58, 96
44.59, 96
44.59, 96
44.59, 96
44.59, 96
44.74, 96
44.74, 96
44.76, 96
44.80, 96
45.51, 96
45.51, 96
45.51, 96
45.51, 96
45.54, 96
45.54, 96
45.66, 96
45.66, 96
45.66, 96
45.66, 96
45.66, 96
45.79, 96
45.79, 96
45.82, 96
45.82, 96
45.82, 96
45.83, 96
45.83, 96
45.85, 96
45.85, 96
45.85, 96
45.85, 96
45.87, 96
45.87, 96
45.87, 96
45.87, 96
45.87, 96
45.87, 96
46.20, 96
46.20, 96
46.21, 96
46.21, 96
46.21, 96
46.21, 96
46.27, 96
46.28, 96
46.36, 96
46.36, 96
46.36, 96
46.46, 96
46.46, 96
46.47, 96
46.59, 96
46.59, 96
46.79, 96
46.81, 96
46.81, 96
46.81, 96
46.91, 96
46.91, 96
46.92, 96
47.22, 96
47.25, 96
47.26, 96
47.28, 96
47.28, 96
47.28, 96
47.28, 96
47.28, 96
47.43, 96
47.43, 96
47.43, 96
47.44, 96
47.91, 96
47.96, 96
47.97, 96
48.06, 96
48.06, 96
48.09, 96
48.15, 96
48.15, 96
48.15, 96
48.15, 96
48.15, 96
48.19, 96
48.19, 96
48.19, 96
48.32, 96
48.32, 96
48.32, 96
48.43, 96
48.43, 96
48.43, 96
48.45, 96
48.45, 96
48.46, 96
48.53, 96
48.55, 96
48.55, 96
48.60, 96
48.60, 96
48.60, 96
48.60, 96
48.60, 96
48.82, 96
48.99, 96
49.03, 96
49.03, 96
49.07, 96
49.12, 96
49.12, 96
49.12, 96
49.12, 96
49.12, 96
49.12, 96
49.12, 96
49.13, 96
49.34, 96
49.34, 96
49.39, 96
49.39, 96
49.39, 96
49.39, 96
49.39, 96
49.46, 96
49.46, 96
49.46, 96
49.46, 96
49.48, 96
49.48, 96
49.48, 96
49.48, 96
49.51, 96
49.92, 96
50.04, 96
50.05, 96
50.05, 96
50.05, 96
50.06, 96
50.06, 96
50.06, 96
50.18, 96
50.19, 96
50.19, 96
50.19, 96
50.19, 96
50.19, 96
50.20, 96
50.20, 96
50.49, 96
50.49, 96
50.49, 96
50.49, 96
50.50, 96
50.71, 96
50.71, 96
50.71, 96
50.71, 96
50.88, 96
50.88, 96
51.20, 96
51.20, 96
51.20, 96
51.21, 96
51.28, 96
51.28, 96
51.49, 96
51.49, 96
51.49, 96
51.49, 96
51.49, 96
51.49, 96
51.49, 96
51.49, 96
51.50, 96
51.50, 96
51.50, 96
51.50, 96
51.50, 96
51.53, 96
51.54, 96
51.54, 96
51.55, 96
51.55, 96
51.67, 96
51.72, 96
51.72, 96
51.72, 96
52.17, 96
52.22, 96
52.22, 96
52.31, 96
52.33, 96
52.33, 96
52.33, 96
52.33, 96
52.36, 96
52.36, 96
52.36, 96
52.36, 96
52.36, 96
52.37, 96
52.37, 96
52.37, 96
52.37, 96
52.55, 96
52.71, 96
52.72, 96
52.77, 96
52.77, 96
52.77, 96
52.78, 96
52.94, 96
53.31, 96
53.34, 96
53.34, 96
53.35, 96
53.35, 96
53.79, 96
53.79, 96
53.81, 96
53.81, 96
53.85, 96
53.86, 96
53.86, 96
53.86, 96
53.87, 96
53.87, 96
53.87, 96
53.87, 96
53.88, 96
53.88, 96
53.88, 96
53.88, 96
53.88, 96
53.89, 96
53.89, 96
54.00, 96
54.01, 96
54.01, 96
54.01, 96
54.01, 96
54.01, 96
54.01, 96
54.01, 96
54.03, 96
54.16, 96
54.16, 96
54.17, 96
54.20, 96
54.21, 96
54.21, 96
54.39, 96
54.39, 96
54.39, 96
54.39, 96
54.39, 96
54.40, 96
54.42, 96
54.42, 96
54.66, 96
54.66, 96
54.66, 96
54.66, 96
54.66, 96
54.85, 96
54.85, 96
54.85, 96
54.86, 96
54.87, 96
54.87, 96
54.96, 96
54.97, 96
54.99, 96
54.99, 96
54.99, 96
54.99, 96
55.04, 96
55.05, 96
55.35, 96
55.35, 96
55.96, 96
55.96, 96
56.00, 96
56.00, 96
56.00, 96
56.01, 96
56.01, 96
56.01, 96
56.15, 96
56.15, 96
56.33, 96
56.33, 96
56.46, 96
56.46, 96
56.46, 96
56.46, 96
56.49, 96
56.49, 96
56.49, 96
56.49, 96
56.49, 96
56.49, 96
56.49, 96
56.49, 96
56.49, 96
56.50, 96
56.50, 96
56.50, 96
56.52, 96
56.52, 96
56.52, 96
56.52, 96
56.52, 96
56.63, 96
56.63, 96
56.63, 96
56.65, 96
56.73, 96
56.73, 96
56.73, 96
56.75, 96
56.75, 96
56.78, 96
56.81, 96
56.81, 96
56.81, 96
56.82, 96
56.83, 96
56.85, 96
56.92, 96
56.93, 96
57.07, 96
57.07, 96
57.07, 96
57.08, 96
57.08, 96
57.08, 96
57.08, 96
57.08, 96
57.08, 96
57.13, 96
57.15, 96
57.16, 96
57.16, 96
57.16, 96
57.17, 96
57.31, 96
57.32, 96
57.54, 96
57.56, 96
57.56, 96
57.75, 96
57.77, 96
57.80, 96
57.80, 96
57.80, 96
57.80, 96
57.80, 96
57.81, 96
57.81, 96
57.82, 96
57.82, 96
57.91, 96
57.92, 96
57.92, 96
57.92, 96
57.93, 96
57.93, 96
57.93, 96
57.93, 96
57.93, 96
57.93, 96
57.93, 96
57.93, 96
58.05, 96
58.07, 96
58.07, 96
58.07, 96
58.07, 96
58.08, 96
58.08, 96
58.08, 96
58.19, 96
58.20, 96
58.68, 96
58.69, 96
58.69, 96
58.69, 96
58.69, 96
58.71, 96
58.71, 96
58.86, 96
58.87, 96
58.87, 96
58.87, 96
58.87, 96
58.87, 96
58.87, 96
58.87, 96
58.90, 96
58.90, 96
58.90, 96
58.90, 96
58.90, 96
59.09, 96
59.15, 96
59.16, 96
59.16, 96
59.16, 96
59.16, 96
59.16, 96
59.16, 96
59.17, 96
59.17, 96
59.17, 96
59.17, 96
59.17, 96
59.29, 96
59.30, 96
59.30, 96
59.30, 96
59.30, 96
59.30, 96
59.30, 96
59.30, 96
59.30, 96
59.31, 96
59.34, 96
59.34, 96
59.34, 96
59.36, 96
59.40, 96
59.43, 96
59.44, 96
59.44, 96
59.44, 96
59.44, 96
59.44, 96
59.46, 96
59.46, 96
59.47, 96
59.47, 96
59.47, 96
60.21, 96
60.21, 96
60.68, 96
60.68, 96
60.68, 96
60.68, 96
60.87, 96
60.88, 96
61.00, 96
61.00, 96
61.03, 96
61.12, 96
61.12, 96
61.14, 96
61.14, 96
61.15, 96
61.15, 96
61.15, 96
61.52, 96
61.52, 96
61.53, 96
61.53, 96
61.53, 96
61.95, 96
61.95, 96
61.95, 96
62.29, 96
62.31, 96
62.31, 96
62.31, 96
62.44, 96
62.69, 96
62.77, 96
62.77, 96
62.77, 96
62.77, 96
62.77, 96
62.78, 96
62.78, 96
62.78, 96
62.78, 96
62.88, 96
62.88, 96
62.88, 96
62.88, 96
62.89, 96
62.89, 96
62.90, 96
62.90, 96
62.90, 96
62.90, 96
62.96, 96
62.98, 96
62.98, 96
62.98, 96
62.99, 96
63.71, 96
64.01, 96
64.01, 96
64.03, 96
64.04, 96
64.04, 96
64.06, 96
64.31, 96
64.31, 96
64.31, 96
64.31, 96
64.31, 96
64.36, 96
64.36, 96
64.36, 96
64.38, 96
64.39, 96
64.39, 96
64.39, 96
64.40, 96
64.40, 96
64.40, 96
64.42, 96
64.48, 96
64.48, 96
64.58, 96
64.58, 96
64.59, 96
64.59, 96
64.59, 96
64.59, 96
64.60, 96
64.66, 96
64.70, 96
64.70, 96
64.70, 96
64.70, 96
64.70, 96
64.95, 96
64.95, 96
65.29, 96
65.31, 96
65.35, 96
65.36, 96
65.36, 96
65.36, 96
65.36, 96
65.36, 96
65.36, 96
65.36, 96
65.36, 96
65.36, 96
65.36, 96
65.37, 96
65.37, 96
65.37, 96
65.37, 96
65.37, 96
65.37, 96
65.37, 96
65.38, 96
65.38, 96
65.38, 96
65.38, 96
65.38, 96
65.40, 96
65.42, 96
65.42, 96
65.42, 96
65.43, 96
65.43, 96
65.43, 96
65.48, 96
65.48, 96
65.48, 96
65.56, 96
65.56, 96
65.56, 96
65.56, 96
65.56, 96
65.56, 96
65.56, 96
65.57, 96
65.76, 96
65.76, 96
65.76, 96
65.95, 96
65.97, 96
66.09, 96
66.10, 96
66.11, 96
66.11, 96
66.11, 96
66.21, 96
66.21, 96
66.21, 96
66.21, 96
66.21, 96
66.21, 96
66.21, 96
66.21, 96
66.27, 96
66.27, 96
66.27, 96
66.28, 96
66.28, 96
66.29, 96
66.29, 96
66.29, 96
66.29, 96
66.29, 96
66.38, 96
66.38, 96
66.38, 96
66.38, 96
66.38, 96
66.38, 96
66.38, 96
66.38, 96
66.38, 96
66.39, 96
66.47, 96
66.48, 96
66.48, 96
66.49, 96
66.49, 96
66.51, 96
66.53, 96
66.54, 96
66.54, 96
66.54, 96
66.55, 96
66.55, 96
66.55, 96
66.55, 96
66.55, 96
66.83, 96
66.83, 96
66.86, 96
66.87, 96
66.87, 96
66.88, 96
66.88, 96
66.88, 96
66.88, 96
66.88, 96
66.88, 96
66.88, 96
66.88, 96
66.88, 96
66.93, 96
66.93, 96
66.93, 96
66.96, 96
66.96, 96
66.98, 96
66.98, 96
66.98, 96
67.00, 96
67.01, 96
67.01, 96
67.01, 96
67.01, 96
67.01, 96
67.01, 96
67.02, 96
67.02, 96
67.02, 96
67.02, 96
67.02, 96
67.06, 96
67.06, 96
67.07, 96
67.11, 96
67.24, 96
67.24, 96
67.24, 96
67.31, 96
67.32, 96
67.32, 96
67.33, 96
67.33, 96
67.33, 96
67.33, 96
67.48, 96
67.48, 96
67.50, 96
67.52, 96
67.52, 96
67.52, 96
67.54, 96
67.54, 96
67.54, 96
67.56, 96
67.56, 96
67.56, 96
67.87, 96
67.87, 96
67.88, 96
67.94, 96
67.94, 96
67.94, 96
67.94, 96
67.94, 96
68.00, 96
68.00, 96
68.01, 96
68.01, 96
68.01, 96
68.01, 96
68.20, 96
68.20, 96
68.20, 96
68.20, 96
68.20, 96
68.20, 96
68.21, 96
68.21, 96
68.21, 96
68.21, 96
68.21, 96
68.21, 96
68.22, 96
68.23, 96
68.23, 96
68.23, 96
68.23, 96
68.23, 96
68.26, 96
68.26, 96
68.31, 96
68.31, 96
68.31, 96
68.31, 96
68.77, 96
68.99, 96
68.99, 96
68.99, 96
68.99, 96
69.00, 96
69.00, 96
69.00, 96
69.22, 96
69.22, 96
69.22, 96
69.22, 96
69.38, 96
69.38, 96
69.39, 96
69.39, 96
69.39, 96
69.40, 96
69.40, 96
69.40, 96
69.40, 96
69.40, 96
69.40, 96
69.41, 96
69.41, 96
69.42, 96
69.42, 96
69.45, 96
69.45, 96
69.46, 96
69.53, 96
69.54, 96
69.61, 96
69.83, 96
69.83, 96
69.83, 96
69.83, 96
69.98, 96
70.16, 96
70.16, 96
70.16, 96
70.16, 96
70.16, 96
70.34, 96
70.34, 96
70.36, 96
70.38, 96
70.46, 96
70.46, 96
70.47, 96
70.47, 96
70.47, 96
70.47, 96
70.49, 96
70.49, 96
70.50, 96
70.50, 96
70.50, 96
70.50, 96
70.51, 96
70.51, 96
70.51, 96
70.65, 96
70.65, 96
70.65, 96
70.78, 96
71.32, 96
71.32, 96
71.33, 96
71.37, 96
71.37, 96
71.37, 96
71.44, 96
71.45, 96
71.48, 96
71.49, 96
71.61, 96
71.61, 96
71.61, 96
71.77, 96
71.91, 96
71.91, 96
71.91, 96
71.91, 96
71.95, 96
71.96, 96
71.96, 96
71.96, 96
71.96, 96
71.98, 96
72.18, 96
72.18, 96
72.19, 96
72.19, 96
72.19, 96
72.19, 96
72.19, 96
72.19, 96
72.20, 96
72.20, 96
72.20, 96
72.21, 96
72.21, 96
72.21, 96
72.21, 96
72.24, 96
72.24, 96
72.24, 96
72.24, 96
72.24, 96
72.24, 96
72.33, 96
72.34, 96
72.34, 96
72.34, 96
72.34, 96
72.34, 96
72.34, 96
72.41, 96
72.41, 96
72.41, 96
72.41, 96
72.41, 96
72.42, 96
72.42, 96
72.42, 96
72.43, 96
72.43, 96
72.43, 96
72.43, 96
72.43, 96
72.43, 96
72.44, 96
72.66, 96
72.66, 96
72.70, 96
72.70, 96
72.70, 96
72.70, 96
72.70, 96
72.71, 96
72.71, 96
72.71, 96
72.71, 96
72.71, 96
72.71, 96
72.71, 96
72.72, 96
72.72, 96
72.72, 96
73.04, 96
73.25, 96
73.25, 96
73.25, 96
73.26, 96
73.26, 96
73.26, 96
73.26, 96
73.26, 96
73.26, 96
73.57, 96
73.57, 96
73.57, 96
73.62, 96
73.66, 96
73.66, 96
73.66, 96
73.67, 96
73.67, 96
73.70, 96
73.71, 96
73.80, 96
74.17, 96
74.22, 96
74.23, 96
74.23, 96
74.23, 96
74.23, 96
74.23, 96
74.23, 96
74.23, 96
74.25, 96
74.25, 96
74.25, 96
74.39, 96
74.39, 96
74.40, 96
74.42, 96
74.42, 96
74.49, 96
74.49, 96
74.50, 96
74.51, 96
74.52, 96
74.52, 96
74.53, 96
74.53, 96
74.53, 96
74.67, 96
74.67, 96
74.67, 96
74.67, 96
74.68, 96
74.69, 96
74.69, 96
74.69, 96
74.69, 96
74.69, 96
74.69, 96
74.70, 96
74.70, 96
74.74, 96
74.74, 96
74.74, 96
74.76, 96
74.76, 96
74.76, 96
74.87, 96
74.87, 96
74.91, 96
75.12, 96
75.12, 96
75.12, 96
75.13, 96
75.13, 96
75.13, 96
75.13, 96
75.13, 96
75.14, 96
75.16, 96
75.43, 96
75.44, 96
75.44, 96
75.44, 96
75.44, 96
75.44, 96
75.46, 96
75.46, 96
75.46, 96
75.47, 96
75.47, 96
75.47, 96
75.47, 96
75.47, 96
75.47, 96
75.47, 96
75.47, 96
75.47, 96
75.48, 96
75.48, 96
75.48, 96
75.50, 96
75.51, 96
75.51, 96
75.52, 96
75.52, 96
75.60, 96
75.74, 96
75.75, 96
75.75, 96
75.75, 96
75.76, 96
75.76, 96
75.76, 96
75.76, 96
75.81, 96
75.81, 96
75.81, 96
76.03, 96
76.09, 96
76.25, 96
76.25, 96
76.25, 96
76.27, 96
76.38, 96
76.38, 96
76.42, 96
76.42, 96
76.43, 96
77.17, 96
77.17, 96
77.17, 96
77.17, 96
77.21, 96
77.37, 96
77.37, 96
77.38, 96
77.38, 96
77.44, 96
77.44, 96
77.44, 96
77.44, 96
77.44, 96
77.44, 96
77.49, 96
77.50, 96
77.52, 96
77.53, 96
77.53, 96
77.53, 96
77.53, 96
77.54, 96
77.55, 96
77.56, 96
77.76, 96
77.76, 96
77.76, 96
77.76, 96
77.84, 96
77.84, 96
77.84, 96
77.84, 96
77.91, 96
78.16, 96
78.16, 96
78.17, 96
78.17, 96
78.17, 96
78.17, 96
78.20, 96
78.20, 96
78.24, 96
78.24, 96
78.26, 96
78.45, 96
78.45, 96
78.47, 96
78.47, 96
78.47, 96
78.47, 96
78.49, 96
78.50, 96
78.79, 96
78.79, 96
78.80, 96
78.81, 96
78.84, 96
78.87, 96
79.06, 96
79.06, 96
79.06, 96
79.06, 96
79.06, 96
79.23, 96
79.44, 96
79.44, 96
79.45, 96
79.45, 96
79.45, 96
79.45, 96
79.45, 96
79.45, 96
79.51, 96
79.51, 96
79.51, 96
79.51, 96
79.51, 96
79.54, 96
80.02, 96
80.02, 96
80.02, 96
80.04, 96
80.05, 96
80.05, 96
80.05, 96
80.05, 96
80.05, 96
80.05, 96
80.05, 96
80.05, 96
80.06, 96
80.06, 96
80.06, 96
80.06, 96
80.06, 96
80.07, 96
80.07, 96
80.08, 96
80.08, 96
80.21, 96
80.21, 96
80.23, 96
80.23, 96
80.24, 96
80.49, 96
80.49, 96
80.49, 96
80.50, 96
80.50, 96
80.51, 96
80.52, 96
80.57, 96
80.59, 96
80.59, 96
80.59, 96
80.59, 96
80.59, 96
80.59, 96
80.60, 96
80.60, 96
80.60, 96
80.72, 96
80.72, 96
80.74, 96
80.76, 96
80.82, 96
80.82, 96
80.83, 96
80.83, 96
80.83, 96
80.83, 96
80.83, 96
80.83, 96
80.84, 96
80.84, 96
80.84, 96
80.84, 96
80.84, 96
80.85, 96
80.86, 96
80.86, 96
80.86, 96
80.86, 96
81.15, 96
81.79, 96
81.86, 96
81.86, 96
82.11, 96
82.11, 96
82.25, 96
82.25, 96
82.67, 96
82.67, 96
82.67, 96
82.67, 96
82.67, 96
82.67, 96
82.67, 96
82.67, 96
82.74, 96
82.75, 96
82.75, 96
82.75, 96
82.75, 96
82.75, 96
82.75, 96
82.75, 96
82.78, 96
82.78, 96
82.78, 96
82.78, 96
82.78, 96
82.78, 96
82.82, 96
82.82, 96
82.82, 96
82.82, 96
82.83, 96
82.84, 96
82.84, 96
82.84, 96
82.84, 96
82.84, 96
82.85, 96
82.89, 96
82.90, 96
82.90, 96
82.90, 96
82.92, 96
83.04, 96
83.17, 96
83.18, 96
83.18, 96
83.18, 96
83.30, 96
83.32, 96
83.33, 96
83.36, 96
83.37, 96
83.37, 96
83.37, 96
83.37, 96
83.37, 96
83.38, 96
83.38, 96
83.42, 96
83.46, 96
83.46, 96
83.46, 96
83.48, 96
83.48, 96
83.48, 96
83.76, 96
83.76, 96
83.76, 96
83.76, 96
83.76, 96
83.84, 96
83.85, 96
84.00, 96
84.01, 96
84.01, 96
84.01, 96
84.03, 96
84.03, 96
84.04, 96
84.04, 96
84.07, 96
84.07, 96
84.07, 96
84.07, 96
84.08, 96
84.08, 96
84.08, 96
84.15, 96
84.15, 96
84.15, 96
84.15, 96
84.15, 96
84.17, 96
84.18, 96
84.19, 96
84.19, 96
84.19, 96
84.96, 96
84.96, 96
84.96, 96
84.99, 96
84.99, 96
84.99, 96
84.99, 96
84.99, 96
84.99, 96
85.00, 96
85.00, 96
85.00, 96
85.01, 96
85.10, 96
85.48, 96
85.48, 96
85.52, 96
85.54, 96
85.55, 96
85.55, 96
85.55, 96
85.55, 96
85.55, 96
85.55, 96
85.67, 96
85.67, 96
85.68, 96
85.68, 96
85.68, 96
85.68, 96
85.69, 96
85.69, 96
85.70, 96
85.70, 96
85.70, 96
85.70, 96
85.70, 96
85.70, 96
85.70, 96
85.70, 96
85.72, 96
85.72, 96
85.72, 96
85.72, 96
85.72, 96
85.72, 96
85.72, 96
85.82, 96
85.90, 96
85.90, 96
85.90, 96
85.91, 96
85.91, 96
85.91, 96
85.91, 96
86.03, 96
86.03, 96
86.03, 96
86.03, 96
86.03, 96
86.03, 96
86.03, 96
86.04, 96
86.05, 96
86.20, 96
86.20, 96
86.21, 96
86.21, 96
86.21, 96
86.36, 96
86.36, 96
86.37, 96
86.37, 96
86.37, 96
86.38, 96
86.38, 96
86.39, 96
86.39, 96
86.39, 96
86.46, 96
86.46, 96
86.46, 96
86.47, 96
86.47, 96
86.47, 96
86.47, 96
86.47, 96
86.48, 96
86.48, 96
86.49, 96
86.50, 96
86.53, 96
86.54, 96
86.54, 96
86.54, 96
86.54, 96
86.54, 96
86.54, 96
86.57, 96
86.57, 96
86.57, 96
86.57, 96
86.57, 96
86.57, 96
86.70, 96
86.70, 96
86.70, 96
86.73, 96
86.76, 96
86.77, 96
86.77, 96
86.77, 96
86.77, 96
86.77, 96
86.84, 96
86.84, 96
86.84, 96
86.84, 96
87.46, 96
87.46, 96
87.46, 96
87.47, 96
87.48, 96
87.48, 96
87.58, 96
87.59, 96
87.59, 96
87.71, 96
87.94, 96
88.59, 96
88.59, 96
89.28, 96
89.42, 96
89.42, 96
89.43, 96
89.59, 96
89.71, 96
89.71, 96
89.71, 96
89.74, 96
89.74, 96
89.74, 96
89.74, 96
89.74, 96
90.16, 96
90.16, 96
90.16, 96
90.26, 96
90.26, 96
90.26, 96
90.29, 96
90.29, 96
90.29, 96
90.30, 96
90.30, 96
90.89, 96
90.90, 96
90.90, 96
90.91, 96
90.91, 96
90.91, 96
90.91, 96
90.92, 96
90.92, 96
90.92, 96
90.95, 96
90.98, 96
90.99, 96
90.99, 96
90.99, 96
90.99, 96
90.99, 96
90.99, 96
90.99, 96
91.00, 96
91.00, 96
91.00, 96
91.00, 96
91.00, 96
91.01, 96
91.01, 96
91.02, 96
91.02, 96
91.04, 96
91.05, 96
91.05, 96
91.06, 96
91.06, 96
91.23, 96
91.23, 96
91.24, 96
91.25, 96
91.26, 96
91.27, 96
91.27, 96
91.27, 96
91.27, 96
91.57, 96
91.72, 96
91.72, 96
91.73, 96
91.73, 96
91.73, 96
91.73, 96
91.73, 96
91.73, 96
91.73, 96
91.74, 96
91.80, 96
91.80, 96
91.80, 96
91.80, 96
91.80, 96
91.83, 96
92.16, 96
92.16, 96
92.16, 96
92.16, 96
92.17, 96
92.17, 96
92.17, 96
92.18, 96
92.24, 96
92.45, 96
92.45, 96
92.52, 96
92.52, 96
92.52, 96
92.55, 96
92.55, 96
92.55, 96
92.56, 96
92.57, 96
92.58, 96
92.60, 96
92.61, 96
92.61, 96
92.61, 96
92.61, 96
92.81, 96
92.81, 96
92.81, 96
92.82, 96
93.25, 96
93.25, 96
93.25, 96
93.62, 96
93.62, 96
93.62, 96
93.62, 96
93.62, 96
93.64, 96
93.65, 96
93.66, 96
93.66, 96
93.66, 96
93.66, 96
93.68, 96
93.68, 96
93.68, 96
93.68, 96
93.85, 96
93.89, 96
93.89, 96
93.89, 96
93.89, 96
93.89, 96
93.90, 96
94.07, 96
94.08, 96
94.11, 96
94.11, 96
94.11, 96
94.11, 96
94.11, 96
94.12, 96
94.46, 96
94.46, 96
94.50, 96
94.50, 96
94.50, 96
94.50, 96
94.50, 96
94.50, 96
94.83, 96
94.83, 96
94.84, 96
94.86, 96
94.86, 96
94.86, 96
94.90, 96
94.90, 96
94.90, 96
94.90, 96
94.90, 96
94.90, 96
94.90, 96
94.90, 96
94.97, 96
94.97, 96
94.97, 96
94.97, 96
94.97, 96
94.98, 96
94.98, 96
95.00, 96
95.00, 96
95.00, 96
95.07, 96
95.07, 96
95.07, 96
95.07, 96
95.07, 96
95.07, 96
95.07, 96
95.07, 96
95.07, 96
95.08, 96
95.08, 96
95.16, 96
95.17, 96
95.17, 96
95.19, 96
95.19, 96
95.19, 96
95.20, 96
95.22, 96
95.23, 96
95.23, 96
95.23, 96
95.23, 96
95.23, 96
95.23, 96
95.23, 96
95.23, 96
95.23, 96
95.24, 96
95.30, 96
95.30, 96
95.34, 96
95.34, 96
95.41, 96
95.41, 96
95.57, 96
95.57, 96
95.58, 96
95.58, 96
95.63, 96
95.63, 96
95.69, 96
95.69, 96
95.69, 96
95.69, 96
95.71, 96
95.71, 96
95.71, 96
95.71, 96
95.71, 96
95.73, 96
95.75, 96
95.76, 96
95.76, 96
95.85, 96
95.86, 96
95.86, 96
95.86, 96
95.87, 96
95.87, 96
95.87, 96
95.87, 96
95.88, 96
95.89, 96
95.89, 96
95.89, 96
95.94, 96
95.94, 96
95.94, 96
95.94, 96
95.94, 96
95.95, 96
96.01, 96
96.01, 96
96.01, 96
96.01, 96
96.01, 96
96.02, 96
96.06, 96
96.25, 96
96.25, 96
96.25, 96
96.39, 96
96.39, 96
96.39, 96
96.41, 96
96.60, 96
96.60, 96
96.61, 96
96.61, 96
96.61, 96
96.62, 96
96.92, 96
96.92, 96
96.93, 96
96.93, 96
96.93, 96
96.93, 96
97.00, 96
97.00, 96
97.00, 96
97.00, 96
97.00, 96
97.00, 96
97.00, 96
97.10, 96
97.10, 96
97.10, 96
97.15, 96
97.15, 96
97.15, 96
97.15, 96
97.45, 96
97.45, 96
97.73, 96
97.73, 96
97.74, 96
97.74, 96
97.74, 96
97.75, 96
97.86, 96
97.88, 96
97.88, 96
97.94, 96
97.94, 96
97.95, 96
97.95, 96
97.95, 96
97.95, 96
97.95, 96
97.95, 96
97.95, 96
97.95, 96
97.96, 96
97.96, 96
97.96, 96
97.97, 96
97.97, 96
97.98, 96
97.98, 96
97.98, 96
97.98, 96
98.10, 96
98.10, 96
98.10, 96
98.11, 96
98.11, 96
98.11, 96
98.11, 96
98.12, 96
98.12, 96
98.12, 96
98.13, 96
98.13, 96
98.14, 96
98.14, 96
98.14, 96
98.15, 96
98.15, 96
98.19, 96
98.19, 96
98.24, 96
98.24, 96
98.24, 96
98.48, 96
98.61, 96
98.61, 96
98.62, 96
98.62, 96
98.62, 96
98.70, 96
98.84, 96
99.05, 96
99.06, 96
99.06, 96
99.07, 96
99.07, 96
99.07, 96
99.08, 96
99.08, 96
99.23, 96
99.23, 96
99.23, 96
99.23, 96
99.23, 96
99.24, 96
99.24, 96
99.24, 96
99.24, 96
99.32, 96
99.32, 96
99.39, 96
99.39, 96
99.40, 96
99.40, 96
99.40, 96
99.49, 96
99.49, 96
99.49, 96
99.50, 96
99.63, 96
99.65, 96
99.67, 96
99.67, 96
100.02, 96
100.02, 96
100.03, 96
100.03, 96
100.03, 96
100.03, 96
100.09, 96
100.10, 96
100.10, 96
100.10, 96
100.22, 96
100.22, 96
100.22, 96
100.23, 96
100.23, 96
100.23, 96
100.23, 96
100.24, 96
100.24, 96
100.26, 96
100.26, 96
100.26, 96
100.26, 96
100.27, 96
100.27, 96
100.27, 96
100.27, 96
100.27, 96
100.27, 96
100.27, 96
100.27, 96
100.28, 96
100.28, 96
100.35, 96
100.36, 96
100.36, 96
100.36, 96
100.36, 96
100.36, 96
100.36, 96
100.36, 96
100.36, 96
100.37, 96
100.37, 96
100.37, 96
100.37, 96
100.37, 96
100.38, 96
100.38, 96
100.38, 96
100.38, 96
100.38, 96
100.64, 96
100.64, 96
100.64, 96
100.65, 96
100.65, 96
100.65, 96
100.65, 96
100.65, 96
100.65, 96
100.65, 96
100.66, 96
100.66, 96
100.66, 96
100.66, 96
100.66, 96
100.66, 96
100.67, 96
100.67, 96
100.67, 96
100.83, 96
100.87, 96
100.99, 96
100.99, 96
100.99, 96
101.01, 96
101.39, 96
101.39, 96
101.39, 96
101.43, 96
101.43, 96
101.46, 96
101.53, 96
101.53, 96
101.53, 96
101.53, 96
101.53, 96
101.63, 96
101.69, 96
101.69, 96
101.83, 96
101.83, 96
101.83, 96
101.96, 96
102.01, 96
102.04, 96
102.05, 96
102.05, 96
102.05, 96
102.06, 96
102.06, 96
102.06, 96
102.06, 96
102.06, 96
102.06, 96
102.09, 96
102.09, 96
102.09, 96
102.09, 96
102.09, 96
102.10, 96
102.34, 96
102.35, 96
102.35, 96
102.35, 96
102.36, 96
102.36, 96
102.36, 96
102.36, 96
102.36, 96
102.39, 96
102.39, 96
102.39, 96
102.39, 96
102.40, 96
102.41, 96
102.41, 96
102.41, 96
102.41, 96
102.41, 96
102.42, 96
102.42, 96
102.46, 96
102.49, 96
102.49, 96
102.49, 96
102.49, 96
102.50, 96
102.50, 96
102.50, 96
102.53, 96
102.53, 96
102.53, 96
102.53, 96
102.54, 96
102.54, 96
102.54, 96
102.54, 96
102.55, 96
102.55, 96
102.55, 96
102.55, 96
102.56, 96
102.57, 96
102.57, 96
102.57, 96
102.57, 96
102.57, 96
102.57, 96
102.58, 96
102.58, 96
102.58, 96
102.59, 96
102.60, 96
102.60, 96
102.60, 96
102.60, 96
102.61, 96
102.61, 96
102.72, 96
102.72, 96
102.72, 96
102.72, 96
102.72, 96
102.76, 96
102.78, 96
102.78, 96
102.78, 96
102.78, 96
102.78, 96
102.78, 96
102.78, 96
102.78, 96
102.92, 96
102.92, 96
103.25, 96
103.25, 96
103.25, 96
103.25, 96
103.25, 96
103.26, 96
103.26, 96
103.26, 96
103.26, 96
103.28, 96
103.28, 96
103.28, 96
103.28, 96
103.29, 96
103.29, 96
103.29, 96
103.29, 96
103.29, 96
103.30, 96
103.30, 96
103.30, 96
103.39, 96
103.39, 96
103.39, 96
103.39, 96
103.39, 96
103.40, 96
103.40, 96
103.40, 96
103.40, 96
103.40, 96
103.40, 96
103.64, 96
103.65, 96
103.65, 96
103.65, 96
103.66, 96
103.72, 96
103.72, 96
103.72, 96
103.83, 96
103.94, 96
103.94, 96
103.94, 96
103.94, 96
103.94, 96
103.95, 96
104.01, 96
104.03, 96
104.03, 96
104.03, 96
104.04, 96
104.04, 96
104.04, 96
104.04, 96
104.04, 96
104.04, 96
104.04, 96
104.38, 96
104.38, 96
104.39, 96
104.41, 96
104.53, 96
104.54, 96
104.54, 96
104.54, 96
104.55, 96
104.55, 96
104.55, 96
104.55, 96
104.55, 96
104.55, 96
104.57, 96
104.58, 96
104.58, 96
104.58, 96
104.58, 96
104.58, 96
104.58, 96
104.59, 96
104.59, 96
104.61, 96
105.05, 96
105.06, 96
105.10, 96
105.10, 96
105.10, 96
105.10, 96
105.10, 96
105.19, 96
105.23, 96
105.23, 96
105.44, 96
105.44, 96
105.44, 96
105.65, 96
105.65, 96
105.66, 96
105.66, 96
105.74, 96
105.74, 96
105.74, 96
105.92, 96
105.92, 96
105.92, 96
105.93, 96
105.93, 96
105.93, 96
105.93, 96
105.93, 96
105.93, 96
106.07, 96
106.09, 96
106.11, 96
106.11, 96
106.12, 96
106.15, 96
106.15, 96
106.15, 96
106.15, 96
106.17, 96
106.17, 96
106.19, 96
106.19, 96
106.19, 96
106.19, 96
106.20, 96
106.20, 96
106.20, 96
106.20, 96
106.33, 96
106.33, 96
106.33, 96
106.42, 96
106.46, 96
106.46, 96
106.55, 96
106.55, 96
106.55, 96
106.71, 96
106.71, 96
106.71, 96
106.82, 96
106.82, 96
106.82, 96
106.95, 96
106.95, 96
107.06, 96
107.06, 96
107.17, 96
107.24, 96
107.24, 96
107.60, 96
107.60, 96
107.78, 96
107.78, 96
107.78, 96
107.78, 96
107.78, 96
107.78, 96
107.79, 96
107.85, 96
107.85, 96
107.85, 96
107.86, 96
107.86, 96
107.90, 96
108.10, 96
108.10, 96
108.10, 96
108.10, 96
108.10, 96
108.15, 96
108.15, 96
108.16, 96
108.16, 96
108.21, 96
108.21, 96
108.21, 96
108.26, 96
108.60, 96
108.66, 96
108.68, 96
108.68, 96
108.68, 96
108.68, 96
108.68, 96
108.68, 96
108.68, 96
108.72, 96
108.73, 96
108.73, 96
108.73, 96
108.77, 96
108.77, 96
108.77, 96
108.77, 96
108.77, 96
108.78, 96
108.78, 96
108.86, 96
108.86, 96
108.88, 96
108.89, 96
108.89, 96
109.04, 96
109.06, 96
109.06, 96
109.06, 96
109.06, 96
109.06, 96
109.19, 96
109.28, 96
109.28, 96
109.28, 96
109.29, 96
109.29, 96
109.37, 96
109.37, 96
109.37, 96
109.37, 96
109.37, 96
109.37, 96
109.38, 96
109.39, 96
109.39, 96
109.39, 96
109.39, 96
109.49, 96
109.57, 96
109.70, 96
109.71, 96
109.87, 96
109.92, 96
109.92, 96
109.92, 96
109.92, 96
109.92, 96
109.92, 96
109.93, 96
109.93, 96
109.93, 96
110.00, 96
110.00, 96
110.00, 96
110.00, 96
110.01, 96
110.01, 96
110.01, 96
110.01, 96
110.01, 96
110.03, 96
110.03, 96
110.03, 96
110.03, 96
110.03, 96
110.04, 96
110.04, 96
110.04, 96
110.04, 96
110.04, 96
110.05, 96
110.05, 96
110.05, 96
110.06, 96
110.06, 96
110.06, 96
110.11, 96
110.14, 96
110.15, 96
110.15, 96
110.18, 96
110.23, 96
110.23, 96
110.26, 96
110.26, 96
110.26, 96
110.35, 96
110.35, 96
110.35, 96
110.35, 96
110.37, 96
110.38, 96
110.38, 96
110.46, 96
110.46, 96
110.46, 96
110.46, 96
110.49, 96
110.49, 96
110.49, 96
110.55, 96
110.77, 96
110.77, 96
110.78, 96
110.78, 96
110.78, 96
110.81, 96
110.81, 96
110.81, 96
110.87, 96
110.87, 96
110.88, 96
110.90, 96
110.91, 96
110.91, 96
110.91, 96
111.27, 96
111.27, 96
111.28, 96
111.28, 96
111.28, 96
111.28, 96
111.28, 96
111.64, 96
111.64, 96
111.72, 96
111.72, 96
111.72, 96
111.73, 96
111.93, 96
111.93, 96
111.93, 96
111.93, 96
112.01, 96
112.01, 96
112.06, 96
112.07, 96
112.07, 96
112.07, 96
112.07, 96
112.08, 96
112.08, 96
112.08, 96
112.08, 96
112.08, 96
112.08, 96
112.08, 96
112.22, 96
112.22, 96
112.23, 96
112.23, 96
112.23, 96
112.23, 96
112.23, 96
112.23, 96
112.24, 96
112.24, 96
112.27, 96
112.27, 96
112.27, 96
112.31, 96
112.31, 96
112.35, 96
112.35, 96
112.35, 96
112.36, 96
112.36, 96
112.36, 96
112.37, 96
112.68, 96
112.68, 96
112.89, 96
112.90, 96
112.94, 96
113.02, 96
113.02, 96
113.02, 96
113.04, 96
113.04, 96
113.04, 96
113.05, 96
113.26, 96
113.26, 96
113.26, 96
113.35, 96
113.35, 96
113.35, 96
113.37, 96
113.42, 96
113.46, 96
113.46, 96
113.47, 96
113.47, 96
114.34, 96
114.39, 96
114.39, 96
114.39, 96
114.65, 96
114.65, 96
114.66, 96
114.70, 96
114.70, 96
115.17, 96
115.18, 96
115.35, 96
115.35, 96
115.35, 96
115.35, 96
115.35, 96
115.35, 96
115.35, 96
115.39, 96
115.40, 96
115.41, 96
115.41, 96
115.41, 96
115.42, 96
115.42, 96
115.51, 96
115.51, 96
115.52, 96
115.68, 96
115.68, 96
115.71, 96
115.72, 96
115.72, 96
115.72, 96
115.72, 96
115.73, 96
115.73, 96
115.74, 96
115.77, 96
115.87, 96
115.87, 96
115.87, 96
115.87, 96
115.90, 96
115.90, 96
115.90, 96
115.90, 96
115.90, 96
115.90, 96
115.90, 96
115.90, 96
115.90, 96
115.91, 96
115.92, 96
115.92, 96
115.92, 96
115.92, 96
115.92, 96
115.92, 96
116.01, 96
116.01, 96
116.01, 96
116.01, 96
116.01, 96
116.02, 96
116.02, 96
116.02, 96
116.02, 96
116.02, 96
116.02, 96
116.02, 96
116.16, 96
116.16, 96
116.16, 96
116.16, 96
116.16, 96
116.16, 96
116.16, 96
116.17, 96
116.17, 96
116.17, 96
116.17, 96
116.17, 96
116.17, 96
116.18, 96
116.18, 96
116.18, 96
116.18, 96
116.18, 96
116.18, 96
116.23, 96
116.23, 96
116.23, 96
116.23, 96
116.24, 96
116.24, 96
116.58, 96
116.58, 96
116.58, 96
116.85, 96
116.85, 96
116.85, 96
116.85, 96
116.86, 96
116.86, 96
116.86, 96
116.86, 96
116.86, 96
116.86, 96
116.87, 96
116.87, 96
116.87, 96
116.91, 96
116.91, 96
116.92, 96
116.92, 96
116.92, 96
116.92, 96
116.92, 96
116.92, 96
116.92, 96
118.20, 96
118.20, 96
118.23, 96
118.23, 96
118.23, 96
118.33, 96
118.33, 96
118.33, 96
118.33, 96
118.59, 96
118.61, 96
118.62, 96
118.62, 96
118.62, 96
118.68, 96
118.68, 96
118.90, 96
118.91, 96
118.91, 96
118.91, 96
118.91, 96
118.91, 96
118.91, 96
118.92, 96
118.92, 96
119.47, 96
119.47, 96
119.47, 96
119.47, 96
119.48, 96
119.48, 96
119.48, 96
119.48, 96
119.48, 96
119.48, 96
119.48, 96
119.48, 96
119.48, 96
119.50, 96
119.50, 96
119.53, 96
119.54, 96
119.55, 96
119.55, 96
119.77, 96
119.77, 96
119.77, 96
119.77, 96
119.77, 96
119.78, 96
119.78, 96
119.83, 96
119.83, 96
119.83, 96
119.83, 96
119.83, 96
119.83, 96
119.85, 96
119.86, 96
120.04, 96
120.05, 96
120.05, 96
120.12, 96
120.13, 96
120.25, 96
120.33, 96
120.37, 96
120.37, 96
120.37, 96
120.38, 96
120.38, 96
120.39, 96
120.39, 96
120.39, 96
120.65, 96
120.66, 96
120.66, 96
120.66, 96
120.67, 96
120.73, 96
120.73, 96
120.78, 96
120.78, 96
120.78, 96
120.78, 96
120.78, 96
120.78, 96
120.87, 96
120.87, 96
120.87, 96
120.87, 96
120.95, 96
120.95, 96
120.95, 96
120.96, 96
120.96, 96
121.14, 96
121.16, 96
121.16, 96
121.16, 96
121.17, 96
121.17, 96
121.17, 96
121.17, 96
121.17, 96
121.19, 96
121.19, 96
121.19, 96
121.19, 96
121.20, 96
121.20, 96
121.20, 96
121.20, 96
121.46, 96
121.75, 96
121.75, 96
121.76, 96
121.78, 96
121.78, 96
121.82, 96
121.82, 96
121.82, 96
121.87, 96
122.00, 96
122.00, 96
122.04, 96
122.04, 96
122.04, 96
122.04, 96
122.04, 96
122.04, 96
122.04, 96
122.05, 96
122.05, 96
122.05, 96
122.05, 96
122.11, 96
122.11, 96
122.12, 96
122.12, 96
122.12, 96
122.12, 96
122.12, 96
122.16, 96
122.17, 96
122.18, 96
122.18, 96
122.30, 96
122.30, 96
122.30, 96
122.30, 96
122.30, 96
122.30, 96
122.30, 96
122.31, 96
122.67, 96
122.67, 96
122.81, 96
122.81, 96
122.81, 96
122.81, 96
122.82, 96
122.82, 96
122.82, 96
122.82, 96
122.82, 96
122.83, 96
122.83, 96
123.10, 96
123.10, 96
123.11, 96
123.11, 96
123.11, 96
123.11, 96
123.12, 96
123.12, 96
123.12, 96
123.12, 96
123.12, 96
123.21, 96
123.21, 96
123.21, 96
123.29, 96
123.31, 96
123.32, 96
123.32, 96
123.32, 96
123.33, 96
123.33, 96
123.43, 96
123.45, 96
123.45, 96
123.45, 96
123.45, 96
123.46, 96
123.46, 96
123.46, 96
123.47, 96
123.48, 96
123.48, 96
123.48, 96
123.48, 96
123.51, 96
123.51, 96
123.52, 96
123.52, 96
123.52, 96
123.52, 96
123.61, 96
123.62, 96
123.66, 96
123.66, 96
123.67, 96
123.67, 96
123.68, 96
123.84, 96
123.89, 96
123.89, 96
124.02, 96
124.02, 96
124.03, 96
124.03, 96
124.25, 96
124.40, 96
124.40, 96
124.51, 96
124.51, 96
124.51, 96
124.51, 96
124.51, 96
124.67, 96
124.77, 96
124.90, 96
124.92, 96
125.03, 96
125.03, 96
125.03, 96
125.09, 96
125.09, 96
125.09, 96
125.09, 96
125.09, 96
125.09, 96
125.12, 96
125.13, 96
125.13, 96
125.13, 96
125.13, 96
125.13, 96
125.14, 96
125.16, 96
125.31, 96
125.32, 96
125.32, 96
125.32, 96
125.32, 96
125.35, 96
125.38, 96
125.38, 96
125.39, 96
125.39, 96
125.39, 96
125.40, 96
125.40, 96
125.40, 96
125.40, 96
125.40, 96
125.40, 96
125.40, 96
125.40, 96
125.40, 96
125.50, 96
125.50, 96
125.51, 96
125.51, 96
125.51, 96
125.53, 96
125.53, 96
125.53, 96
125.53, 96
125.53, 96
125.53, 96
125.54, 96
125.54, 96
125.60, 96
125.68, 96
125.68, 96
125.69, 96
125.70, 96
125.77, 96
125.77, 96
125.77, 96
125.79, 96
125.79, 96
125.79, 96
125.79, 96
125.79, 96
125.79, 96
125.79, 96
125.79, 96
125.80, 96
125.92, 96
126.14, 96
126.14, 96
126.14, 96
126.15, 96
126.15, 96
126.15, 96
126.21, 96
126.21, 96
126.22, 96
126.23, 96
126.38, 96
126.39, 96
126.39, 96
126.39, 96
126.39, 96
126.39, 96
126.43, 96
126.47, 96
126.47, 96
126.58, 96
126.58, 96
126.58, 96
126.58, 96
126.64, 96
126.64, 96
126.97, 96
126.98, 96
126.98, 96
126.98, 96
126.98, 96
126.98, 96
127.09, 96
127.27, 96
127.27, 96
127.44, 96
127.44, 96
127.44, 96
127.60, 96
127.67, 96
127.68, 96
127.71, 96
127.71, 96
127.86, 96
127.86, 96
127.86, 96
127.87, 96
127.87, 96
127.87, 96
127.87, 96
127.87, 96
127.87, 96
127.87, 96
127.88, 96
127.96, 96
127.96, 96
127.96, 96
127.96, 96
127.96, 96
127.98, 96
127.98, 96
127.98, 96
127.98, 96
127.98, 96
127.98, 96
127.98, 96
127.99, 96
127.99, 96
128.00, 96
128.00, 96
128.00, 96
128.05, 96
128.05, 96
128.05, 96
128.05, 96
128.05, 96
128.12, 96
128.14, 96
128.15, 96
128.16, 96
128.16, 96
128.16, 96
128.17, 96
128.17, 96
128.18, 96
128.19, 96
128.25, 96
128.25, 96
128.25, 96
128.25, 96
128.25, 96
128.25, 96
128.26, 96
128.35, 96
128.35, 96
128.36, 96
128.36, 96
128.41, 96
128.41, 96
128.41, 96
128.41, 96
128.41, 96
128.41, 96
128.41, 96
128.50, 96
128.50, 96
128.51, 96
128.57, 96
128.57, 96
128.57, 96
128.57, 96
128.57, 96
128.57, 96
128.58, 96
128.73, 96
128.73, 96
128.73, 96
128.73, 96
128.73, 96
128.73, 96
128.73, 96
128.95, 96
128.95, 96
129.23, 96
129.91, 96
129.91, 96
129.91, 96
129.92, 96
129.92, 96
129.92, 96
129.92, 96
129.92, 96
130.01, 96
130.02, 96
130.20, 96
130.21, 96
130.21, 96
130.22, 96
130.22, 96
130.39, 96
130.39, 96
130.39, 96
130.40, 96
130.40, 96
130.40, 96
130.40, 96
130.40, 96
130.41, 96
130.41, 96
130.41, 96
130.41, 96
130.41, 96
130.42, 96
130.42, 96
130.43, 96
130.54, 96
130.55, 96
130.55, 96
130.98, 96
130.99, 96
130.99, 96
131.00, 96
131.00, 96
131.00, 96
131.00, 96
131.00, 96
131.00, 96
131.01, 96
131.01, 96
131.01, 96
131.01, 96
131.01, 96
131.02, 96
131.02, 96
131.21, 96
131.21, 96
131.21, 96
131.22, 96
131.25, 96
131.25, 96
131.48, 96
131.48, 96
131.48, 96
131.61, 96
131.61, 96
131.61, 96
131.78, 96
131.78, 96
131.78, 96
131.78, 96
131.81, 96
131.81, 96
131.84, 96
131.84, 96
131.84, 96
131.84, 96
131.84, 96
131.84, 96
131.84, 96
131.85, 96
131.85, 96
131.85, 96
131.85, 96
131.85, 96
131.85, 96
131.88, 96
131.88, 96
131.89, 96
131.89, 96
131.89, 96
131.89, 96
131.89, 96
131.90, 96
131.90, 96
132.03, 96
132.03, 96
132.03, 96
132.04, 96
132.04, 96
132.20, 96
132.20, 96
132.20, 96
132.20, 96
132.20, 96
132.21, 96
132.21, 96
132.23, 96
132.24, 96
132.24, 96
132.24, 96
132.24, 96
132.24, 96
132.24, 96
132.29, 96
132.29, 96
132.29, 96
132.29, 96
132.29, 96
132.30, 96
132.30, 96
132.30, 96
132.30, 96
132.34, 96
132.35, 96
132.53, 96
132.53, 96
132.57, 96
132.61, 96
132.61, 96
132.61, 96
132.61, 96
132.62, 96
132.62, 96
132.84, 96
132.84, 96
133.02, 96
133.28, 96
133.42, 96
133.42, 96
133.42, 96
133.42, 96
133.81, 96
133.83, 96
133.83, 96
133.83, 96
133.88, 96
134.01, 96
134.01, 96
134.01, 96
134.01, 96
134.02, 96
134.02, 96
134.03, 96
134.29, 96
134.29, 96
134.29, 96
134.29, 96
134.29, 96
134.30, 96
134.55, 96
134.55, 96
134.57, 96
134.57, 96
134.57, 96
134.57, 96
134.57, 96
134.58, 96
134.60, 96
134.61, 96
134.62, 96
134.95, 96
134.95, 96
134.95, 96
134.96, 96
135.05, 96
135.05, 96
135.06, 96
135.06, 96
135.06, 96
135.28, 96
135.28, 96
135.28, 96
135.29, 96
135.29, 96
135.29, 96
135.29, 96
135.29, 96
135.30, 96
135.30, 96
135.30, 96
135.30, 96
135.32, 96
135.32, 96
135.32, 96
135.32, 96
135.32, 96
135.39, 96
135.39, 96
135.39, 96
135.39, 96
135.39, 96
135.40, 96
135.40, 96
135.40, 96
135.42, 96
135.55, 96
135.55, 96
135.56, 96
135.61, 96
135.61, 96
135.62, 96
135.62, 96
135.64, 96
135.65, 96
135.65, 96
135.65, 96
135.65, 96
135.81, 96
135.81, 96
135.82, 96
136.47, 96
136.50, 96
136.50, 96
136.59, 96
136.59, 96
136.60, 96
136.60, 96
136.60, 96
136.60, 96
136.60, 96
136.61, 96
136.61, 96
136.61, 96
136.61, 96
136.61, 96
136.61, 96
136.66, 96
136.66, 96
136.90, 96
136.92, 96
136.93, 96
136.93, 96
136.97, 96
136.97, 96
136.97, 96
136.97, 96
137.08, 96
137.30, 96
137.30, 96
137.31, 96
137.31, 96
137.31, 96
137.31, 96
137.32, 96
137.32, 96
137.32, 96
137.37, 96
137.38, 96
137.38, 96
137.38, 96
137.38, 96
137.38, 96
137.39, 96
137.39, 96
137.39, 96
137.39, 96
137.39, 96
137.39, 96
137.39, 96
137.44, 96
137.45, 96
137.46, 96
137.46, 96
137.46, 96
137.46, 96
137.47, 96
137.47, 96
137.47, 96
137.47, 96
137.50, 96
137.54, 96
137.55, 96
137.55, 96
137.55, 96
137.55, 96
137.55, 96
137.56, 96
137.56, 96
137.56, 96
137.56, 96
137.56, 96
137.56, 96
137.58, 96
137.59, 96
137.59, 96
137.60, 96
137.60, 96
137.84, 96
137.84, 96
137.85, 96
137.85, 96
137.85, 96
137.85, 96
137.85, 96
137.85, 96
137.85, 96
137.86, 96
137.86, 96
137.86, 96
137.86, 96
137.86, 96
137.86, 96
137.88, 96
137.94, 96
138.15, 96
138.19, 96
138.20, 96
138.22, 96
138.23, 96
138.23, 96
138.23, 96
138.29, 96
138.30, 96
138.57, 96
138.57, 96
138.57, 96
138.83, 96
138.83, 96
138.84, 96
138.87, 96
138.89, 96
138.89, 96
138.89, 96
138.89, 96
138.89, 96
138.90, 96
138.94, 96
138.95, 96
138.95, 96
139.23, 96
139.23, 96
139.23, 96
139.23, 96
139.23, 96
139.23, 96
139.23, 96
139.23, 96
139.47, 96
139.47, 96
139.48, 96
139.48, 96
139.48, 96
139.48, 96
139.48, 96
139.48, 96
139.49, 96
139.50, 96
139.50, 96
139.50, 96
139.50, 96
139.50, 96
139.57, 96
139.57, 96
139.57, 96
139.57, 96
139.75, 96
139.77, 96
139.77, 96
139.79, 96
139.79, 96
139.79, 96
139.79, 96
139.79, 96
139.79, 96
139.83, 96
139.84, 96
140.42, 96
140.42, 96
140.46, 96
140.46, 96
140.46, 96
140.46, 96
140.59, 96
140.59, 96
140.60, 96
140.60, 96
140.60, 96
140.60, 96
140.73, 96
140.73, 96
140.73, 96
140.73, 96
140.74, 96
140.74, 96
140.74, 96
140.75, 96
140.75, 96
140.75, 96
140.75, 96
141.14, 96
141.16, 96
141.16, 96
141.45, 96
141.45, 96
141.45, 96
141.45, 96
141.45, 96
141.45, 96
141.51, 96
141.52, 96
141.52, 96
141.52, 96
141.52, 96
141.52, 96
141.53, 96
141.53, 96
141.53, 96
141.53, 96
141.54, 96
141.54, 96
141.54, 96
141.54, 96
141.62, 96
141.62, 96
141.62, 96
141.62, 96
141.62, 96
141.62, 96
141.63, 96
141.63, 96
141.63, 96
141.63, 96
141.64, 96
141.94, 96
141.94, 96
141.94, 96
141.96, 96
142.00, 96
142.00, 96
142.00, 96
142.00, 96
142.00, 96
142.01, 96
142.01, 96
142.01, 96
142.01, 96
142.02, 96
142.02, 96
142.02, 96
142.02, 96
142.10, 96
142.10, 96
142.11, 96
142.11, 96
142.14, 96
142.40, 96
142.40, 96
142.40, 96
142.40, 96
142.40, 96
142.41, 96
142.41, 96
142.50, 96
142.54, 96
142.54, 96
142.54, 96
142.55, 96
142.55, 96
142.55, 96
142.55, 96
142.56, 96
142.56, 96
142.56, 96
142.56, 96
142.56, 96
142.80, 96
142.80, 96
142.94, 96
142.94, 96
142.94, 96
142.95, 96
142.95, 96
142.95, 96
142.95, 96
142.95, 96
142.95, 96
142.95, 96
142.95, 96
142.95, 96
142.95, 96
142.96, 96
142.96, 96
142.96, 96
142.96, 96
142.96, 96
142.97, 96
143.17, 96
143.17, 96
143.25, 96
143.26, 96
143.26, 96
143.29, 96
143.29, 96
143.29, 96
143.29, 96
143.29, 96
143.59, 96
143.60, 96
143.60, 96
143.60, 96
143.61, 96
143.61, 96
143.62, 96
143.63, 96
143.63, 96
143.63, 96
143.63, 96
143.63, 96
143.63, 96
143.65, 96
143.65, 96
143.75, 96
143.76, 96
143.76, 96
143.76, 96
143.86, 96
143.86, 96
143.87, 96
143.87, 96
143.87, 96
143.87, 96
143.96, 96
143.96, 96
144.08, 96
144.08, 96
144.08, 96
144.09, 96
144.09, 96
144.24, 96
144.25, 96
144.25, 96
144.25, 96
144.25, 96
144.25, 96
144.26, 96
144.26, 96
144.45, 96
144.45, 96
144.45, 96
144.46, 96
144.46, 96
144.46, 96
144.47, 96
144.53, 96
144.53, 96
144.53, 96
144.55, 96
144.55, 96
144.55, 96
144.55, 96
144.61, 96
144.64, 96
144.77, 96
144.77, 96
144.80, 96
144.80, 96
144.80, 96
144.80, 96
144.80, 96
144.80, 96
144.80, 96
144.80, 96
144.92, 96
144.95, 96
144.95, 96
144.95, 96
144.95, 96
144.95, 96
144.95, 96
144.96, 96
144.96, 96
144.96, 96
144.96, 96
144.97, 96
144.97, 96
144.99, 96
144.99, 96
144.99, 96
144.99, 96
145.00, 96
145.00, 96
145.01, 96
145.01, 96
145.19, 96
145.19, 96
145.19, 96
145.30, 96
145.31, 96
145.31, 96
145.31, 96
145.32, 96
145.32, 96
145.32, 96
145.32, 96
145.32, 96
145.32, 96
145.32, 96
145.37, 96
145.38, 96
145.38, 96
145.38, 96
145.38, 96
145.38, 96
145.50, 96
145.50, 96
145.50, 96
145.51, 96
145.51, 96
145.67, 96
145.67, 96
145.67, 96
145.67, 96
145.67, 96
145.67, 96
145.67, 96
145.67, 96
145.67, 96
145.67, 96
145.68, 96
145.68, 96
145.68, 96
145.68, 96
145.68, 96
145.68, 96
145.68, 96
145.70, 96
145.70, 96
145.70, 96
145.70, 96
145.70, 96
145.82, 96
145.82, 96
145.83, 96
145.85, 96
145.86, 96
145.86, 96
145.86, 96
145.86, 96
145.86, 96
145.86, 96
146.19, 96
146.20, 96
146.20, 96
146.20, 96
146.21, 96
146.23, 96
146.37, 96
146.49, 96
146.50, 96
146.50, 96
146.50, 96
146.51, 96
146.51, 96
146.55, 96
146.55, 96
146.55, 96
146.55, 96
146.55, 96
146.55, 96
146.55, 96
146.55, 96
146.62, 96
146.80, 96
146.81, 96
146.82, 96
146.82, 96
146.82, 96
147.03, 96
147.03, 96
147.03, 96
147.03, 96
147.10, 96
147.10, 96
147.10, 96
147.11, 96
147.11, 96
147.11, 96
147.11, 96
147.12, 96
147.12, 96
147.12, 96
147.12, 96
147.13, 96
147.14, 96
147.14, 96
147.14, 96
147.15, 96
147.15, 96
147.15, 96
147.15, 96
147.36, 96
147.36, 96
147.43, 96
147.43, 96
147.45, 96
147.46, 96
147.46, 96
147.47, 96
147.48, 96
147.48, 96
147.49, 96
147.68, 96
147.68, 96
147.68, 96
147.71, 96
147.73, 96
147.76, 96
147.77, 96
147.89, 96
147.89, 96
147.90, 96
147.90, 96
147.90, 96
147.91, 96
147.98, 96
147.98, 96
147.98, 96
147.98, 96
147.98, 96
147.98, 96
147.98, 96
147.98, 96
148.00, 96
148.00, 96
148.15, 96
148.15, 96
148.16, 96
148.16, 96
148.17, 96
148.18, 96
148.19, 96
148.19, 96
148.29, 96
148.30, 96
148.34, 96
148.34, 96
148.34, 96
148.59, 96
148.64, 96
148.64, 96
148.67, 96
148.96, 96
148.96, 96
148.97, 96
148.97, 96
148.97, 96
148.97, 96
148.97, 96
148.97, 96
148.98, 96
149.09, 96
149.09, 96
149.09, 96
149.09, 96
149.17, 96
149.17, 96
149.17, 96
149.19, 96
149.20, 96
149.24, 96
149.24, 96
149.24, 96
149.26, 96
149.26, 96
149.26, 96
149.26, 96
149.26, 96
149.26, 96
149.26, 96
149.26, 96
149.26, 96
149.26, 96
149.27, 96
149.27, 96
149.27, 96
149.45, 96
149.45, 96
149.58, 96
149.58, 96
149.58, 96
149.58, 96
149.58, 96
149.61, 96
149.61, 96
149.62, 96
149.67, 96
149.74, 96
149.98, 96
149.98, 96
149.98, 96
150.23, 96
150.23, 96
150.23, 96
150.23, 96
150.23, 96
150.24, 96
150.24, 96
150.24, 96
150.27, 96
150.27, 96
150.36, 96
150.36, 96
150.36, 96
150.36, 96
150.36, 96
150.37, 96
150.37, 96
150.38, 96
150.63, 96
150.63, 96
150.64, 96
150.64, 96
150.64, 96
150.64, 96
150.65, 96
150.86, 96
150.87, 96
150.87, 96
150.87, 96
150.92, 96
150.92, 96
150.94, 96
150.94, 96
151.36, 96
151.36, 96
151.36, 96
151.39, 96
151.42, 96
151.42, 96
151.42, 96
151.42, 96
151.44, 96
151.44, 96
151.44, 96
151.44, 96
151.45, 96
151.45, 96
151.64, 96
151.64, 96
151.64, 96
151.64, 96
151.64, 96
151.69, 96
151.69, 96
151.69, 96
151.70, 96
151.70, 96
151.72, 96
151.85, 96
151.85, 96
151.86, 96
151.86, 96
151.86, 96
152.21, 96
152.21, 96
152.38, 96
152.38, 96
152.38, 96
152.38, 96
152.43, 96
152.43, 96
152.43, 96
152.43, 96
152.46, 96
152.46, 96
152.46, 96
152.46, 96
152.46, 96
152.46, 96
152.46, 96
152.46, 96
152.47, 96
152.47, 96
152.47, 96
152.47, 96
152.47, 96
152.47, 96
152.47, 96
152.47, 96
152.48, 96
152.72, 96
152.72, 96
152.72, 96
152.72, 96
152.73, 96
152.73, 96
152.82, 96
152.82, 96
152.82, 96
152.82, 96
152.82, 96
152.83, 96
152.83, 96
152.83, 96
152.83, 96
153.15, 96
153.15, 96
153.15, 96
153.16, 96
153.16, 96
153.16, 96
153.17, 96
153.39, 96
153.39, 96
153.40, 96
153.41, 96
153.42, 96
153.42, 96
153.43, 96
153.43, 96
153.43, 96
153.43, 96
153.59, 96
153.59, 96
153.59, 96
153.59, 96
153.59, 96
153.62, 96
153.62, 96
153.62, 96
153.62, 96
153.62, 96
153.62, 96
153.62, 96
153.63, 96
153.63, 96
153.63, 96
153.81, 96
153.89, 96
153.89, 96
153.90, 96
153.90, 96
153.90, 96
154.21, 96
154.21, 96
154.21, 96
154.22, 96
154.22, 96
154.22, 96
154.23, 96
154.23, 96
154.23, 96
154.23, 96
154.25, 96
154.25, 96
154.25, 96
154.26, 96
154.27, 96
154.27, 96
154.30, 96
154.46, 96
154.46, 96
154.46, 96
154.76, 96
154.76, 96
154.76, 96
154.77, 96
154.78, 96
154.78, 96
154.78, 96
154.78, 96
154.78, 96
154.78, 96
154.78, 96
154.78, 96
154.79, 96
154.79, 96
154.79, 96
154.79, 96
154.79, 96
154.81, 96
154.82, 96
154.82, 96
154.82, 96
154.83, 96
154.83, 96
154.83, 96
154.83, 96
154.83, 96
154.83, 96
154.83, 96
154.83, 96
154.83, 96
154.83, 96
154.87, 96
154.87, 96
155.20, 96
155.36, 96
155.36, 96
155.36, 96
155.47, 96
155.48, 96
155.48, 96
155.48, 96
155.50, 96
155.50, 96
155.50, 96
155.53, 96
155.53, 96
155.53, 96
155.58, 96
155.58, 96
155.58, 96
155.58, 96
155.58, 96
155.58, 96
155.58, 96
155.58, 96
155.59, 96
155.63, 96
155.64, 96
155.64, 96
155.64, 96
155.64, 96
155.64, 96
155.65, 96
155.65, 96
155.69, 96
155.70, 96
156.11, 96
156.11, 96
156.11, 96
156.12, 96
156.20, 96
156.21, 96
156.22, 96
156.29, 96
156.29, 96
156.60, 96
156.60, 96
156.60, 96
156.60, 96
156.60, 96
156.60, 96
156.60, 96
156.60, 96
156.60, 96
156.61, 96
156.61, 96
156.64, 96
156.65, 96
156.66, 96
156.66, 96
156.66, 96
156.66, 96
156.66, 96
156.67, 96
157.06, 96
157.09, 96
157.09, 96
157.09, 96
157.09, 96
157.09, 96
157.09, 96
157.13, 96
157.13, 96
157.16, 96
157.16, 96
157.25, 96
157.25, 96
157.25, 96
157.26, 96
157.26, 96
157.26, 96
157.26, 96
157.26, 96
157.26, 96
157.28, 96
157.28, 96
157.28, 96
157.45, 96
157.75, 96
157.76, 96
157.77, 96
157.78, 96
157.78, 96
158.08, 96
158.08, 96
158.18, 96
158.18, 96
158.18, 96
158.27, 96
158.27, 96
158.27, 96
158.29, 96
158.36, 96
158.38, 96
158.38, 96
158.38, 96
158.38, 96
158.38, 96
158.43, 96
158.43, 96
158.45, 96
158.46, 96
158.46, 96
158.46, 96
158.53, 96
158.53, 96
158.53, 96
158.53, 96
158.54, 96
158.55, 96
158.64, 96
158.64, 96
158.98, 96
158.98, 96
158.98, 96
158.98, 96
158.99, 96
158.99, 96
158.99, 96
158.99, 96
158.99, 96
159.01, 96
159.05, 96
159.06, 96
159.08, 96
159.14, 96
159.14, 96
159.15, 96
159.15, 96
159.16, 96
159.16, 96
159.17, 96
159.32, 96
159.53, 96
159.58, 96
159.59, 96
159.59, 96
159.59, 96
159.59, 96
159.70, 96
159.71, 96
159.71, 96
159.71, 96
159.71, 96
159.97, 96
159.97, 96
159.97, 96
159.97, 96
159.98, 96
159.99, 96
160.31, 96
160.31, 96
160.31, 96
160.31, 96
160.31, 96
160.31, 96
160.31, 96
160.31, 96
160.31, 96
160.32, 96
160.35, 96
160.35, 96
160.35, 96
160.35, 96
160.35, 96
160.35, 96
160.35, 96
160.36, 96
160.36, 96
160.37, 96
160.38, 96
160.38, 96
160.38, 96
160.38, 96
160.38, 96
160.38, 96
160.38, 96
160.39, 96
160.39, 96
160.39, 96
160.39, 96
160.39, 96
160.39, 96
160.39, 96
160.39, 96
160.40, 96
160.40, 96
160.41, 96
160.53, 96
160.53, 96
160.53, 96
160.55, 96
160.55, 96
160.55, 96
160.72, 96
160.72, 96
160.72, 96
160.76, 96
160.76, 96
160.76, 96
160.94, 96
161.10, 96
161.10, 96
161.10, 96
161.10, 96
161.11, 96
161.11, 96
161.11, 96
161.40, 96
161.41, 96
161.42, 96
161.42, 96
161.42, 96
161.42, 96
161.45, 96
161.45, 96
161.45, 96
161.47, 96
161.47, 96
161.47, 96
161.47, 96
161.48, 96
161.56, 96
161.56, 96
161.56, 96
161.56, 96
161.56, 96
161.56, 96
161.57, 96
161.57, 96
161.77, 96
161.77, 96
162.21, 96
162.21, 96
162.21, 96
162.22, 96
162.22, 96
162.23, 96
162.33, 96
162.33, 96
162.34, 96
162.34, 96
162.34, 96
162.34, 96
162.34, 96
162.34, 96
162.36, 96
162.36, 96
162.36, 96
162.44, 96
162.44, 96
162.45, 96
162.45, 96
162.45, 96
162.61, 96
162.61, 96
162.61, 96
162.61, 96
162.62, 96
162.63, 96
162.63, 96
163.57, 96
163.57, 96
163.57, 96
163.69, 96
163.69, 96
163.69, 96
163.69, 96
163.71, 96
164.20, 96
164.23, 96
164.23, 96
164.24, 96
164.24, 96
164.25, 96
164.25, 96
164.25, 96
164.25, 96
164.25, 96
164.43, 96
164.43, 96
164.43, 96
164.44, 96
164.44, 96
164.44, 96
164.44, 96
164.44, 96
164.92, 96
164.93, 96
165.19, 96
165.39, 96
165.40, 96
165.40, 96
165.40, 96
165.41, 96
165.41, 96
165.41, 96
165.41, 96
165.41, 96
165.49, 96
165.49, 96
165.50, 96
165.50, 96
165.50, 96
165.50, 96
165.53, 96
165.53, 96
165.53, 96
165.53, 96
165.53, 96
165.53, 96
165.53, 96
165.53, 96
165.85, 96
165.86, 96
165.87, 96
165.88, 96
165.88, 96
165.88, 96
165.88, 96
165.88, 96
165.91, 96
165.92, 96
165.92, 96
165.92, 96
165.92, 96
165.92, 96
165.92, 96
165.92, 96
165.92, 96
165.99, 96
165.99, 96
165.99, 96
165.99, 96
165.99, 96
165.99, 96
165.99, 96
165.99, 96
166.00, 96
166.00, 96
166.00, 96
166.00, 96
166.00, 96
166.00, 96
166.00, 96
166.17, 96
166.68, 96
166.68, 96
166.68, 96
166.69, 96
166.69, 96
166.70, 96
166.70, 96
166.82, 96
166.82, 96
166.82, 96
166.82, 96
166.82, 96
166.82, 96
166.83, 96
166.83, 96
166.83, 96
166.84, 96
166.85, 96
166.85, 96
166.90, 96
166.98, 96
166.98, 96
166.98, 96
166.98, 96
167.00, 96
167.00, 96
167.00, 96
167.04, 96
167.06, 96
167.06, 96
167.06, 96
167.07, 96
167.07, 96
167.07, 96
167.15, 96
167.15, 96
167.15, 96
167.38, 96
167.39, 96
167.42, 96
167.42, 96
167.47, 96
167.47, 96
167.47, 96
167.48, 96
167.48, 96
167.48, 96
167.48, 96
167.48, 96
167.48, 96
167.48, 96
167.48, 96
167.61, 96
167.61, 96
167.75, 96
167.75, 96
167.75, 96
167.92, 96
167.96, 96
167.96, 96
167.96, 96
167.96, 96
167.96, 96
167.96, 96
167.96, 96
167.96, 96
167.97, 96
167.97, 96
167.97, 96
167.97, 96
168.04, 96
168.04, 96
168.06, 96
168.06, 96
168.10, 96
168.10, 96
168.10, 96
168.12, 96
168.12, 96
168.13, 96
168.13, 96
168.13, 96
168.13, 96
168.13, 96
168.13, 96
168.13, 96
168.14, 96
168.14, 96
168.39, 96
168.41, 96
168.41, 96
168.42, 96
168.44, 96
168.44, 96
168.45, 96
168.45, 96
168.48, 96
168.51, 96
168.51, 96
168.51, 96
168.51, 96
168.52, 96
168.52, 96
168.52, 96
168.53, 96
168.69, 96
168.69, 96
168.71, 96
168.71, 96
168.71, 96
168.72, 96
168.72, 96
168.72, 96
168.73, 96
168.73, 96
168.74, 96
168.74, 96
168.76, 96
168.77, 96
168.84, 96
168.84, 96
168.85, 96
168.85, 96
168.85, 96
168.87, 96
168.87, 96
168.88, 96
168.90, 96
168.90, 96
168.97, 96
168.97, 96
168.98, 96
169.02, 96
169.02, 96
169.02, 96
169.02, 96
169.02, 96
169.03, 96
169.03, 96
169.13, 96
169.14, 96
169.14, 96
169.15, 96
169.15, 96
169.15, 96
169.58, 96
169.74, 96
169.76, 96
169.76, 96
169.79, 96
169.80, 96
169.88, 96
169.88, 96
169.88, 96
169.89, 96
169.89, 96
169.89, 96
170.06, 96
170.07, 96
170.31, 96
170.47, 96
170.47, 96
170.47, 96
170.47, 96
170.50, 96
170.51, 96
170.52, 96
170.52, 96
170.52, 96
170.52, 96
170.52, 96
170.52, 96
170.52, 96
170.52, 96
170.52, 96
170.53, 96
170.59, 96
170.88, 96
170.91, 96
170.93, 96
170.94, 96
170.95, 96
170.95, 96
171.05, 96
171.06, 96
171.06, 96
171.06, 96
171.07, 96
171.07, 96
171.07, 96
171.07, 96
171.07, 96
171.08, 96
171.08, 96
171.08, 96
171.08, 96
171.08, 96
171.19, 96
171.21, 96
171.22, 96
171.22, 96
171.22, 96
171.22, 96
171.23, 96
171.23, 96
171.23, 96
171.23, 96
171.23, 96
171.25, 96
171.25, 96
171.29, 96
171.29, 96
171.42, 96
171.42, 96
171.55, 96
171.56, 96
171.56, 96
171.56, 96
171.56, 96
171.57, 96
171.57, 96
171.62, 96
171.62, 96
171.62, 96
171.62, 96
171.62, 96
171.74, 96
171.76, 96
171.86, 96
171.90, 96
171.90, 96
171.90, 96
171.92, 96
171.93, 96
171.93, 96
171.93, 96
171.93, 96
171.93, 96
171.96, 96
172.05, 96
172.05, 96
172.05, 96
172.05, 96
172.06, 96
172.16, 96
172.16, 96
172.17, 96
172.18, 96
172.19, 96
172.19, 96
172.19, 96
172.33, 96
172.37, 96
172.45, 96
172.45, 96
172.45, 96
172.70, 96
172.70, 96
172.74, 96
172.75, 96
172.75, 96
172.77, 96
172.78, 96
172.78, 96
172.78, 96
172.95, 96
172.95, 96
172.95, 96
173.05, 96
173.05, 96
173.05, 96
173.09, 96
173.10, 96
173.10, 96
173.10, 96
173.12, 96
173.12, 96
173.12, 96
173.13, 96
173.46, 96
173.46, 96
173.46, 96
173.49, 96
173.49, 96
173.49, 96
173.57, 96
173.58, 96
173.72, 96
173.72, 96
173.73, 96
173.91, 96
173.92, 96
173.95, 96
173.95, 96
173.95, 96
173.95, 96
173.96, 96
173.96, 96
173.96, 96
173.97, 96
173.97, 96
173.97, 96
173.97, 96
173.98, 96
173.98, 96
173.99, 96
173.99, 96
173.99, 96
174.08, 96
174.09, 96
174.19, 96
174.21, 96
174.21, 96
174.22, 96
174.24, 96
174.24, 96
174.24, 96
174.24, 96
174.27, 96
174.27, 96
174.27, 96
174.29, 96
174.29, 96
174.29, 96
174.29, 96
174.29, 96
174.29, 96
174.30, 96
174.30, 96
174.31, 96
174.31, 96
174.31, 96
174.31, 96
174.31, 96
174.32, 96
174.32, 96
174.32, 96
174.32, 96
174.32, 96
174.32, 96
174.32, 96
174.34, 96
174.38, 96
174.39, 96
174.39, 96
174.39, 96
174.39, 96
174.39, 96
174.39, 96
174.39, 96
174.40, 96
174.40, 96
174.40, 96
174.41, 96
174.41, 96
174.41, 96
174.42, 96
174.42, 96
174.42, 96
174.42, 96
174.42, 96
174.43, 96
174.44, 96
174.44, 96
174.45, 96
174.54, 96
174.54, 96
174.54, 96
174.69, 96
174.71, 96
174.71, 96
174.71, 96
174.71, 96
174.71, 96
174.71, 96
174.72, 96
174.75, 96
174.76, 96
174.76, 96
174.76, 96
174.76, 96
174.77, 96
174.77, 96
174.78, 96
174.78, 96
174.78, 96
174.78, 96
174.79, 96
174.82, 96
174.82, 96
174.84, 96
174.85, 96
174.85, 96
174.85, 96
174.85, 96
174.87, 96
174.87, 96
174.87, 96
174.87, 96
174.87, 96
174.87, 96
174.87, 96
174.88, 96
175.04, 96
175.04, 96
175.21, 96
175.29, 96
175.29, 96
175.35, 96
175.35, 96
175.35, 96
175.36, 96
175.36, 96
175.36, 96
175.36, 96
175.36, 96
175.36, 96
175.36, 96
175.36, 96
175.37, 96
175.45, 96
175.45, 96
175.46, 96
175.49, 96
175.55, 96
175.71, 96
175.71, 96
175.71, 96
175.71, 96
175.73, 96
175.73, 96
175.74, 96
175.74, 96
175.75, 96
176.13, 96
176.13, 96
176.18, 96
176.77, 96
176.78, 96
176.78, 96
176.78, 96
176.78, 96
177.05, 96
177.06, 96
177.06, 96
177.06, 96
177.06, 96
177.08, 96
177.08, 96
177.09, 96
177.21, 96
177.31, 96
177.52, 96
177.52, 96
177.52, 96
177.69, 96
177.69, 96
177.72, 96
177.81, 96
177.81, 96
177.81, 96
177.81, 96
177.89, 96
177.89, 96
177.89, 96
177.89, 96
178.46, 96
178.47, 96
178.49, 96
178.51, 96
178.52, 96
178.52, 96
178.52, 96
178.52, 96
178.52, 96
178.52, 96
178.52, 96
178.74, 96
178.74, 96
178.74, 96
178.74, 96
178.74, 96
178.74, 96
178.74, 96
178.75, 96
178.75, 96
178.76, 96
178.95, 96
178.97, 96
178.97, 96
178.97, 96
179.08, 96
179.08, 96
179.30, 96
179.30, 96
179.30, 96
179.30, 96
179.30, 96
179.30, 96
179.30, 96
179.31, 96
179.31, 96
179.31, 96
179.31, 96
179.31, 96
179.46, 96
179.47, 96
179.47, 96
179.47, 96
179.47, 96
179.48, 96
179.48, 96
179.48, 96
179.48, 96
179.48, 96
179.50, 96
179.55, 96
179.55, 96
179.55, 96
179.55, 96
179.56, 96
179.56, 96
179.58, 96
179.59, 96
179.59, 96
179.59, 96
179.73, 96
179.73, 96
179.73, 96
179.73, 96
179.73, 96
179.73, 96
179.73, 96
179.73, 96
179.74, 96
179.74, 96
179.79, 96
179.79, 96
179.79, 96
179.92, 96
179.92, 96
180.05, 96
180.06, 96
180.06, 96
180.06, 96
180.09, 96
180.09, 96
180.09, 96
180.09, 96
180.09, 96
180.09, 96
180.09, 96
180.09, 96
180.10, 96
180.10, 96
180.10, 96
180.10, 96
180.10, 96
180.10, 96
180.10, 96
180.11, 96
180.11, 96
180.13, 96
180.13, 96
180.34, 96
180.34, 96
180.43, 96
180.50, 96
180.57, 96
180.57, 96
180.58, 96
180.58, 96
180.69, 96
180.71, 96
180.71, 96
180.71, 96
180.71, 96
180.71, 96
180.72, 96
180.73, 96
180.77, 96
180.77, 96
180.77, 96
181.21, 96
181.53, 96
181.53, 96
181.54, 96
181.54, 96
181.67, 96
181.67, 96
181.67, 96
181.67, 96
181.67, 96
181.80, 96
181.90, 96
181.90, 96
181.90, 96
181.90, 96
182.17, 96
182.17, 96
182.18, 96
182.25, 96
182.25, 96
182.25, 96
182.25, 96
182.25, 96
182.25, 96
182.37, 96
182.38, 96
182.38, 96
182.38, 96
182.38, 96
182.38, 96
182.39, 96
182.42, 96
182.42, 96
182.42, 96
182.42, 96
182.42, 96
182.42, 96
182.42, 96
182.43, 96
182.43, 96
182.46, 96
182.58, 96
182.58, 96
182.58, 96
182.58, 96
182.59, 96
182.59, 96
182.59, 96
182.60, 96
182.60, 96
182.60, 96
182.62, 96
182.70, 96
182.89, 96
182.89, 96
182.89, 96
182.89, 96
182.91, 96
182.91, 96
182.95, 96
183.11, 96
183.21, 96
183.21, 96
183.21, 96
183.22, 96
183.30, 96
183.43, 96
183.82, 96
184.04, 96
184.07, 96
184.10, 96
184.10, 96
184.25, 96
184.25, 96
184.25, 96
184.25, 96
184.30, 96
184.31, 96
184.31, 96
184.31, 96
184.31, 96
184.31, 96
184.31, 96
184.32, 96
184.32, 96
184.38, 96
184.38, 96
184.38, 96
184.39, 96
184.39, 96
184.39, 96
184.40, 96
184.40, 96
184.40, 96
184.40, 96
184.40, 96
184.40, 96
184.40, 96
184.40, 96
184.41, 96
184.55, 96
184.56, 96
184.56, 96
184.71, 96
184.71, 96
184.71, 96
184.71, 96
184.71, 96
184.95, 96
184.95, 96
184.96, 96
184.96, 96
184.96, 96
184.97, 96
184.97, 96
184.97, 96
184.99, 96
184.99, 96
184.99, 96
185.02, 96
185.03, 96
185.03, 96
185.03, 96
185.03, 96
185.09, 96
185.10, 96
185.10, 96
185.11, 96
185.11, 96
185.13, 96
185.13, 96
185.14, 96
185.17, 96
185.17, 96
185.17, 96
185.17, 96
185.17, 96
185.17, 96
185.19, 96
185.21, 96
185.21, 96
185.21, 96
185.22, 96
185.22, 96
185.24, 96
185.37, 96
185.37, 96
185.37, 96
185.38, 96
185.39, 96
185.39, 96
185.39, 96
185.39, 96
185.46, 96
185.46, 96
185.46, 96
185.47, 96
185.93, 96
185.93, 96
185.94, 96
185.94, 96
185.94, 96
185.94, 96
185.94, 96
185.94, 96
185.94, 96
185.94, 96
185.94, 96
185.96, 96
186.02, 96
186.02, 96
186.02, 96
186.02, 96
186.02, 96
186.14, 96
186.14, 96
186.14, 96
186.14, 96
186.14, 96
186.14, 96
186.26, 96
186.26, 96
186.27, 96
186.28, 96
186.66, 96
186.66, 96
186.67, 96
186.67, 96
186.67, 96
186.67, 96
186.92, 96
186.95, 96
186.95, 96
186.96, 96
186.96, 96
186.96, 96
186.96, 96
186.96, 96
186.96, 96
187.04, 96
187.18, 96
187.18, 96
187.28, 96
187.35, 96
187.46, 96
187.47, 96
187.47, 96
187.55, 96
187.55, 96
187.55, 96
187.55, 96
187.70, 96
187.70, 96
187.70, 96
187.75, 96
187.75, 96
187.75, 96
187.75, 96
187.75, 96
187.75, 96
187.76, 96
187.85, 96
187.85, 96
187.85, 96
187.85, 96
187.86, 96
187.87, 96
187.89, 96
187.89, 96
187.89, 96
187.89, 96
188.04, 96
188.04, 96
188.04, 96
188.04, 96
188.04, 96
188.04, 96
188.04, 96
188.04, 96
188.05, 96
188.05, 96
188.05, 96
188.05, 96
188.47, 96
188.64, 96
188.64, 96
188.64, 96
188.64, 96
188.64, 96
188.74, 96
188.74, 96
188.74, 96
188.75, 96
188.75, 96
188.75, 96
188.75, 96
188.75, 96
188.75, 96
188.75, 96
188.75, 96
189.10, 96
189.10, 96
189.10, 96
189.12, 96
189.12, 96
189.12, 96
189.13, 96
189.13, 96
189.13, 96
189.13, 96
189.43, 96
189.43, 96
189.47, 96
189.47, 96
189.47, 96
189.47, 96
189.54, 96
189.54, 96
189.54, 96
189.54, 96
189.54, 96
189.56, 96
189.56, 96
189.56, 96
189.57, 96
189.68, 96
189.69, 96
189.69, 96
189.69, 96
189.70, 96
189.70, 96
189.70, 96
189.71, 96
189.71, 96
189.71, 96
189.71, 96
189.75, 96
189.75, 96
189.75, 96
189.75, 96
189.92, 96
189.92, 96
189.92, 96
189.92, 96
189.95, 96
189.95, 96
189.95, 96
189.95, 96
189.95, 96
189.95, 96
190.19, 96
190.19, 96
190.32, 96
190.32, 96
190.33, 96
190.33, 96
190.33, 96
190.33, 96
190.33, 96
190.34, 96
190.34, 96
190.34, 96
190.34, 96
190.34, 96
190.35, 96
190.41, 96
190.42, 96
190.42, 96
190.42, 96
190.42, 96
190.45, 96
190.45, 96
190.45, 96
190.45, 96
190.45, 96
190.45, 96
190.59, 96
190.59, 96
190.59, 96
190.64, 96
190.64, 96
190.64, 96
190.65, 96
190.78, 96
190.97, 96
190.97, 96
190.97, 96
191.11, 96
191.11, 96
191.11, 96
191.11, 96
191.40, 96
191.49, 96
191.49, 96
191.65, 96
191.88, 96
191.88, 96
191.88, 96
191.88, 96
191.89, 96
191.92, 96
191.92, 96
191.93, 96
192.03, 96
192.03, 96
192.03, 96
192.03, 96
192.04, 96
192.27, 96
192.27, 96
192.28, 96
192.28, 96
192.28, 96
192.28, 96
192.29, 96
192.29, 96
192.29, 96
192.29, 96
192.31, 96
192.31, 96
192.67, 96
192.82, 96
192.82, 96
192.83, 96
192.83, 96
192.83, 96
192.83, 96
192.83, 96
192.83, 96
192.83, 96
192.83, 96
192.83, 96
192.96, 96
192.96, 96
192.96, 96
192.96, 96
192.96, 96
192.97, 96
192.99, 96
193.00, 96
193.30, 96
193.30, 96
193.30, 96
193.30, 96
193.47, 96
193.48, 96
193.48, 96
193.48, 96
193.48, 96
193.48, 96
193.65, 96
193.66, 96
193.66, 96
193.67, 96
193.67, 96
193.75, 96
193.75, 96
193.75, 96
193.75, 96
193.75, 96
193.75, 96
193.76, 96
193.80, 96
193.80, 96
193.85, 96
193.85, 96
193.88, 96
193.88, 96
193.88, 96
193.89, 96
193.89, 96
193.89, 96
193.89, 96
193.89, 96
193.89, 96
193.89, 96
193.90, 96
193.90, 96
193.90, 96
193.90, 96
193.90, 96
193.90, 96
193.90, 96
193.94, 96
193.94, 96
194.00, 96
194.00, 96
194.02, 96
194.03, 96
194.04, 96
194.04, 96
194.05, 96
194.17, 96
194.17, 96
194.17, 96
194.18, 96
194.18, 96
194.18, 96
194.18, 96
194.18, 96
194.18, 96
194.19, 96
194.19, 96
194.19, 96
194.19, 96
194.19, 96
194.19, 96
194.27, 96
194.28, 96
194.38, 96
194.38, 96
194.39, 96
194.50, 96
194.52, 96
194.52, 96
194.52, 96
194.53, 96
194.53, 96
194.53, 96
194.53, 96
194.55, 96
194.55, 96
194.56, 96
194.56, 96
194.56, 96
194.72, 96
194.87, 96
194.87, 96
194.87, 96
194.87, 96
194.87, 96
194.88, 96
194.88, 96
194.88, 96
194.96, 96
194.96, 96
194.96, 96
194.96, 96
194.97, 96
195.04, 96
195.04, 96
195.04, 96
195.12, 96
195.12, 96
195.13, 96
195.13, 96
195.13, 96
195.13, 96
195.13, 96
195.13, 96
195.13, 96
195.13, 96
195.15, 96
195.15, 96
195.47, 96
195.47, 96
195.47, 96
195.47, 96
195.47, 96
195.51, 96
195.61, 96
195.61, 96
195.62, 96
195.83, 96
195.88, 96
195.88, 96
195.88, 96
195.88, 96
195.89, 96
196.16, 96
196.16, 96
196.16, 96
196.16, 96
196.16, 96
196.17, 96
196.17, 96
196.17, 96
196.17, 96
196.17, 96
196.17, 96
196.17, 96
196.17, 96
196.18, 96
196.19, 96
196.20, 96
196.20, 96
196.33, 96
196.33, 96
196.33, 96
196.33, 96
196.37, 96
196.42, 96
196.42, 96
196.45, 96
196.45, 96
196.45, 96
196.72, 96
196.72, 96
196.72, 96
196.74, 96
196.84, 96
196.84, 96
196.85, 96
196.86, 96
196.86, 96
196.86, 96
196.86, 96
196.87, 96
196.87, 96
196.87, 96
196.87, 96
196.87, 96
196.87, 96
196.89, 96
196.89, 96
197.02, 96
197.03, 96
197.05, 96
197.05, 96
197.05, 96
197.05, 96
197.05, 96
197.05, 96
197.14, 96
197.15, 96
197.20, 96
197.29, 96
197.30, 96
197.38, 96
197.42, 96
197.43, 96
197.43, 96
197.43, 96
197.44, 96
197.58, 96
197.58, 96
197.59, 96
197.59, 96
197.60, 96
197.60, 96
197.60, 96
197.87, 96
197.90, 96
197.91, 96
197.99, 96
198.01, 96
198.01, 96
198.37, 96
198.37, 96
198.38, 96
198.38, 96
198.40, 96
198.40, 96
198.57, 96
198.57, 96
198.57, 96
198.58, 96
198.58, 96
198.58, 96
198.58, 96
198.62, 96
198.62, 96
198.77, 96
198.87, 96
198.87, 96
198.87, 96
198.89, 96
198.90, 96
199.21, 96
199.21, 96
199.33, 96
199.33, 96
199.33, 96
199.33, 96
199.33, 96
199.33, 96
199.35, 96
199.35, 96
199.39, 96
199.54, 96
199.71, 96
199.71, 96
199.71, 96
199.72, 96
199.72, 96
199.73, 96
199.73, 96
199.73, 96
199.73, 96
199.73, 96
199.73, 96
199.73, 96
199.74, 96
199.75, 96
199.75, 96
199.75, 96
199.91, 96
200.00, 96
200.03, 96
200.03, 96
200.04, 96
200.04, 96
200.04, 96
200.04, 96
200.05, 96
200.26, 96
200.27, 96
200.27, 96
200.32, 96
200.32, 96
200.32, 96
200.32, 96
200.32, 96
200.32, 96
200.33, 96
200.33, 96
200.33, 96
200.33, 96
200.33, 96
200.52, 96
200.52, 96
200.53, 96
200.53, 96
200.53, 96
200.54, 96
200.55, 96
200.55, 96
200.55, 96
200.62, 96
200.66, 96
200.78, 96
200.78, 96
200.78, 96
200.83, 96
200.83, 96
200.83, 96
201.04, 96
201.06, 96
201.06, 96
201.06, 96
201.07, 96
201.07, 96
201.07, 96
201.07, 96
201.09, 96
201.09, 96
201.15, 96
201.15, 96
201.15, 96
201.15, 96
201.15, 96
201.15, 96
201.16, 96
201.16, 96
201.16, 96
201.18, 96
201.18, 96
201.19, 96
201.19, 96
201.22, 96
201.22, 96
201.22, 96
201.22, 96
201.23, 96
201.23, 96
201.23, 96
201.26, 96
201.26, 96
201.26, 96
201.26, 96
201.26, 96
201.26, 96
201.27, 96
201.27, 96
201.28, 96
201.28, 96
201.28, 96
201.28, 96
201.28, 96
201.28, 96
201.30, 96
201.30, 96
201.30, 96
201.34, 96
201.34, 96
201.34, 96
201.34, 96
201.34, 96
201.34, 96
201.34, 96
201.73, 96
202.00, 96
202.00, 96
202.01, 96
202.01, 96
202.01, 96
202.02, 96
202.02, 96
202.07, 96
202.07, 96
202.07, 96
202.07, 96
202.07, 96
202.20, 96
202.20, 96
202.20, 96
202.25, 96
202.62, 96
202.63, 96
202.63, 96
202.63, 96
202.63, 96
202.63, 96
202.63, 96
202.66, 96
202.66, 96
202.66, 96
202.66, 96
202.66, 96
202.66, 96
202.66, 96
202.66, 96
202.80, 96
202.80, 96
202.80, 96
202.80, 96
202.80, 96
202.81, 96
202.81, 96
202.81, 96
202.81, 96
202.81, 96
202.82, 96
202.82, 96
202.87, 96
202.87, 96
202.87, 96
202.87, 96
202.88, 96
202.88, 96
202.94, 96
202.94, 96
202.94, 96
202.95, 96
202.95, 96
202.96, 96
202.96, 96
202.96, 96
202.97, 96
202.97, 96
202.99, 96
203.02, 96
203.02, 96
203.21, 96
203.28, 96
203.29, 96
203.70, 96
203.70, 96
203.70, 96
203.70, 96
203.70, 96
203.70, 96
203.70, 96
203.70, 96
203.71, 96
203.71, 96
203.99, 96
203.99, 96
204.00, 96
204.00, 96
204.00, 96
204.00, 96
204.00, 96
204.00, 96
204.02, 96
204.02, 96
204.02, 96
204.09, 96
204.09, 96
204.09, 96
204.11, 96
204.12, 96
204.12, 96
204.12, 96
204.12, 96
204.14, 96
204.14, 96
204.14, 96
204.14, 96
204.14, 96
204.27, 96
204.36, 96
204.36, 96
204.50, 96
204.71, 96
204.71, 96
204.71, 96
204.76, 96
204.79, 96
204.79, 96
204.79, 96
204.79, 96
204.79, 96
204.80, 96
205.08, 96
205.08, 96
205.08, 96
205.08, 96
205.08, 96
205.09, 96
205.10, 96
205.10, 96
205.16, 96
205.16, 96
205.16, 96
205.39, 96
205.40, 96
205.40, 96
205.40, 96
205.40, 96
205.40, 96
205.67, 96
205.69, 96
205.69, 96
205.69, 96
205.69, 96
205.69, 96
205.69, 96
205.70, 96
205.70, 96
205.70, 96
205.70, 96
205.82, 96
205.83, 96
205.83, 96
205.83, 96
205.83, 96
205.83, 96
205.83, 96
205.84, 96
206.37, 96
206.37, 96
206.37, 96
206.37, 96
206.38, 96
206.38, 96
206.50, 96
206.50, 96
206.51, 96
206.51, 96
206.51, 96
206.57, 96
206.58, 96
206.58, 96
206.60, 96
206.60, 96
206.60, 96
206.60, 96
206.60, 96
206.60, 96
206.60, 96
206.61, 96
206.61, 96
206.61, 96
206.61, 96
206.61, 96
206.61, 96
206.61, 96
206.83, 96
206.83, 96
207.15, 96
207.30, 96
207.30, 96
207.30, 96
207.31, 96
207.31, 96
207.31, 96
207.31, 96
207.31, 96
207.31, 96
207.31, 96
207.31, 96
207.31, 96
207.32, 96
207.32, 96
207.32, 96
207.32, 96
207.32, 96
207.32, 96
207.56, 96
207.61, 96
207.79, 96
207.81, 96
207.81, 96
207.82, 96
207.82, 96
208.08, 96
208.09, 96
208.09, 96
208.09, 96
208.09, 96
208.09, 96
208.09, 96
208.09, 96
208.09, 96
208.13, 96
208.15, 96
208.15, 96
208.17, 96
208.17, 96
208.17, 96
208.33, 96
208.33, 96
208.33, 96
208.45, 96
208.45, 96
208.46, 96
208.46, 96
208.46, 96
208.46, 96
208.46, 96
208.46, 96
208.46, 96
208.46, 96
208.46, 96
208.46, 96
208.48, 96
208.48, 96
208.48, 96
208.49, 96
208.49, 96
208.49, 96
208.50, 96
208.50, 96
208.53, 96
208.53, 96
208.54, 96
208.54, 96
208.54, 96
208.54, 96
208.54, 96
208.54, 96
208.63, 96
208.63, 96
208.63, 96
208.63, 96
208.68, 96
208.68, 96
208.68, 96
208.70, 96
208.72, 96
208.73, 96
208.84, 96
208.84, 96
208.84, 96
208.84, 96
208.87, 96
208.87, 96
208.88, 96
208.88, 96
208.88, 96
208.89, 96
209.23, 96
209.23, 96
209.26, 96
209.31, 96
209.32, 96
209.32, 96
209.33, 96
209.34, 96
209.34, 96
209.54, 96
209.54, 96
209.66, 96
209.82, 96
209.86, 96
209.86, 96
209.90, 96
209.90, 96
209.90, 96
209.91, 96
210.28, 96
210.28, 96
210.35, 96
210.35, 96
210.35, 96
210.68, 96
210.68, 96
210.74, 96
210.75, 96
210.75, 96
210.76, 96
210.76, 96
210.94, 96
210.96, 96
211.01, 96
211.06, 96
211.06, 96
211.06, 96
211.10, 96
211.11, 96
211.11, 96
211.11, 96
211.11, 96
211.12, 96
211.12, 96
211.12, 96
211.12, 96
211.12, 96
211.13, 96
211.13, 96
211.13, 96
211.13, 96
211.13, 96
211.17, 96
211.17, 96
211.17, 96
211.17, 96
211.17, 96
211.18, 96
211.22, 96
211.22, 96
211.22, 96
211.23, 96
211.23, 96
211.23, 96
211.23, 96
211.23, 96
211.51, 96
211.51, 96
211.51, 96
211.52, 96
211.58, 96
211.58, 96
211.60, 96
211.60, 96
211.60, 96
211.60, 96
211.61, 96
211.61, 96
211.61, 96
211.61, 96
211.63, 96
211.64, 96
211.64, 96
211.64, 96
211.64, 96
211.64, 96
211.65, 96
211.65, 96
211.65, 96
211.65, 96
211.65, 96
211.74, 96
211.74, 96
211.74, 96
211.74, 96
211.74, 96
211.74, 96
211.75, 96
211.75, 96
212.03, 96
212.03, 96
212.03, 96
212.03, 96
212.04, 96
212.15, 96
212.48, 96
212.48, 96
212.48, 96
212.48, 96
212.49, 96
212.49, 96
212.49, 96
212.58, 96
212.59, 96
212.59, 96
212.63, 96
212.66, 96
212.70, 96
212.70, 96
212.70, 96
212.70, 96
212.70, 96
212.71, 96
212.71, 96
212.71, 96
212.73, 96
212.73, 96
212.73, 96
213.40, 96
213.40, 96
213.48, 96
213.48, 96
213.49, 96
213.49, 96
213.53, 96
213.53, 96
213.72, 96
213.73, 96
213.73, 96
213.73, 96
213.73, 96
213.73, 96
214.02, 96
214.02, 96
214.02, 96
214.02, 96
214.03, 96
214.03, 96
214.04, 96
214.04, 96
214.04, 96
214.17, 96
214.17, 96
214.24, 96
214.36, 96
214.36, 96
214.47, 96
214.47, 96
214.48, 96
214.48, 96
214.58, 96
214.76, 96
214.76, 96
214.76, 96
214.77, 96
214.77, 96
214.87, 96
214.87, 96
214.87, 96
214.87, 96
215.34, 96
215.34, 96
215.34, 96
215.34, 96
215.34, 96
215.35, 96
215.35, 96
215.35, 96
215.35, 96
215.35, 96
215.35, 96
215.45, 96
215.46, 96
215.48, 96
215.78, 96
215.79, 96
215.94, 96
216.04, 96
216.05, 96
216.14, 96
216.14, 96
216.14, 96
216.14, 96
216.17, 96
216.17, 96
216.17, 96
216.18, 96
216.47, 96
216.48, 96
216.48, 96
216.48, 96
216.50, 96
216.53, 96
216.55, 96
216.55, 96
216.68, 96
216.88, 96
216.92, 96
216.92, 96
216.93, 96
217.14, 96
217.14, 96
217.18, 96
217.18, 96
217.18, 96
217.46, 96
217.58, 96
217.58, 96
217.59, 96
217.98, 96
218.15, 96
218.15, 96
218.15, 96
218.15, 96
218.18, 96
218.18, 96
218.19, 96
218.19, 96
218.20, 96
218.21, 96
218.21, 96
218.21, 96
218.21, 96
218.21, 96
218.22, 96
218.24, 96
218.24, 96
218.25, 96
218.25, 96
218.26, 96
218.31, 96
218.31, 96
218.31, 96
218.31, 96
218.31, 96
218.34, 96
218.35, 96
218.75, 96
218.91, 96
218.91, 96
218.91, 96
219.01, 96
219.01, 96
219.15, 96
219.15, 96
219.15, 96
219.15, 96
219.15, 96
219.15, 96
219.28, 96
219.34, 96
219.39, 96
219.39, 96
219.39, 96
219.39, 96
219.40, 96
219.64, 96
219.64, 96
219.64, 96
219.65, 96
219.78, 96
219.79, 96
219.90, 96
219.90, 96
220.04, 96
220.06, 96
220.06, 96
220.06, 96
220.06, 96
220.26, 96
220.48, 96
220.48, 96
220.74, 96
220.77, 96
220.96, 96
220.96, 96
220.97, 96
221.07, 96
221.07, 96
221.08, 96
221.08, 96
221.08, 96
221.08, 96
221.09, 96
221.09, 96
221.09, 96
221.10, 96
221.10, 96
221.11, 96
221.13, 96
221.13, 96
221.13, 96
221.13, 96
221.13, 96
221.14, 96
221.16, 96
221.16, 96
221.16, 96
221.16, 96
221.16, 96
221.17, 96
221.17, 96
221.20, 96
221.20, 96
221.20, 96
221.21, 96
221.21, 96
221.21, 96
221.21, 96
221.21, 96
221.21, 96
221.22, 96
221.23, 96
221.26, 96
221.32, 96
221.36, 96
221.36, 96
221.36, 96
221.36, 96
221.36, 96
221.36, 96
221.36, 96
221.82, 96
221.82, 96
221.89, 96
221.89, 96
221.89, 96
221.91, 96
221.91, 96
221.92, 96
221.92, 96
221.92, 96
221.93, 96
221.93, 96
221.93, 96
221.93, 96
221.93, 96
221.97, 96
221.97, 96
221.98, 96
222.10, 96
222.10, 96
222.10, 96
222.25, 96
222.26, 96
222.26, 96
222.40, 96
222.41, 96
222.41, 96
222.41, 96
222.41, 96
222.41, 96
222.41, 96
222.46, 96
222.75, 96
222.75, 96
222.75, 96
222.75, 96
222.75, 96
223.14, 96
223.14, 96
223.14, 96
223.14, 96
223.14, 96
223.14, 96
223.15, 96
223.15, 96
223.15, 96
223.16, 96
223.18, 96
223.18, 96
223.18, 96
223.33, 96
223.33, 96
223.34, 96
223.34, 96
223.52, 96
223.52, 96
223.52, 96
223.53, 96
223.53, 96
223.53, 96
223.53, 96
223.53, 96
223.56, 96
223.57, 96
223.68, 96
223.68, 96
223.68, 96
223.80, 96
223.80, 96
223.81, 96
223.85, 96
223.85, 96
223.85, 96
223.92, 96
223.92, 96
223.93, 96
223.94, 96
223.94, 96
223.94, 96
223.94, 96
224.57, 96
224.57, 96
224.57, 96
224.57, 96
224.61, 96
224.61, 96
225.14, 96
225.22, 96
225.22, 96
225.27, 96
225.27, 96
225.28, 96
225.28, 96
225.28, 96
225.30, 96
225.30, 96
225.30, 96
225.30, 96
225.30, 96
225.33, 96
225.34, 96
225.34, 96
225.34, 96
225.43, 96
225.44, 96
225.44, 96
225.44, 96
225.44, 96
225.44, 96
225.45, 96
225.45, 96
225.62, 96
225.73, 96
225.73, 96
226.06, 96
226.06, 96
226.06, 96
226.17, 96
226.17, 96
226.24, 96
226.24, 96
226.35, 96
226.35, 96
226.35, 96
226.49, 96
226.49, 96
226.49, 96
226.68, 96
226.68, 96
226.69, 96
226.81, 96
226.81, 96
226.81, 96
226.81, 96
226.81, 96
226.81, 96
226.82, 96
226.83, 96
226.83, 96
226.83, 96
226.88, 96
226.88, 96
226.88, 96
226.88, 96
226.88, 96
226.88, 96
227.08, 96
227.09, 96
227.09, 96
227.09, 96
227.09, 96
227.09, 96
227.09, 96
227.18, 96
227.18, 96
227.18, 96
227.19, 96
227.19, 96
227.22, 96
227.22, 96
227.22, 96
227.26, 96
227.26, 96
227.26, 96
227.26, 96
227.26, 96
227.26, 96
227.26, 96
227.28, 96
227.28, 96
227.28, 96
227.28, 96
227.28, 96
227.28, 96
227.28, 96
227.29, 96
227.29, 96
227.29, 96
227.29, 96
227.30, 96
227.30, 96
227.30, 96
227.51, 96
227.51, 96
227.51, 96
227.63, 96
227.64, 96
227.64, 96
227.65, 96
227.66, 96
227.66, 96
227.66, 96
227.68, 96
227.68, 96
227.74, 96
227.74, 96
227.74, 96
227.74, 96
227.74, 96
227.74, 96
227.74, 96
227.74, 96
227.74, 96
227.99, 96
228.02, 96
228.02, 96
228.02, 96
228.03, 96
228.53, 96
228.53, 96
228.54, 96
228.54, 96
228.54, 96
228.55, 96
228.62, 96
228.62, 96
228.63, 96
228.63, 96
228.63, 96
228.63, 96
228.63, 96
228.63, 96
228.63, 96
228.63, 96
228.63, 96
228.63, 96
228.64, 96
228.64, 96
228.64, 96
228.64, 96
228.65, 96
228.65, 96
228.65, 96
228.87, 96
228.87, 96
228.87, 96
228.88, 96
228.88, 96
228.88, 96
228.88, 96
228.88, 96
228.88, 96
228.88, 96
228.88, 96
228.88, 96
228.89, 96
228.89, 96
228.89, 96
228.89, 96
228.89, 96
228.89, 96
228.89, 96
228.89, 96
229.14, 96
229.14, 96
229.25, 96
229.48, 96
229.50, 96
229.52, 96
229.53, 96
229.53, 96
229.53, 96
229.75, 96
229.75, 96
229.93, 96
229.96, 96
229.96, 96
229.96, 96
229.96, 96
229.96, 96
229.96, 96
229.97, 96
229.97, 96
229.97, 96
229.98, 96
230.06, 96
230.06, 96
230.07, 96
230.07, 96
230.07, 96
230.07, 96
230.29, 96
230.29, 96
230.35, 96
230.35, 96
230.35, 96
230.35, 96
230.35, 96
230.35, 96
230.35, 96
230.38, 96
230.38, 96
230.38, 96
230.43, 96
230.46, 96
230.48, 96
230.48, 96
230.48, 96
230.48, 96
230.48, 96
230.51, 96
230.51, 96
230.52, 96
230.52, 96
230.52, 96
230.75, 96
230.75, 96
230.75, 96
230.76, 96
230.76, 96
230.77, 96
230.77, 96
230.77, 96
230.77, 96
230.78, 96
230.78, 96
230.78, 96
230.78, 96
230.78, 96
230.79, 96
230.79, 96
230.90, 96
230.90, 96
230.91, 96
230.91, 96
230.91, 96
230.91, 96
230.95, 96
230.95, 96
230.95, 96
230.95, 96
230.95, 96
230.97, 96
230.97, 96
231.04, 96
231.04, 96
231.04, 96
231.04, 96
231.07, 96
231.07, 96
231.07, 96
231.07, 96
231.08, 96
231.08, 96
231.08, 96
231.08, 96
231.15, 96
231.15, 96
231.15, 96
231.38, 96
231.38, 96
231.48, 96
231.49, 96
231.58, 96
231.59, 96
231.59, 96
231.60, 96
231.60, 96
231.60, 96
231.61, 96
231.61, 96
231.61, 96
231.61, 96
231.61, 96
231.69, 96
231.70, 96
231.70, 96
231.71, 96
231.71, 96
231.85, 96
231.86, 96
231.86, 96
231.86, 96
231.86, 96
231.86, 96
231.86, 96
231.86, 96
231.87, 96
231.88, 96
231.94, 96
231.94, 96
231.95, 96
231.95, 96
231.95, 96
231.95, 96
231.95, 96
231.96, 96
231.96, 96
231.96, 96
231.96, 96
231.97, 96
232.15, 96
232.15, 96
232.15, 96
232.24, 96
232.28, 96
232.29, 96
232.30, 96
232.31, 96
232.31, 96
232.31, 96
232.33, 96
232.33, 96
232.34, 96
232.34, 96
232.35, 96
232.37, 96
232.37, 96
232.37, 96
232.43, 96
232.43, 96
232.43, 96
232.43, 96
232.50, 96
232.51, 96
232.51, 96
232.51, 96
232.51, 96
232.51, 96
232.51, 96
232.51, 96
232.51, 96
232.52, 96
232.95, 96
232.95, 96
232.95, 96
232.96, 96
233.00, 96
233.00, 96
233.02, 96
233.02, 96
233.02, 96
233.02, 96
233.02, 96
233.02, 96
233.02, 96
233.03, 96
233.29, 96
233.37, 96
233.37, 96
233.37, 96
233.37, 96
233.37, 96
233.37, 96
233.45, 96
233.46, 96
233.46, 96
233.46, 96
233.46, 96
233.56, 96
233.56, 96
233.56, 96
233.56, 96
233.78, 96
233.78, 96
233.78, 96
233.78, 96
233.78, 96
234.10, 96
234.10, 96
234.11, 96
234.14, 96
234.14, 96
234.14, 96
234.14, 96
234.15, 96
234.15, 96
234.17, 96
234.18, 96
234.18, 96
234.18, 96
234.20, 96
234.20, 96
234.21, 96
234.31, 96
234.31, 96
234.31, 96
234.31, 96
234.31, 96
234.31, 96
234.32, 96
234.32, 96
234.32, 96
234.60, 96
234.61, 96
234.61, 96
234.61, 96
234.61, 96
234.61, 96
234.61, 96
234.61, 96
234.65, 96
234.65, 96
234.65, 96
234.66, 96
234.86, 96
234.87, 96
234.87, 96
234.87, 96
234.87, 96
234.93, 96
234.94, 96
234.94, 96
234.94, 96
234.95, 96
234.95, 96
234.96, 96
234.96, 96
234.96, 96
234.96, 96
234.99, 96
235.49, 96
235.50, 96
235.50, 96
235.51, 96
235.51, 96
235.51, 96
235.52, 96
235.52, 96
235.52, 96
235.52, 96
235.54, 96
235.54, 96
235.54, 96
235.54, 96
235.54, 96
235.55, 96
235.55, 96
235.55, 96
235.55, 96
235.63, 96
235.63, 96
235.63, 96
235.63, 96
235.63, 96
235.63, 96
235.63, 96
235.63, 96
235.91, 96
235.91, 96
235.91, 96
235.91, 96
235.95, 96
235.95, 96
235.95, 96
235.96, 96
235.96, 96
235.96, 96
236.17, 96
236.18, 96
236.18, 96
236.24, 96
236.24, 96
236.24, 96
236.56, 96
236.56, 96
236.56, 96
236.56, 96
236.64, 96
236.69, 96
236.70, 96
236.70, 96
236.70, 96
236.70, 96
236.70, 96
236.70, 96
236.70, 96
236.70, 96
236.71, 96
236.71, 96
236.77, 96
236.77, 96
236.78, 96
237.03, 96
237.03, 96
237.03, 96
237.03, 96
237.03, 96
237.03, 96
237.04, 96
237.04, 96
237.04, 96
237.04, 96
237.09, 96
237.09, 96
237.09, 96
237.09, 96
237.09, 96
237.10, 96
237.10, 96
237.13, 96
237.14, 96
237.23, 96
237.23, 96
237.24, 96
237.26, 96
237.26, 96
237.26, 96
237.27, 96
237.27, 96
237.28, 96
237.28, 96
237.28, 96
237.52, 96
237.59, 96
237.59, 96
237.59, 96
237.59, 96
237.80, 96
237.80, 96
238.51, 96
238.57, 96
238.57, 96
238.80, 96
238.82, 96
238.83, 96
238.83, 96
238.83, 96
238.84, 96
238.84, 96
238.84, 96
239.31, 96
239.31, 96
239.31, 96
239.31, 96
239.33, 96
239.34, 96
239.34, 96
239.35, 96
239.35, 96
239.35, 96
239.35, 96
239.35, 96
239.42, 96
239.42, 96
239.52, 96
239.52, 96
239.65, 96
239.65, 96
239.66, 96
239.66, 96
239.66, 96
239.66, 96
239.66, 96
239.87, 96
239.91, 96
239.92, 96
239.93, 96
239.93, 96
239.93, 96
