0.02, 102
0.02, 100
0.02, 99
0.02, 99
0.02, 99
0.02, 99
0.02, 99
0.02, 98
0.03, 98
0.03, 98
0.03, 98
0.03, 98
0.03, 98
0.03, 98
0.04, 98
0.05, 98
0.05, 98
0.05, 98
0.05, 98
0.06, 97
0.06, 97
0.06, 97
0.07, 97
0.07, 97
0.07, 97
0.07, 97
0.08, 97
0.08, 97
0.08, 97
0.08, 97
0.08, 97
0.09, 97
0.09, 97
0.09, 97
0.09, 97
0.09, 97
0.10, 97
0.10, 97
0.10, 97
0.10, 97
0.10, 97
0.10, 97
0.12, 97
0.12, 97
0.12, 97
0.12, 97
0.12, 97
0.12, 97
0.12, 97
0.12, 97
0.18, 97
0.18, 97
0.20, 97
0.20, 97
0.20, 97
0.20, 97
0.20, 97
0.20, 97
0.20, 97
0.21, 97
0.24, 97
0.24, 97
0.25, 97
0.25, 97
0.25, 97
0.25, 97
0.25, 97
0.25, 97
0.25, 97
0.25, 97
0.26, 97
0.26, 97
0.28, 97
0.29, 97
0.29, 97
0.29, 97
0.31, 97
0.31, 97
0.31, 97
0.31, 97
0.31, 97
0.31, 97
0.31, 97
0.31, 97
0.32, 97
0.34, 97
0.35, 97
0.35, 97
0.35, 97
0.36, 97
0.36, 97
0.36, 97
0.36, 97
0.36, 97
0.36, 97
0.37, 97
0.37, 97
0.37, 97
0.38, 97
0.38, 96
0.38, 96
0.38, 96
0.38, 96
0.39, 96
0.39, 96
0.43, 96
0.43, 96
0.43, 96
0.45, 96
0.46, 96
0.46, 96
0.48, 96
0.49, 96
0.49, 96
0.49, 96
0.53, 96
0.53, 96
0.53, 96
0.53, 96
0.77, 96
0.77, 96
0.77, 96
0.77, 96
0.77, 96
0.80, 96
0.80, 96
0.80, 96
0.83, 96
0.83, 96
0.86, 96
0.86, 96
0.86, 96
0.86, 96
0.86, 96
0.86, 96
0.87, 96
1.08, 96
1.11, 96
1.12, 96
1.12, 96
1.19, 96
1.19, 96
1.69, 96
1.69, 96
1.69, 96
1.70, 96
1.71, 96
1.72, 96
1.72, 96
1.72, 96
1.72, 96
1.72, 96
1.74, 96
1.75, 96
1.75, 96
1.75, 96
1.75, 96
1.83, 96
1.83, 96
1.83, 96
1.83, 96
1.83, 96
1.84, 96
1.88, 96
1.88, 96
1.88, 96
1.90, 96
1.90, 96
1.92, 96
1.93, 96
1.94, 96
1.94, 96
1.95, 96
1.96, 96
1.96, 96
1.96, 96
1.96, 96
1.96, 96
1.97, 96
1.97, 96
1.97, 96
1.97, 96
1.97, 96
2.33, 96
2.34, 96
2.34, 96
2.34, 96
2.34, 96
2.34, 96
2.34, 96
2.34, 96
2.77, 96
2.77, 96
2.77, 96
2.89, 96
2.89, 96
2.89, 96
2.89, 96
2.90, 96
2.90, 96
2.90, 96
3.07, 96
3.11, 96
3.11, 96
3.11, 96
3.11, 96
3.11, 96
3.11, 96
3.12, 96
3.12, 96
3.12, 96
3.13, 96
3.13, 96
3.13, 96
3.13, 96
3.13, 96
3.13, 96
3.13, 96
3.15, 96
3.15, 96
3.17, 96
3.17, 96
3.17, 96
3.18, 96
3.18, 96
3.18, 96
3.18, 96
3.18, 96
3.18, 96
3.18, 96
3.19, 96
3.19, 96
3.19, 96
3.19, 96
3.20, 96
3.20, 96
3.20, 96
3.22, 96
3.22, 96
3.22, 96
3.22, 96
3.22, 96
3.22, 96
3.24, 96
3.24, 96
3.24, 96
3.24, 96
3.24, 96
3.25, 96
3.25, 96
3.25, 96
3.26, 96
3.26, 96
3.26, 96
3.26, 96
3.26, 96
3.29, 96
3.29, 96
3.29, 96
3.29, 96
3.43, 96
3.43, 96
3.43, 96
3.46, 96
3.47, 96
3.47, 96
3.47, 96
3.47, 96
3.48, 96
3.48, 96
3.48, 96
3.48, 96
3.58, 96
3.58, 96
3.59, 96
3.59, 96
3.64, 96
3.65, 96
3.68, 96
3.68, 96
3.68, 96
3.68, 96
3.68, 96
3.69, 96
3.69, 96
3.69, 96
3.70, 96
3.70, 96
3.81, 96
3.81, 96
3.81, 96
3.81, 96
3.82, 96
3.82, 96
3.82, 96
3.89, 96
3.89, 96
3.90, 96
3.90, 96
3.90, 96
3.90, 96
3.91, 96
3.91, 96
3.91, 96
3.91, 96
3.92, 96
3.92, 96
3.92, 96
3.92, 96
3.92, 96
3.92, 96
3.97, 96
3.97, 96
3.97, 96
3.97, 96
3.97, 96
4.05, 96
4.05, 96
4.05, 96
4.05, 96
4.05, 96
4.06, 96
4.06, 96
4.06, 96
4.06, 96
4.22, 96
4.54, 96
4.62, 96
4.62, 96
4.62, 96
4.63, 96
4.63, 96
4.64, 96
4.64, 96
4.64, 96
4.64, 96
4.64, 96
4.64, 96
4.65, 96
4.66, 96
4.66, 96
4.74, 96
4.74, 96
4.75, 96
4.75, 96
4.75, 96
4.75, 96
4.84, 96
4.85, 96
4.85, 96
4.88, 96
4.88, 96
4.99, 96
4.99, 96
4.99, 96
5.00, 96
5.01, 96
5.02, 96
5.02, 96
5.04, 96
5.07, 96
5.07, 96
5.07, 96
5.08, 96
5.08, 96
5.08, 96
5.08, 96
5.08, 96
5.08, 96
5.08, 96
5.08, 96
5.09, 96
5.11, 96
5.11, 96
5.14, 96
5.15, 96
5.15, 96
5.15, 96
5.15, 96
5.15, 96
5.15, 96
5.19, 96
5.19, 96
5.19, 96
5.19, 96
5.19, 96
5.19, 96
5.23, 96
5.23, 96
5.23, 96
5.23, 96
5.23, 96
5.25, 96
5.25, 96
5.27, 96
5.30, 96
5.30, 96
5.30, 96
5.30, 96
5.30, 96
5.30, 96
5.34, 96
5.34, 96
5.34, 96
5.34, 96
5.35, 96
5.35, 96
5.35, 96
5.35, 96
5.35, 96
5.35, 96
5.35, 96
5.35, 96
5.35, 96
5.38, 96
5.38, 96
5.39, 96
5.39, 96
5.40, 96
5.40, 96
5.40, 96
5.83, 96
5.83, 96
5.84, 96
5.84, 96
5.85, 96
5.85, 96
5.85, 96
5.85, 96
5.86, 96
5.86, 96
5.89, 96
5.89, 96
5.93, 96
5.93, 96
5.94, 96
5.95, 96
5.95, 96
5.95, 96
5.95, 96
6.14, 96
6.14, 96
6.14, 96
6.14, 96
6.14, 96
6.15, 96
6.15, 96
6.15, 96
6.15, 96
6.16, 96
6.16, 96
6.16, 96
6.16, 96
6.16, 96
6.25, 96
6.26, 96
6.27, 96
6.27, 96
6.27, 96
6.28, 96
6.28, 96
6.28, 96
6.28, 96
6.28, 96
6.28, 96
6.28, 96
6.28, 96
6.31, 96
6.31, 96
6.31, 96
6.31, 96
6.41, 96
6.50, 96
6.50, 96
6.50, 96
6.50, 96
6.51, 96
6.64, 96
6.66, 96
6.78, 96
6.78, 96
6.78, 96
6.88, 96
6.88, 96
7.50, 96
7.86, 96
7.91, 96
7.91, 96
8.40, 96
8.53, 96
8.53, 96
8.56, 96
8.56, 96
8.76, 96
8.76, 96
9.03, 96
9.23, 96
9.31, 96
9.31, 96
9.31, 96
9.48, 96
9.50, 96
9.76, 96
9.76, 96
9.98, 96
10.07, 96
10.08, 96
10.13, 96
10.13, 96
10.13, 96
10.19, 96
10.19, 96
10.20, 96
10.20, 96
10.21, 96
10.21, 96
10.21, 96
10.21, 96
10.21, 96
10.22, 96
10.22, 96
10.22, 96
10.23, 96
10.23, 96
10.23, 96
10.23, 96
10.23, 96
10.24, 96
10.27, 96
10.27, 96
10.33, 96
10.33, 96
10.33, 96
10.33, 96
10.34, 96
10.34, 96
10.34, 96
10.34, 96
10.34, 96
10.39, 96
10.44, 96
10.44, 96
10.44, 96
10.44, 96
10.45, 96
10.45, 96
10.51, 96
10.60, 96
10.60, 96
10.60, 96
10.60, 96
10.61, 96
10.61, 96
10.61, 96
10.61, 96
10.61, 96
10.61, 96
10.61, 96
10.63, 96
10.63, 96
10.63, 96
10.65, 96
10.65, 96
10.71, 96
10.71, 96
10.75, 96
10.75, 96
10.76, 96
10.77, 96
10.77, 96
10.77, 96
10.82, 96
10.82, 96
10.82, 96
10.82, 96
10.82, 96
10.83, 96
10.83, 96
10.83, 96
10.83, 96
10.83, 96
10.83, 96
10.83, 96
10.83, 96
11.04, 96
11.04, 96
11.36, 96
11.41, 96
11.42, 96
11.43, 96
11.44, 96
11.47, 96
11.48, 96
11.49, 96
11.49, 96
11.78, 96
11.78, 96
11.78, 96
11.78, 96
11.96, 96
11.96, 96
11.96, 96
11.96, 96
11.96, 96
11.96, 96
11.96, 96
11.96, 96
11.97, 96
11.97, 96
11.97, 96
12.01, 96
12.01, 96
12.01, 96
12.01, 96
12.02, 96
12.02, 96
12.02, 96
12.02, 96
12.02, 96
12.02, 96
12.02, 96
12.02, 96
12.03, 96
12.03, 96
12.03, 96
12.77, 96
12.78, 96
12.78, 96
12.78, 96
12.78, 96
12.78, 96
12.79, 96
12.79, 96
12.79, 96
12.80, 96
12.80, 96
12.80, 96
12.80, 96
12.80, 96
12.90, 96
12.91, 96
13.03, 96
13.03, 96
13.03, 96
13.04, 96
13.07, 96
13.08, 96
13.08, 96
13.08, 96
13.08, 96
13.08, 96
13.08, 96
13.08, 96
13.08, 96
13.09, 96
13.10, 96
13.10, 96
13.10, 96
13.13, 96
13.13, 96
13.13, 96
13.13, 96
13.14, 96
13.15, 96
13.22, 96
13.22, 96
13.23, 96
13.24, 96
13.25, 96
13.25, 96
13.25, 96
13.26, 96
13.26, 96
13.27, 96
13.66, 96
13.66, 96
13.66, 96
13.66, 96
13.66, 96
13.66, 96
13.66, 96
13.67, 96
13.67, 96
13.67, 96
13.68, 96
13.99, 96
13.99, 96
13.99, 96
13.99, 96
14.12, 96
14.12, 96
14.27, 96
14.27, 96
14.27, 96
14.27, 96
14.34, 96
14.51, 96
14.51, 96
14.52, 96
14.52, 96
14.52, 96
14.52, 96
14.52, 96
14.52, 96
14.53, 96
14.54, 96
14.73, 96
14.73, 96
14.74, 96
14.74, 96
14.74, 96
14.74, 96
14.74, 96
14.78, 96
14.78, 96
14.78, 96
14.78, 96
14.78, 96
14.78, 96
14.79, 96
14.79, 96
14.79, 96
14.79, 96
14.79, 96
14.79, 96
14.79, 96
14.87, 96
14.87, 96
14.87, 96
14.90, 96
14.91, 96
14.91, 96
14.91, 96
14.91, 96
14.91, 96
14.91, 96
14.91, 96
14.91, 96
14.91, 96
14.92, 96
14.92, 96
15.14, 96
15.14, 96
15.16, 96
15.16, 96
15.16, 96
15.19, 96
15.19, 96
15.19, 96
15.20, 96
15.20, 96
15.25, 96
15.25, 96
15.25, 96
15.26, 96
15.40, 96
15.40, 96
15.40, 96
15.40, 96
15.40, 96
15.40, 96
15.41, 96
15.41, 96
15.41, 96
15.56, 96
15.59, 96
15.59, 96
15.59, 96
15.62, 96
15.62, 96
15.64, 96
15.89, 96
15.99, 96
15.99, 96
15.99, 96
16.31, 96
16.31, 96
16.43, 96
16.43, 96
16.43, 96
16.43, 96
16.44, 96
16.44, 96
16.44, 96
16.44, 96
16.44, 96
16.44, 96
16.44, 96
16.45, 96
16.67, 96
16.67, 96
16.67, 96
16.67, 96
16.67, 96
16.67, 96
16.67, 96
16.67, 96
16.68, 96
16.71, 96
16.71, 96
16.71, 96
16.71, 96
16.86, 96
16.86, 96
16.86, 96
16.87, 96
16.87, 96
16.88, 96
16.88, 96
16.88, 96
16.88, 96
16.88, 96
16.88, 96
16.88, 96
16.89, 96
16.91, 96
16.96, 96
16.96, 96
16.96, 96
16.97, 96
16.97, 96
16.99, 96
16.99, 96
17.01, 96
17.03, 96
17.03, 96
17.06, 96
17.06, 96
17.11, 96
17.13, 96
17.13, 96
17.13, 96
17.36, 96
17.36, 96
17.48, 96
17.50, 96
17.51, 96
17.51, 96
17.51, 96
17.51, 96
17.52, 96
17.52, 96
17.52, 96
17.52, 96
17.58, 96
17.58, 96
17.59, 96
17.62, 96
17.73, 96
17.73, 96
17.73, 96
17.74, 96
17.75, 96
17.75, 96
17.75, 96
17.75, 96
17.78, 96
17.80, 96
17.80, 96
17.80, 96
17.81, 96
17.86, 96
17.97, 96
18.14, 96
18.14, 96
18.14, 96
18.15, 96
18.15, 96
18.15, 96
18.32, 96
18.32, 96
18.49, 96
18.49, 96
18.50, 96
18.50, 96
18.51, 96
18.60, 96
18.64, 96
18.65, 96
18.66, 96
18.66, 96
18.66, 96
18.66, 96
18.77, 96
18.79, 96
18.79, 96
18.79, 96
18.81, 96
18.81, 96
18.81, 96
18.81, 96
18.81, 96
18.81, 96
18.87, 96
18.94, 96
18.94, 96
18.94, 96
18.94, 96
18.96, 96
18.96, 96
18.97, 96
18.97, 96
18.99, 96
18.99, 96
19.04, 96
19.30, 96
19.43, 96
19.44, 96
19.44, 96
19.44, 96
19.47, 96
19.47, 96
19.47, 96
19.47, 96
19.49, 96
19.49, 96
19.49, 96
19.50, 96
19.53, 96
19.57, 96
19.85, 96
19.85, 96
20.07, 96
20.07, 96
20.07, 96
20.08, 96
20.08, 96
20.08, 96
20.10, 96
20.10, 96
20.10, 96
20.10, 96
20.11, 96
20.11, 96
20.11, 96
20.11, 96
20.11, 96
20.23, 96
20.23, 96
20.33, 96
20.33, 96
20.38, 96
20.38, 96
20.39, 96
20.39, 96
20.39, 96
20.39, 96
20.39, 96
20.40, 96
20.40, 96
20.71, 96
20.71, 96
20.71, 96
20.72, 96
20.72, 96
20.72, 96
20.72, 96
20.72, 96
20.82, 96
20.82, 96
20.82, 96
20.82, 96
20.89, 96
20.89, 96
20.89, 96
20.89, 96
20.89, 96
20.91, 96
20.92, 96
20.92, 96
20.92, 96
20.92, 96
20.92, 96
20.92, 96
20.96, 96
20.96, 96
20.96, 96
21.11, 96
21.11, 96
21.15, 96
21.16, 96
21.16, 96
21.27, 96
21.62, 96
21.62, 96
21.62, 96
21.63, 96
21.63, 96
21.64, 96
21.64, 96
21.67, 96
21.67, 96
21.67, 96
21.67, 96
21.67, 96
21.72, 96
21.72, 96
21.72, 96
21.73, 96
21.89, 96
21.89, 96
21.90, 96
21.90, 96
21.90, 96
21.90, 96
21.90, 96
21.90, 96
22.18, 96
22.42, 96
22.42, 96
22.47, 96
22.47, 96
22.72, 96
22.72, 96
22.72, 96
22.73, 96
22.73, 96
22.73, 96
22.73, 96
22.73, 96
22.73, 96
22.73, 96
22.76, 96
22.78, 96
22.87, 96
22.90, 96
22.90, 96
22.90, 96
22.91, 96
22.91, 96
22.92, 96
22.92, 96
22.92, 96
22.92, 96
22.92, 96
22.92, 96
22.92, 96
22.92, 96
22.92, 96
22.93, 96
22.93, 96
22.93, 96
22.98, 96
22.99, 96
23.00, 96
23.07, 96
23.07, 96
23.07, 96
23.08, 96
23.08, 96
23.09, 96
23.09, 96
23.15, 96
23.15, 96
23.15, 96
23.15, 96
23.47, 96
23.47, 96
23.47, 96
23.47, 96
23.49, 96
23.55, 96
23.55, 96
23.55, 96
23.56, 96
23.56, 96
23.56, 96
23.70, 96
23.72, 96
23.72, 96
23.72, 96
23.73, 96
23.75, 96
23.83, 96
23.83, 96
23.84, 96
24.05, 96
24.05, 96
24.05, 96
24.05, 96
24.15, 96
24.16, 96
24.16, 96
24.16, 96
24.16, 96
24.16, 96
24.24, 96
24.24, 96
24.24, 96
24.24, 96
24.24, 96
24.25, 96
24.25, 96
24.25, 96
24.25, 96
24.25, 96
24.25, 96
24.26, 96
24.26, 96
24.26, 96
24.26, 96
24.27, 96
24.27, 96
24.27, 96
24.27, 96
24.27, 96
24.27, 96
24.28, 96
24.29, 96
24.29, 96
24.31, 96
24.53, 96
24.86, 96
24.86, 96
24.86, 96
24.86, 96
24.87, 96
24.87, 96
24.91, 96
24.91, 96
24.91, 96
24.91, 96
24.91, 96
25.06, 96
25.06, 96
25.07, 96
25.08, 96
25.28, 96
25.28, 96
25.28, 96
25.30, 96
25.30, 96
25.30, 96
25.42, 96
25.68, 96
25.68, 96
25.68, 96
25.70, 96
25.70, 96
25.71, 96
25.71, 96
25.71, 96
25.73, 96
25.73, 96
25.77, 96
25.77, 96
25.78, 96
25.78, 96
25.79, 96
25.79, 96
25.79, 96
25.80, 96
25.80, 96
25.81, 96
25.88, 96
25.88, 96
25.88, 96
25.88, 96
25.88, 96
25.88, 96
26.11, 96
26.11, 96
26.11, 96
26.11, 96
26.24, 96
26.32, 96
26.32, 96
26.33, 96
26.33, 96
26.34, 96
26.34, 96
26.34, 96
26.34, 96
26.34, 96
26.34, 96
26.34, 96
26.34, 96
26.56, 96
26.67, 96
26.67, 96
26.67, 96
26.67, 96
26.68, 96
26.68, 96
26.68, 96
26.68, 96
26.68, 96
26.68, 96
26.73, 96
26.73, 96
26.77, 96
26.77, 96
26.77, 96
26.77, 96
26.77, 96
26.78, 96
26.78, 96
26.78, 96
26.79, 96
26.81, 96
26.81, 96
26.81, 96
26.81, 96
26.92, 96
26.92, 96
26.92, 96
26.92, 96
26.92, 96
26.95, 96
26.96, 96
26.96, 96
26.96, 96
26.96, 96
26.96, 96
26.96, 96
27.03, 96
27.04, 96
27.04, 96
27.04, 96
27.04, 96
27.14, 96
27.14, 96
27.15, 96
27.15, 96
27.57, 96
27.57, 96
27.57, 96
27.57, 96
27.57, 96
27.63, 96
27.63, 96
27.63, 96
27.63, 96
27.70, 96
27.70, 96
27.70, 96
27.72, 96
27.72, 96
27.72, 96
27.76, 96
27.77, 96
27.77, 96
27.77, 96
27.81, 96
27.81, 96
27.81, 96
27.81, 96
27.81, 96
27.82, 96
27.83, 96
27.83, 96
27.84, 96
27.84, 96
27.84, 96
27.85, 96
27.85, 96
27.85, 96
27.85, 96
27.85, 96
28.08, 96
28.08, 96
28.09, 96
28.09, 96
28.10, 96
28.10, 96
28.10, 96
28.10, 96
28.10, 96
28.10, 96
28.12, 96
28.12, 96
28.14, 96
28.14, 96
28.14, 96
28.27, 96
28.27, 96
28.27, 96
28.81, 96
28.86, 96
29.05, 96
29.05, 96
29.05, 96
29.12, 96
29.12, 96
29.12, 96
29.13, 96
29.13, 96
29.13, 96
29.14, 96
29.44, 96
29.44, 96
29.48, 96
29.48, 96
29.48, 96
29.55, 96
29.55, 96
29.55, 96
29.56, 96
29.56, 96
29.56, 96
29.56, 96
29.56, 96
29.56, 96
29.57, 96
29.57, 96
29.57, 96
29.57, 96
29.57, 96
29.57, 96
29.58, 96
29.58, 96
29.66, 96
29.66, 96
29.66, 96
29.67, 96
29.67, 96
29.67, 96
29.67, 96
29.67, 96
29.68, 96
29.68, 96
29.68, 96
29.68, 96
29.71, 96
29.71, 96
29.76, 96
29.76, 96
29.76, 96
29.76, 96
29.76, 96
29.86, 96
29.86, 96
29.86, 96
29.86, 96
29.88, 96
29.88, 96
29.88, 96
29.95, 96
29.95, 96
29.95, 96
29.95, 96
29.96, 96
29.96, 96
30.01, 96
30.01, 96
30.01, 96
30.02, 96
30.02, 96
30.03, 96
30.05, 96
30.05, 96
30.05, 96
30.05, 96
30.05, 96
30.06, 96
30.06, 96
30.09, 96
30.10, 96
30.14, 96
30.16, 96
30.16, 96
30.16, 96
30.16, 96
30.16, 96
30.16, 96
30.16, 96
30.17, 96
30.17, 96
30.17, 96
30.17, 96
30.27, 96
30.28, 96
30.28, 96
30.38, 96
30.39, 96
30.39, 96
30.39, 96
30.41, 96
30.46, 96
30.48, 96
30.49, 96
30.49, 96
30.80, 96
30.82, 96
30.82, 96
31.13, 96
31.14, 96
31.14, 96
31.14, 96
31.14, 96
31.14, 96
31.26, 96
31.27, 96
31.27, 96
31.28, 96
31.28, 96
31.28, 96
31.31, 96
31.32, 96
31.32, 96
31.32, 96
31.33, 96
31.34, 96
31.35, 96
31.35, 96
31.35, 96
31.35, 96
31.69, 96
31.69, 96
31.69, 96
31.69, 96
31.70, 96
31.90, 96
31.91, 96
31.91, 96
32.28, 96
32.28, 96
32.29, 96
32.29, 96
32.29, 96
32.34, 96
32.34, 96
32.38, 96
32.38, 96
32.38, 96
32.38, 96
32.39, 96
32.39, 96
32.39, 96
32.39, 96
32.39, 96
32.39, 96
32.46, 96
32.47, 96
32.52, 96
32.52, 96
32.52, 96
32.52, 96
32.52, 96
32.52, 96
32.58, 96
32.59, 96
32.59, 96
32.59, 96
32.59, 96
32.59, 96
32.59, 96
32.59, 96
32.67, 96
32.67, 96
32.67, 96
32.67, 96
32.67, 96
32.77, 96
32.77, 96
32.77, 96
32.78, 96
32.78, 96
32.78, 96
32.78, 96
32.78, 96
32.78, 96
32.80, 96
32.80, 96
32.80, 96
32.82, 96
32.82, 96
32.82, 96
32.82, 96
32.82, 96
32.82, 96
32.82, 96
32.82, 96
32.83, 96
32.83, 96
32.83, 96
32.86, 96
32.86, 96
32.86, 96
32.86, 96
32.88, 96
32.88, 96
33.05, 96
33.06, 96
33.07, 96
33.07, 96
33.07, 96
33.07, 96
33.18, 96
33.18, 96
33.18, 96
33.20, 96
33.25, 96
33.26, 96
33.26, 96
33.26, 96
33.26, 96
33.27, 96
33.28, 96
33.30, 96
33.31, 96
33.31, 96
33.32, 96
33.32, 96
33.32, 96
33.32, 96
33.32, 96
33.32, 96
33.32, 96
33.32, 96
33.33, 96
33.46, 96
33.46, 96
33.46, 96
33.46, 96
33.46, 96
33.47, 96
33.47, 96
33.47, 96
33.47, 96
33.47, 96
33.47, 96
33.47, 96
33.47, 96
33.48, 96
33.48, 96
33.48, 96
33.65, 96
33.65, 96
33.66, 96
33.69, 96
33.69, 96
33.69, 96
33.72, 96
33.72, 96
33.88, 96
33.89, 96
33.89, 96
33.89, 96
33.89, 96
33.91, 96
33.91, 96
33.91, 96
33.91, 96
33.91, 96
33.91, 96
33.91, 96
33.92, 96
33.92, 96
33.92, 96
33.99, 96
34.00, 96
34.00, 96
34.04, 96
34.04, 96
34.05, 96
34.05, 96
34.05, 96
34.05, 96
34.05, 96
34.05, 96
34.05, 96
34.05, 96
34.06, 96
34.12, 96
34.12, 96
34.12, 96
34.38, 96
34.39, 96
34.39, 96
34.39, 96
34.44, 96
34.44, 96
34.46, 96
34.46, 96
34.50, 96
34.61, 96
34.61, 96
34.61, 96
34.62, 96
34.68, 96
34.68, 96
34.68, 96
34.69, 96
34.69, 96
34.69, 96
34.72, 96
34.72, 96
34.72, 96
34.72, 96
34.72, 96
34.92, 96
34.92, 96
34.92, 96
34.92, 96
34.93, 96
34.93, 96
35.62, 96
35.63, 96
35.75, 96
35.75, 96
35.75, 96
35.75, 96
35.75, 96
35.75, 96
35.76, 96
35.76, 96
35.76, 96
35.90, 96
35.90, 96
35.90, 96
35.90, 96
35.94, 96
35.95, 96
35.95, 96
35.96, 96
36.09, 96
36.09, 96
36.09, 96
36.09, 96
36.09, 96
36.09, 96
36.10, 96
36.10, 96
36.10, 96
36.10, 96
36.10, 96
36.10, 96
36.11, 96
36.11, 96
36.11, 96
36.11, 96
36.11, 96
36.11, 96
36.11, 96
36.12, 96
36.13, 96
36.13, 96
36.13, 96
36.13, 96
36.14, 96
36.21, 96
36.21, 96
36.21, 96
36.22, 96
36.22, 96
36.22, 96
36.28, 96
36.30, 96
36.31, 96
36.31, 96
36.31, 96
36.31, 96
36.31, 96
36.32, 96
36.45, 96
36.57, 96
36.57, 96
36.57, 96
36.63, 96
36.67, 96
36.69, 96
36.72, 96
36.73, 96
36.73, 96
36.73, 96
36.73, 96
36.73, 96
36.73, 96
36.73, 96
36.74, 96
36.74, 96
36.74, 96
36.74, 96
36.75, 96
36.91, 96
36.91, 96
36.91, 96
36.92, 96
36.92, 96
36.95, 96
36.97, 96
36.98, 96
36.98, 96
36.98, 96
37.03, 96
37.03, 96
37.03, 96
37.04, 96
37.04, 96
37.04, 96
37.05, 96
37.05, 96
37.05, 96
37.09, 96
37.19, 96
37.62, 96
37.62, 96
37.62, 96
37.62, 96
37.62, 96
37.62, 96
37.62, 96
37.64, 96
37.64, 96
37.69, 96
37.70, 96
37.70, 96
37.70, 96
37.80, 96
37.80, 96
37.80, 96
37.81, 96
37.82, 96
37.93, 96
37.93, 96
37.99, 96
37.99, 96
37.99, 96
37.99, 96
38.00, 96
38.00, 96
38.00, 96
38.00, 96
38.00, 96
38.01, 96
38.01, 96
38.01, 96
38.01, 96
38.01, 96
38.06, 96
38.06, 96
38.39, 96
38.39, 96
38.39, 96
38.39, 96
38.40, 96
38.40, 96
38.40, 96
38.40, 96
38.40, 96
38.43, 96
38.52, 96
38.66, 96
38.66, 96
38.66, 96
38.66, 96
38.66, 96
38.66, 96
38.66, 96
38.67, 96
38.67, 96
38.67, 96
38.67, 96
38.67, 96
38.67, 96
38.67, 96
38.67, 96
38.68, 96
38.69, 96
38.69, 96
38.69, 96
38.69, 96
38.80, 96
38.80, 96
39.04, 96
39.09, 96
39.09, 96
39.12, 96
39.13, 96
39.13, 96
39.13, 96
39.13, 96
39.45, 96
39.45, 96
39.52, 96
39.53, 96
39.53, 96
39.53, 96
39.56, 96
39.56, 96
39.56, 96
39.56, 96
39.57, 96
39.57, 96
39.70, 96
39.70, 96
39.71, 96
39.75, 96
40.37, 96
40.38, 96
40.38, 96
40.38, 96
40.41, 96
40.41, 96
40.51, 96
40.52, 96
40.52, 96
40.52, 96
40.52, 96
40.63, 96
40.63, 96
40.65, 96
40.65, 96
40.66, 96
40.66, 96
40.66, 96
40.68, 96
40.68, 96
40.68, 96
40.68, 96
40.69, 96
40.69, 96
40.70, 96
40.70, 96
40.70, 96
40.70, 96
40.97, 96
40.97, 96
40.97, 96
40.98, 96
40.98, 96
40.98, 96
41.03, 96
41.04, 96
41.11, 96
41.11, 96
41.11, 96
41.19, 96
41.19, 96
41.20, 96
41.30, 96
41.30, 96
41.48, 96
41.50, 96
41.50, 96
41.50, 96
41.59, 96
41.59, 96
41.59, 96
41.85, 96
41.87, 96
41.88, 96
41.90, 96
41.90, 96
41.90, 96
41.90, 96
41.90, 96
42.03, 96
42.03, 96
42.03, 96
42.04, 96
42.45, 96
42.50, 96
42.50, 96
42.58, 96
42.58, 96
42.61, 96
42.66, 96
42.66, 96
42.66, 96
42.66, 96
42.66, 96
42.70, 96
42.70, 96
42.70, 96
42.82, 96
42.82, 96
42.82, 96
42.92, 96
42.92, 96
42.93, 96
42.94, 96
42.94, 96
42.94, 96
43.01, 96
43.03, 96
43.03, 96
43.07, 96
43.07, 96
43.08, 96
43.08, 96
43.08, 96
43.27, 96
43.42, 96
43.45, 96
43.45, 96
43.49, 96
43.53, 96
43.53, 96
43.53, 96
43.53, 96
43.53, 96
43.53, 96
43.53, 96
43.53, 96
43.73, 96
43.73, 96
43.76, 96
43.77, 96
43.77, 96
43.77, 96
43.77, 96
43.84, 96
43.84, 96
43.84, 96
43.84, 96
43.85, 96
43.85, 96
43.85, 96
43.86, 96
43.88, 96
44.24, 96
44.33, 96
44.34, 96
44.35, 96
44.35, 96
44.35, 96
44.36, 96
44.36, 96
44.45, 96
44.46, 96
44.46, 96
44.46, 96
44.46, 96
44.46, 96
44.47, 96
44.47, 96
44.73, 96
44.73, 96
44.73, 96
44.73, 96
44.73, 96
44.92, 96
44.92, 96
44.92, 96
44.92, 96
45.07, 96
45.07, 96
45.36, 96
45.36, 96
45.36, 96
45.37, 96
45.43, 96
45.43, 96
45.60, 96
45.60, 96
45.61, 96
45.61, 96
45.61, 96
45.61, 96
45.61, 96
45.61, 96
45.61, 96
45.62, 96
45.62, 96
45.62, 96
45.62, 96
45.65, 96
45.65, 96
45.65, 96
45.66, 96
45.66, 96
45.77, 96
45.81, 96
45.81, 96
45.81, 96
46.22, 96
46.27, 96
46.27, 96
46.34, 96
46.36, 96
46.36, 96
46.36, 96
46.36, 96
46.39, 96
46.39, 96
46.39, 96
46.39, 96
46.39, 96
46.39, 96
46.40, 96
46.40, 96
46.40, 96
46.55, 96
46.69, 96
46.69, 96
46.74, 96
46.74, 96
46.74, 96
46.75, 96
46.89, 96
47.20, 96
47.22, 96
47.22, 96
47.23, 96
47.23, 96
47.61, 96
47.61, 96
47.62, 96
47.62, 96
47.66, 96
47.66, 96
47.66, 96
47.66, 96
47.68, 96
47.68, 96
47.68, 96
47.68, 96
47.69, 96
47.69, 96
47.69, 96
47.69, 96
47.69, 96
47.69, 96
47.69, 96
47.80, 96
47.80, 96
47.80, 96
47.80, 96
47.80, 96
47.80, 96
47.80, 96
47.80, 96
47.82, 96
47.94, 96
47.94, 96
47.95, 96
47.98, 96
47.98, 96
47.99, 96
48.15, 96
48.15, 96
48.15, 96
48.15, 96
48.15, 96
48.15, 96
48.18, 96
48.18, 96
48.39, 96
48.39, 96
48.39, 96
48.40, 96
48.40, 96
48.56, 96
48.56, 96
48.57, 96
48.58, 96
48.58, 96
48.58, 96
48.66, 96
48.66, 96
48.68, 96
48.68, 96
48.68, 96
48.68, 96
48.73, 96
48.73, 96
49.00, 96
49.00, 96
49.57, 96
49.57, 96
49.61, 96
49.61, 96
49.61, 96
49.61, 96
49.61, 96
49.62, 96
49.74, 96
49.74, 96
49.88, 96
49.89, 96
49.99, 96
49.99, 96
49.99, 96
49.99, 96
50.01, 96
50.02, 96
50.02, 96
50.02, 96
50.02, 96
50.02, 96
50.02, 96
50.02, 96
50.02, 96
50.02, 96
50.02, 96
50.03, 96
50.04, 96
50.04, 96
50.04, 96
50.05, 96
50.05, 96
50.13, 96
50.13, 96
50.13, 96
50.15, 96
50.21, 96
50.21, 96
50.22, 96
50.23, 96
50.23, 96
50.26, 96
50.28, 96
50.28, 96
50.28, 96
50.28, 96
50.29, 96
50.31, 96
50.37, 96
50.38, 96
50.50, 96
50.50, 96
50.50, 96
50.50, 96
50.50, 96
50.50, 96
50.50, 96
50.50, 96
50.50, 96
50.54, 96
50.56, 96
50.56, 96
50.56, 96
50.57, 96
50.58, 96
50.69, 96
50.70, 96
50.91, 96
50.92, 96
50.92, 96
51.08, 96
51.10, 96
51.13, 96
51.13, 96
51.13, 96
51.13, 96
51.13, 96
51.14, 96
51.14, 96
51.14, 96
51.14, 96
51.22, 96
51.23, 96
51.23, 96
51.23, 96
51.23, 96
51.23, 96
51.23, 96
51.24, 96
51.24, 96
51.24, 96
51.24, 96
51.24, 96
51.34, 96
51.36, 96
51.36, 96
51.36, 96
51.36, 96
51.36, 96
51.36, 96
51.36, 96
51.47, 96
51.47, 96
51.91, 96
51.91, 96
51.92, 96
51.92, 96
51.92, 96
51.94, 96
51.94, 96
52.08, 96
52.08, 96
52.08, 96
52.08, 96
52.08, 96
52.08, 96
52.09, 96
52.09, 96
52.11, 96
52.11, 96
52.11, 96
52.11, 96
52.11, 96
52.27, 96
52.33, 96
52.33, 96
52.34, 96
52.34, 96
52.34, 96
52.34, 96
52.34, 96
52.34, 96
52.35, 96
52.35, 96
52.35, 96
52.35, 96
52.46, 96
52.46, 96
52.46, 96
52.46, 96
52.46, 96
52.46, 96
52.46, 96
52.47, 96
52.47, 96
52.47, 96
52.50, 96
52.50, 96
52.50, 96
52.52, 96
52.56, 96
52.58, 96
52.59, 96
52.59, 96
52.59, 96
52.59, 96
52.59, 96
52.61, 96
52.61, 96
52.62, 96
52.62, 96
52.62, 96
53.27, 96
53.27, 96
53.69, 96
53.69, 96
53.69, 96
53.69, 96
53.85, 96
53.86, 96
53.96, 96
53.96, 96
53.99, 96
54.06, 96
54.07, 96
54.09, 96
54.09, 96
54.09, 96
54.09, 96
54.09, 96
54.43, 96
54.43, 96
54.44, 96
54.44, 96
54.45, 96
54.81, 96
54.81, 96
54.81, 96
55.10, 96
55.11, 96
55.12, 96
55.12, 96
55.23, 96
55.45, 96
55.52, 96
55.52, 96
55.53, 96
55.53, 96
55.53, 96
55.53, 96
55.53, 96
55.53, 96
55.53, 96
55.62, 96
55.62, 96
55.62, 96
55.62, 96
55.63, 96
55.63, 96
55.64, 96
55.64, 96
55.64, 96
55.64, 96
55.69, 96
55.71, 96
55.72, 96
55.72, 96
55.72, 96
56.34, 96
56.61, 96
56.61, 96
56.63, 96
56.64, 96
56.64, 96
56.65, 96
56.86, 96
56.87, 96
56.87, 96
56.87, 96
56.87, 96
56.91, 96
56.91, 96
56.91, 96
56.94, 96
56.94, 96
56.94, 96
56.94, 96
56.95, 96
56.95, 96
56.95, 96
56.97, 96
57.02, 96
57.02, 96
57.12, 96
57.12, 96
57.13, 96
57.13, 96
57.13, 96
57.13, 96
57.13, 96
57.19, 96
57.23, 96
57.23, 96
57.23, 96
57.23, 96
57.23, 96
57.44, 96
57.44, 96
57.75, 96
57.76, 96
57.80, 96
57.80, 96
57.80, 96
57.81, 96
57.81, 96
57.81, 96
57.81, 96
57.81, 96
57.81, 96
57.81, 96
57.81, 96
57.81, 96
57.81, 96
57.82, 96
57.82, 96
57.82, 96
57.82, 96
57.82, 96
57.83, 96
57.83, 96
57.83, 96
57.83, 96
57.83, 96
57.85, 96
57.86, 96
57.86, 96
57.86, 96
57.87, 96
57.87, 96
57.87, 96
57.91, 96
57.91, 96
57.91, 96
57.98, 96
57.98, 96
57.98, 96
57.98, 96
57.98, 96
57.99, 96
57.99, 96
57.99, 96
58.14, 96
58.15, 96
58.15, 96
58.30, 96
58.33, 96
58.44, 96
58.44, 96
58.45, 96
58.45, 96
58.45, 96
58.53, 96
58.53, 96
58.53, 96
58.53, 96
58.53, 96
58.53, 96
58.54, 96
58.54, 96
58.58, 96
58.58, 96
58.58, 96
58.59, 96
58.59, 96
58.60, 96
58.60, 96
58.60, 96
58.60, 96
58.61, 96
58.68, 96
58.68, 96
58.68, 96
58.68, 96
58.68, 96
58.68, 96
58.68, 96
58.68, 96
58.68, 96
58.68, 96
58.75, 96
58.76, 96
58.76, 96
58.77, 96
58.77, 96
58.79, 96
58.80, 96
58.82, 96
58.82, 96
58.82, 96
58.82, 96
58.83, 96
58.83, 96
58.83, 96
58.83, 96
59.07, 96
59.07, 96
59.09, 96
59.10, 96
59.10, 96
59.10, 96
59.11, 96
59.11, 96
59.11, 96
59.11, 96
59.11, 96
59.11, 96
59.11, 96
59.11, 96
59.15, 96
59.15, 96
59.15, 96
59.18, 96
59.18, 96
59.19, 96
59.19, 96
59.19, 96
59.22, 96
59.22, 96
59.22, 96
59.22, 96
59.22, 96
59.22, 96
59.22, 96
59.23, 96
59.23, 96
59.23, 96
59.23, 96
59.23, 96
59.26, 96
59.26, 96
59.27, 96
59.31, 96
59.42, 96
59.42, 96
59.42, 96
59.48, 96
59.49, 96
59.49, 96
59.50, 96
59.50, 96
59.50, 96
59.50, 96
59.62, 96
59.63, 96
59.64, 96
59.66, 96
59.66, 96
59.66, 96
59.67, 96
59.67, 96
59.67, 96
59.69, 96
59.69, 96
59.69, 96
59.95, 96
59.96, 96
59.97, 96
