0.01, 102
0.01, 100
0.01, 99
0.02, 99
0.02, 99
0.02, 99
0.02, 99
0.02, 98
0.02, 98
0.02, 98
0.02, 98
0.02, 98
0.02, 98
0.03, 98
0.04, 98
0.04, 98
0.04, 98
0.04, 98
0.05, 98
0.05, 97
0.05, 97
0.05, 97
0.06, 97
0.07, 97
0.07, 97
0.07, 97
0.07, 97
0.07, 97
0.07, 97
0.07, 97
0.08, 97
0.08, 97
0.08, 97
0.08, 97
0.08, 97
0.08, 97
0.09, 97
0.09, 97
0.10, 97
0.10, 97
0.10, 97
0.10, 97
0.12, 97
0.12, 97
0.12, 97
0.12, 97
0.12, 97
0.12, 97
0.13, 97
0.13, 97
0.18, 97
0.19, 97
0.22, 97
0.22, 97
0.22, 97
0.22, 97
0.22, 97
0.22, 97
0.22, 97
0.23, 97
0.25, 97
0.25, 97
0.26, 97
0.26, 97
0.26, 97
0.26, 97
0.26, 97
0.27, 97
0.27, 97
0.27, 97
0.28, 97
0.28, 97
0.29, 97
0.30, 97
0.31, 97
0.31, 97
0.33, 97
0.33, 97
0.33, 97
0.33, 97
0.33, 97
0.33, 97
0.34, 97
0.34, 97
0.34, 97
0.36, 97
0.38, 97
0.38, 97
0.38, 97
0.38, 97
0.38, 97
0.38, 97
0.38, 97
0.38, 97
0.38, 97
0.39, 97
0.39, 97
0.39, 97
0.39, 97
0.39, 96
0.40, 96
0.40, 96
0.40, 96
0.41, 96
0.42, 96
0.44, 96
0.45, 96
0.45, 96
0.47, 96
0.48, 96
0.48, 96
0.50, 96
0.51, 96
0.51, 96
0.51, 96
0.55, 96
0.55, 96
0.55, 96
0.55, 96
0.82, 96
0.82, 96
0.82, 96
0.82, 96
0.82, 96
0.85, 96
0.85, 96
0.85, 96
0.88, 96
0.88, 96
0.91, 96
0.92, 96
0.92, 96
0.92, 96
0.92, 96
0.92, 96
0.92, 96
1.14, 96
1.19, 96
1.19, 96
1.19, 96
1.27, 96
1.27, 96
1.80, 96
1.80, 96
1.80, 96
1.81, 96
1.82, 96
1.83, 96
1.83, 96
1.84, 96
1.84, 96
1.84, 96
1.86, 96
1.88, 96
1.88, 96
1.88, 96
1.88, 96
1.96, 96
1.96, 96
1.97, 96
1.97, 96
1.97, 96
1.97, 96
2.01, 96
2.01, 96
2.01, 96
2.04, 96
2.04, 96
2.07, 96
2.07, 96
2.08, 96
2.08, 96
2.09, 96
2.10, 96
2.11, 96
2.11, 96
2.11, 96
2.11, 96
2.12, 96
2.12, 96
2.12, 96
2.13, 96
2.13, 96
2.53, 96
2.54, 96
2.54, 96
2.54, 96
2.54, 96
2.54, 96
2.55, 96
2.55, 96
3.04, 96
3.04, 96
3.05, 96
3.18, 96
3.18, 96
3.18, 96
3.18, 96
3.19, 96
3.19, 96
3.19, 96
3.38, 96
3.42, 96
3.42, 96
3.43, 96
3.43, 96
3.43, 96
3.43, 96
3.43, 96
3.44, 96
3.44, 96
3.45, 96
3.45, 96
3.45, 96
3.45, 96
3.45, 96
3.45, 96
3.45, 96
3.47, 96
3.47, 96
3.50, 96
3.50, 96
3.50, 96
3.50, 96
3.50, 96
3.50, 96
3.51, 96
3.51, 96
3.51, 96
3.51, 96
3.51, 96
3.51, 96
3.51, 96
3.51, 96
3.52, 96
3.53, 96
3.53, 96
3.55, 96
3.55, 96
3.55, 96
3.55, 96
3.55, 96
3.56, 96
3.57, 96
3.58, 96
3.58, 96
3.58, 96
3.58, 96
3.58, 96
3.58, 96
3.58, 96
3.59, 96
3.60, 96
3.60, 96
3.60, 96
3.60, 96
3.64, 96
3.64, 96
3.64, 96
3.64, 96
3.79, 96
3.79, 96
3.79, 96
3.82, 96
3.83, 96
3.83, 96
3.83, 96
3.83, 96
3.83, 96
3.83, 96
3.84, 96
3.84, 96
3.96, 96
3.96, 96
3.96, 96
3.96, 96
4.02, 96
4.03, 96
4.06, 96
4.07, 96
4.07, 96
4.07, 96
4.07, 96
4.07, 96
4.08, 96
4.08, 96
4.08, 96
4.09, 96
4.20, 96
4.20, 96
4.20, 96
4.20, 96
4.20, 96
4.20, 96
4.21, 96
4.29, 96
4.29, 96
4.29, 96
4.30, 96
4.30, 96
4.31, 96
4.31, 96
4.32, 96
4.32, 96
4.32, 96
4.33, 96
4.33, 96
4.33, 96
4.33, 96
4.33, 96
4.33, 96
4.39, 96
4.39, 96
4.39, 96
4.39, 96
4.39, 96
4.46, 96
4.46, 96
4.46, 96
4.47, 96
4.47, 96
4.47, 96
4.47, 96
4.47, 96
4.47, 96
4.65, 96
5.00, 96
5.11, 96
5.11, 96
5.11, 96
5.11, 96
5.11, 96
5.13, 96
5.13, 96
5.13, 96
5.13, 96
5.13, 96
5.13, 96
5.13, 96
5.15, 96
5.15, 96
5.25, 96
5.25, 96
5.25, 96
5.25, 96
5.25, 96
5.25, 96
5.36, 96
5.36, 96
5.36, 96
5.40, 96
5.40, 96
5.53, 96
5.53, 96
5.53, 96
5.53, 96
5.54, 96
5.56, 96
5.56, 96
5.57, 96
5.61, 96
5.61, 96
5.61, 96
5.62, 96
5.62, 96
5.62, 96
5.62, 96
5.62, 96
5.62, 96
5.62, 96
5.63, 96
5.63, 96
5.65, 96
5.65, 96
5.69, 96
5.69, 96
5.70, 96
5.70, 96
5.70, 96
5.70, 96
5.70, 96
5.75, 96
5.75, 96
5.75, 96
5.75, 96
5.75, 96
5.75, 96
5.79, 96
5.79, 96
5.79, 96
5.79, 96
5.80, 96
5.82, 96
5.82, 96
5.84, 96
5.86, 96
5.87, 96
5.87, 96
5.87, 96
5.87, 96
5.87, 96
5.91, 96
5.91, 96
5.91, 96
5.91, 96
5.91, 96
5.92, 96
5.92, 96
5.92, 96
5.92, 96
5.92, 96
5.92, 96
5.92, 96
5.92, 96
5.95, 96
5.95, 96
5.96, 96
5.96, 96
5.97, 96
5.97, 96
5.98, 96
6.46, 96
6.46, 96
6.46, 96
6.47, 96
6.48, 96
6.48, 96
6.48, 96
6.48, 96
6.50, 96
6.50, 96
6.53, 96
6.54, 96
6.58, 96
6.58, 96
6.60, 96
6.60, 96
6.61, 96
6.61, 96
6.61, 96
6.83, 96
6.83, 96
6.83, 96
6.83, 96
6.83, 96
6.83, 96
6.83, 96
6.84, 96
6.84, 96
6.84, 96
6.84, 96
6.85, 96
6.85, 96
6.85, 96
6.96, 96
6.97, 96
6.98, 96
6.98, 96
6.98, 96
6.98, 96
6.99, 96
6.99, 96
6.99, 96
6.99, 96
6.99, 96
7.00, 96
7.00, 96
7.02, 96
7.02, 96
7.02, 96
7.02, 96
7.13, 96
7.23, 96
7.23, 96
7.23, 96
7.23, 96
7.23, 96
7.38, 96
7.40, 96
7.51, 96
7.51, 96
7.52, 96
7.62, 96
7.62, 96
8.29, 96
8.67, 96
8.73, 96
8.73, 96
9.21, 96
9.36, 96
9.36, 96
9.40, 96
9.40, 96
9.62, 96
9.62, 96
9.91, 96
10.12, 96
10.21, 96
10.21, 96
10.21, 96
10.38, 96
10.41, 96
10.70, 96
10.70, 96
10.96, 96
11.06, 96
11.06, 96
11.13, 96
11.13, 96
11.13, 96
11.19, 96
11.19, 96
11.21, 96
11.21, 96
11.21, 96
11.21, 96
11.22, 96
11.22, 96
11.22, 96
11.23, 96
11.23, 96
11.23, 96
11.24, 96
11.24, 96
11.24, 96
11.24, 96
11.24, 96
11.25, 96
11.28, 96
11.28, 96
11.35, 96
11.36, 96
11.36, 96
11.36, 96
11.37, 96
11.37, 96
11.37, 96
11.37, 96
11.37, 96
11.42, 96
11.48, 96
11.48, 96
11.48, 96
11.48, 96
11.48, 96
11.48, 96
11.55, 96
11.66, 96
11.66, 96
11.66, 96
11.66, 96
11.67, 96
11.67, 96
11.67, 96
11.67, 96
11.67, 96
11.67, 96
11.67, 96
11.69, 96
11.69, 96
11.69, 96
11.71, 96
11.71, 96
11.78, 96
11.78, 96
11.83, 96
11.83, 96
11.84, 96
11.85, 96
11.85, 96
11.85, 96
11.91, 96
11.91, 96
11.91, 96
11.91, 96
11.91, 96
11.91, 96
11.91, 96
11.91, 96
11.91, 96
11.91, 96
11.92, 96
11.92, 96
11.92, 96
12.15, 96
12.15, 96
12.52, 96
12.58, 96
12.59, 96
12.60, 96
12.61, 96
12.65, 96
12.66, 96
12.67, 96
12.67, 96
13.01, 96
13.01, 96
13.01, 96
13.02, 96
13.21, 96
13.21, 96
13.22, 96
13.22, 96
13.22, 96
13.22, 96
13.22, 96
13.22, 96
13.22, 96
13.22, 96
13.23, 96
13.27, 96
13.27, 96
13.28, 96
13.28, 96
13.28, 96
13.28, 96
13.29, 96
13.29, 96
13.29, 96
13.29, 96
13.29, 96
13.29, 96
13.30, 96
13.30, 96
13.30, 96
14.13, 96
14.14, 96
14.14, 96
14.14, 96
14.14, 96
14.14, 96
14.14, 96
14.15, 96
14.15, 96
14.15, 96
14.15, 96
14.16, 96
14.16, 96
14.16, 96
14.28, 96
14.28, 96
14.42, 96
14.42, 96
14.42, 96
14.44, 96
14.48, 96
14.48, 96
14.48, 96
14.48, 96
14.48, 96
14.48, 96
14.48, 96
14.49, 96
14.49, 96
14.49, 96
14.51, 96
14.51, 96
14.51, 96
14.53, 96
14.54, 96
14.54, 96
14.54, 96
14.55, 96
14.55, 96
14.64, 96
14.64, 96
14.65, 96
14.66, 96
14.67, 96
14.67, 96
14.67, 96
14.69, 96
14.69, 96
14.69, 96
15.14, 96
15.14, 96
15.14, 96
15.14, 96
15.14, 96
15.14, 96
15.14, 96
15.14, 96
15.15, 96
15.15, 96
15.16, 96
15.50, 96
15.50, 96
15.51, 96
15.51, 96
15.65, 96
15.65, 96
15.83, 96
15.83, 96
15.83, 96
15.84, 96
15.92, 96
16.11, 96
16.11, 96
16.12, 96
16.12, 96
16.12, 96
16.12, 96
16.12, 96
16.13, 96
16.13, 96
16.14, 96
16.36, 96
16.36, 96
16.36, 96
16.36, 96
16.36, 96
16.36, 96
16.37, 96
16.41, 96
16.41, 96
16.41, 96
16.41, 96
16.41, 96
16.41, 96
16.41, 96
16.41, 96
16.41, 96
16.41, 96
16.41, 96
16.42, 96
16.42, 96
16.49, 96
16.50, 96
16.50, 96
16.53, 96
16.53, 96
16.53, 96
16.54, 96
16.54, 96
16.54, 96
16.54, 96
16.54, 96
16.54, 96
16.54, 96
16.54, 96
16.54, 96
16.79, 96
16.79, 96
16.82, 96
16.82, 96
16.82, 96
16.85, 96
16.85, 96
16.86, 96
16.86, 96
16.86, 96
16.92, 96
16.92, 96
16.92, 96
16.92, 96
17.09, 96
17.09, 96
17.09, 96
17.09, 96
17.09, 96
17.09, 96
17.09, 96
17.10, 96
17.10, 96
17.27, 96
17.31, 96
17.31, 96
17.31, 96
17.33, 96
17.33, 96
17.36, 96
17.65, 96
17.76, 96
17.77, 96
17.77, 96
18.11, 96
18.11, 96
18.25, 96
18.25, 96
18.25, 96
18.25, 96
18.25, 96
18.25, 96
18.26, 96
18.26, 96
18.26, 96
18.26, 96
18.26, 96
18.26, 96
18.51, 96
18.51, 96
18.51, 96
18.51, 96
18.51, 96
18.51, 96
18.52, 96
18.52, 96
18.52, 96
18.56, 96
18.56, 96
18.56, 96
18.56, 96
18.73, 96
18.73, 96
18.73, 96
18.73, 96
18.74, 96
18.74, 96
18.74, 96
18.75, 96
18.75, 96
18.75, 96
18.75, 96
18.75, 96
18.75, 96
18.78, 96
18.84, 96
18.84, 96
18.84, 96
18.84, 96
18.85, 96
18.87, 96
18.87, 96
18.90, 96
18.92, 96
18.92, 96
18.96, 96
18.96, 96
19.01, 96
19.04, 96
19.04, 96
19.04, 96
19.29, 96
19.29, 96
19.44, 96
19.46, 96
19.47, 96
19.47, 96
19.47, 96
19.47, 96
19.47, 96
19.47, 96
19.48, 96
19.48, 96
19.55, 96
19.55, 96
19.56, 96
19.60, 96
19.72, 96
19.72, 96
19.72, 96
19.74, 96
19.74, 96
19.74, 96
19.74, 96
19.74, 96
19.77, 96
19.80, 96
19.80, 96
19.80, 96
19.80, 96
19.86, 96
19.99, 96
20.18, 96
20.18, 96
20.18, 96
20.18, 96
20.18, 96
20.18, 96
20.38, 96
20.38, 96
20.57, 96
20.57, 96
20.58, 96
20.58, 96
20.59, 96
20.70, 96
20.74, 96
20.74, 96
20.76, 96
20.76, 96
20.76, 96
20.76, 96
20.88, 96
20.91, 96
20.91, 96
20.91, 96
20.93, 96
20.93, 96
20.93, 96
20.93, 96
20.93, 96
20.93, 96
21.00, 96
21.07, 96
21.07, 96
21.08, 96
21.08, 96
21.10, 96
21.10, 96
21.11, 96
21.11, 96
21.13, 96
21.14, 96
21.20, 96
21.51, 96
21.66, 96
21.67, 96
21.67, 96
21.67, 96
21.70, 96
21.70, 96
21.70, 96
21.71, 96
21.72, 96
21.73, 96
21.73, 96
21.73, 96
21.77, 96
21.82, 96
22.12, 96
22.12, 96
22.37, 96
22.37, 96
22.37, 96
22.38, 96
22.38, 96
22.39, 96
22.40, 96
22.41, 96
22.41, 96
22.41, 96
22.41, 96
22.41, 96
22.41, 96
22.41, 96
22.41, 96
22.55, 96
22.55, 96
22.66, 96
22.66, 96
22.72, 96
22.72, 96
22.72, 96
22.72, 96
22.72, 96
22.73, 96
22.73, 96
22.73, 96
22.74, 96
23.09, 96
23.10, 96
23.10, 96
23.11, 96
23.11, 96
23.11, 96
23.11, 96
23.11, 96
23.23, 96
23.23, 96
23.23, 96
23.23, 96
23.30, 96
23.30, 96
23.31, 96
23.31, 96
23.31, 96
23.33, 96
23.34, 96
23.34, 96
23.34, 96
23.34, 96
23.34, 96
23.34, 96
23.38, 96
23.38, 96
23.38, 96
23.55, 96
23.55, 96
23.60, 96
23.61, 96
23.61, 96
23.73, 96
24.13, 96
24.14, 96
24.14, 96
24.14, 96
24.15, 96
24.16, 96
24.16, 96
24.19, 96
24.19, 96
24.19, 96
24.19, 96
24.19, 96
24.24, 96
24.25, 96
24.25, 96
24.26, 96
24.44, 96
24.44, 96
24.44, 96
24.44, 96
24.45, 96
24.45, 96
24.45, 96
24.45, 96
24.78, 96
25.06, 96
25.06, 96
25.11, 96
25.11, 96
25.42, 96
25.42, 96
25.42, 96
25.42, 96
25.42, 96
25.42, 96
25.42, 96
25.43, 96
25.43, 96
25.43, 96
25.47, 96
25.48, 96
25.59, 96
25.63, 96
25.63, 96
25.63, 96
25.63, 96
25.64, 96
25.64, 96
25.64, 96
25.65, 96
25.65, 96
25.65, 96
25.65, 96
25.65, 96
25.65, 96
25.65, 96
25.66, 96
25.66, 96
25.66, 96
25.72, 96
25.74, 96
25.74, 96
25.81, 96
25.81, 96
25.82, 96
25.82, 96
25.82, 96
25.84, 96
25.84, 96
25.90, 96
25.90, 96
25.90, 96
25.90, 96
26.26, 96
26.26, 96
26.26, 96
26.27, 96
26.29, 96
26.36, 96
26.36, 96
26.36, 96
26.36, 96
26.36, 96
26.37, 96
26.54, 96
26.56, 96
26.56, 96
26.57, 96
26.58, 96
26.61, 96
26.70, 96
26.70, 96
26.70, 96
26.95, 96
26.96, 96
26.96, 96
26.96, 96
27.07, 96
27.07, 96
27.07, 96
27.08, 96
27.08, 96
27.08, 96
27.17, 96
27.17, 96
27.17, 96
27.17, 96
27.17, 96
27.17, 96
27.17, 96
27.17, 96
27.17, 96
27.18, 96
27.18, 96
27.19, 96
27.19, 96
27.20, 96
27.20, 96
27.20, 96
27.20, 96
27.20, 96
27.20, 96
27.20, 96
27.20, 96
27.22, 96
27.22, 96
27.22, 96
27.25, 96
27.52, 96
27.89, 96
27.89, 96
27.90, 96
27.90, 96
27.90, 96
27.90, 96
27.94, 96
27.95, 96
27.95, 96
27.95, 96
27.95, 96
28.11, 96
28.11, 96
28.12, 96
28.13, 96
28.37, 96
28.37, 96
28.37, 96
28.39, 96
28.39, 96
28.39, 96
28.53, 96
28.83, 96
28.83, 96
28.83, 96
28.84, 96
28.85, 96
28.86, 96
28.86, 96
28.86, 96
28.88, 96
28.88, 96
28.93, 96
28.93, 96
28.94, 96
28.94, 96
28.94, 96
28.94, 96
28.94, 96
28.96, 96
28.96, 96
28.97, 96
29.05, 96
29.05, 96
29.05, 96
29.05, 96
29.06, 96
29.06, 96
29.32, 96
29.32, 96
29.33, 96
29.33, 96
29.47, 96
29.57, 96
29.57, 96
29.58, 96
29.58, 96
29.58, 96
29.58, 96
29.58, 96
29.58, 96
29.59, 96
29.59, 96
29.59, 96
29.59, 96
29.84, 96
29.98, 96
29.98, 96
29.98, 96
29.98, 96
29.98, 96
29.98, 96
29.98, 96
29.98, 96
29.98, 96
29.99, 96
30.05, 96
30.06, 96
30.10, 96
30.10, 96
30.10, 96
30.10, 96
30.10, 96
30.10, 96
30.10, 96
30.10, 96
30.13, 96
30.14, 96
30.14, 96
30.14, 96
30.14, 96
30.26, 96
30.26, 96
30.26, 96
30.27, 96
30.27, 96
30.30, 96
30.31, 96
30.31, 96
30.31, 96
30.31, 96
30.31, 96
30.31, 96
30.39, 96
30.41, 96
30.41, 96
30.41, 96
30.41, 96
30.53, 96
30.53, 96
30.53, 96
30.53, 96
30.99, 96
30.99, 96
30.99, 96
31.00, 96
31.00, 96
31.07, 96
31.07, 96
31.07, 96
31.07, 96
31.16, 96
31.16, 96
31.16, 96
31.18, 96
31.18, 96
31.18, 96
31.23, 96
31.24, 96
31.24, 96
31.24, 96
31.28, 96
31.29, 96
31.29, 96
31.29, 96
31.29, 96
31.29, 96
31.30, 96
31.31, 96
31.32, 96
31.32, 96
31.32, 96
31.33, 96
31.33, 96
31.33, 96
31.33, 96
31.33, 96
31.59, 96
31.59, 96
31.60, 96
31.60, 96
31.60, 96
31.60, 96
31.61, 96
31.61, 96
31.61, 96
31.61, 96
31.63, 96
31.63, 96
31.65, 96
31.65, 96
31.65, 96
31.80, 96
31.80, 96
31.80, 96
32.42, 96
32.48, 96
32.70, 96
32.70, 96
32.70, 96
32.79, 96
32.79, 96
32.79, 96
32.81, 96
32.81, 96
32.81, 96
32.81, 96
33.16, 96
33.17, 96
33.20, 96
33.20, 96
33.20, 96
33.29, 96
33.30, 96
33.30, 96
33.30, 96
33.30, 96
33.31, 96
33.31, 96
33.31, 96
33.31, 96
33.32, 96
33.32, 96
33.32, 96
33.32, 96
33.33, 96
33.33, 96
33.33, 96
33.33, 96
33.42, 96
33.42, 96
33.42, 96
33.43, 96
33.43, 96
33.44, 96
33.44, 96
33.44, 96
33.45, 96
33.45, 96
33.45, 96
33.45, 96
33.48, 96
33.48, 96
33.54, 96
33.55, 96
33.55, 96
33.55, 96
33.55, 96
33.65, 96
33.65, 96
33.65, 96
33.66, 96
33.68, 96
33.68, 96
33.69, 96
33.76, 96
33.76, 96
33.76, 96
33.76, 96
33.76, 96
33.76, 96
33.83, 96
33.83, 96
33.83, 96
33.83, 96
33.83, 96
33.84, 96
33.86, 96
33.86, 96
33.87, 96
33.87, 96
33.87, 96
33.87, 96
33.88, 96
33.90, 96
33.93, 96
33.97, 96
33.99, 96
33.99, 96
33.99, 96
33.99, 96
33.99, 96
33.99, 96
34.00, 96
34.00, 96
34.00, 96
34.00, 96
34.00, 96
34.12, 96
34.12, 96
34.12, 96
34.23, 96
34.23, 96
34.24, 96
34.24, 96
34.26, 96
34.32, 96
34.34, 96
34.34, 96
34.34, 96
34.69, 96
34.71, 96
34.71, 96
35.08, 96
35.08, 96
35.08, 96
35.09, 96
35.09, 96
35.09, 96
35.22, 96
35.23, 96
35.23, 96
35.24, 96
35.24, 96
35.24, 96
35.28, 96
35.29, 96
35.29, 96
35.29, 96
35.31, 96
35.31, 96
35.32, 96
35.33, 96
35.33, 96
35.33, 96
35.71, 96
35.71, 96
35.71, 96
35.71, 96
35.71, 96
35.95, 96
35.95, 96
35.95, 96
36.38, 96
36.38, 96
36.38, 96
36.38, 96
36.38, 96
36.45, 96
36.45, 96
36.49, 96
36.49, 96
36.50, 96
36.50, 96
36.50, 96
36.50, 96
36.50, 96
36.50, 96
36.50, 96
36.51, 96
36.59, 96
36.59, 96
36.66, 96
36.66, 96
36.66, 96
36.66, 96
36.66, 96
36.66, 96
36.73, 96
36.73, 96
36.74, 96
36.74, 96
36.74, 96
36.74, 96
36.74, 96
36.74, 96
36.83, 96
36.83, 96
36.83, 96
36.83, 96
36.83, 96
36.95, 96
36.95, 96
36.95, 96
36.95, 96
36.95, 96
36.95, 96
36.95, 96
36.95, 96
36.95, 96
36.98, 96
36.98, 96
36.98, 96
37.00, 96
37.00, 96
37.00, 96
37.00, 96
37.01, 96
37.01, 96
37.01, 96
37.01, 96
37.01, 96
37.01, 96
37.01, 96
37.05, 96
37.05, 96
37.05, 96
37.05, 96
37.07, 96
37.08, 96
37.27, 96
37.27, 96
37.28, 96
37.29, 96
37.29, 96
37.29, 96
37.41, 96
37.41, 96
37.42, 96
37.43, 96
37.49, 96
37.50, 96
37.50, 96
37.50, 96
37.51, 96
37.52, 96
37.52, 96
37.55, 96
37.56, 96
37.56, 96
37.57, 96
37.57, 96
37.57, 96
37.57, 96
37.57, 96
37.58, 96
37.58, 96
37.58, 96
37.58, 96
37.73, 96
37.73, 96
37.73, 96
37.73, 96
37.73, 96
37.74, 96
37.74, 96
37.74, 96
37.74, 96
37.74, 96
37.74, 96
37.75, 96
37.75, 96
37.75, 96
37.76, 96
37.76, 96
37.96, 96
37.96, 96
37.97, 96
38.01, 96
38.01, 96
38.01, 96
38.04, 96
38.05, 96
38.23, 96
38.23, 96
38.23, 96
38.23, 96
38.23, 96
38.26, 96
38.26, 96
38.26, 96
38.27, 96
38.27, 96
38.27, 96
38.27, 96
38.27, 96
38.27, 96
38.27, 96
38.37, 96
38.37, 96
38.37, 96
38.42, 96
38.42, 96
38.43, 96
38.43, 96
38.43, 96
38.43, 96
38.44, 96
38.44, 96
38.44, 96
38.44, 96
38.44, 96
38.52, 96
38.52, 96
38.52, 96
38.82, 96
38.82, 96
38.82, 96
38.83, 96
38.88, 96
38.89, 96
38.90, 96
38.91, 96
38.95, 96
39.06, 96
39.06, 96
39.06, 96
39.07, 96
39.14, 96
39.14, 96
39.14, 96
39.15, 96
39.15, 96
39.15, 96
39.18, 96
39.18, 96
39.18, 96
39.18, 96
39.18, 96
39.41, 96
39.41, 96
39.41, 96
39.41, 96
39.41, 96
39.41, 96
40.16, 96
40.17, 96
40.30, 96
40.30, 96
40.30, 96
40.31, 96
40.31, 96
40.31, 96
40.31, 96
40.32, 96
40.32, 96
40.48, 96
40.48, 96
40.48, 96
40.48, 96
40.51, 96
40.53, 96
40.53, 96
40.53, 96
40.67, 96
40.67, 96
40.67, 96
40.67, 96
40.67, 96
40.67, 96
40.68, 96
40.68, 96
40.68, 96
40.68, 96
40.68, 96
40.68, 96
40.69, 96
40.69, 96
40.69, 96
40.69, 96
40.70, 96
40.70, 96
40.70, 96
40.71, 96
40.71, 96
40.71, 96
40.72, 96
40.72, 96
40.73, 96
40.80, 96
40.80, 96
40.80, 96
40.81, 96
40.81, 96
40.81, 96
40.88, 96
40.91, 96
40.91, 96
40.91, 96
40.91, 96
40.91, 96
40.91, 96
40.93, 96
41.07, 96
41.18, 96
41.18, 96
41.18, 96
41.25, 96
41.30, 96
41.31, 96
41.34, 96
41.35, 96
41.35, 96
41.35, 96
41.35, 96
41.35, 96
41.35, 96
41.35, 96
41.36, 96
41.36, 96
41.37, 96
41.37, 96
41.37, 96
41.55, 96
41.55, 96
41.56, 96
41.56, 96
41.56, 96
41.60, 96
41.62, 96
41.62, 96
41.62, 96
41.62, 96
41.68, 96
41.68, 96
41.68, 96
41.69, 96
41.69, 96
41.69, 96
41.69, 96
41.70, 96
41.70, 96
41.75, 96
41.86, 96
42.34, 96
42.34, 96
42.34, 96
42.34, 96
42.34, 96
42.34, 96
42.34, 96
42.35, 96
42.35, 96
42.41, 96
42.41, 96
42.41, 96
42.42, 96
42.54, 96
42.54, 96
42.54, 96
42.55, 96
42.55, 96
42.67, 96
42.68, 96
42.73, 96
42.73, 96
42.74, 96
42.74, 96
42.74, 96
42.74, 96
42.74, 96
42.74, 96
42.74, 96
42.75, 96
42.75, 96
42.75, 96
42.75, 96
42.75, 96
42.80, 96
42.80, 96
43.17, 96
43.17, 96
43.17, 96
43.17, 96
43.17, 96
43.17, 96
43.18, 96
43.18, 96
43.18, 96
43.21, 96
43.31, 96
43.45, 96
43.46, 96
43.46, 96
43.46, 96
43.46, 96
43.46, 96
43.46, 96
43.46, 96
43.47, 96
43.47, 96
43.47, 96
43.47, 96
43.47, 96
43.47, 96
43.48, 96
43.48, 96
43.50, 96
43.50, 96
43.50, 96
43.50, 96
43.62, 96
43.62, 96
43.90, 96
43.96, 96
43.96, 96
43.99, 96
44.00, 96
44.00, 96
44.01, 96
44.01, 96
44.36, 96
44.37, 96
44.46, 96
44.46, 96
44.46, 96
44.46, 96
44.49, 96
44.50, 96
44.50, 96
44.50, 96
44.50, 96
44.51, 96
44.65, 96
44.66, 96
44.67, 96
44.71, 96
45.40, 96
45.40, 96
45.41, 96
45.41, 96
45.44, 96
45.44, 96
45.55, 96
45.55, 96
45.55, 96
45.55, 96
45.55, 96
45.67, 96
45.67, 96
45.69, 96
45.69, 96
45.70, 96
45.70, 96
45.70, 96
45.72, 96
45.72, 96
45.72, 96
45.73, 96
45.74, 96
45.74, 96
45.74, 96
45.74, 96
45.74, 96
45.74, 96
46.05, 96
46.05, 96
46.05, 96
46.05, 96
46.06, 96
46.06, 96
46.12, 96
46.12, 96
46.20, 96
46.20, 96
46.20, 96
46.30, 96
46.30, 96
46.30, 96
46.41, 96
46.41, 96
46.61, 96
46.64, 96
46.64, 96
46.64, 96
46.74, 96
46.74, 96
46.75, 96
47.04, 96
47.06, 96
47.08, 96
47.10, 96
47.10, 96
47.10, 96
47.10, 96
47.10, 96
47.24, 96
47.24, 96
47.25, 96
47.25, 96
47.70, 96
47.76, 96
47.76, 96
47.86, 96
47.86, 96
47.88, 96
47.93, 96
47.93, 96
47.93, 96
47.94, 96
47.94, 96
47.98, 96
47.98, 96
47.98, 96
48.12, 96
48.12, 96
48.12, 96
48.24, 96
48.24, 96
48.25, 96
48.26, 96
48.26, 96
48.27, 96
48.34, 96
48.36, 96
48.36, 96
48.40, 96
48.40, 96
48.41, 96
48.41, 96
48.41, 96
48.62, 96
48.79, 96
48.83, 96
48.83, 96
48.89, 96
48.93, 96
48.93, 96
48.93, 96
48.93, 96
48.94, 96
48.94, 96
48.94, 96
48.94, 96
49.16, 96
49.16, 96
49.20, 96
49.20, 96
49.21, 96
49.21, 96
49.21, 96
49.28, 96
49.28, 96
49.28, 96
49.29, 96
49.30, 96
49.30, 96
49.30, 96
49.30, 96
49.33, 96
49.75, 96
49.86, 96
49.87, 96
49.87, 96
49.87, 96
49.88, 96
49.88, 96
49.89, 96
49.99, 96
50.00, 96
50.00, 96
50.01, 96
50.01, 96
50.01, 96
50.02, 96
50.02, 96
50.30, 96
50.30, 96
50.31, 96
50.31, 96
50.31, 96
50.52, 96
50.52, 96
50.52, 96
50.52, 96
50.69, 96
50.69, 96
51.01, 96
51.01, 96
51.02, 96
51.02, 96
51.08, 96
51.08, 96
51.28, 96
51.28, 96
51.28, 96
51.28, 96
51.28, 96
51.28, 96
51.28, 96
51.29, 96
51.29, 96
51.29, 96
51.29, 96
51.29, 96
51.30, 96
51.33, 96
51.33, 96
51.34, 96
51.34, 96
51.34, 96
51.46, 96
51.51, 96
51.51, 96
51.51, 96
51.98, 96
52.03, 96
52.04, 96
52.12, 96
52.14, 96
52.14, 96
52.14, 96
52.14, 96
52.17, 96
52.17, 96
52.17, 96
52.17, 96
52.17, 96
52.17, 96
52.18, 96
52.18, 96
52.18, 96
52.35, 96
52.51, 96
52.51, 96
52.57, 96
52.57, 96
52.58, 96
52.58, 96
52.74, 96
53.09, 96
53.11, 96
53.12, 96
53.13, 96
53.13, 96
53.56, 96
53.56, 96
53.57, 96
53.58, 96
53.62, 96
53.62, 96
53.63, 96
53.63, 96
53.64, 96
53.64, 96
53.64, 96
53.65, 96
53.65, 96
53.65, 96
53.66, 96
53.66, 96
53.66, 96
53.66, 96
53.66, 96
53.78, 96
53.78, 96
53.78, 96
53.78, 96
53.78, 96
53.78, 96
53.78, 96
53.78, 96
53.80, 96
53.94, 96
53.94, 96
53.95, 96
53.98, 96
53.99, 96
54.00, 96
54.18, 96
54.18, 96
54.18, 96
54.18, 96
54.18, 96
54.19, 96
54.22, 96
54.22, 96
54.47, 96
54.48, 96
54.48, 96
54.48, 96
54.48, 96
54.68, 96
54.68, 96
54.68, 96
54.69, 96
54.69, 96
54.69, 96
54.79, 96
54.79, 96
54.81, 96
54.82, 96
54.82, 96
54.82, 96
54.87, 96
54.87, 96
55.20, 96
55.20, 96
55.85, 96
55.85, 96
55.90, 96
55.90, 96
55.90, 96
55.90, 96
55.90, 96
55.91, 96
56.05, 96
56.05, 96
56.23, 96
56.23, 96
56.35, 96
56.36, 96
56.36, 96
56.36, 96
56.39, 96
56.39, 96
56.39, 96
56.39, 96
56.39, 96
56.39, 96
56.39, 96
56.39, 96
56.39, 96
56.39, 96
56.40, 96
56.40, 96
56.42, 96
56.42, 96
56.42, 96
56.42, 96
56.42, 96
56.52, 96
56.52, 96
56.52, 96
56.54, 96
56.61, 96
56.61, 96
56.61, 96
56.63, 96
56.63, 96
56.66, 96
56.69, 96
56.69, 96
56.69, 96
56.69, 96
56.70, 96
56.72, 96
56.78, 96
56.79, 96
56.93, 96
56.93, 96
56.93, 96
56.93, 96
56.93, 96
56.93, 96
56.93, 96
56.93, 96
56.93, 96
56.98, 96
57.00, 96
57.01, 96
57.01, 96
57.01, 96
57.02, 96
57.15, 96
57.16, 96
57.39, 96
57.40, 96
57.40, 96
57.57, 96
57.60, 96
57.63, 96
57.63, 96
57.63, 96
57.63, 96
57.64, 96
57.64, 96
57.65, 96
57.65, 96
57.65, 96
57.75, 96
57.76, 96
57.76, 96
57.76, 96
57.76, 96
57.76, 96
57.76, 96
57.76, 96
57.76, 96
57.77, 96
57.77, 96
57.77, 96
57.89, 96
57.91, 96
57.91, 96
57.92, 96
57.92, 96
57.92, 96
57.92, 96
57.92, 96
58.05, 96
58.05, 96
58.55, 96
58.56, 96
58.56, 96
58.57, 96
58.57, 96
58.59, 96
58.59, 96
58.74, 96
58.75, 96
58.75, 96
58.75, 96
58.75, 96
58.75, 96
58.75, 96
58.76, 96
58.78, 96
58.79, 96
58.79, 96
58.79, 96
58.79, 96
58.98, 96
59.04, 96
59.05, 96
59.05, 96
59.05, 96
59.05, 96
59.06, 96
59.06, 96
59.06, 96
59.06, 96
59.06, 96
59.06, 96
59.06, 96
59.19, 96
59.19, 96
59.19, 96
59.19, 96
59.19, 96
59.19, 96
59.19, 96
59.20, 96
59.20, 96
59.20, 96
59.24, 96
59.24, 96
59.24, 96
59.26, 96
59.30, 96
59.33, 96
59.33, 96
59.33, 96
59.33, 96
59.33, 96
59.33, 96
59.36, 96
59.36, 96
59.37, 96
59.37, 96
59.37, 96
60.11, 96
60.11, 96
60.59, 96
60.59, 96
60.59, 96
60.60, 96
60.77, 96
60.79, 96
60.89, 96
60.90, 96
60.93, 96
61.01, 96
61.01, 96
61.04, 96
61.04, 96
61.04, 96
61.04, 96
61.05, 96
61.41, 96
61.41, 96
61.42, 96
61.43, 96
61.43, 96
61.85, 96
61.85, 96
61.85, 96
62.19, 96
62.20, 96
62.20, 96
62.20, 96
62.34, 96
62.59, 96
62.67, 96
62.68, 96
62.68, 96
62.68, 96
62.68, 96
62.68, 96
62.68, 96
62.69, 96
62.69, 96
62.79, 96
62.79, 96
62.79, 96
62.79, 96
62.81, 96
62.81, 96
62.81, 96
62.82, 96
62.82, 96
62.82, 96
62.87, 96
62.90, 96
62.90, 96
62.90, 96
62.90, 96
63.62, 96
63.93, 96
63.93, 96
63.95, 96
63.95, 96
63.95, 96
63.98, 96
64.21, 96
64.21, 96
64.21, 96
64.21, 96
64.21, 96
64.26, 96
64.26, 96
64.26, 96
64.29, 96
64.29, 96
64.29, 96
64.29, 96
64.30, 96
64.30, 96
64.30, 96
64.32, 96
64.39, 96
64.39, 96
64.49, 96
64.49, 96
64.50, 96
64.50, 96
64.51, 96
64.51, 96
64.51, 96
64.58, 96
64.62, 96
64.62, 96
64.62, 96
64.62, 96
64.62, 96
64.87, 96
64.87, 96
65.23, 96
65.25, 96
65.29, 96
65.29, 96
65.29, 96
65.29, 96
65.29, 96
65.29, 96
65.29, 96
65.29, 96
65.30, 96
65.30, 96
65.30, 96
65.30, 96
65.30, 96
65.30, 96
65.30, 96
65.30, 96
65.31, 96
65.31, 96
65.32, 96
65.32, 96
65.32, 96
65.32, 96
65.32, 96
65.33, 96
65.36, 96
65.36, 96
65.36, 96
65.36, 96
65.36, 96
65.36, 96
65.41, 96
65.41, 96
65.41, 96
65.49, 96
65.49, 96
65.49, 96
65.50, 96
65.50, 96
65.50, 96
65.50, 96
65.51, 96
65.68, 96
65.68, 96
65.68, 96
65.87, 96
65.90, 96
66.03, 96
66.03, 96
66.04, 96
66.04, 96
66.04, 96
66.14, 96
66.14, 96
66.14, 96
66.14, 96
66.14, 96
66.14, 96
66.15, 96
66.15, 96
66.20, 96
66.20, 96
66.20, 96
66.20, 96
66.21, 96
66.22, 96
66.22, 96
66.22, 96
66.22, 96
66.22, 96
66.31, 96
66.31, 96
66.31, 96
66.31, 96
66.31, 96
66.32, 96
66.32, 96
66.32, 96
66.32, 96
66.32, 96
66.40, 96
66.40, 96
66.41, 96
66.42, 96
66.42, 96
66.43, 96
66.45, 96
66.47, 96
66.47, 96
66.47, 96
66.47, 96
66.47, 96
66.48, 96
66.48, 96
66.48, 96
66.75, 96
66.75, 96
66.78, 96
66.79, 96
66.79, 96
66.79, 96
66.79, 96
66.80, 96
66.80, 96
66.80, 96
66.80, 96
66.80, 96
66.80, 96
66.80, 96
66.85, 96
66.85, 96
66.85, 96
66.88, 96
66.88, 96
66.89, 96
66.90, 96
66.90, 96
66.92, 96
66.93, 96
66.93, 96
66.93, 96
66.93, 96
66.93, 96
66.93, 96
66.93, 96
66.93, 96
66.94, 96
66.94, 96
66.94, 96
66.97, 96
66.97, 96
66.98, 96
67.02, 96
67.14, 96
67.14, 96
67.14, 96
67.22, 96
67.22, 96
67.23, 96
67.23, 96
67.23, 96
67.23, 96
67.23, 96
67.38, 96
67.38, 96
67.40, 96
67.42, 96
67.42, 96
67.42, 96
67.43, 96
67.44, 96
67.44, 96
67.46, 96
67.46, 96
67.46, 96
67.75, 96
67.76, 96
67.77, 96
67.81, 96
67.81, 96
67.82, 96
67.82, 96
67.82, 96
67.88, 96
67.88, 96
67.88, 96
67.88, 96
67.89, 96
67.89, 96
68.06, 96
68.06, 96
68.06, 96
68.06, 96
68.06, 96
68.06, 96
68.07, 96
68.07, 96
68.07, 96
68.07, 96
68.07, 96
68.07, 96
68.09, 96
68.09, 96
68.09, 96
68.09, 96
68.09, 96
68.09, 96
68.12, 96
68.13, 96
68.17, 96
68.17, 96
68.18, 96
68.18, 96
68.63, 96
68.86, 96
68.86, 96
68.86, 96
68.87, 96
68.87, 96
68.87, 96
68.87, 96
69.09, 96
69.09, 96
69.10, 96
69.10, 96
69.25, 96
69.25, 96
69.25, 96
69.25, 96
69.26, 96
69.26, 96
69.27, 96
69.27, 96
69.27, 96
69.27, 96
69.27, 96
69.27, 96
69.28, 96
69.28, 96
69.28, 96
69.32, 96
69.32, 96
69.32, 96
69.40, 96
69.40, 96
69.48, 96
69.69, 96
69.69, 96
69.69, 96
69.69, 96
69.83, 96
69.99, 96
69.99, 96
70.00, 96
70.00, 96
70.00, 96
70.18, 96
70.18, 96
70.20, 96
70.22, 96
70.31, 96
70.31, 96
70.32, 96
70.32, 96
70.32, 96
70.32, 96
70.34, 96
70.34, 96
70.34, 96
70.35, 96
70.35, 96
70.35, 96
70.35, 96
70.35, 96
70.35, 96
70.49, 96
70.49, 96
70.49, 96
70.62, 96
71.16, 96
71.16, 96
71.17, 96
71.22, 96
71.22, 96
71.22, 96
71.30, 96
71.31, 96
71.35, 96
71.36, 96
71.48, 96
71.48, 96
71.49, 96
71.65, 96
71.79, 96
71.79, 96
71.79, 96
71.79, 96
71.83, 96
71.84, 96
71.84, 96
71.84, 96
71.84, 96
71.86, 96
72.05, 96
72.06, 96
72.06, 96
72.06, 96
72.06, 96
72.07, 96
72.07, 96
72.07, 96
72.07, 96
72.08, 96
72.08, 96
72.08, 96
72.08, 96
72.08, 96
72.08, 96
72.10, 96
72.10, 96
72.10, 96
72.11, 96
72.11, 96
72.11, 96
72.19, 96
72.20, 96
72.20, 96
72.20, 96
72.20, 96
72.20, 96
72.20, 96
72.27, 96
72.27, 96
72.27, 96
72.27, 96
72.27, 96
72.27, 96
72.28, 96
72.28, 96
72.28, 96
72.28, 96
72.28, 96
72.28, 96
72.29, 96
72.29, 96
72.29, 96
72.51, 96
72.51, 96
72.54, 96
72.55, 96
72.55, 96
72.55, 96
72.55, 96
72.55, 96
72.55, 96
72.55, 96
72.55, 96
72.56, 96
72.56, 96
72.56, 96
72.56, 96
72.56, 96
72.56, 96
72.86, 96
73.07, 96
73.07, 96
73.07, 96
73.07, 96
73.07, 96
73.07, 96
73.07, 96
73.07, 96
73.07, 96
73.36, 96
73.36, 96
73.36, 96
73.40, 96
73.45, 96
73.45, 96
73.45, 96
73.45, 96
73.45, 96
73.49, 96
73.50, 96
73.59, 96
73.94, 96
74.00, 96
74.01, 96
74.01, 96
74.01, 96
74.01, 96
74.01, 96
74.02, 96
74.02, 96
74.03, 96
74.03, 96
74.03, 96
74.17, 96
74.17, 96
74.19, 96
74.20, 96
74.21, 96
74.28, 96
74.28, 96
74.29, 96
74.29, 96
74.31, 96
74.31, 96
74.32, 96
74.33, 96
74.33, 96
74.45, 96
74.45, 96
74.45, 96
74.45, 96
74.46, 96
74.47, 96
74.47, 96
74.47, 96
74.47, 96
74.47, 96
74.48, 96
74.48, 96
74.48, 96
74.52, 96
74.52, 96
74.52, 96
74.54, 96
74.54, 96
74.54, 96
74.64, 96
74.65, 96
74.69, 96
74.89, 96
74.89, 96
74.89, 96
74.89, 96
74.90, 96
74.90, 96
74.90, 96
74.90, 96
74.90, 96
74.93, 96
75.20, 96
75.20, 96
75.20, 96
75.20, 96
75.20, 96
75.20, 96
75.23, 96
75.23, 96
75.23, 96
75.23, 96
75.24, 96
75.24, 96
75.24, 96
75.24, 96
75.24, 96
75.24, 96
75.24, 96
75.24, 96
75.25, 96
75.25, 96
75.25, 96
75.27, 96
75.29, 96
75.29, 96
75.29, 96
75.29, 96
75.37, 96
75.52, 96
75.52, 96
75.53, 96
75.53, 96
75.54, 96
75.54, 96
75.54, 96
75.54, 96
75.59, 96
75.59, 96
75.59, 96
75.82, 96
75.88, 96
76.03, 96
76.03, 96
76.03, 96
76.05, 96
76.17, 96
76.17, 96
76.22, 96
76.22, 96
76.22, 96
77.00, 96
77.00, 96
77.01, 96
77.01, 96
77.05, 96
77.21, 96
77.21, 96
77.22, 96
77.22, 96
77.28, 96
77.28, 96
77.28, 96
77.28, 96
77.28, 96
77.28, 96
77.33, 96
77.34, 96
77.36, 96
77.38, 96
77.38, 96
77.38, 96
77.38, 96
77.38, 96
77.40, 96
77.40, 96
77.60, 96
77.61, 96
77.61, 96
77.61, 96
77.70, 96
77.70, 96
77.70, 96
77.70, 96
77.77, 96
78.00, 96
78.01, 96
78.02, 96
78.02, 96
78.02, 96
78.02, 96
78.05, 96
78.05, 96
78.09, 96
78.09, 96
78.11, 96
78.32, 96
78.32, 96
78.33, 96
78.33, 96
78.33, 96
78.33, 96
78.35, 96
78.35, 96
78.64, 96
78.64, 96
78.64, 96
78.66, 96
78.68, 96
78.72, 96
78.90, 96
78.90, 96
78.90, 96
78.90, 96
78.90, 96
79.06, 96
79.26, 96
79.26, 96
79.27, 96
79.27, 96
79.27, 96
79.27, 96
79.28, 96
79.28, 96
79.33, 96
79.33, 96
79.33, 96
79.33, 96
79.33, 96
79.35, 96
79.85, 96
79.85, 96
79.85, 96
79.88, 96
79.88, 96
79.88, 96
79.88, 96
79.89, 96
79.89, 96
79.89, 96
79.89, 96
79.89, 96
79.89, 96
79.89, 96
79.90, 96
79.90, 96
79.90, 96
79.91, 96
79.91, 96
79.91, 96
79.92, 96
80.06, 96
80.06, 96
80.08, 96
80.08, 96
80.09, 96
80.36, 96
80.36, 96
80.36, 96
80.37, 96
80.37, 96
80.39, 96
80.39, 96
80.44, 96
80.46, 96
80.46, 96
80.46, 96
80.46, 96
80.46, 96
80.46, 96
80.47, 96
80.47, 96
80.47, 96
80.58, 96
80.59, 96
80.60, 96
80.62, 96
80.69, 96
80.70, 96
80.70, 96
80.70, 96
80.70, 96
80.70, 96
80.70, 96
80.70, 96
80.70, 96
80.71, 96
80.71, 96
80.71, 96
80.71, 96
80.73, 96
80.73, 96
80.73, 96
80.73, 96
80.73, 96
81.05, 96
81.73, 96
81.81, 96
81.81, 96
82.06, 96
82.06, 96
82.21, 96
82.21, 96
82.64, 96
82.64, 96
82.64, 96
82.64, 96
82.65, 96
82.65, 96
82.65, 96
82.65, 96
82.72, 96
82.73, 96
82.73, 96
82.73, 96
82.73, 96
82.73, 96
82.73, 96
82.73, 96
82.76, 96
82.76, 96
82.76, 96
82.76, 96
82.76, 96
82.76, 96
82.79, 96
82.79, 96
82.80, 96
82.80, 96
82.81, 96
82.81, 96
82.81, 96
82.82, 96
82.82, 96
82.82, 96
82.82, 96
82.86, 96
82.87, 96
82.87, 96
82.87, 96
82.89, 96
83.01, 96
83.16, 96
83.16, 96
83.16, 96
83.16, 96
83.29, 96
83.31, 96
83.32, 96
83.34, 96
83.35, 96
83.35, 96
83.35, 96
83.35, 96
83.35, 96
83.36, 96
83.36, 96
83.41, 96
83.44, 96
83.45, 96
83.45, 96
83.47, 96
83.47, 96
83.47, 96
83.73, 96
83.73, 96
83.74, 96
83.74, 96
83.74, 96
83.83, 96
83.83, 96
83.99, 96
83.99, 96
83.99, 96
83.99, 96
84.02, 96
84.02, 96
84.02, 96
84.03, 96
84.05, 96
84.06, 96
84.06, 96
84.06, 96
84.06, 96
84.07, 96
84.07, 96
84.13, 96
84.13, 96
84.13, 96
84.13, 96
84.13, 96
84.15, 96
84.16, 96
84.16, 96
84.16, 96
84.16, 96
84.94, 96
84.94, 96
84.94, 96
84.97, 96
84.97, 96
84.97, 96
84.97, 96
84.97, 96
84.97, 96
84.97, 96
84.97, 96
84.98, 96
84.99, 96
85.08, 96
85.46, 96
85.46, 96
85.50, 96
85.52, 96
85.53, 96
85.53, 96
85.53, 96
85.53, 96
85.53, 96
85.53, 96
85.65, 96
85.65, 96
85.65, 96
85.66, 96
85.66, 96
85.66, 96
85.67, 96
85.68, 96
85.68, 96
85.68, 96
85.68, 96
85.68, 96
85.68, 96
85.68, 96
85.69, 96
85.69, 96
85.70, 96
85.70, 96
85.70, 96
85.70, 96
85.70, 96
85.70, 96
85.70, 96
85.81, 96
85.90, 96
85.90, 96
85.90, 96
85.91, 96
85.91, 96
85.91, 96
85.91, 96
86.03, 96
86.03, 96
86.03, 96
86.03, 96
86.03, 96
86.03, 96
86.03, 96
86.03, 96
86.05, 96
86.19, 96
86.19, 96
86.20, 96
86.20, 96
86.20, 96
86.35, 96
86.35, 96
86.35, 96
86.35, 96
86.35, 96
86.37, 96
86.37, 96
86.37, 96
86.38, 96
86.38, 96
86.45, 96
86.45, 96
86.45, 96
86.45, 96
86.46, 96
86.46, 96
86.46, 96
86.46, 96
86.47, 96
86.47, 96
86.47, 96
86.49, 96
86.52, 96
86.52, 96
86.52, 96
86.52, 96
86.52, 96
86.53, 96
86.53, 96
86.55, 96
86.55, 96
86.55, 96
86.55, 96
86.55, 96
86.55, 96
86.69, 96
86.69, 96
86.69, 96
86.72, 96
86.75, 96
86.76, 96
86.76, 96
86.76, 96
86.76, 96
86.76, 96
86.84, 96
86.84, 96
86.84, 96
86.84, 96
87.45, 96
87.45, 96
87.45, 96
87.45, 96
87.47, 96
87.47, 96
87.57, 96
87.58, 96
87.58, 96
87.71, 96
87.94, 96
88.59, 96
88.59, 96
89.24, 96
89.38, 96
89.38, 96
89.38, 96
89.53, 96
89.65, 96
89.65, 96
89.65, 96
89.69, 96
89.69, 96
89.69, 96
89.69, 96
89.69, 96
90.10, 96
90.10, 96
90.10, 96
90.20, 96
90.20, 96
90.20, 96
90.23, 96
90.23, 96
90.23, 96
90.23, 96
90.24, 96
90.82, 96
90.82, 96
90.82, 96
90.83, 96
90.83, 96
90.83, 96
90.83, 96
90.83, 96
90.84, 96
90.84, 96
90.87, 96
90.91, 96
90.91, 96
90.91, 96
90.91, 96
90.91, 96
90.91, 96
90.91, 96
90.91, 96
90.91, 96
90.92, 96
90.92, 96
90.92, 96
90.92, 96
90.93, 96
90.93, 96
90.94, 96
90.94, 96
90.96, 96
90.97, 96
90.97, 96
90.97, 96
90.97, 96
91.16, 96
91.16, 96
91.16, 96
91.18, 96
91.19, 96
91.20, 96
91.20, 96
91.20, 96
91.20, 96
91.50, 96
91.65, 96
91.65, 96
91.65, 96
91.65, 96
91.65, 96
91.65, 96
91.66, 96
91.66, 96
91.66, 96
91.66, 96
91.72, 96
91.72, 96
91.72, 96
91.72, 96
91.72, 96
91.75, 96
92.08, 96
92.08, 96
92.08, 96
92.08, 96
92.09, 96
92.09, 96
92.09, 96
92.09, 96
92.16, 96
92.37, 96
92.37, 96
92.44, 96
92.44, 96
92.44, 96
92.47, 96
92.47, 96
92.47, 96
92.49, 96
92.49, 96
92.50, 96
92.53, 96
92.53, 96
92.54, 96
92.54, 96
92.54, 96
92.74, 96
92.74, 96
92.74, 96
92.74, 96
93.16, 96
93.16, 96
93.16, 96
93.53, 96
93.53, 96
93.53, 96
93.53, 96
93.53, 96
93.55, 96
93.56, 96
93.57, 96
93.57, 96
93.57, 96
93.57, 96
93.60, 96
93.60, 96
93.60, 96
93.60, 96
93.78, 96
93.81, 96
93.81, 96
93.81, 96
93.82, 96
93.82, 96
93.82, 96
94.00, 96
94.02, 96
94.04, 96
94.04, 96
94.04, 96
94.04, 96
94.04, 96
94.05, 96
94.40, 96
94.40, 96
94.43, 96
94.43, 96
94.43, 96
94.44, 96
94.44, 96
94.44, 96
94.76, 96
94.76, 96
94.76, 96
94.78, 96
94.78, 96
94.78, 96
94.81, 96
94.81, 96
94.81, 96
94.82, 96
94.82, 96
94.82, 96
94.82, 96
94.82, 96
94.87, 96
94.88, 96
94.88, 96
94.88, 96
94.88, 96
94.88, 96
94.88, 96
94.91, 96
94.91, 96
94.91, 96
94.97, 96
94.97, 96
94.97, 96
94.97, 96
94.97, 96
94.98, 96
94.98, 96
94.98, 96
94.98, 96
94.98, 96
94.98, 96
95.06, 96
95.06, 96
95.06, 96
95.09, 96
95.09, 96
95.09, 96
95.09, 96
95.12, 96
95.12, 96
95.12, 96
95.12, 96
95.12, 96
95.12, 96
95.12, 96
95.12, 96
95.12, 96
95.13, 96
95.13, 96
95.18, 96
95.19, 96
95.22, 96
95.22, 96
95.29, 96
95.29, 96
95.44, 96
95.44, 96
95.44, 96
95.44, 96
95.49, 96
95.49, 96
95.55, 96
95.55, 96
95.55, 96
95.55, 96
95.56, 96
95.56, 96
95.56, 96
95.56, 96
95.56, 96
95.58, 96
95.60, 96
95.60, 96
95.60, 96
95.69, 96
95.70, 96
95.70, 96
95.71, 96
95.71, 96
95.71, 96
95.71, 96
95.72, 96
95.72, 96
95.73, 96
95.73, 96
95.73, 96
95.77, 96
95.77, 96
95.77, 96
95.77, 96
95.77, 96
95.77, 96
95.83, 96
95.83, 96
95.84, 96
95.84, 96
95.84, 96
95.84, 96
95.89, 96
96.07, 96
96.07, 96
96.07, 96
96.20, 96
96.20, 96
96.20, 96
96.22, 96
96.41, 96
96.41, 96
96.41, 96
96.41, 96
96.41, 96
96.43, 96
96.74, 96
96.74, 96
96.74, 96
96.74, 96
96.75, 96
96.75, 96
96.81, 96
96.81, 96
96.81, 96
96.81, 96
96.81, 96
96.81, 96
96.82, 96
96.91, 96
96.92, 96
96.92, 96
96.96, 96
96.96, 96
96.97, 96
96.97, 96
97.25, 96
97.26, 96
97.51, 96
97.51, 96
97.52, 96
97.52, 96
97.53, 96
97.53, 96
97.63, 96
97.64, 96
97.65, 96
97.71, 96
97.71, 96
97.71, 96
97.71, 96
97.71, 96
97.71, 96
97.71, 96
97.71, 96
97.71, 96
97.72, 96
97.72, 96
97.72, 96
97.72, 96
97.74, 96
97.74, 96
97.74, 96
97.74, 96
97.74, 96
97.74, 96
97.86, 96
97.87, 96
97.87, 96
97.87, 96
97.87, 96
97.87, 96
97.88, 96
97.88, 96
97.88, 96
97.89, 96
97.90, 96
97.90, 96
97.91, 96
97.91, 96
97.91, 96
97.91, 96
97.91, 96
97.95, 96
97.95, 96
98.01, 96
98.01, 96
98.01, 96
98.26, 96
98.38, 96
98.38, 96
98.38, 96
98.38, 96
98.39, 96
98.46, 96
98.61, 96
98.84, 96
98.84, 96
98.84, 96
98.85, 96
98.85, 96
98.85, 96
98.85, 96
98.85, 96
99.01, 96
99.01, 96
99.01, 96
99.01, 96
99.01, 96
99.01, 96
99.02, 96
99.02, 96
99.02, 96
99.10, 96
99.10, 96
99.17, 96
99.17, 96
99.18, 96
99.18, 96
99.18, 96
99.28, 96
99.28, 96
99.28, 96
99.28, 96
99.41, 96
99.44, 96
99.45, 96
99.45, 96
99.79, 96
99.79, 96
99.81, 96
99.81, 96
99.81, 96
99.81, 96
99.88, 96
99.88, 96
99.88, 96
99.89, 96
100.00, 96
100.00, 96
100.00, 96
100.00, 96
100.00, 96
100.00, 96
100.00, 96
100.01, 96
100.02, 96
100.04, 96
100.04, 96
100.04, 96
100.04, 96
100.04, 96
100.05, 96
100.05, 96
100.05, 96
100.05, 96
100.05, 96
100.05, 96
100.05, 96
100.05, 96
100.05, 96
100.13, 96
100.13, 96
100.13, 96
100.13, 96
100.13, 96
100.13, 96
100.14, 96
100.14, 96
100.14, 96
100.14, 96
100.14, 96
100.14, 96
100.14, 96
100.14, 96
100.15, 96
100.15, 96
100.15, 96
100.15, 96
100.15, 96
100.38, 96
100.39, 96
100.39, 96
100.40, 96
100.40, 96
100.40, 96
100.40, 96
100.40, 96
100.40, 96
100.40, 96
100.40, 96
100.40, 96
100.40, 96
100.41, 96
100.41, 96
100.41, 96
100.41, 96
100.41, 96
100.41, 96
100.56, 96
100.61, 96
100.72, 96
100.73, 96
100.73, 96
100.74, 96
101.11, 96
101.11, 96
101.11, 96
101.15, 96
101.15, 96
101.18, 96
101.25, 96
101.25, 96
101.25, 96
101.25, 96
101.26, 96
101.35, 96
101.40, 96
101.41, 96
101.55, 96
101.55, 96
101.55, 96
101.68, 96
101.73, 96
101.76, 96
101.76, 96
101.76, 96
101.76, 96
101.77, 96
101.77, 96
101.77, 96
101.78, 96
101.78, 96
101.78, 96
101.80, 96
101.80, 96
101.80, 96
101.80, 96
101.80, 96
101.81, 96
102.04, 96
102.05, 96
102.05, 96
102.05, 96
102.05, 96
102.06, 96
102.06, 96
102.06, 96
102.06, 96
102.08, 96
102.08, 96
102.08, 96
102.09, 96
102.10, 96
102.10, 96
102.10, 96
102.10, 96
102.11, 96
102.11, 96
102.11, 96
102.11, 96
102.16, 96
102.18, 96
102.18, 96
102.19, 96
102.19, 96
102.19, 96
102.19, 96
102.19, 96
102.22, 96
102.23, 96
102.23, 96
102.23, 96
102.23, 96
102.23, 96
102.23, 96
102.23, 96
102.24, 96
102.24, 96
102.24, 96
102.24, 96
102.26, 96
102.26, 96
102.27, 96
102.27, 96
102.27, 96
102.27, 96
102.27, 96
102.28, 96
102.28, 96
102.28, 96
102.29, 96
102.30, 96
102.30, 96
102.30, 96
102.31, 96
102.31, 96
102.31, 96
102.42, 96
102.42, 96
102.43, 96
102.43, 96
102.43, 96
102.47, 96
102.48, 96
102.48, 96
102.48, 96
102.48, 96
102.48, 96
102.48, 96
102.49, 96
102.49, 96
102.62, 96
102.62, 96
102.96, 96
102.96, 96
102.96, 96
102.96, 96
102.97, 96
102.97, 96
102.97, 96
102.97, 96
102.97, 96
102.99, 96
102.99, 96
102.99, 96
103.00, 96
103.00, 96
103.01, 96
103.01, 96
103.01, 96
103.01, 96
103.02, 96
103.02, 96
103.02, 96
103.11, 96
103.12, 96
103.12, 96
103.12, 96
103.12, 96
103.12, 96
103.12, 96
103.12, 96
103.12, 96
103.13, 96
103.13, 96
103.35, 96
103.35, 96
103.35, 96
103.36, 96
103.36, 96
103.42, 96
103.42, 96
103.43, 96
103.52, 96
103.62, 96
103.63, 96
103.63, 96
103.63, 96
103.63, 96
103.63, 96
103.70, 96
103.72, 96
103.73, 96
103.73, 96
103.74, 96
103.74, 96
103.74, 96
103.74, 96
103.74, 96
103.74, 96
103.74, 96
104.12, 96
104.12, 96
104.13, 96
104.15, 96
104.28, 96
104.28, 96
104.28, 96
104.29, 96
104.29, 96
104.29, 96
104.30, 96
104.30, 96
104.30, 96
104.30, 96
104.32, 96
104.33, 96
104.33, 96
104.33, 96
104.33, 96
104.34, 96
104.34, 96
104.34, 96
104.34, 96
104.37, 96
104.82, 96
104.82, 96
104.86, 96
104.86, 96
104.86, 96
104.87, 96
104.87, 96
104.97, 96
105.01, 96
105.02, 96
105.23, 96
105.23, 96
105.23, 96
105.45, 96
105.45, 96
105.45, 96
105.46, 96
105.54, 96
105.54, 96
105.55, 96
105.71, 96
105.72, 96
105.72, 96
105.72, 96
105.72, 96
105.72, 96
105.72, 96
105.72, 96
105.73, 96
105.86, 96
105.88, 96
105.89, 96
105.90, 96
105.90, 96
105.94, 96
105.95, 96
105.95, 96
105.95, 96
105.95, 96
105.96, 96
105.97, 96
105.97, 96
105.97, 96
105.98, 96
105.98, 96
105.99, 96
105.99, 96
105.99, 96
106.12, 96
106.12, 96
106.12, 96
106.20, 96
106.25, 96
106.25, 96
106.33, 96
106.33, 96
106.33, 96
106.49, 96
106.49, 96
106.49, 96
106.59, 96
106.59, 96
106.60, 96
106.72, 96
106.72, 96
106.83, 96
106.83, 96
106.93, 96
107.01, 96
107.01, 96
107.39, 96
107.39, 96
107.57, 96
107.57, 96
107.57, 96
107.57, 96
107.57, 96
107.57, 96
107.57, 96
107.64, 96
107.64, 96
107.64, 96
107.64, 96
107.64, 96
107.68, 96
107.89, 96
107.89, 96
107.89, 96
107.89, 96
107.89, 96
107.94, 96
107.95, 96
107.95, 96
107.95, 96
107.99, 96
107.99, 96
108.00, 96
108.05, 96
108.40, 96
108.46, 96
108.47, 96
108.47, 96
108.47, 96
108.47, 96
108.47, 96
108.48, 96
108.48, 96
108.53, 96
108.53, 96
108.53, 96
108.53, 96
108.57, 96
108.57, 96
108.57, 96
108.57, 96
108.57, 96
108.58, 96
108.58, 96
108.66, 96
108.66, 96
108.68, 96
108.70, 96
108.70, 96
108.85, 96
108.87, 96
108.87, 96
108.87, 96
108.87, 96
108.87, 96
109.01, 96
109.11, 96
109.11, 96
109.11, 96
109.12, 96
109.12, 96
109.21, 96
109.21, 96
109.21, 96
109.21, 96
109.21, 96
109.21, 96
109.22, 96
109.23, 96
109.23, 96
109.23, 96
109.23, 96
109.35, 96
109.44, 96
109.57, 96
109.58, 96
109.75, 96
109.79, 96
109.79, 96
109.79, 96
109.80, 96
109.80, 96
109.80, 96
109.80, 96
109.80, 96
109.80, 96
109.88, 96
109.88, 96
109.88, 96
109.88, 96
109.89, 96
109.89, 96
109.89, 96
109.89, 96
109.89, 96
109.91, 96
109.91, 96
109.91, 96
109.91, 96
109.92, 96
109.92, 96
109.92, 96
109.92, 96
109.92, 96
109.92, 96
109.92, 96
109.93, 96
109.93, 96
109.93, 96
109.93, 96
109.94, 96
110.00, 96
110.02, 96
110.03, 96
110.03, 96
110.06, 96
110.11, 96
110.11, 96
110.13, 96
110.14, 96
110.14, 96
110.22, 96
110.22, 96
110.22, 96
110.22, 96
110.24, 96
110.25, 96
110.25, 96
110.33, 96
110.33, 96
110.33, 96
110.33, 96
110.35, 96
110.35, 96
110.36, 96
110.42, 96
110.64, 96
110.65, 96
110.65, 96
110.65, 96
110.65, 96
110.68, 96
110.68, 96
110.69, 96
110.74, 96
110.74, 96
110.75, 96
110.78, 96
110.78, 96
110.78, 96
110.78, 96
111.16, 96
111.16, 96
111.16, 96
111.17, 96
111.17, 96
111.17, 96
111.17, 96
111.52, 96
111.52, 96
111.60, 96
111.60, 96
111.61, 96
111.61, 96
111.81, 96
111.81, 96
111.81, 96
111.81, 96
111.88, 96
111.89, 96
111.94, 96
111.94, 96
111.94, 96
111.94, 96
111.95, 96
111.95, 96
111.95, 96
111.95, 96
111.95, 96
111.95, 96
111.95, 96
111.96, 96
112.10, 96
112.10, 96
112.10, 96
112.10, 96
112.11, 96
112.11, 96
112.11, 96
112.11, 96
112.11, 96
112.11, 96
112.15, 96
112.15, 96
112.15, 96
112.19, 96
112.19, 96
112.23, 96
112.24, 96
112.24, 96
112.24, 96
112.25, 96
112.25, 96
112.25, 96
112.57, 96
112.57, 96
112.75, 96
112.76, 96
112.81, 96
112.90, 96
112.90, 96
112.90, 96
112.91, 96
112.91, 96
112.92, 96
112.92, 96
113.13, 96
113.14, 96
113.14, 96
113.21, 96
113.21, 96
113.21, 96
113.24, 96
113.29, 96
113.32, 96
113.32, 96
113.33, 96
113.33, 96
114.20, 96
114.25, 96
114.25, 96
114.25, 96
114.51, 96
114.51, 96
114.51, 96
114.57, 96
114.57, 96
115.03, 96
115.04, 96
115.20, 96
115.20, 96
115.20, 96
115.20, 96
115.20, 96
115.20, 96
115.20, 96
115.24, 96
115.26, 96
115.26, 96
115.26, 96
115.26, 96
115.27, 96
115.28, 96
115.37, 96
115.37, 96
115.38, 96
115.55, 96
115.55, 96
115.58, 96
115.58, 96
115.59, 96
115.59, 96
115.59, 96
115.59, 96
115.60, 96
115.61, 96
115.64, 96
115.74, 96
115.74, 96
115.74, 96
115.74, 96
115.77, 96
115.77, 96
115.77, 96
115.77, 96
115.77, 96
115.78, 96
115.78, 96
115.78, 96
115.78, 96
115.78, 96
115.79, 96
115.79, 96
115.79, 96
115.79, 96
115.79, 96
115.79, 96
115.88, 96
115.88, 96
115.88, 96
115.89, 96
115.89, 96
115.89, 96
115.89, 96
115.89, 96
115.89, 96
115.89, 96
115.89, 96
115.89, 96
116.03, 96
116.03, 96
116.03, 96
116.04, 96
116.04, 96
116.04, 96
116.04, 96
116.04, 96
116.04, 96
116.04, 96
116.05, 96
116.05, 96
116.05, 96
116.05, 96
116.05, 96
116.05, 96
116.05, 96
116.05, 96
116.06, 96
116.09, 96
116.10, 96
116.10, 96
116.10, 96
116.11, 96
116.11, 96
116.44, 96
116.45, 96
116.45, 96
116.70, 96
116.71, 96
116.71, 96
116.71, 96
116.72, 96
116.72, 96
116.72, 96
116.72, 96
116.73, 96
116.73, 96
116.73, 96
116.73, 96
116.73, 96
116.77, 96
116.78, 96
116.78, 96
116.78, 96
116.78, 96
116.78, 96
116.78, 96
116.78, 96
116.79, 96
117.98, 96
117.98, 96
118.01, 96
118.01, 96
118.01, 96
118.12, 96
118.12, 96
118.12, 96
118.12, 96
118.36, 96
118.38, 96
118.38, 96
118.39, 96
118.39, 96
118.44, 96
118.44, 96
118.66, 96
118.67, 96
118.67, 96
118.67, 96
118.67, 96
118.67, 96
118.67, 96
118.67, 96
118.67, 96
119.25, 96
119.26, 96
119.26, 96
119.26, 96
119.26, 96
119.26, 96
119.26, 96
119.26, 96
119.26, 96
119.27, 96
119.27, 96
119.27, 96
119.27, 96
119.28, 96
119.28, 96
119.32, 96
119.33, 96
119.34, 96
119.35, 96
119.57, 96
119.57, 96
119.57, 96
119.57, 96
119.57, 96
119.57, 96
119.57, 96
119.63, 96
119.63, 96
119.63, 96
119.63, 96
119.63, 96
119.64, 96
119.65, 96
119.66, 96
119.84, 96
119.84, 96
119.84, 96
119.92, 96
119.92, 96
