0.01, 102
0.01, 100
0.02, 99
0.02, 99
0.02, 99
0.02, 99
0.02, 99
0.02, 98
0.02, 98
0.02, 98
0.02, 98
0.03, 98
0.03, 98
0.03, 98
0.04, 98
0.05, 98
0.05, 98
0.05, 98
0.05, 98
0.05, 97
0.05, 97
0.06, 97
0.07, 97
0.07, 97
0.07, 97
0.07, 97
0.07, 97
0.08, 97
0.08, 97
0.08, 97
0.08, 97
0.08, 97
0.09, 97
0.09, 97
0.09, 97
0.09, 97
0.10, 97
0.10, 97
0.10, 97
0.10, 97
0.10, 97
0.11, 97
0.12, 97
0.12, 97
0.12, 97
0.13, 97
0.13, 97
0.13, 97
0.13, 97
0.13, 97
0.19, 97
0.19, 97
0.22, 97
0.22, 97
0.22, 97
0.22, 97
0.22, 97
0.22, 97
0.22, 97
0.23, 97
0.26, 97
0.26, 97
0.26, 97
0.26, 97
0.27, 97
0.27, 97
0.27, 97
0.27, 97
0.27, 97
0.27, 97
0.28, 97
0.28, 97
0.30, 97
0.31, 97
0.31, 97
0.31, 97
0.34, 97
0.34, 97
0.34, 97
0.34, 97
0.34, 97
0.34, 97
0.34, 97
0.35, 97
0.35, 97
0.37, 97
0.39, 97
0.39, 97
0.39, 97
0.39, 97
0.39, 97
0.39, 97
0.39, 97
0.40, 97
0.40, 97
0.41, 97
0.41, 97
0.41, 97
0.41, 97
0.41, 96
0.41, 96
0.41, 96
0.41, 96
0.43, 96
0.43, 96
0.46, 96
0.46, 96
0.46, 96
0.49, 96
0.49, 96
0.49, 96
0.52, 96
0.53, 96
0.53, 96
0.53, 96
0.57, 96
0.57, 96
0.57, 96
0.58, 96
0.84, 96
0.84, 96
0.84, 96
0.84, 96
0.85, 96
0.87, 96
0.88, 96
0.88, 96
0.90, 96
0.90, 96
0.94, 96
0.94, 96
0.94, 96
0.94, 96
0.94, 96
0.94, 96
0.94, 96
1.16, 96
1.20, 96
1.21, 96
1.21, 96
1.29, 96
1.29, 96
1.83, 96
1.84, 96
1.84, 96
1.84, 96
1.85, 96
1.87, 96
1.87, 96
1.87, 96
1.87, 96
1.87, 96
1.89, 96
1.91, 96
1.91, 96
1.91, 96
1.91, 96
1.99, 96
1.99, 96
1.99, 96
1.99, 96
1.99, 96
2.00, 96
2.04, 96
2.04, 96
2.04, 96
2.07, 96
2.07, 96
2.09, 96
2.09, 96
2.11, 96
2.11, 96
2.12, 96
2.13, 96
2.13, 96
2.13, 96
2.13, 96
2.13, 96
2.14, 96
2.15, 96
2.15, 96
2.15, 96
2.15, 96
2.55, 96
2.56, 96
2.56, 96
2.56, 96
2.56, 96
2.56, 96
2.56, 96
2.57, 96
3.04, 96
3.05, 96
3.05, 96
3.18, 96
3.18, 96
3.18, 96
3.18, 96
3.18, 96
3.18, 96
3.18, 96
3.39, 96
3.42, 96
3.42, 96
3.43, 96
3.43, 96
3.43, 96
3.43, 96
3.43, 96
3.44, 96
3.44, 96
3.44, 96
3.45, 96
3.45, 96
3.45, 96
3.45, 96
3.45, 96
3.45, 96
3.47, 96
3.47, 96
3.49, 96
3.49, 96
3.49, 96
3.49, 96
3.49, 96
3.50, 96
3.50, 96
3.50, 96
3.50, 96
3.50, 96
3.50, 96
3.51, 96
3.51, 96
3.51, 96
3.52, 96
3.52, 96
3.52, 96
3.54, 96
3.54, 96
3.54, 96
3.54, 96
3.55, 96
3.55, 96
3.57, 96
3.57, 96
3.57, 96
3.57, 96
3.57, 96
3.57, 96
3.57, 96
3.57, 96
3.59, 96
3.59, 96
3.59, 96
3.59, 96
3.59, 96
3.62, 96
3.62, 96
3.62, 96
3.62, 96
3.79, 96
3.79, 96
3.79, 96
3.82, 96
3.83, 96
3.84, 96
3.84, 96
3.84, 96
3.84, 96
3.84, 96
3.84, 96
3.84, 96
3.96, 96
3.96, 96
3.97, 96
3.97, 96
4.02, 96
4.03, 96
4.06, 96
4.06, 96
4.07, 96
4.07, 96
4.07, 96
4.07, 96
4.08, 96
4.08, 96
4.08, 96
4.09, 96
4.21, 96
4.22, 96
4.22, 96
4.22, 96
4.22, 96
4.22, 96
4.23, 96
4.30, 96
4.30, 96
4.31, 96
4.31, 96
4.31, 96
4.32, 96
4.33, 96
4.33, 96
4.33, 96
4.33, 96
4.34, 96
4.34, 96
4.34, 96
4.34, 96
4.34, 96
4.35, 96
4.40, 96
4.40, 96
4.40, 96
4.40, 96
4.40, 96
4.47, 96
4.48, 96
4.48, 96
4.48, 96
4.48, 96
4.48, 96
4.49, 96
4.49, 96
4.49, 96
4.67, 96
5.01, 96
5.11, 96
5.11, 96
5.12, 96
5.12, 96
5.12, 96
5.13, 96
5.13, 96
5.13, 96
5.14, 96
5.14, 96
5.14, 96
5.14, 96
5.15, 96
5.15, 96
5.24, 96
5.24, 96
5.24, 96
5.24, 96
5.24, 96
5.25, 96
5.35, 96
5.35, 96
5.35, 96
5.38, 96
5.38, 96
5.52, 96
5.52, 96
5.52, 96
5.52, 96
5.53, 96
5.55, 96
5.55, 96
5.56, 96
5.59, 96
5.59, 96
5.59, 96
5.60, 96
5.60, 96
5.60, 96
5.60, 96
5.60, 96
5.61, 96
5.61, 96
5.61, 96
5.61, 96
5.64, 96
5.64, 96
5.67, 96
5.68, 96
5.68, 96
5.68, 96
5.68, 96
5.68, 96
5.68, 96
5.72, 96
5.72, 96
5.72, 96
5.72, 96
5.72, 96
5.72, 96
5.76, 96
5.76, 96
5.76, 96
5.76, 96
5.77, 96
5.79, 96
5.79, 96
5.82, 96
5.84, 96
5.84, 96
5.84, 96
5.84, 96
5.84, 96
5.84, 96
5.89, 96
5.89, 96
5.89, 96
5.89, 96
5.89, 96
5.89, 96
5.90, 96
5.90, 96
5.90, 96
5.90, 96
5.90, 96
5.90, 96
5.90, 96
5.93, 96
5.93, 96
5.94, 96
5.94, 96
5.95, 96
5.95, 96
5.95, 96
6.40, 96
6.40, 96
6.40, 96
6.40, 96
6.41, 96
6.41, 96
6.42, 96
6.42, 96
6.43, 96
6.43, 96
6.46, 96
6.46, 96
6.50, 96
6.51, 96
6.52, 96
6.53, 96
6.53, 96
6.53, 96
6.53, 96
6.74, 96
6.75, 96
6.75, 96
6.75, 96
6.75, 96
6.75, 96
6.75, 96
6.76, 96
6.76, 96
6.76, 96
6.76, 96
6.76, 96
6.76, 96
6.77, 96
6.86, 96
6.87, 96
6.88, 96
6.89, 96
6.89, 96
6.89, 96
6.89, 96
6.89, 96
6.89, 96
6.90, 96
6.90, 96
6.90, 96
6.90, 96
6.92, 96
6.92, 96
6.92, 96
6.92, 96
7.03, 96
7.13, 96
7.13, 96
7.13, 96
7.13, 96
7.13, 96
7.28, 96
7.30, 96
7.42, 96
7.42, 96
7.43, 96
7.53, 96
7.53, 96
8.20, 96
8.59, 96
8.65, 96
8.66, 96
9.12, 96
9.27, 96
9.27, 96
9.31, 96
9.31, 96
9.51, 96
9.52, 96
9.80, 96
10.01, 96
10.08, 96
10.08, 96
10.08, 96
10.26, 96
10.28, 96
10.57, 96
10.57, 96
10.81, 96
10.90, 96
10.90, 96
10.96, 96
10.97, 96
10.97, 96
11.02, 96
11.02, 96
11.04, 96
11.04, 96
11.04, 96
11.04, 96
11.04, 96
11.05, 96
11.05, 96
11.05, 96
11.06, 96
11.06, 96
11.06, 96
11.06, 96
11.07, 96
11.07, 96
11.07, 96
11.08, 96
11.10, 96
11.10, 96
11.17, 96
11.18, 96
11.18, 96
11.18, 96
11.18, 96
11.18, 96
11.19, 96
11.19, 96
11.19, 96
11.23, 96
11.29, 96
11.29, 96
11.29, 96
11.29, 96
11.29, 96
11.29, 96
11.36, 96
11.47, 96
11.47, 96
11.47, 96
11.47, 96
11.47, 96
11.48, 96
11.48, 96
11.48, 96
11.48, 96
11.48, 96
11.48, 96
11.50, 96
11.50, 96
11.50, 96
11.52, 96
11.53, 96
11.60, 96
11.60, 96
11.65, 96
11.65, 96
11.66, 96
11.67, 96
11.67, 96
11.67, 96
11.73, 96
11.73, 96
11.74, 96
11.74, 96
11.74, 96
11.74, 96
11.74, 96
11.74, 96
11.75, 96
11.75, 96
11.75, 96
11.75, 96
11.75, 96
11.97, 96
11.97, 96
12.34, 96
12.40, 96
12.41, 96
12.42, 96
12.42, 96
12.46, 96
12.47, 96
12.49, 96
12.49, 96
12.84, 96
12.84, 96
12.84, 96
12.84, 96
13.05, 96
13.05, 96
13.05, 96
13.05, 96
13.05, 96
13.05, 96
13.06, 96
13.06, 96
13.06, 96
13.06, 96
13.06, 96
13.10, 96
13.10, 96
13.11, 96
13.11, 96
13.11, 96
13.11, 96
13.11, 96
13.11, 96
13.11, 96
13.11, 96
13.12, 96
13.12, 96
13.13, 96
13.13, 96
13.13, 96
13.97, 96
13.98, 96
13.98, 96
13.98, 96
13.98, 96
13.99, 96
13.99, 96
14.00, 96
14.00, 96
14.00, 96
14.00, 96
14.00, 96
14.00, 96
14.00, 96
14.12, 96
14.13, 96
14.27, 96
14.27, 96
14.27, 96
14.29, 96
14.32, 96
14.32, 96
14.33, 96
14.33, 96
14.33, 96
14.33, 96
14.33, 96
14.33, 96
14.33, 96
14.34, 96
14.35, 96
14.35, 96
14.35, 96
14.38, 96
14.38, 96
14.38, 96
14.38, 96
14.40, 96
14.40, 96
14.49, 96
14.49, 96
14.51, 96
14.51, 96
14.53, 96
14.53, 96
14.53, 96
14.54, 96
14.55, 96
14.55, 96
15.01, 96
15.01, 96
15.01, 96
15.01, 96
15.01, 96
15.01, 96
15.01, 96
15.01, 96
15.02, 96
15.02, 96
15.03, 96
15.39, 96
15.39, 96
15.39, 96
15.39, 96
15.54, 96
15.54, 96
15.71, 96
15.72, 96
15.72, 96
15.72, 96
15.79, 96
16.00, 96
16.00, 96
16.00, 96
16.00, 96
16.01, 96
16.01, 96
16.01, 96
16.01, 96
16.01, 96
16.03, 96
16.25, 96
16.25, 96
16.26, 96
16.26, 96
16.26, 96
16.26, 96
16.26, 96
16.31, 96
16.31, 96
16.31, 96
16.31, 96
16.31, 96
16.32, 96
16.32, 96
16.32, 96
16.32, 96
16.32, 96
16.32, 96
16.32, 96
16.32, 96
16.41, 96
16.41, 96
16.41, 96
16.45, 96
16.45, 96
16.45, 96
16.45, 96
16.45, 96
16.45, 96
16.45, 96
16.46, 96
16.46, 96
16.46, 96
16.46, 96
16.46, 96
16.70, 96
16.71, 96
16.73, 96
16.73, 96
16.73, 96
16.77, 96
16.77, 96
16.77, 96
16.77, 96
16.78, 96
16.83, 96
16.84, 96
16.84, 96
16.84, 96
17.00, 96
17.00, 96
17.00, 96
17.00, 96
17.00, 96
17.00, 96
17.00, 96
17.01, 96
17.01, 96
17.20, 96
17.23, 96
17.23, 96
17.23, 96
17.25, 96
17.25, 96
17.28, 96
17.57, 96
17.68, 96
17.68, 96
17.68, 96
18.05, 96
18.05, 96
18.19, 96
18.19, 96
18.20, 96
18.20, 96
18.20, 96
18.20, 96
18.21, 96
18.21, 96
18.21, 96
18.21, 96
18.21, 96
18.22, 96
18.49, 96
18.49, 96
18.49, 96
18.49, 96
18.49, 96
18.49, 96
18.50, 96
18.50, 96
18.50, 96
18.54, 96
18.54, 96
18.54, 96
18.54, 96
18.72, 96
18.73, 96
18.73, 96
18.73, 96
18.74, 96
18.74, 96
18.74, 96
18.74, 96
18.74, 96
18.74, 96
18.75, 96
18.75, 96
18.75, 96
18.78, 96
18.84, 96
18.84, 96
18.84, 96
18.84, 96
18.84, 96
18.87, 96
18.87, 96
18.90, 96
18.92, 96
18.92, 96
18.96, 96
18.96, 96
19.01, 96
19.04, 96
19.04, 96
19.04, 96
19.31, 96
19.31, 96
19.45, 96
19.48, 96
19.49, 96
19.49, 96
19.49, 96
19.49, 96
19.49, 96
19.49, 96
19.50, 96
19.50, 96
19.57, 96
19.57, 96
19.59, 96
19.62, 96
19.75, 96
19.75, 96
19.75, 96
19.77, 96
19.77, 96
19.77, 96
19.77, 96
19.78, 96
19.80, 96
19.84, 96
19.84, 96
19.84, 96
19.84, 96
19.90, 96
20.03, 96
20.24, 96
20.24, 96
20.25, 96
20.25, 96
20.25, 96
20.25, 96
20.45, 96
20.45, 96
20.64, 96
20.64, 96
20.64, 96
20.64, 96
20.65, 96
20.77, 96
20.82, 96
20.82, 96
20.84, 96
20.84, 96
20.84, 96
20.84, 96
20.96, 96
20.99, 96
21.00, 96
21.00, 96
21.01, 96
21.02, 96
21.02, 96
21.02, 96
21.02, 96
21.02, 96
21.10, 96
21.18, 96
21.18, 96
21.18, 96
21.18, 96
21.20, 96
21.20, 96
21.21, 96
21.21, 96
21.24, 96
21.24, 96
21.30, 96
21.60, 96
21.76, 96
21.77, 96
21.77, 96
21.77, 96
21.80, 96
21.80, 96
21.80, 96
21.80, 96
21.82, 96
21.83, 96
21.83, 96
21.83, 96
21.87, 96
21.91, 96
22.22, 96
22.23, 96
22.47, 96
22.47, 96
22.47, 96
22.48, 96
22.48, 96
22.48, 96
22.50, 96
22.51, 96
22.51, 96
22.51, 96
22.51, 96
22.51, 96
22.51, 96
22.52, 96
22.52, 96
22.66, 96
22.66, 96
22.78, 96
22.78, 96
22.84, 96
22.84, 96
22.84, 96
22.84, 96
22.84, 96
22.85, 96
22.85, 96
22.85, 96
22.86, 96
23.22, 96
23.22, 96
23.22, 96
23.23, 96
23.23, 96
23.24, 96
23.24, 96
23.24, 96
23.36, 96
23.36, 96
23.36, 96
23.36, 96
23.44, 96
23.44, 96
23.44, 96
23.44, 96
23.45, 96
23.47, 96
23.48, 96
23.48, 96
23.48, 96
23.48, 96
23.48, 96
23.48, 96
23.52, 96
23.53, 96
23.53, 96
23.70, 96
23.70, 96
23.76, 96
23.77, 96
23.77, 96
23.90, 96
24.31, 96
24.32, 96
24.32, 96
24.33, 96
24.33, 96
24.34, 96
24.34, 96
24.37, 96
24.37, 96
24.37, 96
24.38, 96
24.38, 96
24.43, 96
24.43, 96
24.43, 96
24.45, 96
24.62, 96
24.62, 96
24.62, 96
24.62, 96
24.62, 96
24.63, 96
24.63, 96
24.63, 96
24.97, 96
25.25, 96
25.25, 96
25.30, 96
25.30, 96
25.61, 96
25.61, 96
25.61, 96
25.61, 96
25.61, 96
25.61, 96
25.62, 96
25.62, 96
25.62, 96
25.62, 96
25.66, 96
25.67, 96
25.77, 96
25.81, 96
25.81, 96
25.81, 96
25.81, 96
25.82, 96
25.83, 96
25.83, 96
25.83, 96
25.83, 96
25.83, 96
25.83, 96
25.83, 96
25.83, 96
25.83, 96
25.84, 96
25.84, 96
25.84, 96
25.90, 96
25.91, 96
25.91, 96
25.99, 96
26.00, 96
26.00, 96
26.00, 96
26.00, 96
26.02, 96
26.02, 96
26.08, 96
26.08, 96
26.08, 96
26.08, 96
26.45, 96
26.45, 96
26.45, 96
26.45, 96
26.47, 96
26.54, 96
26.54, 96
26.54, 96
26.54, 96
26.54, 96
26.55, 96
26.70, 96
26.72, 96
26.73, 96
26.73, 96
26.74, 96
26.77, 96
26.86, 96
26.86, 96
26.86, 96
27.10, 96
27.11, 96
27.11, 96
27.11, 96
27.22, 96
27.22, 96
27.22, 96
27.23, 96
27.23, 96
27.23, 96
27.31, 96
27.31, 96
27.31, 96
27.32, 96
27.32, 96
27.32, 96
27.32, 96
27.32, 96
27.32, 96
27.32, 96
27.33, 96
27.34, 96
27.34, 96
27.34, 96
27.34, 96
27.34, 96
27.34, 96
27.35, 96
27.35, 96
27.35, 96
27.35, 96
27.37, 96
27.37, 96
27.37, 96
27.39, 96
27.63, 96
28.02, 96
28.02, 96
28.02, 96
28.02, 96
28.02, 96
28.02, 96
28.06, 96
28.07, 96
28.07, 96
28.07, 96
28.07, 96
28.21, 96
28.21, 96
28.22, 96
28.23, 96
28.46, 96
28.46, 96
28.46, 96
28.47, 96
28.47, 96
28.48, 96
28.61, 96
28.91, 96
28.91, 96
28.91, 96
28.92, 96
28.93, 96
28.94, 96
28.94, 96
28.94, 96
28.96, 96
28.96, 96
29.02, 96
29.02, 96
29.03, 96
29.03, 96
29.03, 96
29.03, 96
29.03, 96
29.05, 96
29.05, 96
29.06, 96
29.14, 96
29.14, 96
29.14, 96
29.14, 96
29.14, 96
29.14, 96
29.39, 96
29.39, 96
29.40, 96
29.40, 96
29.54, 96
29.64, 96
29.64, 96
29.65, 96
29.65, 96
29.65, 96
29.65, 96
29.65, 96
29.65, 96
29.65, 96
29.66, 96
29.66, 96
29.66, 96
29.90, 96
30.03, 96
30.03, 96
30.03, 96
30.03, 96
30.04, 96
30.04, 96
30.04, 96
30.04, 96
30.04, 96
30.04, 96
30.11, 96
30.11, 96
30.15, 96
30.15, 96
30.15, 96
30.15, 96
30.15, 96
30.16, 96
30.16, 96
30.16, 96
30.18, 96
30.20, 96
30.20, 96
30.20, 96
30.20, 96
30.32, 96
30.32, 96
30.32, 96
30.32, 96
30.32, 96
30.36, 96
30.36, 96
30.36, 96
30.36, 96
30.36, 96
30.37, 96
30.37, 96
30.44, 96
30.45, 96
30.45, 96
30.45, 96
30.45, 96
30.57, 96
30.57, 96
30.57, 96
30.57, 96
31.03, 96
31.04, 96
31.04, 96
31.04, 96
31.04, 96
31.11, 96
31.11, 96
31.11, 96
31.11, 96
31.19, 96
31.19, 96
31.20, 96
31.21, 96
31.22, 96
31.22, 96
31.26, 96
31.27, 96
31.27, 96
31.27, 96
31.32, 96
31.32, 96
31.32, 96
31.32, 96
31.32, 96
31.33, 96
31.34, 96
31.35, 96
31.35, 96
31.35, 96
31.35, 96
31.36, 96
31.36, 96
31.37, 96
31.37, 96
31.37, 96
31.61, 96
31.61, 96
31.62, 96
31.62, 96
31.62, 96
31.63, 96
31.63, 96
31.63, 96
31.63, 96
31.63, 96
31.65, 96
31.65, 96
31.67, 96
31.67, 96
31.67, 96
31.80, 96
31.80, 96
31.81, 96
32.40, 96
32.45, 96
32.65, 96
32.65, 96
32.65, 96
32.73, 96
32.73, 96
32.73, 96
32.74, 96
32.75, 96
32.75, 96
32.75, 96
33.09, 96
33.09, 96
33.12, 96
33.13, 96
33.13, 96
33.20, 96
33.21, 96
33.21, 96
33.21, 96
33.21, 96
33.22, 96
33.22, 96
33.22, 96
33.22, 96
33.22, 96
33.22, 96
33.23, 96
33.23, 96
33.23, 96
33.23, 96
33.24, 96
33.24, 96
33.33, 96
33.33, 96
33.33, 96
33.34, 96
33.34, 96
33.34, 96
33.34, 96
33.34, 96
33.35, 96
33.35, 96
33.36, 96
33.36, 96
33.39, 96
33.39, 96
33.44, 96
33.44, 96
33.44, 96
33.45, 96
33.45, 96
33.55, 96
33.55, 96
33.56, 96
33.56, 96
33.58, 96
33.58, 96
33.58, 96
33.66, 96
33.66, 96
33.66, 96
33.66, 96
33.66, 96
33.66, 96
33.72, 96
33.72, 96
33.72, 96
33.72, 96
33.73, 96
33.73, 96
33.75, 96
33.75, 96
33.76, 96
33.76, 96
33.76, 96
33.76, 96
33.77, 96
33.79, 96
33.81, 96
33.86, 96
33.88, 96
33.88, 96
33.88, 96
33.89, 96
33.89, 96
33.89, 96
33.89, 96
33.89, 96
33.90, 96
33.90, 96
33.90, 96
34.02, 96
34.02, 96
34.02, 96
34.15, 96
34.15, 96
34.15, 96
34.15, 96
34.18, 96
34.25, 96
34.27, 96
34.27, 96
34.27, 96
34.63, 96
34.65, 96
34.65, 96
35.01, 96
35.02, 96
35.02, 96
35.02, 96
35.02, 96
35.02, 96
35.16, 96
35.17, 96
35.17, 96
35.18, 96
35.18, 96
35.19, 96
35.22, 96
35.23, 96
35.23, 96
35.23, 96
35.25, 96
35.25, 96
35.26, 96
35.27, 96
35.27, 96
35.27, 96
35.64, 96
35.65, 96
35.65, 96
35.65, 96
35.65, 96
35.89, 96
35.89, 96
35.89, 96
36.31, 96
36.31, 96
36.31, 96
36.31, 96
36.31, 96
36.37, 96
36.38, 96
36.42, 96
36.42, 96
36.42, 96
36.42, 96
36.42, 96
36.42, 96
36.42, 96
36.42, 96
36.42, 96
36.42, 96
36.51, 96
36.51, 96
36.57, 96
36.57, 96
36.57, 96
36.57, 96
36.57, 96
36.57, 96
36.64, 96
36.64, 96
36.64, 96
36.64, 96
36.64, 96
36.65, 96
36.65, 96
36.65, 96
36.75, 96
36.75, 96
36.75, 96
36.75, 96
36.75, 96
36.87, 96
36.87, 96
36.87, 96
36.87, 96
36.87, 96
36.87, 96
36.87, 96
36.87, 96
36.87, 96
36.89, 96
36.90, 96
36.90, 96
36.91, 96
36.91, 96
36.91, 96
36.92, 96
36.92, 96
36.92, 96
36.92, 96
36.92, 96
36.92, 96
36.92, 96
36.92, 96
36.95, 96
36.96, 96
36.96, 96
36.96, 96
36.98, 96
36.98, 96
37.18, 96
37.18, 96
37.20, 96
37.20, 96
37.20, 96
37.20, 96
37.32, 96
37.32, 96
37.32, 96
37.34, 96
37.40, 96
37.40, 96
37.40, 96
37.41, 96
37.41, 96
37.42, 96
37.43, 96
37.46, 96
37.47, 96
37.47, 96
37.47, 96
37.48, 96
37.48, 96
37.48, 96
37.48, 96
37.48, 96
37.48, 96
37.48, 96
37.49, 96
37.63, 96
37.63, 96
37.63, 96
37.63, 96
37.63, 96
37.64, 96
37.64, 96
37.64, 96
37.64, 96
37.64, 96
37.65, 96
37.65, 96
37.65, 96
37.65, 96
37.66, 96
37.66, 96
37.86, 96
37.86, 96
37.86, 96
37.90, 96
37.90, 96
37.90, 96
37.94, 96
37.94, 96
38.12, 96
38.12, 96
38.12, 96
38.13, 96
38.13, 96
38.15, 96
38.15, 96
38.15, 96
38.15, 96
38.16, 96
38.16, 96
38.16, 96
38.16, 96
38.16, 96
38.16, 96
38.24, 96
38.25, 96
38.25, 96
38.30, 96
38.30, 96
38.30, 96
38.30, 96
38.30, 96
38.30, 96
38.31, 96
38.31, 96
38.31, 96
38.31, 96
38.31, 96
38.38, 96
38.38, 96
38.38, 96
38.67, 96
38.67, 96
38.67, 96
38.67, 96
38.74, 96
38.74, 96
38.76, 96
38.76, 96
38.80, 96
38.93, 96
38.93, 96
38.93, 96
38.94, 96
39.00, 96
39.00, 96
39.00, 96
39.02, 96
39.02, 96
39.02, 96
39.05, 96
39.05, 96
39.05, 96
39.05, 96
39.05, 96
39.27, 96
39.27, 96
39.27, 96
39.27, 96
39.28, 96
39.28, 96
40.08, 96
40.08, 96
40.22, 96
40.23, 96
40.23, 96
40.23, 96
40.23, 96
40.23, 96
40.24, 96
40.24, 96
40.24, 96
40.41, 96
40.41, 96
40.41, 96
40.41, 96
40.45, 96
40.47, 96
40.47, 96
40.47, 96
40.63, 96
40.63, 96
40.63, 96
40.63, 96
40.63, 96
40.63, 96
40.64, 96
40.64, 96
40.64, 96
40.64, 96
40.64, 96
40.65, 96
40.65, 96
40.66, 96
40.66, 96
40.66, 96
40.66, 96
40.66, 96
40.66, 96
40.67, 96
40.67, 96
40.68, 96
40.69, 96
40.69, 96
40.69, 96
40.77, 96
40.77, 96
40.77, 96
40.78, 96
40.78, 96
40.79, 96
40.87, 96
40.89, 96
40.90, 96
40.90, 96
40.90, 96
40.90, 96
40.90, 96
40.91, 96
41.06, 96
41.19, 96
41.20, 96
41.20, 96
41.26, 96
41.31, 96
41.33, 96
41.35, 96
41.37, 96
41.37, 96
41.37, 96
41.37, 96
41.37, 96
41.37, 96
41.37, 96
41.38, 96
41.38, 96
41.38, 96
41.38, 96
41.39, 96
41.57, 96
41.57, 96
41.58, 96
41.58, 96
41.58, 96
41.63, 96
41.65, 96
41.65, 96
41.65, 96
41.66, 96
41.72, 96
41.72, 96
41.72, 96
41.73, 96
41.73, 96
41.73, 96
41.73, 96
41.74, 96
41.74, 96
41.79, 96
41.90, 96
42.40, 96
42.40, 96
42.40, 96
42.41, 96
42.41, 96
42.41, 96
42.41, 96
42.42, 96
42.42, 96
42.49, 96
42.49, 96
42.49, 96
42.49, 96
42.61, 96
42.61, 96
42.61, 96
42.62, 96
42.62, 96
42.76, 96
42.76, 96
42.82, 96
42.82, 96
42.83, 96
42.83, 96
42.83, 96
42.83, 96
42.83, 96
42.83, 96
42.83, 96
42.84, 96
42.84, 96
42.84, 96
42.84, 96
42.84, 96
42.89, 96
42.89, 96
43.28, 96
43.28, 96
43.28, 96
43.28, 96
43.28, 96
43.29, 96
43.29, 96
43.29, 96
43.29, 96
43.32, 96
43.43, 96
43.59, 96
43.59, 96
43.59, 96
43.59, 96
43.59, 96
43.59, 96
43.59, 96
43.59, 96
43.60, 96
43.60, 96
43.60, 96
43.60, 96
43.60, 96
43.60, 96
43.61, 96
43.61, 96
43.63, 96
43.63, 96
43.63, 96
43.63, 96
43.76, 96
43.76, 96
44.04, 96
44.10, 96
44.10, 96
44.14, 96
44.14, 96
44.15, 96
44.15, 96
44.15, 96
44.52, 96
44.52, 96
44.62, 96
44.62, 96
44.63, 96
44.63, 96
44.66, 96
44.66, 96
44.66, 96
44.66, 96
44.67, 96
44.67, 96
44.83, 96
44.83, 96
44.84, 96
44.89, 96
45.61, 96
45.61, 96
45.61, 96
45.61, 96
45.65, 96
45.65, 96
45.77, 96
45.77, 96
45.78, 96
45.78, 96
45.78, 96
45.91, 96
45.92, 96
45.95, 96
45.95, 96
45.95, 96
45.95, 96
45.95, 96
45.98, 96
45.98, 96
45.98, 96
45.98, 96
46.00, 96
46.00, 96
46.00, 96
46.00, 96
46.00, 96
46.00, 96
46.32, 96
46.33, 96
46.33, 96
46.33, 96
46.33, 96
46.33, 96
46.40, 96
46.40, 96
46.48, 96
46.48, 96
46.49, 96
46.58, 96
46.58, 96
46.59, 96
46.72, 96
46.72, 96
46.93, 96
46.95, 96
46.95, 96
46.95, 96
47.06, 96
47.06, 96
47.06, 96
47.37, 96
47.40, 96
47.41, 96
47.43, 96
47.43, 96
47.43, 96
47.43, 96
47.43, 96
47.58, 96
47.58, 96
47.58, 96
47.59, 96
48.07, 96
48.13, 96
48.13, 96
48.23, 96
48.23, 96
48.25, 96
48.32, 96
48.32, 96
48.32, 96
48.32, 96
48.32, 96
48.37, 96
48.37, 96
48.37, 96
48.52, 96
48.52, 96
48.52, 96
48.64, 96
48.64, 96
48.64, 96
48.67, 96
48.67, 96
48.67, 96
48.75, 96
48.77, 96
48.77, 96
48.82, 96
48.82, 96
48.82, 96
48.83, 96
48.83, 96
49.04, 96
49.21, 96
49.25, 96
49.25, 96
49.29, 96
49.33, 96
49.33, 96
49.33, 96
49.33, 96
49.33, 96
49.33, 96
49.33, 96
49.34, 96
49.57, 96
49.57, 96
49.61, 96
49.61, 96
49.61, 96
49.61, 96
49.62, 96
49.69, 96
49.70, 96
49.70, 96
49.70, 96
49.71, 96
49.72, 96
49.72, 96
49.72, 96
49.74, 96
50.16, 96
50.26, 96
50.27, 96
50.28, 96
50.28, 96
50.29, 96
50.29, 96
50.29, 96
50.39, 96
50.40, 96
50.40, 96
50.41, 96
50.41, 96
50.41, 96
50.42, 96
50.42, 96
50.71, 96
50.71, 96
50.71, 96
50.71, 96
50.72, 96
50.94, 96
50.94, 96
50.94, 96
50.94, 96
51.12, 96
51.12, 96
51.47, 96
51.47, 96
51.47, 96
51.48, 96
51.54, 96
51.54, 96
51.76, 96
51.76, 96
51.76, 96
51.76, 96
51.76, 96
51.76, 96
51.76, 96
51.77, 96
51.77, 96
51.77, 96
51.77, 96
51.77, 96
51.78, 96
51.80, 96
51.81, 96
51.81, 96
51.81, 96
51.81, 96
51.95, 96
52.00, 96
52.00, 96
52.00, 96
52.47, 96
52.53, 96
52.53, 96
52.61, 96
52.63, 96
52.63, 96
52.64, 96
52.64, 96
52.66, 96
52.67, 96
52.67, 96
52.67, 96
52.67, 96
52.67, 96
52.68, 96
52.68, 96
52.68, 96
52.85, 96
53.00, 96
53.00, 96
53.05, 96
53.05, 96
53.06, 96
53.06, 96
53.22, 96
53.57, 96
53.60, 96
53.60, 96
53.61, 96
53.61, 96
54.03, 96
54.04, 96
54.05, 96
54.05, 96
54.09, 96
54.09, 96
54.09, 96
54.09, 96
54.11, 96
54.11, 96
54.11, 96
54.11, 96
54.12, 96
54.12, 96
54.12, 96
54.13, 96
54.13, 96
54.13, 96
54.13, 96
54.25, 96
54.25, 96
54.25, 96
54.25, 96
54.25, 96
54.25, 96
54.25, 96
54.26, 96
54.27, 96
54.41, 96
54.42, 96
54.42, 96
54.45, 96
54.45, 96
54.46, 96
54.64, 96
54.64, 96
54.64, 96
54.64, 96
54.64, 96
54.64, 96
54.67, 96
54.67, 96
54.92, 96
54.92, 96
54.92, 96
54.93, 96
54.93, 96
55.10, 96
55.10, 96
55.11, 96
55.12, 96
55.12, 96
55.12, 96
55.22, 96
55.23, 96
55.24, 96
55.24, 96
55.25, 96
55.25, 96
55.30, 96
55.30, 96
55.60, 96
55.60, 96
56.24, 96
56.24, 96
56.28, 96
56.28, 96
56.28, 96
56.28, 96
56.28, 96
56.29, 96
56.42, 96
56.43, 96
56.59, 96
56.59, 96
56.70, 96
56.71, 96
56.71, 96
56.71, 96
56.74, 96
56.74, 96
56.74, 96
56.74, 96
56.74, 96
56.74, 96
56.75, 96
56.75, 96
56.75, 96
56.75, 96
56.75, 96
56.75, 96
56.78, 96
56.78, 96
56.78, 96
56.78, 96
56.78, 96
56.87, 96
56.87, 96
56.87, 96
56.90, 96
56.97, 96
56.97, 96
56.97, 96
56.98, 96
56.98, 96
57.02, 96
57.04, 96
57.04, 96
57.04, 96
57.04, 96
57.05, 96
57.08, 96
57.14, 96
57.15, 96
57.29, 96
57.29, 96
57.29, 96
57.29, 96
57.29, 96
57.30, 96
57.30, 96
57.30, 96
57.30, 96
57.34, 96
57.37, 96
57.37, 96
57.37, 96
57.37, 96
57.38, 96
57.51, 96
57.52, 96
57.75, 96
57.76, 96
57.77, 96
57.93, 96
57.96, 96
57.99, 96
57.99, 96
57.99, 96
57.99, 96
58.00, 96
58.00, 96
58.01, 96
58.01, 96
58.01, 96
58.11, 96
58.11, 96
58.11, 96
58.11, 96
58.12, 96
58.12, 96
58.12, 96
58.12, 96
58.12, 96
58.12, 96
58.12, 96
58.12, 96
58.24, 96
58.26, 96
58.27, 96
58.27, 96
58.27, 96
58.27, 96
58.27, 96
58.27, 96
58.39, 96
58.40, 96
58.90, 96
58.90, 96
58.90, 96
58.90, 96
58.91, 96
58.92, 96
58.93, 96
59.09, 96
59.10, 96
59.10, 96
59.10, 96
59.10, 96
59.10, 96
59.10, 96
59.10, 96
59.13, 96
59.13, 96
59.13, 96
59.13, 96
59.13, 96
59.31, 96
59.37, 96
59.38, 96
59.38, 96
59.39, 96
59.39, 96
59.39, 96
59.39, 96
59.39, 96
59.39, 96
59.40, 96
59.40, 96
59.40, 96
59.52, 96
59.52, 96
59.52, 96
59.52, 96
59.52, 96
59.52, 96
59.52, 96
59.53, 96
59.53, 96
59.53, 96
59.56, 96
59.56, 96
59.56, 96
59.59, 96
59.62, 96
59.65, 96
59.65, 96
59.65, 96
59.66, 96
59.66, 96
59.66, 96
59.68, 96
59.68, 96
59.68, 96
59.68, 96
59.69, 96
60.41, 96
60.41, 96
60.87, 96
60.87, 96
60.88, 96
60.88, 96
61.06, 96
61.07, 96
61.18, 96
61.18, 96
61.22, 96
61.30, 96
61.30, 96
61.33, 96
61.33, 96
61.33, 96
61.33, 96
61.33, 96
61.70, 96
61.70, 96
61.71, 96
61.71, 96
61.71, 96
62.12, 96
62.12, 96
62.12, 96
62.44, 96
62.46, 96
62.46, 96
62.46, 96
62.61, 96
62.86, 96
62.94, 96
62.94, 96
62.95, 96
62.95, 96
62.95, 96
62.95, 96
62.96, 96
62.96, 96
62.96, 96
63.05, 96
63.05, 96
63.05, 96
63.05, 96
63.07, 96
63.07, 96
63.07, 96
63.07, 96
63.07, 96
63.08, 96
63.14, 96
63.16, 96
63.16, 96
63.16, 96
63.16, 96
63.89, 96
64.19, 96
64.19, 96
64.22, 96
64.22, 96
64.22, 96
64.25, 96
64.50, 96
64.50, 96
64.50, 96
64.50, 96
64.50, 96
64.55, 96
64.55, 96
64.55, 96
64.57, 96
64.58, 96
64.59, 96
64.59, 96
64.59, 96
64.59, 96
64.60, 96
64.61, 96
64.67, 96
64.68, 96
64.79, 96
64.79, 96
64.80, 96
64.80, 96
64.80, 96
64.80, 96
64.80, 96
64.88, 96
64.92, 96
64.92, 96
64.93, 96
64.93, 96
64.93, 96
65.18, 96
65.18, 96
65.54, 96
65.55, 96
65.60, 96
65.60, 96
65.60, 96
65.60, 96
65.60, 96
65.60, 96
65.60, 96
65.60, 96
65.61, 96
65.61, 96
65.61, 96
65.61, 96
65.61, 96
65.61, 96
65.61, 96
65.62, 96
65.62, 96
65.62, 96
65.63, 96
65.63, 96
65.63, 96
65.63, 96
65.63, 96
65.65, 96
65.68, 96
65.68, 96
65.68, 96
65.68, 96
65.68, 96
65.69, 96
65.73, 96
65.73, 96
65.73, 96
65.81, 96
65.81, 96
65.81, 96
65.82, 96
65.82, 96
65.82, 96
65.82, 96
65.83, 96
66.00, 96
66.00, 96
66.00, 96
66.19, 96
66.21, 96
66.34, 96
66.34, 96
66.35, 96
66.35, 96
66.36, 96
66.45, 96
66.45, 96
66.45, 96
66.46, 96
66.46, 96
66.46, 96
66.46, 96
66.46, 96
66.51, 96
66.51, 96
66.51, 96
66.52, 96
66.52, 96
66.53, 96
66.54, 96
66.54, 96
66.54, 96
66.54, 96
66.61, 96
66.61, 96
66.61, 96
66.61, 96
66.61, 96
66.61, 96
66.62, 96
66.62, 96
66.62, 96
66.62, 96
66.70, 96
66.71, 96
66.71, 96
66.72, 96
66.72, 96
66.74, 96
66.76, 96
66.78, 96
66.78, 96
66.78, 96
66.79, 96
66.79, 96
66.79, 96
66.79, 96
66.79, 96
67.06, 96
67.06, 96
67.09, 96
67.10, 96
67.10, 96
67.10, 96
67.11, 96
67.11, 96
67.11, 96
67.11, 96
67.11, 96
67.11, 96
67.11, 96
67.11, 96
67.15, 96
67.15, 96
67.16, 96
67.19, 96
67.19, 96
67.20, 96
67.20, 96
67.20, 96
67.23, 96
67.23, 96
67.23, 96
67.23, 96
67.23, 96
67.24, 96
67.24, 96
67.24, 96
67.24, 96
67.24, 96
67.24, 96
67.24, 96
67.28, 96
67.28, 96
67.29, 96
67.34, 96
67.45, 96
67.45, 96
67.46, 96
67.53, 96
67.54, 96
67.54, 96
67.54, 96
67.54, 96
67.54, 96
67.55, 96
67.69, 96
67.69, 96
67.71, 96
67.73, 96
67.73, 96
67.74, 96
67.75, 96
67.75, 96
67.75, 96
67.77, 96
67.78, 96
67.78, 96
68.09, 96
68.09, 96
68.11, 96
68.16, 96
68.16, 96
68.16, 96
68.16, 96
68.16, 96
68.22, 96
68.22, 96
68.22, 96
68.22, 96
68.22, 96
68.23, 96
68.40, 96
68.40, 96
68.40, 96
68.41, 96
68.41, 96
68.41, 96
68.41, 96
68.41, 96
68.42, 96
68.42, 96
68.42, 96
68.42, 96
68.43, 96
68.44, 96
68.44, 96
68.44, 96
68.44, 96
68.44, 96
68.48, 96
68.48, 96
68.52, 96
68.52, 96
68.53, 96
68.53, 96
68.98, 96
69.21, 96
69.21, 96
69.22, 96
69.22, 96
69.22, 96
69.22, 96
69.22, 96
69.43, 96
69.43, 96
69.44, 96
69.44, 96
69.60, 96
69.60, 96
69.60, 96
69.61, 96
69.61, 96
69.61, 96
69.61, 96
69.62, 96
69.62, 96
69.62, 96
69.62, 96
69.62, 96
69.63, 96
69.64, 96
69.64, 96
69.67, 96
69.67, 96
69.67, 96
69.75, 96
69.75, 96
69.83, 96
70.05, 96
70.05, 96
70.05, 96
70.05, 96
70.19, 96
70.37, 96
70.37, 96
70.37, 96
70.37, 96
70.37, 96
70.55, 96
70.56, 96
70.57, 96
70.59, 96
70.68, 96
70.68, 96
70.69, 96
70.69, 96
70.69, 96
70.69, 96
70.71, 96
70.71, 96
70.71, 96
70.72, 96
70.72, 96
70.72, 96
70.72, 96
70.72, 96
70.72, 96
70.88, 96
70.88, 96
70.88, 96
71.01, 96
71.56, 96
71.56, 96
71.57, 96
71.62, 96
71.62, 96
71.62, 96
71.70, 96
71.71, 96
71.74, 96
71.75, 96
71.88, 96
71.88, 96
71.88, 96
72.05, 96
72.19, 96
72.19, 96
72.19, 96
72.20, 96
72.23, 96
72.25, 96
72.25, 96
72.25, 96
72.25, 96
72.26, 96
72.47, 96
72.48, 96
72.48, 96
72.48, 96
72.48, 96
72.49, 96
72.49, 96
72.49, 96
72.50, 96
72.50, 96
72.50, 96
72.50, 96
72.50, 96
72.50, 96
72.50, 96
72.53, 96
72.53, 96
72.53, 96
72.53, 96
72.53, 96
72.53, 96
72.62, 96
72.63, 96
72.63, 96
72.63, 96
72.63, 96
72.63, 96
72.64, 96
72.70, 96
72.70, 96
72.70, 96
72.71, 96
72.71, 96
72.71, 96
72.71, 96
72.71, 96
72.72, 96
72.72, 96
72.72, 96
72.72, 96
72.72, 96
72.72, 96
72.73, 96
72.96, 96
72.96, 96
73.00, 96
73.00, 96
73.00, 96
73.00, 96
73.01, 96
73.01, 96
73.01, 96
73.01, 96
73.01, 96
73.02, 96
73.02, 96
73.02, 96
73.02, 96
73.02, 96
73.03, 96
73.35, 96
73.58, 96
73.58, 96
73.58, 96
73.58, 96
73.58, 96
73.58, 96
73.58, 96
73.59, 96
73.59, 96
73.91, 96
73.92, 96
73.92, 96
73.96, 96
74.02, 96
74.02, 96
74.02, 96
74.02, 96
74.02, 96
74.06, 96
74.06, 96
74.16, 96
74.53, 96
74.59, 96
74.59, 96
74.59, 96
74.60, 96
74.60, 96
74.60, 96
74.60, 96
74.60, 96
74.62, 96
74.62, 96
74.62, 96
74.77, 96
74.77, 96
74.78, 96
74.79, 96
74.80, 96
74.87, 96
74.87, 96
74.88, 96
74.88, 96
74.90, 96
74.90, 96
74.91, 96
74.91, 96
74.91, 96
75.05, 96
75.06, 96
75.06, 96
75.06, 96
75.07, 96
75.07, 96
75.08, 96
75.08, 96
75.08, 96
75.08, 96
75.08, 96
75.09, 96
75.09, 96
75.13, 96
75.13, 96
75.13, 96
75.15, 96
75.15, 96
75.15, 96
75.26, 96
75.27, 96
75.31, 96
75.52, 96
75.52, 96
75.52, 96
75.52, 96
75.52, 96
75.52, 96
75.52, 96
75.53, 96
75.53, 96
75.55, 96
75.83, 96
75.84, 96
75.84, 96
75.84, 96
75.84, 96
75.84, 96
75.87, 96
75.87, 96
75.87, 96
75.87, 96
75.87, 96
75.88, 96
75.88, 96
75.88, 96
75.88, 96
75.88, 96
75.88, 96
75.88, 96
75.89, 96
75.89, 96
75.89, 96
75.91, 96
75.93, 96
75.93, 96
75.93, 96
75.93, 96
76.02, 96
76.18, 96
76.18, 96
76.19, 96
76.19, 96
76.20, 96
76.20, 96
76.20, 96
76.20, 96
76.26, 96
76.26, 96
76.26, 96
76.50, 96
76.57, 96
76.73, 96
76.73, 96
76.73, 96
76.75, 96
76.87, 96
76.87, 96
76.92, 96
76.92, 96
76.92, 96
77.67, 96
77.68, 96
77.68, 96
77.68, 96
77.72, 96
77.90, 96
77.90, 96
77.90, 96
77.91, 96
77.96, 96
77.96, 96
77.96, 96
77.96, 96
77.97, 96
77.97, 96
78.02, 96
78.02, 96
78.04, 96
78.06, 96
78.06, 96
78.06, 96
78.06, 96
78.06, 96
78.08, 96
78.08, 96
78.29, 96
78.29, 96
78.30, 96
78.30, 96
78.39, 96
78.39, 96
78.39, 96
78.39, 96
78.46, 96
78.71, 96
78.72, 96
78.72, 96
78.72, 96
78.72, 96
78.73, 96
78.76, 96
78.76, 96
78.79, 96
78.79, 96
78.81, 96
79.02, 96
79.02, 96
79.04, 96
79.04, 96
79.04, 96
79.04, 96
79.06, 96
79.06, 96
79.36, 96
79.36, 96
79.36, 96
79.38, 96
79.40, 96
79.44, 96
79.63, 96
79.63, 96
79.63, 96
79.63, 96
79.63, 96
79.79, 96
79.99, 96
79.99, 96
80.00, 96
80.00, 96
80.00, 96
80.00, 96
80.01, 96
80.01, 96
80.06, 96
80.07, 96
80.07, 96
80.07, 96
80.07, 96
80.09, 96
80.54, 96
80.54, 96
80.54, 96
80.56, 96
80.56, 96
80.57, 96
80.57, 96
80.57, 96
80.57, 96
80.57, 96
80.57, 96
80.58, 96
80.58, 96
80.58, 96
80.58, 96
80.58, 96
80.58, 96
80.59, 96
80.60, 96
80.60, 96
80.60, 96
80.73, 96
80.73, 96
80.75, 96
80.75, 96
80.76, 96
81.01, 96
81.01, 96
81.02, 96
81.03, 96
81.03, 96
81.04, 96
81.04, 96
81.09, 96
81.10, 96
81.11, 96
81.11, 96
81.11, 96
81.11, 96
81.11, 96
81.12, 96
81.12, 96
81.12, 96
81.23, 96
81.24, 96
81.25, 96
81.28, 96
81.34, 96
81.34, 96
81.35, 96
81.35, 96
81.35, 96
81.35, 96
81.35, 96
81.35, 96
81.35, 96
81.35, 96
81.36, 96
81.36, 96
81.36, 96
81.37, 96
81.37, 96
81.38, 96
81.38, 96
81.38, 96
81.67, 96
82.35, 96
82.42, 96
82.42, 96
82.65, 96
82.65, 96
82.80, 96
82.80, 96
83.21, 96
83.21, 96
83.21, 96
83.21, 96
83.21, 96
83.21, 96
83.21, 96
83.21, 96
83.28, 96
83.28, 96
83.28, 96
83.28, 96
83.28, 96
83.29, 96
83.29, 96
83.29, 96
83.31, 96
83.31, 96
83.31, 96
83.31, 96
83.32, 96
83.32, 96
83.35, 96
83.35, 96
83.35, 96
83.35, 96
83.36, 96
83.37, 96
83.37, 96
83.37, 96
83.38, 96
83.38, 96
83.38, 96
83.42, 96
83.42, 96
83.42, 96
83.43, 96
83.44, 96
83.55, 96
83.70, 96
83.70, 96
83.70, 96
83.70, 96
83.83, 96
83.85, 96
83.86, 96
83.88, 96
83.89, 96
83.89, 96
83.89, 96
83.89, 96
83.89, 96
83.90, 96
83.90, 96
83.94, 96
83.98, 96
83.98, 96
83.98, 96
84.00, 96
84.00, 96
84.00, 96
84.27, 96
84.27, 96
84.27, 96
84.27, 96
84.27, 96
84.37, 96
84.37, 96
84.53, 96
84.53, 96
84.53, 96
84.53, 96
84.55, 96
84.56, 96
84.56, 96
84.56, 96
84.59, 96
84.59, 96
84.59, 96
84.60, 96
84.60, 96
84.61, 96
84.61, 96
84.66, 96
84.67, 96
84.67, 96
84.67, 96
84.67, 96
84.69, 96
84.70, 96
84.70, 96
84.70, 96
84.70, 96
85.46, 96
85.46, 96
85.46, 96
85.49, 96
85.49, 96
85.49, 96
85.49, 96
85.49, 96
85.49, 96
85.49, 96
85.49, 96
85.50, 96
85.50, 96
85.59, 96
85.96, 96
85.96, 96
86.00, 96
86.02, 96
86.03, 96
86.03, 96
86.03, 96
86.03, 96
86.03, 96
86.03, 96
86.15, 96
86.16, 96
86.16, 96
86.16, 96
86.16, 96
86.16, 96
86.18, 96
86.18, 96
86.18, 96
86.18, 96
86.18, 96
86.19, 96
86.19, 96
86.19, 96
86.19, 96
86.19, 96
86.20, 96
86.20, 96
86.20, 96
86.20, 96
86.21, 96
86.21, 96
86.21, 96
86.31, 96
86.39, 96
86.39, 96
86.39, 96
86.40, 96
86.40, 96
86.40, 96
86.40, 96
86.51, 96
86.52, 96
86.52, 96
86.52, 96
86.52, 96
86.52, 96
86.52, 96
86.52, 96
86.54, 96
86.68, 96
86.69, 96
86.69, 96
86.69, 96
86.69, 96
86.84, 96
86.84, 96
86.84, 96
86.84, 96
86.85, 96
86.86, 96
86.86, 96
86.87, 96
86.87, 96
86.87, 96
86.94, 96
86.94, 96
86.94, 96
86.94, 96
86.95, 96
86.95, 96
86.95, 96
86.95, 96
86.96, 96
86.96, 96
86.96, 96
86.98, 96
87.01, 96
87.01, 96
87.01, 96
87.01, 96
87.01, 96
87.02, 96
87.02, 96
87.04, 96
87.04, 96
87.04, 96
87.04, 96
87.04, 96
87.04, 96
87.18, 96
87.18, 96
87.18, 96
87.20, 96
87.23, 96
87.24, 96
87.24, 96
87.24, 96
87.24, 96
87.24, 96
87.32, 96
87.32, 96
87.32, 96
87.32, 96
87.93, 96
87.93, 96
87.93, 96
87.93, 96
87.95, 96
87.95, 96
88.04, 96
88.04, 96
88.04, 96
88.16, 96
88.39, 96
89.04, 96
89.04, 96
89.71, 96
89.86, 96
89.86, 96
89.86, 96
90.02, 96
90.15, 96
90.16, 96
90.16, 96
90.19, 96
90.19, 96
90.19, 96
90.19, 96
90.19, 96
90.63, 96
90.63, 96
90.63, 96
90.72, 96
90.72, 96
90.72, 96
90.75, 96
90.76, 96
90.76, 96
90.76, 96
90.76, 96
91.35, 96
91.35, 96
91.35, 96
91.36, 96
91.36, 96
91.36, 96
91.36, 96
91.36, 96
91.36, 96
91.37, 96
91.40, 96
91.43, 96
91.43, 96
91.43, 96
91.43, 96
91.43, 96
91.43, 96
91.43, 96
91.43, 96
91.44, 96
91.44, 96
91.44, 96
91.44, 96
91.44, 96
91.46, 96
91.46, 96
91.46, 96
91.46, 96
91.49, 96
91.50, 96
91.50, 96
91.50, 96
91.50, 96
91.68, 96
91.68, 96
91.68, 96
91.70, 96
91.72, 96
91.72, 96
91.72, 96
91.72, 96
91.72, 96
92.01, 96
92.16, 96
92.16, 96
92.17, 96
92.17, 96
92.17, 96
92.17, 96
92.17, 96
92.17, 96
92.17, 96
92.18, 96
92.23, 96
92.23, 96
92.24, 96
92.24, 96
92.24, 96
92.27, 96
92.60, 96
92.60, 96
92.60, 96
92.60, 96
92.61, 96
92.61, 96
92.61, 96
92.61, 96
92.67, 96
92.88, 96
92.88, 96
92.95, 96
92.95, 96
92.95, 96
92.98, 96
92.98, 96
92.99, 96
93.00, 96
93.00, 96
93.01, 96
93.04, 96
93.04, 96
93.05, 96
93.05, 96
93.05, 96
93.26, 96
93.26, 96
93.26, 96
93.26, 96
93.69, 96
93.69, 96
93.69, 96
94.08, 96
94.08, 96
94.08, 96
94.08, 96
94.08, 96
94.11, 96
94.11, 96
94.12, 96
94.13, 96
94.13, 96
94.13, 96
94.17, 96
94.17, 96
94.17, 96
94.17, 96
94.34, 96
94.38, 96
94.38, 96
94.38, 96
94.38, 96
94.38, 96
94.38, 96
94.56, 96
94.57, 96
94.59, 96
94.59, 96
94.59, 96
94.60, 96
94.60, 96
94.61, 96
94.96, 96
94.96, 96
95.00, 96
95.00, 96
95.00, 96
95.00, 96
95.00, 96
95.00, 96
95.35, 96
95.35, 96
95.35, 96
95.37, 96
95.38, 96
95.38, 96
95.41, 96
95.41, 96
95.42, 96
95.42, 96
95.42, 96
95.42, 96
95.42, 96
95.42, 96
95.48, 96
95.49, 96
95.49, 96
95.49, 96
95.49, 96
95.49, 96
95.50, 96
95.52, 96
95.52, 96
95.52, 96
95.59, 96
95.59, 96
95.60, 96
95.60, 96
95.60, 96
95.60, 96
95.60, 96
95.60, 96
95.60, 96
95.60, 96
95.60, 96
95.68, 96
95.69, 96
95.69, 96
95.71, 96
95.72, 96
95.72, 96
95.72, 96
95.75, 96
95.75, 96
95.75, 96
95.75, 96
95.75, 96
95.75, 96
95.76, 96
95.76, 96
95.76, 96
95.76, 96
95.76, 96
95.83, 96
95.83, 96
95.86, 96
95.86, 96
95.93, 96
95.93, 96
96.10, 96
96.10, 96
96.10, 96
96.10, 96
96.16, 96
96.16, 96
96.22, 96
96.22, 96
96.22, 96
96.22, 96
96.23, 96
96.23, 96
96.23, 96
96.23, 96
96.23, 96
96.25, 96
96.27, 96
96.27, 96
96.27, 96
96.36, 96
96.38, 96
96.38, 96
96.38, 96
96.39, 96
96.39, 96
96.39, 96
96.39, 96
96.39, 96
96.41, 96
96.41, 96
96.41, 96
96.45, 96
96.45, 96
96.45, 96
96.45, 96
96.45, 96
96.46, 96
96.52, 96
96.52, 96
96.53, 96
96.53, 96
96.53, 96
96.53, 96
96.58, 96
96.77, 96
96.77, 96
96.77, 96
96.91, 96
96.91, 96
96.91, 96
96.94, 96
97.12, 96
97.12, 96
97.13, 96
97.13, 96
97.13, 96
97.14, 96
97.46, 96
97.46, 96
97.47, 96
97.47, 96
97.47, 96
97.47, 96
97.53, 96
97.53, 96
97.53, 96
97.54, 96
97.54, 96
97.54, 96
97.54, 96
97.64, 96
97.65, 96
97.65, 96
97.70, 96
97.70, 96
97.70, 96
97.70, 96
97.99, 96
97.99, 96
98.27, 96
98.27, 96
98.28, 96
98.28, 96
98.28, 96
98.29, 96
98.41, 96
98.42, 96
98.42, 96
98.49, 96
98.49, 96
98.49, 96
98.49, 96
98.49, 96
98.49, 96
98.50, 96
98.50, 96
98.50, 96
98.50, 96
98.50, 96
98.50, 96
98.50, 96
98.52, 96
98.52, 96
98.52, 96
98.52, 96
98.52, 96
98.52, 96
98.65, 96
98.65, 96
98.65, 96
98.66, 96
98.66, 96
98.66, 96
98.66, 96
98.67, 96
98.67, 96
98.67, 96
98.68, 96
98.68, 96
98.69, 96
98.69, 96
98.69, 96
98.69, 96
98.69, 96
98.73, 96
98.73, 96
98.78, 96
98.78, 96
98.79, 96
99.04, 96
99.17, 96
99.17, 96
99.17, 96
99.17, 96
99.17, 96
99.25, 96
99.40, 96
99.62, 96
99.62, 96
99.62, 96
99.63, 96
99.64, 96
99.64, 96
99.64, 96
99.64, 96
99.79, 96
99.80, 96
99.80, 96
99.80, 96
99.80, 96
99.80, 96
99.80, 96
99.81, 96
99.81, 96
99.89, 96
99.89, 96
99.97, 96
99.97, 96
99.97, 96
99.97, 96
99.98, 96
100.08, 96
100.08, 96
100.08, 96
100.08, 96
100.21, 96
100.24, 96
100.25, 96
100.25, 96
100.60, 96
100.60, 96
100.62, 96
100.62, 96
100.62, 96
100.62, 96
100.69, 96
100.69, 96
100.69, 96
100.70, 96
100.82, 96
100.82, 96
100.83, 96
100.83, 96
100.83, 96
100.83, 96
100.83, 96
100.84, 96
100.84, 96
100.86, 96
100.87, 96
100.87, 96
100.87, 96
100.87, 96
100.87, 96
100.87, 96
100.87, 96
100.87, 96
100.88, 96
100.88, 96
100.88, 96
100.88, 96
100.88, 96
100.96, 96
100.96, 96
100.96, 96
100.96, 96
100.97, 96
100.97, 96
100.97, 96
100.97, 96
100.97, 96
100.98, 96
100.98, 96
100.98, 96
100.98, 96
100.98, 96
100.99, 96
100.99, 96
100.99, 96
100.99, 96
100.99, 96
101.24, 96
101.24, 96
101.24, 96
101.25, 96
101.25, 96
101.25, 96
101.25, 96
101.25, 96
101.25, 96
101.26, 96
101.26, 96
101.26, 96
101.26, 96
101.26, 96
101.26, 96
101.26, 96
101.26, 96
101.27, 96
101.27, 96
101.43, 96
101.48, 96
101.59, 96
101.60, 96
101.60, 96
101.61, 96
101.98, 96
101.98, 96
101.98, 96
102.02, 96
102.02, 96
102.05, 96
102.13, 96
102.13, 96
102.13, 96
102.14, 96
102.14, 96
102.22, 96
102.28, 96
102.28, 96
102.42, 96
102.42, 96
102.42, 96
102.55, 96
102.60, 96
102.62, 96
102.63, 96
102.63, 96
102.63, 96
102.63, 96
102.63, 96
102.64, 96
102.64, 96
102.64, 96
102.64, 96
102.67, 96
102.67, 96
102.67, 96
102.67, 96
102.67, 96
102.67, 96
102.91, 96
102.92, 96
102.92, 96
102.92, 96
102.93, 96
102.93, 96
102.93, 96
102.93, 96
102.94, 96
102.96, 96
102.96, 96
102.96, 96
102.96, 96
102.97, 96
102.98, 96
102.98, 96
102.98, 96
102.98, 96
102.99, 96
102.99, 96
102.99, 96
103.03, 96
103.06, 96
103.06, 96
103.06, 96
103.06, 96
103.07, 96
103.07, 96
103.07, 96
103.10, 96
103.10, 96
103.10, 96
103.10, 96
103.10, 96
103.10, 96
103.11, 96
103.11, 96
103.12, 96
103.12, 96
103.12, 96
103.12, 96
103.14, 96
103.14, 96
103.14, 96
103.14, 96
103.14, 96
103.14, 96
103.14, 96
103.16, 96
103.16, 96
103.16, 96
103.16, 96
103.17, 96
103.18, 96
103.18, 96
103.18, 96
103.19, 96
103.19, 96
103.30, 96
103.30, 96
103.31, 96
103.31, 96
103.31, 96
103.35, 96
103.36, 96
103.36, 96
103.36, 96
103.36, 96
103.37, 96
103.37, 96
103.37, 96
103.37, 96
103.50, 96
103.50, 96
103.83, 96
103.83, 96
103.83, 96
103.83, 96
103.83, 96
103.83, 96
103.83, 96
103.83, 96
103.83, 96
103.85, 96
103.86, 96
103.86, 96
103.86, 96
103.87, 96
103.87, 96
103.87, 96
103.87, 96
103.87, 96
103.88, 96
103.88, 96
103.88, 96
103.98, 96
103.98, 96
103.98, 96
103.98, 96
103.98, 96
103.98, 96
103.98, 96
103.98, 96
103.98, 96
103.98, 96
103.99, 96
104.23, 96
104.23, 96
104.23, 96
104.24, 96
104.25, 96
104.31, 96
104.31, 96
104.31, 96
104.41, 96
104.53, 96
104.53, 96
104.53, 96
104.53, 96
104.53, 96
104.53, 96
104.59, 96
104.61, 96
104.62, 96
104.62, 96
104.63, 96
104.63, 96
104.63, 96
104.63, 96
104.63, 96
104.63, 96
104.63, 96
104.98, 96
104.98, 96
104.99, 96
105.02, 96
105.14, 96
105.15, 96
105.15, 96
105.15, 96
105.16, 96
105.16, 96
105.16, 96
105.16, 96
105.16, 96
105.17, 96
105.18, 96
105.19, 96
105.19, 96
105.19, 96
105.19, 96
105.20, 96
105.20, 96
105.20, 96
105.20, 96
105.23, 96
105.68, 96
105.68, 96
105.72, 96
105.73, 96
105.73, 96
105.73, 96
105.73, 96
105.83, 96
105.87, 96
105.88, 96
106.09, 96
106.09, 96
106.09, 96
106.31, 96
106.31, 96
106.31, 96
106.32, 96
106.40, 96
106.40, 96
106.40, 96
106.57, 96
106.57, 96
106.57, 96
106.58, 96
106.58, 96
106.58, 96
106.58, 96
106.58, 96
106.59, 96
106.72, 96
106.74, 96
106.76, 96
106.76, 96
106.76, 96
106.80, 96
106.80, 96
106.80, 96
106.80, 96
106.81, 96
106.81, 96
106.83, 96
106.83, 96
106.83, 96
106.83, 96
106.84, 96
106.84, 96
106.84, 96
106.84, 96
106.97, 96
106.97, 96
106.97, 96
107.06, 96
107.10, 96
107.10, 96
107.18, 96
107.18, 96
107.19, 96
107.33, 96
107.33, 96
107.33, 96
107.44, 96
107.44, 96
107.44, 96
107.56, 96
107.57, 96
107.67, 96
107.67, 96
107.77, 96
107.85, 96
107.85, 96
108.22, 96
108.22, 96
108.39, 96
108.39, 96
108.39, 96
108.39, 96
108.40, 96
108.40, 96
108.40, 96
108.47, 96
108.47, 96
108.47, 96
108.47, 96
108.47, 96
108.52, 96
108.71, 96
108.71, 96
108.72, 96
108.72, 96
108.72, 96
108.77, 96
108.77, 96
108.78, 96
108.78, 96
108.82, 96
108.82, 96
108.82, 96
108.87, 96
109.21, 96
109.27, 96
109.28, 96
109.28, 96
109.28, 96
109.28, 96
109.28, 96
109.28, 96
109.28, 96
109.33, 96
109.33, 96
109.33, 96
109.33, 96
109.37, 96
109.37, 96
109.38, 96
109.38, 96
109.38, 96
109.38, 96
109.38, 96
109.46, 96
109.46, 96
109.47, 96
109.49, 96
109.49, 96
109.64, 96
109.65, 96
109.65, 96
109.65, 96
109.66, 96
109.66, 96
109.79, 96
109.89, 96
109.89, 96
109.90, 96
109.90, 96
109.90, 96
109.97, 96
109.97, 96
109.97, 96
109.97, 96
109.98, 96
109.98, 96
109.98, 96
109.99, 96
109.99, 96
109.99, 96
110.00, 96
110.09, 96
110.17, 96
110.30, 96
110.31, 96
110.48, 96
110.53, 96
110.53, 96
110.53, 96
110.53, 96
110.53, 96
110.53, 96
110.53, 96
110.53, 96
110.53, 96
110.60, 96
110.60, 96
110.60, 96
110.60, 96
110.60, 96
110.60, 96
110.61, 96
110.61, 96
110.61, 96
110.63, 96
110.63, 96
110.63, 96
110.63, 96
110.64, 96
110.64, 96
110.64, 96
110.64, 96
110.64, 96
110.65, 96
110.65, 96
110.65, 96
110.65, 96
110.66, 96
110.66, 96
110.66, 96
110.72, 96
110.76, 96
110.76, 96
110.77, 96
110.79, 96
110.84, 96
110.84, 96
110.87, 96
110.87, 96
110.87, 96
110.96, 96
110.96, 96
110.96, 96
110.96, 96
110.98, 96
110.98, 96
110.99, 96
111.07, 96
111.07, 96
111.07, 96
111.07, 96
111.10, 96
111.10, 96
111.10, 96
111.16, 96
111.39, 96
111.39, 96
111.39, 96
111.39, 96
111.39, 96
111.41, 96
111.42, 96
111.42, 96
111.48, 96
111.48, 96
111.48, 96
111.51, 96
111.51, 96
111.52, 96
111.52, 96
111.89, 96
111.89, 96
111.89, 96
111.90, 96
111.90, 96
111.90, 96
111.90, 96
112.26, 96
112.26, 96
112.34, 96
112.34, 96
112.34, 96
112.34, 96
112.54, 96
112.54, 96
112.54, 96
112.54, 96
112.61, 96
112.62, 96
112.67, 96
112.67, 96
112.67, 96
112.67, 96
112.68, 96
112.68, 96
112.68, 96
112.68, 96
112.68, 96
112.68, 96
112.68, 96
112.68, 96
112.83, 96
112.83, 96
112.83, 96
112.83, 96
112.83, 96
112.83, 96
112.84, 96
112.84, 96
112.84, 96
112.84, 96
112.87, 96
112.87, 96
112.88, 96
112.91, 96
112.91, 96
112.95, 96
112.95, 96
112.95, 96
112.96, 96
112.96, 96
112.96, 96
112.97, 96
113.28, 96
113.28, 96
113.47, 96
113.48, 96
113.53, 96
113.61, 96
113.62, 96
113.62, 96
113.63, 96
113.64, 96
113.64, 96
113.64, 96
113.85, 96
113.86, 96
113.86, 96
113.94, 96
113.94, 96
113.94, 96
113.96, 96
114.01, 96
114.06, 96
114.06, 96
114.07, 96
114.07, 96
114.96, 96
115.01, 96
115.01, 96
115.01, 96
115.28, 96
115.28, 96
115.28, 96
115.34, 96
115.34, 96
115.80, 96
115.81, 96
115.97, 96
115.97, 96
115.97, 96
115.97, 96
115.97, 96
115.98, 96
115.98, 96
116.01, 96
116.03, 96
116.03, 96
116.03, 96
116.03, 96
116.05, 96
116.05, 96
116.14, 96
116.15, 96
116.15, 96
116.32, 96
116.32, 96
116.35, 96
116.35, 96
116.36, 96
116.36, 96
116.36, 96
116.36, 96
116.37, 96
116.37, 96
116.41, 96
116.50, 96
116.51, 96
116.51, 96
116.51, 96
116.53, 96
116.54, 96
116.54, 96
116.54, 96
116.54, 96
116.54, 96
116.54, 96
116.54, 96
116.54, 96
116.54, 96
116.55, 96
116.56, 96
116.56, 96
116.56, 96
116.56, 96
116.56, 96
116.65, 96
116.65, 96
116.65, 96
116.65, 96
116.65, 96
116.65, 96
116.65, 96
116.66, 96
116.66, 96
116.66, 96
116.66, 96
116.66, 96
116.80, 96
116.80, 96
116.80, 96
116.81, 96
116.81, 96
116.81, 96
116.81, 96
116.81, 96
116.81, 96
116.81, 96
116.81, 96
116.82, 96
116.82, 96
116.82, 96
116.82, 96
116.82, 96
116.82, 96
116.82, 96
116.82, 96
116.87, 96
116.87, 96
116.87, 96
116.87, 96
116.89, 96
116.89, 96
117.23, 96
117.23, 96
117.23, 96
117.50, 96
117.51, 96
117.51, 96
117.51, 96
117.51, 96
117.51, 96
117.52, 96
117.52, 96
117.52, 96
117.52, 96
117.52, 96
117.52, 96
117.53, 96
117.57, 96
117.58, 96
117.58, 96
117.58, 96
117.58, 96
117.58, 96
117.58, 96
117.58, 96
117.58, 96
118.82, 96
118.82, 96
118.85, 96
118.85, 96
118.85, 96
118.97, 96
118.97, 96
118.97, 96
118.97, 96
119.22, 96
119.24, 96
119.24, 96
119.25, 96
119.25, 96
119.30, 96
119.31, 96
119.53, 96
119.54, 96
119.54, 96
119.54, 96
119.54, 96
119.55, 96
119.55, 96
119.55, 96
119.55, 96
