0.02, 102
0.02, 100
0.02, 99
0.02, 99
0.02, 99
0.02, 99
0.02, 99
0.02, 98
0.03, 98
0.03, 98
0.03, 98
0.03, 98
0.03, 98
0.03, 98
0.04, 98
0.05, 98
0.05, 98
0.05, 98
0.05, 98
0.05, 97
0.05, 97
0.05, 97
0.07, 97
0.07, 97
0.07, 97
0.07, 97
0.08, 97
0.08, 97
0.08, 97
0.08, 97
0.09, 97
0.09, 97
0.09, 97
0.09, 97
0.09, 97
0.09, 97
0.10, 97
0.10, 97
0.10, 97
0.10, 97
0.10, 97
0.11, 97
0.12, 97
0.12, 97
0.12, 97
0.12, 97
0.12, 97
0.13, 97
0.13, 97
0.13, 97
0.18, 97
0.18, 97
0.21, 97
0.21, 97
0.21, 97
0.21, 97
0.21, 97
0.21, 97
0.21, 97
0.22, 97
0.25, 97
0.25, 97
0.25, 97
0.25, 97
0.26, 97
0.26, 97
0.26, 97
0.26, 97
0.26, 97
0.26, 97
0.27, 97
0.27, 97
0.29, 97
0.30, 97
0.30, 97
0.30, 97
0.32, 97
0.32, 97
0.32, 97
0.32, 97
0.32, 97
0.32, 97
0.33, 97
0.33, 97
0.33, 97
0.35, 97
0.37, 97
0.37, 97
0.37, 97
0.37, 97
0.37, 97
0.37, 97
0.37, 97
0.37, 97
0.37, 97
0.38, 97
0.38, 97
0.38, 97
0.38, 97
0.38, 96
0.39, 96
0.39, 96
0.39, 96
0.40, 96
0.40, 96
0.43, 96
0.43, 96
0.44, 96
0.46, 96
0.46, 96
0.46, 96
0.49, 96
0.50, 96
0.50, 96
0.50, 96
0.54, 96
0.54, 96
0.54, 96
0.54, 96
0.80, 96
0.80, 96
0.81, 96
0.81, 96
0.81, 96
0.84, 96
0.84, 96
0.84, 96
0.86, 96
0.86, 96
0.90, 96
0.90, 96
0.90, 96
0.90, 96
0.90, 96
0.91, 96
0.91, 96
1.13, 96
1.16, 96
1.17, 96
1.17, 96
1.25, 96
1.25, 96
1.80, 96
1.81, 96
1.81, 96
1.81, 96
1.82, 96
1.83, 96
1.83, 96
1.83, 96
1.83, 96
1.83, 96
1.85, 96
1.86, 96
1.86, 96
1.87, 96
1.87, 96
1.94, 96
1.94, 96
1.94, 96
1.95, 96
1.95, 96
1.95, 96
1.99, 96
1.99, 96
1.99, 96
2.02, 96
2.02, 96
2.05, 96
2.05, 96
2.07, 96
2.07, 96
2.08, 96
2.09, 96
2.09, 96
2.09, 96
2.09, 96
2.09, 96
2.10, 96
2.11, 96
2.11, 96
2.11, 96
2.11, 96
2.50, 96
2.51, 96
2.51, 96
2.51, 96
2.52, 96
2.52, 96
2.52, 96
2.52, 96
3.01, 96
3.02, 96
3.03, 96
3.16, 96
3.16, 96
3.16, 96
3.16, 96
3.17, 96
3.17, 96
3.17, 96
3.35, 96
3.39, 96
3.39, 96
3.40, 96
3.40, 96
3.40, 96
3.40, 96
3.40, 96
3.41, 96
3.41, 96
3.42, 96
3.42, 96
3.42, 96
3.42, 96
3.42, 96
3.42, 96
3.42, 96
3.44, 96
3.44, 96
3.46, 96
3.47, 96
3.47, 96
3.47, 96
3.47, 96
3.47, 96
3.48, 96
3.48, 96
3.48, 96
3.48, 96
3.48, 96
3.48, 96
3.48, 96
3.48, 96
3.49, 96
3.49, 96
3.49, 96
3.52, 96
3.52, 96
3.52, 96
3.52, 96
3.52, 96
3.52, 96
3.54, 96
3.54, 96
3.54, 96
3.55, 96
3.55, 96
3.55, 96
3.55, 96
3.55, 96
3.56, 96
3.57, 96
3.57, 96
3.57, 96
3.57, 96
3.60, 96
3.60, 96
3.60, 96
3.61, 96
3.76, 96
3.76, 96
3.76, 96
3.79, 96
3.80, 96
3.81, 96
3.81, 96
3.81, 96
3.81, 96
3.81, 96
3.81, 96
3.81, 96
3.93, 96
3.93, 96
3.93, 96
3.94, 96
4.00, 96
4.01, 96
4.04, 96
4.04, 96
4.04, 96
4.05, 96
4.05, 96
4.05, 96
4.06, 96
4.06, 96
4.06, 96
4.07, 96
4.17, 96
4.17, 96
4.17, 96
4.17, 96
4.18, 96
4.18, 96
4.18, 96
4.25, 96
4.25, 96
4.26, 96
4.26, 96
4.26, 96
4.27, 96
4.27, 96
4.27, 96
4.28, 96
4.28, 96
4.28, 96
4.28, 96
4.29, 96
4.29, 96
4.29, 96
4.29, 96
4.34, 96
4.34, 96
4.34, 96
4.34, 96
4.34, 96
4.42, 96
4.42, 96
4.42, 96
4.42, 96
4.43, 96
4.43, 96
4.43, 96
4.43, 96
4.43, 96
4.62, 96
4.97, 96
5.08, 96
5.08, 96
5.08, 96
5.08, 96
5.08, 96
5.09, 96
5.10, 96
5.10, 96
5.10, 96
5.10, 96
5.10, 96
5.10, 96
5.11, 96
5.12, 96
5.21, 96
5.21, 96
5.21, 96
5.21, 96
5.21, 96
5.21, 96
5.32, 96
5.32, 96
5.32, 96
5.35, 96
5.35, 96
5.49, 96
5.49, 96
5.49, 96
5.49, 96
5.50, 96
5.51, 96
5.51, 96
5.53, 96
5.56, 96
5.56, 96
5.56, 96
5.57, 96
5.57, 96
5.57, 96
5.58, 96
5.58, 96
5.58, 96
5.58, 96
5.58, 96
5.58, 96
5.60, 96
5.60, 96
5.64, 96
5.64, 96
5.64, 96
5.64, 96
5.64, 96
5.64, 96
5.65, 96
5.68, 96
5.69, 96
5.69, 96
5.69, 96
5.69, 96
5.69, 96
5.73, 96
5.73, 96
5.73, 96
5.73, 96
5.73, 96
5.76, 96
5.76, 96
5.78, 96
5.80, 96
5.80, 96
5.81, 96
5.81, 96
5.81, 96
5.81, 96
5.85, 96
5.86, 96
5.86, 96
5.86, 96
5.86, 96
5.86, 96
5.86, 96
5.86, 96
5.86, 96
5.86, 96
5.86, 96
5.87, 96
5.87, 96
5.89, 96
5.89, 96
5.90, 96
5.90, 96
5.91, 96
5.91, 96
5.91, 96
6.37, 96
6.37, 96
6.38, 96
6.38, 96
6.39, 96
6.39, 96
6.39, 96
6.39, 96
6.41, 96
6.41, 96
6.44, 96
6.44, 96
6.48, 96
6.48, 96
6.50, 96
6.50, 96
6.51, 96
6.51, 96
6.51, 96
6.71, 96
6.71, 96
6.71, 96
6.71, 96
6.71, 96
6.72, 96
6.72, 96
6.72, 96
6.73, 96
6.73, 96
6.73, 96
6.73, 96
6.73, 96
6.74, 96
6.83, 96
6.84, 96
6.85, 96
6.85, 96
6.85, 96
6.85, 96
6.85, 96
6.86, 96
6.86, 96
6.86, 96
6.86, 96
6.86, 96
6.86, 96
6.89, 96
6.89, 96
6.89, 96
6.89, 96
6.99, 96
7.09, 96
7.09, 96
7.09, 96
7.09, 96
7.09, 96
7.23, 96
7.24, 96
7.36, 96
7.36, 96
7.36, 96
7.47, 96
7.47, 96
8.12, 96
8.49, 96
8.55, 96
8.55, 96
9.04, 96
9.18, 96
9.18, 96
9.21, 96
9.21, 96
9.43, 96
9.44, 96
9.73, 96
9.95, 96
10.04, 96
10.04, 96
10.04, 96
10.22, 96
10.24, 96
10.53, 96
10.53, 96
10.77, 96
10.87, 96
10.87, 96
10.94, 96
10.94, 96
10.94, 96
11.00, 96
11.00, 96
11.02, 96
11.02, 96
11.02, 96
11.02, 96
11.03, 96
11.03, 96
11.03, 96
11.03, 96
11.04, 96
11.04, 96
11.05, 96
11.05, 96
11.05, 96
11.05, 96
11.05, 96
11.06, 96
11.10, 96
11.10, 96
11.17, 96
11.18, 96
11.19, 96
11.19, 96
11.19, 96
11.19, 96
11.19, 96
11.19, 96
11.19, 96
11.24, 96
11.30, 96
11.30, 96
11.30, 96
11.30, 96
11.30, 96
11.30, 96
11.38, 96
11.49, 96
11.49, 96
11.49, 96
11.49, 96
11.49, 96
11.49, 96
11.49, 96
11.49, 96
11.50, 96
11.50, 96
11.50, 96
11.52, 96
11.52, 96
11.52, 96
11.54, 96
11.54, 96
11.61, 96
11.61, 96
11.65, 96
11.65, 96
11.66, 96
11.67, 96
11.68, 96
11.68, 96
11.74, 96
11.74, 96
11.74, 96
11.75, 96
11.75, 96
11.75, 96
11.75, 96
11.75, 96
11.75, 96
11.75, 96
11.75, 96
11.76, 96
11.76, 96
11.99, 96
11.99, 96
12.35, 96
12.41, 96
12.42, 96
12.44, 96
12.44, 96
12.49, 96
12.50, 96
12.51, 96
12.51, 96
12.84, 96
12.85, 96
12.85, 96
12.85, 96
13.04, 96
13.04, 96
13.04, 96
13.04, 96
13.04, 96
13.04, 96
13.05, 96
13.05, 96
13.05, 96
13.05, 96
13.05, 96
13.10, 96
13.10, 96
13.11, 96
13.11, 96
13.11, 96
13.11, 96
13.11, 96
13.11, 96
13.11, 96
13.12, 96
13.12, 96
13.12, 96
13.13, 96
13.13, 96
13.13, 96
13.98, 96
14.00, 96
14.00, 96
14.00, 96
14.00, 96
14.00, 96
14.00, 96
14.01, 96
14.01, 96
14.01, 96
14.01, 96
14.01, 96
14.02, 96
14.02, 96
14.13, 96
14.14, 96
14.27, 96
14.28, 96
14.28, 96
14.29, 96
14.33, 96
14.33, 96
14.34, 96
14.34, 96
14.34, 96
14.34, 96
14.34, 96
14.34, 96
14.35, 96
14.35, 96
14.37, 96
14.37, 96
14.37, 96
14.39, 96
14.39, 96
14.40, 96
14.40, 96
14.41, 96
14.41, 96
14.50, 96
14.51, 96
14.52, 96
14.53, 96
14.54, 96
14.54, 96
14.54, 96
14.56, 96
14.56, 96
14.56, 96
15.02, 96
15.02, 96
15.02, 96
15.02, 96
15.02, 96
15.02, 96
15.02, 96
15.02, 96
15.03, 96
15.03, 96
15.04, 96
15.39, 96
15.39, 96
15.39, 96
15.39, 96
15.53, 96
15.53, 96
15.71, 96
15.71, 96
15.71, 96
15.71, 96
15.79, 96
15.98, 96
15.98, 96
15.99, 96
15.99, 96
15.99, 96
15.99, 96
15.99, 96
15.99, 96
15.99, 96
16.01, 96
16.22, 96
16.22, 96
16.22, 96
16.22, 96
16.22, 96
16.22, 96
16.23, 96
16.27, 96
16.27, 96
16.27, 96
16.27, 96
16.27, 96
16.27, 96
16.27, 96
16.28, 96
16.28, 96
16.28, 96
16.28, 96
16.28, 96
16.28, 96
16.37, 96
16.37, 96
16.37, 96
16.41, 96
16.42, 96
16.42, 96
16.42, 96
16.42, 96
16.42, 96
16.42, 96
16.42, 96
16.42, 96
16.42, 96
16.43, 96
16.43, 96
16.67, 96
16.68, 96
16.71, 96
16.71, 96
16.71, 96
16.74, 96
16.74, 96
16.74, 96
16.75, 96
16.75, 96
16.81, 96
16.81, 96
16.81, 96
16.81, 96
16.98, 96
16.98, 96
16.98, 96
16.98, 96
16.98, 96
16.98, 96
16.98, 96
16.99, 96
16.99, 96
17.17, 96
17.20, 96
17.20, 96
17.20, 96
17.22, 96
17.22, 96
17.25, 96
17.53, 96
17.65, 96
17.65, 96
17.65, 96
18.01, 96
18.01, 96
18.15, 96
18.15, 96
18.16, 96
18.16, 96
18.16, 96
18.16, 96
18.16, 96
18.16, 96
18.17, 96
18.17, 96
18.17, 96
18.17, 96
18.42, 96
18.42, 96
18.42, 96
18.43, 96
18.43, 96
18.43, 96
18.43, 96
18.43, 96
18.43, 96
18.47, 96
18.47, 96
18.48, 96
18.48, 96
18.65, 96
18.65, 96
18.65, 96
18.65, 96
18.66, 96
18.66, 96
18.66, 96
18.66, 96
18.67, 96
18.67, 96
18.67, 96
18.67, 96
18.67, 96
18.70, 96
18.76, 96
18.76, 96
18.76, 96
18.76, 96
18.76, 96
18.78, 96
18.79, 96
18.81, 96
18.83, 96
18.83, 96
18.88, 96
18.88, 96
18.93, 96
18.96, 96
18.96, 96
18.96, 96
19.22, 96
19.22, 96
19.35, 96
19.38, 96
19.39, 96
19.39, 96
19.39, 96
19.39, 96
19.39, 96
19.39, 96
19.39, 96
19.39, 96
19.47, 96
19.47, 96
19.48, 96
19.52, 96
19.64, 96
19.64, 96
19.64, 96
19.66, 96
19.66, 96
19.66, 96
19.66, 96
19.66, 96
19.69, 96
19.73, 96
19.73, 96
19.73, 96
19.73, 96
19.79, 96
19.92, 96
20.13, 96
20.13, 96
20.13, 96
20.13, 96
20.13, 96
20.13, 96
20.34, 96
20.34, 96
20.54, 96
20.54, 96
20.54, 96
20.54, 96
20.55, 96
20.67, 96
20.72, 96
20.72, 96
20.74, 96
20.74, 96
20.74, 96
20.74, 96
20.85, 96
20.88, 96
20.88, 96
20.89, 96
20.90, 96
20.90, 96
20.91, 96
20.91, 96
20.91, 96
20.91, 96
20.97, 96
21.05, 96
21.05, 96
21.05, 96
21.05, 96
21.07, 96
21.07, 96
21.08, 96
21.08, 96
21.10, 96
21.10, 96
21.16, 96
21.45, 96
21.60, 96
21.61, 96
21.61, 96
21.61, 96
21.64, 96
21.64, 96
21.64, 96
21.64, 96
21.67, 96
21.67, 96
21.67, 96
21.67, 96
21.72, 96
21.75, 96
22.08, 96
22.08, 96
22.33, 96
22.33, 96
22.33, 96
22.34, 96
22.34, 96
22.34, 96
22.36, 96
22.37, 96
22.37, 96
22.37, 96
22.37, 96
22.37, 96
22.37, 96
22.37, 96
22.37, 96
22.51, 96
22.51, 96
22.62, 96
22.62, 96
22.68, 96
22.68, 96
22.68, 96
22.68, 96
22.69, 96
22.69, 96
22.69, 96
22.69, 96
22.70, 96
23.05, 96
23.06, 96
23.06, 96
23.06, 96
23.07, 96
23.07, 96
23.07, 96
23.07, 96
23.18, 96
23.18, 96
23.18, 96
23.18, 96
23.25, 96
23.25, 96
23.25, 96
23.26, 96
23.26, 96
23.29, 96
23.29, 96
23.29, 96
23.29, 96
23.29, 96
23.29, 96
23.29, 96
23.34, 96
23.34, 96
23.34, 96
23.50, 96
23.50, 96
23.55, 96
23.56, 96
23.56, 96
23.68, 96
24.08, 96
24.08, 96
24.08, 96
24.09, 96
24.09, 96
24.10, 96
24.10, 96
24.13, 96
24.13, 96
24.13, 96
24.13, 96
24.13, 96
24.18, 96
24.19, 96
24.19, 96
24.20, 96
24.38, 96
24.38, 96
24.38, 96
24.39, 96
24.39, 96
24.39, 96
24.39, 96
24.39, 96
24.71, 96
24.97, 96
24.97, 96
25.03, 96
25.03, 96
25.32, 96
25.32, 96
25.32, 96
25.32, 96
25.32, 96
25.32, 96
25.33, 96
25.33, 96
25.33, 96
25.34, 96
25.37, 96
25.38, 96
25.50, 96
25.54, 96
25.54, 96
25.54, 96
25.54, 96
25.55, 96
25.55, 96
25.55, 96
25.55, 96
25.56, 96
25.56, 96
25.56, 96
25.56, 96
25.56, 96
25.56, 96
25.56, 96
25.57, 96
25.57, 96
25.63, 96
25.64, 96
25.64, 96
25.73, 96
25.73, 96
25.74, 96
25.74, 96
25.74, 96
25.76, 96
25.76, 96
25.82, 96
25.82, 96
25.82, 96
25.82, 96
26.19, 96
26.19, 96
26.19, 96
26.19, 96
26.21, 96
26.28, 96
26.28, 96
26.29, 96
26.29, 96
26.29, 96
26.29, 96
26.45, 96
26.47, 96
26.47, 96
26.48, 96
26.49, 96
26.52, 96
26.61, 96
26.61, 96
26.61, 96
26.85, 96
26.85, 96
26.85, 96
26.85, 96
26.97, 96
26.97, 96
26.97, 96
26.98, 96
26.98, 96
26.98, 96
27.06, 96
27.06, 96
27.06, 96
27.06, 96
27.06, 96
27.06, 96
27.06, 96
27.07, 96
27.07, 96
27.07, 96
27.07, 96
27.09, 96
27.09, 96
27.09, 96
27.09, 96
27.09, 96
27.09, 96
27.09, 96
27.09, 96
27.10, 96
27.10, 96
27.11, 96
27.11, 96
27.11, 96
27.14, 96
27.39, 96
27.76, 96
27.76, 96
27.76, 96
27.76, 96
27.77, 96
27.77, 96
27.81, 96
27.81, 96
27.81, 96
27.81, 96
27.81, 96
27.96, 96
27.96, 96
27.96, 96
27.97, 96
28.20, 96
28.20, 96
28.21, 96
28.22, 96
28.22, 96
28.23, 96
28.36, 96
28.65, 96
28.65, 96
28.65, 96
28.66, 96
28.66, 96
28.68, 96
28.68, 96
28.68, 96
28.70, 96
28.70, 96
28.74, 96
28.75, 96
28.76, 96
28.76, 96
28.76, 96
28.76, 96
28.76, 96
28.78, 96
28.78, 96
28.78, 96
28.86, 96
28.86, 96
28.86, 96
28.86, 96
28.86, 96
28.86, 96
29.11, 96
29.11, 96
29.11, 96
29.11, 96
29.25, 96
29.34, 96
29.34, 96
29.35, 96
29.35, 96
29.35, 96
29.35, 96
29.35, 96
29.35, 96
29.35, 96
29.36, 96
29.36, 96
29.36, 96
29.59, 96
29.71, 96
29.71, 96
29.71, 96
29.71, 96
29.71, 96
29.72, 96
29.72, 96
29.72, 96
29.72, 96
29.72, 96
29.78, 96
29.78, 96
29.82, 96
29.82, 96
29.82, 96
29.82, 96
29.82, 96
29.82, 96
29.82, 96
29.82, 96
29.84, 96
29.86, 96
29.86, 96
29.86, 96
29.86, 96
29.98, 96
29.98, 96
29.98, 96
29.98, 96
29.98, 96
30.02, 96
30.02, 96
30.02, 96
30.02, 96
30.03, 96
30.03, 96
30.03, 96
30.11, 96
30.12, 96
30.12, 96
30.12, 96
30.12, 96
30.23, 96
30.23, 96
30.24, 96
30.24, 96
30.69, 96
30.69, 96
30.69, 96
30.69, 96
30.69, 96
30.76, 96
30.76, 96
30.76, 96
30.76, 96
30.83, 96
30.84, 96
30.84, 96
30.86, 96
30.86, 96
30.86, 96
30.91, 96
30.92, 96
30.92, 96
30.92, 96
30.97, 96
30.97, 96
30.97, 96
30.97, 96
30.97, 96
30.98, 96
30.99, 96
30.99, 96
31.00, 96
31.00, 96
31.00, 96
31.01, 96
31.01, 96
31.02, 96
31.02, 96
31.02, 96
31.28, 96
31.28, 96
31.30, 96
31.30, 96
31.30, 96
31.30, 96
31.30, 96
31.30, 96
31.30, 96
31.30, 96
31.33, 96
31.33, 96
31.35, 96
31.35, 96
31.36, 96
31.50, 96
31.50, 96
31.50, 96
32.13, 96
32.18, 96
32.39, 96
32.39, 96
32.39, 96
32.48, 96
32.48, 96
32.48, 96
32.49, 96
32.49, 96
32.49, 96
32.49, 96
32.83, 96
32.83, 96
32.87, 96
32.87, 96
32.87, 96
32.95, 96
32.96, 96
32.96, 96
32.96, 96
32.96, 96
32.96, 96
32.97, 96
32.97, 96
32.97, 96
32.97, 96
32.97, 96
32.97, 96
32.97, 96
32.98, 96
32.98, 96
32.98, 96
32.98, 96
33.07, 96
33.08, 96
33.08, 96
33.09, 96
33.09, 96
33.09, 96
33.09, 96
33.09, 96
33.10, 96
33.10, 96
33.10, 96
33.10, 96
33.14, 96
33.14, 96
33.19, 96
33.19, 96
33.19, 96
33.20, 96
33.20, 96
33.31, 96
33.31, 96
33.31, 96
33.32, 96
33.33, 96
33.34, 96
33.34, 96
33.41, 96
33.41, 96
33.41, 96
33.41, 96
33.41, 96
33.41, 96
33.48, 96
33.48, 96
33.48, 96
33.48, 96
33.48, 96
33.49, 96
33.51, 96
33.51, 96
33.51, 96
33.52, 96
33.52, 96
33.52, 96
33.53, 96
33.55, 96
33.57, 96
33.61, 96
33.63, 96
33.63, 96
33.63, 96
33.63, 96
33.63, 96
33.64, 96
33.64, 96
33.64, 96
33.64, 96
33.64, 96
33.65, 96
33.77, 96
33.77, 96
33.77, 96
33.89, 96
33.89, 96
33.89, 96
33.89, 96
33.91, 96
33.97, 96
33.99, 96
33.99, 96
34.00, 96
34.33, 96
34.35, 96
34.35, 96
34.71, 96
34.72, 96
34.72, 96
34.72, 96
34.72, 96
34.72, 96
34.86, 96
34.87, 96
34.87, 96
34.88, 96
34.88, 96
34.88, 96
34.92, 96
34.93, 96
34.93, 96
34.93, 96
34.95, 96
34.95, 96
34.96, 96
34.97, 96
34.97, 96
34.97, 96
35.33, 96
35.34, 96
35.34, 96
35.34, 96
35.34, 96
35.56, 96
35.56, 96
35.56, 96
35.98, 96
35.99, 96
35.99, 96
35.99, 96
35.99, 96
36.05, 96
36.05, 96
36.09, 96
36.09, 96
36.09, 96
36.10, 96
36.10, 96
36.10, 96
36.10, 96
36.10, 96
36.10, 96
36.10, 96
36.19, 96
36.19, 96
36.26, 96
36.26, 96
36.26, 96
36.26, 96
36.26, 96
36.26, 96
36.33, 96
36.33, 96
36.33, 96
36.34, 96
36.34, 96
36.34, 96
36.34, 96
36.34, 96
36.43, 96
36.43, 96
36.43, 96
36.43, 96
36.43, 96
36.55, 96
36.55, 96
36.55, 96
36.55, 96
36.55, 96
36.55, 96
36.56, 96
36.56, 96
36.56, 96
36.58, 96
36.58, 96
36.58, 96
36.60, 96
36.60, 96
36.61, 96
36.61, 96
36.61, 96
36.61, 96
36.61, 96
36.61, 96
36.61, 96
36.62, 96
36.62, 96
36.65, 96
36.65, 96
36.65, 96
36.65, 96
36.68, 96
36.68, 96
36.88, 96
36.88, 96
36.90, 96
36.90, 96
36.90, 96
36.90, 96
37.04, 96
37.04, 96
37.04, 96
37.06, 96
37.13, 96
37.13, 96
37.13, 96
37.14, 96
37.14, 96
37.15, 96
37.15, 96
37.18, 96
37.19, 96
37.19, 96
37.20, 96
37.20, 96
37.20, 96
37.20, 96
37.20, 96
37.20, 96
37.21, 96
37.21, 96
37.21, 96
37.36, 96
37.36, 96
37.36, 96
37.36, 96
37.37, 96
37.37, 96
37.37, 96
37.37, 96
37.37, 96
37.38, 96
37.38, 96
37.38, 96
37.38, 96
37.38, 96
37.39, 96
37.39, 96
37.57, 96
37.57, 96
37.57, 96
37.62, 96
37.62, 96
37.62, 96
37.66, 96
37.66, 96
37.84, 96
37.84, 96
37.84, 96
37.84, 96
37.84, 96
37.86, 96
37.86, 96
37.87, 96
37.87, 96
37.87, 96
37.87, 96
37.87, 96
37.87, 96
37.87, 96
37.87, 96
37.96, 96
37.96, 96
37.96, 96
38.01, 96
38.02, 96
38.02, 96
38.02, 96
38.02, 96
38.02, 96
38.02, 96
38.03, 96
38.03, 96
38.03, 96
38.03, 96
38.10, 96
38.10, 96
38.10, 96
38.40, 96
38.40, 96
38.40, 96
38.40, 96
38.46, 96
38.47, 96
38.48, 96
38.49, 96
38.53, 96
38.64, 96
38.65, 96
38.65, 96
38.65, 96
38.72, 96
38.72, 96
38.72, 96
38.74, 96
38.74, 96
38.74, 96
38.77, 96
38.77, 96
38.77, 96
38.77, 96
38.77, 96
39.00, 96
39.00, 96
39.00, 96
39.01, 96
39.01, 96
39.01, 96
39.82, 96
39.82, 96
39.96, 96
39.97, 96
39.97, 96
39.97, 96
39.97, 96
39.97, 96
39.98, 96
39.98, 96
39.99, 96
40.14, 96
40.15, 96
40.15, 96
40.15, 96
40.19, 96
40.20, 96
40.20, 96
40.21, 96
40.35, 96
40.36, 96
40.36, 96
40.36, 96
40.36, 96
40.36, 96
40.37, 96
40.37, 96
40.37, 96
40.37, 96
40.37, 96
40.37, 96
40.38, 96
40.38, 96
40.38, 96
40.39, 96
40.39, 96
40.39, 96
40.39, 96
40.40, 96
40.40, 96
40.40, 96
40.41, 96
40.41, 96
40.41, 96
40.50, 96
40.50, 96
40.50, 96
40.51, 96
40.51, 96
40.51, 96
40.59, 96
40.62, 96
40.62, 96
40.62, 96
40.63, 96
40.63, 96
40.63, 96
40.65, 96
40.79, 96
40.91, 96
40.91, 96
40.92, 96
40.98, 96
41.03, 96
41.05, 96
41.08, 96
41.09, 96
41.09, 96
41.09, 96
41.09, 96
41.09, 96
41.09, 96
41.09, 96
41.10, 96
41.10, 96
41.11, 96
41.11, 96
41.11, 96
41.29, 96
41.30, 96
41.30, 96
41.30, 96
41.30, 96
41.35, 96
41.37, 96
41.37, 96
41.37, 96
41.38, 96
41.44, 96
41.44, 96
41.44, 96
41.45, 96
41.45, 96
41.46, 96
41.46, 96
41.46, 96
41.46, 96
41.51, 96
41.63, 96
42.12, 96
42.13, 96
42.13, 96
42.13, 96
42.13, 96
42.13, 96
42.13, 96
42.14, 96
42.14, 96
42.21, 96
42.21, 96
42.21, 96
42.21, 96
42.34, 96
42.34, 96
42.34, 96
42.35, 96
42.35, 96
42.49, 96
42.49, 96
42.56, 96
42.56, 96
42.56, 96
42.56, 96
42.56, 96
42.56, 96
42.57, 96
42.57, 96
42.57, 96
42.57, 96
42.58, 96
42.58, 96
42.58, 96
42.58, 96
42.62, 96
42.62, 96
43.02, 96
43.02, 96
43.02, 96
43.02, 96
43.02, 96
43.02, 96
43.03, 96
43.03, 96
43.03, 96
43.05, 96
43.16, 96
43.31, 96
43.31, 96
43.31, 96
43.31, 96
43.31, 96
43.31, 96
43.32, 96
43.32, 96
43.32, 96
43.32, 96
43.32, 96
43.32, 96
43.33, 96
43.33, 96
43.33, 96
43.33, 96
43.35, 96
43.35, 96
43.35, 96
43.35, 96
43.47, 96
43.47, 96
43.76, 96
43.82, 96
43.82, 96
43.85, 96
43.86, 96
43.86, 96
43.87, 96
43.87, 96
44.22, 96
44.22, 96
44.31, 96
44.32, 96
44.32, 96
44.32, 96
44.35, 96
44.35, 96
44.36, 96
44.36, 96
44.36, 96
44.36, 96
44.52, 96
44.52, 96
44.53, 96
44.58, 96
45.29, 96
45.29, 96
45.29, 96
45.30, 96
45.33, 96
45.33, 96
45.45, 96
45.45, 96
45.45, 96
45.45, 96
45.45, 96
45.58, 96
45.58, 96
45.61, 96
45.61, 96
45.61, 96
45.61, 96
45.61, 96
45.64, 96
45.64, 96
45.64, 96
45.64, 96
45.66, 96
45.66, 96
45.67, 96
45.67, 96
45.67, 96
45.67, 96
45.97, 96
45.97, 96
45.98, 96
45.98, 96
45.98, 96
45.98, 96
46.05, 96
46.05, 96
46.13, 96
46.13, 96
46.13, 96
46.22, 96
46.22, 96
46.23, 96
46.34, 96
46.34, 96
46.54, 96
46.57, 96
46.57, 96
46.57, 96
46.67, 96
46.67, 96
46.68, 96
46.99, 96
47.01, 96
47.02, 96
47.04, 96
47.04, 96
47.04, 96
47.05, 96
47.05, 96
47.20, 96
47.20, 96
47.20, 96
47.21, 96
47.67, 96
47.73, 96
47.73, 96
47.82, 96
47.83, 96
47.86, 96
47.91, 96
47.91, 96
47.92, 96
47.92, 96
47.92, 96
47.96, 96
47.96, 96
47.96, 96
48.10, 96
48.10, 96
48.11, 96
48.22, 96
48.22, 96
48.23, 96
48.24, 96
48.24, 96
48.25, 96
48.33, 96
48.35, 96
48.35, 96
48.39, 96
48.40, 96
48.40, 96
48.40, 96
48.40, 96
48.62, 96
48.79, 96
48.83, 96
48.83, 96
48.87, 96
48.92, 96
48.92, 96
48.92, 96
48.92, 96
48.92, 96
48.92, 96
48.92, 96
48.93, 96
49.14, 96
49.14, 96
49.18, 96
49.18, 96
49.19, 96
49.19, 96
49.19, 96
49.26, 96
49.27, 96
49.27, 96
49.27, 96
49.28, 96
49.29, 96
49.29, 96
49.29, 96
49.31, 96
49.73, 96
49.84, 96
49.85, 96
49.85, 96
49.85, 96
49.86, 96
49.86, 96
49.86, 96
49.97, 96
49.98, 96
49.98, 96
49.98, 96
49.98, 96
49.99, 96
50.00, 96
50.00, 96
50.28, 96
50.28, 96
50.28, 96
50.28, 96
50.28, 96
50.49, 96
50.50, 96
50.50, 96
50.50, 96
50.67, 96
50.67, 96
50.99, 96
50.99, 96
50.99, 96
51.00, 96
51.07, 96
51.07, 96
51.26, 96
51.26, 96
51.26, 96
51.27, 96
51.27, 96
51.27, 96
51.27, 96
51.27, 96
51.28, 96
51.28, 96
51.28, 96
51.28, 96
51.28, 96
51.32, 96
51.32, 96
51.32, 96
51.32, 96
51.33, 96
51.46, 96
51.50, 96
51.50, 96
51.51, 96
51.95, 96
52.00, 96
52.00, 96
52.09, 96
52.10, 96
52.10, 96
52.11, 96
52.11, 96
52.14, 96
52.14, 96
52.14, 96
52.14, 96
52.15, 96
52.15, 96
52.15, 96
52.15, 96
52.15, 96
52.33, 96
52.49, 96
52.49, 96
52.56, 96
52.56, 96
52.56, 96
52.56, 96
52.74, 96
53.09, 96
53.11, 96
53.12, 96
53.12, 96
53.13, 96
53.56, 96
53.56, 96
53.58, 96
53.58, 96
53.62, 96
53.63, 96
53.63, 96
53.63, 96
53.64, 96
53.64, 96
53.64, 96
53.65, 96
53.65, 96
53.65, 96
53.65, 96
53.66, 96
53.66, 96
53.66, 96
53.66, 96
53.78, 96
53.79, 96
53.79, 96
53.79, 96
53.79, 96
53.79, 96
53.79, 96
53.79, 96
53.81, 96
53.94, 96
53.94, 96
53.94, 96
53.98, 96
53.98, 96
53.99, 96
54.17, 96
54.17, 96
54.17, 96
54.17, 96
54.17, 96
54.17, 96
54.20, 96
54.20, 96
54.43, 96
54.43, 96
54.43, 96
54.44, 96
54.44, 96
54.61, 96
54.61, 96
54.62, 96
54.63, 96
54.63, 96
54.63, 96
54.72, 96
54.73, 96
54.75, 96
54.75, 96
54.75, 96
54.75, 96
54.80, 96
54.80, 96
55.11, 96
55.11, 96
55.73, 96
55.73, 96
55.78, 96
55.78, 96
55.78, 96
55.78, 96
55.78, 96
55.79, 96
55.93, 96
55.93, 96
56.10, 96
56.10, 96
56.22, 96
56.22, 96
56.22, 96
56.22, 96
56.25, 96
56.25, 96
56.25, 96
56.25, 96
56.25, 96
56.25, 96
56.25, 96
56.26, 96
56.26, 96
56.26, 96
56.26, 96
56.26, 96
56.28, 96
56.28, 96
56.28, 96
56.28, 96
56.29, 96
56.38, 96
56.38, 96
56.38, 96
56.40, 96
56.47, 96
56.47, 96
56.48, 96
56.49, 96
56.49, 96
56.52, 96
56.55, 96
56.55, 96
56.55, 96
56.56, 96
56.57, 96
56.59, 96
56.65, 96
56.66, 96
56.79, 96
56.79, 96
56.79, 96
56.79, 96
56.80, 96
56.80, 96
56.80, 96
56.80, 96
56.80, 96
56.85, 96
56.87, 96
56.87, 96
56.87, 96
56.88, 96
56.89, 96
57.02, 96
57.03, 96
57.26, 96
57.27, 96
57.27, 96
57.45, 96
57.47, 96
57.50, 96
57.50, 96
57.50, 96
57.50, 96
57.51, 96
57.51, 96
57.52, 96
57.52, 96
57.52, 96
57.60, 96
57.61, 96
57.61, 96
57.61, 96
57.61, 96
57.61, 96
57.61, 96
57.62, 96
57.62, 96
57.62, 96
57.62, 96
57.62, 96
57.73, 96
57.75, 96
57.75, 96
57.75, 96
57.75, 96
57.76, 96
57.76, 96
57.76, 96
57.88, 96
57.88, 96
58.39, 96
58.39, 96
58.40, 96
58.40, 96
58.40, 96
58.42, 96
58.43, 96
58.58, 96
58.59, 96
58.59, 96
58.59, 96
58.59, 96
58.59, 96
58.59, 96
58.59, 96
58.62, 96
58.62, 96
58.62, 96
58.62, 96
58.62, 96
58.81, 96
58.87, 96
58.88, 96
58.89, 96
58.89, 96
58.89, 96
58.89, 96
58.89, 96
58.90, 96
58.90, 96
58.90, 96
58.90, 96
58.90, 96
59.02, 96
59.02, 96
59.02, 96
59.02, 96
59.02, 96
59.02, 96
59.02, 96
59.03, 96
59.03, 96
59.03, 96
59.06, 96
59.07, 96
59.07, 96
59.09, 96
59.13, 96
59.16, 96
59.16, 96
59.16, 96
59.16, 96
59.16, 96
59.16, 96
59.18, 96
59.18, 96
59.19, 96
59.19, 96
59.20, 96
59.94, 96
59.95, 96
60.41, 96
60.41, 96
60.42, 96
60.42, 96
60.60, 96
60.61, 96
60.71, 96
60.72, 96
60.75, 96
60.83, 96
60.83, 96
60.86, 96
60.86, 96
60.86, 96
60.86, 96
60.86, 96
61.24, 96
61.24, 96
61.25, 96
61.26, 96
61.26, 96
61.68, 96
61.68, 96
61.68, 96
62.02, 96
62.04, 96
62.04, 96
62.04, 96
62.18, 96
62.44, 96
62.51, 96
62.52, 96
62.52, 96
62.52, 96
62.52, 96
62.52, 96
62.53, 96
62.53, 96
62.53, 96
62.63, 96
62.63, 96
62.63, 96
62.63, 96
62.64, 96
62.64, 96
62.65, 96
62.65, 96
62.65, 96
62.66, 96
62.71, 96
62.74, 96
62.74, 96
62.74, 96
62.74, 96
63.48, 96
63.80, 96
63.80, 96
63.82, 96
63.83, 96
63.83, 96
63.85, 96
64.09, 96
64.09, 96
64.09, 96
64.09, 96
64.10, 96
64.15, 96
64.15, 96
64.15, 96
64.17, 96
64.18, 96
64.19, 96
64.19, 96
64.19, 96
64.19, 96
64.20, 96
64.22, 96
64.28, 96
64.28, 96
64.38, 96
64.38, 96
64.39, 96
64.39, 96
64.39, 96
64.40, 96
64.40, 96
64.47, 96
64.51, 96
64.51, 96
64.52, 96
64.52, 96
64.52, 96
64.76, 96
64.76, 96
65.14, 96
65.15, 96
65.19, 96
65.20, 96
65.20, 96
65.20, 96
65.20, 96
65.20, 96
65.20, 96
65.20, 96
65.20, 96
65.20, 96
65.21, 96
65.21, 96
65.21, 96
65.21, 96
65.21, 96
65.21, 96
65.21, 96
65.21, 96
65.22, 96
65.22, 96
65.22, 96
65.22, 96
65.22, 96
65.24, 96
65.26, 96
65.26, 96
65.26, 96
65.27, 96
65.27, 96
65.27, 96
65.31, 96
65.31, 96
65.31, 96
65.39, 96
65.40, 96
65.40, 96
65.40, 96
65.40, 96
65.40, 96
65.40, 96
65.41, 96
65.59, 96
65.59, 96
65.59, 96
65.77, 96
65.80, 96
65.93, 96
65.94, 96
65.94, 96
65.95, 96
65.95, 96
66.03, 96
66.03, 96
66.03, 96
66.04, 96
66.04, 96
66.04, 96
66.04, 96
66.04, 96
66.10, 96
66.10, 96
66.11, 96
66.11, 96
66.11, 96
66.12, 96
66.12, 96
66.12, 96
66.13, 96
66.13, 96
66.21, 96
66.21, 96
66.21, 96
66.21, 96
66.22, 96
66.22, 96
66.22, 96
66.22, 96
66.22, 96
66.22, 96
66.31, 96
66.31, 96
66.31, 96
66.33, 96
66.33, 96
66.35, 96
66.37, 96
66.38, 96
66.38, 96
66.38, 96
66.39, 96
66.39, 96
66.39, 96
66.39, 96
66.39, 96
66.66, 96
66.67, 96
66.69, 96
66.70, 96
66.70, 96
66.71, 96
66.71, 96
66.71, 96
66.71, 96
66.71, 96
66.71, 96
66.71, 96
66.71, 96
66.71, 96
66.75, 96
66.75, 96
66.75, 96
66.79, 96
66.79, 96
66.80, 96
66.80, 96
66.81, 96
66.83, 96
66.84, 96
66.84, 96
66.84, 96
66.84, 96
66.84, 96
66.84, 96
66.84, 96
66.85, 96
66.85, 96
66.85, 96
66.85, 96
66.88, 96
66.89, 96
66.89, 96
66.94, 96
67.06, 96
67.06, 96
67.06, 96
67.14, 96
67.14, 96
67.15, 96
67.15, 96
67.15, 96
67.15, 96
67.16, 96
67.29, 96
67.29, 96
67.32, 96
67.33, 96
67.34, 96
67.34, 96
67.35, 96
67.35, 96
67.36, 96
67.38, 96
67.38, 96
67.38, 96
67.69, 96
67.69, 96
67.71, 96
67.75, 96
67.75, 96
67.75, 96
67.75, 96
67.75, 96
67.81, 96
67.81, 96
67.81, 96
67.81, 96
67.81, 96
67.82, 96
67.99, 96
68.00, 96
68.00, 96
68.00, 96
68.00, 96
68.00, 96
68.00, 96
68.01, 96
68.01, 96
68.01, 96
68.01, 96
68.01, 96
68.02, 96
68.03, 96
68.03, 96
68.03, 96
68.03, 96
68.03, 96
68.06, 96
68.06, 96
68.10, 96
68.10, 96
68.11, 96
68.11, 96
68.56, 96
68.79, 96
68.79, 96
68.79, 96
68.79, 96
68.80, 96
68.80, 96
68.80, 96
69.01, 96
69.01, 96
69.02, 96
69.02, 96
69.18, 96
69.18, 96
69.18, 96
69.18, 96
69.19, 96
69.19, 96
69.19, 96
69.19, 96
69.19, 96
69.19, 96
69.19, 96
69.19, 96
69.20, 96
69.20, 96
69.21, 96
69.24, 96
69.24, 96
69.24, 96
69.32, 96
69.32, 96
69.40, 96
69.63, 96
69.63, 96
69.64, 96
69.64, 96
69.78, 96
69.96, 96
69.96, 96
69.97, 96
69.97, 96
69.97, 96
70.16, 96
70.16, 96
70.17, 96
70.20, 96
70.30, 96
70.30, 96
70.31, 96
70.31, 96
70.31, 96
70.31, 96
70.33, 96
70.33, 96
70.33, 96
70.33, 96
70.33, 96
70.33, 96
70.34, 96
70.34, 96
70.34, 96
70.49, 96
70.49, 96
70.49, 96
70.63, 96
71.16, 96
71.16, 96
71.17, 96
71.21, 96
71.21, 96
71.21, 96
71.29, 96
71.30, 96
71.33, 96
71.34, 96
71.47, 96
71.48, 96
71.48, 96
71.65, 96
71.79, 96
71.79, 96
71.79, 96
71.79, 96
71.83, 96
71.84, 96
71.84, 96
71.84, 96
71.84, 96
71.86, 96
72.06, 96
72.06, 96
72.07, 96
72.07, 96
72.07, 96
72.07, 96
72.07, 96
72.07, 96
72.08, 96
72.08, 96
72.08, 96
72.08, 96
72.08, 96
72.08, 96
72.08, 96
72.11, 96
72.11, 96
72.11, 96
72.11, 96
72.11, 96
72.11, 96
72.20, 96
72.21, 96
72.21, 96
72.21, 96
72.22, 96
72.22, 96
72.22, 96
72.28, 96
72.28, 96
72.28, 96
72.28, 96
72.29, 96
72.29, 96
72.29, 96
72.29, 96
72.29, 96
72.30, 96
72.30, 96
72.30, 96
72.30, 96
72.30, 96
72.31, 96
72.53, 96
72.53, 96
72.56, 96
72.56, 96
72.56, 96
72.57, 96
72.57, 96
72.57, 96
72.57, 96
72.57, 96
72.57, 96
72.57, 96
72.58, 96
72.58, 96
72.58, 96
72.58, 96
72.59, 96
72.90, 96
73.11, 96
73.11, 96
73.11, 96
73.11, 96
73.11, 96
73.11, 96
73.12, 96
73.12, 96
73.12, 96
73.43, 96
73.44, 96
73.44, 96
73.47, 96
73.53, 96
73.53, 96
73.53, 96
73.53, 96
73.53, 96
73.57, 96
73.57, 96
73.67, 96
74.04, 96
74.09, 96
74.09, 96
74.09, 96
74.09, 96
74.09, 96
74.10, 96
74.10, 96
74.10, 96
74.11, 96
74.11, 96
74.11, 96
74.26, 96
74.26, 96
74.27, 96
74.29, 96
74.29, 96
74.36, 96
74.36, 96
74.37, 96
74.37, 96
74.39, 96
74.39, 96
74.40, 96
74.41, 96
74.41, 96
74.54, 96
74.54, 96
74.54, 96
74.54, 96
74.55, 96
74.56, 96
74.56, 96
74.56, 96
74.57, 96
74.57, 96
74.57, 96
74.57, 96
74.57, 96
74.61, 96
74.61, 96
74.61, 96
74.63, 96
74.63, 96
74.63, 96
74.73, 96
74.73, 96
74.78, 96
75.00, 96
75.00, 96
75.00, 96
75.00, 96
75.00, 96
75.00, 96
75.00, 96
75.01, 96
75.01, 96
75.03, 96
75.30, 96
75.30, 96
75.30, 96
75.30, 96
75.30, 96
75.31, 96
75.33, 96
75.33, 96
75.33, 96
75.33, 96
75.33, 96
75.33, 96
75.34, 96
75.34, 96
75.34, 96
75.34, 96
75.34, 96
75.34, 96
75.35, 96
75.35, 96
75.35, 96
75.37, 96
75.39, 96
75.39, 96
75.39, 96
75.39, 96
75.47, 96
75.62, 96
75.62, 96
75.62, 96
75.63, 96
75.63, 96
75.63, 96
75.63, 96
75.63, 96
75.68, 96
75.68, 96
75.68, 96
75.90, 96
75.97, 96
76.13, 96
76.13, 96
76.13, 96
76.15, 96
76.27, 96
76.27, 96
76.31, 96
76.32, 96
76.32, 96
77.05, 96
77.06, 96
77.06, 96
77.06, 96
77.09, 96
77.26, 96
77.26, 96
77.26, 96
77.27, 96
77.32, 96
77.32, 96
77.32, 96
77.32, 96
77.32, 96
77.32, 96
77.37, 96
77.37, 96
77.39, 96
77.41, 96
77.41, 96
77.41, 96
77.41, 96
77.41, 96
77.42, 96
77.43, 96
77.63, 96
77.63, 96
77.63, 96
77.63, 96
77.71, 96
77.71, 96
77.71, 96
77.71, 96
77.78, 96
78.01, 96
78.01, 96
78.02, 96
78.02, 96
78.02, 96
78.02, 96
78.05, 96
78.05, 96
78.08, 96
78.08, 96
78.10, 96
78.29, 96
78.29, 96
78.31, 96
78.31, 96
78.31, 96
78.31, 96
78.33, 96
78.33, 96
78.61, 96
78.61, 96
78.61, 96
78.63, 96
78.65, 96
78.69, 96
78.87, 96
78.87, 96
78.88, 96
78.88, 96
78.88, 96
79.03, 96
79.22, 96
79.22, 96
79.23, 96
79.23, 96
79.23, 96
79.23, 96
79.23, 96
79.23, 96
79.29, 96
79.29, 96
79.29, 96
79.29, 96
79.29, 96
79.31, 96
79.78, 96
79.78, 96
79.78, 96
79.80, 96
79.80, 96
79.80, 96
79.80, 96
79.81, 96
79.81, 96
79.81, 96
79.81, 96
79.81, 96
79.81, 96
79.81, 96
79.82, 96
79.82, 96
79.82, 96
79.84, 96
79.84, 96
79.84, 96
79.84, 96
79.97, 96
79.98, 96
80.00, 96
80.00, 96
80.00, 96
80.24, 96
80.24, 96
80.24, 96
80.25, 96
80.25, 96
80.26, 96
80.27, 96
80.32, 96
80.33, 96
80.34, 96
80.34, 96
80.34, 96
80.34, 96
80.34, 96
80.35, 96
80.35, 96
80.35, 96
80.47, 96
80.47, 96
80.49, 96
80.51, 96
80.58, 96
80.58, 96
80.58, 96
80.58, 96
80.59, 96
80.59, 96
80.59, 96
80.59, 96
80.59, 96
80.59, 96
80.60, 96
80.60, 96
80.60, 96
80.61, 96
80.61, 96
80.62, 96
80.62, 96
80.62, 96
80.93, 96
81.60, 96
81.68, 96
81.68, 96
81.91, 96
81.91, 96
82.06, 96
82.06, 96
82.45, 96
82.45, 96
82.46, 96
82.46, 96
82.46, 96
82.46, 96
82.46, 96
82.46, 96
82.53, 96
82.53, 96
82.54, 96
82.54, 96
82.54, 96
82.54, 96
82.54, 96
82.54, 96
82.56, 96
82.56, 96
82.56, 96
82.57, 96
82.57, 96
82.57, 96
82.60, 96
82.60, 96
82.60, 96
82.60, 96
82.61, 96
82.62, 96
82.62, 96
82.62, 96
82.62, 96
82.63, 96
82.63, 96
82.67, 96
82.67, 96
82.67, 96
82.68, 96
82.70, 96
82.81, 96
82.96, 96
82.96, 96
82.96, 96
82.96, 96
83.09, 96
83.12, 96
83.12, 96
83.15, 96
83.16, 96
83.16, 96
83.16, 96
83.16, 96
83.16, 96
83.16, 96
83.17, 96
83.21, 96
83.25, 96
83.25, 96
83.25, 96
83.28, 96
83.28, 96
83.28, 96
83.53, 96
83.53, 96
83.54, 96
83.54, 96
83.54, 96
83.62, 96
83.62, 96
83.78, 96
83.78, 96
83.78, 96
83.78, 96
83.80, 96
83.80, 96
83.81, 96
83.81, 96
83.85, 96
83.85, 96
83.85, 96
83.85, 96
83.85, 96
83.86, 96
83.86, 96
83.91, 96
83.91, 96
83.92, 96
83.92, 96
83.92, 96
83.93, 96
83.94, 96
83.95, 96
83.95, 96
83.95, 96
84.68, 96
84.68, 96
84.68, 96
84.71, 96
84.71, 96
84.71, 96
84.71, 96
84.71, 96
84.71, 96
84.72, 96
84.72, 96
84.73, 96
84.73, 96
84.82, 96
85.20, 96
85.20, 96
85.24, 96
85.26, 96
85.26, 96
85.26, 96
85.27, 96
85.27, 96
85.27, 96
85.27, 96
85.38, 96
85.38, 96
85.38, 96
85.38, 96
85.39, 96
85.39, 96
85.40, 96
85.40, 96
85.41, 96
85.41, 96
85.41, 96
85.41, 96
85.41, 96
85.41, 96
85.41, 96
85.41, 96
85.43, 96
85.43, 96
85.43, 96
85.43, 96
85.43, 96
85.44, 96
85.44, 96
85.53, 96
85.61, 96
85.61, 96
85.61, 96
85.62, 96
85.62, 96
85.63, 96
85.63, 96
85.75, 96
85.75, 96
85.75, 96
85.75, 96
85.75, 96
85.75, 96
85.75, 96
85.75, 96
85.76, 96
85.91, 96
85.91, 96
85.91, 96
85.91, 96
85.92, 96
86.07, 96
86.07, 96
86.07, 96
86.07, 96
86.08, 96
86.09, 96
86.09, 96
86.10, 96
86.10, 96
86.10, 96
86.17, 96
86.17, 96
86.17, 96
86.17, 96
86.18, 96
86.18, 96
86.18, 96
86.18, 96
86.19, 96
86.19, 96
86.19, 96
86.21, 96
86.24, 96
86.24, 96
86.24, 96
86.24, 96
86.24, 96
86.25, 96
86.25, 96
86.28, 96
86.28, 96
86.28, 96
86.28, 96
86.28, 96
86.28, 96
86.42, 96
86.42, 96
86.42, 96
86.45, 96
86.47, 96
86.48, 96
86.48, 96
86.48, 96
86.48, 96
86.48, 96
86.55, 96
86.55, 96
86.55, 96
86.55, 96
87.16, 96
87.16, 96
87.17, 96
87.17, 96
87.18, 96
87.19, 96
87.28, 96
87.28, 96
87.28, 96
87.41, 96
87.64, 96
88.27, 96
88.27, 96
88.92, 96
89.05, 96
89.05, 96
89.05, 96
89.19, 96
89.32, 96
89.32, 96
89.32, 96
89.35, 96
89.35, 96
89.35, 96
89.35, 96
89.35, 96
89.78, 96
89.78, 96
89.78, 96
89.88, 96
89.88, 96
89.88, 96
89.90, 96
89.91, 96
89.91, 96
89.91, 96
89.91, 96
90.47, 96
90.47, 96
90.48, 96
90.49, 96
90.49, 96
90.49, 96
90.49, 96
90.49, 96
90.49, 96
90.49, 96
90.52, 96
90.56, 96
90.56, 96
90.56, 96
90.56, 96
90.56, 96
90.56, 96
90.56, 96
90.56, 96
90.57, 96
90.57, 96
90.57, 96
90.57, 96
90.57, 96
90.58, 96
90.58, 96
90.59, 96
90.59, 96
90.61, 96
90.62, 96
90.62, 96
90.62, 96
90.62, 96
90.81, 96
90.81, 96
90.81, 96
90.83, 96
90.85, 96
90.85, 96
90.85, 96
90.85, 96
90.85, 96
91.14, 96
91.29, 96
91.29, 96
91.30, 96
91.30, 96
91.30, 96
91.30, 96
91.30, 96
91.30, 96
91.31, 96
91.31, 96
91.36, 96
91.36, 96
91.36, 96
91.36, 96
91.37, 96
91.40, 96
91.73, 96
91.73, 96
91.73, 96
91.73, 96
91.74, 96
91.74, 96
91.74, 96
91.74, 96
91.81, 96
92.01, 96
92.02, 96
92.09, 96
92.09, 96
92.10, 96
92.13, 96
92.13, 96
92.13, 96
92.14, 96
92.14, 96
92.16, 96
92.19, 96
92.19, 96
92.19, 96
92.19, 96
92.20, 96
92.41, 96
92.41, 96
92.41, 96
92.41, 96
92.84, 96
92.84, 96
92.84, 96
93.22, 96
93.22, 96
93.22, 96
93.22, 96
93.22, 96
93.24, 96
93.25, 96
93.26, 96
93.26, 96
93.26, 96
93.26, 96
93.28, 96
93.29, 96
93.29, 96
93.29, 96
93.44, 96
93.47, 96
93.47, 96
93.48, 96
93.48, 96
93.48, 96
93.48, 96
93.65, 96
93.67, 96
93.69, 96
93.69, 96
93.69, 96
93.69, 96
93.69, 96
93.70, 96
94.07, 96
94.07, 96
94.10, 96
94.10, 96
94.10, 96
94.10, 96
94.10, 96
94.10, 96
94.41, 96
94.41, 96
94.42, 96
94.44, 96
94.44, 96
94.44, 96
94.48, 96
94.48, 96
94.48, 96
94.48, 96
94.48, 96
94.48, 96
94.48, 96
94.48, 96
94.54, 96
94.55, 96
94.55, 96
94.55, 96
94.55, 96
94.55, 96
94.56, 96
94.58, 96
94.58, 96
94.58, 96
94.64, 96
94.64, 96
94.64, 96
94.64, 96
94.64, 96
94.65, 96
94.65, 96
94.65, 96
94.65, 96
94.65, 96
94.65, 96
94.74, 96
94.74, 96
94.74, 96
94.77, 96
94.77, 96
94.77, 96
94.77, 96
94.80, 96
94.80, 96
94.80, 96
94.80, 96
94.81, 96
94.81, 96
94.81, 96
94.81, 96
94.81, 96
94.81, 96
94.81, 96
94.88, 96
94.88, 96
94.91, 96
94.91, 96
94.99, 96
94.99, 96
95.15, 96
95.15, 96
95.15, 96
95.15, 96
95.20, 96
95.20, 96
95.26, 96
95.26, 96
95.26, 96
95.27, 96
95.28, 96
95.28, 96
95.28, 96
95.28, 96
95.28, 96
95.30, 96
95.32, 96
95.32, 96
95.32, 96
95.42, 96
95.43, 96
95.43, 96
95.43, 96
95.44, 96
95.44, 96
95.44, 96
95.44, 96
95.44, 96
95.46, 96
95.46, 96
95.46, 96
95.51, 96
95.51, 96
95.51, 96
95.51, 96
95.51, 96
95.51, 96
95.58, 96
95.58, 96
95.58, 96
95.58, 96
95.58, 96
95.59, 96
95.64, 96
95.82, 96
95.82, 96
95.83, 96
95.97, 96
95.97, 96
95.97, 96
96.00, 96
96.19, 96
96.19, 96
96.19, 96
96.19, 96
96.19, 96
96.21, 96
96.52, 96
96.52, 96
96.52, 96
96.52, 96
96.52, 96
96.52, 96
96.59, 96
96.59, 96
96.59, 96
96.59, 96
96.59, 96
96.59, 96
96.59, 96
96.69, 96
96.69, 96
96.70, 96
96.74, 96
96.74, 96
96.74, 96
96.75, 96
97.05, 96
97.06, 96
97.34, 96
97.34, 96
97.35, 96
97.35, 96
97.35, 96
97.36, 96
97.48, 96
97.49, 96
97.49, 96
97.55, 96
97.55, 96
97.55, 96
97.55, 96
97.55, 96
97.56, 96
97.56, 96
97.56, 96
97.56, 96
97.56, 96
97.56, 96
97.56, 96
97.56, 96
97.58, 96
97.58, 96
97.58, 96
97.58, 96
97.59, 96
97.59, 96
97.71, 96
97.72, 96
97.72, 96
97.72, 96
97.72, 96
97.72, 96
97.73, 96
97.73, 96
97.73, 96
97.73, 96
97.75, 96
97.75, 96
97.76, 96
97.76, 96
97.76, 96
97.76, 96
97.76, 96
97.80, 96
97.80, 96
97.85, 96
97.85, 96
97.85, 96
98.09, 96
98.22, 96
98.22, 96
98.22, 96
98.22, 96
98.23, 96
98.30, 96
98.45, 96
98.68, 96
98.68, 96
98.68, 96
98.69, 96
98.69, 96
98.69, 96
98.69, 96
98.70, 96
98.84, 96
98.84, 96
98.84, 96
98.85, 96
98.85, 96
98.85, 96
98.86, 96
98.86, 96
98.86, 96
98.93, 96
98.93, 96
99.01, 96
99.01, 96
99.02, 96
99.02, 96
99.02, 96
99.10, 96
99.10, 96
99.10, 96
99.11, 96
99.24, 96
99.27, 96
99.28, 96
99.29, 96
99.64, 96
99.64, 96
99.66, 96
99.66, 96
99.66, 96
99.66, 96
99.73, 96
99.74, 96
99.74, 96
99.74, 96
99.86, 96
99.86, 96
99.86, 96
99.86, 96
99.86, 96
99.86, 96
99.86, 96
99.87, 96
99.88, 96
99.90, 96
99.90, 96
99.90, 96
99.90, 96
99.90, 96
99.91, 96
99.91, 96
99.91, 96
99.91, 96
99.91, 96
99.91, 96
99.91, 96
99.91, 96
99.92, 96
100.00, 96
100.00, 96
100.00, 96
100.00, 96
100.00, 96
100.01, 96
100.01, 96
100.01, 96
100.01, 96
100.01, 96
100.01, 96
100.01, 96
100.02, 96
100.02, 96
100.03, 96
100.03, 96
100.03, 96
100.03, 96
100.03, 96
100.28, 96
100.28, 96
100.28, 96
100.29, 96
100.29, 96
100.29, 96
100.29, 96
100.29, 96
100.29, 96
100.29, 96
100.30, 96
100.30, 96
100.30, 96
100.30, 96
100.30, 96
100.30, 96
100.30, 96
100.31, 96
100.31, 96
100.47, 96
100.51, 96
100.62, 96
100.62, 96
100.62, 96
100.64, 96
101.00, 96
101.00, 96
101.00, 96
101.04, 96
101.04, 96
101.07, 96
101.15, 96
101.15, 96
101.15, 96
101.15, 96
101.15, 96
101.25, 96
101.31, 96
101.32, 96
101.46, 96
101.46, 96
101.46, 96
101.59, 96
101.63, 96
101.66, 96
101.66, 96
101.66, 96
101.66, 96
101.67, 96
101.67, 96
101.67, 96
101.68, 96
101.68, 96
101.68, 96
101.70, 96
101.70, 96
101.71, 96
101.71, 96
101.71, 96
101.71, 96
101.94, 96
101.95, 96
101.95, 96
101.95, 96
101.96, 96
101.96, 96
101.96, 96
101.96, 96
101.96, 96
101.99, 96
101.99, 96
101.99, 96
101.99, 96
102.00, 96
102.01, 96
102.01, 96
102.01, 96
102.01, 96
102.01, 96
102.01, 96
102.02, 96
102.06, 96
102.09, 96
102.09, 96
102.09, 96
102.09, 96
102.10, 96
102.10, 96
102.10, 96
102.12, 96
102.13, 96
102.13, 96
102.13, 96
102.13, 96
102.13, 96
102.13, 96
102.13, 96
102.14, 96
102.14, 96
102.14, 96
102.15, 96
102.16, 96
102.16, 96
102.16, 96
102.16, 96
102.16, 96
102.16, 96
102.17, 96
102.18, 96
102.18, 96
102.18, 96
102.19, 96
102.20, 96
102.20, 96
102.20, 96
102.20, 96
102.21, 96
102.21, 96
102.31, 96
102.31, 96
102.31, 96
102.32, 96
102.32, 96
102.36, 96
102.37, 96
102.38, 96
102.38, 96
102.38, 96
102.38, 96
102.38, 96
102.38, 96
102.38, 96
102.52, 96
102.52, 96
102.86, 96
102.86, 96
102.87, 96
102.87, 96
102.87, 96
102.87, 96
102.87, 96
102.87, 96
102.87, 96
102.89, 96
102.89, 96
102.89, 96
102.89, 96
102.90, 96
102.91, 96
102.91, 96
102.91, 96
102.91, 96
102.92, 96
102.92, 96
102.92, 96
103.01, 96
103.01, 96
103.02, 96
103.02, 96
103.02, 96
103.02, 96
103.02, 96
103.02, 96
103.02, 96
103.02, 96
103.02, 96
103.28, 96
103.28, 96
103.28, 96
103.29, 96
103.29, 96
103.35, 96
103.35, 96
103.35, 96
103.46, 96
103.57, 96
103.57, 96
103.57, 96
103.57, 96
103.58, 96
103.58, 96
103.65, 96
103.67, 96
103.68, 96
103.68, 96
103.68, 96
103.68, 96
103.68, 96
103.69, 96
103.69, 96
103.69, 96
103.69, 96
104.04, 96
104.04, 96
104.05, 96
104.07, 96
104.19, 96
104.19, 96
104.19, 96
104.20, 96
104.20, 96
104.20, 96
104.20, 96
104.21, 96
104.21, 96
104.21, 96
104.23, 96
104.24, 96
104.24, 96
104.24, 96
104.24, 96
104.25, 96
104.25, 96
104.25, 96
104.25, 96
104.28, 96
104.71, 96
104.71, 96
104.76, 96
104.76, 96
104.76, 96
104.76, 96
104.76, 96
104.85, 96
104.90, 96
104.90, 96
105.11, 96
105.11, 96
105.12, 96
105.33, 96
105.33, 96
105.33, 96
105.33, 96
105.41, 96
105.41, 96
105.41, 96
105.59, 96
105.59, 96
105.60, 96
105.60, 96
105.60, 96
105.60, 96
105.60, 96
105.61, 96
105.61, 96
105.75, 96
105.76, 96
105.78, 96
105.79, 96
105.79, 96
105.83, 96
105.83, 96
105.83, 96
105.83, 96
105.84, 96
105.84, 96
105.85, 96
105.85, 96
105.86, 96
105.86, 96
105.87, 96
105.87, 96
105.87, 96
105.87, 96
106.00, 96
106.00, 96
106.00, 96
106.09, 96
106.13, 96
106.13, 96
106.21, 96
106.21, 96
106.21, 96
106.36, 96
106.36, 96
106.36, 96
106.47, 96
106.47, 96
106.47, 96
106.60, 96
106.60, 96
106.70, 96
106.70, 96
106.81, 96
106.89, 96
106.89, 96
107.25, 96
107.25, 96
107.42, 96
107.42, 96
107.42, 96
107.42, 96
107.42, 96
107.43, 96
107.43, 96
107.49, 96
107.50, 96
107.50, 96
107.50, 96
107.50, 96
107.55, 96
107.74, 96
107.74, 96
107.75, 96
107.75, 96
107.75, 96
107.81, 96
107.81, 96
107.81, 96
107.81, 96
107.86, 96
107.86, 96
107.86, 96
107.91, 96
108.24, 96
108.29, 96
108.31, 96
108.31, 96
108.31, 96
108.31, 96
108.31, 96
108.31, 96
108.31, 96
108.36, 96
108.36, 96
108.36, 96
108.36, 96
108.40, 96
108.40, 96
108.41, 96
108.41, 96
108.41, 96
108.41, 96
108.41, 96
108.49, 96
108.49, 96
108.51, 96
108.53, 96
108.53, 96
108.69, 96
108.70, 96
108.71, 96
108.71, 96
108.71, 96
108.71, 96
108.84, 96
108.94, 96
108.94, 96
108.94, 96
108.95, 96
108.95, 96
109.04, 96
109.04, 96
109.04, 96
109.04, 96
109.04, 96
109.05, 96
109.05, 96
109.06, 96
109.06, 96
109.06, 96
109.06, 96
109.17, 96
109.25, 96
109.39, 96
109.40, 96
109.56, 96
109.60, 96
109.61, 96
109.61, 96
109.61, 96
109.61, 96
109.61, 96
109.61, 96
109.61, 96
109.61, 96
109.69, 96
109.69, 96
109.69, 96
109.69, 96
109.69, 96
109.69, 96
109.69, 96
109.69, 96
109.70, 96
109.72, 96
109.72, 96
109.72, 96
109.72, 96
109.72, 96
109.73, 96
109.73, 96
109.73, 96
109.73, 96
109.73, 96
109.73, 96
109.74, 96
109.74, 96
109.74, 96
109.75, 96
109.75, 96
109.80, 96
109.83, 96
109.83, 96
109.84, 96
109.86, 96
109.90, 96
109.91, 96
109.93, 96
109.93, 96
109.93, 96
110.02, 96
110.02, 96
110.02, 96
110.02, 96
110.04, 96
110.05, 96
110.05, 96
110.13, 96
110.13, 96
110.13, 96
110.13, 96
110.16, 96
110.16, 96
110.16, 96
110.22, 96
110.43, 96
110.43, 96
110.43, 96
110.44, 96
110.44, 96
110.46, 96
110.46, 96
110.47, 96
110.52, 96
110.52, 96
110.53, 96
110.56, 96
110.56, 96
110.56, 96
110.56, 96
110.92, 96
110.92, 96
110.92, 96
110.92, 96
110.92, 96
110.93, 96
110.93, 96
111.28, 96
111.28, 96
111.36, 96
111.36, 96
111.37, 96
111.37, 96
111.57, 96
111.57, 96
111.57, 96
111.58, 96
111.64, 96
111.65, 96
111.70, 96
111.70, 96
111.70, 96
111.71, 96
111.71, 96
111.71, 96
111.71, 96
111.71, 96
111.72, 96
111.72, 96
111.72, 96
111.72, 96
111.86, 96
111.87, 96
111.87, 96
111.87, 96
111.87, 96
111.87, 96
111.87, 96
111.87, 96
111.87, 96
111.87, 96
111.91, 96
111.91, 96
111.91, 96
111.95, 96
111.95, 96
111.99, 96
111.99, 96
112.00, 96
112.00, 96
112.00, 96
112.00, 96
112.01, 96
112.31, 96
112.31, 96
112.50, 96
112.51, 96
112.55, 96
112.64, 96
112.64, 96
112.64, 96
112.65, 96
112.65, 96
112.65, 96
112.65, 96
112.87, 96
112.87, 96
112.87, 96
112.95, 96
112.95, 96
112.95, 96
112.98, 96
113.02, 96
113.06, 96
113.06, 96
113.07, 96
113.07, 96
113.94, 96
113.99, 96
113.99, 96
113.99, 96
114.27, 96
114.27, 96
114.27, 96
114.32, 96
114.32, 96
114.80, 96
114.81, 96
114.97, 96
114.98, 96
114.98, 96
114.98, 96
114.98, 96
114.98, 96
114.98, 96
115.02, 96
115.04, 96
115.04, 96
115.04, 96
115.04, 96
115.06, 96
115.06, 96
115.15, 96
115.16, 96
115.16, 96
115.33, 96
115.33, 96
115.35, 96
115.35, 96
115.36, 96
115.36, 96
115.36, 96
115.36, 96
115.38, 96
115.38, 96
115.41, 96
115.50, 96
115.50, 96
115.50, 96
115.50, 96
115.53, 96
115.53, 96
115.53, 96
115.53, 96
115.54, 96
115.54, 96
115.54, 96
115.54, 96
115.54, 96
115.54, 96
115.55, 96
115.55, 96
115.55, 96
115.55, 96
115.55, 96
115.56, 96
115.65, 96
115.65, 96
115.65, 96
115.65, 96
115.65, 96
115.65, 96
115.65, 96
115.66, 96
115.66, 96
115.66, 96
115.66, 96
115.66, 96
115.79, 96
115.79, 96
115.79, 96
115.80, 96
115.80, 96
115.80, 96
115.80, 96
115.80, 96
115.80, 96
115.80, 96
115.81, 96
115.81, 96
115.81, 96
115.81, 96
115.81, 96
115.81, 96
115.81, 96
115.81, 96
115.82, 96
115.86, 96
115.86, 96
115.86, 96
115.86, 96
115.88, 96
115.88, 96
116.20, 96
116.20, 96
116.20, 96
116.47, 96
116.47, 96
116.47, 96
116.47, 96
116.48, 96
116.48, 96
116.48, 96
116.48, 96
116.48, 96
116.48, 96
116.49, 96
116.49, 96
116.49, 96
116.54, 96
116.54, 96
116.54, 96
116.55, 96
116.55, 96
116.55, 96
116.55, 96
116.55, 96
116.55, 96
117.75, 96
117.75, 96
117.78, 96
117.78, 96
117.78, 96
117.90, 96
117.90, 96
117.90, 96
117.90, 96
118.14, 96
118.15, 96
118.16, 96
118.16, 96
118.16, 96
118.21, 96
118.21, 96
118.43, 96
118.44, 96
118.44, 96
118.44, 96
118.44, 96
118.44, 96
118.45, 96
118.45, 96
118.45, 96
119.00, 96
119.00, 96
119.00, 96
119.00, 96
119.00, 96
119.00, 96
119.00, 96
119.01, 96
119.01, 96
119.01, 96
119.01, 96
119.01, 96
119.01, 96
119.02, 96
119.03, 96
119.06, 96
119.06, 96
119.08, 96
119.08, 96
119.30, 96
119.30, 96
119.31, 96
119.31, 96
119.31, 96
119.31, 96
119.31, 96
119.37, 96
119.37, 96
119.37, 96
119.37, 96
119.37, 96
119.38, 96
119.40, 96
119.40, 96
119.59, 96
119.59, 96
119.59, 96
119.67, 96
119.67, 96
119.79, 96
119.87, 96
119.90, 96
119.91, 96
119.91, 96
119.91, 96
119.91, 96
119.92, 96
119.92, 96
119.92, 96
