0.01, 102
0.01, 100
0.01, 99
0.02, 99
0.02, 99
0.02, 99
0.02, 99
0.02, 98
0.02, 98
0.02, 98
0.02, 98
0.02, 98
0.02, 98
0.02, 98
0.04, 98
0.04, 98
0.04, 98
0.04, 98
0.04, 98
0.04, 97
0.05, 97
0.05, 97
0.06, 97
0.06, 97
0.06, 97
0.06, 97
0.06, 97
0.07, 97
0.07, 97
0.07, 97
0.07, 97
0.07, 97
0.07, 97
0.08, 97
0.08, 97
0.08, 97
0.09, 97
0.09, 97
0.09, 97
0.09, 97
0.09, 97
0.09, 97
0.10, 97
0.11, 97
0.11, 97
0.11, 97
0.11, 97
0.11, 97
0.11, 97
0.11, 97
0.16, 97
0.17, 97
0.19, 97
0.19, 97
0.19, 97
0.19, 97
0.19, 97
0.20, 97
0.20, 97
0.21, 97
0.23, 97
0.23, 97
0.24, 97
0.24, 97
0.24, 97
0.24, 97
0.24, 97
0.24, 97
0.24, 97
0.24, 97
0.25, 97
0.25, 97
0.27, 97
0.28, 97
0.29, 97
0.29, 97
0.31, 97
0.31, 97
0.31, 97
0.31, 97
0.31, 97
0.31, 97
0.31, 97
0.31, 97
0.32, 97
0.33, 97
0.35, 97
0.35, 97
0.35, 97
0.35, 97
0.35, 97
0.36, 97
0.36, 97
0.36, 97
0.36, 97
0.37, 97
0.37, 97
0.37, 97
0.37, 97
0.37, 96
0.37, 96
0.38, 96
0.38, 96
0.39, 96
0.39, 96
0.42, 96
0.42, 96
0.42, 96
0.45, 96
0.45, 96
0.45, 96
0.47, 96
0.48, 96
0.48, 96
0.48, 96
0.52, 96
0.52, 96
0.53, 96
0.53, 96
0.76, 96
0.77, 96
0.77, 96
0.77, 96
0.77, 96
0.80, 96
0.80, 96
0.80, 96
0.82, 96
0.82, 96
0.86, 96
0.86, 96
0.86, 96
0.86, 96
0.86, 96
0.86, 96
0.86, 96
1.07, 96
1.10, 96
1.10, 96
1.10, 96
1.18, 96
1.18, 96
1.69, 96
1.69, 96
1.69, 96
1.69, 96
1.71, 96
1.72, 96
1.72, 96
1.72, 96
1.72, 96
1.72, 96
1.74, 96
1.75, 96
1.75, 96
1.75, 96
1.76, 96
1.83, 96
1.83, 96
1.83, 96
1.83, 96
1.83, 96
1.83, 96
1.87, 96
1.87, 96
1.87, 96
1.90, 96
1.90, 96
1.92, 96
1.93, 96
1.94, 96
1.94, 96
1.95, 96
1.96, 96
1.96, 96
1.96, 96
1.96, 96
1.96, 96
1.97, 96
1.97, 96
1.97, 96
1.98, 96
1.98, 96
2.36, 96
2.37, 96
2.37, 96
2.37, 96
2.37, 96
2.38, 96
2.38, 96
2.38, 96
2.81, 96
2.82, 96
2.82, 96
2.94, 96
2.94, 96
2.94, 96
2.94, 96
2.94, 96
2.95, 96
2.95, 96
3.12, 96
3.16, 96
3.16, 96
3.16, 96
3.17, 96
3.17, 96
3.17, 96
3.17, 96
3.17, 96
3.18, 96
3.18, 96
3.18, 96
3.18, 96
3.18, 96
3.18, 96
3.18, 96
3.18, 96
3.21, 96
3.21, 96
3.23, 96
3.23, 96
3.23, 96
3.23, 96
3.23, 96
3.23, 96
3.24, 96
3.24, 96
3.24, 96
3.24, 96
3.24, 96
3.24, 96
3.24, 96
3.24, 96
3.25, 96
3.25, 96
3.25, 96
3.27, 96
3.28, 96
3.28, 96
3.28, 96
3.28, 96
3.28, 96
3.30, 96
3.30, 96
3.30, 96
3.30, 96
3.30, 96
3.30, 96
3.30, 96
3.30, 96
3.32, 96
3.32, 96
3.32, 96
3.32, 96
3.32, 96
3.35, 96
3.35, 96
3.35, 96
3.35, 96
3.49, 96
3.50, 96
3.50, 96
3.52, 96
3.53, 96
3.54, 96
3.54, 96
3.54, 96
3.54, 96
3.54, 96
3.54, 96
3.54, 96
3.65, 96
3.65, 96
3.65, 96
3.65, 96
3.71, 96
3.72, 96
3.76, 96
3.76, 96
3.76, 96
3.76, 96
3.76, 96
3.76, 96
3.77, 96
3.77, 96
3.77, 96
3.78, 96
3.88, 96
3.88, 96
3.88, 96
3.88, 96
3.88, 96
3.88, 96
3.89, 96
3.96, 96
3.96, 96
3.97, 96
3.97, 96
3.97, 96
3.98, 96
3.98, 96
3.99, 96
3.99, 96
3.99, 96
3.99, 96
4.00, 96
4.00, 96
4.00, 96
4.00, 96
4.00, 96
4.05, 96
4.05, 96
4.05, 96
4.05, 96
4.05, 96
4.12, 96
4.13, 96
4.13, 96
4.13, 96
4.13, 96
4.13, 96
4.13, 96
4.13, 96
4.13, 96
4.30, 96
4.62, 96
4.71, 96
4.71, 96
4.71, 96
4.71, 96
4.72, 96
4.73, 96
4.73, 96
4.73, 96
4.73, 96
4.73, 96
4.73, 96
4.73, 96
4.74, 96
4.75, 96
4.83, 96
4.84, 96
4.84, 96
4.84, 96
4.84, 96
4.84, 96
4.94, 96
4.94, 96
4.95, 96
4.97, 96
4.98, 96
5.11, 96
5.11, 96
5.11, 96
5.11, 96
5.12, 96
5.14, 96
5.14, 96
5.15, 96
5.18, 96
5.19, 96
5.19, 96
5.19, 96
5.20, 96
5.20, 96
5.20, 96
5.20, 96
5.20, 96
5.20, 96
5.20, 96
5.20, 96
5.22, 96
5.22, 96
5.26, 96
5.26, 96
5.26, 96
5.26, 96
5.26, 96
5.26, 96
5.26, 96
5.30, 96
5.30, 96
5.30, 96
5.31, 96
5.31, 96
5.31, 96
5.34, 96
5.34, 96
5.34, 96
5.35, 96
5.35, 96
5.37, 96
5.37, 96
5.39, 96
5.41, 96
5.42, 96
5.42, 96
5.42, 96
5.42, 96
5.42, 96
5.46, 96
5.46, 96
5.46, 96
5.46, 96
5.46, 96
5.46, 96
5.46, 96
5.46, 96
5.46, 96
5.46, 96
5.47, 96
5.47, 96
5.47, 96
5.49, 96
5.49, 96
5.50, 96
5.50, 96
5.51, 96
5.51, 96
5.51, 96
5.95, 96
5.95, 96
5.95, 96
5.95, 96
5.96, 96
5.96, 96
5.97, 96
5.97, 96
5.98, 96
5.98, 96
6.01, 96
6.02, 96
6.06, 96
6.06, 96
6.07, 96
6.07, 96
6.08, 96
6.08, 96
6.08, 96
6.27, 96
6.27, 96
6.27, 96
6.28, 96
6.28, 96
6.28, 96
6.28, 96
6.28, 96
6.29, 96
6.29, 96
6.29, 96
6.29, 96
6.29, 96
6.30, 96
6.38, 96
6.39, 96
6.40, 96
6.40, 96
6.41, 96
6.41, 96
6.41, 96
6.41, 96
6.41, 96
6.41, 96
6.41, 96
6.42, 96
6.42, 96
6.44, 96
6.44, 96
6.44, 96
6.44, 96
6.54, 96
6.63, 96
6.63, 96
6.63, 96
6.63, 96
6.64, 96
6.77, 96
6.78, 96
6.91, 96
6.91, 96
6.91, 96
7.04, 96
7.04, 96
7.65, 96
8.02, 96
8.07, 96
8.07, 96
8.51, 96
8.65, 96
8.65, 96
8.68, 96
8.68, 96
8.88, 96
8.88, 96
9.14, 96
9.34, 96
9.43, 96
9.43, 96
9.43, 96
9.60, 96
9.62, 96
9.87, 96
9.87, 96
10.10, 96
10.19, 96
10.19, 96
10.24, 96
10.25, 96
10.25, 96
10.29, 96
10.30, 96
10.31, 96
10.31, 96
10.31, 96
10.32, 96
10.32, 96
10.32, 96
10.32, 96
10.33, 96
10.33, 96
10.34, 96
10.34, 96
10.34, 96
10.34, 96
10.34, 96
10.34, 96
10.35, 96
10.38, 96
10.38, 96
10.44, 96
10.45, 96
10.45, 96
10.45, 96
10.45, 96
10.45, 96
10.45, 96
10.45, 96
10.45, 96
10.50, 96
10.55, 96
10.55, 96
10.55, 96
10.55, 96
10.56, 96
10.56, 96
10.62, 96
10.71, 96
10.71, 96
10.71, 96
10.72, 96
10.72, 96
10.72, 96
10.72, 96
10.72, 96
10.72, 96
10.72, 96
10.72, 96
10.74, 96
10.74, 96
10.74, 96
10.76, 96
10.76, 96
10.82, 96
10.82, 96
10.86, 96
10.86, 96
10.87, 96
10.88, 96
10.88, 96
10.88, 96
10.94, 96
10.94, 96
10.94, 96
10.94, 96
10.94, 96
10.94, 96
10.94, 96
10.94, 96
10.94, 96
10.94, 96
10.95, 96
10.95, 96
10.95, 96
11.15, 96
11.15, 96
11.47, 96
11.52, 96
11.53, 96
11.54, 96
11.54, 96
11.58, 96
11.59, 96
11.60, 96
11.60, 96
11.89, 96
11.89, 96
11.89, 96
11.89, 96
12.06, 96
12.06, 96
12.06, 96
12.07, 96
12.07, 96
12.07, 96
12.07, 96
12.07, 96
12.07, 96
12.07, 96
12.07, 96
12.11, 96
12.11, 96
12.12, 96
12.12, 96
12.12, 96
12.12, 96
12.12, 96
12.12, 96
12.13, 96
12.13, 96
12.13, 96
12.13, 96
12.14, 96
12.14, 96
12.14, 96
12.88, 96
12.89, 96
12.90, 96
12.90, 96
12.90, 96
12.90, 96
12.90, 96
12.91, 96
12.91, 96
12.91, 96
12.91, 96
12.91, 96
12.91, 96
12.91, 96
13.02, 96
13.03, 96
13.14, 96
13.15, 96
13.15, 96
13.16, 96
13.19, 96
13.19, 96
13.20, 96
13.20, 96
13.20, 96
13.20, 96
13.20, 96
13.20, 96
13.20, 96
13.21, 96
13.22, 96
13.22, 96
13.22, 96
13.25, 96
13.25, 96
13.25, 96
13.25, 96
13.26, 96
13.26, 96
13.33, 96
13.34, 96
13.35, 96
13.35, 96
13.36, 96
13.36, 96
13.37, 96
13.38, 96
13.38, 96
13.38, 96
13.78, 96
13.78, 96
13.78, 96
13.78, 96
13.78, 96
13.78, 96
13.78, 96
13.78, 96
13.79, 96
13.79, 96
13.79, 96
14.11, 96
14.11, 96
14.12, 96
14.12, 96
14.24, 96
14.24, 96
14.40, 96
14.40, 96
14.40, 96
14.40, 96
14.46, 96
14.64, 96
14.64, 96
14.65, 96
14.65, 96
14.65, 96
14.65, 96
14.65, 96
14.65, 96
14.65, 96
14.67, 96
14.87, 96
14.87, 96
14.87, 96
14.87, 96
14.87, 96
14.87, 96
14.87, 96
14.91, 96
14.91, 96
14.91, 96
14.92, 96
14.92, 96
14.92, 96
14.92, 96
14.92, 96
14.92, 96
14.92, 96
14.92, 96
14.92, 96
14.92, 96
15.00, 96
15.00, 96
15.00, 96
15.04, 96
15.04, 96
15.04, 96
15.04, 96
15.04, 96
15.04, 96
15.04, 96
15.04, 96
15.04, 96
15.04, 96
15.05, 96
15.05, 96
15.27, 96
15.27, 96
15.29, 96
15.30, 96
15.30, 96
15.32, 96
15.32, 96
15.32, 96
15.33, 96
15.33, 96
15.38, 96
15.38, 96
15.38, 96
15.39, 96
15.53, 96
15.53, 96
15.53, 96
15.53, 96
15.53, 96
15.54, 96
15.54, 96
15.54, 96
15.54, 96
15.70, 96
15.73, 96
15.73, 96
15.73, 96
15.75, 96
15.75, 96
15.78, 96
16.03, 96
16.13, 96
16.13, 96
16.13, 96
16.44, 96
16.45, 96
16.57, 96
16.57, 96
16.57, 96
16.57, 96
16.57, 96
16.57, 96
16.58, 96
16.58, 96
16.58, 96
16.58, 96
16.58, 96
16.58, 96
16.80, 96
16.81, 96
16.81, 96
16.81, 96
16.81, 96
16.81, 96
16.81, 96
16.81, 96
16.81, 96
16.85, 96
16.85, 96
16.85, 96
16.85, 96
17.00, 96
17.01, 96
17.01, 96
17.01, 96
17.02, 96
17.02, 96
17.02, 96
17.02, 96
17.02, 96
17.03, 96
17.03, 96
17.03, 96
17.03, 96
17.05, 96
17.11, 96
17.11, 96
17.11, 96
17.11, 96
17.11, 96
17.13, 96
17.13, 96
17.16, 96
17.17, 96
17.17, 96
17.21, 96
17.21, 96
17.26, 96
17.28, 96
17.28, 96
17.28, 96
17.51, 96
17.51, 96
17.63, 96
17.66, 96
17.66, 96
17.67, 96
17.67, 96
17.67, 96
17.67, 96
17.67, 96
17.67, 96
17.67, 96
17.73, 96
17.74, 96
17.75, 96
17.78, 96
17.88, 96
17.88, 96
17.88, 96
17.90, 96
17.90, 96
17.90, 96
17.90, 96
17.90, 96
17.93, 96
17.96, 96
17.96, 96
17.96, 96
17.96, 96
18.01, 96
18.12, 96
18.30, 96
18.30, 96
18.30, 96
18.31, 96
18.31, 96
18.31, 96
18.48, 96
18.48, 96
18.66, 96
18.66, 96
18.66, 96
18.66, 96
18.67, 96
18.77, 96
18.81, 96
18.81, 96
18.83, 96
18.83, 96
18.83, 96
18.83, 96
18.93, 96
18.95, 96
18.96, 96
18.96, 96
18.97, 96
18.97, 96
18.97, 96
18.98, 96
18.98, 96
18.98, 96
19.04, 96
19.10, 96
19.11, 96
19.11, 96
19.11, 96
19.13, 96
19.13, 96
19.13, 96
19.13, 96
19.16, 96
19.16, 96
19.20, 96
19.47, 96
19.61, 96
19.62, 96
19.62, 96
19.62, 96
19.64, 96
19.64, 96
19.64, 96
19.64, 96
19.66, 96
19.67, 96
19.67, 96
19.67, 96
19.70, 96
19.74, 96
20.02, 96
20.02, 96
20.23, 96
20.23, 96
20.23, 96
20.24, 96
20.24, 96
20.25, 96
20.26, 96
20.27, 96
20.27, 96
20.27, 96
20.27, 96
20.27, 96
20.27, 96
20.27, 96
20.27, 96
20.39, 96
20.39, 96
20.49, 96
20.49, 96
20.55, 96
20.55, 96
20.55, 96
20.55, 96
20.56, 96
20.56, 96
20.56, 96
20.56, 96
20.57, 96
20.88, 96
20.88, 96
20.88, 96
20.89, 96
20.89, 96
20.89, 96
20.89, 96
20.89, 96
20.99, 96
21.00, 96
21.00, 96
21.00, 96
21.06, 96
21.07, 96
21.07, 96
21.07, 96
21.07, 96
21.09, 96
21.10, 96
21.10, 96
21.10, 96
21.10, 96
21.10, 96
21.10, 96
21.14, 96
21.14, 96
21.14, 96
21.29, 96
21.29, 96
21.33, 96
21.35, 96
21.35, 96
21.46, 96
21.82, 96
21.82, 96
21.82, 96
21.83, 96
21.83, 96
21.84, 96
21.84, 96
21.87, 96
21.87, 96
21.87, 96
21.87, 96
21.87, 96
21.92, 96
21.92, 96
21.92, 96
21.93, 96
22.09, 96
22.09, 96
22.10, 96
22.10, 96
22.10, 96
22.10, 96
22.10, 96
22.10, 96
22.38, 96
22.62, 96
22.62, 96
22.67, 96
22.67, 96
22.93, 96
22.93, 96
22.93, 96
22.93, 96
22.93, 96
22.93, 96
22.93, 96
22.93, 96
22.94, 96
22.94, 96
22.97, 96
22.98, 96
23.08, 96
23.11, 96
23.11, 96
23.11, 96
23.11, 96
23.12, 96
23.12, 96
23.12, 96
23.12, 96
23.13, 96
23.13, 96
23.13, 96
23.13, 96
23.13, 96
23.13, 96
23.13, 96
23.13, 96
23.14, 96
23.19, 96
23.21, 96
23.21, 96
23.28, 96
23.28, 96
23.29, 96
23.29, 96
23.29, 96
23.31, 96
23.31, 96
23.36, 96
23.36, 96
23.36, 96
23.36, 96
23.69, 96
23.69, 96
23.69, 96
23.70, 96
23.72, 96
23.78, 96
23.78, 96
23.78, 96
23.78, 96
23.79, 96
23.79, 96
23.93, 96
23.95, 96
23.95, 96
23.95, 96
23.96, 96
23.98, 96
24.07, 96
24.07, 96
24.07, 96
24.29, 96
24.29, 96
24.29, 96
24.29, 96
24.39, 96
24.39, 96
24.39, 96
24.40, 96
24.40, 96
24.40, 96
24.47, 96
24.47, 96
24.48, 96
24.48, 96
24.48, 96
24.48, 96
24.48, 96
24.48, 96
24.48, 96
24.48, 96
24.49, 96
24.50, 96
24.50, 96
24.50, 96
24.50, 96
24.50, 96
24.50, 96
24.50, 96
24.50, 96
24.51, 96
24.51, 96
24.52, 96
24.52, 96
24.52, 96
24.54, 96
24.76, 96
25.10, 96
25.10, 96
25.10, 96
25.10, 96
25.10, 96
25.10, 96
25.14, 96
25.14, 96
25.15, 96
25.15, 96
25.15, 96
25.28, 96
25.28, 96
25.29, 96
25.29, 96
25.49, 96
25.49, 96
25.49, 96
25.51, 96
25.51, 96
25.51, 96
25.64, 96
25.90, 96
25.90, 96
25.90, 96
25.91, 96
25.91, 96
25.92, 96
25.92, 96
25.92, 96
25.94, 96
25.94, 96
25.98, 96
25.98, 96
25.99, 96
25.99, 96
26.00, 96
26.00, 96
26.00, 96
26.02, 96
26.02, 96
26.03, 96
26.09, 96
26.09, 96
26.09, 96
26.09, 96
26.10, 96
26.10, 96
26.31, 96
26.32, 96
26.32, 96
26.32, 96
26.44, 96
26.53, 96
26.53, 96
26.54, 96
26.54, 96
26.54, 96
26.54, 96
26.54, 96
26.54, 96
26.54, 96
26.55, 96
26.55, 96
26.55, 96
26.77, 96
26.88, 96
26.88, 96
26.88, 96
26.88, 96
26.88, 96
26.88, 96
26.88, 96
26.88, 96
26.88, 96
26.88, 96
26.94, 96
26.94, 96
26.97, 96
26.98, 96
26.98, 96
26.98, 96
26.98, 96
26.98, 96
26.98, 96
26.98, 96
27.00, 96
27.01, 96
27.02, 96
27.02, 96
27.02, 96
27.13, 96
27.13, 96
27.13, 96
27.13, 96
27.13, 96
27.17, 96
27.17, 96
27.17, 96
27.17, 96
27.17, 96
27.17, 96
27.18, 96
27.24, 96
27.25, 96
27.25, 96
27.25, 96
27.25, 96
27.36, 96
27.36, 96
27.36, 96
27.36, 96
27.78, 96
27.78, 96
27.78, 96
27.78, 96
27.78, 96
27.84, 96
27.84, 96
27.84, 96
27.85, 96
27.92, 96
27.92, 96
27.92, 96
27.94, 96
27.94, 96
27.95, 96
27.98, 96
27.99, 96
27.99, 96
27.99, 96
28.04, 96
28.04, 96
28.04, 96
28.04, 96
28.04, 96
28.04, 96
28.05, 96
28.06, 96
28.07, 96
28.07, 96
28.07, 96
28.07, 96
28.08, 96
28.08, 96
28.08, 96
28.08, 96
28.31, 96
28.32, 96
28.33, 96
28.33, 96
28.33, 96
28.33, 96
28.33, 96
28.33, 96
28.33, 96
28.33, 96
28.35, 96
28.36, 96
28.37, 96
28.38, 96
28.38, 96
28.50, 96
28.50, 96
28.50, 96
29.05, 96
29.10, 96
29.29, 96
29.29, 96
29.29, 96
29.36, 96
29.36, 96
29.36, 96
29.38, 96
29.38, 96
29.38, 96
29.38, 96
29.68, 96
29.69, 96
29.72, 96
29.72, 96
29.72, 96
29.79, 96
29.80, 96
29.80, 96
29.80, 96
29.80, 96
29.81, 96
29.81, 96
29.81, 96
29.81, 96
29.81, 96
29.81, 96
29.81, 96
29.82, 96
29.82, 96
29.82, 96
29.82, 96
29.82, 96
29.90, 96
29.90, 96
29.91, 96
29.91, 96
29.92, 96
29.92, 96
29.92, 96
29.92, 96
29.93, 96
29.93, 96
29.93, 96
29.93, 96
29.96, 96
29.96, 96
30.01, 96
30.01, 96
30.01, 96
30.01, 96
30.01, 96
30.11, 96
30.11, 96
30.11, 96
30.12, 96
30.13, 96
30.13, 96
30.14, 96
30.20, 96
30.20, 96
30.20, 96
30.20, 96
30.20, 96
30.20, 96
30.26, 96
30.26, 96
30.26, 96
30.26, 96
30.26, 96
30.27, 96
30.29, 96
30.29, 96
30.29, 96
30.29, 96
30.29, 96
30.30, 96
30.30, 96
30.32, 96
30.34, 96
30.38, 96
30.40, 96
30.40, 96
30.40, 96
30.40, 96
30.40, 96
30.40, 96
30.40, 96
30.41, 96
30.41, 96
30.41, 96
30.41, 96
30.52, 96
30.52, 96
30.52, 96
30.62, 96
30.62, 96
30.62, 96
30.62, 96
30.64, 96
30.70, 96
30.72, 96
30.72, 96
30.72, 96
31.03, 96
31.05, 96
31.05, 96
31.37, 96
31.37, 96
31.38, 96
31.38, 96
31.38, 96
31.38, 96
31.50, 96
31.51, 96
31.51, 96
31.52, 96
31.52, 96
31.52, 96
31.55, 96
31.56, 96
31.56, 96
31.56, 96
31.57, 96
31.57, 96
31.58, 96
31.59, 96
31.59, 96
31.59, 96
31.92, 96
31.92, 96
31.92, 96
31.92, 96
31.92, 96
32.14, 96
32.14, 96
32.14, 96
32.52, 96
32.52, 96
32.52, 96
32.52, 96
32.52, 96
32.58, 96
32.58, 96
32.62, 96
32.62, 96
32.62, 96
32.62, 96
32.62, 96
32.62, 96
32.63, 96
32.63, 96
32.63, 96
32.63, 96
32.70, 96
32.70, 96
32.75, 96
32.76, 96
32.76, 96
32.76, 96
32.76, 96
32.76, 96
32.82, 96
32.82, 96
32.82, 96
32.82, 96
32.82, 96
32.83, 96
32.83, 96
32.83, 96
32.90, 96
32.91, 96
32.91, 96
32.91, 96
32.91, 96
33.01, 96
33.02, 96
33.02, 96
33.02, 96
33.02, 96
33.02, 96
33.02, 96
33.02, 96
33.02, 96
33.05, 96
33.05, 96
33.05, 96
33.06, 96
33.06, 96
33.07, 96
33.07, 96
33.07, 96
33.07, 96
33.07, 96
33.07, 96
33.07, 96
33.08, 96
33.08, 96
33.10, 96
33.10, 96
33.10, 96
33.11, 96
33.12, 96
33.13, 96
33.32, 96
33.32, 96
33.33, 96
33.33, 96
33.33, 96
33.33, 96
33.45, 96
33.45, 96
33.45, 96
33.47, 96
33.53, 96
33.53, 96
33.53, 96
33.53, 96
33.53, 96
33.55, 96
33.55, 96
33.58, 96
33.58, 96
33.58, 96
33.59, 96
33.59, 96
33.59, 96
33.59, 96
33.59, 96
33.59, 96
33.60, 96
33.60, 96
33.60, 96
33.73, 96
33.74, 96
33.74, 96
33.74, 96
33.74, 96
33.74, 96
33.74, 96
33.75, 96
33.75, 96
33.75, 96
33.75, 96
33.75, 96
33.75, 96
33.75, 96
33.76, 96
33.76, 96
33.94, 96
33.94, 96
33.94, 96
33.98, 96
33.98, 96
33.98, 96
34.01, 96
34.01, 96
34.17, 96
34.18, 96
34.18, 96
34.18, 96
34.18, 96
34.20, 96
34.20, 96
34.20, 96
34.20, 96
34.20, 96
34.20, 96
34.21, 96
34.21, 96
34.21, 96
34.21, 96
34.29, 96
34.29, 96
34.29, 96
34.34, 96
34.34, 96
34.34, 96
34.34, 96
34.34, 96
34.34, 96
34.35, 96
34.35, 96
34.35, 96
34.35, 96
34.35, 96
34.41, 96
34.41, 96
34.42, 96
34.68, 96
34.68, 96
34.68, 96
34.69, 96
34.74, 96
34.74, 96
34.76, 96
34.76, 96
34.80, 96
34.91, 96
34.91, 96
34.91, 96
34.92, 96
34.98, 96
34.98, 96
34.98, 96
34.99, 96
34.99, 96
35.00, 96
35.02, 96
35.02, 96
35.02, 96
35.02, 96
35.02, 96
35.22, 96
35.22, 96
35.22, 96
35.22, 96
35.22, 96
35.23, 96
35.92, 96
35.92, 96
36.05, 96
36.05, 96
36.05, 96
36.05, 96
36.05, 96
36.05, 96
36.06, 96
36.06, 96
36.06, 96
36.20, 96
36.20, 96
36.21, 96
36.21, 96
36.24, 96
36.25, 96
36.25, 96
36.26, 96
36.39, 96
36.39, 96
36.40, 96
36.40, 96
36.40, 96
36.40, 96
36.40, 96
36.40, 96
36.40, 96
36.41, 96
36.41, 96
36.41, 96
36.41, 96
36.41, 96
36.42, 96
36.42, 96
36.42, 96
36.42, 96
36.42, 96
36.43, 96
36.43, 96
36.43, 96
36.44, 96
36.44, 96
36.44, 96
36.52, 96
36.52, 96
36.52, 96
36.52, 96
36.53, 96
36.53, 96
36.60, 96
36.62, 96
36.62, 96
36.62, 96
36.62, 96
36.62, 96
36.62, 96
36.64, 96
36.77, 96
36.88, 96
36.88, 96
36.89, 96
36.94, 96
36.99, 96
37.01, 96
37.03, 96
37.04, 96
37.04, 96
37.04, 96
37.04, 96
37.05, 96
37.05, 96
37.05, 96
37.05, 96
37.05, 96
37.06, 96
37.06, 96
37.06, 96
37.23, 96
37.23, 96
37.23, 96
37.24, 96
37.24, 96
37.28, 96
37.29, 96
37.30, 96
37.30, 96
37.30, 96
37.35, 96
37.36, 96
37.36, 96
37.37, 96
37.37, 96
37.37, 96
37.37, 96
37.38, 96
37.38, 96
37.42, 96
37.52, 96
37.96, 96
37.97, 96
37.97, 96
37.97, 96
37.97, 96
37.97, 96
37.97, 96
37.98, 96
37.98, 96
38.04, 96
38.05, 96
38.05, 96
38.05, 96
38.16, 96
38.16, 96
38.16, 96
38.17, 96
38.17, 96
38.28, 96
38.29, 96
38.34, 96
38.34, 96
38.34, 96
38.34, 96
38.34, 96
38.35, 96
38.35, 96
38.35, 96
38.35, 96
38.35, 96
38.35, 96
38.35, 96
38.36, 96
38.36, 96
38.40, 96
38.40, 96
38.74, 96
38.74, 96
38.74, 96
38.74, 96
38.74, 96
38.74, 96
38.75, 96
38.75, 96
38.75, 96
38.77, 96
38.86, 96
38.99, 96
38.99, 96
38.99, 96
38.99, 96
39.00, 96
39.00, 96
39.00, 96
39.00, 96
39.00, 96
39.01, 96
39.01, 96
39.01, 96
39.01, 96
39.01, 96
39.01, 96
39.01, 96
39.03, 96
39.03, 96
39.03, 96
39.03, 96
39.14, 96
39.14, 96
39.38, 96
39.43, 96
39.43, 96
39.46, 96
39.47, 96
39.47, 96
39.47, 96
39.47, 96
39.79, 96
39.79, 96
39.87, 96
39.87, 96
39.88, 96
39.88, 96
39.90, 96
39.90, 96
39.91, 96
39.91, 96
39.91, 96
39.91, 96
40.05, 96
40.05, 96
40.06, 96
40.10, 96
40.73, 96
40.73, 96
40.73, 96
40.73, 96
40.76, 96
40.76, 96
40.87, 96
40.87, 96
40.87, 96
40.87, 96
40.87, 96
40.98, 96
40.98, 96
41.01, 96
41.01, 96
41.01, 96
41.01, 96
41.02, 96
41.03, 96
41.04, 96
41.04, 96
41.04, 96
41.05, 96
41.05, 96
41.05, 96
41.05, 96
41.06, 96
41.06, 96
41.33, 96
41.34, 96
41.34, 96
41.34, 96
41.34, 96
41.34, 96
41.40, 96
41.40, 96
41.47, 96
41.48, 96
41.48, 96
41.56, 96
41.56, 96
41.57, 96
41.67, 96
41.67, 96
41.85, 96
41.87, 96
41.87, 96
41.87, 96
41.96, 96
41.96, 96
41.96, 96
42.24, 96
42.26, 96
42.27, 96
42.28, 96
42.29, 96
42.29, 96
42.29, 96
42.29, 96
42.42, 96
42.42, 96
42.42, 96
42.43, 96
42.84, 96
42.89, 96
42.89, 96
42.97, 96
42.97, 96
42.99, 96
43.04, 96
43.05, 96
43.05, 96
43.05, 96
43.05, 96
43.08, 96
43.08, 96
43.08, 96
43.20, 96
43.21, 96
43.21, 96
43.31, 96
43.31, 96
43.31, 96
43.33, 96
43.33, 96
43.33, 96
43.40, 96
43.42, 96
43.42, 96
43.46, 96
43.46, 96
43.47, 96
43.47, 96
43.47, 96
43.66, 96
43.80, 96
43.84, 96
43.84, 96
43.88, 96
43.91, 96
43.91, 96
43.92, 96
43.92, 96
43.92, 96
43.92, 96
43.92, 96
43.92, 96
44.11, 96
44.11, 96
44.15, 96
44.15, 96
44.15, 96
44.15, 96
44.16, 96
44.22, 96
44.22, 96
44.22, 96
44.22, 96
44.24, 96
44.24, 96
44.24, 96
44.24, 96
44.26, 96
44.63, 96
44.72, 96
44.73, 96
44.74, 96
44.74, 96
44.74, 96
44.74, 96
44.75, 96
44.84, 96
44.85, 96
44.85, 96
44.86, 96
44.86, 96
44.86, 96
44.87, 96
44.87, 96
45.12, 96
45.12, 96
45.12, 96
45.12, 96
45.13, 96
45.31, 96
45.32, 96
45.32, 96
45.32, 96
45.47, 96
45.47, 96
45.76, 96
45.76, 96
45.76, 96
45.77, 96
45.83, 96
45.83, 96
46.00, 96
46.01, 96
46.01, 96
46.01, 96
46.01, 96
46.01, 96
46.01, 96
46.01, 96
46.02, 96
46.02, 96
46.02, 96
46.02, 96
46.02, 96
46.05, 96
46.06, 96
46.06, 96
46.06, 96
46.06, 96
46.17, 96
46.21, 96
46.21, 96
46.21, 96
46.62, 96
46.67, 96
46.67, 96
46.75, 96
46.76, 96
46.76, 96
46.77, 96
46.77, 96
46.79, 96
46.79, 96
46.80, 96
46.80, 96
46.80, 96
46.80, 96
46.80, 96
46.80, 96
46.80, 96
46.96, 96
47.10, 96
47.10, 96
47.16, 96
47.16, 96
47.16, 96
47.16, 96
47.31, 96
47.62, 96
47.64, 96
47.64, 96
47.65, 96
47.65, 96
48.03, 96
48.03, 96
48.04, 96
48.04, 96
48.08, 96
48.08, 96
48.08, 96
48.08, 96
48.10, 96
48.10, 96
48.10, 96
48.10, 96
48.11, 96
48.11, 96
48.11, 96
48.11, 96
48.11, 96
48.11, 96
48.11, 96
48.22, 96
48.22, 96
48.22, 96
48.22, 96
48.22, 96
48.22, 96
48.23, 96
48.23, 96
48.24, 96
48.36, 96
48.36, 96
48.37, 96
48.40, 96
48.40, 96
48.41, 96
48.56, 96
48.57, 96
48.57, 96
48.57, 96
48.57, 96
48.57, 96
48.59, 96
48.59, 96
48.81, 96
48.81, 96
48.81, 96
48.82, 96
48.82, 96
48.99, 96
48.99, 96
48.99, 96
49.00, 96
49.00, 96
49.00, 96
49.08, 96
49.09, 96
49.10, 96
49.10, 96
49.10, 96
49.11, 96
49.15, 96
49.15, 96
49.42, 96
49.42, 96
49.99, 96
49.99, 96
50.03, 96
50.03, 96
50.03, 96
50.04, 96
50.04, 96
50.04, 96
50.16, 96
50.16, 96
50.31, 96
50.31, 96
50.41, 96
50.41, 96
50.42, 96
50.42, 96
50.44, 96
50.44, 96
50.44, 96
50.44, 96
50.44, 96
50.44, 96
50.45, 96
50.45, 96
50.45, 96
50.45, 96
50.45, 96
50.45, 96
50.47, 96
50.47, 96
50.47, 96
50.47, 96
50.47, 96
50.56, 96
50.56, 96
50.56, 96
50.58, 96
50.65, 96
50.65, 96
50.65, 96
50.66, 96
50.66, 96
50.69, 96
50.71, 96
50.71, 96
50.71, 96
50.71, 96
50.72, 96
50.75, 96
50.80, 96
50.81, 96
50.93, 96
50.93, 96
50.93, 96
50.93, 96
50.93, 96
50.93, 96
50.93, 96
50.93, 96
50.94, 96
50.97, 96
50.99, 96
50.99, 96
51.00, 96
51.00, 96
51.01, 96
51.13, 96
51.14, 96
51.34, 96
51.34, 96
51.35, 96
51.50, 96
51.53, 96
51.55, 96
51.55, 96
51.55, 96
51.55, 96
51.56, 96
51.56, 96
51.56, 96
51.57, 96
51.57, 96
51.65, 96
51.65, 96
51.65, 96
51.66, 96
51.66, 96
51.66, 96
51.66, 96
51.66, 96
51.66, 96
51.66, 96
51.66, 96
51.66, 96
51.76, 96
51.78, 96
51.78, 96
51.78, 96
51.78, 96
51.79, 96
51.79, 96
51.79, 96
51.90, 96
51.90, 96
52.36, 96
52.36, 96
52.36, 96
52.36, 96
52.36, 96
52.38, 96
52.38, 96
52.52, 96
52.52, 96
52.52, 96
52.52, 96
52.53, 96
52.53, 96
52.53, 96
52.53, 96
52.55, 96
52.55, 96
52.55, 96
52.55, 96
52.55, 96
52.72, 96
52.77, 96
52.78, 96
52.78, 96
52.78, 96
52.78, 96
52.78, 96
52.79, 96
52.79, 96
52.79, 96
52.79, 96
52.79, 96
52.79, 96
52.90, 96
52.90, 96
52.90, 96
52.90, 96
52.90, 96
52.90, 96
52.91, 96
52.91, 96
52.91, 96
52.91, 96
52.94, 96
52.94, 96
52.94, 96
52.96, 96
53.00, 96
53.03, 96
53.03, 96
53.03, 96
53.03, 96
53.03, 96
53.03, 96
53.05, 96
53.05, 96
53.06, 96
53.06, 96
53.06, 96
53.71, 96
53.71, 96
54.12, 96
54.12, 96
54.12, 96
54.12, 96
54.28, 96
54.29, 96
54.39, 96
54.39, 96
54.42, 96
54.49, 96
54.49, 96
54.52, 96
54.52, 96
54.52, 96
54.52, 96
54.52, 96
54.85, 96
54.86, 96
54.86, 96
54.87, 96
54.87, 96
55.24, 96
55.25, 96
55.25, 96
55.55, 96
55.57, 96
55.57, 96
55.57, 96
55.69, 96
55.91, 96
55.98, 96
55.98, 96
55.98, 96
55.99, 96
55.99, 96
55.99, 96
55.99, 96
55.99, 96
55.99, 96
56.08, 96
56.08, 96
56.08, 96
56.08, 96
56.09, 96
56.09, 96
56.10, 96
56.10, 96
56.10, 96
56.10, 96
56.15, 96
56.17, 96
56.17, 96
56.17, 96
56.17, 96
56.80, 96
57.07, 96
57.07, 96
57.08, 96
57.09, 96
57.09, 96
57.11, 96
57.32, 96
57.32, 96
57.32, 96
57.32, 96
57.32, 96
57.37, 96
57.37, 96
57.37, 96
57.39, 96
57.39, 96
57.40, 96
57.40, 96
57.40, 96
57.40, 96
57.40, 96
57.42, 96
57.48, 96
57.48, 96
57.57, 96
57.58, 96
57.59, 96
57.59, 96
57.59, 96
57.59, 96
57.59, 96
57.65, 96
57.68, 96
57.69, 96
57.69, 96
57.69, 96
57.69, 96
57.91, 96
57.91, 96
58.22, 96
58.23, 96
58.27, 96
58.27, 96
58.27, 96
58.27, 96
58.27, 96
58.27, 96
58.28, 96
58.28, 96
58.28, 96
58.28, 96
58.28, 96
58.28, 96
58.28, 96
58.28, 96
58.28, 96
58.29, 96
58.29, 96
58.29, 96
58.29, 96
58.30, 96
58.30, 96
58.30, 96
58.30, 96
58.31, 96
58.33, 96
58.33, 96
58.33, 96
58.34, 96
58.34, 96
58.34, 96
58.38, 96
58.38, 96
58.38, 96
58.45, 96
58.45, 96
58.45, 96
58.45, 96
58.45, 96
58.45, 96
58.45, 96
58.46, 96
58.62, 96
58.62, 96
58.62, 96
58.77, 96
58.80, 96
58.91, 96
58.92, 96
58.92, 96
58.93, 96
58.93, 96
59.01, 96
59.02, 96
59.02, 96
59.02, 96
59.02, 96
59.02, 96
59.02, 96
59.02, 96
59.07, 96
59.07, 96
59.07, 96
59.08, 96
59.08, 96
59.09, 96
59.09, 96
59.09, 96
59.09, 96
59.09, 96
59.16, 96
59.16, 96
59.16, 96
59.17, 96
59.17, 96
59.17, 96
59.17, 96
59.17, 96
59.17, 96
59.17, 96
59.24, 96
59.24, 96
59.25, 96
59.26, 96
59.26, 96
59.27, 96
59.29, 96
59.31, 96
59.31, 96
59.31, 96
59.31, 96
59.31, 96
59.31, 96
59.31, 96
59.32, 96
59.55, 96
59.55, 96
59.58, 96
59.58, 96
59.58, 96
59.59, 96
59.59, 96
59.59, 96
59.59, 96
59.59, 96
59.59, 96
59.59, 96
59.59, 96
59.59, 96
59.63, 96
59.63, 96
59.63, 96
59.66, 96
59.66, 96
59.67, 96
59.67, 96
59.68, 96
59.70, 96
59.70, 96
59.70, 96
59.70, 96
59.70, 96
59.70, 96
59.71, 96
59.71, 96
59.71, 96
59.71, 96
59.71, 96
59.71, 96
59.74, 96
59.74, 96
59.75, 96
59.79, 96
59.89, 96
59.90, 96
59.90, 96
59.96, 96
59.97, 96
59.97, 96
59.97, 96
59.97, 96
59.98, 96
59.98, 96
