0.01, 102
0.01, 100
0.01, 99
0.02, 99
0.02, 99
0.02, 99
0.02, 99
0.02, 98
0.02, 98
0.02, 98
0.02, 98
0.02, 98
0.02, 98
0.02, 98
0.04, 98
0.04, 98
0.04, 98
0.04, 98
0.04, 98
0.04, 97
0.05, 97
0.05, 97
0.06, 97
0.06, 97
0.06, 97
0.06, 97
0.06, 97
0.07, 97
0.07, 97
0.07, 97
0.07, 97
0.07, 97
0.07, 97
0.08, 97
0.08, 97
0.08, 97
0.09, 97
0.09, 97
0.09, 97
0.09, 97
0.09, 97
0.09, 97
0.10, 97
0.10, 97
0.10, 97
0.11, 97
0.11, 97
0.11, 97
0.11, 97
0.11, 97
0.16, 97
0.16, 97
0.19, 97
0.19, 97
0.19, 97
0.19, 97
0.19, 97
0.19, 97
0.19, 97
0.20, 97
0.22, 97
0.22, 97
0.23, 97
0.23, 97
0.23, 97
0.23, 97
0.23, 97
0.24, 97
0.24, 97
0.24, 97
0.25, 97
0.25, 97
0.26, 97
0.27, 97
0.28, 97
0.28, 97
0.29, 97
0.29, 97
0.30, 97
0.30, 97
0.30, 97
0.30, 97
0.30, 97
0.30, 97
0.30, 97
0.32, 97
0.34, 97
0.34, 97
0.34, 97
0.34, 97
0.34, 97
0.34, 97
0.35, 97
0.35, 97
0.35, 97
0.35, 97
0.36, 97
0.36, 97
0.36, 97
0.36, 96
0.36, 96
0.36, 96
0.36, 96
0.38, 96
0.38, 96
0.41, 96
0.41, 96
0.41, 96
0.43, 96
0.43, 96
0.43, 96
0.46, 96
0.47, 96
0.47, 96
0.47, 96
0.51, 96
0.51, 96
0.51, 96
0.51, 96
0.76, 96
0.76, 96
0.76, 96
0.76, 96
0.76, 96
0.79, 96
0.79, 96
0.79, 96
0.81, 96
0.81, 96
0.85, 96
0.85, 96
0.85, 96
0.85, 96
0.85, 96
0.85, 96
0.86, 96
1.06, 96
1.09, 96
1.09, 96
1.09, 96
1.16, 96
1.17, 96
1.67, 96
1.67, 96
1.67, 96
1.67, 96
1.68, 96
1.69, 96
1.70, 96
1.70, 96
1.70, 96
1.70, 96
1.72, 96
1.73, 96
1.73, 96
1.74, 96
1.74, 96
1.82, 96
1.82, 96
1.82, 96
1.82, 96
1.82, 96
1.82, 96
1.86, 96
1.86, 96
1.86, 96
1.88, 96
1.88, 96
1.91, 96
1.91, 96
1.92, 96
1.92, 96
1.93, 96
1.94, 96
1.94, 96
1.94, 96
1.94, 96
1.94, 96
1.95, 96
1.95, 96
1.95, 96
1.95, 96
1.96, 96
2.33, 96
2.34, 96
2.34, 96
2.34, 96
2.34, 96
2.34, 96
2.34, 96
2.34, 96
2.78, 96
2.78, 96
2.79, 96
2.92, 96
2.92, 96
2.92, 96
2.92, 96
2.92, 96
2.92, 96
2.92, 96
3.10, 96
3.13, 96
3.13, 96
3.13, 96
3.14, 96
3.14, 96
3.14, 96
3.14, 96
3.15, 96
3.15, 96
3.15, 96
3.15, 96
3.15, 96
3.15, 96
3.16, 96
3.16, 96
3.16, 96
3.17, 96
3.18, 96
3.20, 96
3.20, 96
3.20, 96
3.20, 96
3.20, 96
3.20, 96
3.21, 96
3.21, 96
3.21, 96
3.21, 96
3.21, 96
3.21, 96
3.21, 96
3.21, 96
3.22, 96
3.22, 96
3.22, 96
3.24, 96
3.24, 96
3.25, 96
3.25, 96
3.25, 96
3.25, 96
3.27, 96
3.27, 96
3.27, 96
3.27, 96
3.27, 96
3.27, 96
3.27, 96
3.27, 96
3.29, 96
3.29, 96
3.29, 96
3.29, 96
3.30, 96
3.33, 96
3.33, 96
3.33, 96
3.33, 96
3.46, 96
3.46, 96
3.46, 96
3.49, 96
3.50, 96
3.50, 96
3.50, 96
3.50, 96
3.50, 96
3.51, 96
3.51, 96
3.51, 96
3.63, 96
3.63, 96
3.63, 96
3.63, 96
3.68, 96
3.69, 96
3.72, 96
3.72, 96
3.72, 96
3.73, 96
3.73, 96
3.73, 96
3.74, 96
3.74, 96
3.74, 96
3.75, 96
3.85, 96
3.85, 96
3.85, 96
3.85, 96
3.85, 96
3.85, 96
3.86, 96
3.93, 96
3.93, 96
3.94, 96
3.94, 96
3.94, 96
3.94, 96
3.95, 96
3.95, 96
3.95, 96
3.95, 96
3.96, 96
3.96, 96
3.96, 96
3.96, 96
3.96, 96
3.96, 96
4.01, 96
4.01, 96
4.01, 96
4.01, 96
4.02, 96
4.09, 96
4.09, 96
4.09, 96
4.09, 96
4.09, 96
4.09, 96
4.09, 96
4.09, 96
4.09, 96
4.26, 96
4.58, 96
4.67, 96
4.67, 96
4.67, 96
4.67, 96
4.67, 96
4.68, 96
4.69, 96
4.69, 96
4.69, 96
4.69, 96
4.69, 96
4.69, 96
4.70, 96
4.70, 96
4.79, 96
4.79, 96
4.79, 96
4.79, 96
4.79, 96
4.79, 96
4.89, 96
4.89, 96
4.89, 96
4.92, 96
4.92, 96
5.04, 96
5.04, 96
5.04, 96
5.04, 96
5.05, 96
5.06, 96
5.06, 96
5.07, 96
5.11, 96
5.11, 96
5.11, 96
5.12, 96
5.12, 96
5.12, 96
5.12, 96
5.13, 96
5.13, 96
5.13, 96
5.13, 96
5.13, 96
5.15, 96
5.15, 96
5.18, 96
5.19, 96
5.19, 96
5.19, 96
5.19, 96
5.19, 96
5.19, 96
5.23, 96
5.23, 96
5.23, 96
5.23, 96
5.23, 96
5.23, 96
5.27, 96
5.27, 96
5.27, 96
5.27, 96
5.27, 96
5.30, 96
5.30, 96
5.32, 96
5.34, 96
5.35, 96
5.35, 96
5.35, 96
5.35, 96
5.35, 96
5.39, 96
5.39, 96
5.39, 96
5.39, 96
5.39, 96
5.39, 96
5.39, 96
5.39, 96
5.39, 96
5.39, 96
5.40, 96
5.40, 96
5.40, 96
5.42, 96
5.42, 96
5.43, 96
5.43, 96
5.44, 96
5.44, 96
5.45, 96
5.88, 96
5.88, 96
5.88, 96
5.88, 96
5.89, 96
5.89, 96
5.89, 96
5.89, 96
5.91, 96
5.91, 96
5.93, 96
5.94, 96
5.97, 96
5.97, 96
5.99, 96
5.99, 96
5.99, 96
6.00, 96
6.00, 96
6.19, 96
6.19, 96
6.19, 96
6.19, 96
6.20, 96
6.20, 96
6.20, 96
6.20, 96
6.21, 96
6.21, 96
6.21, 96
6.21, 96
6.21, 96
6.21, 96
6.30, 96
6.31, 96
6.32, 96
6.32, 96
6.32, 96
6.32, 96
6.33, 96
6.33, 96
6.33, 96
6.33, 96
6.33, 96
6.33, 96
6.33, 96
6.36, 96
6.36, 96
6.36, 96
6.36, 96
6.46, 96
6.55, 96
6.55, 96
6.55, 96
6.55, 96
6.55, 96
6.68, 96
6.70, 96
6.82, 96
6.82, 96
6.82, 96
6.92, 96
6.92, 96
7.52, 96
7.86, 96
7.91, 96
7.92, 96
8.37, 96
8.52, 96
8.52, 96
8.55, 96
8.55, 96
8.75, 96
8.75, 96
9.01, 96
9.20, 96
9.27, 96
9.27, 96
9.27, 96
9.44, 96
9.46, 96
9.72, 96
9.72, 96
9.95, 96
10.04, 96
10.04, 96
10.10, 96
10.10, 96
10.10, 96
10.15, 96
10.15, 96
10.16, 96
10.17, 96
10.17, 96
10.17, 96
10.17, 96
10.17, 96
10.18, 96
10.18, 96
10.19, 96
10.19, 96
10.19, 96
10.19, 96
10.19, 96
10.20, 96
10.20, 96
10.20, 96
10.23, 96
10.23, 96
10.29, 96
10.30, 96
10.30, 96
10.30, 96
10.30, 96
10.30, 96
10.30, 96
10.30, 96
10.30, 96
10.35, 96
10.40, 96
10.40, 96
10.40, 96
10.40, 96
10.40, 96
10.41, 96
10.46, 96
10.56, 96
10.56, 96
10.56, 96
10.56, 96
10.56, 96
10.56, 96
10.57, 96
10.57, 96
10.57, 96
10.57, 96
10.57, 96
10.59, 96
10.59, 96
10.59, 96
10.61, 96
10.61, 96
10.66, 96
10.67, 96
10.70, 96
10.71, 96
10.71, 96
10.72, 96
10.73, 96
10.73, 96
10.78, 96
10.78, 96
10.78, 96
10.78, 96
10.79, 96
10.79, 96
10.79, 96
10.79, 96
10.79, 96
10.79, 96
10.79, 96
10.79, 96
10.79, 96
10.99, 96
10.99, 96
11.31, 96
11.36, 96
11.37, 96
11.38, 96
11.38, 96
11.42, 96
11.42, 96
11.44, 96
11.44, 96
11.72, 96
11.72, 96
11.72, 96
11.73, 96
11.89, 96
11.90, 96
11.90, 96
11.90, 96
11.90, 96
11.90, 96
11.90, 96
11.90, 96
11.90, 96
11.90, 96
11.90, 96
11.94, 96
11.95, 96
11.95, 96
11.95, 96
11.95, 96
11.95, 96
11.95, 96
11.96, 96
11.96, 96
11.96, 96
11.96, 96
11.96, 96
11.97, 96
11.97, 96
11.97, 96
12.70, 96
12.71, 96
12.71, 96
12.71, 96
12.71, 96
12.71, 96
12.71, 96
12.72, 96
12.72, 96
12.72, 96
12.72, 96
12.73, 96
12.73, 96
12.73, 96
12.83, 96
12.84, 96
12.95, 96
12.95, 96
12.96, 96
12.97, 96
13.00, 96
13.00, 96
13.01, 96
13.01, 96
13.01, 96
13.01, 96
13.01, 96
13.01, 96
13.01, 96
13.01, 96
13.03, 96
13.03, 96
13.03, 96
13.05, 96
13.05, 96
13.06, 96
13.06, 96
13.07, 96
13.07, 96
13.14, 96
13.14, 96
13.15, 96
13.16, 96
13.17, 96
13.17, 96
13.17, 96
13.19, 96
13.19, 96
13.19, 96
13.58, 96
13.58, 96
13.58, 96
13.58, 96
13.58, 96
13.58, 96
13.58, 96
13.58, 96
13.59, 96
13.59, 96
13.59, 96
13.90, 96
13.90, 96
13.90, 96
13.91, 96
14.03, 96
14.03, 96
14.19, 96
14.20, 96
14.20, 96
14.20, 96
14.26, 96
14.43, 96
14.43, 96
14.44, 96
14.44, 96
14.44, 96
14.44, 96
14.44, 96
14.44, 96
14.45, 96
14.46, 96
14.65, 96
14.65, 96
14.65, 96
14.65, 96
14.66, 96
14.66, 96
14.66, 96
14.70, 96
14.70, 96
14.70, 96
14.70, 96
14.70, 96
14.70, 96
14.70, 96
14.70, 96
14.70, 96
14.71, 96
14.71, 96
14.71, 96
14.71, 96
14.78, 96
14.79, 96
14.79, 96
14.82, 96
14.82, 96
14.82, 96
14.82, 96
14.82, 96
14.83, 96
14.83, 96
14.83, 96
14.83, 96
14.83, 96
14.83, 96
14.83, 96
15.05, 96
15.05, 96
15.07, 96
15.08, 96
15.08, 96
15.10, 96
15.10, 96
15.10, 96
15.11, 96
15.11, 96
15.16, 96
15.16, 96
15.16, 96
15.17, 96
15.31, 96
15.31, 96
15.31, 96
15.31, 96
15.31, 96
15.31, 96
15.31, 96
15.31, 96
15.32, 96
15.47, 96
15.50, 96
15.50, 96
15.51, 96
15.53, 96
15.53, 96
15.55, 96
15.80, 96
15.90, 96
15.90, 96
15.90, 96
16.21, 96
16.21, 96
16.33, 96
16.33, 96
16.33, 96
16.33, 96
16.33, 96
16.33, 96
16.34, 96
16.34, 96
16.34, 96
16.34, 96
16.34, 96
16.35, 96
16.57, 96
16.57, 96
16.57, 96
16.57, 96
16.57, 96
16.57, 96
16.57, 96
16.57, 96
16.57, 96
16.61, 96
16.61, 96
16.61, 96
16.61, 96
16.76, 96
16.77, 96
16.77, 96
16.77, 96
16.78, 96
16.78, 96
16.78, 96
16.78, 96
16.78, 96
16.78, 96
16.78, 96
16.79, 96
16.79, 96
16.81, 96
16.86, 96
16.86, 96
16.86, 96
16.86, 96
16.87, 96
16.89, 96
16.89, 96
16.91, 96
16.93, 96
16.93, 96
16.96, 96
16.96, 96
17.01, 96
17.03, 96
17.03, 96
17.03, 96
17.25, 96
17.25, 96
17.37, 96
17.40, 96
17.40, 96
17.40, 96
17.41, 96
17.41, 96
17.41, 96
17.41, 96
17.41, 96
17.41, 96
17.47, 96
17.47, 96
17.48, 96
17.52, 96
17.62, 96
17.62, 96
17.62, 96
17.63, 96
17.64, 96
17.64, 96
17.64, 96
17.64, 96
17.66, 96
17.69, 96
17.69, 96
17.69, 96
17.69, 96
17.75, 96
17.86, 96
18.03, 96
18.03, 96
18.03, 96
18.03, 96
18.03, 96
18.03, 96
18.20, 96
18.20, 96
18.37, 96
18.37, 96
18.37, 96
18.38, 96
18.38, 96
18.48, 96
18.52, 96
18.52, 96
18.54, 96
18.54, 96
18.54, 96
18.54, 96
18.64, 96
18.66, 96
18.66, 96
18.66, 96
18.68, 96
18.68, 96
18.68, 96
18.68, 96
18.68, 96
18.68, 96
18.74, 96
18.80, 96
18.81, 96
18.81, 96
18.81, 96
18.82, 96
18.82, 96
18.83, 96
18.83, 96
18.85, 96
18.85, 96
18.90, 96
19.17, 96
19.30, 96
19.31, 96
19.31, 96
19.31, 96
19.34, 96
19.34, 96
19.34, 96
19.34, 96
19.36, 96
19.36, 96
19.37, 96
19.37, 96
19.40, 96
19.44, 96
19.72, 96
19.72, 96
19.94, 96
19.94, 96
19.94, 96
19.94, 96
19.94, 96
19.95, 96
19.97, 96
19.97, 96
19.97, 96
19.97, 96
19.97, 96
19.97, 96
19.97, 96
19.97, 96
19.98, 96
20.10, 96
20.10, 96
20.20, 96
20.20, 96
20.25, 96
20.25, 96
20.25, 96
20.25, 96
20.26, 96
20.26, 96
20.26, 96
20.26, 96
20.27, 96
20.58, 96
20.59, 96
20.59, 96
20.59, 96
20.59, 96
20.59, 96
20.60, 96
20.60, 96
20.69, 96
20.69, 96
20.70, 96
20.70, 96
20.76, 96
20.76, 96
20.76, 96
20.76, 96
20.76, 96
20.79, 96
20.79, 96
20.79, 96
20.79, 96
20.79, 96
20.79, 96
20.80, 96
20.83, 96
20.83, 96
20.84, 96
20.98, 96
20.98, 96
21.03, 96
21.04, 96
21.04, 96
21.14, 96
21.49, 96
21.49, 96
21.49, 96
21.50, 96
21.50, 96
21.51, 96
21.51, 96
21.54, 96
21.54, 96
21.54, 96
21.54, 96
21.54, 96
21.59, 96
21.59, 96
21.59, 96
21.60, 96
21.76, 96
21.76, 96
21.76, 96
21.76, 96
21.76, 96
21.76, 96
21.76, 96
21.76, 96
22.05, 96
22.28, 96
22.28, 96
22.33, 96
22.33, 96
22.58, 96
22.59, 96
22.59, 96
22.59, 96
22.59, 96
22.59, 96
22.59, 96
22.59, 96
22.59, 96
22.60, 96
22.63, 96
22.64, 96
22.73, 96
22.76, 96
22.76, 96
22.77, 96
22.77, 96
22.78, 96
22.78, 96
22.78, 96
22.78, 96
22.78, 96
22.78, 96
22.78, 96
22.78, 96
22.78, 96
22.78, 96
22.79, 96
22.79, 96
22.79, 96
22.84, 96
22.86, 96
22.86, 96
22.93, 96
22.93, 96
22.93, 96
22.94, 96
22.94, 96
22.95, 96
22.95, 96
23.01, 96
23.01, 96
23.01, 96
23.01, 96
23.33, 96
23.33, 96
23.33, 96
23.33, 96
23.35, 96
23.41, 96
23.41, 96
23.41, 96
23.41, 96
23.41, 96
23.41, 96
23.56, 96
23.57, 96
23.57, 96
23.58, 96
23.58, 96
23.61, 96
23.69, 96
23.69, 96
23.69, 96
23.90, 96
23.90, 96
23.90, 96
23.91, 96
24.01, 96
24.01, 96
24.01, 96
24.02, 96
24.02, 96
24.02, 96
24.09, 96
24.09, 96
24.09, 96
24.09, 96
24.09, 96
24.10, 96
24.10, 96
24.10, 96
24.10, 96
24.10, 96
24.10, 96
24.11, 96
24.11, 96
24.11, 96
24.12, 96
24.12, 96
24.12, 96
24.12, 96
24.12, 96
24.12, 96
24.12, 96
24.13, 96
24.14, 96
24.14, 96
24.16, 96
24.38, 96
24.70, 96
24.70, 96
24.70, 96
24.70, 96
24.71, 96
24.71, 96
24.75, 96
24.75, 96
24.75, 96
24.75, 96
24.76, 96
24.89, 96
24.89, 96
24.90, 96
24.90, 96
25.12, 96
25.12, 96
25.12, 96
25.13, 96
25.14, 96
25.14, 96
25.26, 96
25.53, 96
25.53, 96
25.53, 96
25.54, 96
25.54, 96
25.55, 96
25.55, 96
25.55, 96
25.57, 96
25.57, 96
25.61, 96
25.61, 96
25.62, 96
25.62, 96
25.62, 96
25.62, 96
25.63, 96
25.64, 96
25.64, 96
25.65, 96
25.71, 96
25.71, 96
25.72, 96
25.72, 96
25.72, 96
25.72, 96
25.94, 96
25.94, 96
25.94, 96
25.94, 96
26.07, 96
26.15, 96
26.15, 96
26.16, 96
26.16, 96
26.16, 96
26.17, 96
26.17, 96
26.17, 96
26.17, 96
26.17, 96
26.17, 96
26.17, 96
26.39, 96
26.50, 96
26.50, 96
26.50, 96
26.50, 96
26.50, 96
26.50, 96
26.50, 96
26.50, 96
26.50, 96
26.50, 96
26.56, 96
26.56, 96
26.60, 96
26.60, 96
26.60, 96
26.60, 96
26.60, 96
26.60, 96
26.60, 96
26.60, 96
26.62, 96
26.63, 96
26.63, 96
26.63, 96
26.64, 96
26.74, 96
26.74, 96
26.74, 96
26.74, 96
26.75, 96
26.78, 96
26.78, 96
26.78, 96
26.78, 96
26.78, 96
26.79, 96
26.79, 96
26.85, 96
26.86, 96
26.86, 96
26.86, 96
26.87, 96
26.97, 96
26.97, 96
26.97, 96
26.97, 96
27.38, 96
27.38, 96
27.38, 96
27.38, 96
27.38, 96
27.44, 96
27.44, 96
27.44, 96
27.44, 96
27.50, 96
27.51, 96
27.51, 96
27.52, 96
27.53, 96
27.53, 96
27.57, 96
27.57, 96
27.57, 96
27.58, 96
27.61, 96
27.62, 96
27.62, 96
27.62, 96
27.62, 96
27.62, 96
27.63, 96
27.64, 96
27.65, 96
27.65, 96
27.65, 96
27.66, 96
27.66, 96
27.66, 96
27.66, 96
27.66, 96
27.89, 96
27.89, 96
27.90, 96
27.90, 96
27.90, 96
27.90, 96
27.90, 96
27.91, 96
27.91, 96
27.91, 96
27.93, 96
27.93, 96
27.95, 96
27.95, 96
27.95, 96
28.07, 96
28.07, 96
28.08, 96
28.61, 96
28.65, 96
28.84, 96
28.84, 96
28.84, 96
28.92, 96
28.92, 96
28.92, 96
28.93, 96
28.93, 96
28.93, 96
28.93, 96
29.23, 96
29.23, 96
29.27, 96
29.27, 96
29.27, 96
29.34, 96
29.35, 96
29.35, 96
29.35, 96
29.35, 96
29.35, 96
29.36, 96
29.36, 96
29.36, 96
29.36, 96
29.36, 96
29.36, 96
29.36, 96
29.37, 96
29.37, 96
29.37, 96
29.37, 96
29.45, 96
29.45, 96
29.45, 96
29.46, 96
29.46, 96
29.46, 96
29.46, 96
29.46, 96
29.47, 96
29.47, 96
29.48, 96
29.48, 96
29.50, 96
29.50, 96
29.55, 96
29.55, 96
29.55, 96
29.56, 96
29.56, 96
29.65, 96
29.65, 96
29.65, 96
29.66, 96
29.67, 96
29.68, 96
29.68, 96
29.74, 96
29.74, 96
29.74, 96
29.74, 96
29.74, 96
29.74, 96
29.80, 96
29.80, 96
29.80, 96
29.80, 96
29.80, 96
29.81, 96
29.83, 96
29.83, 96
29.83, 96
29.83, 96
29.83, 96
29.84, 96
29.84, 96
29.86, 96
29.88, 96
29.92, 96
29.94, 96
29.94, 96
29.94, 96
29.94, 96
29.94, 96
29.94, 96
29.94, 96
29.95, 96
29.95, 96
29.95, 96
29.95, 96
30.06, 96
30.06, 96
30.06, 96
30.17, 96
30.17, 96
30.17, 96
30.17, 96
30.19, 96
30.24, 96
30.27, 96
30.27, 96
30.27, 96
30.58, 96
30.60, 96
30.60, 96
30.91, 96
30.91, 96
30.92, 96
30.92, 96
30.92, 96
30.92, 96
31.04, 96
31.04, 96
31.05, 96
31.05, 96
31.05, 96
31.05, 96
31.08, 96
31.09, 96
31.09, 96
31.09, 96
31.11, 96
31.11, 96
31.12, 96
31.12, 96
31.13, 96
31.13, 96
31.45, 96
31.45, 96
31.45, 96
31.45, 96
31.45, 96
31.66, 96
31.66, 96
31.66, 96
32.03, 96
32.03, 96
32.03, 96
32.03, 96
32.03, 96
32.09, 96
32.09, 96
32.12, 96
32.13, 96
32.13, 96
32.13, 96
32.13, 96
32.13, 96
32.13, 96
32.13, 96
32.13, 96
32.13, 96
32.20, 96
32.21, 96
32.26, 96
32.26, 96
32.26, 96
32.26, 96
32.26, 96
32.26, 96
32.32, 96
32.32, 96
32.32, 96
32.33, 96
32.33, 96
32.33, 96
32.33, 96
32.33, 96
32.40, 96
32.41, 96
32.41, 96
32.41, 96
32.41, 96
32.51, 96
32.51, 96
32.51, 96
32.51, 96
32.51, 96
32.51, 96
32.51, 96
32.51, 96
32.51, 96
32.53, 96
32.54, 96
32.54, 96
32.55, 96
32.55, 96
32.55, 96
32.56, 96
32.56, 96
32.56, 96
32.56, 96
32.56, 96
32.56, 96
32.56, 96
32.56, 96
32.59, 96
32.59, 96
32.59, 96
32.59, 96
32.61, 96
32.61, 96
32.78, 96
32.78, 96
32.79, 96
32.80, 96
32.80, 96
32.80, 96
32.91, 96
32.91, 96
32.91, 96
32.93, 96
32.98, 96
32.98, 96
32.98, 96
32.99, 96
32.99, 96
33.00, 96
33.00, 96
33.03, 96
33.03, 96
33.03, 96
33.04, 96
33.04, 96
33.04, 96
33.04, 96
33.05, 96
33.05, 96
33.05, 96
33.05, 96
33.05, 96
33.18, 96
33.18, 96
33.18, 96
33.18, 96
33.18, 96
33.19, 96
33.19, 96
33.19, 96
33.19, 96
33.19, 96
33.19, 96
33.19, 96
33.19, 96
33.20, 96
33.20, 96
33.21, 96
33.37, 96
33.37, 96
33.37, 96
33.41, 96
33.41, 96
33.41, 96
33.44, 96
33.44, 96
33.60, 96
33.60, 96
33.60, 96
33.60, 96
33.60, 96
33.62, 96
33.62, 96
33.62, 96
33.62, 96
33.63, 96
33.63, 96
33.63, 96
33.63, 96
33.63, 96
33.63, 96
33.71, 96
33.71, 96
33.71, 96
33.75, 96
33.75, 96
33.75, 96
33.76, 96
33.76, 96
33.76, 96
33.76, 96
33.76, 96
33.76, 96
33.76, 96
33.76, 96
33.82, 96
33.82, 96
33.82, 96
34.08, 96
34.08, 96
34.08, 96
34.09, 96
34.14, 96
34.14, 96
34.16, 96
34.16, 96
34.19, 96
34.30, 96
34.30, 96
34.30, 96
34.31, 96
34.36, 96
34.37, 96
34.37, 96
34.38, 96
34.38, 96
34.38, 96
34.40, 96
34.40, 96
34.40, 96
34.41, 96
34.41, 96
34.60, 96
34.61, 96
34.61, 96
34.61, 96
34.61, 96
34.61, 96
35.29, 96
35.29, 96
35.41, 96
35.41, 96
35.42, 96
35.42, 96
35.42, 96
35.42, 96
35.43, 96
35.43, 96
35.43, 96
35.57, 96
35.57, 96
35.57, 96
35.58, 96
35.61, 96
35.62, 96
35.62, 96
35.63, 96
35.75, 96
35.76, 96
35.76, 96
35.76, 96
35.76, 96
35.76, 96
35.76, 96
35.76, 96
35.77, 96
35.77, 96
35.77, 96
35.77, 96
35.78, 96
35.78, 96
35.78, 96
35.78, 96
35.78, 96
35.78, 96
35.78, 96
35.79, 96
35.79, 96
35.79, 96
35.80, 96
35.80, 96
35.80, 96
35.87, 96
35.87, 96
35.87, 96
35.88, 96
35.89, 96
35.89, 96
35.95, 96
35.97, 96
35.97, 96
35.97, 96
35.97, 96
35.97, 96
35.98, 96
35.99, 96
36.12, 96
36.23, 96
36.23, 96
36.23, 96
36.29, 96
36.33, 96
36.35, 96
36.38, 96
36.39, 96
36.39, 96
36.39, 96
36.39, 96
36.39, 96
36.39, 96
36.39, 96
36.40, 96
36.40, 96
36.41, 96
36.41, 96
36.41, 96
36.57, 96
36.58, 96
36.58, 96
36.58, 96
36.58, 96
36.62, 96
36.64, 96
36.64, 96
36.64, 96
36.64, 96
36.70, 96
36.70, 96
36.70, 96
36.71, 96
36.71, 96
36.71, 96
36.71, 96
36.72, 96
36.72, 96
36.76, 96
36.86, 96
37.29, 96
37.29, 96
37.29, 96
37.29, 96
37.29, 96
37.29, 96
37.29, 96
37.31, 96
37.31, 96
37.37, 96
37.37, 96
37.37, 96
37.37, 96
37.47, 96
37.48, 96
37.48, 96
37.49, 96
37.49, 96
37.60, 96
37.60, 96
37.66, 96
37.66, 96
37.66, 96
37.66, 96
37.66, 96
37.67, 96
37.67, 96
37.67, 96
37.67, 96
37.67, 96
37.67, 96
37.68, 96
37.68, 96
37.68, 96
37.72, 96
37.72, 96
38.05, 96
38.05, 96
38.05, 96
38.05, 96
38.05, 96
38.05, 96
38.06, 96
38.06, 96
38.06, 96
38.08, 96
38.17, 96
38.30, 96
38.30, 96
38.30, 96
38.30, 96
38.30, 96
38.30, 96
38.30, 96
38.31, 96
38.31, 96
38.31, 96
38.31, 96
38.31, 96
38.31, 96
38.31, 96
38.32, 96
38.32, 96
38.33, 96
38.33, 96
38.33, 96
38.33, 96
38.44, 96
38.44, 96
38.68, 96
38.73, 96
38.73, 96
38.76, 96
38.77, 96
38.77, 96
38.77, 96
38.77, 96
39.08, 96
39.08, 96
39.16, 96
39.16, 96
39.16, 96
39.17, 96
39.19, 96
39.19, 96
39.20, 96
39.20, 96
39.20, 96
39.20, 96
39.33, 96
39.33, 96
39.34, 96
39.38, 96
40.00, 96
40.00, 96
40.00, 96
40.00, 96
40.03, 96
40.03, 96
40.14, 96
40.14, 96
40.14, 96
40.14, 96
40.14, 96
40.25, 96
40.25, 96
40.27, 96
40.27, 96
40.28, 96
40.28, 96
40.28, 96
40.30, 96
40.30, 96
40.30, 96
40.30, 96
40.31, 96
40.32, 96
40.32, 96
40.32, 96
40.32, 96
40.32, 96
40.60, 96
40.60, 96
40.60, 96
40.60, 96
40.60, 96
40.61, 96
40.66, 96
40.67, 96
40.74, 96
40.74, 96
40.74, 96
40.82, 96
40.82, 96
40.83, 96
40.93, 96
40.93, 96
41.11, 96
41.13, 96
41.13, 96
41.13, 96
41.22, 96
41.22, 96
41.22, 96
41.49, 96
41.51, 96
41.52, 96
41.54, 96
41.54, 96
41.54, 96
41.54, 96
41.54, 96
41.67, 96
41.67, 96
41.67, 96
41.68, 96
42.09, 96
42.14, 96
42.14, 96
42.22, 96
42.22, 96
42.24, 96
42.29, 96
42.30, 96
42.30, 96
42.30, 96
42.30, 96
42.34, 96
42.34, 96
42.34, 96
42.46, 96
42.46, 96
42.46, 96
42.56, 96
42.56, 96
42.56, 96
42.58, 96
42.58, 96
42.58, 96
42.65, 96
42.67, 96
42.67, 96
42.70, 96
42.71, 96
42.71, 96
42.71, 96
42.71, 96
42.90, 96
43.04, 96
43.08, 96
43.08, 96
43.11, 96
43.15, 96
43.15, 96
43.15, 96
43.15, 96
43.16, 96
43.16, 96
43.16, 96
43.16, 96
43.35, 96
43.35, 96
43.38, 96
43.38, 96
43.39, 96
43.39, 96
43.39, 96
43.45, 96
43.46, 96
43.46, 96
43.46, 96
43.47, 96
43.47, 96
43.47, 96
43.47, 96
43.49, 96
43.85, 96
43.95, 96
43.96, 96
43.96, 96
43.96, 96
43.97, 96
43.97, 96
43.97, 96
44.06, 96
44.07, 96
44.07, 96
44.07, 96
44.07, 96
44.08, 96
44.08, 96
44.08, 96
44.33, 96
44.33, 96
44.33, 96
44.33, 96
44.34, 96
44.52, 96
44.52, 96
44.52, 96
44.52, 96
44.67, 96
44.67, 96
44.95, 96
44.95, 96
44.95, 96
44.96, 96
45.02, 96
45.02, 96
45.19, 96
45.19, 96
45.20, 96
45.20, 96
45.20, 96
45.20, 96
45.20, 96
45.20, 96
45.20, 96
45.21, 96
45.21, 96
45.21, 96
45.21, 96
45.24, 96
45.24, 96
45.24, 96
45.25, 96
45.25, 96
45.36, 96
45.40, 96
45.40, 96
45.40, 96
45.79, 96
45.84, 96
45.84, 96
45.92, 96
45.93, 96
45.93, 96
45.94, 96
45.94, 96
45.96, 96
45.97, 96
45.97, 96
45.97, 96
45.97, 96
45.97, 96
45.97, 96
45.97, 96
45.97, 96
46.12, 96
46.26, 96
46.26, 96
46.31, 96
46.31, 96
46.32, 96
46.32, 96
46.46, 96
46.77, 96
46.79, 96
46.79, 96
46.80, 96
46.80, 96
47.18, 96
47.18, 96
47.19, 96
47.19, 96
47.23, 96
47.23, 96
47.23, 96
47.23, 96
47.25, 96
47.25, 96
47.25, 96
47.25, 96
47.26, 96
47.26, 96
47.26, 96
47.26, 96
47.26, 96
47.26, 96
47.26, 96
47.37, 96
47.37, 96
47.37, 96
47.37, 96
47.37, 96
47.38, 96
47.38, 96
47.38, 96
47.39, 96
47.51, 96
47.51, 96
47.52, 96
47.55, 96
47.55, 96
47.56, 96
47.72, 96
47.72, 96
47.72, 96
47.72, 96
47.72, 96
47.72, 96
47.75, 96
47.75, 96
47.96, 96
47.97, 96
47.97, 96
47.97, 96
47.97, 96
48.13, 96
48.13, 96
48.13, 96
48.14, 96
48.14, 96
48.15, 96
48.22, 96
48.23, 96
48.25, 96
48.25, 96
48.25, 96
48.25, 96
48.29, 96
48.30, 96
48.57, 96
48.57, 96
49.12, 96
49.12, 96
49.16, 96
49.16, 96
49.16, 96
49.16, 96
49.17, 96
49.17, 96
49.29, 96
49.29, 96
49.44, 96
49.44, 96
49.54, 96
49.55, 96
49.55, 96
49.55, 96
49.57, 96
49.57, 96
49.57, 96
49.57, 96
49.57, 96
49.57, 96
49.58, 96
49.58, 96
49.58, 96
49.58, 96
49.58, 96
49.58, 96
49.60, 96
49.60, 96
49.60, 96
49.60, 96
49.60, 96
49.69, 96
49.69, 96
49.69, 96
49.71, 96
49.77, 96
49.77, 96
49.77, 96
49.78, 96
49.78, 96
49.81, 96
49.83, 96
49.83, 96
49.83, 96
49.84, 96
49.84, 96
49.87, 96
49.92, 96
49.93, 96
50.05, 96
50.05, 96
50.05, 96
50.05, 96
50.05, 96
50.05, 96
50.05, 96
50.05, 96
50.06, 96
50.09, 96
50.11, 96
50.11, 96
50.11, 96
50.11, 96
50.12, 96
50.24, 96
50.25, 96
50.45, 96
50.46, 96
50.46, 96
50.62, 96
50.65, 96
50.67, 96
50.68, 96
50.68, 96
50.68, 96
50.68, 96
50.68, 96
50.69, 96
50.69, 96
50.69, 96
50.77, 96
50.78, 96
50.78, 96
50.78, 96
50.78, 96
50.78, 96
50.78, 96
50.78, 96
50.78, 96
50.78, 96
50.79, 96
50.79, 96
50.88, 96
50.91, 96
50.91, 96
50.91, 96
50.91, 96
50.91, 96
50.91, 96
50.91, 96
51.02, 96
51.02, 96
51.46, 96
51.47, 96
51.47, 96
51.47, 96
51.47, 96
51.49, 96
51.49, 96
51.63, 96
51.63, 96
51.63, 96
51.63, 96
51.63, 96
51.63, 96
51.64, 96
51.64, 96
51.66, 96
51.66, 96
51.66, 96
51.66, 96
51.66, 96
51.83, 96
51.88, 96
51.89, 96
51.89, 96
51.89, 96
51.89, 96
51.89, 96
51.90, 96
51.90, 96
51.90, 96
51.90, 96
51.90, 96
51.90, 96
52.01, 96
52.01, 96
52.01, 96
52.01, 96
52.01, 96
52.01, 96
52.02, 96
52.02, 96
52.02, 96
52.02, 96
52.05, 96
52.05, 96
52.05, 96
52.07, 96
52.11, 96
52.13, 96
52.13, 96
52.14, 96
52.14, 96
52.14, 96
52.14, 96
52.16, 96
52.16, 96
52.16, 96
52.16, 96
52.17, 96
52.80, 96
52.81, 96
53.21, 96
53.21, 96
53.22, 96
53.22, 96
53.37, 96
53.39, 96
53.48, 96
53.48, 96
53.51, 96
53.58, 96
53.58, 96
53.61, 96
53.61, 96
53.61, 96
53.61, 96
53.61, 96
53.94, 96
53.94, 96
53.95, 96
53.95, 96
53.96, 96
54.32, 96
54.32, 96
54.32, 96
54.61, 96
54.62, 96
54.63, 96
54.63, 96
54.75, 96
54.97, 96
55.04, 96
55.04, 96
55.05, 96
55.05, 96
55.05, 96
55.05, 96
55.05, 96
55.05, 96
55.05, 96
55.14, 96
55.14, 96
55.14, 96
55.14, 96
55.15, 96
55.15, 96
55.16, 96
55.16, 96
55.16, 96
55.16, 96
55.21, 96
55.23, 96
55.23, 96
55.23, 96
55.23, 96
55.85, 96
56.12, 96
56.12, 96
56.14, 96
56.15, 96
56.15, 96
56.17, 96
56.37, 96
56.37, 96
56.38, 96
56.38, 96
56.38, 96
56.42, 96
56.42, 96
56.42, 96
56.44, 96
56.45, 96
56.45, 96
56.45, 96
56.46, 96
56.46, 96
56.46, 96
56.48, 96
56.53, 96
56.53, 96
56.63, 96
56.63, 96
56.64, 96
56.64, 96
56.64, 96
56.64, 96
56.64, 96
56.70, 96
56.73, 96
56.74, 96
56.74, 96
56.74, 96
56.74, 96
56.96, 96
56.96, 96
57.27, 96
57.28, 96
57.32, 96
57.32, 96
57.32, 96
57.32, 96
57.32, 96
57.32, 96
57.32, 96
57.32, 96
57.33, 96
57.33, 96
57.33, 96
57.33, 96
57.33, 96
57.33, 96
57.33, 96
57.33, 96
57.33, 96
57.34, 96
57.34, 96
57.34, 96
57.34, 96
57.34, 96
57.35, 96
57.36, 96
57.38, 96
57.38, 96
57.38, 96
57.38, 96
57.38, 96
57.38, 96
57.42, 96
57.42, 96
57.42, 96
57.49, 96
57.50, 96
57.50, 96
57.50, 96
57.50, 96
57.50, 96
57.50, 96
57.51, 96
57.66, 96
57.66, 96
57.66, 96
57.82, 96
57.84, 96
57.95, 96
57.95, 96
57.96, 96
57.96, 96
57.96, 96
58.04, 96
58.04, 96
58.04, 96
58.04, 96
58.04, 96
58.04, 96
58.04, 96
58.04, 96
58.09, 96
58.09, 96
58.09, 96
58.10, 96
58.10, 96
58.11, 96
58.11, 96
58.11, 96
58.11, 96
58.11, 96
58.18, 96
58.18, 96
58.18, 96
58.18, 96
58.18, 96
58.19, 96
58.19, 96
58.19, 96
58.19, 96
58.19, 96
58.26, 96
58.26, 96
58.26, 96
58.27, 96
58.28, 96
58.29, 96
58.31, 96
58.32, 96
58.32, 96
58.32, 96
58.33, 96
58.33, 96
58.33, 96
58.33, 96
58.33, 96
58.56, 96
58.56, 96
58.59, 96
58.60, 96
58.60, 96
58.60, 96
58.60, 96
58.60, 96
58.60, 96
58.61, 96
58.61, 96
58.61, 96
58.61, 96
58.61, 96
58.64, 96
58.65, 96
58.65, 96
58.68, 96
58.68, 96
58.69, 96
58.69, 96
58.69, 96
58.71, 96
58.72, 96
58.72, 96
58.72, 96
58.72, 96
58.72, 96
58.72, 96
58.72, 96
58.72, 96
58.72, 96
58.73, 96
58.73, 96
58.76, 96
58.76, 96
58.77, 96
58.81, 96
58.91, 96
58.91, 96
58.92, 96
58.98, 96
58.99, 96
58.99, 96
58.99, 96
58.99, 96
58.99, 96
58.99, 96
59.12, 96
59.12, 96
59.14, 96
59.15, 96
59.15, 96
59.15, 96
59.17, 96
59.17, 96
59.17, 96
59.19, 96
59.19, 96
59.19, 96
59.44, 96
59.45, 96
59.46, 96
59.50, 96
59.50, 96
59.50, 96
59.50, 96
59.50, 96
59.55, 96
59.55, 96
59.55, 96
59.55, 96
59.55, 96
59.56, 96
59.70, 96
59.71, 96
59.71, 96
59.71, 96
59.71, 96
59.71, 96
59.71, 96
59.72, 96
59.72, 96
59.72, 96
59.72, 96
59.72, 96
59.73, 96
59.73, 96
59.74, 96
59.74, 96
59.74, 96
59.74, 96
59.76, 96
59.76, 96
59.80, 96
59.80, 96
59.81, 96
59.81, 96
60.20, 96
60.39, 96
60.39, 96
60.40, 96
60.40, 96
60.40, 96
60.40, 96
60.40, 96
60.59, 96
60.59, 96
60.59, 96
60.59, 96
60.73, 96
60.73, 96
60.73, 96
60.74, 96
60.74, 96
60.74, 96
60.74, 96
60.74, 96
60.74, 96
60.75, 96
60.75, 96
60.75, 96
60.75, 96
60.76, 96
60.76, 96
60.79, 96
60.79, 96
60.79, 96
60.85, 96
60.85, 96
60.92, 96
61.11, 96
61.11, 96
61.11, 96
61.11, 96
61.24, 96
61.39, 96
61.39, 96
61.39, 96
61.39, 96
61.39, 96
61.55, 96
61.55, 96
61.56, 96
61.58, 96
61.66, 96
61.66, 96
61.67, 96
61.67, 96
61.67, 96
61.67, 96
61.69, 96
61.69, 96
61.69, 96
61.69, 96
61.69, 96
61.70, 96
61.70, 96
61.70, 96
61.70, 96
61.82, 96
61.83, 96
61.83, 96
61.94, 96
62.42, 96
62.42, 96
62.43, 96
62.47, 96
62.47, 96
62.47, 96
62.53, 96
62.54, 96
62.57, 96
62.58, 96
62.69, 96
62.69, 96
62.69, 96
62.83, 96
62.95, 96
62.96, 96
62.96, 96
62.96, 96
62.99, 96
63.00, 96
63.00, 96
63.00, 96
63.00, 96
63.01, 96
63.19, 96
63.20, 96
63.20, 96
63.20, 96
63.20, 96
63.20, 96
63.21, 96
63.21, 96
63.21, 96
63.21, 96
63.22, 96
63.22, 96
63.22, 96
63.22, 96
63.22, 96
63.24, 96
63.24, 96
63.24, 96
63.24, 96
63.24, 96
63.25, 96
63.32, 96
63.33, 96
63.33, 96
63.33, 96
63.33, 96
63.33, 96
63.33, 96
63.39, 96
63.39, 96
63.39, 96
63.39, 96
63.39, 96
63.39, 96
63.39, 96
63.39, 96
63.40, 96
63.40, 96
63.40, 96
63.40, 96
63.40, 96
63.40, 96
63.41, 96
63.60, 96
63.60, 96
63.63, 96
63.63, 96
63.63, 96
63.63, 96
63.63, 96
63.64, 96
63.64, 96
63.64, 96
63.64, 96
63.64, 96
63.64, 96
63.64, 96
63.65, 96
63.65, 96
63.65, 96
63.92, 96
64.11, 96
64.11, 96
64.11, 96
64.11, 96
64.11, 96
64.11, 96
64.11, 96
64.11, 96
64.11, 96
64.38, 96
64.38, 96
64.38, 96
64.41, 96
64.46, 96
64.46, 96
64.46, 96
64.46, 96
64.46, 96
64.49, 96
64.50, 96
64.58, 96
64.88, 96
64.93, 96
64.93, 96
64.93, 96
64.93, 96
64.94, 96
64.94, 96
64.94, 96
64.94, 96
64.95, 96
64.95, 96
64.95, 96
65.07, 96
65.07, 96
65.08, 96
65.10, 96
65.10, 96
65.16, 96
65.16, 96
65.17, 96
65.17, 96
65.18, 96
65.18, 96
65.19, 96
65.19, 96
65.19, 96
65.31, 96
65.31, 96
65.31, 96
65.31, 96
65.32, 96
65.33, 96
65.33, 96
65.33, 96
65.33, 96
65.33, 96
65.33, 96
65.34, 96
65.34, 96
65.37, 96
65.37, 96
65.38, 96
65.39, 96
65.39, 96
65.39, 96
65.48, 96
65.48, 96
65.52, 96
65.69, 96
65.70, 96
65.70, 96
65.70, 96
65.70, 96
65.70, 96
65.70, 96
65.70, 96
65.71, 96
65.72, 96
65.96, 96
65.96, 96
65.96, 96
65.96, 96
65.96, 96
65.96, 96
65.98, 96
65.99, 96
65.99, 96
65.99, 96
65.99, 96
65.99, 96
65.99, 96
65.99, 96
65.99, 96
65.99, 96
65.99, 96
65.99, 96
66.00, 96
66.00, 96
66.00, 96
66.02, 96
66.03, 96
66.03, 96
66.03, 96
66.04, 96
66.11, 96
66.24, 96
66.24, 96
66.24, 96
66.25, 96
66.25, 96
66.25, 96
66.25, 96
66.25, 96
66.30, 96
66.30, 96
66.30, 96
66.49, 96
66.55, 96
66.68, 96
66.68, 96
66.68, 96
66.70, 96
66.80, 96
66.80, 96
66.84, 96
66.84, 96
66.84, 96
67.49, 96
67.49, 96
67.49, 96
67.49, 96
67.53, 96
67.67, 96
67.67, 96
67.67, 96
67.68, 96
67.72, 96
67.72, 96
67.72, 96
67.73, 96
67.73, 96
67.73, 96
67.77, 96
67.77, 96
67.79, 96
67.80, 96
67.80, 96
67.80, 96
67.81, 96
67.81, 96
67.82, 96
67.82, 96
68.00, 96
68.00, 96
68.00, 96
68.00, 96
68.07, 96
68.08, 96
68.08, 96
68.08, 96
68.14, 96
68.34, 96
68.35, 96
68.35, 96
68.35, 96
68.35, 96
68.35, 96
68.38, 96
68.38, 96
68.41, 96
68.41, 96
68.43, 96
68.61, 96
68.61, 96
68.62, 96
68.63, 96
68.63, 96
68.63, 96
68.64, 96
68.65, 96
68.89, 96
68.89, 96
68.89, 96
68.91, 96
68.93, 96
68.96, 96
69.12, 96
69.12, 96
69.13, 96
69.13, 96
69.13, 96
69.26, 96
69.43, 96
69.43, 96
69.44, 96
69.44, 96
69.44, 96
69.45, 96
69.45, 96
69.45, 96
69.50, 96
69.50, 96
69.50, 96
69.50, 96
69.50, 96
69.52, 96
69.94, 96
69.94, 96
69.94, 96
69.96, 96
69.96, 96
69.96, 96
69.96, 96
69.97, 96
69.97, 96
69.97, 96
69.97, 96
69.97, 96
69.97, 96
69.97, 96
69.97, 96
69.98, 96
69.98, 96
69.99, 96
69.99, 96
69.99, 96
69.99, 96
70.11, 96
70.11, 96
70.13, 96
70.13, 96
70.13, 96
70.35, 96
70.35, 96
70.35, 96
70.36, 96
70.36, 96
70.37, 96
70.38, 96
70.42, 96
70.44, 96
70.44, 96
70.44, 96
70.44, 96
70.44, 96
70.44, 96
70.45, 96
70.45, 96
70.45, 96
70.55, 96
70.55, 96
70.56, 96
70.59, 96
70.64, 96
70.64, 96
70.65, 96
70.65, 96
70.65, 96
70.65, 96
70.65, 96
70.65, 96
70.65, 96
70.65, 96
70.66, 96
70.66, 96
70.66, 96
70.67, 96
70.67, 96
70.67, 96
70.67, 96
70.68, 96
70.94, 96
71.51, 96
71.58, 96
71.58, 96
71.79, 96
71.79, 96
71.92, 96
71.92, 96
72.28, 96
72.28, 96
72.28, 96
72.29, 96
72.29, 96
72.29, 96
72.29, 96
72.29, 96
72.35, 96
72.35, 96
72.35, 96
72.35, 96
72.36, 96
72.36, 96
72.36, 96
72.36, 96
72.38, 96
72.38, 96
72.38, 96
72.38, 96
72.38, 96
72.38, 96
72.41, 96
72.41, 96
72.41, 96
72.41, 96
72.42, 96
72.43, 96
72.43, 96
72.43, 96
72.43, 96
72.43, 96
72.43, 96
72.47, 96
72.47, 96
72.47, 96
72.48, 96
72.50, 96
72.59, 96
72.72, 96
72.73, 96
72.73, 96
72.73, 96
72.84, 96
72.86, 96
72.87, 96
72.89, 96
72.90, 96
72.90, 96
72.90, 96
72.90, 96
72.90, 96
72.90, 96
72.91, 96
72.95, 96
72.98, 96
72.98, 96
72.98, 96
73.00, 96
73.00, 96
73.00, 96
73.24, 96
73.24, 96
73.24, 96
73.24, 96
73.24, 96
73.32, 96
73.32, 96
73.45, 96
73.45, 96
73.45, 96
73.46, 96
73.47, 96
73.47, 96
73.48, 96
73.48, 96
73.51, 96
73.51, 96
73.51, 96
73.51, 96
73.51, 96
73.52, 96
73.52, 96
73.57, 96
73.57, 96
73.57, 96
73.57, 96
73.58, 96
73.59, 96
73.60, 96
73.60, 96
73.60, 96
73.60, 96
74.26, 96
74.26, 96
74.26, 96
74.28, 96
74.28, 96
74.29, 96
74.29, 96
74.29, 96
74.29, 96
74.29, 96
74.29, 96
74.30, 96
74.30, 96
74.37, 96
74.70, 96
74.71, 96
74.75, 96
74.76, 96
74.77, 96
74.77, 96
74.77, 96
74.77, 96
74.77, 96
74.77, 96
74.88, 96
74.88, 96
74.88, 96
74.88, 96
74.88, 96
74.88, 96
74.89, 96
74.90, 96
74.90, 96
74.90, 96
74.90, 96
74.90, 96
74.90, 96
74.90, 96
74.90, 96
74.90, 96
74.91, 96
74.91, 96
74.92, 96
74.92, 96
74.92, 96
74.92, 96
74.92, 96
75.01, 96
75.08, 96
75.08, 96
75.08, 96
75.09, 96
75.09, 96
75.09, 96
75.09, 96
75.19, 96
75.19, 96
75.19, 96
75.19, 96
75.19, 96
75.19, 96
75.19, 96
75.20, 96
75.21, 96
75.33, 96
75.33, 96
75.33, 96
75.34, 96
75.34, 96
75.47, 96
75.47, 96
75.47, 96
75.47, 96
75.47, 96
75.49, 96
75.49, 96
75.49, 96
75.49, 96
75.49, 96
75.55, 96
75.55, 96
75.55, 96
75.55, 96
75.56, 96
75.56, 96
75.56, 96
75.56, 96
75.57, 96
75.57, 96
75.57, 96
75.59, 96
75.61, 96
75.61, 96
75.62, 96
75.62, 96
75.62, 96
75.62, 96
75.62, 96
75.64, 96
75.64, 96
75.64, 96
75.64, 96
75.65, 96
75.65, 96
75.76, 96
75.76, 96
75.76, 96
75.79, 96
75.81, 96
75.82, 96
75.82, 96
75.82, 96
75.82, 96
75.82, 96
75.88, 96
75.88, 96
75.88, 96
75.88, 96
76.41, 96
76.41, 96
76.41, 96
76.41, 96
76.43, 96
76.43, 96
76.52, 96
76.52, 96
76.52, 96
76.63, 96
76.83, 96
77.38, 96
77.38, 96
77.95, 96
78.07, 96
78.07, 96
78.07, 96
78.20, 96
78.31, 96
78.31, 96
78.31, 96
78.33, 96
78.34, 96
78.34, 96
78.34, 96
78.34, 96
78.70, 96
78.70, 96
78.70, 96
78.78, 96
78.78, 96
78.78, 96
78.81, 96
78.81, 96
78.81, 96
78.81, 96
78.81, 96
79.32, 96
79.32, 96
79.32, 96
79.33, 96
79.33, 96
79.33, 96
79.33, 96
79.33, 96
79.34, 96
79.34, 96
79.36, 96
79.39, 96
79.39, 96
79.40, 96
79.40, 96
79.40, 96
79.40, 96
79.40, 96
79.40, 96
79.40, 96
79.40, 96
79.40, 96
79.40, 96
79.41, 96
79.42, 96
79.42, 96
79.42, 96
79.42, 96
79.44, 96
79.45, 96
79.45, 96
79.46, 96
79.46, 96
79.62, 96
79.62, 96
79.62, 96
79.63, 96
79.65, 96
79.65, 96
79.65, 96
79.65, 96
79.65, 96
79.91, 96
80.04, 96
80.04, 96
80.04, 96
80.04, 96
80.04, 96
80.04, 96
80.05, 96
80.05, 96
80.05, 96
80.05, 96
80.10, 96
80.10, 96
80.10, 96
80.10, 96
80.10, 96
80.13, 96
80.41, 96
80.41, 96
80.41, 96
80.41, 96
80.42, 96
80.42, 96
80.42, 96
80.42, 96
80.47, 96
80.65, 96
80.65, 96
80.71, 96
80.71, 96
80.71, 96
80.73, 96
80.73, 96
80.74, 96
80.75, 96
80.75, 96
80.76, 96
80.78, 96
80.79, 96
80.79, 96
80.79, 96
80.79, 96
80.97, 96
80.97, 96
80.97, 96
80.98, 96
81.34, 96
81.34, 96
81.34, 96
81.66, 96
81.66, 96
81.66, 96
81.67, 96
81.67, 96
81.68, 96
81.69, 96
81.70, 96
81.70, 96
81.70, 96
81.70, 96
81.72, 96
81.72, 96
81.72, 96
81.72, 96
81.87, 96
81.90, 96
81.90, 96
81.90, 96
81.90, 96
81.90, 96
81.90, 96
82.05, 96
82.06, 96
82.08, 96
82.09, 96
82.09, 96
82.09, 96
82.09, 96
82.10, 96
82.39, 96
82.39, 96
82.42, 96
82.42, 96
82.43, 96
82.43, 96
82.43, 96
82.43, 96
82.71, 96
82.71, 96
82.72, 96
82.74, 96
82.74, 96
82.74, 96
82.77, 96
82.77, 96
82.77, 96
82.77, 96
82.77, 96
82.77, 96
82.77, 96
82.78, 96
82.82, 96
82.83, 96
82.83, 96
82.83, 96
82.83, 96
82.83, 96
82.83, 96
82.85, 96
82.85, 96
82.86, 96
82.91, 96
82.91, 96
82.91, 96
82.91, 96
82.91, 96
82.91, 96
82.92, 96
82.92, 96
82.92, 96
82.92, 96
82.92, 96
82.99, 96
82.99, 96
82.99, 96
83.02, 96
83.02, 96
83.02, 96
83.02, 96
83.04, 96
83.04, 96
83.04, 96
83.04, 96
83.05, 96
83.05, 96
83.05, 96
83.05, 96
83.05, 96
83.05, 96
83.05, 96
83.11, 96
83.11, 96
83.14, 96
83.14, 96
83.20, 96
83.20, 96
83.33, 96
83.33, 96
83.33, 96
83.34, 96
83.38, 96
83.38, 96
83.43, 96
83.43, 96
83.43, 96
83.44, 96
83.45, 96
83.45, 96
83.45, 96
83.45, 96
83.45, 96
83.46, 96
83.48, 96
83.49, 96
83.49, 96
83.57, 96
83.58, 96
83.58, 96
83.58, 96
83.59, 96
83.59, 96
83.59, 96
83.59, 96
83.59, 96
83.61, 96
83.61, 96
83.61, 96
83.64, 96
83.65, 96
83.65, 96
83.65, 96
83.65, 96
83.65, 96
83.71, 96
83.71, 96
83.71, 96
83.71, 96
83.71, 96
83.71, 96
83.76, 96
83.92, 96
83.92, 96
83.92, 96
84.04, 96
84.04, 96
84.05, 96
84.07, 96
84.23, 96
84.23, 96
84.23, 96
84.23, 96
84.24, 96
84.25, 96
84.53, 96
84.53, 96
84.53, 96
84.53, 96
84.53, 96
84.53, 96
84.58, 96
84.59, 96
84.59, 96
84.59, 96
84.59, 96
84.59, 96
84.59, 96
84.68, 96
84.68, 96
84.68, 96
84.72, 96
84.72, 96
84.72, 96
84.72, 96
84.98, 96
84.98, 96
85.23, 96
85.23, 96
85.24, 96
85.24, 96
85.24, 96
85.25, 96
85.34, 96
85.35, 96
85.35, 96
85.41, 96
85.41, 96
85.41, 96
85.41, 96
85.41, 96
85.41, 96
85.41, 96
85.41, 96
85.42, 96
85.42, 96
85.42, 96
85.42, 96
85.42, 96
85.43, 96
85.43, 96
85.44, 96
85.44, 96
85.44, 96
85.44, 96
85.55, 96
85.55, 96
85.55, 96
85.56, 96
85.56, 96
85.56, 96
85.56, 96
85.56, 96
85.57, 96
85.57, 96
85.58, 96
85.58, 96
85.59, 96
85.59, 96
85.59, 96
85.59, 96
85.59, 96
85.63, 96
85.63, 96
85.67, 96
85.67, 96
85.68, 96
85.88, 96
85.99, 96
85.99, 96
85.99, 96
85.99, 96
85.99, 96
86.06, 96
86.19, 96
86.38, 96
86.38, 96
86.39, 96
86.40, 96
86.40, 96
86.40, 96
86.40, 96
86.40, 96
86.53, 96
86.53, 96
86.53, 96
86.53, 96
86.53, 96
86.53, 96
86.54, 96
86.54, 96
86.54, 96
86.61, 96
86.61, 96
86.68, 96
86.68, 96
86.68, 96
86.68, 96
86.69, 96
86.76, 96
86.76, 96
86.76, 96
86.77, 96
86.88, 96
86.90, 96
86.91, 96
86.91, 96
87.21, 96
87.21, 96
87.22, 96
87.23, 96
87.23, 96
87.23, 96
87.28, 96
87.29, 96
87.29, 96
87.29, 96
87.39, 96
87.39, 96
87.39, 96
87.40, 96
87.40, 96
87.40, 96
87.40, 96
87.41, 96
87.41, 96
87.43, 96
87.43, 96
87.43, 96
87.43, 96
87.43, 96
87.43, 96
87.44, 96
87.44, 96
87.44, 96
87.44, 96
87.44, 96
87.44, 96
87.44, 96
87.44, 96
87.51, 96
87.51, 96
87.51, 96
87.51, 96
87.51, 96
87.51, 96
87.52, 96
87.52, 96
87.52, 96
87.52, 96
87.52, 96
87.52, 96
87.52, 96
87.52, 96
87.53, 96
87.53, 96
87.53, 96
87.53, 96
87.53, 96
87.74, 96
87.74, 96
87.74, 96
87.74, 96
87.74, 96
87.75, 96
87.75, 96
87.75, 96
87.75, 96
87.75, 96
87.75, 96
87.75, 96
87.75, 96
87.75, 96
87.75, 96
87.76, 96
87.76, 96
87.76, 96
87.76, 96
87.90, 96
87.95, 96
88.04, 96
88.04, 96
88.04, 96
88.06, 96
88.38, 96
88.38, 96
88.38, 96
88.41, 96
88.41, 96
88.44, 96
88.51, 96
88.51, 96
88.51, 96
88.51, 96
88.51, 96
88.60, 96
88.66, 96
88.66, 96
88.79, 96
88.79, 96
88.79, 96
88.90, 96
88.95, 96
88.97, 96
88.98, 96
88.98, 96
88.98, 96
88.98, 96
88.98, 96
88.99, 96
88.99, 96
88.99, 96
88.99, 96
89.01, 96
89.01, 96
89.01, 96
89.01, 96
89.01, 96
89.01, 96
89.22, 96
89.23, 96
89.23, 96
89.23, 96
89.24, 96
89.24, 96
89.24, 96
89.24, 96
89.24, 96
89.26, 96
89.26, 96
89.26, 96
89.26, 96
89.27, 96
89.28, 96
89.28, 96
89.28, 96
89.28, 96
89.28, 96
89.28, 96
89.29, 96
89.32, 96
89.35, 96
89.35, 96
89.35, 96
89.35, 96
89.35, 96
89.35, 96
89.35, 96
89.38, 96
89.38, 96
89.38, 96
89.38, 96
89.38, 96
89.38, 96
89.39, 96
89.39, 96
89.39, 96
89.40, 96
89.40, 96
89.40, 96
89.41, 96
89.41, 96
89.41, 96
89.41, 96
89.42, 96
89.42, 96
89.42, 96
89.43, 96
89.43, 96
89.43, 96
89.43, 96
89.44, 96
89.44, 96
89.45, 96
89.45, 96
89.45, 96
89.45, 96
89.54, 96
89.54, 96
89.55, 96
89.55, 96
89.55, 96
89.59, 96
89.60, 96
89.60, 96
89.60, 96
89.60, 96
89.60, 96
89.61, 96
89.61, 96
89.61, 96
89.72, 96
89.72, 96
90.02, 96
90.02, 96
90.02, 96
90.02, 96
90.02, 96
90.02, 96
90.02, 96
90.02, 96
90.03, 96
90.04, 96
90.04, 96
90.04, 96
90.04, 96
90.05, 96
90.05, 96
90.05, 96
90.06, 96
90.06, 96
90.06, 96
90.06, 96
90.06, 96
90.15, 96
90.15, 96
90.15, 96
90.15, 96
90.15, 96
90.15, 96
90.15, 96
90.15, 96
90.15, 96
90.16, 96
90.16, 96
90.36, 96
90.36, 96
90.36, 96
90.37, 96
90.37, 96
90.43, 96
90.43, 96
90.43, 96
90.53, 96
90.62, 96
90.62, 96
90.62, 96
90.62, 96
90.62, 96
90.62, 96
90.68, 96
90.70, 96
90.71, 96
90.71, 96
90.71, 96
90.71, 96
90.71, 96
90.71, 96
90.71, 96
90.71, 96
90.71, 96
91.02, 96
91.02, 96
91.03, 96
91.05, 96
91.15, 96
91.15, 96
91.16, 96
91.16, 96
91.16, 96
91.17, 96
91.17, 96
91.17, 96
91.17, 96
91.17, 96
91.18, 96
91.19, 96
91.19, 96
91.19, 96
91.20, 96
91.20, 96
91.20, 96
91.21, 96
91.21, 96
91.23, 96
91.60, 96
91.61, 96
91.64, 96
91.64, 96
91.65, 96
91.65, 96
91.65, 96
91.73, 96
91.77, 96
91.77, 96
91.96, 96
91.96, 96
91.96, 96
92.15, 96
92.15, 96
92.15, 96
92.15, 96
92.23, 96
92.23, 96
92.23, 96
92.39, 96
92.39, 96
92.39, 96
92.39, 96
92.40, 96
92.40, 96
92.40, 96
92.40, 96
92.40, 96
92.52, 96
92.53, 96
92.55, 96
92.55, 96
92.55, 96
92.59, 96
92.59, 96
92.59, 96
92.59, 96
92.60, 96
92.60, 96
92.61, 96
92.61, 96
92.61, 96
92.62, 96
92.62, 96
92.63, 96
92.63, 96
92.63, 96
92.74, 96
92.74, 96
92.74, 96
92.82, 96
92.86, 96
92.86, 96
92.93, 96
92.93, 96
92.93, 96
93.06, 96
93.06, 96
93.06, 96
93.15, 96
93.15, 96
93.16, 96
93.26, 96
93.26, 96
93.36, 96
93.36, 96
93.44, 96
93.52, 96
93.52, 96
93.86, 96
93.86, 96
94.01, 96
94.01, 96
94.01, 96
94.01, 96
94.01, 96
94.01, 96
94.01, 96
94.07, 96
94.07, 96
94.07, 96
94.07, 96
94.07, 96
94.11, 96
94.28, 96
94.28, 96
94.28, 96
94.28, 96
94.28, 96
94.33, 96
94.33, 96
94.33, 96
94.33, 96
94.37, 96
94.37, 96
94.37, 96
94.42, 96
94.71, 96
94.76, 96
94.77, 96
94.78, 96
94.78, 96
94.78, 96
94.78, 96
94.78, 96
94.78, 96
94.82, 96
94.82, 96
94.82, 96
94.82, 96
94.86, 96
94.86, 96
94.86, 96
94.86, 96
94.86, 96
94.87, 96
94.87, 96
94.94, 96
94.94, 96
94.95, 96
94.97, 96
94.97, 96
95.10, 96
95.12, 96
95.12, 96
95.12, 96
95.12, 96
95.12, 96
95.23, 96
95.33, 96
95.33, 96
95.33, 96
95.33, 96
95.33, 96
95.40, 96
95.40, 96
95.40, 96
95.40, 96
95.40, 96
95.40, 96
95.41, 96
95.42, 96
95.42, 96
95.42, 96
95.42, 96
95.51, 96
95.58, 96
95.71, 96
95.71, 96
95.86, 96
95.90, 96
95.90, 96
95.90, 96
95.90, 96
95.91, 96
95.91, 96
95.91, 96
95.91, 96
95.91, 96
95.97, 96
95.97, 96
95.97, 96
95.98, 96
95.98, 96
95.98, 96
95.98, 96
95.98, 96
95.98, 96
96.00, 96
96.00, 96
96.00, 96
96.00, 96
96.00, 96
96.00, 96
96.01, 96
96.01, 96
96.01, 96
96.01, 96
96.01, 96
96.01, 96
96.01, 96
96.02, 96
96.02, 96
96.02, 96
96.07, 96
96.10, 96
96.10, 96
96.11, 96
96.13, 96
96.17, 96
96.17, 96
96.20, 96
96.20, 96
96.20, 96
96.28, 96
96.28, 96
96.28, 96
96.28, 96
96.29, 96
96.30, 96
96.30, 96
96.37, 96
96.37, 96
96.38, 96
96.38, 96
96.40, 96
96.40, 96
96.40, 96
96.46, 96
96.65, 96
96.65, 96
96.66, 96
96.66, 96
96.66, 96
96.68, 96
96.69, 96
96.69, 96
96.74, 96
96.74, 96
96.74, 96
96.77, 96
96.77, 96
96.77, 96
96.77, 96
97.10, 96
97.10, 96
97.10, 96
97.10, 96
97.11, 96
97.11, 96
97.11, 96
97.41, 96
97.41, 96
97.48, 96
97.48, 96
97.49, 96
97.49, 96
97.66, 96
97.66, 96
97.66, 96
97.66, 96
97.72, 96
97.72, 96
97.76, 96
97.77, 96
97.77, 96
97.77, 96
97.77, 96
97.77, 96
97.77, 96
97.78, 96
97.78, 96
97.78, 96
97.78, 96
97.78, 96
97.91, 96
97.91, 96
97.91, 96
97.91, 96
97.91, 96
97.91, 96
97.91, 96
97.92, 96
97.92, 96
97.92, 96
97.95, 96
97.95, 96
97.95, 96
97.98, 96
97.98, 96
98.02, 96
98.02, 96
98.02, 96
98.03, 96
98.03, 96
98.03, 96
98.03, 96
98.30, 96
98.30, 96
98.46, 96
98.47, 96
98.51, 96
98.58, 96
98.58, 96
98.58, 96
98.60, 96
98.60, 96
98.60, 96
98.60, 96
98.79, 96
98.79, 96
98.79, 96
98.86, 96
98.87, 96
98.87, 96
98.89, 96
98.93, 96
98.96, 96
98.96, 96
98.97, 96
98.97, 96
99.72, 96
99.77, 96
99.77, 96
99.77, 96
100.00, 96
100.00, 96
100.00, 96
100.04, 96
100.05, 96
100.46, 96
100.46, 96
100.59, 96
100.60, 96
100.60, 96
100.60, 96
100.60, 96
100.60, 96
100.60, 96
100.63, 96
100.65, 96
100.65, 96
100.65, 96
100.65, 96
100.66, 96
100.67, 96
100.75, 96
100.75, 96
100.75, 96
100.90, 96
100.90, 96
100.92, 96
100.92, 96
100.93, 96
100.93, 96
100.93, 96
100.93, 96
100.94, 96
100.94, 96
100.96, 96
101.05, 96
101.05, 96
101.05, 96
101.05, 96
101.07, 96
101.07, 96
101.07, 96
101.08, 96
101.08, 96
101.08, 96
101.08, 96
101.08, 96
101.08, 96
101.08, 96
101.09, 96
101.09, 96
101.09, 96
101.09, 96
101.09, 96
101.10, 96
101.17, 96
101.17, 96
101.17, 96
101.18, 96
101.18, 96
101.18, 96
101.18, 96
101.18, 96
101.18, 96
101.18, 96
101.18, 96
101.18, 96
101.30, 96
101.30, 96
101.30, 96
101.30, 96
101.30, 96
101.31, 96
101.31, 96
101.31, 96
101.31, 96
101.31, 96
101.31, 96
101.31, 96
101.32, 96
101.32, 96
101.32, 96
101.32, 96
101.32, 96
101.32, 96
101.32, 96
101.36, 96
101.36, 96
101.36, 96
101.36, 96
101.37, 96
101.37, 96
101.65, 96
101.65, 96
101.65, 96
101.88, 96
101.89, 96
101.89, 96
101.89, 96
101.89, 96
101.89, 96
101.89, 96
101.89, 96
101.90, 96
101.90, 96
101.90, 96
101.90, 96
101.90, 96
101.95, 96
101.95, 96
101.95, 96
101.95, 96
101.96, 96
101.96, 96
101.96, 96
101.96, 96
101.96, 96
103.00, 96
103.00, 96
103.03, 96
103.03, 96
103.03, 96
103.13, 96
103.13, 96
103.13, 96
103.13, 96
103.35, 96
103.36, 96
103.36, 96
103.37, 96
103.37, 96
103.42, 96
103.42, 96
103.61, 96
103.61, 96
103.62, 96
103.62, 96
103.62, 96
103.62, 96
103.62, 96
103.62, 96
103.62, 96
104.12, 96
104.12, 96
104.12, 96
104.12, 96
104.13, 96
104.13, 96
104.13, 96
104.13, 96
104.13, 96
104.13, 96
104.13, 96
104.13, 96
104.13, 96
104.14, 96
104.14, 96
104.18, 96
104.18, 96
104.19, 96
104.20, 96
104.39, 96
104.39, 96
104.39, 96
104.39, 96
104.39, 96
104.39, 96
104.40, 96
104.44, 96
104.44, 96
104.44, 96
104.44, 96
104.45, 96
104.45, 96
104.47, 96
104.47, 96
104.64, 96
104.64, 96
104.64, 96
104.71, 96
104.71, 96
104.82, 96
104.89, 96
104.92, 96
104.92, 96
104.92, 96
104.92, 96
104.92, 96
104.93, 96
104.93, 96
104.93, 96
105.16, 96
105.16, 96
105.16, 96
105.16, 96
105.17, 96
105.22, 96
105.22, 96
105.26, 96
105.26, 96
105.27, 96
105.27, 96
105.27, 96
105.27, 96
105.35, 96
105.35, 96
105.35, 96
105.35, 96
105.41, 96
105.41, 96
105.42, 96
105.42, 96
105.42, 96
105.58, 96
105.60, 96
105.60, 96
105.60, 96
105.61, 96
105.61, 96
105.61, 96
105.61, 96
105.61, 96
105.63, 96
105.63, 96
105.63, 96
105.63, 96
105.63, 96
105.64, 96
105.64, 96
105.64, 96
105.87, 96
106.13, 96
106.13, 96
106.13, 96
106.16, 96
106.16, 96
106.19, 96
106.19, 96
106.19, 96
106.23, 96
106.34, 96
106.34, 96
106.38, 96
106.38, 96
106.38, 96
106.38, 96
106.38, 96
106.39, 96
106.39, 96
106.39, 96
106.39, 96
106.39, 96
106.39, 96
106.43, 96
106.44, 96
106.44, 96
106.44, 96
106.45, 96
106.45, 96
106.45, 96
106.48, 96
106.49, 96
106.49, 96
106.50, 96
106.60, 96
106.60, 96
106.60, 96
106.60, 96
106.60, 96
106.60, 96
106.61, 96
106.61, 96
106.92, 96
106.92, 96
107.05, 96
107.05, 96
107.05, 96
107.05, 96
107.06, 96
107.06, 96
107.06, 96
107.06, 96
107.06, 96
107.06, 96
107.07, 96
107.30, 96
107.30, 96
107.30, 96
107.30, 96
107.30, 96
107.30, 96
107.31, 96
107.31, 96
107.31, 96
107.31, 96
107.31, 96
107.38, 96
107.39, 96
107.39, 96
107.46, 96
107.48, 96
107.48, 96
107.48, 96
107.49, 96
107.49, 96
107.50, 96
107.58, 96
107.59, 96
107.60, 96
107.60, 96
107.60, 96
107.61, 96
107.61, 96
107.61, 96
107.62, 96
107.63, 96
107.63, 96
107.63, 96
107.63, 96
107.65, 96
107.65, 96
107.66, 96
107.66, 96
107.66, 96
107.66, 96
107.73, 96
107.73, 96
107.77, 96
107.77, 96
107.78, 96
107.78, 96
107.79, 96
107.94, 96
107.98, 96
107.98, 96
108.10, 96
108.10, 96
108.11, 96
108.11, 96
108.30, 96
108.43, 96
108.43, 96
108.54, 96
108.54, 96
108.54, 96
108.54, 96
108.54, 96
108.68, 96
108.77, 96
108.88, 96
108.90, 96
108.99, 96
108.99, 96
109.00, 96
109.05, 96
109.05, 96
109.06, 96
109.06, 96
109.06, 96
109.06, 96
109.09, 96
109.09, 96
109.09, 96
109.09, 96
109.09, 96
109.10, 96
109.10, 96
109.12, 96
109.26, 96
109.26, 96
109.26, 96
109.27, 96
109.27, 96
109.29, 96
109.31, 96
109.31, 96
109.32, 96
109.32, 96
109.32, 96
109.32, 96
109.32, 96
109.32, 96
109.33, 96
109.33, 96
109.33, 96
109.33, 96
109.33, 96
109.33, 96
109.43, 96
109.43, 96
109.43, 96
109.43, 96
109.43, 96
109.45, 96
109.45, 96
109.45, 96
109.45, 96
109.45, 96
109.45, 96
109.46, 96
109.46, 96
109.51, 96
109.59, 96
109.59, 96
109.59, 96
109.61, 96
109.67, 96
109.67, 96
109.67, 96
109.68, 96
109.68, 96
109.68, 96
109.69, 96
109.69, 96
109.69, 96
109.69, 96
109.69, 96
109.70, 96
109.80, 96
110.00, 96
110.01, 96
110.01, 96
110.01, 96
110.01, 96
110.01, 96
110.08, 96
110.08, 96
110.09, 96
110.09, 96
110.23, 96
110.23, 96
110.24, 96
110.24, 96
110.24, 96
110.24, 96
110.27, 96
110.31, 96
110.31, 96
110.40, 96
110.40, 96
110.40, 96
110.40, 96
110.45, 96
110.46, 96
110.77, 96
110.77, 96
110.77, 96
110.77, 96
110.77, 96
110.78, 96
110.86, 96
111.03, 96
111.03, 96
111.18, 96
111.19, 96
111.19, 96
111.33, 96
111.40, 96
111.40, 96
111.43, 96
111.43, 96
111.58, 96
111.58, 96
111.58, 96
111.58, 96
111.58, 96
111.58, 96
111.58, 96
111.58, 96
111.58, 96
111.58, 96
111.59, 96
111.67, 96
111.67, 96
111.67, 96
111.67, 96
111.67, 96
111.69, 96
111.69, 96
111.69, 96
111.69, 96
111.69, 96
111.69, 96
111.69, 96
111.69, 96
111.69, 96
111.70, 96
111.70, 96
111.71, 96
111.75, 96
111.75, 96
111.75, 96
111.75, 96
111.75, 96
111.82, 96
111.83, 96
111.84, 96
111.85, 96
111.85, 96
111.85, 96
111.85, 96
111.85, 96
111.86, 96
111.87, 96
111.92, 96
111.92, 96
111.92, 96
111.93, 96
111.93, 96
111.93, 96
111.94, 96
112.01, 96
112.01, 96
112.02, 96
112.02, 96
112.06, 96
112.06, 96
112.06, 96
112.06, 96
112.06, 96
112.06, 96
112.06, 96
112.13, 96
112.13, 96
112.13, 96
112.19, 96
112.19, 96
112.19, 96
112.19, 96
112.19, 96
112.19, 96
112.19, 96
112.32, 96
112.32, 96
112.33, 96
112.33, 96
112.33, 96
112.33, 96
112.33, 96
112.51, 96
112.51, 96
112.75, 96
113.36, 96
113.36, 96
113.36, 96
113.36, 96
113.36, 96
113.36, 96
113.37, 96
113.37, 96
113.45, 96
113.46, 96
113.62, 96
113.62, 96
113.62, 96
113.64, 96
113.64, 96
113.78, 96
113.78, 96
113.78, 96
113.78, 96
113.78, 96
113.79, 96
113.79, 96
113.79, 96
113.79, 96
113.79, 96
113.80, 96
113.80, 96
113.80, 96
113.81, 96
113.81, 96
113.81, 96
113.92, 96
113.92, 96
113.92, 96
114.30, 96
114.31, 96
114.31, 96
114.31, 96
114.32, 96
114.32, 96
114.32, 96
114.32, 96
114.32, 96
114.32, 96
114.33, 96
114.33, 96
114.33, 96
114.33, 96
114.34, 96
114.34, 96
114.50, 96
114.50, 96
114.50, 96
114.51, 96
114.54, 96
114.54, 96
114.74, 96
114.74, 96
114.74, 96
114.84, 96
114.85, 96
114.85, 96
115.00, 96
115.00, 96
115.00, 96
115.00, 96
115.03, 96
115.03, 96
115.06, 96
115.06, 96
115.06, 96
115.06, 96
115.06, 96
115.06, 96
115.06, 96
115.06, 96
115.06, 96
115.06, 96
115.07, 96
115.07, 96
115.07, 96
115.09, 96
115.09, 96
115.10, 96
115.10, 96
115.10, 96
115.10, 96
115.10, 96
115.10, 96
115.11, 96
115.22, 96
115.22, 96
115.22, 96
115.22, 96
115.22, 96
115.36, 96
115.36, 96
115.36, 96
115.36, 96
115.37, 96
115.37, 96
115.37, 96
115.39, 96
115.39, 96
115.39, 96
115.39, 96
115.39, 96
115.39, 96
115.39, 96
115.44, 96
115.44, 96
115.44, 96
115.44, 96
115.44, 96
115.44, 96
115.44, 96
115.45, 96
115.45, 96
115.48, 96
115.48, 96
115.64, 96
115.64, 96
115.68, 96
115.72, 96
115.72, 96
115.72, 96
115.72, 96
115.72, 96
115.72, 96
115.92, 96
115.92, 96
116.08, 96
116.30, 96
116.42, 96
116.42, 96
116.42, 96
116.42, 96
116.74, 96
116.75, 96
116.75, 96
116.75, 96
116.79, 96
116.91, 96
116.91, 96
116.91, 96
116.91, 96
116.91, 96
116.92, 96
116.93, 96
117.15, 96
117.15, 96
117.15, 96
117.15, 96
117.15, 96
117.16, 96
117.38, 96
117.38, 96
117.39, 96
117.39, 96
117.39, 96
117.39, 96
117.40, 96
117.40, 96
117.43, 96
117.43, 96
117.44, 96
117.72, 96
117.72, 96
117.72, 96
117.73, 96
117.81, 96
117.81, 96
117.82, 96
117.82, 96
117.82, 96
118.01, 96
118.01, 96
118.02, 96
118.02, 96
118.02, 96
118.02, 96
118.02, 96
118.02, 96
118.03, 96
118.03, 96
118.03, 96
118.03, 96
118.05, 96
118.05, 96
118.05, 96
118.05, 96
118.05, 96
118.11, 96
118.11, 96
118.11, 96
118.11, 96
118.12, 96
118.12, 96
118.12, 96
118.13, 96
118.14, 96
118.26, 96
118.26, 96
118.27, 96
118.32, 96
118.32, 96
118.32, 96
118.32, 96
118.34, 96
118.35, 96
118.35, 96
118.35, 96
118.35, 96
118.49, 96
118.50, 96
118.50, 96
119.13, 96
119.17, 96
119.17, 96
119.24, 96
119.24, 96
119.25, 96
119.25, 96
119.25, 96
119.25, 96
119.26, 96
119.26, 96
119.26, 96
119.26, 96
119.26, 96
119.26, 96
119.26, 96
119.30, 96
119.30, 96
119.51, 96
119.53, 96
119.53, 96
119.53, 96
119.57, 96
119.57, 96
119.57, 96
119.58, 96
119.67, 96
119.86, 96
119.86, 96
119.86, 96
119.86, 96
119.86, 96
119.86, 96
119.87, 96
119.87, 96
119.87, 96
119.92, 96
119.92, 96
119.92, 96
119.92, 96
119.93, 96
119.93, 96
119.93, 96
119.93, 96
119.93, 96
119.93, 96
119.93, 96
119.93, 96
119.93, 96
119.98, 96
119.99, 96
120.00, 96
120.00, 96
120.00, 96
120.00, 96
120.00, 96
120.00, 96
120.00, 96
120.00, 96
120.03, 96
120.07, 96
120.07, 96
120.08, 96
120.08, 96
120.08, 96
120.09, 96
120.09, 96
120.09, 96
120.09, 96
120.09, 96
120.09, 96
120.09, 96
120.10, 96
120.12, 96
120.12, 96
120.12, 96
120.12, 96
120.35, 96
120.35, 96
120.35, 96
120.36, 96
120.36, 96
120.36, 96
120.36, 96
120.36, 96
120.36, 96
120.36, 96
120.36, 96
120.36, 96
120.36, 96
120.37, 96
120.37, 96
120.38, 96
120.44, 96
120.62, 96
120.66, 96
120.66, 96
120.68, 96
120.68, 96
120.69, 96
120.69, 96
120.75, 96
120.75, 96
120.99, 96
120.99, 96
120.99, 96
121.21, 96
121.21, 96
121.22, 96
121.25, 96
121.26, 96
121.27, 96
121.27, 96
121.27, 96
121.27, 96
121.28, 96
121.31, 96
121.31, 96
121.31, 96
121.55, 96
121.55, 96
121.55, 96
121.55, 96
121.55, 96
121.55, 96
121.56, 96
121.56, 96
121.76, 96
121.76, 96
121.76, 96
121.76, 96
121.76, 96
121.77, 96
121.77, 96
121.77, 96
121.77, 96
121.78, 96
121.78, 96
121.78, 96
121.79, 96
121.79, 96
121.84, 96
121.84, 96
121.84, 96
121.84, 96
122.01, 96
122.02, 96
122.02, 96
122.04, 96
122.04, 96
122.04, 96
122.04, 96
122.05, 96
122.05, 96
122.08, 96
122.08, 96
122.58, 96
122.59, 96
122.62, 96
122.62, 96
122.62, 96
122.62, 96
122.73, 96
122.73, 96
122.74, 96
122.74, 96
122.74, 96
122.74, 96
122.85, 96
122.85, 96
122.85, 96
122.85, 96
122.85, 96
122.85, 96
122.86, 96
122.86, 96
122.86, 96
122.86, 96
122.86, 96
123.19, 96
123.21, 96
123.21, 96
123.45, 96
123.45, 96
123.45, 96
123.45, 96
123.45, 96
123.45, 96
123.50, 96
123.50, 96
123.50, 96
123.50, 96
123.50, 96
123.51, 96
123.51, 96
123.51, 96
123.51, 96
123.51, 96
123.52, 96
123.52, 96
123.52, 96
123.52, 96
123.60, 96
123.60, 96
123.60, 96
123.60, 96
123.60, 96
123.60, 96
123.61, 96
123.61, 96
123.61, 96
123.61, 96
123.61, 96
123.87, 96
123.87, 96
123.87, 96
123.88, 96
123.91, 96
123.92, 96
123.92, 96
123.92, 96
123.92, 96
123.92, 96
123.92, 96
123.92, 96
123.93, 96
123.93, 96
123.93, 96
123.93, 96
123.93, 96
124.00, 96
124.00, 96
124.00, 96
124.00, 96
124.03, 96
124.24, 96
124.24, 96
124.24, 96
124.24, 96
124.24, 96
124.25, 96
124.25, 96
124.33, 96
124.36, 96
124.36, 96
124.36, 96
124.37, 96
124.37, 96
124.37, 96
124.37, 96
124.38, 96
124.38, 96
124.38, 96
124.38, 96
124.38, 96
124.58, 96
124.59, 96
124.71, 96
124.71, 96
124.71, 96
124.71, 96
124.71, 96
124.71, 96
124.71, 96
124.71, 96
124.71, 96
124.71, 96
124.72, 96
124.72, 96
124.72, 96
124.72, 96
124.72, 96
124.72, 96
124.72, 96
124.72, 96
124.73, 96
124.91, 96
124.91, 96
124.98, 96
124.98, 96
124.98, 96
125.01, 96
125.01, 96
125.01, 96
125.02, 96
125.02, 96
125.24, 96
125.25, 96
125.25, 96
125.25, 96
125.25, 96
125.25, 96
125.27, 96
125.27, 96
125.27, 96
125.27, 96
125.27, 96
125.27, 96
125.28, 96
125.29, 96
125.29, 96
125.38, 96
125.38, 96
125.39, 96
125.39, 96
125.48, 96
125.48, 96
125.49, 96
125.49, 96
125.49, 96
125.49, 96
125.57, 96
125.57, 96
125.68, 96
125.68, 96
125.68, 96
125.68, 96
125.69, 96
125.82, 96
125.83, 96
125.83, 96
125.83, 96
125.83, 96
125.83, 96
125.84, 96
125.84, 96
126.02, 96
126.02, 96
126.02, 96
126.02, 96
126.02, 96
126.03, 96
126.03, 96
126.08, 96
126.08, 96
126.08, 96
126.09, 96
126.10, 96
126.10, 96
126.10, 96
126.15, 96
126.17, 96
126.28, 96
126.28, 96
126.30, 96
126.30, 96
126.31, 96
126.31, 96
126.31, 96
126.31, 96
126.31, 96
126.31, 96
126.40, 96
126.43, 96
126.43, 96
126.43, 96
126.43, 96
126.43, 96
126.43, 96
126.44, 96
126.44, 96
126.44, 96
126.44, 96
126.44, 96
126.44, 96
126.46, 96
126.46, 96
126.46, 96
126.46, 96
126.47, 96
126.47, 96
126.47, 96
126.47, 96
126.63, 96
126.63, 96
126.63, 96
126.72, 96
126.72, 96
126.72, 96
126.72, 96
126.73, 96
126.73, 96
126.73, 96
126.73, 96
126.73, 96
126.74, 96
126.74, 96
126.78, 96
126.78, 96
126.78, 96
126.78, 96
126.78, 96
126.79, 96
126.88, 96
126.88, 96
126.89, 96
126.90, 96
126.90, 96
127.03, 96
127.03, 96
127.03, 96
127.04, 96
127.04, 96
127.04, 96
127.04, 96
127.04, 96
127.04, 96
127.04, 96
127.04, 96
127.04, 96
127.04, 96
127.04, 96
127.05, 96
127.05, 96
127.05, 96
127.06, 96
127.06, 96
127.06, 96
127.06, 96
127.06, 96
127.16, 96
127.16, 96
127.17, 96
127.18, 96
127.19, 96
127.19, 96
127.19, 96
127.20, 96
127.20, 96
127.20, 96
127.49, 96
127.49, 96
127.50, 96
127.50, 96
127.50, 96
127.52, 96
127.64, 96
127.75, 96
127.75, 96
127.75, 96
127.76, 96
127.76, 96
127.76, 96
127.80, 96
127.80, 96
127.80, 96
127.80, 96
127.80, 96
127.80, 96
127.80, 96
127.80, 96
127.86, 96
128.01, 96
128.02, 96
128.02, 96
128.03, 96
128.03, 96
128.20, 96
128.21, 96
128.21, 96
128.21, 96
128.27, 96
128.27, 96
128.27, 96
128.28, 96
128.28, 96
128.28, 96
128.28, 96
128.29, 96
128.29, 96
128.29, 96
128.29, 96
128.29, 96
128.31, 96
128.31, 96
128.31, 96
128.31, 96
128.31, 96
128.31, 96
128.31, 96
128.50, 96
128.51, 96
128.56, 96
128.56, 96
128.58, 96
128.59, 96
128.59, 96
128.59, 96
128.60, 96
128.61, 96
128.61, 96
128.77, 96
128.77, 96
128.78, 96
128.80, 96
128.82, 96
128.84, 96
128.85, 96
128.95, 96
128.95, 96
128.96, 96
128.96, 96
128.96, 96
128.96, 96
129.02, 96
129.03, 96
129.03, 96
129.03, 96
129.03, 96
129.03, 96
129.03, 96
129.03, 96
129.05, 96
129.05, 96
129.18, 96
129.18, 96
129.19, 96
129.19, 96
129.19, 96
129.21, 96
129.21, 96
129.21, 96
129.30, 96
129.30, 96
129.34, 96
129.34, 96
129.34, 96
129.55, 96
129.60, 96
129.60, 96
129.63, 96
129.89, 96
129.90, 96
129.90, 96
129.90, 96
129.90, 96
129.90, 96
129.90, 96
129.90, 96
129.90, 96
130.00, 96
130.01, 96
130.01, 96
130.01, 96
130.08, 96
130.08, 96
130.08, 96
130.10, 96
130.10, 96
130.14, 96
130.14, 96
130.15, 96
130.15, 96
130.16, 96
130.16, 96
130.16, 96
130.16, 96
130.16, 96
130.16, 96
130.16, 96
130.16, 96
130.16, 96
130.16, 96
130.17, 96
130.17, 96
130.33, 96
130.33, 96
130.44, 96
130.44, 96
130.44, 96
130.45, 96
130.45, 96
130.46, 96
130.47, 96
130.48, 96
130.52, 96
130.58, 96
130.78, 96
130.78, 96
130.78, 96
131.00, 96
131.00, 96
131.00, 96
131.00, 96
131.00, 96
131.00, 96
131.01, 96
131.01, 96
131.03, 96
131.03, 96
131.11, 96
131.11, 96
131.11, 96
131.12, 96
131.12, 96
131.12, 96
131.13, 96
131.13, 96
131.35, 96
131.35, 96
131.36, 96
131.36, 96
131.36, 96
131.36, 96
131.37, 96
131.54, 96
131.55, 96
131.55, 96
131.55, 96
131.60, 96
131.60, 96
131.61, 96
131.61, 96
131.97, 96
131.97, 96
131.97, 96
132.00, 96
132.02, 96
132.02, 96
132.03, 96
132.03, 96
132.04, 96
132.04, 96
132.04, 96
132.04, 96
132.04, 96
132.04, 96
132.21, 96
132.21, 96
132.22, 96
132.22, 96
132.22, 96
132.26, 96
132.26, 96
132.26, 96
132.27, 96
132.27, 96
132.28, 96
132.41, 96
132.41, 96
132.41, 96
132.42, 96
132.42, 96
132.73, 96
132.73, 96
132.89, 96
132.89, 96
132.89, 96
132.89, 96
132.94, 96
132.94, 96
132.94, 96
132.94, 96
132.96, 96
132.96, 96
132.96, 96
132.96, 96
132.97, 96
132.97, 96
132.97, 96
132.97, 96
132.97, 96
132.97, 96
132.97, 96
132.98, 96
132.98, 96
132.98, 96
132.98, 96
132.98, 96
132.98, 96
133.20, 96
133.20, 96
133.21, 96
133.21, 96
133.21, 96
133.21, 96
133.28, 96
133.29, 96
133.29, 96
133.29, 96
133.29, 96
133.29, 96
133.29, 96
133.29, 96
133.29, 96
133.57, 96
133.57, 96
133.57, 96
133.57, 96
133.58, 96
133.58, 96
133.58, 96
133.78, 96
133.78, 96
133.78, 96
133.80, 96
133.80, 96
133.80, 96
133.82, 96
133.82, 96
133.82, 96
133.82, 96
133.95, 96
133.95, 96
133.95, 96
133.96, 96
133.96, 96
133.98, 96
133.98, 96
133.98, 96
133.98, 96
133.98, 96
133.99, 96
133.99, 96
133.99, 96
133.99, 96
133.99, 96
134.16, 96
134.23, 96
134.23, 96
134.24, 96
134.24, 96
134.24, 96
134.52, 96
134.52, 96
134.52, 96
134.53, 96
134.53, 96
134.53, 96
134.54, 96
134.54, 96
134.54, 96
134.54, 96
134.55, 96
134.56, 96
134.56, 96
134.57, 96
134.57, 96
134.57, 96
134.59, 96
134.74, 96
134.74, 96
134.75, 96
135.02, 96
135.02, 96
135.02, 96
135.03, 96
135.03, 96
135.04, 96
135.04, 96
135.04, 96
135.04, 96
135.04, 96
135.04, 96
135.04, 96
135.05, 96
135.05, 96
135.05, 96
135.05, 96
135.05, 96
135.07, 96
135.07, 96
135.08, 96
135.08, 96
135.08, 96
135.09, 96
135.09, 96
135.09, 96
135.09, 96
135.09, 96
135.09, 96
135.09, 96
135.09, 96
135.09, 96
135.13, 96
135.13, 96
135.42, 96
135.56, 96
135.56, 96
135.57, 96
135.67, 96
135.67, 96
135.67, 96
135.67, 96
135.69, 96
135.69, 96
135.69, 96
135.72, 96
135.72, 96
135.72, 96
135.76, 96
135.76, 96
135.76, 96
135.76, 96
135.76, 96
135.76, 96
135.76, 96
135.76, 96
135.77, 96
135.81, 96
135.81, 96
135.81, 96
135.81, 96
135.81, 96
135.81, 96
135.82, 96
135.82, 96
135.86, 96
135.86, 96
136.22, 96
136.22, 96
136.22, 96
136.22, 96
136.29, 96
136.30, 96
136.31, 96
136.37, 96
136.37, 96
136.64, 96
136.64, 96
136.64, 96
136.64, 96
136.64, 96
136.64, 96
136.64, 96
136.65, 96
136.65, 96
136.65, 96
136.65, 96
136.68, 96
136.69, 96
136.70, 96
136.70, 96
136.70, 96
136.70, 96
136.70, 96
136.70, 96
137.04, 96
137.06, 96
137.06, 96
137.06, 96
137.06, 96
137.06, 96
137.06, 96
137.09, 96
137.09, 96
137.11, 96
137.12, 96
137.20, 96
137.20, 96
137.20, 96
137.20, 96
137.20, 96
137.21, 96
137.21, 96
137.21, 96
137.21, 96
137.22, 96
137.23, 96
137.23, 96
137.38, 96
137.66, 96
137.66, 96
137.68, 96
137.68, 96
137.68, 96
137.96, 96
137.96, 96
138.06, 96
138.07, 96
138.07, 96
138.16, 96
138.16, 96
138.16, 96
138.18, 96
138.23, 96
138.25, 96
138.25, 96
138.25, 96
138.25, 96
138.25, 96
138.30, 96
138.30, 96
138.32, 96
138.33, 96
138.33, 96
138.33, 96
138.39, 96
138.39, 96
138.40, 96
138.40, 96
138.40, 96
138.41, 96
138.48, 96
138.48, 96
138.80, 96
138.80, 96
138.80, 96
138.80, 96
138.80, 96
138.80, 96
138.80, 96
138.81, 96
138.81, 96
138.83, 96
138.87, 96
138.87, 96
138.89, 96
138.95, 96
138.95, 96
138.95, 96
138.95, 96
138.96, 96
138.96, 96
138.97, 96
139.12, 96
139.30, 96
139.35, 96
139.36, 96
139.36, 96
139.36, 96
139.36, 96
139.46, 96
139.46, 96
139.46, 96
139.46, 96
139.47, 96
139.69, 96
139.69, 96
139.69, 96
139.69, 96
139.70, 96
139.70, 96
139.98, 96
139.98, 96
139.98, 96
139.98, 96
139.99, 96
139.99, 96
139.99, 96
139.99, 96
139.99, 96
140.00, 96
140.02, 96
140.02, 96
140.02, 96
140.02, 96
140.02, 96
140.02, 96
140.02, 96
140.03, 96
140.03, 96
140.04, 96
140.04, 96
140.05, 96
140.05, 96
140.05, 96
140.05, 96
140.05, 96
140.05, 96
140.05, 96
140.05, 96
140.05, 96
140.05, 96
140.06, 96
140.06, 96
140.06, 96
140.06, 96
140.06, 96
140.06, 96
140.07, 96
140.18, 96
140.18, 96
140.18, 96
140.19, 96
140.19, 96
140.19, 96
140.36, 96
140.36, 96
140.36, 96
140.39, 96
140.39, 96
140.40, 96
140.55, 96
140.68, 96
140.68, 96
140.68, 96
140.68, 96
140.69, 96
140.69, 96
140.69, 96
140.94, 96
140.95, 96
140.95, 96
140.95, 96
140.96, 96
140.96, 96
140.98, 96
140.98, 96
140.98, 96
140.99, 96
140.99, 96
140.99, 96
140.99, 96
141.00, 96
141.06, 96
141.06, 96
141.06, 96
141.06, 96
141.07, 96
141.07, 96
141.07, 96
141.07, 96
141.24, 96
141.24, 96
141.61, 96
141.61, 96
141.61, 96
141.61, 96
141.61, 96
141.62, 96
141.71, 96
141.71, 96
141.71, 96
141.71, 96
141.71, 96
141.72, 96
141.72, 96
141.72, 96
141.73, 96
141.73, 96
141.73, 96
141.80, 96
141.80, 96
141.80, 96
141.80, 96
141.81, 96
141.94, 96
141.94, 96
141.95, 96
141.95, 96
141.96, 96
141.97, 96
141.97, 96
142.80, 96
142.80, 96
142.80, 96
142.90, 96
142.90, 96
142.91, 96
142.91, 96
142.93, 96
143.35, 96
143.38, 96
143.38, 96
143.38, 96
143.38, 96
143.39, 96
143.39, 96
143.40, 96
143.40, 96
143.40, 96
143.56, 96
143.56, 96
143.56, 96
143.56, 96
143.56, 96
143.56, 96
143.57, 96
143.57, 96
143.99, 96
143.99, 96
144.23, 96
144.40, 96
144.41, 96
144.41, 96
144.41, 96
144.42, 96
144.42, 96
144.42, 96
144.42, 96
144.42, 96
144.49, 96
144.49, 96
144.49, 96
144.50, 96
144.50, 96
144.50, 96
144.52, 96
144.52, 96
144.52, 96
144.52, 96
144.52, 96
144.52, 96
144.52, 96
144.52, 96
144.80, 96
144.80, 96
144.81, 96
144.82, 96
144.83, 96
144.83, 96
144.83, 96
144.83, 96
144.86, 96
144.86, 96
144.86, 96
144.86, 96
144.87, 96
144.87, 96
144.87, 96
144.87, 96
144.87, 96
144.92, 96
144.92, 96
144.92, 96
144.92, 96
144.92, 96
144.93, 96
144.93, 96
144.93, 96
144.93, 96
144.93, 96
144.93, 96
144.93, 96
144.93, 96
144.93, 96
144.93, 96
145.08, 96
145.50, 96
145.50, 96
145.50, 96
145.51, 96
145.51, 96
145.52, 96
145.52, 96
145.61, 96
145.61, 96
145.62, 96
145.62, 96
145.62, 96
145.62, 96
145.62, 96
145.62, 96
145.62, 96
145.63, 96
145.64, 96
145.64, 96
145.69, 96
145.76, 96
145.76, 96
145.76, 96
145.76, 96
145.77, 96
145.77, 96
145.77, 96
145.81, 96
145.82, 96
145.82, 96
145.82, 96
145.83, 96
145.83, 96
145.83, 96
145.89, 96
145.89, 96
145.89, 96
146.07, 96
146.08, 96
146.10, 96
146.10, 96
146.15, 96
146.15, 96
146.15, 96
146.15, 96
146.15, 96
146.15, 96
146.15, 96
146.15, 96
146.16, 96
146.16, 96
146.16, 96
146.26, 96
146.26, 96
146.37, 96
146.37, 96
146.37, 96
146.52, 96
146.55, 96
146.55, 96
146.55, 96
146.55, 96
146.56, 96
146.56, 96
146.56, 96
146.56, 96
146.56, 96
146.56, 96
146.56, 96
146.56, 96
146.63, 96
146.63, 96
146.64, 96
146.64, 96
146.68, 96
146.68, 96
146.68, 96
146.70, 96
146.70, 96
146.70, 96
146.71, 96
146.71, 96
146.71, 96
146.71, 96
146.71, 96
146.71, 96
146.71, 96
146.72, 96
146.94, 96
146.96, 96
146.96, 96
146.96, 96
146.98, 96
146.98, 96
146.99, 96
146.99, 96
147.01, 96
147.04, 96
147.04, 96
147.04, 96
147.04, 96
147.05, 96
147.05, 96
147.05, 96
147.06, 96
147.21, 96
147.21, 96
147.22, 96
147.22, 96
147.23, 96
147.23, 96
147.23, 96
147.23, 96
147.24, 96
147.25, 96
147.25, 96
147.25, 96
147.27, 96
147.28, 96
147.34, 96
147.35, 96
147.35, 96
147.35, 96
147.35, 96
147.36, 96
147.36, 96
147.37, 96
147.39, 96
147.39, 96
147.46, 96
147.46, 96
147.46, 96
147.50, 96
147.50, 96
147.50, 96
147.50, 96
147.50, 96
147.50, 96
147.50, 96
147.60, 96
147.60, 96
147.60, 96
147.61, 96
147.61, 96
147.61, 96
147.99, 96
148.11, 96
148.14, 96
148.14, 96
148.17, 96
148.18, 96
148.27, 96
148.28, 96
148.28, 96
148.28, 96
148.28, 96
148.28, 96
148.44, 96
148.44, 96
148.66, 96
148.78, 96
148.79, 96
148.79, 96
148.79, 96
148.82, 96
148.83, 96
148.83, 96
148.83, 96
148.83, 96
148.83, 96
148.83, 96
148.83, 96
148.83, 96
148.83, 96
148.84, 96
148.84, 96
148.90, 96
149.17, 96
149.20, 96
149.22, 96
149.22, 96
149.23, 96
149.23, 96
149.32, 96
149.32, 96
149.33, 96
149.33, 96
149.34, 96
149.34, 96
149.34, 96
149.34, 96
149.34, 96
149.34, 96
149.34, 96
149.35, 96
149.35, 96
149.35, 96
149.45, 96
149.47, 96
149.47, 96
149.47, 96
149.48, 96
149.48, 96
149.48, 96
149.48, 96
149.48, 96
149.48, 96
149.48, 96
149.49, 96
149.49, 96
149.53, 96
149.54, 96
149.66, 96
149.66, 96
149.78, 96
149.78, 96
149.78, 96
149.78, 96
149.79, 96
149.79, 96
149.79, 96
149.83, 96
149.83, 96
149.84, 96
149.84, 96
149.84, 96
149.94, 96
149.96, 96
150.05, 96
150.09, 96
150.09, 96
150.09, 96
150.11, 96
150.12, 96
150.12, 96
150.12, 96
150.12, 96
150.12, 96
150.14, 96
150.22, 96
150.22, 96
150.22, 96
150.22, 96
150.23, 96
150.32, 96
150.32, 96
150.32, 96
150.34, 96
150.34, 96
150.34, 96
150.34, 96
150.46, 96
150.50, 96
150.56, 96
150.56, 96
150.57, 96
150.79, 96
150.80, 96
150.83, 96
150.83, 96
150.84, 96
150.85, 96
150.86, 96
150.86, 96
150.87, 96
151.00, 96
151.00, 96
151.00, 96
151.09, 96
151.09, 96
151.09, 96
151.12, 96
151.13, 96
151.13, 96
151.13, 96
151.14, 96
151.14, 96
151.14, 96
151.15, 96
151.44, 96
151.44, 96
151.44, 96
151.47, 96
151.47, 96
151.47, 96
151.54, 96
151.54, 96
151.66, 96
151.66, 96
151.66, 96
151.82, 96
151.82, 96
151.85, 96
151.86, 96
151.86, 96
151.86, 96
151.86, 96
151.86, 96
151.87, 96
151.87, 96
151.87, 96
151.87, 96
151.87, 96
151.88, 96
151.88, 96
151.89, 96
151.89, 96
151.89, 96
151.97, 96
151.97, 96
152.06, 96
152.09, 96
152.09, 96
152.09, 96
152.11, 96
152.11, 96
152.11, 96
152.11, 96
152.13, 96
152.14, 96
152.14, 96
152.15, 96
152.15, 96
152.15, 96
152.16, 96
152.16, 96
152.16, 96
152.16, 96
152.16, 96
152.17, 96
152.17, 96
152.17, 96
152.18, 96
152.18, 96
152.18, 96
152.18, 96
152.18, 96
152.18, 96
152.18, 96
152.18, 96
152.18, 96
152.20, 96
152.23, 96
152.23, 96
152.23, 96
152.23, 96
152.24, 96
152.24, 96
152.24, 96
152.24, 96
152.24, 96
152.24, 96
152.24, 96
152.26, 96
152.26, 96
152.26, 96
152.26, 96
152.26, 96
152.26, 96
152.27, 96
152.27, 96
152.27, 96
152.28, 96
152.28, 96
152.29, 96
152.37, 96
152.37, 96
152.37, 96
152.50, 96
152.52, 96
152.52, 96
152.52, 96
152.52, 96
152.52, 96
152.52, 96
152.52, 96
152.56, 96
152.57, 96
152.57, 96
152.57, 96
152.57, 96
152.57, 96
152.57, 96
152.58, 96
152.59, 96
152.59, 96
152.59, 96
152.59, 96
152.62, 96
152.63, 96
152.64, 96
152.65, 96
152.65, 96
152.65, 96
152.65, 96
152.66, 96
152.67, 96
152.67, 96
152.67, 96
152.67, 96
152.67, 96
152.67, 96
152.67, 96
152.82, 96
152.82, 96
152.96, 96
153.02, 96
153.02, 96
153.08, 96
153.08, 96
153.09, 96
153.09, 96
153.09, 96
153.09, 96
153.09, 96
153.09, 96
153.09, 96
153.09, 96
153.09, 96
153.10, 96
153.16, 96
153.17, 96
153.18, 96
153.21, 96
153.26, 96
153.40, 96
153.40, 96
153.40, 96
153.40, 96
153.42, 96
153.42, 96
153.43, 96
153.43, 96
153.44, 96
153.79, 96
153.79, 96
153.84, 96
154.38, 96
154.38, 96
154.38, 96
154.38, 96
154.38, 96
154.62, 96
154.62, 96
154.63, 96
154.63, 96
154.63, 96
154.65, 96
154.65, 96
154.65, 96
154.76, 96
154.85, 96
155.04, 96
155.04, 96
155.04, 96
155.18, 96
155.18, 96
155.20, 96
155.26, 96
155.26, 96
155.27, 96
155.27, 96
155.34, 96
155.34, 96
155.34, 96
155.34, 96
155.79, 96
155.79, 96
155.81, 96
155.84, 96
155.84, 96
155.84, 96
155.84, 96
155.84, 96
155.84, 96
155.84, 96
155.84, 96
156.03, 96
156.03, 96
156.03, 96
156.03, 96
156.03, 96
156.03, 96
156.03, 96
156.04, 96
156.04, 96
156.05, 96
156.21, 96
156.23, 96
156.23, 96
156.23, 96
156.33, 96
156.33, 96
156.52, 96
156.52, 96
156.53, 96
156.53, 96
156.53, 96
156.53, 96
156.53, 96
156.53, 96
156.53, 96
156.54, 96
156.54, 96
156.54, 96
156.67, 96
156.68, 96
156.68, 96
156.68, 96
156.68, 96
156.69, 96
156.69, 96
156.69, 96
156.69, 96
156.69, 96
156.70, 96
156.75, 96
156.75, 96
156.75, 96
156.75, 96
156.75, 96
156.75, 96
156.78, 96
156.78, 96
156.78, 96
156.78, 96
156.90, 96
156.90, 96
156.90, 96
156.90, 96
156.91, 96
156.91, 96
156.91, 96
156.91, 96
156.91, 96
156.91, 96
156.96, 96
156.96, 96
156.96, 96
157.08, 96
157.08, 96
157.20, 96
157.20, 96
157.20, 96
157.20, 96
157.22, 96
157.22, 96
157.23, 96
157.23, 96
157.23, 96
157.23, 96
157.23, 96
157.23, 96
157.23, 96
157.23, 96
157.23, 96
157.23, 96
157.24, 96
157.24, 96
157.24, 96
157.25, 96
157.25, 96
157.26, 96
157.26, 96
157.45, 96
157.45, 96
157.53, 96
157.60, 96
157.66, 96
157.66, 96
157.67, 96
157.67, 96
157.76, 96
157.78, 96
157.78, 96
157.78, 96
157.78, 96
157.79, 96
157.79, 96
157.79, 96
157.83, 96
157.83, 96
157.83, 96
158.24, 96
158.51, 96
158.51, 96
158.52, 96
158.52, 96
158.63, 96
158.63, 96
158.63, 96
158.63, 96
158.63, 96
158.75, 96
158.85, 96
158.85, 96
158.85, 96
158.85, 96
159.09, 96
159.09, 96
159.09, 96
159.15, 96
159.15, 96
159.15, 96
159.16, 96
159.16, 96
159.16, 96
159.27, 96
159.27, 96
159.28, 96
159.28, 96
159.28, 96
159.28, 96
159.28, 96
159.32, 96
159.32, 96
159.32, 96
159.32, 96
159.32, 96
159.32, 96
159.32, 96
159.32, 96
159.32, 96
159.34, 96
159.45, 96
159.45, 96
159.45, 96
159.45, 96
159.45, 96
159.46, 96
159.46, 96
159.46, 96
159.46, 96
159.46, 96
159.49, 96
159.56, 96
159.72, 96
159.73, 96
159.73, 96
159.73, 96
159.74, 96
159.75, 96
159.78, 96
159.92, 96
160.00, 96
160.00, 96
160.00, 96
160.00, 96
160.07, 96
160.18, 96
160.50, 96
160.67, 96
160.70, 96
160.72, 96
160.72, 96
160.85, 96
160.85, 96
160.85, 96
160.85, 96
160.91, 96
160.91, 96
160.91, 96
160.91, 96
160.92, 96
160.92, 96
160.92, 96
160.92, 96
160.92, 96
160.98, 96
160.98, 96
160.98, 96
160.98, 96
160.98, 96
160.98, 96
160.99, 96
160.99, 96
160.99, 96
160.99, 96
161.00, 96
161.00, 96
161.00, 96
161.00, 96
161.00, 96
161.13, 96
161.13, 96
161.13, 96
161.27, 96
161.27, 96
161.27, 96
161.27, 96
161.27, 96
161.47, 96
161.47, 96
161.48, 96
161.48, 96
161.48, 96
161.48, 96
161.48, 96
161.49, 96
161.50, 96
161.50, 96
161.50, 96
161.53, 96
161.53, 96
161.53, 96
161.54, 96
161.54, 96
161.60, 96
161.60, 96
161.60, 96
161.61, 96
161.61, 96
161.63, 96
161.63, 96
161.63, 96
161.66, 96
161.66, 96
161.67, 96
161.67, 96
161.67, 96
161.67, 96
161.68, 96
161.70, 96
161.70, 96
161.70, 96
161.70, 96
161.71, 96
161.72, 96
161.84, 96
161.84, 96
161.84, 96
161.85, 96
161.86, 96
161.86, 96
161.86, 96
161.86, 96
161.93, 96
161.93, 96
161.93, 96
161.93, 96
162.33, 96
162.33, 96
162.33, 96
162.33, 96
162.34, 96
162.34, 96
162.34, 96
162.34, 96
162.34, 96
162.34, 96
162.34, 96
162.36, 96
162.41, 96
162.41, 96
162.41, 96
162.41, 96
162.41, 96
162.50, 96
162.50, 96
162.50, 96
162.51, 96
162.51, 96
162.51, 96
162.62, 96
162.62, 96
162.63, 96
162.63, 96
162.97, 96
162.97, 96
162.99, 96
162.99, 96
162.99, 96
162.99, 96
163.20, 96
163.22, 96
163.23, 96
163.23, 96
163.23, 96
163.23, 96
163.24, 96
163.24, 96
163.24, 96
163.30, 96
163.43, 96
163.43, 96
163.51, 96
163.57, 96
163.67, 96
163.68, 96
163.68, 96
163.74, 96
163.74, 96
163.74, 96
163.74, 96
163.88, 96
163.88, 96
163.88, 96
163.92, 96
163.92, 96
163.92, 96
163.92, 96
163.93, 96
163.93, 96
163.93, 96
164.01, 96
164.01, 96
164.01, 96
164.01, 96
164.02, 96
164.03, 96
164.04, 96
164.04, 96
164.04, 96
164.04, 96
164.16, 96
164.17, 96
164.17, 96
164.17, 96
164.17, 96
164.17, 96
164.17, 96
164.17, 96
164.18, 96
164.18, 96
164.18, 96
164.18, 96
164.56, 96
164.70, 96
164.70, 96
164.71, 96
164.71, 96
164.71, 96
164.79, 96
164.79, 96
164.79, 96
164.80, 96
164.80, 96
164.80, 96
164.80, 96
164.80, 96
164.80, 96
164.80, 96
164.80, 96
165.09, 96
165.09, 96
165.09, 96
165.11, 96
165.11, 96
165.11, 96
165.11, 96
165.12, 96
165.12, 96
165.12, 96
165.36, 96
165.36, 96
165.39, 96
165.40, 96
165.40, 96
165.40, 96
165.46, 96
165.46, 96
165.46, 96
165.46, 96
165.46, 96
165.47, 96
165.48, 96
165.48, 96
165.49, 96
165.57, 96
165.58, 96
165.58, 96
165.58, 96
165.59, 96
165.59, 96
165.59, 96
165.59, 96
165.60, 96
165.60, 96
165.60, 96
165.63, 96
165.63, 96
165.64, 96
165.64, 96
165.79, 96
165.79, 96
165.79, 96
165.79, 96
165.82, 96
165.82, 96
165.82, 96
165.82, 96
165.82, 96
165.82, 96
166.03, 96
166.03, 96
166.15, 96
166.15, 96
166.15, 96
166.15, 96
166.15, 96
166.16, 96
166.16, 96
166.16, 96
166.16, 96
166.16, 96
166.17, 96
166.17, 96
166.17, 96
166.22, 96
166.23, 96
166.23, 96
166.23, 96
166.23, 96
166.26, 96
166.26, 96
166.26, 96
166.26, 96
166.26, 96
166.26, 96
166.37, 96
166.37, 96
166.37, 96
166.41, 96
166.42, 96
166.42, 96
166.42, 96
166.54, 96
166.71, 96
166.71, 96
166.71, 96
166.83, 96
166.83, 96
166.83, 96
166.84, 96
167.09, 96
167.17, 96
167.17, 96
167.31, 96
167.50, 96
167.50, 96
167.50, 96
167.50, 96
167.50, 96
167.53, 96
167.53, 96
167.54, 96
167.63, 96
167.63, 96
167.63, 96
167.63, 96
167.63, 96
167.84, 96
167.84, 96
167.85, 96
167.85, 96
167.85, 96
167.85, 96
167.86, 96
167.86, 96
167.86, 96
167.86, 96
167.88, 96
167.89, 96
168.20, 96
168.34, 96
168.34, 96
168.34, 96
168.34, 96
168.34, 96
168.34, 96
168.34, 96
168.34, 96
168.35, 96
168.35, 96
168.35, 96
168.45, 96
168.45, 96
168.45, 96
168.45, 96
168.45, 96
168.45, 96
168.48, 96
168.49, 96
168.75, 96
168.75, 96
168.75, 96
168.75, 96
168.90, 96
168.91, 96
168.91, 96
168.91, 96
168.91, 96
168.91, 96
169.07, 96
169.08, 96
169.08, 96
169.08, 96
169.08, 96
169.16, 96
169.16, 96
169.16, 96
169.16, 96
169.16, 96
169.16, 96
169.17, 96
169.20, 96
169.20, 96
169.24, 96
169.24, 96
169.27, 96
169.27, 96
169.27, 96
169.27, 96
169.27, 96
169.27, 96
169.28, 96
169.28, 96
169.28, 96
169.28, 96
169.28, 96
169.28, 96
169.28, 96
169.29, 96
169.29, 96
169.29, 96
169.29, 96
169.32, 96
169.32, 96
169.37, 96
169.37, 96
169.39, 96
169.40, 96
169.40, 96
169.40, 96
169.41, 96
169.52, 96
169.52, 96
169.52, 96
169.53, 96
169.53, 96
169.53, 96
169.53, 96
169.53, 96
169.53, 96
169.53, 96
169.54, 96
169.54, 96
169.54, 96
169.54, 96
169.54, 96
169.60, 96
169.61, 96
169.69, 96
169.70, 96
169.70, 96
169.79, 96
169.81, 96
169.81, 96
169.81, 96
169.82, 96
169.82, 96
169.82, 96
169.82, 96
169.84, 96
169.84, 96
169.84, 96
169.84, 96
169.85, 96
169.98, 96
170.10, 96
170.10, 96
170.10, 96
170.10, 96
170.10, 96
170.10, 96
170.11, 96
170.11, 96
170.17, 96
170.17, 96
170.17, 96
170.18, 96
170.18, 96
170.25, 96
170.25, 96
170.25, 96
170.31, 96
170.31, 96
170.31, 96
170.31, 96
170.31, 96
170.32, 96
170.32, 96
170.32, 96
170.32, 96
170.32, 96
170.33, 96
170.33, 96
170.60, 96
170.60, 96
170.60, 96
170.60, 96
170.60, 96
170.63, 96
170.72, 96
170.72, 96
170.73, 96
170.91, 96
170.95, 96
170.95, 96
170.96, 96
170.96, 96
170.96, 96
171.19, 96
171.19, 96
171.19, 96
171.19, 96
171.19, 96
171.19, 96
171.20, 96
171.20, 96
171.20, 96
171.20, 96
171.20, 96
171.20, 96
171.20, 96
171.21, 96
171.22, 96
171.22, 96
171.22, 96
171.34, 96
171.34, 96
171.34, 96
171.34, 96
171.38, 96
171.43, 96
171.43, 96
171.45, 96
171.45, 96
171.45, 96
171.68, 96
171.68, 96
171.68, 96
171.69, 96
171.78, 96
171.78, 96
171.79, 96
171.79, 96
171.80, 96
171.80, 96
171.80, 96
171.80, 96
171.80, 96
171.80, 96
171.80, 96
171.80, 96
171.80, 96
171.81, 96
171.82, 96
171.93, 96
171.94, 96
171.95, 96
171.95, 96
171.95, 96
171.96, 96
171.96, 96
171.96, 96
172.04, 96
172.04, 96
172.08, 96
172.16, 96
172.16, 96
172.24, 96
172.28, 96
172.28, 96
172.28, 96
172.29, 96
172.29, 96
172.42, 96
172.42, 96
172.43, 96
172.43, 96
172.43, 96
172.44, 96
172.44, 96
172.67, 96
172.70, 96
172.71, 96
172.77, 96
172.78, 96
172.78, 96
173.11, 96
173.11, 96
173.12, 96
173.12, 96
173.13, 96
173.13, 96
173.28, 96
173.28, 96
173.28, 96
173.28, 96
173.28, 96
173.28, 96
173.28, 96
173.33, 96
173.33, 96
173.46, 96
173.55, 96
173.55, 96
173.55, 96
173.57, 96
173.57, 96
173.86, 96
173.86, 96
173.96, 96
173.96, 96
173.96, 96
173.96, 96
173.96, 96
173.96, 96
173.98, 96
173.98, 96
174.01, 96
174.14, 96
174.28, 96
174.28, 96
174.28, 96
174.30, 96
174.30, 96
174.30, 96
174.30, 96
174.30, 96
174.30, 96
174.30, 96
174.30, 96
174.30, 96
174.31, 96
174.31, 96
174.32, 96
174.32, 96
174.46, 96
174.53, 96
174.56, 96
174.56, 96
174.56, 96
174.56, 96
174.56, 96
174.57, 96
174.57, 96
174.75, 96
174.76, 96
174.76, 96
174.80, 96
174.80, 96
174.80, 96
174.81, 96
174.81, 96
174.81, 96
174.81, 96
174.81, 96
174.81, 96
174.81, 96
174.81, 96
174.97, 96
174.97, 96
174.98, 96
174.99, 96
174.99, 96
174.99, 96
175.00, 96
175.00, 96
175.00, 96
175.06, 96
175.09, 96
175.19, 96
175.20, 96
175.20, 96
175.24, 96
175.24, 96
175.24, 96
175.42, 96
175.44, 96
175.45, 96
175.45, 96
175.45, 96
175.45, 96
175.45, 96
175.45, 96
175.47, 96
175.47, 96
175.52, 96
175.52, 96
175.52, 96
175.53, 96
175.53, 96
175.53, 96
175.53, 96
175.54, 96
175.54, 96
175.55, 96
175.55, 96
175.56, 96
175.57, 96
175.59, 96
175.59, 96
175.59, 96
175.59, 96
175.60, 96
175.60, 96
175.60, 96
175.63, 96
175.63, 96
175.63, 96
175.63, 96
175.63, 96
175.63, 96
175.63, 96
175.63, 96
175.64, 96
175.64, 96
175.64, 96
175.64, 96
175.65, 96
175.65, 96
175.66, 96
175.66, 96
175.66, 96
175.69, 96
175.69, 96
175.69, 96
175.69, 96
175.70, 96
175.70, 96
175.70, 96
176.03, 96
176.27, 96
176.27, 96
176.28, 96
176.28, 96
176.29, 96
176.29, 96
176.29, 96
176.33, 96
176.33, 96
176.33, 96
176.33, 96
176.33, 96
176.44, 96
176.44, 96
176.44, 96
176.48, 96
176.81, 96
176.81, 96
176.81, 96
176.81, 96
176.81, 96
176.81, 96
176.81, 96
176.83, 96
176.83, 96
176.83, 96
176.84, 96
176.84, 96
176.84, 96
176.84, 96
176.84, 96
176.96, 96
176.96, 96
176.96, 96
176.96, 96
176.96, 96
176.97, 96
176.97, 96
176.97, 96
176.97, 96
176.97, 96
176.97, 96
176.97, 96
177.02, 96
177.02, 96
177.02, 96
177.02, 96
177.03, 96
177.03, 96
177.08, 96
177.08, 96
177.09, 96
177.10, 96
177.10, 96
177.10, 96
177.10, 96
177.10, 96
177.11, 96
177.11, 96
177.13, 96
177.15, 96
177.16, 96
177.32, 96
177.39, 96
177.39, 96
177.76, 96
177.76, 96
177.76, 96
177.76, 96
177.76, 96
177.76, 96
177.76, 96
177.76, 96
177.77, 96
177.77, 96
178.03, 96
178.03, 96
178.03, 96
178.03, 96
178.03, 96
178.03, 96
178.04, 96
178.04, 96
178.05, 96
178.05, 96
178.05, 96
178.11, 96
178.11, 96
178.11, 96
178.13, 96
178.14, 96
178.14, 96
178.14, 96
178.14, 96
178.15, 96
178.15, 96
178.15, 96
178.16, 96
178.16, 96
178.28, 96
178.36, 96
178.36, 96
178.48, 96
178.66, 96
178.66, 96
178.66, 96
178.70, 96
178.73, 96
178.73, 96
178.73, 96
178.73, 96
178.73, 96
178.74, 96
179.03, 96
179.03, 96
179.03, 96
179.03, 96
179.03, 96
179.04, 96
179.04, 96
179.04, 96
179.09, 96
179.09, 96
179.09, 96
179.29, 96
179.30, 96
179.30, 96
179.30, 96
179.30, 96
179.30, 96
179.53, 96
179.55, 96
179.55, 96
179.55, 96
179.55, 96
179.55, 96
179.55, 96
179.56, 96
179.56, 96
179.57, 96
179.57, 96
179.67, 96
179.67, 96
179.68, 96
179.68, 96
179.68, 96
179.68, 96
179.68, 96
179.68, 96
