0.02, 102
0.02, 100
0.02, 99
0.02, 99
0.02, 99
0.02, 99
0.03, 99
0.03, 98
0.03, 98
0.03, 98
0.03, 98
0.03, 98
0.03, 98
0.03, 98
0.05, 98
0.05, 98
0.05, 98
0.05, 98
0.06, 98
0.06, 97
0.06, 97
0.06, 97
0.08, 97
0.08, 97
0.08, 97
0.08, 97
0.08, 97
0.08, 97
0.09, 97
0.09, 97
0.09, 97
0.09, 97
0.10, 97
0.10, 97
0.10, 97
0.10, 97
0.11, 97
0.11, 97
0.11, 97
0.11, 97
0.12, 97
0.12, 97
0.13, 97
0.13, 97
0.14, 97
0.14, 97
0.14, 97
0.14, 97
0.14, 97
0.14, 97
0.21, 97
0.21, 97
0.23, 97
0.23, 97
0.23, 97
0.23, 97
0.24, 97
0.24, 97
0.24, 97
0.25, 97
0.27, 97
0.27, 97
0.28, 97
0.28, 97
0.29, 97
0.29, 97
0.29, 97
0.29, 97
0.29, 97
0.29, 97
0.30, 97
0.30, 97
0.32, 97
0.33, 97
0.34, 97
0.34, 97
0.36, 97
0.36, 97
0.36, 97
0.36, 97
0.36, 97
0.36, 97
0.36, 97
0.36, 97
0.37, 97
0.39, 97
0.41, 97
0.41, 97
0.41, 97
0.41, 97
0.41, 97
0.41, 97
0.42, 97
0.42, 97
0.42, 97
0.43, 97
0.43, 97
0.43, 97
0.43, 97
0.43, 96
0.43, 96
0.43, 96
0.43, 96
0.45, 96
0.45, 96
0.49, 96
0.49, 96
0.49, 96
0.52, 96
0.52, 96
0.52, 96
0.55, 96
0.56, 96
0.56, 96
0.56, 96
0.60, 96
0.60, 96
0.60, 96
0.60, 96
0.87, 96
0.87, 96
0.87, 96
0.87, 96
0.87, 96
0.90, 96
0.90, 96
0.90, 96
0.92, 96
0.92, 96
0.97, 96
0.97, 96
0.98, 96
0.98, 96
0.98, 96
0.98, 96
0.98, 96
1.20, 96
1.24, 96
1.25, 96
1.25, 96
1.33, 96
1.33, 96
1.88, 96
1.88, 96
1.88, 96
1.88, 96
1.89, 96
1.91, 96
1.91, 96
1.91, 96
1.91, 96
1.91, 96
1.93, 96
1.94, 96
1.94, 96
1.94, 96
1.94, 96
2.03, 96
2.03, 96
2.03, 96
2.03, 96
2.04, 96
2.04, 96
2.08, 96
2.08, 96
2.08, 96
2.11, 96
2.11, 96
2.14, 96
2.14, 96
2.16, 96
2.16, 96
2.17, 96
2.18, 96
2.18, 96
2.18, 96
2.18, 96
2.18, 96
2.19, 96
2.19, 96
2.19, 96
2.19, 96
2.20, 96
2.60, 96
2.61, 96
2.61, 96
2.61, 96
2.62, 96
2.62, 96
2.62, 96
2.62, 96
3.09, 96
3.09, 96
3.10, 96
3.23, 96
3.23, 96
3.23, 96
3.24, 96
3.24, 96
3.24, 96
3.24, 96
3.45, 96
3.48, 96
3.48, 96
3.49, 96
3.49, 96
3.49, 96
3.49, 96
3.49, 96
3.50, 96
3.50, 96
3.50, 96
3.51, 96
3.51, 96
3.51, 96
3.51, 96
3.51, 96
3.51, 96
3.54, 96
3.54, 96
3.56, 96
3.56, 96
3.56, 96
3.56, 96
3.56, 96
3.57, 96
3.57, 96
3.57, 96
3.57, 96
3.57, 96
3.57, 96
3.57, 96
3.57, 96
3.57, 96
3.59, 96
3.59, 96
3.59, 96
3.61, 96
3.61, 96
3.61, 96
3.61, 96
3.62, 96
3.62, 96
3.64, 96
3.64, 96
3.64, 96
3.64, 96
3.64, 96
3.64, 96
3.64, 96
3.64, 96
3.65, 96
3.65, 96
3.66, 96
3.66, 96
3.66, 96
3.69, 96
3.69, 96
3.69, 96
3.69, 96
3.85, 96
3.85, 96
3.85, 96
3.88, 96
3.89, 96
3.89, 96
3.89, 96
3.89, 96
3.89, 96
3.89, 96
3.90, 96
3.90, 96
4.03, 96
4.03, 96
4.03, 96
4.03, 96
4.10, 96
4.11, 96
4.14, 96
4.14, 96
4.14, 96
4.14, 96
4.15, 96
4.15, 96
4.15, 96
4.15, 96
4.16, 96
4.16, 96
4.27, 96
4.27, 96
4.28, 96
4.28, 96
4.28, 96
4.28, 96
4.29, 96
4.37, 96
4.37, 96
4.37, 96
4.37, 96
4.37, 96
4.38, 96
4.39, 96
4.39, 96
4.39, 96
4.39, 96
4.40, 96
4.40, 96
4.40, 96
4.40, 96
4.40, 96
4.41, 96
4.46, 96
4.46, 96
4.47, 96
4.47, 96
4.47, 96
4.54, 96
4.54, 96
4.54, 96
4.55, 96
4.55, 96
4.55, 96
4.55, 96
4.55, 96
4.55, 96
4.74, 96
5.07, 96
5.17, 96
5.17, 96
5.18, 96
5.18, 96
5.18, 96
5.19, 96
5.19, 96
5.19, 96
5.19, 96
5.19, 96
5.20, 96
5.20, 96
5.21, 96
5.21, 96
5.31, 96
5.31, 96
5.31, 96
5.31, 96
5.31, 96
5.31, 96
5.43, 96
5.43, 96
5.43, 96
5.47, 96
5.47, 96
5.62, 96
5.62, 96
5.62, 96
5.62, 96
5.63, 96
5.64, 96
5.64, 96
5.66, 96
5.70, 96
5.70, 96
5.70, 96
5.71, 96
5.71, 96
5.71, 96
5.71, 96
5.72, 96
5.72, 96
5.72, 96
5.72, 96
5.72, 96
5.75, 96
5.75, 96
5.79, 96
5.79, 96
5.79, 96
5.79, 96
5.80, 96
5.80, 96
5.80, 96
5.84, 96
5.85, 96
5.85, 96
5.85, 96
5.85, 96
5.85, 96
5.89, 96
5.89, 96
5.90, 96
5.90, 96
5.90, 96
5.93, 96
5.93, 96
5.96, 96
5.98, 96
5.99, 96
5.99, 96
5.99, 96
5.99, 96
5.99, 96
6.03, 96
6.04, 96
6.04, 96
6.04, 96
6.04, 96
6.04, 96
6.04, 96
6.04, 96
6.05, 96
6.05, 96
6.05, 96
6.05, 96
6.05, 96
6.08, 96
6.08, 96
6.09, 96
6.09, 96
6.10, 96
6.10, 96
6.11, 96
6.61, 96
6.61, 96
6.61, 96
6.61, 96
6.62, 96
6.62, 96
6.62, 96
6.62, 96
6.64, 96
6.64, 96
6.67, 96
6.67, 96
6.71, 96
6.71, 96
6.73, 96
6.73, 96
6.73, 96
6.73, 96
6.73, 96
6.95, 96
6.95, 96
6.95, 96
6.96, 96
6.96, 96
6.96, 96
6.96, 96
6.97, 96
6.97, 96
6.97, 96
6.97, 96
6.97, 96
6.97, 96
6.98, 96
7.08, 96
7.09, 96
7.10, 96
7.10, 96
7.11, 96
7.11, 96
7.11, 96
7.11, 96
7.11, 96
7.12, 96
7.12, 96
7.12, 96
7.12, 96
7.15, 96
7.15, 96
7.15, 96
7.15, 96
7.26, 96
7.37, 96
7.38, 96
7.38, 96
7.38, 96
7.38, 96
7.52, 96
7.54, 96
7.66, 96
7.67, 96
7.67, 96
7.78, 96
7.78, 96
8.46, 96
8.86, 96
8.92, 96
8.93, 96
9.40, 96
9.54, 96
9.54, 96
9.58, 96
9.58, 96
9.80, 96
9.80, 96
10.08, 96
10.29, 96
10.38, 96
10.38, 96
10.38, 96
10.56, 96
10.58, 96
10.88, 96
10.88, 96
11.13, 96
11.24, 96
11.24, 96
11.30, 96
11.31, 96
11.31, 96
11.37, 96
11.37, 96
11.39, 96
11.39, 96
11.39, 96
11.39, 96
11.40, 96
11.40, 96
11.40, 96
11.41, 96
11.41, 96
11.41, 96
11.42, 96
11.42, 96
11.42, 96
11.42, 96
11.42, 96
11.43, 96
11.46, 96
11.46, 96
11.53, 96
11.54, 96
11.54, 96
11.54, 96
11.54, 96
11.54, 96
11.54, 96
11.54, 96
11.55, 96
11.60, 96
11.66, 96
11.66, 96
11.66, 96
11.67, 96
11.67, 96
11.67, 96
11.74, 96
11.86, 96
11.86, 96
11.86, 96
11.86, 96
11.86, 96
11.86, 96
11.86, 96
11.86, 96
11.87, 96
11.87, 96
11.87, 96
11.88, 96
11.89, 96
11.89, 96
11.91, 96
11.91, 96
11.99, 96
11.99, 96
12.03, 96
12.03, 96
12.04, 96
12.05, 96
12.05, 96
12.05, 96
12.11, 96
12.11, 96
12.11, 96
12.11, 96
12.11, 96
12.12, 96
12.12, 96
12.12, 96
12.12, 96
12.12, 96
12.12, 96
12.12, 96
12.13, 96
12.35, 96
12.35, 96
12.71, 96
12.77, 96
12.78, 96
12.79, 96
12.80, 96
12.84, 96
12.85, 96
12.86, 96
12.86, 96
13.18, 96
13.18, 96
13.19, 96
13.19, 96
13.38, 96
13.38, 96
13.38, 96
13.38, 96
13.38, 96
13.39, 96
13.39, 96
13.39, 96
13.39, 96
13.39, 96
13.39, 96
13.44, 96
13.44, 96
13.44, 96
13.45, 96
13.45, 96
13.45, 96
13.45, 96
13.45, 96
13.45, 96
13.45, 96
13.45, 96
13.45, 96
13.47, 96
13.47, 96
13.47, 96
14.31, 96
14.32, 96
14.32, 96
14.33, 96
14.33, 96
14.33, 96
14.33, 96
14.34, 96
14.34, 96
14.34, 96
14.34, 96
14.34, 96
14.35, 96
14.35, 96
14.47, 96
14.48, 96
14.61, 96
14.62, 96
14.62, 96
14.63, 96
14.67, 96
14.67, 96
14.68, 96
14.68, 96
14.68, 96
14.68, 96
14.68, 96
14.68, 96
14.68, 96
14.69, 96
14.71, 96
14.71, 96
14.71, 96
14.73, 96
14.73, 96
14.73, 96
14.74, 96
14.75, 96
14.75, 96
14.84, 96
14.85, 96
14.86, 96
14.86, 96
14.88, 96
14.88, 96
14.88, 96
14.90, 96
14.90, 96
14.90, 96
15.35, 96
15.35, 96
15.35, 96
15.35, 96
15.35, 96
15.35, 96
15.36, 96
15.36, 96
15.36, 96
15.36, 96
15.37, 96
15.71, 96
15.71, 96
15.71, 96
15.71, 96
15.86, 96
15.86, 96
16.04, 96
16.04, 96
16.04, 96
16.04, 96
16.11, 96
16.32, 96
16.32, 96
16.32, 96
16.32, 96
16.32, 96
16.33, 96
16.33, 96
16.33, 96
16.33, 96
16.35, 96
16.57, 96
16.57, 96
16.57, 96
16.57, 96
16.57, 96
16.57, 96
16.58, 96
16.62, 96
16.62, 96
16.62, 96
16.63, 96
16.63, 96
16.63, 96
16.63, 96
16.63, 96
16.63, 96
16.63, 96
16.63, 96
16.63, 96
16.63, 96
16.72, 96
16.72, 96
16.72, 96
16.76, 96
16.76, 96
16.76, 96
16.76, 96
16.76, 96
16.77, 96
16.77, 96
16.77, 96
16.77, 96
16.77, 96
16.77, 96
16.77, 96
17.03, 96
17.03, 96
17.06, 96
17.06, 96
17.06, 96
17.09, 96
17.09, 96
17.09, 96
17.10, 96
17.10, 96
17.16, 96
17.16, 96
17.16, 96
17.17, 96
17.33, 96
17.33, 96
17.33, 96
17.33, 96
17.33, 96
17.33, 96
17.34, 96
17.34, 96
17.35, 96
17.53, 96
17.56, 96
17.56, 96
17.56, 96
17.58, 96
17.58, 96
17.61, 96
17.90, 96
18.02, 96
18.02, 96
18.02, 96
18.37, 96
18.37, 96
18.51, 96
18.51, 96
18.52, 96
18.52, 96
18.52, 96
18.52, 96
18.52, 96
18.52, 96
18.53, 96
18.53, 96
18.53, 96
18.53, 96
18.78, 96
18.78, 96
18.78, 96
18.78, 96
18.78, 96
18.79, 96
18.79, 96
18.79, 96
18.79, 96
18.83, 96
18.83, 96
18.83, 96
18.84, 96
19.01, 96
19.02, 96
19.02, 96
19.02, 96
19.03, 96
19.03, 96
19.03, 96
19.03, 96
19.04, 96
19.04, 96
19.04, 96
19.04, 96
19.04, 96
19.07, 96
19.13, 96
19.13, 96
19.13, 96
19.13, 96
19.13, 96
19.15, 96
19.16, 96
19.18, 96
19.20, 96
19.20, 96
19.24, 96
19.24, 96
19.29, 96
19.31, 96
19.32, 96
19.32, 96
19.58, 96
19.58, 96
19.71, 96
19.74, 96
19.75, 96
19.75, 96
19.75, 96
19.75, 96
19.75, 96
19.75, 96
19.75, 96
19.75, 96
19.83, 96
19.83, 96
19.84, 96
19.88, 96
20.00, 96
20.00, 96
20.00, 96
20.02, 96
20.02, 96
20.02, 96
20.02, 96
20.02, 96
20.05, 96
20.08, 96
20.08, 96
20.09, 96
20.09, 96
20.15, 96
20.27, 96
20.48, 96
20.48, 96
20.49, 96
20.49, 96
20.49, 96
20.49, 96
20.69, 96
20.69, 96
20.89, 96
20.89, 96
20.89, 96
20.89, 96
20.90, 96
21.02, 96
21.07, 96
21.07, 96
21.09, 96
21.09, 96
21.10, 96
21.10, 96
21.22, 96
21.25, 96
21.25, 96
21.25, 96
21.27, 96
21.27, 96
21.27, 96
21.27, 96
21.28, 96
21.28, 96
21.35, 96
21.42, 96
21.43, 96
21.43, 96
21.43, 96
21.44, 96
21.45, 96
21.45, 96
21.46, 96
21.48, 96
21.48, 96
21.54, 96
21.84, 96
22.00, 96
22.01, 96
22.01, 96
22.01, 96
22.04, 96
22.04, 96
22.05, 96
22.05, 96
22.07, 96
22.07, 96
22.08, 96
22.08, 96
22.12, 96
22.16, 96
22.50, 96
22.51, 96
22.76, 96
22.76, 96
22.76, 96
22.77, 96
22.77, 96
22.77, 96
22.79, 96
22.79, 96
22.79, 96
22.79, 96
22.80, 96
22.80, 96
22.80, 96
22.80, 96
22.80, 96
22.95, 96
22.95, 96
23.06, 96
23.07, 96
23.12, 96
23.12, 96
23.12, 96
23.12, 96
23.13, 96
23.13, 96
23.13, 96
23.13, 96
23.14, 96
23.49, 96
23.49, 96
23.49, 96
23.50, 96
23.50, 96
23.50, 96
23.51, 96
23.51, 96
23.62, 96
23.62, 96
23.63, 96
23.63, 96
23.70, 96
23.70, 96
23.70, 96
23.70, 96
23.71, 96
23.73, 96
23.74, 96
23.74, 96
23.74, 96
23.74, 96
23.74, 96
23.74, 96
23.79, 96
23.79, 96
23.79, 96
23.96, 96
23.96, 96
24.01, 96
24.02, 96
24.02, 96
24.15, 96
24.56, 96
24.56, 96
24.56, 96
24.57, 96
24.58, 96
24.59, 96
24.59, 96
24.62, 96
24.62, 96
24.62, 96
24.63, 96
24.63, 96
24.68, 96
24.68, 96
24.68, 96
24.70, 96
24.88, 96
24.88, 96
24.89, 96
24.89, 96
24.89, 96
24.89, 96
24.89, 96
24.89, 96
25.22, 96
25.50, 96
25.50, 96
25.56, 96
25.56, 96
25.86, 96
25.86, 96
25.86, 96
25.86, 96
25.86, 96
25.86, 96
25.87, 96
25.87, 96
25.87, 96
25.87, 96
25.91, 96
25.92, 96
26.04, 96
26.08, 96
26.08, 96
26.08, 96
26.08, 96
26.09, 96
26.10, 96
26.10, 96
26.10, 96
26.10, 96
26.10, 96
26.10, 96
26.10, 96
26.10, 96
26.10, 96
26.11, 96
26.11, 96
26.11, 96
26.17, 96
26.18, 96
26.18, 96
26.27, 96
26.28, 96
26.28, 96
26.28, 96
26.28, 96
26.30, 96
26.30, 96
26.36, 96
26.36, 96
26.37, 96
26.37, 96
26.74, 96
26.74, 96
26.74, 96
26.75, 96
26.77, 96
26.85, 96
26.85, 96
26.85, 96
26.85, 96
26.85, 96
26.85, 96
27.02, 96
27.04, 96
27.04, 96
27.05, 96
27.06, 96
27.09, 96
27.18, 96
27.19, 96
27.19, 96
27.44, 96
27.44, 96
27.44, 96
27.44, 96
27.56, 96
27.56, 96
27.56, 96
27.57, 96
27.57, 96
27.57, 96
27.65, 96
27.65, 96
27.65, 96
27.65, 96
27.65, 96
27.65, 96
27.66, 96
27.66, 96
27.66, 96
27.66, 96
27.67, 96
27.68, 96
27.68, 96
27.68, 96
27.68, 96
27.68, 96
27.68, 96
27.68, 96
27.68, 96
27.69, 96
27.69, 96
27.70, 96
27.71, 96
27.71, 96
27.73, 96
27.99, 96
28.37, 96
28.37, 96
28.37, 96
28.37, 96
28.37, 96
28.37, 96
28.42, 96
28.42, 96
28.42, 96
28.42, 96
28.42, 96
28.58, 96
28.58, 96
28.59, 96
28.60, 96
28.82, 96
28.83, 96
28.83, 96
28.84, 96
28.84, 96
28.85, 96
29.00, 96
29.29, 96
29.29, 96
29.29, 96
29.31, 96
29.31, 96
29.32, 96
29.32, 96
29.32, 96
29.34, 96
29.34, 96
29.39, 96
29.39, 96
29.41, 96
29.41, 96
29.41, 96
29.41, 96
29.41, 96
29.43, 96
29.43, 96
29.44, 96
29.51, 96
29.51, 96
29.52, 96
29.52, 96
29.52, 96
29.52, 96
29.77, 96
29.78, 96
29.78, 96
29.78, 96
29.93, 96
30.03, 96
30.03, 96
30.04, 96
30.04, 96
30.05, 96
30.05, 96
30.05, 96
30.05, 96
30.05, 96
30.05, 96
30.05, 96
30.05, 96
30.31, 96
30.44, 96
30.44, 96
30.45, 96
30.45, 96
30.45, 96
30.45, 96
30.45, 96
30.45, 96
30.45, 96
30.45, 96
30.52, 96
30.52, 96
30.56, 96
30.56, 96
30.56, 96
30.56, 96
30.56, 96
30.56, 96
30.57, 96
30.57, 96
30.59, 96
30.60, 96
30.60, 96
30.60, 96
30.61, 96
30.73, 96
30.73, 96
30.74, 96
30.74, 96
30.74, 96
30.77, 96
30.77, 96
30.77, 96
30.77, 96
30.78, 96
30.78, 96
30.78, 96
30.86, 96
30.87, 96
30.87, 96
30.87, 96
30.87, 96
30.99, 96
30.99, 96
30.99, 96
30.99, 96
31.46, 96
31.46, 96
31.46, 96
31.46, 96
31.46, 96
31.53, 96
31.54, 96
31.54, 96
31.54, 96
31.61, 96
31.61, 96
31.62, 96
31.64, 96
31.64, 96
31.65, 96
31.69, 96
31.70, 96
31.70, 96
31.70, 96
31.75, 96
31.75, 96
31.75, 96
31.75, 96
31.75, 96
31.76, 96
31.77, 96
31.78, 96
31.79, 96
31.79, 96
31.79, 96
31.80, 96
31.80, 96
31.80, 96
31.80, 96
31.80, 96
32.05, 96
32.05, 96
32.06, 96
32.07, 96
32.07, 96
32.07, 96
32.07, 96
32.07, 96
32.07, 96
32.07, 96
32.10, 96
32.10, 96
32.12, 96
32.12, 96
32.12, 96
32.27, 96
32.27, 96
32.27, 96
32.89, 96
32.95, 96
33.16, 96
33.16, 96
33.16, 96
33.24, 96
33.24, 96
33.24, 96
33.26, 96
33.26, 96
33.26, 96
33.26, 96
33.63, 96
33.64, 96
33.68, 96
33.68, 96
33.68, 96
33.76, 96
33.77, 96
33.77, 96
33.77, 96
33.78, 96
33.78, 96
33.78, 96
33.78, 96
33.78, 96
33.78, 96
33.78, 96
33.79, 96
33.79, 96
33.79, 96
33.79, 96
33.80, 96
33.80, 96
33.89, 96
33.89, 96
33.89, 96
33.90, 96
33.90, 96
33.90, 96
33.90, 96
33.90, 96
33.92, 96
33.92, 96
33.92, 96
33.92, 96
33.96, 96
33.96, 96
34.02, 96
34.02, 96
34.02, 96
34.02, 96
34.02, 96
34.12, 96
34.12, 96
34.12, 96
34.13, 96
34.15, 96
34.15, 96
34.15, 96
34.22, 96
34.22, 96
34.22, 96
34.22, 96
34.22, 96
34.22, 96
34.28, 96
34.28, 96
34.28, 96
34.29, 96
34.29, 96
34.30, 96
34.32, 96
34.32, 96
34.32, 96
34.32, 96
34.33, 96
34.33, 96
34.34, 96
34.36, 96
34.39, 96
34.43, 96
34.45, 96
34.46, 96
34.46, 96
34.46, 96
34.46, 96
34.46, 96
34.46, 96
34.46, 96
34.47, 96
34.47, 96
34.47, 96
34.60, 96
34.60, 96
34.60, 96
34.71, 96
34.71, 96
34.72, 96
34.72, 96
34.74, 96
34.80, 96
34.83, 96
34.83, 96
34.83, 96
35.16, 96
35.18, 96
35.18, 96
35.55, 96
35.56, 96
35.56, 96
35.56, 96
35.56, 96
35.56, 96
35.70, 96
35.71, 96
35.71, 96
35.72, 96
35.72, 96
35.72, 96
35.76, 96
35.77, 96
35.77, 96
35.77, 96
35.78, 96
35.79, 96
35.80, 96
35.80, 96
35.81, 96
35.81, 96
36.18, 96
36.18, 96
36.18, 96
36.18, 96
36.18, 96
36.41, 96
36.41, 96
36.41, 96
36.83, 96
36.84, 96
36.84, 96
36.84, 96
36.84, 96
36.90, 96
36.90, 96
36.95, 96
36.95, 96
36.95, 96
36.95, 96
36.95, 96
36.95, 96
36.95, 96
36.95, 96
36.96, 96
36.96, 96
37.03, 96
37.04, 96
37.09, 96
37.10, 96
37.10, 96
37.10, 96
37.10, 96
37.10, 96
37.16, 96
37.17, 96
37.17, 96
37.17, 96
37.17, 96
37.17, 96
37.18, 96
37.18, 96
37.26, 96
37.27, 96
37.27, 96
37.27, 96
37.27, 96
37.38, 96
37.38, 96
37.38, 96
37.39, 96
37.39, 96
37.39, 96
37.39, 96
37.39, 96
37.39, 96
37.41, 96
37.42, 96
37.42, 96
37.43, 96
37.43, 96
37.43, 96
37.44, 96
37.44, 96
37.44, 96
37.44, 96
37.44, 96
37.44, 96
37.44, 96
37.44, 96
37.47, 96
37.48, 96
37.48, 96
37.48, 96
37.50, 96
37.50, 96
37.70, 96
37.70, 96
37.71, 96
37.71, 96
37.71, 96
37.71, 96
37.83, 96
37.83, 96
37.84, 96
37.86, 96
37.92, 96
37.92, 96
37.92, 96
37.93, 96
37.93, 96
37.94, 96
37.94, 96
37.98, 96
37.98, 96
37.98, 96
37.99, 96
37.99, 96
37.99, 96
37.99, 96
37.99, 96
37.99, 96
38.00, 96
38.00, 96
38.00, 96
38.14, 96
38.14, 96
38.14, 96
38.14, 96
38.14, 96
38.15, 96
38.15, 96
38.15, 96
38.15, 96
38.15, 96
38.16, 96
38.16, 96
38.16, 96
38.16, 96
38.17, 96
38.17, 96
38.36, 96
38.36, 96
38.36, 96
38.40, 96
38.40, 96
38.40, 96
38.44, 96
38.44, 96
38.63, 96
38.63, 96
38.63, 96
38.63, 96
38.63, 96
38.65, 96
38.65, 96
38.66, 96
38.66, 96
38.66, 96
38.66, 96
38.66, 96
38.66, 96
38.66, 96
38.67, 96
38.76, 96
38.76, 96
38.77, 96
38.82, 96
38.82, 96
38.82, 96
38.82, 96
38.82, 96
38.82, 96
38.83, 96
38.83, 96
38.83, 96
38.83, 96
38.84, 96
38.91, 96
38.91, 96
38.91, 96
39.22, 96
39.22, 96
39.22, 96
39.22, 96
39.30, 96
39.30, 96
39.32, 96
39.32, 96
39.36, 96
39.47, 96
39.47, 96
39.48, 96
39.48, 96
39.56, 96
39.56, 96
39.56, 96
39.57, 96
39.57, 96
39.57, 96
39.60, 96
39.60, 96
39.60, 96
39.60, 96
39.60, 96
39.83, 96
39.83, 96
39.83, 96
39.83, 96
39.84, 96
39.84, 96
40.63, 96
40.63, 96
40.76, 96
40.77, 96
40.77, 96
40.77, 96
40.77, 96
40.77, 96
40.78, 96
40.78, 96
40.78, 96
40.94, 96
40.94, 96
40.94, 96
40.95, 96
40.99, 96
41.00, 96
41.00, 96
41.01, 96
41.16, 96
41.16, 96
41.16, 96
41.16, 96
41.16, 96
41.16, 96
41.17, 96
41.17, 96
41.17, 96
41.17, 96
41.17, 96
41.17, 96
41.18, 96
41.18, 96
41.18, 96
41.18, 96
41.18, 96
41.19, 96
41.19, 96
41.20, 96
41.20, 96
41.20, 96
41.21, 96
41.21, 96
41.21, 96
41.29, 96
41.29, 96
41.30, 96
41.30, 96
41.31, 96
41.31, 96
41.38, 96
41.41, 96
41.41, 96
41.41, 96
41.41, 96
41.41, 96
41.41, 96
41.43, 96
41.57, 96
41.70, 96
41.71, 96
41.71, 96
41.77, 96
41.83, 96
41.84, 96
41.87, 96
41.88, 96
41.88, 96
41.88, 96
41.88, 96
41.89, 96
41.89, 96
41.89, 96
41.89, 96
41.89, 96
41.90, 96
41.90, 96
41.91, 96
42.10, 96
42.10, 96
42.10, 96
42.11, 96
42.11, 96
42.15, 96
42.18, 96
42.18, 96
42.18, 96
42.18, 96
42.25, 96
42.25, 96
42.25, 96
42.26, 96
42.26, 96
42.26, 96
42.26, 96
42.27, 96
42.27, 96
42.31, 96
42.43, 96
42.94, 96
42.94, 96
42.94, 96
42.94, 96
42.94, 96
42.94, 96
42.95, 96
42.96, 96
42.96, 96
43.02, 96
43.03, 96
43.03, 96
43.03, 96
43.14, 96
43.15, 96
43.15, 96
43.16, 96
43.16, 96
43.29, 96
43.30, 96
43.36, 96
43.37, 96
43.37, 96
43.37, 96
43.37, 96
43.37, 96
43.37, 96
43.37, 96
43.37, 96
43.38, 96
43.38, 96
43.38, 96
43.38, 96
43.38, 96
43.43, 96
43.43, 96
43.82, 96
43.82, 96
43.82, 96
43.82, 96
43.82, 96
43.82, 96
43.83, 96
43.83, 96
43.83, 96
43.86, 96
43.97, 96
44.12, 96
44.12, 96
44.12, 96
44.12, 96
44.12, 96
44.12, 96
44.12, 96
44.12, 96
44.13, 96
44.13, 96
44.13, 96
44.13, 96
44.13, 96
44.13, 96
44.13, 96
44.14, 96
44.15, 96
44.15, 96
44.16, 96
44.16, 96
44.28, 96
44.28, 96
44.57, 96
44.63, 96
44.63, 96
44.66, 96
44.67, 96
44.67, 96
44.67, 96
44.68, 96
45.04, 96
45.05, 96
45.13, 96
45.13, 96
45.14, 96
45.14, 96
45.16, 96
45.16, 96
45.17, 96
45.17, 96
45.17, 96
45.18, 96
45.33, 96
45.33, 96
45.34, 96
45.39, 96
46.12, 96
46.12, 96
46.13, 96
46.13, 96
46.16, 96
46.16, 96
46.28, 96
46.28, 96
46.29, 96
46.29, 96
46.29, 96
46.41, 96
46.41, 96
46.44, 96
46.44, 96
46.44, 96
46.44, 96
46.44, 96
46.46, 96
46.46, 96
46.47, 96
46.47, 96
46.48, 96
46.49, 96
46.49, 96
46.49, 96
46.49, 96
46.49, 96
46.81, 96
46.81, 96
46.81, 96
46.82, 96
46.82, 96
46.82, 96
46.89, 96
46.89, 96
46.98, 96
46.98, 96
46.98, 96
47.08, 96
47.08, 96
47.09, 96
47.21, 96
47.21, 96
47.41, 96
47.43, 96
47.44, 96
47.44, 96
47.54, 96
47.54, 96
47.55, 96
47.86, 96
47.88, 96
47.89, 96
47.90, 96
47.91, 96
47.91, 96
47.91, 96
47.91, 96
48.06, 96
48.06, 96
48.06, 96
48.07, 96
48.53, 96
48.59, 96
48.59, 96
48.67, 96
48.67, 96
48.70, 96
48.76, 96
48.76, 96
48.76, 96
48.76, 96
48.76, 96
48.80, 96
48.80, 96
48.80, 96
48.94, 96
48.94, 96
48.94, 96
49.06, 96
49.06, 96
49.06, 96
49.08, 96
49.09, 96
49.09, 96
49.17, 96
49.19, 96
49.20, 96
49.24, 96
49.24, 96
49.25, 96
49.25, 96
49.25, 96
49.47, 96
49.66, 96
49.70, 96
49.70, 96
49.75, 96
49.80, 96
49.80, 96
49.80, 96
49.80, 96
49.80, 96
49.81, 96
49.81, 96
49.81, 96
50.05, 96
50.05, 96
50.10, 96
50.10, 96
50.10, 96
50.10, 96
50.10, 96
50.18, 96
50.18, 96
50.19, 96
50.19, 96
50.20, 96
50.21, 96
50.21, 96
50.21, 96
50.23, 96
50.68, 96
50.79, 96
50.80, 96
50.80, 96
50.80, 96
50.81, 96
50.81, 96
50.81, 96
50.92, 96
50.94, 96
50.94, 96
50.94, 96
50.95, 96
50.95, 96
50.95, 96
50.95, 96
51.23, 96
51.23, 96
51.23, 96
51.23, 96
51.24, 96
51.47, 96
51.47, 96
51.47, 96
51.47, 96
51.64, 96
51.64, 96
51.97, 96
51.97, 96
51.97, 96
51.97, 96
52.04, 96
52.04, 96
52.25, 96
52.25, 96
52.25, 96
52.25, 96
52.25, 96
52.26, 96
52.26, 96
52.26, 96
52.26, 96
52.26, 96
52.27, 96
52.27, 96
52.27, 96
52.30, 96
52.30, 96
52.30, 96
52.31, 96
52.31, 96
52.44, 96
52.48, 96
52.48, 96
52.48, 96
52.93, 96
52.99, 96
52.99, 96
53.07, 96
53.09, 96
53.09, 96
53.10, 96
53.10, 96
53.12, 96
53.13, 96
53.13, 96
53.13, 96
53.13, 96
53.13, 96
53.13, 96
53.14, 96
53.14, 96
53.31, 96
53.47, 96
53.47, 96
53.54, 96
53.54, 96
53.54, 96
53.54, 96
53.71, 96
54.06, 96
54.08, 96
54.08, 96
54.09, 96
54.09, 96
54.54, 96
54.54, 96
54.55, 96
54.55, 96
54.60, 96
54.60, 96
54.60, 96
54.60, 96
54.61, 96
54.62, 96
54.62, 96
54.62, 96
54.62, 96
54.63, 96
54.63, 96
54.63, 96
54.63, 96
54.63, 96
54.63, 96
54.75, 96
54.75, 96
54.75, 96
54.75, 96
54.75, 96
54.76, 96
54.76, 96
54.76, 96
54.78, 96
54.92, 96
54.92, 96
54.93, 96
54.96, 96
54.96, 96
54.97, 96
55.16, 96
55.16, 96
55.16, 96
55.16, 96
55.16, 96
55.17, 96
55.19, 96
55.19, 96
55.44, 96
55.45, 96
55.45, 96
55.45, 96
55.45, 96
55.65, 96
55.65, 96
55.65, 96
55.66, 96
55.66, 96
55.66, 96
55.77, 96
55.77, 96
55.79, 96
55.79, 96
55.79, 96
55.79, 96
55.84, 96
55.85, 96
56.16, 96
56.16, 96
56.80, 96
56.80, 96
56.84, 96
56.84, 96
56.85, 96
56.85, 96
56.85, 96
56.85, 96
56.99, 96
56.99, 96
57.14, 96
57.14, 96
57.25, 96
57.25, 96
57.26, 96
57.26, 96
57.28, 96
57.28, 96
57.29, 96
57.29, 96
57.29, 96
57.29, 96
57.29, 96
57.29, 96
57.29, 96
57.29, 96
57.29, 96
57.29, 96
57.32, 96
57.32, 96
57.32, 96
57.32, 96
57.32, 96
57.41, 96
57.41, 96
57.41, 96
57.43, 96
57.51, 96
57.51, 96
57.51, 96
57.52, 96
57.53, 96
57.56, 96
57.58, 96
57.58, 96
57.58, 96
57.58, 96
57.59, 96
57.62, 96
57.68, 96
57.69, 96
57.82, 96
57.82, 96
57.82, 96
57.82, 96
57.82, 96
57.83, 96
57.83, 96
57.83, 96
57.83, 96
57.87, 96
57.90, 96
57.90, 96
57.90, 96
57.90, 96
57.91, 96
58.05, 96
58.06, 96
58.28, 96
58.29, 96
58.29, 96
58.47, 96
58.49, 96
58.52, 96
58.52, 96
58.52, 96
58.52, 96
58.52, 96
58.53, 96
58.53, 96
58.53, 96
58.54, 96
58.63, 96
58.63, 96
58.63, 96
58.63, 96
58.63, 96
58.64, 96
58.64, 96
58.64, 96
58.64, 96
58.64, 96
58.64, 96
58.64, 96
58.75, 96
58.78, 96
58.78, 96
58.78, 96
58.78, 96
58.78, 96
58.78, 96
58.78, 96
58.90, 96
58.90, 96
59.40, 96
59.40, 96
59.41, 96
59.41, 96
59.41, 96
59.44, 96
59.44, 96
59.59, 96
59.60, 96
59.60, 96
59.60, 96
59.60, 96
59.60, 96
59.60, 96
59.61, 96
59.63, 96
59.63, 96
59.64, 96
59.64, 96
59.64, 96
59.82, 96
59.87, 96
59.88, 96
59.88, 96
59.89, 96
59.89, 96
59.89, 96
59.89, 96
59.89, 96
59.89, 96
59.90, 96
59.90, 96
59.90, 96
60.02, 96
60.02, 96
60.02, 96
60.02, 96
60.02, 96
60.03, 96
60.03, 96
60.03, 96
60.03, 96
60.03, 96
60.07, 96
60.07, 96
60.07, 96
60.09, 96
60.13, 96
60.17, 96
60.17, 96
60.17, 96
60.17, 96
60.17, 96
60.17, 96
60.19, 96
60.19, 96
60.20, 96
60.20, 96
60.21, 96
60.94, 96
60.95, 96
61.42, 96
61.42, 96
61.44, 96
61.44, 96
61.62, 96
61.63, 96
61.74, 96
61.74, 96
61.78, 96
61.86, 96
61.86, 96
61.88, 96
61.88, 96
61.88, 96
61.89, 96
61.89, 96
62.26, 96
62.26, 96
62.27, 96
62.28, 96
62.28, 96
62.70, 96
62.70, 96
62.70, 96
63.02, 96
63.03, 96
63.04, 96
63.04, 96
63.17, 96
63.41, 96
63.50, 96
63.50, 96
63.50, 96
63.51, 96
63.51, 96
63.51, 96
63.51, 96
63.51, 96
63.51, 96
63.61, 96
63.61, 96
63.61, 96
63.61, 96
63.62, 96
63.62, 96
63.63, 96
63.63, 96
63.64, 96
63.64, 96
63.70, 96
63.72, 96
63.72, 96
63.73, 96
63.73, 96
64.44, 96
64.74, 96
64.74, 96
64.76, 96
64.77, 96
64.77, 96
64.79, 96
65.03, 96
65.03, 96
65.03, 96
65.03, 96
65.03, 96
65.09, 96
65.09, 96
65.09, 96
65.12, 96
65.12, 96
65.12, 96
65.13, 96
65.13, 96
65.13, 96
65.13, 96
65.15, 96
65.22, 96
65.22, 96
65.33, 96
65.33, 96
65.35, 96
65.35, 96
65.35, 96
65.35, 96
65.35, 96
65.42, 96
65.45, 96
65.46, 96
65.46, 96
65.46, 96
65.46, 96
65.70, 96
65.70, 96
66.06, 96
66.07, 96
66.12, 96
66.12, 96
66.12, 96
66.12, 96
66.12, 96
66.13, 96
66.13, 96
66.13, 96
66.13, 96
66.13, 96
66.13, 96
66.13, 96
66.13, 96
66.14, 96
66.14, 96
66.14, 96
66.14, 96
66.14, 96
66.15, 96
66.15, 96
66.15, 96
66.15, 96
66.15, 96
66.17, 96
66.19, 96
66.19, 96
66.19, 96
66.19, 96
66.19, 96
66.19, 96
66.24, 96
66.24, 96
66.24, 96
66.31, 96
66.31, 96
66.32, 96
66.32, 96
66.32, 96
66.32, 96
66.32, 96
66.33, 96
66.51, 96
66.51, 96
66.51, 96
66.70, 96
66.73, 96
66.87, 96
66.87, 96
66.88, 96
66.88, 96
66.88, 96
66.98, 96
66.98, 96
66.99, 96
66.99, 96
66.99, 96
66.99, 96
66.99, 96
66.99, 96
67.05, 96
67.05, 96
67.05, 96
67.06, 96
67.06, 96
67.07, 96
67.07, 96
67.07, 96
67.07, 96
67.08, 96
67.16, 96
67.16, 96
67.16, 96
67.16, 96
67.16, 96
67.16, 96
67.17, 96
67.17, 96
67.17, 96
67.17, 96
67.24, 96
67.25, 96
67.25, 96
67.26, 96
67.26, 96
67.28, 96
67.30, 96
67.31, 96
67.31, 96
67.31, 96
67.32, 96
67.32, 96
67.32, 96
67.32, 96
67.32, 96
67.60, 96
67.60, 96
67.64, 96
67.65, 96
67.65, 96
67.65, 96
67.65, 96
67.65, 96
67.65, 96
67.65, 96
67.65, 96
67.65, 96
67.66, 96
67.66, 96
67.70, 96
67.70, 96
67.70, 96
67.74, 96
67.74, 96
67.75, 96
67.75, 96
67.75, 96
67.78, 96
67.78, 96
67.78, 96
67.79, 96
67.79, 96
67.79, 96
67.79, 96
67.79, 96
67.79, 96
67.79, 96
67.79, 96
67.79, 96
67.84, 96
67.84, 96
67.85, 96
67.89, 96
68.01, 96
68.01, 96
68.01, 96
68.09, 96
68.09, 96
68.10, 96
68.10, 96
68.10, 96
68.10, 96
68.10, 96
68.26, 96
68.26, 96
68.28, 96
68.29, 96
68.30, 96
68.30, 96
68.31, 96
68.31, 96
68.31, 96
68.33, 96
68.33, 96
68.34, 96
68.63, 96
68.63, 96
68.65, 96
68.69, 96
68.69, 96
68.69, 96
68.69, 96
68.69, 96
68.76, 96
68.76, 96
68.76, 96
68.76, 96
68.76, 96
68.76, 96
68.94, 96
68.94, 96
68.94, 96
68.94, 96
68.95, 96
68.95, 96
68.95, 96
68.95, 96
68.96, 96
68.96, 96
68.96, 96
68.96, 96
68.97, 96
68.98, 96
68.98, 96
68.98, 96
68.98, 96
68.98, 96
69.01, 96
69.01, 96
69.06, 96
69.06, 96
69.07, 96
69.07, 96
69.52, 96
69.76, 96
69.76, 96
69.76, 96
69.76, 96
69.76, 96
69.76, 96
69.76, 96
69.99, 96
69.99, 96
69.99, 96
69.99, 96
70.16, 96
70.16, 96
70.17, 96
70.17, 96
70.17, 96
70.17, 96
70.17, 96
70.18, 96
70.18, 96
70.18, 96
70.18, 96
70.18, 96
70.19, 96
70.19, 96
70.19, 96
70.23, 96
70.23, 96
70.24, 96
70.31, 96
70.31, 96
70.40, 96
70.61, 96
70.61, 96
70.61, 96
70.61, 96
70.76, 96
70.94, 96
70.95, 96
70.95, 96
70.95, 96
70.95, 96
71.14, 96
71.14, 96
71.15, 96
71.17, 96
71.27, 96
71.27, 96
71.28, 96
71.28, 96
71.28, 96
71.28, 96
71.30, 96
71.30, 96
71.30, 96
71.31, 96
71.31, 96
71.31, 96
71.31, 96
71.31, 96
71.31, 96
71.46, 96
71.47, 96
71.47, 96
71.60, 96
72.14, 96
72.14, 96
72.15, 96
72.19, 96
72.19, 96
72.20, 96
72.28, 96
72.29, 96
72.33, 96
72.34, 96
72.45, 96
72.45, 96
72.46, 96
72.61, 96
72.76, 96
72.76, 96
72.76, 96
72.76, 96
72.80, 96
72.81, 96
72.81, 96
72.81, 96
72.82, 96
72.83, 96
73.03, 96
73.04, 96
73.04, 96
73.04, 96
73.04, 96
73.04, 96
73.04, 96
73.04, 96
73.05, 96
73.05, 96
73.05, 96
73.05, 96
73.06, 96
73.06, 96
73.06, 96
73.08, 96
73.08, 96
73.09, 96
73.09, 96
73.09, 96
73.09, 96
73.18, 96
73.18, 96
73.19, 96
73.19, 96
73.19, 96
73.19, 96
73.19, 96
73.26, 96
73.26, 96
73.26, 96
73.26, 96
73.26, 96
73.26, 96
73.27, 96
73.27, 96
73.27, 96
73.27, 96
73.27, 96
73.28, 96
73.28, 96
73.28, 96
73.28, 96
73.51, 96
73.51, 96
73.54, 96
73.55, 96
73.55, 96
73.55, 96
73.55, 96
73.55, 96
73.55, 96
73.56, 96
73.56, 96
73.56, 96
73.56, 96
73.56, 96
73.57, 96
73.57, 96
73.57, 96
73.89, 96
74.10, 96
74.10, 96
74.10, 96
74.11, 96
74.11, 96
74.11, 96
74.11, 96
74.11, 96
74.11, 96
74.42, 96
74.42, 96
74.42, 96
74.46, 96
74.52, 96
74.52, 96
74.52, 96
74.52, 96
74.52, 96
74.56, 96
74.57, 96
74.66, 96
75.02, 96
75.08, 96
75.08, 96
75.08, 96
75.08, 96
75.08, 96
75.08, 96
75.09, 96
75.09, 96
75.10, 96
75.10, 96
75.10, 96
75.24, 96
75.24, 96
75.25, 96
75.27, 96
75.28, 96
75.35, 96
75.35, 96
75.36, 96
75.36, 96
75.38, 96
75.38, 96
75.39, 96
75.39, 96
75.39, 96
75.52, 96
75.52, 96
75.53, 96
75.53, 96
75.54, 96
75.55, 96
75.55, 96
75.55, 96
75.55, 96
75.55, 96
75.55, 96
75.56, 96
75.56, 96
75.60, 96
75.61, 96
75.61, 96
75.62, 96
75.62, 96
75.62, 96
75.73, 96
75.73, 96
75.77, 96
75.98, 96
75.98, 96
75.99, 96
75.99, 96
75.99, 96
75.99, 96
75.99, 96
76.00, 96
76.00, 96
76.02, 96
76.29, 96
76.29, 96
76.29, 96
76.29, 96
76.30, 96
76.30, 96
76.32, 96
76.32, 96
76.32, 96
76.32, 96
76.32, 96
76.33, 96
76.33, 96
76.33, 96
76.33, 96
76.33, 96
76.33, 96
76.33, 96
76.34, 96
76.34, 96
76.34, 96
76.36, 96
76.37, 96
76.38, 96
76.38, 96
76.38, 96
76.47, 96
76.63, 96
76.63, 96
76.63, 96
76.63, 96
76.64, 96
76.64, 96
76.64, 96
76.64, 96
76.69, 96
76.69, 96
76.69, 96
76.92, 96
76.99, 96
77.15, 96
77.15, 96
77.15, 96
77.18, 96
77.29, 96
77.29, 96
77.34, 96
77.34, 96
77.34, 96
78.12, 96
78.13, 96
78.13, 96
78.13, 96
78.17, 96
78.34, 96
78.34, 96
78.34, 96
78.34, 96
78.40, 96
78.40, 96
78.40, 96
78.40, 96
78.40, 96
78.40, 96
78.45, 96
78.46, 96
78.48, 96
78.49, 96
78.49, 96
78.49, 96
78.50, 96
78.50, 96
78.51, 96
78.51, 96
78.72, 96
78.72, 96
78.72, 96
78.72, 96
78.81, 96
78.81, 96
78.81, 96
78.81, 96
78.88, 96
79.13, 96
79.14, 96
79.14, 96
79.14, 96
79.14, 96
79.14, 96
79.17, 96
79.18, 96
79.21, 96
79.21, 96
79.23, 96
79.44, 96
79.44, 96
79.46, 96
79.46, 96
79.46, 96
79.46, 96
79.48, 96
79.48, 96
79.77, 96
79.77, 96
79.78, 96
79.79, 96
79.82, 96
79.85, 96
80.03, 96
80.03, 96
80.03, 96
80.03, 96
80.03, 96
80.20, 96
80.41, 96
80.41, 96
80.42, 96
80.42, 96
80.42, 96
80.42, 96
80.42, 96
80.43, 96
80.48, 96
80.48, 96
80.48, 96
80.48, 96
80.49, 96
80.50, 96
81.00, 96
81.00, 96
81.00, 96
81.02, 96
81.03, 96
81.03, 96
81.03, 96
81.03, 96
81.03, 96
81.03, 96
81.03, 96
81.04, 96
81.04, 96
81.04, 96
81.04, 96
81.04, 96
81.04, 96
81.05, 96
81.05, 96
81.06, 96
81.06, 96
81.20, 96
81.20, 96
81.22, 96
81.22, 96
81.23, 96
81.49, 96
81.49, 96
81.49, 96
81.50, 96
81.50, 96
81.51, 96
81.51, 96
81.57, 96
81.59, 96
81.59, 96
81.59, 96
81.59, 96
81.59, 96
81.59, 96
81.60, 96
81.60, 96
81.60, 96
81.71, 96
81.72, 96
81.74, 96
81.76, 96
81.82, 96
81.82, 96
81.82, 96
81.82, 96
81.82, 96
81.83, 96
81.83, 96
81.83, 96
81.83, 96
81.83, 96
81.83, 96
81.83, 96
81.84, 96
81.85, 96
81.85, 96
81.85, 96
81.86, 96
81.86, 96
82.18, 96
82.85, 96
82.93, 96
82.93, 96
83.19, 96
83.19, 96
83.34, 96
83.34, 96
83.76, 96
83.76, 96
83.77, 96
83.77, 96
83.77, 96
83.77, 96
83.77, 96
83.77, 96
83.84, 96
83.84, 96
83.85, 96
83.85, 96
83.85, 96
83.85, 96
83.85, 96
83.85, 96
83.87, 96
83.87, 96
83.87, 96
83.87, 96
83.87, 96
83.88, 96
83.92, 96
83.92, 96
83.92, 96
83.92, 96
83.94, 96
83.94, 96
83.94, 96
83.94, 96
83.95, 96
83.95, 96
83.95, 96
83.99, 96
83.99, 96
83.99, 96
84.00, 96
84.02, 96
84.13, 96
84.29, 96
84.29, 96
84.29, 96
84.29, 96
84.42, 96
84.43, 96
84.44, 96
84.47, 96
84.48, 96
84.48, 96
84.48, 96
84.48, 96
84.48, 96
84.48, 96
84.48, 96
84.54, 96
84.57, 96
84.58, 96
84.58, 96
84.60, 96
84.60, 96
84.60, 96
84.87, 96
84.87, 96
84.87, 96
84.87, 96
84.87, 96
84.97, 96
84.97, 96
85.11, 96
85.11, 96
85.12, 96
85.12, 96
85.14, 96
85.14, 96
85.14, 96
85.14, 96
85.18, 96
85.18, 96
85.18, 96
85.18, 96
85.18, 96
85.19, 96
85.19, 96
85.25, 96
85.25, 96
85.25, 96
85.25, 96
85.25, 96
85.27, 96
85.28, 96
85.28, 96
85.28, 96
85.28, 96
86.04, 96
86.04, 96
86.04, 96
86.07, 96
86.07, 96
86.07, 96
86.07, 96
86.07, 96
86.07, 96
86.08, 96
86.08, 96
86.08, 96
86.09, 96
86.18, 96
86.55, 96
86.55, 96
86.60, 96
86.61, 96
86.62, 96
86.62, 96
86.62, 96
86.62, 96
86.62, 96
86.62, 96
86.75, 96
86.75, 96
86.75, 96
86.76, 96
86.76, 96
86.76, 96
86.77, 96
86.77, 96
86.77, 96
86.77, 96
86.78, 96
86.78, 96
86.78, 96
86.78, 96
86.78, 96
86.78, 96
86.79, 96
86.79, 96
86.79, 96
86.80, 96
86.80, 96
86.80, 96
86.80, 96
86.89, 96
86.98, 96
86.98, 96
86.98, 96
86.99, 96
86.99, 96
86.99, 96
86.99, 96
87.10, 96
87.10, 96
87.10, 96
87.10, 96
87.11, 96
87.11, 96
87.11, 96
87.11, 96
87.12, 96
87.27, 96
87.27, 96
87.27, 96
87.27, 96
87.27, 96
87.41, 96
87.41, 96
87.42, 96
87.42, 96
87.42, 96
87.44, 96
87.44, 96
87.44, 96
87.44, 96
87.44, 96
87.51, 96
87.51, 96
87.51, 96
87.51, 96
87.51, 96
87.52, 96
87.52, 96
87.52, 96
87.53, 96
87.53, 96
87.53, 96
87.54, 96
87.57, 96
87.57, 96
87.57, 96
87.58, 96
87.58, 96
87.58, 96
87.58, 96
87.60, 96
87.61, 96
87.61, 96
87.61, 96
87.61, 96
87.61, 96
87.74, 96
87.74, 96
87.74, 96
87.76, 96
87.79, 96
87.80, 96
87.80, 96
87.80, 96
87.80, 96
87.80, 96
87.87, 96
87.87, 96
87.87, 96
87.87, 96
88.51, 96
88.51, 96
88.51, 96
88.51, 96
88.53, 96
88.53, 96
88.64, 96
88.64, 96
88.64, 96
88.77, 96
89.01, 96
89.65, 96
89.65, 96
90.31, 96
90.45, 96
90.45, 96
90.45, 96
90.60, 96
90.72, 96
90.72, 96
90.72, 96
90.75, 96
90.75, 96
90.75, 96
90.75, 96
90.75, 96
91.17, 96
91.17, 96
91.17, 96
91.26, 96
91.26, 96
91.26, 96
91.28, 96
91.29, 96
91.29, 96
91.29, 96
91.29, 96
91.87, 96
91.87, 96
91.87, 96
91.88, 96
91.88, 96
91.88, 96
91.89, 96
91.89, 96
91.89, 96
91.89, 96
91.92, 96
91.95, 96
91.96, 96
91.96, 96
91.96, 96
91.96, 96
91.96, 96
91.96, 96
91.96, 96
91.96, 96
91.96, 96
91.96, 96
91.97, 96
91.97, 96
91.98, 96
91.98, 96
91.98, 96
91.98, 96
92.01, 96
92.02, 96
92.02, 96
92.03, 96
92.03, 96
92.22, 96
92.22, 96
92.22, 96
92.23, 96
92.25, 96
92.25, 96
92.25, 96
92.25, 96
92.26, 96
92.55, 96
92.71, 96
92.71, 96
92.71, 96
92.71, 96
92.71, 96
92.71, 96
92.71, 96
92.72, 96
92.72, 96
92.72, 96
92.78, 96
92.78, 96
92.78, 96
92.78, 96
92.78, 96
92.82, 96
93.14, 96
93.14, 96
93.15, 96
93.15, 96
93.15, 96
93.15, 96
93.15, 96
93.16, 96
93.22, 96
93.43, 96
93.43, 96
93.50, 96
93.50, 96
93.50, 96
93.54, 96
93.54, 96
93.54, 96
93.55, 96
93.55, 96
93.57, 96
93.60, 96
93.60, 96
93.60, 96
93.60, 96
93.61, 96
93.82, 96
93.82, 96
93.82, 96
93.83, 96
94.26, 96
94.26, 96
94.26, 96
94.64, 96
94.64, 96
94.64, 96
94.64, 96
94.64, 96
94.66, 96
94.67, 96
94.68, 96
94.68, 96
94.69, 96
94.69, 96
94.71, 96
94.71, 96
94.71, 96
94.72, 96
94.89, 96
94.92, 96
94.93, 96
94.93, 96
94.93, 96
94.93, 96
94.93, 96
95.11, 96
95.13, 96
95.15, 96
95.15, 96
95.15, 96
95.15, 96
95.15, 96
95.16, 96
95.51, 96
95.51, 96
95.55, 96
95.55, 96
95.55, 96
95.55, 96
95.55, 96
95.55, 96
95.89, 96
95.89, 96
95.89, 96
95.92, 96
95.92, 96
95.92, 96
95.96, 96
95.96, 96
95.96, 96
95.96, 96
95.96, 96
95.96, 96
95.97, 96
95.97, 96
96.03, 96
96.03, 96
96.03, 96
96.04, 96
96.04, 96
96.04, 96
96.04, 96
96.06, 96
96.06, 96
96.06, 96
96.13, 96
96.13, 96
96.13, 96
96.13, 96
96.13, 96
96.13, 96
96.13, 96
96.14, 96
96.14, 96
96.14, 96
96.14, 96
96.22, 96
96.22, 96
96.22, 96
96.25, 96
96.26, 96
96.26, 96
96.26, 96
96.28, 96
96.28, 96
96.28, 96
96.28, 96
96.29, 96
96.29, 96
96.29, 96
96.29, 96
96.29, 96
96.29, 96
96.30, 96
96.36, 96
96.36, 96
96.40, 96
96.40, 96
96.48, 96
96.48, 96
96.63, 96
96.63, 96
96.63, 96
96.63, 96
96.69, 96
96.69, 96
96.75, 96
96.75, 96
96.75, 96
96.75, 96
96.76, 96
96.77, 96
96.77, 96
96.77, 96
96.77, 96
96.78, 96
96.81, 96
96.81, 96
96.81, 96
96.90, 96
96.91, 96
96.91, 96
96.91, 96
96.92, 96
96.92, 96
96.92, 96
96.92, 96
96.92, 96
96.94, 96
96.94, 96
96.94, 96
96.98, 96
96.98, 96
96.98, 96
96.98, 96
96.98, 96
96.99, 96
97.05, 96
97.05, 96
97.05, 96
97.05, 96
97.05, 96
97.05, 96
97.11, 96
97.30, 96
97.30, 96
97.31, 96
97.45, 96
97.45, 96
97.45, 96
97.48, 96
97.67, 96
97.67, 96
97.67, 96
97.67, 96
97.68, 96
97.69, 96
98.02, 96
98.02, 96
98.03, 96
98.03, 96
98.03, 96
98.03, 96
98.10, 96
98.10, 96
98.10, 96
98.10, 96
98.10, 96
98.10, 96
98.11, 96
98.22, 96
98.22, 96
98.22, 96
98.27, 96
98.28, 96
98.28, 96
98.28, 96
98.58, 96
98.58, 96
98.87, 96
98.87, 96
98.88, 96
98.89, 96
98.89, 96
98.89, 96
99.01, 96
99.02, 96
99.02, 96
99.08, 96
99.09, 96
99.09, 96
99.09, 96
99.09, 96
99.09, 96
99.09, 96
99.09, 96
99.09, 96
99.09, 96
99.09, 96
99.09, 96
99.10, 96
99.11, 96
99.12, 96
99.12, 96
99.12, 96
99.12, 96
99.12, 96
99.26, 96
99.26, 96
99.26, 96
99.27, 96
99.27, 96
99.27, 96
99.28, 96
99.28, 96
99.28, 96
99.28, 96
99.29, 96
99.30, 96
99.31, 96
99.31, 96
99.31, 96
99.31, 96
99.31, 96
99.35, 96
99.35, 96
99.41, 96
99.41, 96
99.42, 96
99.66, 96
99.79, 96
99.79, 96
99.79, 96
99.79, 96
99.79, 96
99.87, 96
100.03, 96
100.26, 96
100.26, 96
100.26, 96
100.28, 96
100.28, 96
100.28, 96
100.28, 96
100.28, 96
100.44, 96
100.44, 96
100.44, 96
100.44, 96
100.45, 96
100.45, 96
100.45, 96
100.45, 96
100.46, 96
100.54, 96
100.54, 96
100.62, 96
100.62, 96
100.62, 96
100.62, 96
100.63, 96
100.72, 96
100.72, 96
100.72, 96
100.73, 96
100.85, 96
100.88, 96
100.90, 96
100.90, 96
101.25, 96
101.25, 96
101.27, 96
101.27, 96
101.27, 96
101.27, 96
101.34, 96
101.34, 96
101.34, 96
101.35, 96
101.47, 96
101.47, 96
101.48, 96
101.48, 96
101.48, 96
101.48, 96
101.48, 96
101.49, 96
101.49, 96
101.52, 96
101.52, 96
101.52, 96
101.53, 96
101.53, 96
101.53, 96
101.53, 96
101.53, 96
101.53, 96
101.53, 96
101.53, 96
101.54, 96
101.54, 96
101.54, 96
101.62, 96
101.62, 96
101.62, 96
101.63, 96
101.63, 96
101.63, 96
101.63, 96
101.63, 96
101.63, 96
101.63, 96
101.64, 96
101.64, 96
101.64, 96
101.64, 96
101.65, 96
101.65, 96
101.65, 96
101.65, 96
101.65, 96
101.90, 96
101.90, 96
101.90, 96
101.91, 96
101.91, 96
101.91, 96
101.91, 96
101.91, 96
101.91, 96
101.91, 96
101.91, 96
101.91, 96
101.91, 96
101.92, 96
101.92, 96
101.92, 96
101.92, 96
101.92, 96
101.92, 96
102.08, 96
102.13, 96
102.24, 96
102.25, 96
102.25, 96
102.27, 96
102.64, 96
102.65, 96
102.65, 96
102.68, 96
102.69, 96
102.72, 96
102.79, 96
102.79, 96
102.79, 96
102.79, 96
102.79, 96
102.88, 96
102.95, 96
102.96, 96
103.08, 96
103.08, 96
103.09, 96
103.21, 96
103.26, 96
103.29, 96
103.30, 96
103.30, 96
103.30, 96
103.30, 96
103.31, 96
103.31, 96
103.31, 96
103.31, 96
103.31, 96
103.34, 96
103.34, 96
103.34, 96
103.34, 96
103.34, 96
103.34, 96
103.58, 96
103.59, 96
103.59, 96
103.59, 96
103.60, 96
103.60, 96
103.60, 96
103.60, 96
103.61, 96
103.63, 96
103.63, 96
103.63, 96
103.63, 96
103.64, 96
103.65, 96
103.65, 96
103.65, 96
103.66, 96
103.66, 96
103.66, 96
103.66, 96
103.71, 96
103.74, 96
103.74, 96
103.74, 96
103.74, 96
103.75, 96
103.75, 96
103.75, 96
103.78, 96
103.78, 96
103.78, 96
103.78, 96
103.78, 96
103.78, 96
103.79, 96
103.79, 96
103.79, 96
103.80, 96
103.80, 96
103.80, 96
103.81, 96
103.81, 96
103.81, 96
103.81, 96
103.82, 96
103.82, 96
103.82, 96
103.83, 96
103.83, 96
103.83, 96
103.84, 96
103.85, 96
103.85, 96
103.85, 96
103.85, 96
103.86, 96
103.86, 96
103.97, 96
103.97, 96
103.98, 96
103.98, 96
103.98, 96
104.02, 96
104.03, 96
104.04, 96
104.04, 96
104.04, 96
104.04, 96
104.04, 96
104.04, 96
104.04, 96
104.17, 96
104.18, 96
104.53, 96
104.53, 96
104.53, 96
104.53, 96
104.53, 96
104.53, 96
104.53, 96
104.54, 96
104.54, 96
104.56, 96
104.56, 96
104.56, 96
104.56, 96
104.57, 96
104.58, 96
104.58, 96
104.58, 96
104.58, 96
104.58, 96
104.58, 96
104.59, 96
104.68, 96
104.68, 96
104.68, 96
104.68, 96
104.68, 96
104.68, 96
104.69, 96
104.69, 96
104.69, 96
104.69, 96
104.69, 96
104.95, 96
104.95, 96
104.96, 96
104.96, 96
104.96, 96
105.03, 96
105.03, 96
105.03, 96
105.14, 96
105.25, 96
105.25, 96
105.25, 96
105.25, 96
105.25, 96
105.26, 96
105.33, 96
105.35, 96
105.36, 96
105.36, 96
105.37, 96
105.37, 96
105.37, 96
105.37, 96
105.37, 96
105.37, 96
105.37, 96
105.73, 96
105.73, 96
105.75, 96
105.77, 96
105.88, 96
105.88, 96
105.89, 96
105.89, 96
105.89, 96
105.89, 96
105.90, 96
105.90, 96
105.90, 96
105.90, 96
105.92, 96
105.93, 96
105.93, 96
105.93, 96
105.93, 96
105.94, 96
105.94, 96
105.94, 96
105.94, 96
105.97, 96
106.40, 96
106.41, 96
106.45, 96
106.45, 96
106.45, 96
106.45, 96
106.45, 96
106.56, 96
106.60, 96
106.60, 96
106.81, 96
106.81, 96
106.82, 96
107.02, 96
107.02, 96
107.02, 96
107.03, 96
107.12, 96
107.12, 96
107.12, 96
107.30, 96
107.31, 96
107.31, 96
107.31, 96
107.31, 96
107.31, 96
107.31, 96
107.32, 96
107.32, 96
107.46, 96
107.48, 96
107.49, 96
107.50, 96
107.50, 96
107.54, 96
107.54, 96
107.54, 96
107.55, 96
107.55, 96
107.55, 96
107.57, 96
107.58, 96
107.58, 96
107.58, 96
107.58, 96
107.59, 96
107.59, 96
107.59, 96
107.71, 96
107.71, 96
107.72, 96
107.81, 96
107.85, 96
107.85, 96
107.93, 96
107.93, 96
107.93, 96
108.08, 96
108.08, 96
108.08, 96
108.18, 96
108.19, 96
108.19, 96
108.32, 96
108.32, 96
108.43, 96
108.43, 96
108.53, 96
108.61, 96
108.62, 96
108.98, 96
108.98, 96
109.15, 96
109.15, 96
109.15, 96
109.15, 96
109.15, 96
109.15, 96
109.15, 96
109.22, 96
109.22, 96
109.22, 96
109.23, 96
109.23, 96
109.27, 96
109.46, 96
109.46, 96
109.47, 96
109.47, 96
109.47, 96
109.52, 96
109.52, 96
109.52, 96
109.53, 96
109.57, 96
109.57, 96
109.57, 96
109.62, 96
109.97, 96
110.02, 96
110.03, 96
110.03, 96
110.03, 96
110.04, 96
110.04, 96
110.04, 96
110.04, 96
110.09, 96
110.09, 96
110.09, 96
110.09, 96
110.14, 96
110.14, 96
110.14, 96
110.14, 96
110.14, 96
110.14, 96
110.14, 96
110.22, 96
110.22, 96
110.24, 96
110.25, 96
110.26, 96
110.42, 96
110.43, 96
110.43, 96
110.43, 96
110.43, 96
110.43, 96
110.57, 96
110.66, 96
110.66, 96
110.66, 96
110.66, 96
110.66, 96
110.75, 96
110.75, 96
110.75, 96
110.75, 96
110.75, 96
110.75, 96
110.76, 96
110.77, 96
110.77, 96
110.77, 96
110.77, 96
110.87, 96
110.96, 96
111.08, 96
111.09, 96
111.26, 96
111.31, 96
111.31, 96
111.31, 96
111.31, 96
111.31, 96
111.31, 96
111.31, 96
111.31, 96
111.31, 96
111.38, 96
111.38, 96
111.38, 96
111.38, 96
111.38, 96
111.38, 96
111.39, 96
111.39, 96
111.39, 96
111.41, 96
111.41, 96
111.42, 96
111.42, 96
111.42, 96
111.42, 96
111.42, 96
111.42, 96
111.42, 96
111.42, 96
111.43, 96
111.43, 96
111.43, 96
111.43, 96
111.43, 96
111.44, 96
111.49, 96
111.52, 96
111.52, 96
111.53, 96
111.55, 96
111.61, 96
111.61, 96
111.63, 96
111.63, 96
111.64, 96
111.72, 96
111.72, 96
111.73, 96
111.73, 96
111.74, 96
111.75, 96
111.75, 96
111.84, 96
111.84, 96
111.84, 96
111.84, 96
111.87, 96
111.87, 96
111.87, 96
111.94, 96
112.16, 96
112.16, 96
112.17, 96
112.17, 96
112.17, 96
112.20, 96
112.20, 96
112.21, 96
112.26, 96
112.26, 96
112.27, 96
112.30, 96
112.30, 96
112.30, 96
112.30, 96
112.68, 96
112.69, 96
112.69, 96
112.69, 96
112.69, 96
112.70, 96
112.70, 96
113.06, 96
113.06, 96
113.14, 96
113.14, 96
113.14, 96
113.14, 96
113.34, 96
113.34, 96
113.34, 96
113.34, 96
113.41, 96
113.41, 96
113.46, 96
113.46, 96
113.46, 96
113.46, 96
113.47, 96
113.47, 96
113.47, 96
113.48, 96
113.48, 96
113.48, 96
113.48, 96
113.48, 96
113.63, 96
113.63, 96
113.63, 96
113.63, 96
113.63, 96
113.63, 96
113.63, 96
113.64, 96
113.64, 96
113.64, 96
113.67, 96
113.67, 96
113.67, 96
113.70, 96
113.70, 96
113.75, 96
113.75, 96
113.75, 96
113.75, 96
113.76, 96
113.76, 96
113.76, 96
114.08, 96
114.08, 96
114.27, 96
114.28, 96
114.32, 96
114.41, 96
114.41, 96
114.41, 96
114.43, 96
114.43, 96
114.43, 96
114.43, 96
114.65, 96
114.65, 96
114.65, 96
114.73, 96
114.73, 96
114.73, 96
114.76, 96
114.80, 96
114.84, 96
114.84, 96
114.84, 96
114.85, 96
115.71, 96
115.76, 96
115.76, 96
115.76, 96
116.03, 96
116.04, 96
116.04, 96
116.09, 96
116.09, 96
116.57, 96
116.58, 96
116.73, 96
116.74, 96
116.74, 96
116.74, 96
116.74, 96
116.74, 96
116.74, 96
116.78, 96
116.80, 96
116.80, 96
116.80, 96
116.80, 96
116.82, 96
116.82, 96
116.91, 96
116.91, 96
116.92, 96
117.09, 96
117.09, 96
117.11, 96
117.11, 96
117.12, 96
117.12, 96
117.12, 96
117.12, 96
117.13, 96
117.13, 96
117.16, 96
117.26, 96
117.26, 96
117.26, 96
117.26, 96
117.29, 96
117.29, 96
117.29, 96
117.29, 96
117.29, 96
117.29, 96
117.29, 96
117.29, 96
117.30, 96
117.30, 96
117.31, 96
117.31, 96
117.31, 96
117.31, 96
117.31, 96
117.32, 96
117.40, 96
117.40, 96
117.41, 96
117.41, 96
117.41, 96
117.41, 96
117.41, 96
117.41, 96
117.42, 96
117.42, 96
117.42, 96
117.42, 96
117.56, 96
117.56, 96
117.56, 96
117.56, 96
117.56, 96
117.57, 96
117.57, 96
117.57, 96
117.57, 96
117.57, 96
117.58, 96
117.58, 96
117.58, 96
117.58, 96
117.58, 96
117.58, 96
117.58, 96
117.58, 96
117.59, 96
117.63, 96
117.63, 96
117.63, 96
117.63, 96
117.65, 96
117.65, 96
117.98, 96
117.98, 96
117.98, 96
118.24, 96
118.25, 96
118.25, 96
118.25, 96
118.25, 96
118.26, 96
118.26, 96
118.26, 96
118.26, 96
118.26, 96
118.26, 96
118.27, 96
118.27, 96
118.31, 96
118.32, 96
118.32, 96
118.32, 96
118.32, 96
118.32, 96
118.32, 96
118.32, 96
118.32, 96
119.53, 96
119.53, 96
119.56, 96
119.56, 96
119.56, 96
119.67, 96
119.67, 96
119.67, 96
119.67, 96
119.92, 96
119.93, 96
119.94, 96
119.94, 96
119.94, 96
120.00, 96
120.00, 96
120.21, 96
120.22, 96
120.22, 96
120.22, 96
120.22, 96
120.23, 96
120.23, 96
120.23, 96
120.23, 96
120.80, 96
120.80, 96
120.80, 96
120.80, 96
120.80, 96
120.80, 96
120.80, 96
120.81, 96
120.81, 96
120.81, 96
120.81, 96
120.81, 96
120.81, 96
120.82, 96
120.82, 96
120.86, 96
120.87, 96
120.88, 96
120.88, 96
121.12, 96
121.12, 96
121.12, 96
121.12, 96
121.12, 96
121.12, 96
121.13, 96
121.18, 96
121.18, 96
121.18, 96
121.18, 96
121.18, 96
121.19, 96
121.22, 96
121.22, 96
121.42, 96
121.42, 96
121.42, 96
121.50, 96
121.50, 96
121.64, 96
121.71, 96
121.75, 96
121.75, 96
121.75, 96
121.75, 96
121.75, 96
121.76, 96
121.76, 96
121.76, 96
122.04, 96
122.04, 96
122.04, 96
122.05, 96
122.06, 96
122.12, 96
122.12, 96
122.16, 96
122.17, 96
122.17, 96
122.17, 96
122.17, 96
122.17, 96
122.26, 96
122.26, 96
122.26, 96
122.27, 96
122.34, 96
122.34, 96
122.35, 96
122.35, 96
122.35, 96
122.54, 96
122.56, 96
122.56, 96
122.57, 96
122.57, 96
122.57, 96
122.57, 96
122.57, 96
122.57, 96
122.60, 96
122.60, 96
122.60, 96
122.60, 96
122.60, 96
122.61, 96
122.61, 96
122.61, 96
122.87, 96
123.16, 96
123.16, 96
123.17, 96
123.19, 96
123.20, 96
123.23, 96
123.23, 96
123.23, 96
123.28, 96
123.41, 96
123.41, 96
123.45, 96
123.46, 96
123.46, 96
123.46, 96
123.46, 96
123.46, 96
123.46, 96
123.47, 96
123.47, 96
123.47, 96
123.47, 96
123.52, 96
123.52, 96
123.53, 96
123.53, 96
123.53, 96
123.54, 96
123.54, 96
123.58, 96
123.60, 96
123.60, 96
123.61, 96
123.72, 96
123.72, 96
123.73, 96
123.73, 96
123.73, 96
123.73, 96
123.73, 96
123.74, 96
124.10, 96
124.10, 96
124.25, 96
124.25, 96
124.25, 96
124.25, 96
124.25, 96
124.25, 96
124.25, 96
124.26, 96
124.26, 96
124.26, 96
124.27, 96
124.54, 96
124.54, 96
124.55, 96
124.55, 96
124.55, 96
124.55, 96
124.55, 96
124.55, 96
124.55, 96
124.55, 96
124.55, 96
124.64, 96
124.64, 96
124.64, 96
124.72, 96
124.74, 96
124.75, 96
124.75, 96
124.76, 96
124.76, 96
124.77, 96
124.87, 96
124.89, 96
124.89, 96
124.89, 96
124.89, 96
124.90, 96
124.90, 96
124.90, 96
124.91, 96
124.92, 96
124.92, 96
124.93, 96
124.93, 96
124.95, 96
124.96, 96
124.96, 96
124.96, 96
124.96, 96
124.96, 96
125.05, 96
125.05, 96
125.10, 96
125.10, 96
125.11, 96
125.11, 96
125.12, 96
125.30, 96
125.35, 96
125.35, 96
125.49, 96
125.49, 96
125.50, 96
125.50, 96
125.72, 96
125.88, 96
125.88, 96
126.00, 96
126.00, 96
126.00, 96
126.00, 96
126.01, 96
126.17, 96
126.28, 96
126.41, 96
126.44, 96
126.55, 96
126.55, 96
126.55, 96
126.63, 96
126.63, 96
126.63, 96
126.63, 96
126.63, 96
126.63, 96
126.67, 96
126.67, 96
126.67, 96
126.67, 96
126.68, 96
126.68, 96
126.68, 96
126.71, 96
126.87, 96
126.88, 96
126.88, 96
126.88, 96
126.88, 96
126.91, 96
126.93, 96
126.94, 96
126.95, 96
126.95, 96
126.95, 96
126.95, 96
126.95, 96
126.95, 96
126.96, 96
126.96, 96
126.96, 96
126.96, 96
126.96, 96
126.96, 96
127.06, 96
127.07, 96
127.07, 96
127.07, 96
127.08, 96
127.09, 96
127.09, 96
127.10, 96
127.10, 96
127.10, 96
127.10, 96
127.10, 96
127.10, 96
127.17, 96
127.25, 96
127.25, 96
127.25, 96
127.27, 96
127.35, 96
127.35, 96
127.35, 96
127.37, 96
127.37, 96
127.37, 96
127.37, 96
127.37, 96
127.37, 96
127.37, 96
127.37, 96
127.38, 96
127.51, 96
127.76, 96
127.76, 96
127.76, 96
127.76, 96
127.77, 96
127.77, 96
127.84, 96
127.84, 96
127.85, 96
127.86, 96
128.01, 96
128.02, 96
128.02, 96
128.02, 96
128.03, 96
128.03, 96
128.07, 96
128.11, 96
128.12, 96
128.22, 96
128.23, 96
128.23, 96
128.23, 96
128.28, 96
128.29, 96
128.66, 96
128.66, 96
128.66, 96
128.66, 96
128.66, 96
128.67, 96
128.77, 96
128.96, 96
128.96, 96
129.14, 96
129.14, 96
129.14, 96
129.31, 96
129.39, 96
129.39, 96
129.43, 96
129.43, 96
129.60, 96
129.60, 96
129.60, 96
129.60, 96
129.60, 96
129.60, 96
129.60, 96
129.61, 96
129.61, 96
129.61, 96
129.62, 96
129.70, 96
129.70, 96
129.70, 96
129.70, 96
129.70, 96
129.72, 96
129.72, 96
129.72, 96
129.72, 96
129.72, 96
129.72, 96
129.73, 96
129.73, 96
129.73, 96
129.74, 96
129.74, 96
129.74, 96
129.78, 96
129.78, 96
129.78, 96
129.79, 96
129.79, 96
129.86, 96
129.88, 96
129.90, 96
129.90, 96
129.91, 96
129.91, 96
129.91, 96
129.91, 96
129.92, 96
129.93, 96
129.98, 96
129.98, 96
129.99, 96
129.99, 96
129.99, 96
129.99, 96
130.00, 96
130.09, 96
130.09, 96
130.09, 96
130.09, 96
130.14, 96
130.14, 96
130.14, 96
130.14, 96
130.14, 96
130.14, 96
130.15, 96
130.22, 96
130.23, 96
130.23, 96
130.29, 96
130.29, 96
130.29, 96
130.30, 96
130.30, 96
130.30, 96
130.30, 96
130.45, 96
130.46, 96
130.46, 96
130.46, 96
130.46, 96
130.46, 96
130.46, 96
130.68, 96
130.68, 96
130.94, 96
131.66, 96
131.67, 96
131.67, 96
131.67, 96
131.67, 96
131.67, 96
131.67, 96
131.67, 96
131.77, 96
131.77, 96
131.95, 96
131.95, 96
131.96, 96
131.98, 96
131.98, 96
132.15, 96
132.16, 96
132.16, 96
132.16, 96
132.16, 96
132.16, 96
132.16, 96
132.16, 96
132.17, 96
132.17, 96
132.17, 96
132.17, 96
132.18, 96
132.19, 96
132.19, 96
132.19, 96
132.32, 96
132.32, 96
132.32, 96
132.76, 96
132.77, 96
132.77, 96
132.77, 96
132.77, 96
132.77, 96
132.77, 96
132.78, 96
132.78, 96
132.79, 96
132.79, 96
132.79, 96
132.79, 96
132.79, 96
132.80, 96
132.80, 96
132.99, 96
132.99, 96
132.99, 96
133.00, 96
133.03, 96
133.03, 96
133.27, 96
133.27, 96
133.27, 96
133.40, 96
133.40, 96
133.40, 96
133.58, 96
133.58, 96
133.58, 96
133.58, 96
133.61, 96
133.61, 96
133.64, 96
133.64, 96
133.64, 96
133.64, 96
133.64, 96
133.65, 96
133.65, 96
133.65, 96
133.65, 96
133.65, 96
133.65, 96
133.65, 96
133.65, 96
133.68, 96
133.68, 96
133.69, 96
133.69, 96
133.69, 96
133.69, 96
133.69, 96
133.70, 96
133.70, 96
133.83, 96
133.83, 96
133.83, 96
133.83, 96
133.84, 96
133.99, 96
133.99, 96
134.00, 96
134.00, 96
134.00, 96
134.00, 96
134.00, 96
134.02, 96
134.03, 96
134.03, 96
134.03, 96
134.03, 96
134.03, 96
134.03, 96
134.08, 96
134.08, 96
134.09, 96
134.09, 96
134.09, 96
134.09, 96
134.09, 96
134.09, 96
134.10, 96
134.14, 96
134.14, 96
134.31, 96
134.31, 96
134.35, 96
134.41, 96
134.41, 96
134.41, 96
134.41, 96
134.41, 96
134.41, 96
134.63, 96
134.63, 96
134.81, 96
135.07, 96
135.20, 96
135.20, 96
135.20, 96
135.21, 96
135.57, 96
135.59, 96
135.59, 96
135.59, 96
135.65, 96
135.78, 96
135.78, 96
135.78, 96
135.78, 96
135.78, 96
135.78, 96
135.80, 96
136.05, 96
136.05, 96
136.05, 96
136.05, 96
136.06, 96
136.06, 96
136.30, 96
136.30, 96
136.32, 96
136.32, 96
136.32, 96
136.32, 96
136.33, 96
136.33, 96
136.36, 96
136.37, 96
136.37, 96
136.70, 96
136.70, 96
136.70, 96
136.72, 96
136.81, 96
136.81, 96
136.82, 96
136.82, 96
136.82, 96
137.04, 96
137.04, 96
137.04, 96
137.04, 96
137.04, 96
137.05, 96
137.05, 96
137.05, 96
137.05, 96
137.05, 96
137.05, 96
137.05, 96
137.08, 96
137.08, 96
137.08, 96
137.08, 96
137.08, 96
137.15, 96
137.15, 96
137.15, 96
137.15, 96
137.16, 96
137.16, 96
137.16, 96
137.17, 96
137.18, 96
137.32, 96
137.32, 96
137.33, 96
137.39, 96
137.39, 96
137.39, 96
137.39, 96
137.42, 96
137.42, 96
137.42, 96
137.42, 96
137.43, 96
137.59, 96
137.59, 96
137.60, 96
138.26, 96
138.30, 96
138.30, 96
138.39, 96
138.39, 96
138.40, 96
138.40, 96
138.40, 96
138.40, 96
138.41, 96
138.41, 96
138.41, 96
138.41, 96
138.41, 96
138.41, 96
138.41, 96
138.47, 96
138.47, 96
138.72, 96
138.74, 96
138.74, 96
138.74, 96
138.78, 96
138.78, 96
138.78, 96
138.79, 96
138.90, 96
139.11, 96
139.12, 96
139.12, 96
139.12, 96
139.12, 96
139.12, 96
139.13, 96
139.13, 96
139.13, 96
139.18, 96
139.19, 96
139.19, 96
139.19, 96
139.19, 96
139.19, 96
139.19, 96
139.19, 96
139.19, 96
139.20, 96
139.20, 96
139.20, 96
139.20, 96
139.25, 96
139.27, 96
139.27, 96
139.28, 96
139.28, 96
139.28, 96
139.28, 96
139.28, 96
139.28, 96
139.28, 96
139.32, 96
139.36, 96
139.36, 96
139.36, 96
139.36, 96
139.36, 96
139.37, 96
139.37, 96
139.37, 96
139.37, 96
139.37, 96
139.38, 96
139.38, 96
139.39, 96
139.41, 96
139.41, 96
139.41, 96
139.41, 96
139.66, 96
139.67, 96
139.67, 96
139.67, 96
139.67, 96
139.67, 96
139.67, 96
139.67, 96
139.67, 96
139.67, 96
139.68, 96
139.68, 96
139.68, 96
139.68, 96
139.68, 96
139.69, 96
139.75, 96
139.96, 96
140.00, 96
140.00, 96
140.03, 96
140.03, 96
140.03, 96
140.03, 96
140.10, 96
140.10, 96
140.37, 96
140.37, 96
140.38, 96
140.62, 96
140.62, 96
140.63, 96
140.66, 96
140.68, 96
140.68, 96
140.68, 96
140.68, 96
140.69, 96
140.69, 96
140.74, 96
140.74, 96
140.74, 96
141.00, 96
141.00, 96
141.00, 96
141.00, 96
141.00, 96
141.00, 96
141.01, 96
141.01, 96
141.23, 96
141.24, 96
141.24, 96
141.24, 96
141.24, 96
141.25, 96
141.25, 96
141.25, 96
141.25, 96
141.26, 96
141.26, 96
141.26, 96
141.27, 96
141.27, 96
141.33, 96
141.33, 96
141.34, 96
141.34, 96
141.52, 96
141.53, 96
141.53, 96
141.55, 96
141.55, 96
141.55, 96
141.55, 96
141.56, 96
141.56, 96
141.60, 96
141.61, 96
142.19, 96
142.20, 96
142.23, 96
142.23, 96
142.24, 96
142.24, 96
142.37, 96
142.37, 96
142.37, 96
142.37, 96
142.37, 96
142.37, 96
142.49, 96
142.50, 96
142.50, 96
142.50, 96
142.50, 96
142.50, 96
142.50, 96
142.51, 96
142.51, 96
142.51, 96
142.51, 96
142.89, 96
142.91, 96
142.91, 96
143.20, 96
143.20, 96
143.20, 96
143.20, 96
143.21, 96
143.21, 96
143.26, 96
143.26, 96
143.27, 96
143.27, 96
143.27, 96
143.27, 96
143.28, 96
143.28, 96
143.28, 96
143.28, 96
143.28, 96
143.29, 96
143.29, 96
143.29, 96
143.38, 96
143.38, 96
143.38, 96
143.39, 96
143.39, 96
143.39, 96
143.40, 96
143.40, 96
143.40, 96
143.40, 96
143.40, 96
143.69, 96
143.70, 96
143.70, 96
143.71, 96
143.75, 96
143.75, 96
143.75, 96
143.75, 96
143.75, 96
143.76, 96
143.76, 96
143.76, 96
143.76, 96
143.77, 96
143.77, 96
143.77, 96
143.77, 96
143.85, 96
143.85, 96
143.85, 96
143.85, 96
143.88, 96
144.13, 96
144.13, 96
144.14, 96
144.14, 96
144.14, 96
144.15, 96
144.15, 96
144.25, 96
144.29, 96
144.29, 96
144.29, 96
144.30, 96
144.30, 96
144.30, 96
144.30, 96
144.31, 96
144.31, 96
144.31, 96
144.31, 96
144.31, 96
144.55, 96
144.56, 96
144.70, 96
144.70, 96
144.70, 96
144.70, 96
144.71, 96
144.71, 96
144.71, 96
144.71, 96
144.71, 96
144.71, 96
144.71, 96
144.71, 96
144.71, 96
144.72, 96
144.72, 96
144.72, 96
144.72, 96
144.72, 96
144.73, 96
144.93, 96
144.93, 96
145.01, 96
145.01, 96
145.02, 96
145.05, 96
145.05, 96
145.05, 96
145.05, 96
145.05, 96
145.32, 96
145.32, 96
145.32, 96
145.32, 96
145.32, 96
145.32, 96
145.34, 96
145.35, 96
145.35, 96
145.35, 96
145.35, 96
145.35, 96
145.35, 96
145.37, 96
145.37, 96
145.48, 96
145.49, 96
145.49, 96
145.49, 96
145.60, 96
145.60, 96
145.61, 96
145.61, 96
145.62, 96
145.62, 96
145.70, 96
145.71, 96
145.83, 96
145.83, 96
145.83, 96
145.84, 96
145.84, 96
145.99, 96
146.00, 96
146.00, 96
146.00, 96
146.00, 96
146.01, 96
146.02, 96
146.02, 96
146.21, 96
146.22, 96
146.22, 96
146.22, 96
146.22, 96
146.22, 96
146.23, 96
146.28, 96
146.28, 96
146.28, 96
146.30, 96
146.31, 96
146.31, 96
146.31, 96
146.37, 96
146.39, 96
146.52, 96
146.52, 96
146.54, 96
146.54, 96
146.54, 96
146.55, 96
146.55, 96
146.55, 96
146.55, 96
146.55, 96
146.65, 96
146.68, 96
146.68, 96
146.68, 96
146.68, 96
146.68, 96
146.69, 96
146.69, 96
146.69, 96
146.69, 96
146.70, 96
146.70, 96
146.70, 96
146.72, 96
146.72, 96
146.72, 96
146.72, 96
146.73, 96
146.73, 96
146.74, 96
146.74, 96
146.92, 96
146.92, 96
146.92, 96
147.03, 96
147.03, 96
147.03, 96
147.03, 96
147.04, 96
147.04, 96
147.04, 96
147.04, 96
147.04, 96
147.05, 96
147.05, 96
147.09, 96
147.09, 96
147.10, 96
147.10, 96
147.10, 96
147.10, 96
147.21, 96
147.22, 96
147.22, 96
147.23, 96
147.23, 96
147.38, 96
147.38, 96
147.38, 96
147.38, 96
147.38, 96
147.38, 96
147.39, 96
147.39, 96
147.39, 96
147.39, 96
147.39, 96
147.39, 96
147.39, 96
147.39, 96
147.39, 96
147.39, 96
147.40, 96
147.41, 96
147.41, 96
147.41, 96
147.41, 96
147.41, 96
147.54, 96
147.54, 96
147.54, 96
147.56, 96
147.57, 96
147.57, 96
147.58, 96
147.58, 96
147.58, 96
147.58, 96
147.90, 96
147.90, 96
147.91, 96
147.91, 96
147.91, 96
147.94, 96
148.09, 96
148.22, 96
148.22, 96
148.22, 96
148.22, 96
148.23, 96
148.23, 96
148.27, 96
148.27, 96
148.27, 96
148.27, 96
148.28, 96
148.28, 96
148.28, 96
148.28, 96
148.34, 96
148.54, 96
148.55, 96
148.55, 96
148.56, 96
148.56, 96
148.78, 96
148.78, 96
148.79, 96
148.79, 96
148.87, 96
148.88, 96
148.88, 96
148.88, 96
148.88, 96
148.88, 96
148.88, 96
148.89, 96
148.89, 96
148.90, 96
148.90, 96
148.90, 96
148.92, 96
148.92, 96
148.92, 96
148.92, 96
148.92, 96
148.92, 96
148.92, 96
149.16, 96
149.16, 96
149.23, 96
149.23, 96
149.25, 96
149.26, 96
149.27, 96
149.27, 96
149.28, 96
149.29, 96
149.29, 96
149.49, 96
149.49, 96
149.50, 96
149.52, 96
149.54, 96
149.57, 96
149.58, 96
149.71, 96
149.71, 96
149.72, 96
149.72, 96
149.72, 96
149.72, 96
149.79, 96
149.79, 96
149.80, 96
149.80, 96
149.80, 96
149.80, 96
149.80, 96
149.80, 96
149.82, 96
149.82, 96
149.98, 96
149.98, 96
149.99, 96
149.99, 96
149.99, 96
150.01, 96
150.01, 96
150.01, 96
150.12, 96
150.12, 96
150.16, 96
150.16, 96
150.16, 96
150.41, 96
150.47, 96
150.47, 96
150.50, 96
150.80, 96
150.80, 96
150.80, 96
150.80, 96
150.80, 96
150.81, 96
150.81, 96
150.81, 96
150.81, 96
150.93, 96
150.93, 96
150.93, 96
150.93, 96
151.02, 96
151.02, 96
151.02, 96
151.04, 96
151.05, 96
151.09, 96
151.09, 96
151.09, 96
151.10, 96
151.10, 96
151.10, 96
151.10, 96
151.10, 96
151.11, 96
151.11, 96
151.11, 96
151.11, 96
151.11, 96
151.11, 96
151.11, 96
151.11, 96
151.29, 96
151.29, 96
151.42, 96
151.42, 96
151.42, 96
151.42, 96
151.42, 96
151.45, 96
151.45, 96
151.46, 96
151.51, 96
151.58, 96
151.82, 96
151.82, 96
151.82, 96
152.07, 96
152.07, 96
152.07, 96
152.07, 96
152.07, 96
152.07, 96
152.07, 96
152.07, 96
152.11, 96
152.11, 96
152.19, 96
152.20, 96
152.20, 96
152.20, 96
152.20, 96
152.20, 96
152.21, 96
152.22, 96
152.46, 96
152.46, 96
152.48, 96
152.48, 96
152.48, 96
152.48, 96
152.48, 96
152.70, 96
152.71, 96
152.71, 96
152.71, 96
152.76, 96
152.76, 96
152.78, 96
152.78, 96
153.20, 96
153.20, 96
153.20, 96
153.24, 96
153.27, 96
153.27, 96
153.27, 96
153.27, 96
153.29, 96
153.29, 96
153.29, 96
153.29, 96
153.29, 96
153.30, 96
153.48, 96
153.48, 96
153.49, 96
153.49, 96
153.49, 96
153.54, 96
153.54, 96
153.54, 96
153.55, 96
153.55, 96
153.57, 96
153.71, 96
153.71, 96
153.71, 96
153.72, 96
153.72, 96
154.10, 96
154.11, 96
154.29, 96
154.29, 96
154.29, 96
154.29, 96
154.35, 96
154.35, 96
154.35, 96
154.35, 96
154.37, 96
154.37, 96
154.37, 96
154.38, 96
154.38, 96
154.38, 96
154.38, 96
154.38, 96
154.39, 96
154.39, 96
154.39, 96
154.39, 96
154.39, 96
154.39, 96
154.39, 96
154.40, 96
154.40, 96
154.66, 96
154.66, 96
154.67, 96
154.67, 96
154.67, 96
154.67, 96
154.76, 96
154.76, 96
154.76, 96
154.76, 96
154.77, 96
154.77, 96
154.77, 96
154.77, 96
154.77, 96
155.10, 96
155.10, 96
155.10, 96
155.11, 96
155.12, 96
155.12, 96
155.12, 96
155.35, 96
155.35, 96
155.35, 96
155.38, 96
155.38, 96
155.38, 96
155.40, 96
155.40, 96
155.40, 96
155.40, 96
155.55, 96
155.56, 96
155.56, 96
155.56, 96
155.56, 96
155.58, 96
155.59, 96
155.59, 96
155.59, 96
155.59, 96
155.59, 96
155.59, 96
155.60, 96
155.60, 96
155.60, 96
155.79, 96
155.87, 96
155.87, 96
155.88, 96
155.88, 96
155.89, 96
156.19, 96
156.19, 96
156.19, 96
156.19, 96
156.20, 96
156.20, 96
156.21, 96
156.21, 96
156.21, 96
156.21, 96
156.23, 96
156.23, 96
156.23, 96
156.24, 96
156.24, 96
156.24, 96
156.27, 96
156.44, 96
156.44, 96
156.44, 96
156.75, 96
156.75, 96
156.75, 96
156.76, 96
156.77, 96
156.77, 96
156.77, 96
156.77, 96
156.77, 96
156.77, 96
156.77, 96
156.77, 96
156.78, 96
156.78, 96
156.78, 96
156.78, 96
156.78, 96
156.80, 96
156.81, 96
156.82, 96
156.82, 96
156.82, 96
156.82, 96
156.82, 96
156.82, 96
156.83, 96
156.83, 96
156.83, 96
156.83, 96
156.83, 96
156.83, 96
156.87, 96
156.88, 96
157.20, 96
157.36, 96
157.36, 96
157.36, 96
157.47, 96
157.48, 96
157.48, 96
157.48, 96
157.49, 96
157.50, 96
157.50, 96
157.53, 96
157.53, 96
157.53, 96
157.58, 96
157.58, 96
157.58, 96
157.58, 96
157.58, 96
157.58, 96
157.58, 96
157.58, 96
157.58, 96
157.63, 96
157.64, 96
157.64, 96
157.64, 96
157.64, 96
157.64, 96
157.65, 96
157.65, 96
157.70, 96
157.70, 96
158.11, 96
158.11, 96
158.11, 96
158.11, 96
158.19, 96
158.20, 96
158.21, 96
158.28, 96
158.28, 96
158.58, 96
158.58, 96
158.58, 96
158.58, 96
158.59, 96
158.59, 96
158.59, 96
158.59, 96
158.59, 96
158.59, 96
158.59, 96
158.63, 96
158.63, 96
158.65, 96
158.65, 96
158.65, 96
158.65, 96
158.66, 96
158.66, 96
159.02, 96
159.04, 96
159.04, 96
159.05, 96
159.05, 96
159.05, 96
159.05, 96
159.09, 96
159.09, 96
159.11, 96
159.11, 96
159.21, 96
159.21, 96
159.21, 96
159.21, 96
159.21, 96
159.21, 96
159.21, 96
159.21, 96
159.21, 96
159.23, 96
159.23, 96
159.23, 96
159.41, 96
159.72, 96
159.72, 96
159.74, 96
159.74, 96
159.74, 96
160.06, 96
160.06, 96
160.17, 96
160.17, 96
160.17, 96
160.26, 96
160.26, 96
160.26, 96
160.28, 96
160.35, 96
160.37, 96
160.37, 96
160.37, 96
160.38, 96
160.38, 96
160.42, 96
160.42, 96
160.46, 96
160.47, 96
160.47, 96
160.47, 96
160.53, 96
160.54, 96
160.54, 96
160.54, 96
160.54, 96
160.55, 96
160.64, 96
160.64, 96
160.98, 96
160.98, 96
160.98, 96
160.98, 96
160.98, 96
160.98, 96
160.98, 96
160.99, 96
160.99, 96
161.00, 96
161.04, 96
161.05, 96
161.07, 96
161.13, 96
161.13, 96
161.13, 96
161.13, 96
161.14, 96
161.14, 96
161.16, 96
161.32, 96
161.53, 96
161.57, 96
161.58, 96
161.58, 96
161.59, 96
161.59, 96
161.70, 96
161.70, 96
161.70, 96
161.70, 96
161.70, 96
161.97, 96
161.97, 96
161.97, 96
161.97, 96
161.97, 96
161.98, 96
162.28, 96
162.28, 96
162.28, 96
162.28, 96
162.28, 96
162.28, 96
162.28, 96
162.29, 96
162.29, 96
162.29, 96
162.32, 96
162.32, 96
162.32, 96
162.32, 96
162.32, 96
162.32, 96
162.32, 96
162.32, 96
162.33, 96
162.34, 96
162.35, 96
162.35, 96
162.35, 96
162.35, 96
162.35, 96
162.35, 96
162.35, 96
162.36, 96
162.36, 96
162.36, 96
162.36, 96
162.36, 96
162.36, 96
162.36, 96
162.36, 96
162.36, 96
162.37, 96
162.38, 96
162.49, 96
162.50, 96
162.50, 96
162.51, 96
162.51, 96
162.51, 96
162.69, 96
162.69, 96
162.69, 96
162.73, 96
162.73, 96
162.73, 96
162.90, 96
163.05, 96
163.05, 96
163.05, 96
163.05, 96
163.06, 96
163.06, 96
163.06, 96
163.32, 96
163.34, 96
163.34, 96
163.35, 96
163.35, 96
163.35, 96
163.37, 96
163.37, 96
163.38, 96
163.39, 96
163.39, 96
163.39, 96
163.39, 96
163.40, 96
163.48, 96
163.48, 96
163.48, 96
163.48, 96
163.48, 96
163.48, 96
163.48, 96
163.48, 96
163.67, 96
163.67, 96
164.11, 96
164.11, 96
164.12, 96
164.12, 96
164.12, 96
164.13, 96
164.23, 96
164.23, 96
164.23, 96
164.23, 96
164.24, 96
164.24, 96
164.24, 96
164.24, 96
164.25, 96
164.25, 96
164.26, 96
164.33, 96
164.33, 96
164.34, 96
164.34, 96
164.34, 96
164.50, 96
164.51, 96
164.51, 96
164.51, 96
164.52, 96
164.53, 96
164.53, 96
165.50, 96
165.50, 96
165.50, 96
165.62, 96
165.62, 96
165.63, 96
165.63, 96
165.65, 96
166.15, 96
166.18, 96
166.18, 96
166.18, 96
166.18, 96
166.19, 96
166.20, 96
166.20, 96
166.20, 96
166.20, 96
166.38, 96
166.38, 96
166.38, 96
166.38, 96
166.38, 96
166.38, 96
166.39, 96
166.39, 96
166.87, 96
166.87, 96
167.12, 96
167.33, 96
167.34, 96
167.34, 96
167.34, 96
167.35, 96
167.36, 96
167.36, 96
167.36, 96
167.36, 96
167.45, 96
167.45, 96
167.45, 96
167.45, 96
167.45, 96
167.46, 96
167.47, 96
167.48, 96
167.48, 96
167.48, 96
167.48, 96
167.48, 96
167.48, 96
167.48, 96
167.79, 96
167.79, 96
167.81, 96
167.82, 96
167.82, 96
167.82, 96
167.82, 96
167.82, 96
167.86, 96
167.86, 96
167.87, 96
167.87, 96
167.87, 96
167.87, 96
167.87, 96
167.87, 96
167.87, 96
167.93, 96
167.93, 96
167.94, 96
167.94, 96
167.94, 96
167.94, 96
167.94, 96
167.94, 96
167.94, 96
167.94, 96
167.94, 96
167.95, 96
167.95, 96
167.95, 96
167.95, 96
168.13, 96
168.61, 96
168.61, 96
168.61, 96
168.61, 96
168.61, 96
168.62, 96
168.63, 96
168.74, 96
168.74, 96
168.75, 96
168.75, 96
168.75, 96
168.75, 96
168.75, 96
168.76, 96
168.76, 96
168.77, 96
168.78, 96
168.78, 96
168.83, 96
168.91, 96
168.91, 96
168.91, 96
168.91, 96
168.93, 96
168.93, 96
168.93, 96
168.97, 96
168.98, 96
168.98, 96
168.98, 96
168.99, 96
168.99, 96
168.99, 96
169.06, 96
169.06, 96
169.06, 96
169.27, 96
169.28, 96
169.31, 96
169.31, 96
169.36, 96
169.36, 96
169.36, 96
169.36, 96
169.37, 96
169.37, 96
169.37, 96
169.37, 96
169.37, 96
169.37, 96
169.38, 96
169.50, 96
169.50, 96
169.62, 96
169.62, 96
169.62, 96
169.79, 96
169.83, 96
169.83, 96
169.84, 96
169.84, 96
169.84, 96
169.84, 96
169.84, 96
169.84, 96
169.84, 96
169.84, 96
169.84, 96
169.84, 96
169.92, 96
169.92, 96
169.93, 96
169.94, 96
169.97, 96
169.97, 96
169.97, 96
170.00, 96
170.00, 96
170.01, 96
170.01, 96
170.01, 96
170.01, 96
170.01, 96
170.01, 96
170.01, 96
170.02, 96
170.02, 96
170.26, 96
170.28, 96
170.28, 96
170.28, 96
170.31, 96
170.31, 96
170.31, 96
170.32, 96
170.34, 96
170.38, 96
170.38, 96
170.38, 96
170.38, 96
170.39, 96
170.39, 96
170.39, 96
170.40, 96
170.58, 96
170.58, 96
170.59, 96
170.59, 96
170.60, 96
170.60, 96
170.60, 96
170.60, 96
170.61, 96
170.61, 96
170.61, 96
170.61, 96
170.64, 96
170.65, 96
170.72, 96
170.73, 96
170.73, 96
170.73, 96
170.73, 96
170.75, 96
170.75, 96
170.76, 96
170.78, 96
170.79, 96
170.85, 96
170.85, 96
170.85, 96
170.89, 96
170.90, 96
170.90, 96
170.90, 96
170.90, 96
170.90, 96
170.90, 96
171.01, 96
171.01, 96
171.01, 96
171.02, 96
171.02, 96
171.03, 96
171.47, 96
171.61, 96
171.63, 96
171.63, 96
171.66, 96
171.67, 96
171.76, 96
171.76, 96
171.76, 96
171.76, 96
171.76, 96
171.76, 96
171.95, 96
171.95, 96
172.19, 96
172.34, 96
172.35, 96
172.35, 96
172.35, 96
172.37, 96
172.39, 96
172.39, 96
172.39, 96
172.39, 96
172.39, 96
172.39, 96
172.39, 96
172.40, 96
172.40, 96
172.40, 96
172.40, 96
172.46, 96
172.77, 96
172.81, 96
172.83, 96
172.83, 96
172.85, 96
172.85, 96
172.95, 96
172.96, 96
172.96, 96
172.96, 96
172.97, 96
172.97, 96
172.97, 96
172.97, 96
172.98, 96
172.98, 96
172.98, 96
172.98, 96
172.98, 96
172.98, 96
173.09, 96
173.11, 96
173.12, 96
173.12, 96
173.12, 96
173.12, 96
173.12, 96
173.12, 96
173.13, 96
173.13, 96
173.13, 96
173.14, 96
173.15, 96
173.19, 96
173.19, 96
173.33, 96
173.34, 96
173.47, 96
173.48, 96
173.48, 96
173.48, 96
173.48, 96
173.49, 96
173.49, 96
173.54, 96
173.54, 96
173.54, 96
173.54, 96
173.54, 96
173.66, 96
173.68, 96
173.78, 96
173.82, 96
173.83, 96
173.83, 96
173.86, 96
173.87, 96
173.88, 96
173.88, 96
173.88, 96
173.88, 96
173.91, 96
174.03, 96
174.03, 96
174.03, 96
174.03, 96
174.03, 96
174.14, 96
174.14, 96
174.15, 96
174.16, 96
174.17, 96
174.17, 96
174.17, 96
174.32, 96
174.36, 96
174.45, 96
174.45, 96
174.45, 96
174.71, 96
174.71, 96
174.76, 96
174.76, 96
174.76, 96
174.78, 96
174.80, 96
174.80, 96
174.80, 96
174.96, 96
174.96, 96
174.96, 96
175.07, 96
175.07, 96
175.07, 96
175.10, 96
175.11, 96
175.11, 96
175.11, 96
175.13, 96
175.13, 96
175.14, 96
175.14, 96
175.47, 96
175.47, 96
175.47, 96
175.50, 96
175.50, 96
175.50, 96
175.58, 96
175.58, 96
175.71, 96
175.72, 96
175.72, 96
175.90, 96
175.91, 96
175.95, 96
175.95, 96
175.95, 96
175.95, 96
175.95, 96
175.96, 96
175.96, 96
175.96, 96
175.96, 96
175.96, 96
175.97, 96
175.98, 96
175.98, 96
175.98, 96
175.98, 96
175.98, 96
176.08, 96
176.08, 96
176.20, 96
176.23, 96
176.23, 96
176.23, 96
176.25, 96
176.26, 96
176.26, 96
176.26, 96
176.29, 96
176.29, 96
176.29, 96
176.31, 96
176.31, 96
176.31, 96
176.31, 96
176.32, 96
176.32, 96
176.32, 96
176.32, 96
176.33, 96
176.34, 96
176.34, 96
176.34, 96
176.34, 96
176.34, 96
176.34, 96
176.34, 96
176.34, 96
176.35, 96
176.35, 96
176.35, 96
176.36, 96
176.41, 96
176.41, 96
176.41, 96
176.41, 96
176.41, 96
176.41, 96
176.42, 96
176.42, 96
176.42, 96
176.42, 96
176.42, 96
176.44, 96
176.44, 96
176.44, 96
176.44, 96
176.45, 96
176.45, 96
176.46, 96
176.46, 96
176.46, 96
176.47, 96
176.47, 96
176.49, 96
176.58, 96
176.58, 96
176.58, 96
176.74, 96
176.76, 96
176.76, 96
176.76, 96
176.77, 96
176.77, 96
176.77, 96
176.77, 96
176.82, 96
176.83, 96
176.83, 96
176.83, 96
176.83, 96
176.83, 96
176.83, 96
176.85, 96
176.85, 96
176.85, 96
176.86, 96
176.86, 96
176.89, 96
176.89, 96
176.91, 96
176.92, 96
176.92, 96
176.92, 96
176.92, 96
176.93, 96
176.94, 96
176.94, 96
176.94, 96
176.94, 96
176.94, 96
176.94, 96
176.94, 96
177.13, 96
177.13, 96
177.29, 96
177.37, 96
177.37, 96
177.44, 96
177.44, 96
177.44, 96
177.45, 96
177.45, 96
177.45, 96
177.45, 96
177.45, 96
177.45, 96
177.45, 96
177.45, 96
177.46, 96
177.54, 96
177.54, 96
177.56, 96
177.59, 96
177.65, 96
177.81, 96
177.81, 96
177.82, 96
177.82, 96
177.84, 96
177.84, 96
177.85, 96
177.85, 96
177.86, 96
178.27, 96
178.27, 96
178.34, 96
178.96, 96
178.96, 96
178.96, 96
178.96, 96
178.96, 96
179.24, 96
179.24, 96
179.24, 96
179.24, 96
179.24, 96
179.27, 96
179.27, 96
179.27, 96
179.39, 96
179.51, 96
179.72, 96
179.72, 96
179.72, 96
179.89, 96
179.89, 96
179.91, 96
179.99, 96
179.99, 96
179.99, 96
179.99, 96
180.07, 96
180.07, 96
180.07, 96
180.07, 96
180.61, 96
180.61, 96
180.64, 96
180.66, 96
180.66, 96
180.67, 96
180.67, 96
180.67, 96
180.67, 96
180.67, 96
180.67, 96
180.89, 96
180.89, 96
180.89, 96
180.90, 96
180.90, 96
180.90, 96
180.90, 96
180.90, 96
180.90, 96
180.92, 96
181.11, 96
181.13, 96
181.13, 96
181.13, 96
181.25, 96
181.25, 96
181.48, 96
181.48, 96
181.49, 96
181.49, 96
181.49, 96
181.49, 96
181.49, 96
181.49, 96
181.49, 96
181.50, 96
181.50, 96
181.50, 96
181.65, 96
181.66, 96
181.66, 96
181.66, 96
181.66, 96
181.68, 96
181.68, 96
181.68, 96
181.68, 96
181.68, 96
181.69, 96
181.75, 96
181.75, 96
181.75, 96
181.75, 96
181.75, 96
181.75, 96
181.78, 96
181.78, 96
181.79, 96
181.79, 96
181.93, 96
181.93, 96
181.93, 96
181.93, 96
181.93, 96
181.93, 96
181.94, 96
181.94, 96
181.94, 96
181.94, 96
182.00, 96
182.00, 96
182.00, 96
182.14, 96
182.14, 96
182.28, 96
182.28, 96
182.28, 96
182.28, 96
182.31, 96
182.31, 96
182.32, 96
182.32, 96
182.32, 96
182.32, 96
182.32, 96
182.32, 96
182.33, 96
182.33, 96
182.33, 96
182.33, 96
182.33, 96
182.33, 96
182.33, 96
182.34, 96
182.34, 96
182.36, 96
182.36, 96
182.58, 96
182.58, 96
182.69, 96
182.76, 96
182.83, 96
182.83, 96
182.84, 96
182.84, 96
182.95, 96
182.97, 96
182.97, 96
182.97, 96
182.97, 96
182.97, 96
182.97, 96
182.98, 96
183.02, 96
183.02, 96
183.02, 96
183.49, 96
183.79, 96
183.79, 96
183.80, 96
183.80, 96
183.94, 96
183.94, 96
183.94, 96
183.94, 96
183.95, 96
184.08, 96
184.19, 96
184.19, 96
184.19, 96
184.19, 96
184.46, 96
184.46, 96
184.47, 96
184.55, 96
184.55, 96
184.55, 96
184.55, 96
184.55, 96
184.55, 96
184.68, 96
184.68, 96
184.68, 96
184.69, 96
184.69, 96
184.69, 96
184.69, 96
184.73, 96
184.74, 96
184.74, 96
184.74, 96
184.74, 96
184.74, 96
184.74, 96
184.74, 96
184.74, 96
184.77, 96
184.88, 96
184.88, 96
184.88, 96
184.88, 96
184.88, 96
184.89, 96
184.89, 96
184.89, 96
184.90, 96
184.90, 96
184.92, 96
185.01, 96
185.21, 96
185.21, 96
185.21, 96
185.21, 96
185.23, 96
185.24, 96
185.27, 96
185.42, 96
185.51, 96
185.51, 96
185.51, 96
185.51, 96
185.59, 96
185.71, 96
186.08, 96
186.28, 96
186.31, 96
186.34, 96
186.34, 96
186.48, 96
186.48, 96
186.49, 96
186.49, 96
186.55, 96
186.55, 96
186.55, 96
186.55, 96
186.56, 96
186.56, 96
186.56, 96
186.56, 96
186.56, 96
186.63, 96
186.63, 96
186.63, 96
186.63, 96
186.63, 96
186.63, 96
186.64, 96
186.64, 96
186.65, 96
186.65, 96
186.65, 96
186.65, 96
186.65, 96
186.65, 96
186.65, 96
186.80, 96
186.81, 96
186.81, 96
186.96, 96
186.96, 96
186.96, 96
186.96, 96
186.96, 96
187.19, 96
187.19, 96
187.20, 96
187.20, 96
187.20, 96
187.20, 96
187.20, 96
187.20, 96
187.22, 96
187.22, 96
187.22, 96
187.26, 96
187.27, 96
187.27, 96
187.27, 96
187.27, 96
187.35, 96
187.35, 96
187.35, 96
187.36, 96
187.36, 96
187.38, 96
187.38, 96
187.38, 96
187.42, 96
187.42, 96
187.42, 96
187.42, 96
187.42, 96
187.43, 96
187.44, 96
187.46, 96
187.46, 96
187.46, 96
187.46, 96
187.47, 96
187.48, 96
187.61, 96
187.61, 96
187.62, 96
187.63, 96
187.64, 96
187.64, 96
187.64, 96
187.64, 96
187.72, 96
187.72, 96
187.72, 96
187.72, 96
188.19, 96
188.19, 96
188.19, 96
188.20, 96
188.20, 96
188.20, 96
188.20, 96
188.20, 96
188.20, 96
188.20, 96
188.21, 96
188.23, 96
188.28, 96
188.28, 96
188.29, 96
188.29, 96
188.29, 96
188.40, 96
188.40, 96
188.40, 96
188.40, 96
188.40, 96
188.40, 96
188.53, 96
188.53, 96
188.55, 96
188.55, 96
188.94, 96
188.94, 96
188.96, 96
188.96, 96
188.96, 96
188.96, 96
189.20, 96
189.23, 96
189.24, 96
189.24, 96
189.24, 96
189.25, 96
189.25, 96
189.25, 96
189.25, 96
189.33, 96
189.48, 96
189.48, 96
189.57, 96
189.64, 96
189.76, 96
189.77, 96
189.77, 96
189.84, 96
189.84, 96
189.84, 96
189.85, 96
190.00, 96
190.00, 96
190.00, 96
190.05, 96
190.06, 96
190.06, 96
190.06, 96
190.06, 96
190.06, 96
190.07, 96
190.16, 96
190.16, 96
190.16, 96
190.16, 96
190.17, 96
190.18, 96
190.20, 96
190.20, 96
190.20, 96
190.20, 96
190.34, 96
190.35, 96
190.35, 96
190.35, 96
190.35, 96
190.35, 96
190.35, 96
190.36, 96
190.36, 96
190.36, 96
190.36, 96
190.36, 96
190.80, 96
190.96, 96
190.96, 96
190.96, 96
190.96, 96
190.96, 96
191.07, 96
191.07, 96
191.07, 96
191.07, 96
191.07, 96
191.07, 96
191.07, 96
191.07, 96
191.07, 96
191.07, 96
191.07, 96
191.40, 96
191.40, 96
191.41, 96
191.42, 96
191.42, 96
191.43, 96
191.43, 96
191.43, 96
191.43, 96
191.43, 96
191.70, 96
191.70, 96
191.75, 96
191.75, 96
191.75, 96
191.75, 96
191.81, 96
191.82, 96
191.82, 96
191.82, 96
191.82, 96
191.83, 96
191.83, 96
191.84, 96
191.85, 96
191.94, 96
191.95, 96
191.96, 96
191.96, 96
191.96, 96
191.97, 96
191.97, 96
191.97, 96
191.97, 96
191.97, 96
191.97, 96
192.01, 96
192.01, 96
192.01, 96
192.02, 96
192.18, 96
192.18, 96
192.18, 96
192.18, 96
192.21, 96
192.21, 96
192.22, 96
192.22, 96
192.22, 96
192.22, 96
192.46, 96
192.46, 96
192.60, 96
192.60, 96
192.60, 96
192.61, 96
192.61, 96
192.61, 96
192.61, 96
192.61, 96
192.62, 96
192.62, 96
192.62, 96
192.62, 96
192.62, 96
192.68, 96
192.69, 96
192.70, 96
192.70, 96
192.70, 96
192.72, 96
192.72, 96
192.72, 96
192.72, 96
192.72, 96
192.73, 96
192.86, 96
192.86, 96
192.86, 96
192.91, 96
192.91, 96
192.91, 96
192.91, 96
193.06, 96
193.25, 96
193.25, 96
193.25, 96
193.38, 96
193.39, 96
193.39, 96
193.39, 96
193.69, 96
193.77, 96
193.77, 96
193.93, 96
194.14, 96
194.14, 96
194.14, 96
194.14, 96
194.15, 96
194.18, 96
194.18, 96
194.19, 96
194.29, 96
194.29, 96
194.29, 96
194.29, 96
194.30, 96
194.53, 96
194.53, 96
194.54, 96
194.54, 96
194.54, 96
194.54, 96
194.55, 96
194.55, 96
194.55, 96
194.56, 96
194.57, 96
194.58, 96
194.93, 96
195.09, 96
195.09, 96
195.09, 96
195.10, 96
195.10, 96
195.10, 96
195.10, 96
195.10, 96
195.10, 96
195.10, 96
195.10, 96
195.22, 96
195.22, 96
195.23, 96
195.23, 96
195.23, 96
195.23, 96
195.25, 96
195.27, 96
195.57, 96
195.57, 96
195.57, 96
195.57, 96
195.74, 96
195.74, 96
195.75, 96
195.75, 96
195.75, 96
195.75, 96
195.93, 96
195.94, 96
195.94, 96
195.95, 96
195.95, 96
196.04, 96
196.04, 96
196.04, 96
196.04, 96
196.04, 96
196.04, 96
196.04, 96
196.09, 96
196.09, 96
196.14, 96
196.15, 96
196.18, 96
196.18, 96
196.18, 96
196.18, 96
196.18, 96
196.18, 96
196.18, 96
196.19, 96
196.19, 96
196.19, 96
196.19, 96
196.19, 96
196.19, 96
196.19, 96
196.20, 96
196.20, 96
196.20, 96
196.24, 96
196.24, 96
196.30, 96
196.30, 96
196.32, 96
196.34, 96
196.34, 96
196.34, 96
196.36, 96
196.48, 96
196.48, 96
196.48, 96
196.48, 96
196.48, 96
196.49, 96
196.49, 96
196.49, 96
196.49, 96
196.49, 96
196.49, 96
196.50, 96
196.50, 96
196.50, 96
196.50, 96
196.57, 96
196.58, 96
196.68, 96
196.68, 96
196.69, 96
196.79, 96
196.81, 96
196.81, 96
196.81, 96
196.82, 96
196.82, 96
196.82, 96
196.82, 96
196.84, 96
196.84, 96
196.85, 96
196.85, 96
196.85, 96
197.01, 96
197.14, 96
197.14, 96
197.14, 96
197.14, 96
197.15, 96
197.15, 96
197.15, 96
197.15, 96
197.23, 96
197.23, 96
197.24, 96
197.24, 96
197.24, 96
197.32, 96
197.32, 96
197.33, 96
197.40, 96
197.40, 96
197.40, 96
197.40, 96
197.40, 96
197.40, 96
197.40, 96
197.41, 96
197.41, 96
197.41, 96
197.42, 96
197.42, 96
197.73, 96
197.73, 96
197.73, 96
197.73, 96
197.73, 96
197.76, 96
197.86, 96
197.86, 96
197.88, 96
198.08, 96
198.13, 96
198.13, 96
198.13, 96
198.14, 96
198.14, 96
198.40, 96
198.41, 96
198.41, 96
198.41, 96
198.41, 96
198.42, 96
198.42, 96
198.42, 96
198.42, 96
198.42, 96
198.42, 96
198.42, 96
198.42, 96
198.43, 96
198.44, 96
198.44, 96
198.45, 96
198.58, 96
198.58, 96
198.59, 96
198.59, 96
198.63, 96
198.68, 96
198.68, 96
198.70, 96
198.71, 96
198.71, 96
198.98, 96
198.98, 96
198.98, 96
199.00, 96
199.10, 96
199.10, 96
199.12, 96
199.12, 96
199.13, 96
199.13, 96
199.13, 96
199.13, 96
199.13, 96
199.13, 96
199.13, 96
199.14, 96
199.14, 96
199.15, 96
199.15, 96
199.28, 96
199.29, 96
199.31, 96
199.31, 96
199.31, 96
199.31, 96
199.31, 96
199.31, 96
199.41, 96
199.41, 96
199.47, 96
199.55, 96
199.56, 96
199.65, 96
199.70, 96
199.70, 96
199.70, 96
199.71, 96
199.71, 96
199.86, 96
199.86, 96
199.87, 96
199.87, 96
199.88, 96
199.88, 96
199.88, 96
200.15, 96
200.18, 96
200.20, 96
200.27, 96
200.29, 96
200.29, 96
200.67, 96
200.67, 96
200.68, 96
200.69, 96
200.70, 96
200.70, 96
200.88, 96
200.88, 96
200.88, 96
200.88, 96
200.88, 96
200.88, 96
200.89, 96
200.92, 96
200.92, 96
201.07, 96
201.19, 96
201.19, 96
201.20, 96
201.22, 96
201.22, 96
201.56, 96
201.56, 96
201.68, 96
201.68, 96
201.68, 96
201.68, 96
201.68, 96
201.68, 96
201.70, 96
201.70, 96
201.73, 96
201.88, 96
202.05, 96
202.05, 96
202.05, 96
202.07, 96
202.07, 96
202.07, 96
202.07, 96
202.07, 96
202.07, 96
202.07, 96
202.07, 96
202.07, 96
202.09, 96
202.09, 96
202.09, 96
202.09, 96
202.26, 96
202.34, 96
202.38, 96
202.38, 96
202.38, 96
202.38, 96
202.38, 96
202.39, 96
202.39, 96
202.63, 96
202.63, 96
202.63, 96
202.68, 96
202.68, 96
202.69, 96
202.69, 96
202.69, 96
202.69, 96
202.69, 96
202.69, 96
202.70, 96
202.70, 96
202.70, 96
202.88, 96
202.88, 96
202.89, 96
202.90, 96
202.90, 96
202.90, 96
202.91, 96
202.91, 96
202.92, 96
202.98, 96
203.02, 96
203.15, 96
203.15, 96
203.15, 96
203.20, 96
203.20, 96
203.21, 96
203.43, 96
203.46, 96
203.46, 96
203.46, 96
203.46, 96
203.47, 96
203.47, 96
203.47, 96
203.49, 96
203.49, 96
203.56, 96
203.56, 96
203.56, 96
203.57, 96
203.57, 96
203.57, 96
203.57, 96
203.58, 96
203.58, 96
203.59, 96
203.59, 96
203.61, 96
203.61, 96
203.65, 96
203.65, 96
203.65, 96
203.65, 96
203.66, 96
203.66, 96
203.66, 96
203.69, 96
203.69, 96
203.69, 96
203.69, 96
203.70, 96
203.70, 96
203.70, 96
203.70, 96
203.71, 96
203.71, 96
203.71, 96
203.71, 96
203.71, 96
203.71, 96
203.73, 96
203.73, 96
203.73, 96
203.77, 96
203.77, 96
203.77, 96
203.77, 96
203.77, 96
203.77, 96
203.77, 96
204.19, 96
204.49, 96
204.49, 96
204.50, 96
204.50, 96
204.50, 96
204.51, 96
204.51, 96
204.56, 96
204.56, 96
204.56, 96
204.56, 96
204.56, 96
204.69, 96
204.69, 96
204.70, 96
204.74, 96
205.12, 96
205.12, 96
205.12, 96
205.12, 96
205.12, 96
205.13, 96
205.13, 96
205.16, 96
205.16, 96
205.16, 96
205.16, 96
205.16, 96
205.16, 96
205.16, 96
205.17, 96
205.31, 96
205.31, 96
205.31, 96
205.31, 96
205.31, 96
205.32, 96
205.32, 96
205.32, 96
205.32, 96
205.32, 96
205.32, 96
205.32, 96
205.38, 96
205.38, 96
205.39, 96
205.39, 96
205.39, 96
205.39, 96
205.46, 96
205.46, 96
205.47, 96
205.48, 96
205.48, 96
205.48, 96
205.49, 96
205.49, 96
205.50, 96
205.50, 96
205.52, 96
205.56, 96
205.56, 96
205.74, 96
205.83, 96
205.84, 96
206.28, 96
206.28, 96
206.28, 96
206.28, 96
206.28, 96
206.28, 96
206.28, 96
206.28, 96
206.29, 96
206.29, 96
206.58, 96
206.58, 96
206.58, 96
206.58, 96
206.58, 96
206.59, 96
206.59, 96
206.59, 96
206.60, 96
206.61, 96
206.61, 96
206.69, 96
206.69, 96
206.69, 96
206.71, 96
206.71, 96
206.71, 96
206.71, 96
206.72, 96
206.73, 96
206.73, 96
206.73, 96
206.74, 96
206.74, 96
206.87, 96
206.96, 96
206.97, 96
207.11, 96
207.32, 96
207.32, 96
207.32, 96
207.37, 96
207.40, 96
207.40, 96
207.40, 96
207.41, 96
207.41, 96
207.41, 96
207.70, 96
207.70, 96
207.70, 96
207.70, 96
207.70, 96
207.72, 96
207.72, 96
207.72, 96
207.78, 96
207.78, 96
207.78, 96
208.02, 96
208.03, 96
208.03, 96
208.03, 96
208.03, 96
208.03, 96
208.29, 96
208.31, 96
208.31, 96
208.31, 96
208.32, 96
208.32, 96
208.32, 96
208.33, 96
208.33, 96
208.33, 96
208.33, 96
208.46, 96
208.46, 96
208.47, 96
208.47, 96
208.47, 96
208.47, 96
208.47, 96
208.47, 96
208.97, 96
208.97, 96
208.97, 96
208.97, 96
208.98, 96
208.99, 96
209.11, 96
209.11, 96
209.12, 96
209.12, 96
209.12, 96
209.19, 96
209.19, 96
209.19, 96
209.21, 96
209.21, 96
209.21, 96
209.21, 96
209.21, 96
209.22, 96
209.22, 96
209.22, 96
209.22, 96
209.22, 96
209.22, 96
209.22, 96
209.22, 96
209.23, 96
209.46, 96
209.46, 96
209.79, 96
209.95, 96
209.96, 96
209.96, 96
209.96, 96
209.96, 96
209.96, 96
209.96, 96
209.96, 96
209.97, 96
209.97, 96
209.97, 96
209.97, 96
209.97, 96
209.97, 96
209.97, 96
209.98, 96
209.98, 96
209.98, 96
210.22, 96
210.29, 96
210.48, 96
210.50, 96
210.51, 96
210.52, 96
210.52, 96
210.77, 96
210.77, 96
210.77, 96
210.77, 96
210.77, 96
210.77, 96
210.77, 96
210.77, 96
210.77, 96
210.82, 96
210.84, 96
210.84, 96
210.86, 96
210.86, 96
210.86, 96
211.03, 96
211.03, 96
211.03, 96
211.16, 96
211.16, 96
211.16, 96
211.16, 96
211.16, 96
211.16, 96
211.16, 96
211.17, 96
211.17, 96
211.17, 96
211.17, 96
211.17, 96
211.19, 96
211.19, 96
211.19, 96
211.19, 96
211.19, 96
211.20, 96
211.20, 96
211.20, 96
211.23, 96
211.24, 96
211.24, 96
211.24, 96
211.24, 96
211.24, 96
211.25, 96
211.25, 96
211.33, 96
211.33, 96
211.33, 96
211.33, 96
211.39, 96
211.39, 96
211.39, 96
211.41, 96
211.43, 96
211.43, 96
211.55, 96
211.55, 96
211.56, 96
211.56, 96
211.58, 96
211.58, 96
211.60, 96
211.60, 96
211.60, 96
211.60, 96
211.95, 96
211.95, 96
211.99, 96
212.05, 96
212.05, 96
212.06, 96
212.07, 96
212.07, 96
212.07, 96
212.28, 96
212.28, 96
212.40, 96
212.56, 96
212.61, 96
212.61, 96
212.66, 96
212.66, 96
212.66, 96
212.67, 96
213.03, 96
213.03, 96
213.09, 96
213.09, 96
213.09, 96
213.41, 96
213.41, 96
213.48, 96
213.49, 96
213.49, 96
213.49, 96
213.49, 96
213.66, 96
213.68, 96
213.73, 96
213.78, 96
213.78, 96
213.79, 96
213.83, 96
213.83, 96
213.83, 96
213.83, 96
213.83, 96
213.84, 96
213.84, 96
213.84, 96
213.84, 96
213.84, 96
213.84, 96
213.85, 96
213.85, 96
213.85, 96
213.85, 96
213.88, 96
213.88, 96
213.89, 96
213.89, 96
213.89, 96
213.90, 96
213.95, 96
213.95, 96
213.95, 96
213.95, 96
213.95, 96
213.95, 96
213.95, 96
213.95, 96
214.22, 96
214.22, 96
214.23, 96
214.23, 96
214.28, 96
214.29, 96
214.31, 96
214.31, 96
214.31, 96
214.31, 96
214.32, 96
214.32, 96
214.32, 96
214.32, 96
214.34, 96
214.35, 96
214.35, 96
214.35, 96
214.35, 96
214.35, 96
214.36, 96
214.36, 96
214.36, 96
214.36, 96
214.36, 96
214.45, 96
214.45, 96
214.45, 96
214.45, 96
214.45, 96
214.45, 96
214.46, 96
214.46, 96
214.75, 96
214.75, 96
214.76, 96
214.76, 96
214.76, 96
214.89, 96
215.25, 96
215.25, 96
215.25, 96
215.25, 96
215.25, 96
215.26, 96
215.26, 96
215.36, 96
215.36, 96
215.36, 96
215.40, 96
215.44, 96
215.49, 96
215.49, 96
215.49, 96
215.49, 96
215.49, 96
215.49, 96
215.49, 96
215.50, 96
215.51, 96
215.51, 96
215.52, 96
216.19, 96
216.20, 96
216.28, 96
216.28, 96
216.29, 96
216.29, 96
216.33, 96
216.33, 96
216.51, 96
216.52, 96
216.52, 96
216.52, 96
216.52, 96
216.52, 96
216.82, 96
216.82, 96
216.82, 96
216.82, 96
216.82, 96
216.83, 96
216.84, 96
216.84, 96
216.84, 96
216.96, 96
216.97, 96
217.04, 96
217.17, 96
217.17, 96
217.28, 96
217.29, 96
217.30, 96
217.30, 96
217.39, 96
217.56, 96
217.56, 96
217.57, 96
217.57, 96
217.57, 96
217.67, 96
217.67, 96
217.67, 96
217.68, 96
218.15, 96
218.15, 96
218.15, 96
218.15, 96
218.15, 96
218.16, 96
218.16, 96
218.16, 96
218.16, 96
218.16, 96
218.16, 96
218.26, 96
218.26, 96
218.28, 96
218.59, 96
218.60, 96
218.78, 96
218.88, 96
218.88, 96
218.97, 96
218.97, 96
218.97, 96
218.97, 96
219.00, 96
219.00, 96
219.00, 96
219.00, 96
219.29, 96
219.29, 96
219.30, 96
219.30, 96
219.31, 96
219.34, 96
219.36, 96
219.36, 96
219.49, 96
219.68, 96
219.72, 96
219.72, 96
219.73, 96
219.93, 96
219.93, 96
219.97, 96
219.97, 96
219.97, 96
220.27, 96
220.38, 96
220.38, 96
220.39, 96
220.80, 96
220.97, 96
220.97, 96
220.97, 96
220.97, 96
221.00, 96
221.00, 96
221.02, 96
221.02, 96
221.03, 96
221.03, 96
221.03, 96
221.04, 96
221.04, 96
221.04, 96
221.05, 96
221.07, 96
221.07, 96
221.09, 96
221.09, 96
221.09, 96
221.14, 96
221.14, 96
221.14, 96
221.14, 96
221.15, 96
221.18, 96
221.18, 96
221.57, 96
221.72, 96
221.72, 96
221.72, 96
221.81, 96
221.82, 96
221.95, 96
221.95, 96
221.95, 96
221.96, 96
221.96, 96
221.96, 96
222.09, 96
222.14, 96
222.19, 96
222.19, 96
222.19, 96
222.19, 96
222.20, 96
222.45, 96
222.45, 96
222.45, 96
222.46, 96
222.60, 96
222.60, 96
222.71, 96
222.71, 96
222.86, 96
222.88, 96
222.88, 96
222.88, 96
222.88, 96
223.06, 96
223.29, 96
223.29, 96
223.56, 96
223.58, 96
223.78, 96
223.78, 96
223.78, 96
223.90, 96
223.90, 96
223.91, 96
223.91, 96
223.91, 96
223.91, 96
223.92, 96
223.93, 96
223.93, 96
223.93, 96
223.94, 96
223.95, 96
223.97, 96
223.97, 96
223.97, 96
223.97, 96
223.97, 96
223.98, 96
223.99, 96
223.99, 96
224.00, 96
224.00, 96
224.00, 96
224.00, 96
224.00, 96
224.04, 96
224.04, 96
224.04, 96
224.04, 96
224.04, 96
224.04, 96
224.04, 96
224.05, 96
224.05, 96
224.06, 96
224.06, 96
224.09, 96
224.16, 96
224.20, 96
224.20, 96
224.20, 96
224.20, 96
224.21, 96
224.21, 96
224.21, 96
224.65, 96
224.65, 96
224.72, 96
224.72, 96
224.72, 96
224.73, 96
224.74, 96
224.75, 96
224.75, 96
224.75, 96
224.75, 96
224.75, 96
224.75, 96
224.76, 96
224.76, 96
224.80, 96
224.80, 96
224.80, 96
224.91, 96
224.91, 96
224.91, 96
225.05, 96
225.06, 96
225.06, 96
225.20, 96
225.20, 96
225.20, 96
225.20, 96
225.21, 96
225.21, 96
225.21, 96
225.25, 96
225.54, 96
225.54, 96
225.54, 96
225.54, 96
225.54, 96
225.95, 96
225.96, 96
225.96, 96
225.96, 96
225.96, 96
225.96, 96
225.96, 96
225.96, 96
225.97, 96
225.97, 96
225.99, 96
226.00, 96
226.00, 96
226.15, 96
226.16, 96
226.16, 96
226.16, 96
226.34, 96
226.34, 96
226.35, 96
226.35, 96
226.35, 96
226.35, 96
226.35, 96
226.36, 96
226.38, 96
226.38, 96
226.50, 96
226.50, 96
226.50, 96
226.62, 96
226.62, 96
226.63, 96
226.68, 96
226.68, 96
226.68, 96
226.75, 96
226.75, 96
226.77, 96
226.77, 96
226.78, 96
226.78, 96
226.78, 96
227.43, 96
227.43, 96
227.43, 96
227.44, 96
227.47, 96
227.47, 96
228.00, 96
228.07, 96
228.07, 96
228.12, 96
228.12, 96
228.13, 96
228.13, 96
228.14, 96
228.15, 96
228.15, 96
228.15, 96
228.16, 96
228.16, 96
228.19, 96
228.19, 96
228.19, 96
228.19, 96
228.28, 96
228.28, 96
228.28, 96
228.28, 96
228.29, 96
228.29, 96
228.30, 96
228.30, 96
228.47, 96
228.59, 96
228.59, 96
228.93, 96
228.93, 96
228.93, 96
229.04, 96
229.04, 96
229.11, 96
229.11, 96
229.23, 96
229.23, 96
229.23, 96
229.36, 96
229.37, 96
229.37, 96
229.55, 96
229.55, 96
229.57, 96
229.69, 96
229.69, 96
229.69, 96
229.69, 96
229.69, 96
229.70, 96
229.70, 96
229.71, 96
229.72, 96
229.72, 96
229.76, 96
229.76, 96
229.76, 96
229.76, 96
229.77, 96
229.77, 96
229.98, 96
229.98, 96
229.98, 96
229.99, 96
229.99, 96
229.99, 96
229.99, 96
230.07, 96
230.08, 96
230.08, 96
230.08, 96
230.08, 96
230.11, 96
230.12, 96
230.12, 96
230.15, 96
230.15, 96
230.15, 96
230.16, 96
230.16, 96
230.16, 96
230.16, 96
230.17, 96
230.18, 96
230.18, 96
230.18, 96
230.18, 96
230.18, 96
230.18, 96
230.19, 96
230.19, 96
230.19, 96
230.19, 96
230.20, 96
230.20, 96
230.20, 96
230.42, 96
230.43, 96
230.43, 96
230.56, 96
230.56, 96
230.56, 96
230.58, 96
230.58, 96
230.58, 96
230.58, 96
230.60, 96
230.60, 96
230.65, 96
230.65, 96
230.65, 96
230.65, 96
230.66, 96
230.66, 96
230.66, 96
230.66, 96
230.66, 96
230.91, 96
230.94, 96
230.94, 96
230.94, 96
230.94, 96
231.48, 96
231.48, 96
231.49, 96
231.49, 96
231.49, 96
231.49, 96
231.58, 96
231.58, 96
231.58, 96
231.58, 96
231.58, 96
231.58, 96
231.58, 96
231.59, 96
231.59, 96
231.59, 96
231.59, 96
231.59, 96
231.59, 96
231.60, 96
231.60, 96
231.60, 96
231.60, 96
231.61, 96
231.61, 96
231.85, 96
231.85, 96
231.85, 96
231.85, 96
231.85, 96
231.86, 96
231.86, 96
231.86, 96
231.86, 96
231.86, 96
231.86, 96
231.86, 96
231.86, 96
231.86, 96
231.87, 96
231.87, 96
231.87, 96
231.87, 96
231.87, 96
231.87, 96
232.13, 96
232.13, 96
232.25, 96
232.48, 96
232.51, 96
232.53, 96
232.54, 96
232.55, 96
232.55, 96
232.77, 96
232.77, 96
232.96, 96
232.98, 96
232.98, 96
232.98, 96
232.99, 96
232.99, 96
232.99, 96
232.99, 96
232.99, 96
232.99, 96
233.00, 96
233.09, 96
233.10, 96
233.10, 96
233.10, 96
233.10, 96
233.11, 96
233.32, 96
233.32, 96
233.39, 96
233.39, 96
233.39, 96
233.39, 96
233.39, 96
233.39, 96
233.39, 96
233.41, 96
233.42, 96
233.42, 96
233.47, 96
233.51, 96
233.52, 96
233.52, 96
233.52, 96
233.52, 96
233.53, 96
233.55, 96
233.55, 96
233.56, 96
233.57, 96
233.57, 96
233.81, 96
233.81, 96
233.81, 96
233.82, 96
233.82, 96
233.82, 96
233.82, 96
233.82, 96
233.83, 96
233.83, 96
233.83, 96
233.83, 96
233.83, 96
233.84, 96
233.84, 96
233.84, 96
233.96, 96
233.96, 96
233.98, 96
233.98, 96
233.98, 96
233.98, 96
234.02, 96
234.02, 96
234.02, 96
234.02, 96
234.03, 96
234.04, 96
234.04, 96
234.11, 96
234.11, 96
234.11, 96
234.11, 96
234.15, 96
234.15, 96
234.15, 96
234.15, 96
234.15, 96
234.15, 96
234.16, 96
234.16, 96
234.23, 96
234.23, 96
234.23, 96
234.49, 96
234.49, 96
234.59, 96
234.59, 96
234.69, 96
234.70, 96
234.70, 96
234.71, 96
234.71, 96
234.71, 96
234.72, 96
234.72, 96
234.72, 96
234.72, 96
234.72, 96
234.81, 96
234.81, 96
234.82, 96
234.83, 96
234.83, 96
234.98, 96
234.99, 96
234.99, 96
234.99, 96
234.99, 96
234.99, 96
234.99, 96
234.99, 96
235.00, 96
235.01, 96
235.08, 96
235.08, 96
235.09, 96
235.09, 96
235.09, 96
235.09, 96
235.09, 96
235.09, 96
235.09, 96
235.09, 96
235.09, 96
235.10, 96
235.29, 96
235.29, 96
235.29, 96
235.39, 96
235.43, 96
235.45, 96
235.45, 96
235.46, 96
235.46, 96
235.47, 96
235.49, 96
235.49, 96
235.50, 96
235.50, 96
235.51, 96
235.53, 96
235.54, 96
235.54, 96
235.59, 96
235.59, 96
235.59, 96
235.59, 96
235.67, 96
235.67, 96
235.67, 96
235.67, 96
235.67, 96
235.67, 96
235.68, 96
235.68, 96
235.68, 96
235.68, 96
236.12, 96
236.12, 96
236.12, 96
236.12, 96
236.17, 96
236.17, 96
236.18, 96
236.18, 96
236.19, 96
236.19, 96
236.19, 96
236.19, 96
236.19, 96
236.19, 96
236.45, 96
236.53, 96
236.53, 96
236.54, 96
236.54, 96
236.54, 96
236.54, 96
236.62, 96
236.62, 96
236.62, 96
236.62, 96
236.62, 96
236.71, 96
236.71, 96
236.71, 96
236.71, 96
236.94, 96
236.94, 96
236.94, 96
236.94, 96
236.94, 96
237.28, 96
237.28, 96
237.29, 96
237.32, 96
237.32, 96
237.32, 96
237.32, 96
237.33, 96
237.33, 96
237.36, 96
237.36, 96
237.36, 96
237.37, 96
237.38, 96
237.38, 96
237.39, 96
237.51, 96
237.51, 96
237.51, 96
237.51, 96
237.51, 96
237.51, 96
237.51, 96
237.52, 96
237.52, 96
237.80, 96
237.80, 96
237.80, 96
237.80, 96
237.80, 96
237.81, 96
237.81, 96
237.81, 96
237.85, 96
237.85, 96
237.85, 96
237.85, 96
238.07, 96
238.08, 96
238.08, 96
238.08, 96
238.08, 96
238.14, 96
238.15, 96
238.15, 96
238.15, 96
238.16, 96
238.16, 96
238.17, 96
238.17, 96
238.17, 96
238.17, 96
238.20, 96
238.71, 96
238.73, 96
238.73, 96
238.73, 96
238.74, 96
238.74, 96
238.74, 96
238.74, 96
238.74, 96
238.74, 96
238.76, 96
238.76, 96
238.76, 96
238.76, 96
238.76, 96
238.76, 96
238.77, 96
238.77, 96
238.77, 96
238.85, 96
238.85, 96
238.85, 96
238.85, 96
238.85, 96
238.85, 96
238.85, 96
238.85, 96
239.14, 96
239.14, 96
239.15, 96
239.15, 96
239.18, 96
239.19, 96
239.19, 96
239.19, 96
239.19, 96
239.19, 96
239.40, 96
239.40, 96
239.40, 96
239.47, 96
239.47, 96
239.47, 96
239.81, 96
239.81, 96
239.81, 96
239.81, 96
239.90, 96
239.95, 96
239.96, 96
239.96, 96
239.96, 96
239.96, 96
239.96, 96
239.96, 96
239.96, 96
239.96, 96
239.97, 96
239.97, 96
