0.02, 102
0.02, 100
0.02, 99
0.02, 99
0.02, 99
0.02, 99
0.02, 99
0.02, 98
0.02, 98
0.02, 98
0.03, 98
0.03, 98
0.03, 98
0.03, 98
0.04, 98
0.04, 98
0.05, 98
0.05, 98
0.05, 98
0.05, 97
0.05, 97
0.06, 97
0.07, 97
0.07, 97
0.07, 97
0.08, 97
0.08, 97
0.08, 97
0.08, 97
0.08, 97
0.09, 97
0.09, 97
0.09, 97
0.09, 97
0.09, 97
0.10, 97
0.10, 97
0.11, 97
0.11, 97
0.11, 97
0.11, 97
0.11, 97
0.13, 97
0.13, 97
0.13, 97
0.13, 97
0.13, 97
0.14, 97
0.14, 97
0.14, 97
0.20, 97
0.20, 97
0.23, 97
0.23, 97
0.23, 97
0.23, 97
0.23, 97
0.23, 97
0.23, 97
0.24, 97
0.27, 97
0.27, 97
0.28, 97
0.28, 97
0.28, 97
0.28, 97
0.28, 97
0.28, 97
0.28, 97
0.28, 97
0.29, 97
0.30, 97
0.31, 97
0.32, 97
0.33, 97
0.33, 97
0.35, 97
0.35, 97
0.35, 97
0.35, 97
0.36, 97
0.36, 97
0.36, 97
0.36, 97
0.36, 97
0.38, 97
0.40, 97
0.40, 97
0.40, 97
0.40, 97
0.40, 97
0.41, 97
0.41, 97
0.41, 97
0.41, 97
0.42, 97
0.42, 97
0.42, 97
0.42, 97
0.42, 96
0.42, 96
0.43, 96
0.43, 96
0.45, 96
0.45, 96
0.48, 96
0.48, 96
0.48, 96
0.51, 96
0.51, 96
0.51, 96
0.54, 96
0.55, 96
0.55, 96
0.55, 96
0.59, 96
0.59, 96
0.59, 96
0.59, 96
0.86, 96
0.86, 96
0.86, 96
0.86, 96
0.86, 96
0.89, 96
0.89, 96
0.89, 96
0.92, 96
0.92, 96
0.95, 96
0.96, 96
0.96, 96
0.96, 96
0.96, 96
0.96, 96
0.96, 96
1.19, 96
1.23, 96
1.23, 96
1.24, 96
1.31, 96
1.32, 96
1.89, 96
1.89, 96
1.89, 96
1.89, 96
1.90, 96
1.91, 96
1.92, 96
1.92, 96
1.92, 96
1.92, 96
1.93, 96
1.95, 96
1.95, 96
1.95, 96
1.95, 96
2.03, 96
2.04, 96
2.04, 96
2.04, 96
2.04, 96
2.04, 96
2.08, 96
2.08, 96
2.08, 96
2.11, 96
2.11, 96
2.13, 96
2.13, 96
2.14, 96
2.15, 96
2.15, 96
2.16, 96
2.16, 96
2.16, 96
2.17, 96
2.17, 96
2.18, 96
2.18, 96
2.18, 96
2.18, 96
2.18, 96
2.59, 96
2.60, 96
2.60, 96
2.60, 96
2.60, 96
2.61, 96
2.61, 96
2.61, 96
3.09, 96
3.09, 96
3.10, 96
3.21, 96
3.22, 96
3.22, 96
3.22, 96
3.22, 96
3.22, 96
3.22, 96
3.42, 96
3.45, 96
3.46, 96
3.46, 96
3.46, 96
3.46, 96
3.46, 96
3.46, 96
3.47, 96
3.47, 96
3.48, 96
3.48, 96
3.48, 96
3.48, 96
3.48, 96
3.48, 96
3.48, 96
3.50, 96
3.51, 96
3.52, 96
3.52, 96
3.53, 96
3.53, 96
3.53, 96
3.53, 96
3.53, 96
3.53, 96
3.54, 96
3.54, 96
3.54, 96
3.54, 96
3.54, 96
3.54, 96
3.55, 96
3.55, 96
3.55, 96
3.57, 96
3.58, 96
3.58, 96
3.58, 96
3.58, 96
3.58, 96
3.60, 96
3.60, 96
3.60, 96
3.60, 96
3.61, 96
3.61, 96
3.61, 96
3.61, 96
3.62, 96
3.62, 96
3.62, 96
3.62, 96
3.62, 96
3.66, 96
3.66, 96
3.66, 96
3.66, 96
3.82, 96
3.82, 96
3.82, 96
3.86, 96
3.87, 96
3.87, 96
3.87, 96
3.87, 96
3.87, 96
3.87, 96
3.87, 96
3.87, 96
4.00, 96
4.00, 96
4.00, 96
4.00, 96
4.06, 96
4.06, 96
4.10, 96
4.10, 96
4.11, 96
4.11, 96
4.11, 96
4.11, 96
4.12, 96
4.12, 96
4.12, 96
4.13, 96
4.24, 96
4.24, 96
4.24, 96
4.24, 96
4.24, 96
4.24, 96
4.25, 96
4.33, 96
4.33, 96
4.34, 96
4.34, 96
4.34, 96
4.34, 96
4.35, 96
4.35, 96
4.35, 96
4.35, 96
4.36, 96
4.36, 96
4.36, 96
4.36, 96
4.37, 96
4.37, 96
4.42, 96
4.42, 96
4.43, 96
4.43, 96
4.43, 96
4.51, 96
4.51, 96
4.51, 96
4.51, 96
4.51, 96
4.51, 96
4.51, 96
4.51, 96
4.52, 96
4.69, 96
5.03, 96
5.13, 96
5.13, 96
5.13, 96
5.13, 96
5.13, 96
5.15, 96
5.15, 96
5.15, 96
5.15, 96
5.15, 96
5.15, 96
5.15, 96
5.16, 96
5.17, 96
5.26, 96
5.26, 96
5.26, 96
5.26, 96
5.26, 96
5.26, 96
5.37, 96
5.37, 96
5.37, 96
5.40, 96
5.40, 96
5.53, 96
5.53, 96
5.53, 96
5.53, 96
5.54, 96
5.55, 96
5.56, 96
5.57, 96
5.60, 96
5.61, 96
5.61, 96
5.61, 96
5.62, 96
5.62, 96
5.62, 96
5.62, 96
5.62, 96
5.62, 96
5.62, 96
5.62, 96
5.65, 96
5.65, 96
5.68, 96
5.68, 96
5.68, 96
5.68, 96
5.69, 96
5.69, 96
5.69, 96
5.73, 96
5.73, 96
5.73, 96
5.73, 96
5.73, 96
5.74, 96
5.78, 96
5.78, 96
5.78, 96
5.78, 96
5.78, 96
5.81, 96
5.81, 96
5.83, 96
5.86, 96
5.86, 96
5.86, 96
5.86, 96
5.87, 96
5.87, 96
5.91, 96
5.91, 96
5.91, 96
5.91, 96
5.91, 96
5.91, 96
5.92, 96
5.92, 96
5.92, 96
5.92, 96
5.92, 96
5.92, 96
5.92, 96
5.95, 96
5.95, 96
5.96, 96
5.96, 96
5.97, 96
5.97, 96
5.97, 96
6.43, 96
6.44, 96
6.44, 96
6.44, 96
6.45, 96
6.45, 96
6.45, 96
6.45, 96
6.47, 96
6.47, 96
6.50, 96
6.51, 96
6.55, 96
6.56, 96
6.57, 96
6.57, 96
6.57, 96
6.57, 96
6.57, 96
6.79, 96
6.79, 96
6.79, 96
6.79, 96
6.79, 96
6.79, 96
6.79, 96
6.80, 96
6.80, 96
6.80, 96
6.80, 96
6.81, 96
6.81, 96
6.81, 96
6.92, 96
6.93, 96
6.94, 96
6.94, 96
6.94, 96
6.94, 96
6.94, 96
6.95, 96
6.95, 96
6.95, 96
6.95, 96
6.95, 96
6.95, 96
6.98, 96
6.98, 96
6.98, 96
6.98, 96
7.09, 96
7.19, 96
7.19, 96
7.19, 96
7.19, 96
7.19, 96
7.33, 96
7.35, 96
7.48, 96
7.48, 96
7.48, 96
7.58, 96
7.58, 96
8.23, 96
8.59, 96
8.65, 96
8.65, 96
9.13, 96
9.28, 96
9.28, 96
9.31, 96
9.31, 96
9.53, 96
9.53, 96
9.81, 96
10.02, 96
10.10, 96
10.10, 96
10.10, 96
10.27, 96
10.29, 96
10.55, 96
10.55, 96
10.79, 96
10.89, 96
10.89, 96
10.96, 96
10.96, 96
10.96, 96
11.01, 96
11.01, 96
11.03, 96
11.03, 96
11.03, 96
11.03, 96
11.04, 96
11.04, 96
11.04, 96
11.05, 96
11.05, 96
11.05, 96
11.05, 96
11.05, 96
11.06, 96
11.06, 96
11.06, 96
11.07, 96
11.10, 96
11.10, 96
11.16, 96
11.17, 96
11.17, 96
11.17, 96
11.17, 96
11.17, 96
11.18, 96
11.18, 96
11.18, 96
11.23, 96
11.29, 96
11.29, 96
11.29, 96
11.29, 96
11.29, 96
11.29, 96
11.36, 96
11.47, 96
11.47, 96
11.48, 96
11.48, 96
11.48, 96
11.48, 96
11.48, 96
11.48, 96
11.48, 96
11.48, 96
11.48, 96
11.50, 96
11.50, 96
11.50, 96
11.52, 96
11.53, 96
11.59, 96
11.59, 96
11.64, 96
11.64, 96
11.65, 96
11.66, 96
11.66, 96
11.66, 96
11.72, 96
11.72, 96
11.73, 96
11.73, 96
11.73, 96
11.73, 96
11.73, 96
11.73, 96
11.73, 96
11.73, 96
11.73, 96
11.74, 96
11.74, 96
11.97, 96
11.97, 96
12.33, 96
12.39, 96
12.40, 96
12.41, 96
12.42, 96
12.46, 96
12.46, 96
12.47, 96
12.47, 96
12.80, 96
12.80, 96
12.80, 96
12.80, 96
12.99, 96
12.99, 96
13.00, 96
13.00, 96
13.00, 96
13.00, 96
13.00, 96
13.00, 96
13.00, 96
13.00, 96
13.01, 96
13.05, 96
13.05, 96
13.06, 96
13.06, 96
13.06, 96
13.06, 96
13.06, 96
13.06, 96
13.06, 96
13.06, 96
13.07, 96
13.07, 96
13.08, 96
13.08, 96
13.08, 96
13.94, 96
13.95, 96
13.95, 96
13.96, 96
13.96, 96
13.96, 96
13.96, 96
13.97, 96
13.97, 96
13.97, 96
13.97, 96
13.97, 96
13.97, 96
13.98, 96
14.09, 96
14.10, 96
14.23, 96
14.23, 96
14.24, 96
14.25, 96
14.29, 96
14.29, 96
14.29, 96
14.29, 96
14.30, 96
14.30, 96
14.30, 96
14.30, 96
14.30, 96
14.30, 96
14.32, 96
14.32, 96
14.33, 96
14.35, 96
14.35, 96
14.35, 96
14.36, 96
14.37, 96
14.37, 96
14.45, 96
14.45, 96
14.47, 96
14.47, 96
14.49, 96
14.49, 96
14.49, 96
14.50, 96
14.50, 96
14.50, 96
14.95, 96
14.95, 96
14.95, 96
14.96, 96
14.96, 96
14.96, 96
14.96, 96
14.96, 96
14.97, 96
14.97, 96
14.97, 96
15.32, 96
15.32, 96
15.33, 96
15.33, 96
15.46, 96
15.46, 96
15.64, 96
15.64, 96
15.64, 96
15.64, 96
15.72, 96
15.91, 96
15.91, 96
15.92, 96
15.92, 96
15.92, 96
15.92, 96
15.92, 96
15.92, 96
15.92, 96
15.94, 96
16.15, 96
16.15, 96
16.16, 96
16.16, 96
16.16, 96
16.16, 96
16.16, 96
16.21, 96
16.21, 96
16.21, 96
16.21, 96
16.21, 96
16.21, 96
16.21, 96
16.21, 96
16.21, 96
16.22, 96
16.22, 96
16.22, 96
16.22, 96
16.31, 96
16.31, 96
16.31, 96
16.35, 96
16.35, 96
16.35, 96
16.35, 96
16.35, 96
16.35, 96
16.35, 96
16.35, 96
16.36, 96
16.36, 96
16.36, 96
16.36, 96
16.60, 96
16.60, 96
16.63, 96
16.63, 96
16.63, 96
16.66, 96
16.66, 96
16.66, 96
16.67, 96
16.67, 96
16.73, 96
16.73, 96
16.73, 96
16.73, 96
16.89, 96
16.89, 96
16.89, 96
16.90, 96
16.90, 96
16.90, 96
16.90, 96
16.90, 96
16.91, 96
17.09, 96
17.12, 96
17.12, 96
17.12, 96
17.15, 96
17.15, 96
17.17, 96
17.46, 96
17.58, 96
17.58, 96
17.58, 96
17.96, 96
17.96, 96
18.10, 96
18.10, 96
18.10, 96
18.11, 96
18.11, 96
18.11, 96
18.11, 96
18.11, 96
18.11, 96
18.11, 96
18.12, 96
18.12, 96
18.38, 96
18.38, 96
18.39, 96
18.39, 96
18.39, 96
18.39, 96
18.39, 96
18.39, 96
18.39, 96
18.44, 96
18.44, 96
18.44, 96
18.44, 96
18.62, 96
18.62, 96
18.63, 96
18.63, 96
18.64, 96
18.64, 96
18.64, 96
18.64, 96
18.64, 96
18.64, 96
18.64, 96
18.65, 96
18.65, 96
18.67, 96
18.74, 96
18.74, 96
18.74, 96
18.74, 96
18.74, 96
18.77, 96
18.77, 96
18.80, 96
18.82, 96
18.82, 96
18.86, 96
18.86, 96
18.91, 96
18.93, 96
18.94, 96
18.94, 96
19.21, 96
19.21, 96
19.35, 96
19.38, 96
19.39, 96
19.39, 96
19.39, 96
19.39, 96
19.39, 96
19.39, 96
19.39, 96
19.40, 96
19.47, 96
19.47, 96
19.49, 96
19.52, 96
19.65, 96
19.65, 96
19.65, 96
19.67, 96
19.68, 96
19.68, 96
19.68, 96
19.68, 96
19.71, 96
19.74, 96
19.75, 96
19.75, 96
19.75, 96
19.81, 96
19.94, 96
20.14, 96
20.14, 96
20.14, 96
20.14, 96
20.14, 96
20.15, 96
20.34, 96
20.34, 96
20.54, 96
20.54, 96
20.54, 96
20.54, 96
20.56, 96
20.67, 96
20.72, 96
20.72, 96
20.74, 96
20.74, 96
20.74, 96
20.74, 96
20.86, 96
20.88, 96
20.89, 96
20.89, 96
20.90, 96
20.90, 96
20.91, 96
20.91, 96
20.91, 96
20.91, 96
20.97, 96
21.04, 96
21.05, 96
21.05, 96
21.05, 96
21.06, 96
21.07, 96
21.07, 96
21.07, 96
21.10, 96
21.10, 96
21.15, 96
21.46, 96
21.61, 96
21.62, 96
21.62, 96
21.62, 96
21.65, 96
21.65, 96
21.65, 96
21.65, 96
21.67, 96
21.68, 96
21.68, 96
21.68, 96
21.72, 96
21.76, 96
22.09, 96
22.09, 96
22.33, 96
22.33, 96
22.33, 96
22.34, 96
22.34, 96
22.34, 96
22.37, 96
22.37, 96
22.37, 96
22.37, 96
22.37, 96
22.37, 96
22.37, 96
22.38, 96
22.38, 96
22.51, 96
22.51, 96
22.63, 96
22.63, 96
22.69, 96
22.69, 96
22.69, 96
22.69, 96
22.70, 96
22.70, 96
22.70, 96
22.71, 96
22.71, 96
23.06, 96
23.06, 96
23.06, 96
23.07, 96
23.07, 96
23.08, 96
23.08, 96
23.08, 96
23.19, 96
23.19, 96
23.19, 96
23.19, 96
23.27, 96
23.27, 96
23.27, 96
23.28, 96
23.28, 96
23.31, 96
23.31, 96
23.31, 96
23.31, 96
23.32, 96
23.32, 96
23.32, 96
23.36, 96
23.36, 96
23.36, 96
23.54, 96
23.54, 96
23.59, 96
23.60, 96
23.60, 96
23.72, 96
24.13, 96
24.13, 96
24.13, 96
24.14, 96
24.14, 96
24.15, 96
24.15, 96
24.18, 96
24.18, 96
24.18, 96
24.19, 96
24.19, 96
24.24, 96
24.24, 96
24.24, 96
24.26, 96
24.45, 96
24.45, 96
24.45, 96
24.45, 96
24.45, 96
24.45, 96
24.45, 96
24.46, 96
24.78, 96
25.07, 96
25.07, 96
25.13, 96
25.13, 96
25.43, 96
25.43, 96
25.43, 96
25.43, 96
25.43, 96
25.43, 96
25.43, 96
25.44, 96
25.44, 96
25.44, 96
25.48, 96
25.49, 96
25.60, 96
25.64, 96
25.64, 96
25.65, 96
25.65, 96
25.66, 96
25.66, 96
25.66, 96
25.66, 96
25.67, 96
25.67, 96
25.67, 96
25.67, 96
25.67, 96
25.67, 96
25.67, 96
25.67, 96
25.68, 96
25.74, 96
25.75, 96
25.75, 96
25.84, 96
25.84, 96
25.84, 96
25.84, 96
25.84, 96
25.86, 96
25.86, 96
25.93, 96
25.93, 96
25.93, 96
25.93, 96
26.31, 96
26.31, 96
26.31, 96
26.31, 96
26.34, 96
26.41, 96
26.41, 96
26.41, 96
26.41, 96
26.41, 96
26.41, 96
26.58, 96
26.60, 96
26.60, 96
26.61, 96
26.61, 96
26.64, 96
26.74, 96
26.74, 96
26.74, 96
26.98, 96
26.98, 96
26.99, 96
26.99, 96
27.10, 96
27.10, 96
27.10, 96
27.11, 96
27.11, 96
27.11, 96
27.19, 96
27.19, 96
27.19, 96
27.20, 96
27.20, 96
27.20, 96
27.20, 96
27.20, 96
27.20, 96
27.20, 96
27.21, 96
27.22, 96
27.22, 96
27.22, 96
27.22, 96
27.23, 96
27.23, 96
27.23, 96
27.23, 96
27.23, 96
27.23, 96
27.24, 96
27.25, 96
27.25, 96
27.27, 96
27.53, 96
27.92, 96
27.92, 96
27.92, 96
27.92, 96
27.92, 96
27.92, 96
27.96, 96
27.97, 96
27.97, 96
27.97, 96
27.97, 96
28.13, 96
28.13, 96
28.13, 96
28.14, 96
28.36, 96
28.36, 96
28.36, 96
28.38, 96
28.39, 96
28.39, 96
28.54, 96
28.84, 96
28.85, 96
28.85, 96
28.86, 96
28.86, 96
28.88, 96
28.88, 96
28.88, 96
28.89, 96
28.89, 96
28.95, 96
28.95, 96
28.96, 96
28.96, 96
28.96, 96
28.96, 96
28.96, 96
28.98, 96
28.98, 96
28.99, 96
29.07, 96
29.07, 96
29.07, 96
29.07, 96
29.07, 96
29.07, 96
29.32, 96
29.32, 96
29.33, 96
29.33, 96
29.48, 96
29.57, 96
29.57, 96
29.58, 96
29.59, 96
29.59, 96
29.59, 96
29.59, 96
29.59, 96
29.59, 96
29.60, 96
29.60, 96
29.60, 96
29.85, 96
29.97, 96
29.97, 96
29.97, 96
29.97, 96
29.97, 96
29.98, 96
29.98, 96
29.98, 96
29.98, 96
29.98, 96
30.04, 96
30.04, 96
30.08, 96
30.08, 96
30.08, 96
30.08, 96
30.08, 96
30.08, 96
30.09, 96
30.09, 96
30.11, 96
30.12, 96
30.12, 96
30.12, 96
30.13, 96
30.24, 96
30.25, 96
30.25, 96
30.25, 96
30.25, 96
30.28, 96
30.29, 96
30.29, 96
30.29, 96
30.29, 96
30.30, 96
30.30, 96
30.37, 96
30.39, 96
30.39, 96
30.39, 96
30.39, 96
30.51, 96
30.51, 96
30.51, 96
30.51, 96
30.99, 96
30.99, 96
30.99, 96
30.99, 96
30.99, 96
31.06, 96
31.06, 96
31.06, 96
31.06, 96
31.13, 96
31.14, 96
31.14, 96
31.16, 96
31.16, 96
31.17, 96
31.21, 96
31.22, 96
31.22, 96
31.22, 96
31.27, 96
31.27, 96
31.27, 96
31.27, 96
31.27, 96
31.28, 96
31.29, 96
31.30, 96
31.31, 96
31.31, 96
31.31, 96
31.31, 96
31.32, 96
31.32, 96
31.32, 96
31.32, 96
31.59, 96
31.60, 96
31.61, 96
31.61, 96
31.61, 96
31.61, 96
31.61, 96
31.61, 96
31.61, 96
31.61, 96
31.64, 96
31.64, 96
31.66, 96
31.66, 96
31.66, 96
31.81, 96
31.81, 96
31.81, 96
32.41, 96
32.47, 96
32.68, 96
32.68, 96
32.68, 96
32.76, 96
32.77, 96
32.77, 96
32.78, 96
32.78, 96
32.78, 96
32.79, 96
33.11, 96
33.11, 96
33.15, 96
33.15, 96
33.15, 96
33.22, 96
33.23, 96
33.23, 96
33.24, 96
33.24, 96
33.24, 96
33.24, 96
33.24, 96
33.24, 96
33.25, 96
33.25, 96
33.25, 96
33.25, 96
33.26, 96
33.26, 96
33.26, 96
33.26, 96
33.35, 96
33.36, 96
33.36, 96
33.37, 96
33.37, 96
33.37, 96
33.37, 96
33.37, 96
33.38, 96
33.38, 96
33.38, 96
33.38, 96
33.41, 96
33.41, 96
33.47, 96
33.47, 96
33.47, 96
33.47, 96
33.47, 96
33.58, 96
33.58, 96
33.58, 96
33.59, 96
33.61, 96
33.61, 96
33.61, 96
33.68, 96
33.68, 96
33.68, 96
33.68, 96
33.68, 96
33.69, 96
33.74, 96
33.74, 96
33.74, 96
33.74, 96
33.75, 96
33.76, 96
33.78, 96
33.78, 96
33.78, 96
33.78, 96
33.78, 96
33.79, 96
33.79, 96
33.82, 96
33.83, 96
33.88, 96
33.90, 96
33.90, 96
33.90, 96
33.90, 96
33.91, 96
33.91, 96
33.91, 96
33.91, 96
33.91, 96
33.91, 96
33.92, 96
34.03, 96
34.03, 96
34.03, 96
34.15, 96
34.15, 96
34.15, 96
34.15, 96
34.17, 96
34.23, 96
34.26, 96
34.26, 96
34.26, 96
34.60, 96
34.63, 96
34.63, 96
35.03, 96
35.03, 96
35.03, 96
35.04, 96
35.04, 96
35.04, 96
35.18, 96
35.19, 96
35.19, 96
35.19, 96
35.20, 96
35.20, 96
35.23, 96
35.24, 96
35.24, 96
35.24, 96
35.26, 96
35.26, 96
35.27, 96
35.28, 96
35.28, 96
35.28, 96
35.68, 96
35.68, 96
35.68, 96
35.68, 96
35.68, 96
35.92, 96
35.92, 96
35.92, 96
36.33, 96
36.33, 96
36.33, 96
36.33, 96
36.33, 96
36.39, 96
36.39, 96
36.43, 96
36.43, 96
36.43, 96
36.43, 96
36.44, 96
36.44, 96
36.44, 96
36.44, 96
36.44, 96
36.45, 96
36.53, 96
36.53, 96
36.59, 96
36.59, 96
36.59, 96
36.59, 96
36.59, 96
36.60, 96
36.67, 96
36.67, 96
36.67, 96
36.67, 96
36.67, 96
36.68, 96
36.68, 96
36.68, 96
36.76, 96
36.76, 96
36.77, 96
36.77, 96
36.77, 96
36.88, 96
36.88, 96
36.88, 96
36.88, 96
36.88, 96
36.88, 96
36.88, 96
36.89, 96
36.89, 96
36.91, 96
36.91, 96
36.91, 96
36.92, 96
36.93, 96
36.93, 96
36.93, 96
36.93, 96
36.93, 96
36.93, 96
36.94, 96
36.94, 96
36.94, 96
36.94, 96
36.97, 96
36.97, 96
36.97, 96
36.97, 96
36.99, 96
36.99, 96
37.18, 96
37.18, 96
37.19, 96
37.19, 96
37.19, 96
37.19, 96
37.31, 96
37.31, 96
37.31, 96
37.33, 96
37.39, 96
37.39, 96
37.39, 96
37.40, 96
37.40, 96
37.41, 96
37.41, 96
37.45, 96
37.45, 96
37.46, 96
37.46, 96
37.46, 96
37.47, 96
37.47, 96
37.47, 96
37.47, 96
37.47, 96
37.47, 96
37.48, 96
37.62, 96
37.62, 96
37.62, 96
37.62, 96
37.63, 96
37.63, 96
37.63, 96
37.63, 96
37.63, 96
37.64, 96
37.64, 96
37.64, 96
37.64, 96
37.64, 96
37.65, 96
37.65, 96
37.84, 96
37.84, 96
37.84, 96
37.88, 96
37.88, 96
37.88, 96
37.91, 96
37.91, 96
38.09, 96
38.09, 96
38.09, 96
38.09, 96
38.10, 96
38.12, 96
38.12, 96
38.12, 96
38.12, 96
38.12, 96
38.13, 96
38.13, 96
38.13, 96
38.13, 96
38.13, 96
38.22, 96
38.22, 96
38.22, 96
38.27, 96
38.27, 96
38.27, 96
38.27, 96
38.27, 96
38.27, 96
38.28, 96
38.28, 96
38.28, 96
38.28, 96
38.28, 96
38.35, 96
38.35, 96
38.35, 96
38.65, 96
38.65, 96
38.65, 96
38.65, 96
38.72, 96
38.72, 96
38.74, 96
38.74, 96
38.78, 96
38.90, 96
38.90, 96
38.90, 96
38.91, 96
38.98, 96
38.98, 96
38.98, 96
39.00, 96
39.00, 96
39.00, 96
39.02, 96
39.03, 96
39.03, 96
39.03, 96
39.03, 96
39.26, 96
39.26, 96
39.26, 96
39.26, 96
39.26, 96
39.26, 96
40.08, 96
40.08, 96
40.21, 96
40.22, 96
40.22, 96
40.22, 96
40.22, 96
40.22, 96
40.23, 96
40.23, 96
40.23, 96
40.39, 96
40.40, 96
40.40, 96
40.40, 96
40.44, 96
40.46, 96
40.46, 96
40.46, 96
40.61, 96
40.61, 96
40.61, 96
40.61, 96
40.61, 96
40.61, 96
40.62, 96
40.62, 96
40.62, 96
40.62, 96
40.62, 96
40.62, 96
40.63, 96
40.63, 96
40.63, 96
40.64, 96
40.64, 96
40.64, 96
40.64, 96
40.65, 96
40.65, 96
40.66, 96
40.66, 96
40.66, 96
40.66, 96
40.74, 96
40.74, 96
40.74, 96
40.75, 96
40.76, 96
40.76, 96
40.83, 96
40.85, 96
40.85, 96
40.85, 96
40.85, 96
40.85, 96
40.85, 96
40.87, 96
41.02, 96
41.15, 96
41.15, 96
41.16, 96
41.21, 96
41.26, 96
41.28, 96
41.31, 96
41.32, 96
41.32, 96
41.32, 96
41.32, 96
41.32, 96
41.32, 96
41.33, 96
41.33, 96
41.33, 96
41.34, 96
41.34, 96
41.35, 96
41.53, 96
41.53, 96
41.53, 96
41.54, 96
41.54, 96
41.58, 96
41.61, 96
41.61, 96
41.61, 96
41.61, 96
41.68, 96
41.68, 96
41.68, 96
41.69, 96
41.69, 96
41.69, 96
41.69, 96
41.70, 96
41.70, 96
41.75, 96
41.87, 96
42.36, 96
42.36, 96
42.36, 96
42.36, 96
42.37, 96
42.37, 96
42.37, 96
42.38, 96
42.38, 96
42.45, 96
42.45, 96
42.45, 96
42.45, 96
42.57, 96
42.57, 96
42.57, 96
42.58, 96
42.58, 96
42.71, 96
42.71, 96
42.77, 96
42.78, 96
42.78, 96
42.78, 96
42.78, 96
42.78, 96
42.78, 96
42.78, 96
42.78, 96
42.79, 96
42.79, 96
42.79, 96
42.79, 96
42.79, 96
42.84, 96
42.84, 96
43.22, 96
43.22, 96
43.22, 96
43.22, 96
43.22, 96
43.23, 96
43.23, 96
43.23, 96
43.23, 96
43.26, 96
43.36, 96
43.50, 96
43.50, 96
43.50, 96
43.50, 96
43.50, 96
43.50, 96
43.50, 96
43.50, 96
43.51, 96
43.51, 96
43.51, 96
43.51, 96
43.51, 96
43.51, 96
43.52, 96
43.52, 96
43.53, 96
43.54, 96
43.54, 96
43.54, 96
43.66, 96
43.66, 96
43.93, 96
43.99, 96
43.99, 96
44.02, 96
44.03, 96
44.03, 96
44.03, 96
44.03, 96
44.37, 96
44.38, 96
44.46, 96
44.46, 96
44.46, 96
44.47, 96
44.50, 96
44.50, 96
44.50, 96
44.50, 96
44.50, 96
44.51, 96
44.65, 96
44.65, 96
44.67, 96
44.71, 96
45.42, 96
45.42, 96
45.42, 96
45.43, 96
45.46, 96
45.46, 96
45.58, 96
45.58, 96
45.59, 96
45.59, 96
45.59, 96
45.72, 96
45.72, 96
45.74, 96
45.75, 96
45.75, 96
45.75, 96
45.75, 96
45.77, 96
45.77, 96
45.78, 96
45.78, 96
45.79, 96
45.79, 96
45.79, 96
45.80, 96
45.80, 96
45.80, 96
46.12, 96
46.12, 96
46.12, 96
46.13, 96
46.13, 96
46.13, 96
46.19, 96
46.20, 96
46.29, 96
46.29, 96
46.29, 96
46.38, 96
46.38, 96
46.38, 96
46.50, 96
46.50, 96
46.71, 96
46.73, 96
46.73, 96
46.73, 96
46.84, 96
46.84, 96
46.84, 96
47.14, 96
47.16, 96
47.17, 96
47.19, 96
47.19, 96
47.19, 96
47.19, 96
47.19, 96
47.34, 96
47.34, 96
47.34, 96
47.35, 96
47.82, 96
47.88, 96
47.89, 96
47.98, 96
47.98, 96
48.01, 96
48.06, 96
48.06, 96
48.07, 96
48.07, 96
48.07, 96
48.10, 96
48.10, 96
48.11, 96
48.25, 96
48.25, 96
48.25, 96
48.36, 96
48.36, 96
48.37, 96
48.38, 96
48.39, 96
48.39, 96
48.47, 96
48.50, 96
48.50, 96
48.54, 96
48.54, 96
48.55, 96
48.55, 96
48.55, 96
48.77, 96
48.94, 96
48.98, 96
48.98, 96
49.02, 96
49.06, 96
49.06, 96
49.07, 96
49.07, 96
49.07, 96
49.07, 96
49.07, 96
49.07, 96
49.29, 96
49.29, 96
49.33, 96
49.33, 96
49.34, 96
49.34, 96
49.34, 96
49.41, 96
49.41, 96
49.41, 96
49.41, 96
49.42, 96
49.43, 96
49.43, 96
49.43, 96
49.45, 96
49.86, 96
49.97, 96
49.98, 96
49.99, 96
49.99, 96
50.00, 96
50.00, 96
50.00, 96
50.11, 96
50.12, 96
50.12, 96
50.12, 96
50.13, 96
50.13, 96
50.13, 96
50.14, 96
50.40, 96
50.40, 96
50.41, 96
50.41, 96
50.42, 96
50.62, 96
50.62, 96
50.63, 96
50.63, 96
50.80, 96
50.80, 96
51.13, 96
51.13, 96
51.13, 96
51.14, 96
51.20, 96
51.20, 96
51.41, 96
51.41, 96
51.41, 96
51.41, 96
51.41, 96
51.42, 96
51.42, 96
51.42, 96
51.42, 96
51.42, 96
51.43, 96
51.43, 96
51.43, 96
51.46, 96
51.47, 96
51.47, 96
51.47, 96
51.47, 96
51.59, 96
51.64, 96
51.65, 96
51.65, 96
52.11, 96
52.16, 96
52.16, 96
52.25, 96
52.27, 96
52.27, 96
52.27, 96
52.27, 96
52.30, 96
52.31, 96
52.31, 96
52.31, 96
52.31, 96
52.31, 96
52.31, 96
52.31, 96
52.31, 96
52.50, 96
52.67, 96
52.67, 96
52.73, 96
52.73, 96
52.73, 96
52.73, 96
52.90, 96
53.26, 96
53.29, 96
53.29, 96
53.30, 96
53.31, 96
53.73, 96
53.73, 96
53.75, 96
53.75, 96
53.79, 96
53.79, 96
53.79, 96
53.79, 96
53.80, 96
53.80, 96
53.80, 96
53.81, 96
53.81, 96
53.81, 96
53.81, 96
53.82, 96
53.82, 96
53.82, 96
53.82, 96
53.93, 96
53.93, 96
53.94, 96
53.94, 96
53.94, 96
53.94, 96
53.94, 96
53.95, 96
53.96, 96
54.09, 96
54.09, 96
54.10, 96
54.13, 96
54.13, 96
54.14, 96
54.31, 96
54.31, 96
54.31, 96
54.31, 96
54.32, 96
54.32, 96
54.34, 96
54.34, 96
54.59, 96
54.59, 96
54.59, 96
54.59, 96
54.59, 96
54.78, 96
54.78, 96
54.78, 96
54.79, 96
54.80, 96
54.80, 96
54.89, 96
54.89, 96
54.91, 96
54.91, 96
54.91, 96
54.91, 96
54.97, 96
54.97, 96
55.26, 96
55.26, 96
55.87, 96
55.87, 96
55.91, 96
55.92, 96
55.92, 96
55.92, 96
55.92, 96
55.92, 96
56.07, 96
56.07, 96
56.23, 96
56.23, 96
56.35, 96
56.36, 96
56.36, 96
56.36, 96
56.38, 96
56.38, 96
56.38, 96
56.38, 96
56.38, 96
56.39, 96
56.39, 96
56.39, 96
56.39, 96
56.39, 96
56.39, 96
56.40, 96
56.42, 96
56.42, 96
56.42, 96
56.42, 96
56.42, 96
56.52, 96
56.52, 96
56.52, 96
56.54, 96
56.61, 96
56.61, 96
56.62, 96
56.63, 96
56.63, 96
56.66, 96
56.69, 96
56.69, 96
56.69, 96
56.69, 96
56.70, 96
56.72, 96
56.79, 96
56.80, 96
56.93, 96
56.94, 96
56.94, 96
56.94, 96
56.94, 96
56.94, 96
56.94, 96
56.94, 96
56.95, 96
56.99, 96
57.02, 96
57.02, 96
57.02, 96
57.02, 96
57.03, 96
57.16, 96
57.17, 96
57.39, 96
57.40, 96
57.40, 96
57.58, 96
57.60, 96
57.63, 96
57.63, 96
57.63, 96
57.63, 96
57.64, 96
57.64, 96
57.65, 96
57.65, 96
57.65, 96
57.74, 96
57.74, 96
57.74, 96
57.74, 96
57.75, 96
57.75, 96
57.75, 96
57.75, 96
57.75, 96
57.75, 96
57.75, 96
57.75, 96
57.86, 96
57.89, 96
57.89, 96
57.89, 96
57.89, 96
57.89, 96
57.89, 96
57.89, 96
58.01, 96
58.01, 96
58.48, 96
58.48, 96
58.49, 96
58.49, 96
58.49, 96
58.51, 96
58.52, 96
58.67, 96
58.67, 96
58.67, 96
58.67, 96
58.67, 96
58.67, 96
58.67, 96
58.68, 96
58.70, 96
58.70, 96
58.70, 96
58.71, 96
58.71, 96
58.89, 96
58.94, 96
58.95, 96
58.95, 96
58.96, 96
58.96, 96
58.97, 96
58.97, 96
58.97, 96
58.97, 96
58.97, 96
58.97, 96
58.97, 96
59.10, 96
59.10, 96
59.10, 96
59.10, 96
59.10, 96
59.10, 96
59.10, 96
59.11, 96
59.11, 96
59.11, 96
59.14, 96
59.14, 96
59.15, 96
59.16, 96
59.20, 96
59.23, 96
59.24, 96
59.24, 96
59.24, 96
59.24, 96
59.24, 96
59.26, 96
59.27, 96
59.27, 96
59.27, 96
59.28, 96
59.97, 96
59.98, 96
