0.01, 102
0.01, 100
0.01, 99
0.02, 99
0.02, 99
0.02, 99
0.02, 99
0.02, 98
0.02, 98
0.02, 98
0.02, 98
0.02, 98
0.02, 98
0.03, 98
0.04, 98
0.04, 98
0.04, 98
0.04, 98
0.05, 98
0.05, 97
0.05, 97
0.05, 97
0.06, 97
0.06, 97
0.06, 97
0.06, 97
0.07, 97
0.07, 97
0.07, 97
0.07, 97
0.08, 97
0.08, 97
0.08, 97
0.08, 97
0.08, 97
0.08, 97
0.09, 97
0.09, 97
0.09, 97
0.10, 97
0.10, 97
0.10, 97
0.11, 97
0.11, 97
0.12, 97
0.12, 97
0.12, 97
0.12, 97
0.12, 97
0.12, 97
0.18, 97
0.18, 97
0.20, 97
0.20, 97
0.21, 97
0.21, 97
0.21, 97
0.21, 97
0.21, 97
0.22, 97
0.25, 97
0.25, 97
0.25, 97
0.25, 97
0.25, 97
0.26, 97
0.26, 97
0.26, 97
0.26, 97
0.26, 97
0.27, 97
0.27, 97
0.29, 97
0.30, 97
0.30, 97
0.30, 97
0.32, 97
0.32, 97
0.32, 97
0.32, 97
0.32, 97
0.33, 97
0.33, 97
0.33, 97
0.33, 97
0.35, 97
0.37, 97
0.37, 97
0.38, 97
0.38, 97
0.38, 97
0.38, 97
0.38, 97
0.38, 97
0.38, 97
0.39, 97
0.39, 97
0.39, 97
0.39, 97
0.39, 96
0.39, 96
0.40, 96
0.40, 96
0.42, 96
0.42, 96
0.45, 96
0.45, 96
0.45, 96
0.48, 96
0.48, 96
0.49, 96
0.52, 96
0.52, 96
0.52, 96
0.52, 96
0.56, 96
0.56, 96
0.57, 96
0.57, 96
0.82, 96
0.82, 96
0.83, 96
0.83, 96
0.83, 96
0.86, 96
0.86, 96
0.86, 96
0.88, 96
0.88, 96
0.92, 96
0.92, 96
0.92, 96
0.93, 96
0.93, 96
0.93, 96
0.93, 96
1.14, 96
1.18, 96
1.18, 96
1.18, 96
1.26, 96
1.26, 96
1.81, 96
1.81, 96
1.81, 96
1.81, 96
1.83, 96
1.84, 96
1.84, 96
1.84, 96
1.84, 96
1.85, 96
1.86, 96
1.88, 96
1.88, 96
1.88, 96
1.88, 96
1.96, 96
1.96, 96
1.96, 96
1.96, 96
1.97, 96
1.97, 96
2.01, 96
2.01, 96
2.01, 96
2.04, 96
2.04, 96
2.06, 96
2.07, 96
2.08, 96
2.08, 96
2.09, 96
2.10, 96
2.10, 96
2.10, 96
2.10, 96
2.10, 96
2.12, 96
2.12, 96
2.12, 96
2.12, 96
2.12, 96
2.50, 96
2.51, 96
2.52, 96
2.52, 96
2.52, 96
2.52, 96
2.52, 96
2.52, 96
3.00, 96
3.00, 96
3.01, 96
3.14, 96
3.14, 96
3.15, 96
3.15, 96
3.15, 96
3.15, 96
3.15, 96
3.34, 96
3.38, 96
3.39, 96
3.39, 96
3.39, 96
3.39, 96
3.39, 96
3.39, 96
3.40, 96
3.40, 96
3.41, 96
3.41, 96
3.41, 96
3.41, 96
3.41, 96
3.41, 96
3.42, 96
3.44, 96
3.44, 96
3.46, 96
3.46, 96
3.46, 96
3.46, 96
3.46, 96
3.47, 96
3.47, 96
3.47, 96
3.47, 96
3.47, 96
3.47, 96
3.48, 96
3.48, 96
3.48, 96
3.49, 96
3.49, 96
3.49, 96
3.52, 96
3.52, 96
3.52, 96
3.52, 96
3.52, 96
3.52, 96
3.54, 96
3.55, 96
3.55, 96
3.55, 96
3.55, 96
3.55, 96
3.55, 96
3.55, 96
3.57, 96
3.57, 96
3.57, 96
3.57, 96
3.57, 96
3.61, 96
3.61, 96
3.61, 96
3.61, 96
3.77, 96
3.77, 96
3.77, 96
3.80, 96
3.81, 96
3.81, 96
3.81, 96
3.81, 96
3.82, 96
3.82, 96
3.82, 96
3.82, 96
3.95, 96
3.95, 96
3.95, 96
3.95, 96
4.02, 96
4.02, 96
4.05, 96
4.05, 96
4.06, 96
4.06, 96
4.06, 96
4.06, 96
4.07, 96
4.07, 96
4.07, 96
4.08, 96
4.19, 96
4.19, 96
4.19, 96
4.19, 96
4.19, 96
4.19, 96
4.20, 96
4.28, 96
4.28, 96
4.29, 96
4.29, 96
4.29, 96
4.29, 96
4.30, 96
4.30, 96
4.30, 96
4.30, 96
4.31, 96
4.31, 96
4.32, 96
4.32, 96
4.32, 96
4.32, 96
4.37, 96
4.37, 96
4.37, 96
4.37, 96
4.37, 96
4.45, 96
4.45, 96
4.45, 96
4.45, 96
4.45, 96
4.45, 96
4.45, 96
4.46, 96
4.46, 96
4.63, 96
4.96, 96
5.06, 96
5.06, 96
5.06, 96
5.06, 96
5.06, 96
5.07, 96
5.08, 96
5.08, 96
5.08, 96
5.08, 96
5.08, 96
5.08, 96
5.09, 96
5.09, 96
5.19, 96
5.19, 96
5.19, 96
5.19, 96
5.19, 96
5.19, 96
5.30, 96
5.30, 96
5.30, 96
5.34, 96
5.34, 96
5.47, 96
5.47, 96
5.47, 96
5.47, 96
5.48, 96
5.49, 96
5.49, 96
5.51, 96
5.54, 96
5.54, 96
5.54, 96
5.55, 96
5.55, 96
5.55, 96
5.55, 96
5.55, 96
5.56, 96
5.56, 96
5.56, 96
5.56, 96
5.58, 96
5.59, 96
5.62, 96
5.62, 96
5.62, 96
5.63, 96
5.63, 96
5.63, 96
5.63, 96
5.67, 96
5.67, 96
5.67, 96
5.67, 96
5.67, 96
5.68, 96
5.71, 96
5.71, 96
5.72, 96
5.72, 96
5.72, 96
5.75, 96
5.75, 96
5.77, 96
5.79, 96
5.79, 96
5.79, 96
5.79, 96
5.80, 96
5.80, 96
5.83, 96
5.83, 96
5.84, 96
5.84, 96
5.84, 96
5.84, 96
5.84, 96
5.84, 96
5.84, 96
5.84, 96
5.84, 96
5.84, 96
5.85, 96
5.88, 96
5.88, 96
5.89, 96
5.89, 96
5.90, 96
5.90, 96
5.90, 96
6.36, 96
6.36, 96
6.36, 96
6.36, 96
6.38, 96
6.38, 96
6.38, 96
6.38, 96
6.39, 96
6.39, 96
6.42, 96
6.43, 96
6.46, 96
6.47, 96
6.48, 96
6.48, 96
6.48, 96
6.48, 96
6.48, 96
6.70, 96
6.70, 96
6.70, 96
6.70, 96
6.70, 96
6.70, 96
6.70, 96
6.71, 96
6.71, 96
6.71, 96
6.71, 96
6.72, 96
6.72, 96
6.72, 96
6.83, 96
6.84, 96
6.85, 96
6.85, 96
6.85, 96
6.86, 96
6.86, 96
6.86, 96
6.86, 96
6.86, 96
6.87, 96
6.87, 96
6.87, 96
6.89, 96
6.89, 96
6.89, 96
6.90, 96
7.00, 96
7.11, 96
7.11, 96
7.11, 96
7.11, 96
7.11, 96
7.26, 96
7.27, 96
7.41, 96
7.41, 96
7.41, 96
7.53, 96
7.53, 96
8.19, 96
8.57, 96
8.63, 96
8.63, 96
9.11, 96
9.26, 96
9.26, 96
9.30, 96
9.30, 96
9.52, 96
9.52, 96
9.81, 96
10.02, 96
10.10, 96
10.10, 96
10.10, 96
10.27, 96
10.29, 96
10.57, 96
10.57, 96
10.83, 96
10.93, 96
10.94, 96
10.99, 96
11.00, 96
11.00, 96
11.05, 96
11.05, 96
11.07, 96
11.08, 96
11.08, 96
11.08, 96
11.08, 96
11.09, 96
11.09, 96
11.09, 96
11.10, 96
11.10, 96
11.10, 96
11.10, 96
11.10, 96
11.11, 96
11.11, 96
11.11, 96
11.15, 96
11.15, 96
11.22, 96
11.23, 96
11.23, 96
11.23, 96
11.23, 96
11.23, 96
11.24, 96
11.24, 96
11.24, 96
11.29, 96
11.35, 96
11.35, 96
11.35, 96
11.35, 96
11.35, 96
11.36, 96
11.42, 96
11.53, 96
11.53, 96
11.53, 96
11.54, 96
11.54, 96
11.54, 96
11.54, 96
11.54, 96
11.54, 96
11.54, 96
11.54, 96
11.57, 96
11.57, 96
11.57, 96
11.59, 96
11.59, 96
11.65, 96
11.66, 96
11.70, 96
11.71, 96
11.71, 96
11.72, 96
11.73, 96
11.73, 96
11.79, 96
11.79, 96
11.79, 96
11.79, 96
11.79, 96
11.79, 96
11.80, 96
11.80, 96
11.80, 96
11.80, 96
11.80, 96
11.80, 96
11.80, 96
12.04, 96
12.04, 96
12.42, 96
12.47, 96
12.48, 96
12.50, 96
12.50, 96
12.55, 96
12.55, 96
12.57, 96
12.57, 96
12.89, 96
12.90, 96
12.90, 96
12.90, 96
13.09, 96
13.09, 96
13.09, 96
13.09, 96
13.09, 96
13.09, 96
13.10, 96
13.10, 96
13.10, 96
13.10, 96
13.10, 96
13.15, 96
13.15, 96
13.16, 96
13.16, 96
13.16, 96
13.16, 96
13.16, 96
13.16, 96
13.16, 96
13.16, 96
13.17, 96
13.17, 96
13.17, 96
13.18, 96
13.18, 96
14.03, 96
14.04, 96
14.04, 96
14.04, 96
14.04, 96
14.04, 96
14.05, 96
14.06, 96
14.06, 96
14.06, 96
14.06, 96
14.06, 96
14.06, 96
14.06, 96
14.19, 96
14.20, 96
14.32, 96
14.33, 96
14.33, 96
14.34, 96
14.38, 96
14.38, 96
14.38, 96
14.38, 96
14.38, 96
14.38, 96
14.38, 96
14.38, 96
14.39, 96
14.39, 96
14.41, 96
14.41, 96
14.41, 96
14.44, 96
14.44, 96
14.44, 96
14.44, 96
14.45, 96
14.45, 96
14.54, 96
14.54, 96
14.56, 96
14.56, 96
14.57, 96
14.57, 96
14.57, 96
14.59, 96
14.60, 96
14.60, 96
15.04, 96
15.04, 96
15.04, 96
15.04, 96
15.04, 96
15.04, 96
15.05, 96
15.05, 96
15.05, 96
15.05, 96
15.06, 96
15.41, 96
15.41, 96
15.41, 96
15.41, 96
15.55, 96
15.55, 96
15.73, 96
15.73, 96
15.73, 96
15.73, 96
15.80, 96
16.00, 96
16.01, 96
16.01, 96
16.01, 96
16.02, 96
16.02, 96
16.02, 96
16.02, 96
16.02, 96
16.03, 96
16.25, 96
16.26, 96
16.26, 96
16.26, 96
16.26, 96
16.26, 96
16.27, 96
16.31, 96
16.31, 96
16.31, 96
16.31, 96
16.31, 96
16.32, 96
16.32, 96
16.32, 96
16.32, 96
16.32, 96
16.32, 96
16.32, 96
16.32, 96
16.41, 96
16.42, 96
16.42, 96
16.46, 96
16.46, 96
16.46, 96
16.46, 96
16.46, 96
16.46, 96
16.46, 96
16.46, 96
16.46, 96
16.46, 96
16.47, 96
16.47, 96
16.73, 96
16.73, 96
16.76, 96
16.76, 96
16.76, 96
16.79, 96
16.80, 96
16.80, 96
16.81, 96
16.81, 96
16.87, 96
16.87, 96
16.87, 96
16.87, 96
17.05, 96
17.05, 96
17.05, 96
17.05, 96
17.05, 96
17.05, 96
17.05, 96
17.05, 96
17.07, 96
17.23, 96
17.27, 96
17.27, 96
17.27, 96
17.29, 96
17.29, 96
17.32, 96
17.61, 96
17.73, 96
17.73, 96
17.73, 96
18.09, 96
18.09, 96
18.23, 96
18.24, 96
18.24, 96
18.24, 96
18.24, 96
18.24, 96
18.24, 96
18.25, 96
18.25, 96
18.25, 96
18.25, 96
18.26, 96
18.51, 96
18.51, 96
18.52, 96
18.52, 96
18.52, 96
18.52, 96
18.52, 96
18.52, 96
18.52, 96
18.56, 96
18.56, 96
18.57, 96
18.57, 96
18.73, 96
18.73, 96
18.74, 96
18.74, 96
18.75, 96
18.75, 96
18.75, 96
18.75, 96
18.76, 96
18.76, 96
18.76, 96
18.76, 96
18.76, 96
18.79, 96
18.84, 96
18.85, 96
18.85, 96
18.85, 96
18.85, 96
18.87, 96
18.88, 96
18.91, 96
18.92, 96
18.92, 96
18.97, 96
18.97, 96
19.02, 96
19.05, 96
19.05, 96
19.05, 96
19.32, 96
19.32, 96
19.45, 96
19.48, 96
19.49, 96
19.49, 96
19.49, 96
19.49, 96
19.49, 96
19.49, 96
19.49, 96
19.50, 96
19.57, 96
19.57, 96
19.59, 96
19.62, 96
19.74, 96
19.75, 96
19.75, 96
19.76, 96
19.76, 96
19.77, 96
19.77, 96
19.77, 96
19.80, 96
19.83, 96
19.83, 96
19.84, 96
19.84, 96
19.90, 96
20.03, 96
20.22, 96
20.22, 96
20.22, 96
20.22, 96
20.22, 96
20.22, 96
20.42, 96
20.42, 96
20.62, 96
20.62, 96
20.62, 96
20.62, 96
20.63, 96
20.75, 96
20.79, 96
20.80, 96
20.81, 96
20.81, 96
20.81, 96
20.82, 96
20.93, 96
20.95, 96
20.95, 96
20.95, 96
20.97, 96
20.97, 96
20.97, 96
20.97, 96
20.98, 96
20.98, 96
21.04, 96
21.12, 96
21.12, 96
21.12, 96
21.12, 96
21.14, 96
21.14, 96
21.14, 96
21.15, 96
21.17, 96
21.17, 96
21.22, 96
21.51, 96
21.65, 96
21.66, 96
21.66, 96
21.66, 96
21.69, 96
21.69, 96
21.69, 96
21.69, 96
21.71, 96
21.71, 96
21.72, 96
21.72, 96
21.76, 96
21.79, 96
22.12, 96
22.12, 96
22.36, 96
22.36, 96
22.37, 96
22.37, 96
22.37, 96
22.38, 96
22.40, 96
22.40, 96
22.40, 96
22.40, 96
22.40, 96
22.40, 96
22.41, 96
22.41, 96
22.41, 96
22.54, 96
22.54, 96
22.64, 96
22.65, 96
22.70, 96
22.71, 96
22.71, 96
22.71, 96
22.71, 96
22.71, 96
22.72, 96
22.72, 96
22.72, 96
23.07, 96
23.08, 96
23.08, 96
23.08, 96
23.08, 96
23.09, 96
23.09, 96
23.09, 96
23.20, 96
23.20, 96
23.20, 96
23.20, 96
23.28, 96
23.28, 96
23.28, 96
23.28, 96
23.28, 96
23.31, 96
23.31, 96
23.31, 96
23.31, 96
23.31, 96
23.32, 96
23.32, 96
23.36, 96
23.36, 96
23.36, 96
23.53, 96
23.53, 96
23.57, 96
23.59, 96
23.59, 96
23.72, 96
24.11, 96
24.12, 96
24.12, 96
24.13, 96
24.13, 96
24.14, 96
24.14, 96
24.18, 96
24.18, 96
24.18, 96
24.18, 96
24.18, 96
24.24, 96
24.24, 96
24.24, 96
24.25, 96
24.42, 96
24.42, 96
24.42, 96
24.43, 96
24.43, 96
24.43, 96
24.43, 96
24.43, 96
24.74, 96
25.02, 96
25.02, 96
25.08, 96
25.08, 96
25.37, 96
25.37, 96
25.37, 96
25.37, 96
25.37, 96
25.37, 96
25.38, 96
25.38, 96
25.38, 96
25.38, 96
25.42, 96
25.43, 96
25.53, 96
25.57, 96
25.57, 96
25.58, 96
25.58, 96
25.59, 96
25.59, 96
25.59, 96
25.59, 96
25.59, 96
25.59, 96
25.59, 96
25.60, 96
25.60, 96
25.60, 96
25.60, 96
25.60, 96
25.61, 96
25.66, 96
25.68, 96
25.68, 96
25.76, 96
25.76, 96
25.77, 96
25.77, 96
25.77, 96
25.79, 96
25.79, 96
25.84, 96
25.85, 96
25.85, 96
25.85, 96
26.22, 96
26.22, 96
26.22, 96
26.22, 96
26.24, 96
26.32, 96
26.32, 96
26.32, 96
26.32, 96
26.32, 96
26.32, 96
26.48, 96
26.50, 96
26.50, 96
26.51, 96
26.51, 96
26.55, 96
26.64, 96
26.64, 96
26.64, 96
26.88, 96
26.88, 96
26.88, 96
26.88, 96
27.00, 96
27.00, 96
27.00, 96
27.01, 96
27.01, 96
27.01, 96
27.09, 96
27.09, 96
27.09, 96
27.09, 96
27.10, 96
27.10, 96
27.10, 96
27.10, 96
27.10, 96
27.10, 96
27.11, 96
27.12, 96
27.12, 96
27.12, 96
27.12, 96
27.12, 96
27.12, 96
27.12, 96
27.13, 96
27.13, 96
27.13, 96
27.14, 96
27.14, 96
27.14, 96
27.17, 96
27.43, 96
27.80, 96
27.80, 96
27.81, 96
27.81, 96
27.81, 96
27.81, 96
27.86, 96
27.86, 96
27.86, 96
27.86, 96
27.86, 96
28.02, 96
28.02, 96
28.02, 96
28.03, 96
28.27, 96
28.27, 96
28.27, 96
28.29, 96
28.29, 96
28.29, 96
28.43, 96
28.73, 96
28.74, 96
28.74, 96
28.75, 96
28.75, 96
28.76, 96
28.76, 96
28.77, 96
28.78, 96
28.78, 96
28.83, 96
28.83, 96
28.84, 96
28.84, 96
28.84, 96
28.84, 96
28.85, 96
28.86, 96
28.87, 96
28.87, 96
28.94, 96
28.94, 96
28.94, 96
28.94, 96
28.95, 96
28.95, 96
29.20, 96
29.20, 96
29.20, 96
29.20, 96
29.35, 96
29.45, 96
29.45, 96
29.46, 96
29.46, 96
29.46, 96
29.46, 96
29.46, 96
29.46, 96
29.46, 96
29.47, 96
29.47, 96
29.47, 96
29.72, 96
29.85, 96
29.85, 96
29.85, 96
29.85, 96
29.85, 96
29.85, 96
29.85, 96
29.86, 96
29.86, 96
29.86, 96
29.92, 96
29.92, 96
29.96, 96
29.96, 96
29.96, 96
29.96, 96
29.96, 96
29.96, 96
29.96, 96
29.96, 96
29.99, 96
30.00, 96
30.00, 96
30.00, 96
30.00, 96
30.12, 96
30.13, 96
30.13, 96
30.13, 96
30.13, 96
30.17, 96
30.17, 96
30.17, 96
30.17, 96
30.17, 96
30.17, 96
30.17, 96
30.24, 96
30.26, 96
30.26, 96
30.26, 96
30.26, 96
30.38, 96
30.38, 96
30.39, 96
30.39, 96
30.89, 96
30.89, 96
30.89, 96
30.89, 96
30.89, 96
30.96, 96
30.96, 96
30.96, 96
30.96, 96
31.03, 96
31.04, 96
31.04, 96
31.06, 96
31.06, 96
31.07, 96
31.11, 96
31.12, 96
31.12, 96
31.12, 96
31.17, 96
31.17, 96
31.17, 96
31.17, 96
31.17, 96
31.18, 96
31.19, 96
31.20, 96
31.21, 96
31.21, 96
31.21, 96
31.22, 96
31.22, 96
31.22, 96
31.22, 96
31.22, 96
31.49, 96
31.49, 96
31.50, 96
31.50, 96
31.50, 96
31.50, 96
31.50, 96
31.50, 96
31.51, 96
31.51, 96
31.54, 96
31.54, 96
31.56, 96
31.56, 96
31.56, 96
31.70, 96
31.70, 96
31.70, 96
32.31, 96
32.36, 96
32.57, 96
32.58, 96
32.58, 96
32.66, 96
32.66, 96
32.66, 96
32.67, 96
32.68, 96
32.68, 96
32.68, 96
33.04, 96
33.04, 96
33.08, 96
33.08, 96
33.08, 96
33.16, 96
33.17, 96
33.17, 96
33.17, 96
33.17, 96
33.18, 96
33.18, 96
33.18, 96
33.18, 96
33.18, 96
33.18, 96
33.19, 96
33.19, 96
33.19, 96
33.19, 96
33.19, 96
33.20, 96
33.29, 96
33.29, 96
33.29, 96
33.30, 96
33.30, 96
33.30, 96
33.30, 96
33.30, 96
33.31, 96
33.31, 96
33.32, 96
33.32, 96
33.35, 96
33.35, 96
33.41, 96
33.41, 96
33.41, 96
33.41, 96
33.41, 96
33.52, 96
33.52, 96
33.53, 96
33.53, 96
33.55, 96
33.55, 96
33.56, 96
33.62, 96
33.62, 96
33.62, 96
33.63, 96
33.63, 96
33.63, 96
33.70, 96
33.70, 96
33.70, 96
33.70, 96
33.70, 96
33.71, 96
33.73, 96
33.73, 96
33.73, 96
33.73, 96
33.74, 96
33.74, 96
33.75, 96
33.78, 96
33.80, 96
33.84, 96
33.86, 96
33.86, 96
33.86, 96
33.86, 96
33.86, 96
33.86, 96
33.87, 96
33.87, 96
33.87, 96
33.87, 96
33.87, 96
34.00, 96
34.00, 96
34.00, 96
34.12, 96
34.12, 96
34.12, 96
34.12, 96
34.15, 96
34.21, 96
34.23, 96
34.23, 96
34.23, 96
34.58, 96
34.61, 96
34.61, 96
34.97, 96
34.97, 96
34.97, 96
34.97, 96
34.98, 96
34.98, 96
35.11, 96
35.12, 96
35.12, 96
35.13, 96
35.13, 96
35.13, 96
35.16, 96
35.17, 96
35.17, 96
35.18, 96
35.19, 96
35.19, 96
35.21, 96
35.21, 96
35.21, 96
35.21, 96
35.59, 96
35.59, 96
35.59, 96
35.59, 96
35.59, 96
35.83, 96
35.83, 96
35.83, 96
36.28, 96
36.28, 96
36.29, 96
36.29, 96
36.29, 96
36.35, 96
36.35, 96
36.40, 96
36.40, 96
36.40, 96
36.40, 96
36.40, 96
36.40, 96
36.40, 96
36.40, 96
36.40, 96
36.41, 96
36.49, 96
36.49, 96
36.55, 96
36.56, 96
36.56, 96
36.56, 96
36.56, 96
36.56, 96
36.63, 96
36.63, 96
36.63, 96
36.63, 96
36.63, 96
36.64, 96
36.64, 96
36.64, 96
36.73, 96
36.73, 96
36.73, 96
36.74, 96
36.74, 96
36.85, 96
36.85, 96
36.85, 96
36.85, 96
36.86, 96
36.86, 96
36.86, 96
36.86, 96
36.86, 96
36.88, 96
36.89, 96
36.89, 96
36.90, 96
36.90, 96
36.91, 96
36.91, 96
36.91, 96
36.91, 96
36.91, 96
36.91, 96
36.91, 96
36.92, 96
36.92, 96
36.95, 96
36.95, 96
36.95, 96
36.95, 96
36.97, 96
36.98, 96
37.17, 96
37.17, 96
37.18, 96
37.18, 96
37.18, 96
37.19, 96
37.32, 96
37.32, 96
37.32, 96
37.34, 96
37.40, 96
37.40, 96
37.40, 96
37.40, 96
37.41, 96
37.42, 96
37.42, 96
37.46, 96
37.46, 96
37.46, 96
37.47, 96
37.47, 96
37.47, 96
37.47, 96
37.47, 96
37.47, 96
37.48, 96
37.48, 96
37.48, 96
37.63, 96
37.63, 96
37.63, 96
37.63, 96
37.63, 96
37.63, 96
37.64, 96
37.64, 96
37.64, 96
37.64, 96
37.64, 96
37.64, 96
37.64, 96
37.64, 96
37.65, 96
37.65, 96
37.85, 96
37.85, 96
37.85, 96
37.89, 96
37.89, 96
37.89, 96
37.93, 96
37.93, 96
38.11, 96
38.11, 96
38.11, 96
38.12, 96
38.12, 96
38.14, 96
38.14, 96
38.14, 96
38.14, 96
38.14, 96
38.14, 96
38.14, 96
38.15, 96
38.15, 96
38.15, 96
38.24, 96
38.24, 96
38.24, 96
38.29, 96
38.30, 96
38.30, 96
38.30, 96
38.30, 96
38.30, 96
38.30, 96
38.31, 96
38.31, 96
38.31, 96
38.31, 96
38.38, 96
38.38, 96
38.38, 96
38.65, 96
38.66, 96
38.66, 96
38.66, 96
38.72, 96
38.72, 96
38.74, 96
38.74, 96
38.78, 96
38.89, 96
38.89, 96
38.90, 96
38.90, 96
38.97, 96
38.97, 96
38.97, 96
38.99, 96
38.99, 96
38.99, 96
39.02, 96
39.02, 96
39.02, 96
39.02, 96
39.03, 96
39.25, 96
39.25, 96
39.25, 96
39.25, 96
39.25, 96
39.26, 96
40.05, 96
40.06, 96
40.20, 96
40.20, 96
40.20, 96
40.21, 96
40.21, 96
40.21, 96
40.22, 96
40.22, 96
40.22, 96
40.37, 96
40.37, 96
40.38, 96
40.38, 96
40.42, 96
40.43, 96
40.43, 96
40.44, 96
40.58, 96
40.58, 96
40.58, 96
40.58, 96
40.58, 96
40.59, 96
40.59, 96
40.59, 96
40.59, 96
40.60, 96
40.60, 96
40.60, 96
40.61, 96
40.61, 96
40.61, 96
40.61, 96
40.61, 96
40.61, 96
40.61, 96
40.62, 96
40.63, 96
40.63, 96
40.63, 96
40.63, 96
40.64, 96
40.71, 96
40.71, 96
40.71, 96
40.72, 96
40.72, 96
40.72, 96
40.80, 96
40.82, 96
40.82, 96
40.82, 96
40.82, 96
40.82, 96
40.82, 96
40.84, 96
40.98, 96
41.11, 96
41.11, 96
41.11, 96
41.17, 96
41.22, 96
41.24, 96
41.27, 96
41.28, 96
41.28, 96
41.28, 96
41.28, 96
41.28, 96
41.28, 96
41.28, 96
41.29, 96
41.29, 96
41.29, 96
41.29, 96
41.30, 96
41.49, 96
41.49, 96
41.50, 96
41.50, 96
41.50, 96
41.54, 96
41.56, 96
41.57, 96
41.57, 96
41.57, 96
41.63, 96
41.63, 96
41.63, 96
41.64, 96
41.64, 96
41.65, 96
41.65, 96
41.65, 96
41.65, 96
41.70, 96
41.81, 96
42.29, 96
42.30, 96
42.30, 96
42.30, 96
42.30, 96
42.30, 96
42.30, 96
42.31, 96
42.31, 96
42.38, 96
42.38, 96
42.38, 96
42.38, 96
42.51, 96
42.51, 96
42.51, 96
42.52, 96
42.52, 96
42.65, 96
42.65, 96
42.72, 96
42.72, 96
42.72, 96
42.72, 96
42.72, 96
42.72, 96
42.72, 96
42.73, 96
42.73, 96
42.73, 96
42.74, 96
42.74, 96
42.74, 96
42.74, 96
42.79, 96
42.79, 96
43.17, 96
43.17, 96
43.17, 96
43.17, 96
43.17, 96
43.17, 96
43.18, 96
43.18, 96
43.18, 96
43.20, 96
43.30, 96
43.44, 96
43.44, 96
43.44, 96
43.44, 96
43.44, 96
43.45, 96
43.45, 96
43.45, 96
43.45, 96
43.45, 96
43.45, 96
43.45, 96
43.45, 96
43.46, 96
43.46, 96
43.46, 96
43.47, 96
43.48, 96
43.48, 96
43.48, 96
43.60, 96
43.60, 96
43.87, 96
43.93, 96
43.94, 96
43.97, 96
43.98, 96
43.98, 96
43.99, 96
43.99, 96
44.33, 96
44.33, 96
44.42, 96
44.42, 96
44.43, 96
44.43, 96
44.45, 96
44.45, 96
44.46, 96
44.46, 96
44.46, 96
44.46, 96
44.61, 96
44.61, 96
44.62, 96
44.66, 96
45.35, 96
45.35, 96
45.35, 96
45.35, 96
45.38, 96
45.39, 96
45.50, 96
45.50, 96
45.50, 96
45.50, 96
45.50, 96
45.62, 96
45.62, 96
45.65, 96
45.66, 96
45.66, 96
45.66, 96
45.66, 96
45.68, 96
45.68, 96
45.68, 96
45.68, 96
45.70, 96
45.70, 96
45.70, 96
45.70, 96
45.70, 96
45.70, 96
46.02, 96
46.02, 96
46.02, 96
46.02, 96
46.03, 96
46.03, 96
46.09, 96
46.10, 96
46.18, 96
46.18, 96
46.18, 96
46.28, 96
46.28, 96
46.29, 96
46.40, 96
46.40, 96
46.61, 96
46.63, 96
46.63, 96
46.63, 96
46.73, 96
46.73, 96
46.74, 96
47.05, 96
47.07, 96
47.08, 96
47.10, 96
47.10, 96
47.10, 96
47.10, 96
47.10, 96
47.26, 96
47.26, 96
47.26, 96
47.27, 96
47.74, 96
47.80, 96
47.81, 96
47.89, 96
47.89, 96
47.92, 96
47.98, 96
47.98, 96
47.98, 96
47.98, 96
47.98, 96
48.02, 96
48.02, 96
48.02, 96
48.15, 96
48.15, 96
48.15, 96
48.26, 96
48.26, 96
48.26, 96
48.28, 96
48.28, 96
48.28, 96
48.36, 96
48.38, 96
48.38, 96
48.43, 96
48.43, 96
48.43, 96
48.43, 96
48.43, 96
48.63, 96
48.79, 96
48.83, 96
48.83, 96
48.87, 96
48.92, 96
48.92, 96
48.92, 96
48.92, 96
48.92, 96
48.92, 96
48.92, 96
48.92, 96
49.13, 96
49.14, 96
49.17, 96
49.17, 96
49.18, 96
49.18, 96
49.18, 96
49.25, 96
49.25, 96
49.25, 96
49.26, 96
49.27, 96
49.27, 96
49.27, 96
49.27, 96
49.29, 96
49.70, 96
49.81, 96
49.82, 96
49.83, 96
49.83, 96
49.83, 96
49.84, 96
49.84, 96
49.94, 96
49.95, 96
49.95, 96
49.96, 96
49.96, 96
49.96, 96
49.97, 96
49.97, 96
50.25, 96
50.25, 96
50.25, 96
50.25, 96
50.26, 96
50.47, 96
50.47, 96
50.47, 96
50.47, 96
50.64, 96
50.64, 96
50.98, 96
50.98, 96
50.98, 96
50.99, 96
51.05, 96
51.05, 96
51.25, 96
51.25, 96
51.25, 96
51.25, 96
51.25, 96
51.26, 96
51.26, 96
51.26, 96
51.26, 96
51.27, 96
51.27, 96
51.27, 96
51.27, 96
51.30, 96
51.31, 96
51.31, 96
51.31, 96
51.31, 96
51.44, 96
51.48, 96
51.48, 96
51.48, 96
51.96, 96
52.01, 96
52.01, 96
52.10, 96
52.12, 96
52.12, 96
52.13, 96
52.13, 96
52.15, 96
52.16, 96
52.16, 96
52.16, 96
52.16, 96
52.16, 96
52.16, 96
52.17, 96
52.17, 96
52.33, 96
52.48, 96
52.48, 96
52.54, 96
52.54, 96
52.55, 96
52.55, 96
52.71, 96
53.06, 96
53.09, 96
53.09, 96
53.10, 96
53.10, 96
53.53, 96
53.54, 96
53.55, 96
53.55, 96
53.59, 96
53.60, 96
53.60, 96
53.60, 96
53.61, 96
53.61, 96
53.61, 96
53.61, 96
53.62, 96
53.62, 96
53.62, 96
53.62, 96
53.63, 96
53.63, 96
53.63, 96
53.75, 96
53.75, 96
53.75, 96
53.75, 96
53.75, 96
53.75, 96
53.75, 96
53.76, 96
53.77, 96
53.91, 96
53.91, 96
53.92, 96
53.95, 96
53.95, 96
53.96, 96
54.15, 96
54.15, 96
54.15, 96
54.15, 96
54.15, 96
54.15, 96
54.18, 96
54.18, 96
54.42, 96
54.42, 96
54.42, 96
54.42, 96
54.42, 96
54.62, 96
54.62, 96
54.62, 96
54.63, 96
54.63, 96
54.63, 96
54.73, 96
54.73, 96
54.75, 96
54.75, 96
54.75, 96
54.75, 96
54.80, 96
54.80, 96
55.12, 96
55.12, 96
55.74, 96
55.74, 96
55.78, 96
55.78, 96
55.78, 96
55.79, 96
55.79, 96
55.79, 96
55.93, 96
55.93, 96
56.10, 96
56.11, 96
56.23, 96
56.23, 96
56.23, 96
56.23, 96
56.26, 96
56.26, 96
56.26, 96
56.26, 96
56.26, 96
56.26, 96
56.26, 96
56.26, 96
56.26, 96
56.27, 96
56.27, 96
56.27, 96
56.29, 96
56.29, 96
56.29, 96
56.29, 96
56.29, 96
56.39, 96
56.39, 96
56.39, 96
56.41, 96
56.49, 96
56.49, 96
56.49, 96
56.50, 96
56.50, 96
56.54, 96
56.56, 96
56.56, 96
56.56, 96
56.56, 96
56.57, 96
56.60, 96
56.66, 96
56.67, 96
56.81, 96
56.82, 96
56.82, 96
56.82, 96
56.82, 96
56.82, 96
56.82, 96
56.82, 96
56.82, 96
56.87, 96
56.90, 96
56.90, 96
56.90, 96
56.90, 96
56.91, 96
57.05, 96
57.06, 96
57.30, 96
57.30, 96
57.31, 96
57.50, 96
57.52, 96
57.55, 96
57.55, 96
57.55, 96
57.55, 96
57.55, 96
57.56, 96
57.56, 96
57.57, 96
57.57, 96
57.67, 96
57.67, 96
57.67, 96
57.67, 96
57.67, 96
57.68, 96
57.68, 96
57.68, 96
57.68, 96
57.68, 96
57.68, 96
57.68, 96
57.79, 96
57.82, 96
57.82, 96
57.82, 96
57.82, 96
57.82, 96
57.82, 96
57.82, 96
57.95, 96
57.95, 96
58.47, 96
58.47, 96
58.48, 96
58.48, 96
58.48, 96
58.51, 96
58.51, 96
58.66, 96
58.67, 96
58.67, 96
58.67, 96
58.67, 96
58.67, 96
58.67, 96
58.68, 96
58.70, 96
58.70, 96
58.70, 96
58.70, 96
58.71, 96
58.90, 96
58.96, 96
58.97, 96
58.97, 96
58.97, 96
58.98, 96
58.98, 96
58.98, 96
58.99, 96
58.99, 96
58.99, 96
58.99, 96
58.99, 96
59.12, 96
59.12, 96
59.12, 96
59.12, 96
59.12, 96
59.12, 96
59.12, 96
59.13, 96
59.13, 96
59.13, 96
59.17, 96
59.17, 96
59.17, 96
59.19, 96
59.23, 96
59.27, 96
59.27, 96
59.27, 96
59.27, 96
59.27, 96
59.27, 96
59.30, 96
59.30, 96
59.30, 96
59.31, 96
59.31, 96
60.05, 96
60.05, 96
60.52, 96
60.52, 96
60.53, 96
60.53, 96
60.72, 96
60.73, 96
60.85, 96
60.85, 96
60.88, 96
60.97, 96
60.97, 96
60.99, 96
60.99, 96
60.99, 96
61.00, 96
61.00, 96
61.38, 96
61.38, 96
61.39, 96
61.39, 96
61.39, 96
61.82, 96
61.82, 96
61.82, 96
62.16, 96
62.18, 96
62.18, 96
62.19, 96
62.32, 96
62.57, 96
62.66, 96
62.66, 96
62.66, 96
62.66, 96
62.66, 96
62.67, 96
62.67, 96
62.67, 96
62.67, 96
62.77, 96
62.77, 96
62.77, 96
62.77, 96
62.79, 96
62.79, 96
62.79, 96
62.80, 96
62.80, 96
62.80, 96
62.85, 96
62.88, 96
62.88, 96
62.88, 96
62.88, 96
63.64, 96
63.96, 96
63.96, 96
63.98, 96
63.99, 96
63.99, 96
64.01, 96
64.26, 96
64.26, 96
64.26, 96
64.26, 96
64.26, 96
64.31, 96
64.31, 96
64.31, 96
64.34, 96
64.35, 96
64.35, 96
64.35, 96
64.36, 96
64.36, 96
64.36, 96
64.38, 96
64.44, 96
64.44, 96
64.55, 96
64.55, 96
64.56, 96
64.56, 96
64.56, 96
64.56, 96
64.56, 96
64.63, 96
64.67, 96
64.68, 96
64.68, 96
64.68, 96
64.68, 96
64.92, 96
64.92, 96
65.28, 96
65.29, 96
65.34, 96
65.34, 96
65.35, 96
65.35, 96
65.35, 96
65.35, 96
65.35, 96
65.35, 96
65.35, 96
65.35, 96
65.35, 96
65.36, 96
65.36, 96
65.36, 96
65.36, 96
65.36, 96
65.36, 96
65.36, 96
65.37, 96
65.37, 96
65.38, 96
65.38, 96
65.38, 96
65.39, 96
65.41, 96
65.42, 96
65.42, 96
65.42, 96
65.42, 96
65.42, 96
65.46, 96
65.46, 96
65.47, 96
65.55, 96
65.55, 96
65.55, 96
65.56, 96
65.56, 96
65.56, 96
65.56, 96
65.57, 96
65.73, 96
65.73, 96
65.74, 96
65.92, 96
65.94, 96
66.07, 96
66.07, 96
66.08, 96
66.08, 96
66.08, 96
66.17, 96
66.17, 96
66.17, 96
66.18, 96
66.18, 96
66.18, 96
66.18, 96
66.18, 96
66.23, 96
66.23, 96
66.23, 96
66.24, 96
66.24, 96
66.25, 96
66.25, 96
66.25, 96
66.26, 96
66.26, 96
66.34, 96
66.34, 96
66.34, 96
66.34, 96
66.34, 96
66.35, 96
66.35, 96
66.35, 96
66.35, 96
66.35, 96
66.44, 96
66.44, 96
66.44, 96
66.46, 96
66.46, 96
66.47, 96
66.50, 96
66.51, 96
66.51, 96
66.51, 96
66.52, 96
66.52, 96
66.52, 96
66.52, 96
66.52, 96
66.79, 96
66.79, 96
66.82, 96
66.83, 96
66.83, 96
66.83, 96
66.83, 96
66.83, 96
66.83, 96
66.83, 96
66.83, 96
66.83, 96
66.84, 96
66.84, 96
66.88, 96
66.88, 96
66.88, 96
66.91, 96
66.91, 96
66.92, 96
66.92, 96
66.92, 96
66.95, 96
66.95, 96
66.95, 96
66.95, 96
66.95, 96
66.96, 96
66.96, 96
66.96, 96
66.96, 96
66.96, 96
66.96, 96
66.96, 96
66.99, 96
67.00, 96
67.01, 96
67.05, 96
67.16, 96
67.16, 96
67.16, 96
67.24, 96
67.25, 96
67.25, 96
67.25, 96
67.25, 96
67.26, 96
67.26, 96
67.41, 96
67.41, 96
67.43, 96
67.44, 96
67.44, 96
67.44, 96
67.46, 96
67.46, 96
67.46, 96
67.48, 96
67.48, 96
67.48, 96
67.77, 96
67.77, 96
67.78, 96
67.83, 96
67.83, 96
67.83, 96
67.83, 96
67.83, 96
67.89, 96
67.89, 96
67.89, 96
67.89, 96
67.89, 96
67.90, 96
68.06, 96
68.06, 96
68.06, 96
68.06, 96
68.07, 96
68.07, 96
68.07, 96
68.07, 96
68.08, 96
68.08, 96
68.08, 96
68.08, 96
68.09, 96
68.10, 96
68.10, 96
68.10, 96
68.10, 96
68.10, 96
68.13, 96
68.13, 96
68.17, 96
68.17, 96
68.18, 96
68.18, 96
68.62, 96
68.84, 96
68.84, 96
68.84, 96
68.84, 96
68.85, 96
68.85, 96
68.85, 96
69.06, 96
69.06, 96
69.06, 96
69.06, 96
69.22, 96
69.22, 96
69.23, 96
69.23, 96
69.24, 96
69.24, 96
69.24, 96
69.24, 96
69.24, 96
69.24, 96
69.24, 96
69.25, 96
69.25, 96
69.26, 96
69.26, 96
69.29, 96
69.29, 96
69.30, 96
69.37, 96
69.37, 96
69.45, 96
69.66, 96
69.66, 96
69.67, 96
69.67, 96
69.81, 96
69.99, 96
70.00, 96
70.00, 96
70.00, 96
70.00, 96
70.19, 96
70.19, 96
70.20, 96
70.23, 96
70.32, 96
70.32, 96
70.33, 96
70.33, 96
70.33, 96
70.33, 96
70.35, 96
70.36, 96
70.36, 96
70.36, 96
70.36, 96
70.36, 96
70.36, 96
70.37, 96
70.37, 96
70.51, 96
70.51, 96
70.51, 96
70.65, 96
71.19, 96
71.19, 96
71.20, 96
71.24, 96
71.25, 96
71.25, 96
71.32, 96
71.33, 96
71.36, 96
71.37, 96
71.49, 96
71.49, 96
71.49, 96
71.65, 96
71.79, 96
71.79, 96
71.79, 96
71.79, 96
71.83, 96
71.84, 96
71.84, 96
71.84, 96
71.84, 96
71.86, 96
72.06, 96
72.07, 96
72.07, 96
72.07, 96
72.07, 96
72.07, 96
72.08, 96
72.08, 96
72.08, 96
72.08, 96
72.08, 96
72.09, 96
72.09, 96
72.09, 96
72.09, 96
72.11, 96
72.11, 96
72.11, 96
72.11, 96
72.12, 96
72.12, 96
72.20, 96
72.20, 96
72.21, 96
72.21, 96
72.21, 96
72.21, 96
72.21, 96
72.27, 96
72.27, 96
72.28, 96
72.28, 96
72.28, 96
72.28, 96
72.28, 96
72.28, 96
72.29, 96
72.29, 96
72.29, 96
72.29, 96
72.29, 96
72.29, 96
72.30, 96
72.53, 96
72.53, 96
72.56, 96
72.56, 96
72.56, 96
72.56, 96
72.56, 96
72.57, 96
72.57, 96
72.57, 96
72.57, 96
72.57, 96
72.57, 96
72.57, 96
72.58, 96
72.58, 96
72.58, 96
72.90, 96
73.11, 96
73.11, 96
73.11, 96
73.11, 96
73.11, 96
73.11, 96
73.11, 96
73.11, 96
73.11, 96
73.41, 96
73.41, 96
73.41, 96
73.46, 96
73.51, 96
73.51, 96
73.51, 96
73.51, 96
73.51, 96
73.55, 96
73.55, 96
73.65, 96
74.00, 96
74.06, 96
74.06, 96
74.06, 96
74.06, 96
74.06, 96
74.06, 96
74.07, 96
74.07, 96
74.08, 96
74.08, 96
74.08, 96
74.23, 96
74.23, 96
74.24, 96
74.26, 96
74.26, 96
74.33, 96
74.33, 96
74.34, 96
74.34, 96
74.35, 96
74.36, 96
74.36, 96
74.37, 96
74.37, 96
74.50, 96
74.50, 96
74.50, 96
74.50, 96
74.51, 96
74.52, 96
74.52, 96
74.52, 96
74.52, 96
74.52, 96
74.52, 96
74.53, 96
74.53, 96
74.57, 96
74.57, 96
74.57, 96
74.58, 96
74.59, 96
74.59, 96
74.70, 96
74.70, 96
74.74, 96
74.95, 96
74.95, 96
74.95, 96
74.95, 96
74.95, 96
74.95, 96
74.95, 96
74.96, 96
74.96, 96
74.98, 96
75.26, 96
75.26, 96
75.26, 96
75.26, 96
75.26, 96
75.27, 96
75.29, 96
75.29, 96
75.29, 96
75.29, 96
75.30, 96
75.30, 96
75.30, 96
75.30, 96
75.30, 96
75.30, 96
75.30, 96
75.30, 96
75.31, 96
75.31, 96
75.31, 96
75.33, 96
75.35, 96
75.35, 96
75.35, 96
75.35, 96
75.44, 96
75.58, 96
75.59, 96
75.59, 96
75.59, 96
75.59, 96
75.60, 96
75.60, 96
75.60, 96
75.65, 96
75.65, 96
75.65, 96
75.87, 96
75.93, 96
76.08, 96
76.08, 96
76.08, 96
76.10, 96
76.21, 96
76.22, 96
76.26, 96
76.26, 96
76.26, 96
76.99, 96
76.99, 96
76.99, 96
76.99, 96
77.04, 96
77.20, 96
77.20, 96
77.20, 96
77.21, 96
77.26, 96
77.26, 96
77.26, 96
77.26, 96
77.26, 96
77.26, 96
77.31, 96
77.31, 96
77.34, 96
77.35, 96
77.35, 96
77.35, 96
77.35, 96
77.35, 96
77.37, 96
77.37, 96
77.57, 96
77.58, 96
77.58, 96
77.58, 96
77.65, 96
77.65, 96
77.65, 96
77.66, 96
77.72, 96
77.96, 96
77.97, 96
77.97, 96
77.98, 96
77.98, 96
77.98, 96
78.01, 96
78.01, 96
78.04, 96
78.04, 96
78.07, 96
78.28, 96
78.28, 96
78.29, 96
78.29, 96
78.29, 96
78.29, 96
78.31, 96
78.31, 96
78.59, 96
78.59, 96
78.60, 96
78.61, 96
78.64, 96
78.68, 96
78.86, 96
78.86, 96
78.86, 96
78.86, 96
78.87, 96
79.02, 96
79.22, 96
79.22, 96
79.23, 96
79.23, 96
79.23, 96
79.23, 96
79.23, 96
79.23, 96
79.29, 96
79.29, 96
79.29, 96
79.29, 96
79.30, 96
79.31, 96
79.80, 96
79.80, 96
79.80, 96
79.83, 96
79.83, 96
79.83, 96
79.83, 96
79.83, 96
79.83, 96
79.84, 96
79.84, 96
79.84, 96
79.84, 96
79.84, 96
79.84, 96
79.84, 96
79.84, 96
79.86, 96
79.86, 96
79.86, 96
79.86, 96
80.00, 96
80.00, 96
80.02, 96
80.02, 96
80.03, 96
80.28, 96
80.29, 96
80.29, 96
80.30, 96
80.30, 96
80.31, 96
80.31, 96
80.37, 96
80.38, 96
80.38, 96
80.38, 96
80.39, 96
80.39, 96
80.39, 96
80.39, 96
80.39, 96
80.39, 96
80.51, 96
80.51, 96
80.52, 96
80.55, 96
80.62, 96
80.62, 96
80.62, 96
80.62, 96
80.63, 96
80.63, 96
80.63, 96
80.63, 96
80.63, 96
80.63, 96
80.64, 96
80.64, 96
80.64, 96
80.65, 96
80.65, 96
80.65, 96
80.65, 96
80.66, 96
80.97, 96
81.63, 96
81.71, 96
81.71, 96
81.95, 96
81.95, 96
82.09, 96
82.09, 96
82.50, 96
82.50, 96
82.50, 96
82.50, 96
82.50, 96
82.50, 96
82.51, 96
82.51, 96
82.58, 96
82.58, 96
82.59, 96
82.59, 96
82.59, 96
82.59, 96
82.59, 96
82.59, 96
82.62, 96
82.62, 96
82.62, 96
82.62, 96
82.62, 96
82.62, 96
82.65, 96
82.66, 96
82.66, 96
82.66, 96
82.67, 96
82.68, 96
82.68, 96
82.68, 96
82.68, 96
82.69, 96
82.69, 96
82.73, 96
82.73, 96
82.74, 96
82.74, 96
82.76, 96
82.88, 96
83.04, 96
83.04, 96
83.04, 96
83.04, 96
83.18, 96
83.20, 96
83.21, 96
83.24, 96
83.24, 96
83.24, 96
83.24, 96
83.25, 96
83.25, 96
83.25, 96
83.25, 96
83.30, 96
83.34, 96
83.34, 96
83.34, 96
83.36, 96
83.36, 96
83.37, 96
83.62, 96
83.62, 96
83.62, 96
83.62, 96
83.63, 96
83.71, 96
83.71, 96
83.87, 96
83.87, 96
83.87, 96
83.87, 96
83.89, 96
83.89, 96
83.90, 96
83.90, 96
83.93, 96
83.93, 96
83.93, 96
83.93, 96
83.93, 96
83.94, 96
83.94, 96
84.00, 96
84.00, 96
84.00, 96
84.00, 96
84.01, 96
84.02, 96
84.04, 96
84.04, 96
84.04, 96
84.04, 96
84.79, 96
84.79, 96
84.80, 96
84.83, 96
84.83, 96
84.83, 96
84.83, 96
84.83, 96
84.84, 96
84.84, 96
84.84, 96
84.84, 96
84.85, 96
84.94, 96
85.33, 96
85.33, 96
85.37, 96
85.39, 96
85.40, 96
85.40, 96
85.40, 96
85.40, 96
85.40, 96
85.40, 96
85.52, 96
85.53, 96
85.53, 96
85.53, 96
85.53, 96
85.53, 96
85.54, 96
85.54, 96
85.55, 96
85.55, 96
85.55, 96
85.55, 96
85.55, 96
85.55, 96
85.55, 96
85.55, 96
85.56, 96
85.57, 96
85.57, 96
85.57, 96
85.57, 96
85.57, 96
85.57, 96
85.67, 96
85.76, 96
85.76, 96
85.76, 96
85.77, 96
85.77, 96
85.77, 96
85.77, 96
85.90, 96
85.90, 96
85.90, 96
85.90, 96
85.90, 96
85.90, 96
85.90, 96
85.90, 96
85.92, 96
86.06, 96
86.06, 96
86.06, 96
86.06, 96
86.06, 96
86.20, 96
86.20, 96
86.21, 96
86.21, 96
86.21, 96
86.22, 96
86.22, 96
86.23, 96
86.23, 96
86.23, 96
86.30, 96
86.30, 96
86.30, 96
86.30, 96
86.31, 96
86.31, 96
86.31, 96
86.31, 96
86.32, 96
86.32, 96
86.32, 96
86.34, 96
86.37, 96
86.37, 96
86.37, 96
86.37, 96
86.37, 96
86.39, 96
86.39, 96
86.41, 96
86.41, 96
86.41, 96
86.42, 96
86.42, 96
86.42, 96
86.55, 96
86.55, 96
86.55, 96
86.58, 96
86.61, 96
86.62, 96
86.62, 96
86.62, 96
86.62, 96
86.62, 96
86.69, 96
86.69, 96
86.69, 96
86.69, 96
87.31, 96
87.31, 96
87.31, 96
87.31, 96
87.33, 96
87.33, 96
87.42, 96
87.42, 96
87.43, 96
87.56, 96
87.80, 96
88.47, 96
88.47, 96
89.14, 96
89.27, 96
89.27, 96
89.28, 96
89.43, 96
89.55, 96
89.56, 96
89.56, 96
89.59, 96
89.59, 96
89.59, 96
89.59, 96
89.59, 96
90.01, 96
90.01, 96
90.01, 96
90.11, 96
90.11, 96
90.11, 96
90.14, 96
90.15, 96
90.15, 96
90.15, 96
90.15, 96
90.75, 96
90.75, 96
90.75, 96
90.76, 96
90.76, 96
90.76, 96
90.77, 96
90.77, 96
90.77, 96
90.77, 96
90.80, 96
90.83, 96
90.84, 96
90.84, 96
90.84, 96
90.84, 96
90.84, 96
90.84, 96
90.84, 96
90.84, 96
90.84, 96
90.84, 96
90.84, 96
90.85, 96
90.86, 96
90.86, 96
90.86, 96
90.86, 96
90.89, 96
90.90, 96
90.90, 96
90.90, 96
90.90, 96
91.08, 96
91.08, 96
91.08, 96
91.10, 96
91.11, 96
91.11, 96
91.12, 96
91.12, 96
91.12, 96
91.40, 96
91.56, 96
91.56, 96
91.56, 96
91.57, 96
91.57, 96
91.57, 96
91.57, 96
91.57, 96
91.57, 96
91.57, 96
91.62, 96
91.62, 96
91.63, 96
91.63, 96
91.63, 96
91.66, 96
92.00, 96
92.00, 96
92.00, 96
92.00, 96
92.01, 96
92.01, 96
92.01, 96
92.01, 96
92.08, 96
92.28, 96
92.28, 96
92.35, 96
92.35, 96
92.35, 96
92.38, 96
92.38, 96
92.38, 96
92.39, 96
92.40, 96
92.41, 96
92.45, 96
92.45, 96
92.45, 96
92.45, 96
92.45, 96
92.66, 96
92.66, 96
92.66, 96
92.66, 96
93.09, 96
93.09, 96
93.09, 96
93.46, 96
93.46, 96
93.47, 96
93.47, 96
93.47, 96
93.48, 96
93.49, 96
93.50, 96
93.50, 96
93.51, 96
93.51, 96
93.53, 96
93.53, 96
93.53, 96
93.54, 96
93.71, 96
93.74, 96
93.74, 96
93.75, 96
93.75, 96
93.75, 96
93.75, 96
93.92, 96
93.93, 96
93.96, 96
93.96, 96
93.96, 96
93.96, 96
93.96, 96
93.97, 96
94.32, 96
94.32, 96
94.35, 96
94.35, 96
94.36, 96
94.36, 96
94.36, 96
94.36, 96
94.67, 96
94.67, 96
94.67, 96
94.70, 96
94.70, 96
94.70, 96
94.73, 96
94.73, 96
94.73, 96
94.73, 96
94.73, 96
94.73, 96
94.74, 96
94.74, 96
94.79, 96
94.80, 96
94.80, 96
94.80, 96
94.80, 96
94.80, 96
94.80, 96
94.82, 96
94.82, 96
94.82, 96
94.89, 96
94.89, 96
94.89, 96
94.89, 96
94.89, 96
94.90, 96
94.90, 96
94.90, 96
94.90, 96
94.90, 96
94.90, 96
94.99, 96
94.99, 96
94.99, 96
95.02, 96
95.02, 96
95.02, 96
95.02, 96
95.04, 96
95.04, 96
95.04, 96
95.05, 96
95.05, 96
95.05, 96
95.05, 96
95.05, 96
95.05, 96
95.05, 96
95.05, 96
95.11, 96
95.12, 96
95.15, 96
95.15, 96
95.23, 96
95.23, 96
95.38, 96
95.38, 96
95.38, 96
95.38, 96
95.43, 96
95.43, 96
95.49, 96
95.50, 96
95.50, 96
95.50, 96
95.51, 96
95.51, 96
95.51, 96
95.51, 96
95.51, 96
95.53, 96
95.55, 96
95.55, 96
95.55, 96
95.64, 96
95.65, 96
95.65, 96
95.66, 96
95.66, 96
95.66, 96
95.66, 96
95.67, 96
95.67, 96
95.68, 96
95.68, 96
95.68, 96
95.73, 96
95.73, 96
95.73, 96
95.73, 96
95.73, 96
95.73, 96
95.80, 96
95.80, 96
95.80, 96
95.80, 96
95.80, 96
95.80, 96
95.85, 96
96.04, 96
96.04, 96
96.04, 96
96.17, 96
96.17, 96
96.17, 96
96.19, 96
96.37, 96
96.38, 96
96.38, 96
96.38, 96
96.38, 96
96.39, 96
96.70, 96
96.70, 96
96.70, 96
96.70, 96
96.70, 96
96.70, 96
96.77, 96
96.77, 96
96.77, 96
96.77, 96
96.77, 96
96.77, 96
96.77, 96
96.87, 96
96.87, 96
96.87, 96
96.92, 96
96.92, 96
96.92, 96
96.92, 96
97.21, 96
97.22, 96
97.50, 96
97.50, 96
97.51, 96
97.52, 96
97.52, 96
97.52, 96
97.62, 96
97.63, 96
97.63, 96
97.69, 96
97.70, 96
97.70, 96
97.70, 96
97.70, 96
97.70, 96
97.70, 96
97.70, 96
97.70, 96
97.71, 96
97.71, 96
97.71, 96
97.71, 96
97.73, 96
97.73, 96
97.73, 96
97.73, 96
97.73, 96
97.73, 96
97.85, 96
97.86, 96
97.86, 96
97.86, 96
97.86, 96
97.86, 96
97.87, 96
97.87, 96
97.87, 96
97.87, 96
97.88, 96
97.89, 96
97.89, 96
97.90, 96
97.90, 96
97.90, 96
97.90, 96
97.94, 96
97.94, 96
97.99, 96
97.99, 96
97.99, 96
98.22, 96
98.35, 96
98.35, 96
98.35, 96
98.35, 96
98.35, 96
98.42, 96
98.57, 96
98.78, 96
98.78, 96
98.78, 96
98.79, 96
98.79, 96
98.79, 96
98.79, 96
98.79, 96
98.94, 96
98.94, 96
98.94, 96
98.94, 96
98.94, 96
98.94, 96
98.95, 96
98.95, 96
98.95, 96
99.04, 96
99.04, 96
99.11, 96
99.11, 96
99.12, 96
99.12, 96
99.12, 96
99.21, 96
99.21, 96
99.21, 96
99.21, 96
99.35, 96
99.37, 96
99.38, 96
99.38, 96
99.71, 96
99.71, 96
99.73, 96
99.73, 96
99.73, 96
99.73, 96
99.80, 96
99.80, 96
99.80, 96
99.81, 96
99.93, 96
99.93, 96
99.93, 96
99.93, 96
99.94, 96
99.94, 96
99.94, 96
99.95, 96
99.95, 96
99.97, 96
99.97, 96
99.97, 96
99.98, 96
99.98, 96
99.98, 96
99.98, 96
99.98, 96
99.98, 96
99.98, 96
99.98, 96
99.98, 96
99.99, 96
99.99, 96
100.06, 96
100.06, 96
100.07, 96
100.07, 96
100.07, 96
100.07, 96
100.07, 96
100.07, 96
100.07, 96
100.07, 96
100.08, 96
100.08, 96
100.08, 96
100.08, 96
100.09, 96
100.09, 96
100.09, 96
100.09, 96
100.09, 96
100.33, 96
100.33, 96
100.33, 96
100.34, 96
100.34, 96
100.34, 96
100.34, 96
100.34, 96
100.34, 96
100.34, 96
100.35, 96
100.35, 96
100.35, 96
100.35, 96
100.35, 96
100.35, 96
100.35, 96
100.36, 96
100.36, 96
100.51, 96
100.55, 96
100.66, 96
100.66, 96
100.66, 96
100.67, 96
101.02, 96
101.02, 96
101.03, 96
101.07, 96
101.07, 96
101.10, 96
101.17, 96
101.17, 96
101.18, 96
101.18, 96
101.18, 96
101.26, 96
101.32, 96
101.33, 96
101.46, 96
101.46, 96
101.46, 96
101.57, 96
101.62, 96
101.65, 96
101.65, 96
101.65, 96
101.66, 96
101.66, 96
101.66, 96
101.66, 96
101.66, 96
101.67, 96
101.67, 96
101.69, 96
101.69, 96
101.69, 96
101.69, 96
101.69, 96
101.69, 96
101.92, 96
101.92, 96
101.92, 96
101.92, 96
101.93, 96
101.93, 96
101.93, 96
101.93, 96
101.94, 96
101.96, 96
101.96, 96
101.96, 96
101.96, 96
101.97, 96
101.98, 96
101.98, 96
101.98, 96
101.98, 96
101.98, 96
101.98, 96
101.98, 96
102.02, 96
102.05, 96
102.05, 96
102.05, 96
102.06, 96
102.06, 96
102.06, 96
102.06, 96
102.09, 96
102.09, 96
102.09, 96
102.09, 96
102.09, 96
102.09, 96
102.10, 96
102.10, 96
102.10, 96
102.11, 96
102.11, 96
102.11, 96
102.13, 96
102.13, 96
102.13, 96
102.13, 96
102.13, 96
102.13, 96
102.13, 96
102.14, 96
102.14, 96
102.15, 96
102.15, 96
102.16, 96
102.16, 96
102.17, 96
102.17, 96
102.17, 96
102.18, 96
102.28, 96
102.28, 96
102.29, 96
102.29, 96
102.29, 96
102.33, 96
102.34, 96
102.34, 96
102.34, 96
102.34, 96
102.34, 96
102.34, 96
102.35, 96
102.35, 96
102.49, 96
102.49, 96
102.82, 96
102.82, 96
102.82, 96
102.83, 96
102.83, 96
102.83, 96
102.83, 96
102.83, 96
102.83, 96
102.86, 96
102.86, 96
102.86, 96
102.86, 96
102.87, 96
102.87, 96
102.87, 96
102.87, 96
102.88, 96
102.88, 96
102.88, 96
102.89, 96
102.98, 96
102.98, 96
102.98, 96
102.98, 96
102.98, 96
102.98, 96
102.98, 96
102.99, 96
102.99, 96
102.99, 96
102.99, 96
103.23, 96
103.23, 96
103.23, 96
103.24, 96
103.24, 96
103.31, 96
103.31, 96
103.31, 96
103.41, 96
103.51, 96
103.52, 96
103.52, 96
103.52, 96
103.52, 96
103.52, 96
103.58, 96
103.60, 96
103.61, 96
103.61, 96
103.62, 96
103.62, 96
103.62, 96
103.62, 96
103.62, 96
103.62, 96
103.62, 96
103.97, 96
103.97, 96
103.98, 96
104.01, 96
104.13, 96
104.13, 96
104.13, 96
104.14, 96
104.14, 96
104.14, 96
104.15, 96
104.15, 96
104.15, 96
104.15, 96
104.17, 96
104.18, 96
104.18, 96
104.18, 96
104.18, 96
104.19, 96
104.19, 96
104.19, 96
104.19, 96
104.22, 96
104.65, 96
104.65, 96
104.69, 96
104.69, 96
104.69, 96
104.69, 96
104.69, 96
104.79, 96
104.82, 96
104.83, 96
105.02, 96
105.02, 96
105.03, 96
105.24, 96
105.24, 96
105.24, 96
105.24, 96
105.32, 96
105.32, 96
105.33, 96
105.50, 96
105.50, 96
105.50, 96
105.51, 96
105.51, 96
105.51, 96
105.51, 96
105.51, 96
105.51, 96
105.65, 96
105.67, 96
105.68, 96
105.69, 96
105.69, 96
105.73, 96
105.73, 96
105.73, 96
105.73, 96
105.74, 96
105.74, 96
105.76, 96
105.76, 96
105.76, 96
105.77, 96
105.77, 96
105.78, 96
105.78, 96
105.78, 96
105.91, 96
105.91, 96
105.92, 96
106.01, 96
106.05, 96
106.05, 96
106.13, 96
106.13, 96
106.13, 96
106.28, 96
106.28, 96
106.29, 96
106.39, 96
106.39, 96
106.39, 96
106.52, 96
106.52, 96
106.62, 96
106.62, 96
106.73, 96
106.81, 96
106.81, 96
107.18, 96
107.18, 96
107.36, 96
107.36, 96
107.37, 96
107.37, 96
107.37, 96
107.37, 96
107.37, 96
107.44, 96
107.44, 96
107.44, 96
107.44, 96
107.45, 96
107.49, 96
107.68, 96
107.68, 96
107.68, 96
107.68, 96
107.68, 96
107.73, 96
107.73, 96
107.74, 96
107.74, 96
107.79, 96
107.79, 96
107.79, 96
107.85, 96
108.19, 96
108.25, 96
108.27, 96
108.27, 96
108.27, 96
108.27, 96
108.27, 96
108.27, 96
108.27, 96
108.32, 96
108.32, 96
108.32, 96
108.32, 96
108.36, 96
108.36, 96
108.36, 96
108.36, 96
108.36, 96
108.37, 96
108.37, 96
108.46, 96
108.46, 96
108.48, 96
108.50, 96
108.50, 96
108.64, 96
108.66, 96
108.66, 96
108.66, 96
108.66, 96
108.66, 96
108.79, 96
108.90, 96
108.90, 96
108.90, 96
108.90, 96
108.91, 96
108.99, 96
108.99, 96
108.99, 96
108.99, 96
109.00, 96
109.00, 96
109.01, 96
109.02, 96
109.02, 96
109.02, 96
109.02, 96
109.13, 96
109.22, 96
109.35, 96
109.36, 96
109.52, 96
109.56, 96
109.56, 96
109.56, 96
109.57, 96
109.57, 96
109.57, 96
109.57, 96
109.57, 96
109.57, 96
109.64, 96
109.65, 96
109.65, 96
109.65, 96
109.65, 96
109.65, 96
109.65, 96
109.65, 96
109.65, 96
109.68, 96
109.68, 96
109.68, 96
109.68, 96
109.68, 96
109.68, 96
109.68, 96
109.68, 96
109.69, 96
109.69, 96
109.69, 96
109.69, 96
109.69, 96
109.70, 96
109.70, 96
109.70, 96
109.75, 96
109.79, 96
109.79, 96
109.80, 96
109.82, 96
109.87, 96
109.87, 96
109.90, 96
109.90, 96
109.90, 96
110.00, 96
110.00, 96
110.00, 96
110.00, 96
110.01, 96
110.02, 96
110.02, 96
110.11, 96
110.11, 96
110.11, 96
110.11, 96
110.13, 96
110.13, 96
110.14, 96
110.20, 96
110.44, 96
110.44, 96
110.45, 96
110.45, 96
110.45, 96
110.48, 96
110.48, 96
110.48, 96
110.54, 96
110.54, 96
110.55, 96
110.58, 96
110.58, 96
110.58, 96
110.58, 96
110.96, 96
110.96, 96
110.96, 96
110.96, 96
110.96, 96
110.97, 96
110.97, 96
111.33, 96
111.33, 96
111.41, 96
111.41, 96
111.41, 96
111.41, 96
111.61, 96
111.61, 96
111.62, 96
111.62, 96
111.68, 96
111.69, 96
111.74, 96
111.74, 96
111.74, 96
111.74, 96
111.75, 96
111.75, 96
111.75, 96
111.75, 96
111.75, 96
111.76, 96
111.76, 96
111.76, 96
111.91, 96
111.91, 96
111.91, 96
111.91, 96
111.91, 96
111.91, 96
111.92, 96
111.92, 96
111.92, 96
111.92, 96
111.95, 96
111.96, 96
111.96, 96
111.99, 96
111.99, 96
112.03, 96
112.03, 96
112.04, 96
112.04, 96
112.04, 96
112.04, 96
112.05, 96
112.35, 96
112.35, 96
112.54, 96
112.55, 96
112.60, 96
112.68, 96
112.68, 96
112.68, 96
112.70, 96
112.70, 96
112.70, 96
112.70, 96
112.92, 96
112.92, 96
112.93, 96
113.01, 96
113.01, 96
113.01, 96
113.04, 96
113.09, 96
113.13, 96
113.13, 96
113.13, 96
113.13, 96
114.02, 96
114.07, 96
114.07, 96
114.07, 96
114.32, 96
114.32, 96
114.33, 96
114.38, 96
114.38, 96
114.85, 96
114.85, 96
115.00, 96
115.01, 96
115.01, 96
115.01, 96
115.01, 96
115.01, 96
115.01, 96
115.05, 96
115.07, 96
115.07, 96
115.07, 96
115.07, 96
115.09, 96
115.09, 96
115.18, 96
115.19, 96
115.19, 96
115.37, 96
115.37, 96
115.39, 96
115.39, 96
115.40, 96
115.40, 96
115.40, 96
115.40, 96
115.41, 96
115.41, 96
115.44, 96
115.54, 96
115.54, 96
115.55, 96
115.55, 96
115.57, 96
115.57, 96
115.58, 96
115.58, 96
115.58, 96
115.58, 96
115.58, 96
115.58, 96
115.58, 96
115.58, 96
115.59, 96
115.59, 96
115.59, 96
115.60, 96
115.60, 96
115.60, 96
115.69, 96
115.69, 96
115.69, 96
115.69, 96
115.69, 96
115.69, 96
115.69, 96
115.70, 96
115.70, 96
115.70, 96
115.70, 96
115.70, 96
115.83, 96
115.83, 96
115.83, 96
115.84, 96
115.84, 96
115.84, 96
115.84, 96
115.84, 96
115.84, 96
115.84, 96
115.85, 96
115.85, 96
115.85, 96
115.85, 96
115.85, 96
115.85, 96
115.85, 96
115.85, 96
115.85, 96
115.89, 96
115.90, 96
115.90, 96
115.90, 96
115.91, 96
115.91, 96
116.23, 96
116.23, 96
116.23, 96
116.49, 96
116.50, 96
116.50, 96
116.50, 96
116.51, 96
116.51, 96
116.51, 96
116.51, 96
116.51, 96
116.51, 96
116.51, 96
116.52, 96
116.52, 96
116.56, 96
116.57, 96
116.57, 96
116.57, 96
116.57, 96
116.57, 96
116.57, 96
116.57, 96
116.58, 96
117.79, 96
117.80, 96
117.83, 96
117.83, 96
117.83, 96
117.94, 96
117.94, 96
117.94, 96
117.95, 96
118.20, 96
118.21, 96
118.21, 96
118.22, 96
118.22, 96
118.28, 96
118.28, 96
118.51, 96
118.52, 96
118.52, 96
118.52, 96
118.52, 96
118.52, 96
118.52, 96
118.52, 96
118.52, 96
119.11, 96
119.11, 96
119.11, 96
119.11, 96
119.11, 96
119.11, 96
119.12, 96
119.12, 96
119.12, 96
119.12, 96
119.12, 96
119.12, 96
119.12, 96
119.13, 96
119.13, 96
119.17, 96
119.17, 96
119.19, 96
119.20, 96
119.43, 96
119.44, 96
119.44, 96
119.44, 96
119.44, 96
119.44, 96
119.44, 96
119.50, 96
119.50, 96
119.50, 96
119.50, 96
119.50, 96
119.51, 96
119.53, 96
119.53, 96
119.72, 96
119.72, 96
119.72, 96
119.80, 96
119.80, 96
119.92, 96
119.99, 96
