0.25, 165
0.28, 164
0.30, 164
0.33, 164
0.36, 164
0.39, 164
0.43, 164
0.46, 164
0.51, 164
0.55, 163
0.58, 162
1.13, 162
1.17, 162
1.23, 162
1.27, 162
1.30, 162
1.34, 162
1.37, 162
1.41, 162
1.44, 162
1.47, 162
1.49, 162
1.52, 162
1.56, 162
1.59, 162
1.63, 162
1.66, 162
1.69, 161
1.72, 161
1.75, 161
1.78, 161
2.91, 161
2.94, 161
2.97, 161
3.01, 161
3.59, 161
3.62, 161
4.44, 161
4.47, 161
4.50, 161
4.64, 161
4.68, 161
4.71, 161
4.74, 161
4.78, 161
4.81, 161
4.84, 161
4.88, 161
4.91, 161
4.95, 161
4.98, 161
5.01, 161
5.04, 161
5.07, 161
5.10, 161
5.14, 161
5.17, 161
5.20, 161
5.65, 161
5.67, 161
7.08, 160
7.11, 160
7.15, 160
7.19, 160
7.47, 160
7.51, 160
7.54, 160
7.57, 160
7.60, 160
7.64, 160
11.95, 160
11.99, 160
12.02, 160
12.06, 160
12.09, 160
12.13, 160
12.16, 160
12.19, 160
12.22, 160
12.25, 160
12.28, 160
12.31, 160
12.35, 160
14.47, 160
14.50, 160
14.59, 160
14.62, 160
14.65, 160
14.68, 160
16.95, 160
16.98, 160
17.02, 160
17.05, 160
17.08, 160
17.11, 160
17.14, 160
17.17, 160
17.20, 160
17.24, 160
17.28, 160
17.32, 160
17.38, 160
17.41, 160
17.76, 160
17.79, 160
17.82, 160
17.85, 160
17.97, 160
18.01, 160
18.05, 160
22.02, 160
22.06, 160
22.09, 160
23.49, 160
23.52, 160
23.54, 160
23.58, 160
23.61, 160
23.63, 160
23.66, 160
23.69, 160
23.72, 160
23.76, 160
23.79, 160
23.81, 160
23.85, 160
23.87, 160
23.91, 160
26.40, 160
26.42, 160
26.46, 160
26.50, 160
26.53, 160
26.56, 160
26.59, 160
26.62, 160
26.65, 160
26.69, 160
26.71, 160
26.74, 160
26.77, 160
26.81, 160
26.85, 160
26.87, 160
26.90, 160
26.93, 160
26.96, 160
26.99, 160
27.01, 160
27.04, 160
27.07, 160
27.10, 160
27.13, 160
27.38, 160
34.09, 160
34.13, 160
34.16, 160
34.19, 160
34.23, 160
34.27, 160
34.31, 160
34.35, 160
34.38, 160
34.42, 160
34.45, 160
34.48, 160
34.51, 160
56.16, 160
56.19, 160
56.22, 160
56.26, 160
69.91, 160
69.95, 160
69.98, 160
70.12, 160
70.15, 160
70.18, 160
70.22, 160
70.25, 160
70.28, 160
70.32, 160
70.35, 160
70.39, 160
70.42, 160
70.45, 160
70.48, 160
70.51, 160
70.54, 160
70.57, 160
70.60, 160
70.63, 160
70.66, 160
70.69, 160
70.72, 160
70.76, 160
71.73, 160
71.76, 160
71.78, 160
71.81, 160
71.84, 160
71.88, 160
71.90, 160
71.94, 160
71.96, 160
71.99, 160
72.03, 160
72.05, 160
72.08, 160
72.12, 160
72.15, 160
75.95, 160
75.98, 160
76.02, 160
76.04, 160
76.08, 160
76.10, 160
76.14, 160
76.16, 160
76.19, 160
76.22, 160
77.57, 160
77.60, 160
77.63, 160
77.67, 160
77.71, 160
77.75, 160
77.78, 160
77.81, 160
77.84, 160
77.87, 160
77.90, 160
77.93, 160
77.96, 160
77.99, 160
78.02, 160
78.56, 160
78.59, 160
78.62, 160
78.65, 160
78.68, 160
78.71, 160
78.73, 160
78.77, 160
78.79, 160
78.82, 160
78.99, 160
79.02, 160
79.04, 160
79.07, 160
90.00, 160
90.04, 160
90.07, 160
90.09, 160
90.12, 160
90.15, 160
90.18, 160
90.25, 160
90.28, 160
90.30, 160
90.34, 160
91.27, 160
91.30, 160
91.33, 160
91.35, 160
91.60, 160
91.69, 160
91.72, 160
91.75, 160
91.78, 160
91.82, 160
91.86, 160
91.88, 160
91.90, 160
91.93, 160
93.84, 160
93.87, 160
93.90, 160
93.94, 160
93.97, 160
94.01, 160
94.04, 160
94.07, 160
94.10, 160
94.13, 160
94.17, 160
94.20, 160
94.23, 160
94.29, 160
94.31, 160
101.12, 160
101.15, 160
101.18, 160
101.21, 160
101.24, 160
101.26, 160
102.42, 160
102.45, 160
102.59, 160
102.63, 160
102.66, 160
102.69, 160
102.72, 160
102.76, 160
102.79, 160
102.83, 160
102.86, 160
102.89, 160
102.92, 160
102.95, 160
102.98, 160
103.01, 160
103.04, 160
103.06, 160
103.09, 160
103.12, 160
103.14, 160
103.18, 160
103.21, 160
103.24, 160
103.27, 160
103.29, 160
103.33, 160
103.36, 160
103.39, 160
103.42, 160
118.02, 160
118.06, 160
118.09, 160
118.12, 160
118.16, 160
118.38, 160
118.41, 160
118.44, 160
118.47, 160
118.50, 160
118.53, 160
118.56, 160
118.59, 160
118.62, 160
118.66, 160
118.69, 160
118.73, 160
118.76, 160
118.79, 160
118.82, 160
118.85, 160
118.88, 160
118.90, 160
118.93, 160
118.96, 160
118.99, 160
119.02, 160
119.05, 160
119.08, 160
119.11, 160
119.14, 160
119.18, 160
119.21, 160
119.25, 160
121.76, 160
121.79, 160
124.42, 160
124.45, 160
124.49, 160
124.51, 160
124.54, 160
124.57, 160
124.61, 160
124.64, 160
124.66, 160
124.69, 160
124.73, 160
124.76, 160
124.79, 160
124.81, 160
124.83, 160
124.86, 160
124.89, 160
124.92, 160
124.95, 160
124.98, 160
125.01, 160
125.04, 160
125.08, 160
125.11, 160
125.14, 160
125.18, 160
125.21, 160
127.61, 160
129.25, 160
129.28, 160
129.31, 160
129.34, 160
129.37, 160
129.39, 160
129.42, 160
129.60, 160
129.63, 160
129.66, 160
129.70, 160
129.73, 160
129.76, 160
129.79, 160
130.07, 160
130.10, 160
130.13, 160
130.17, 160
130.20, 160
130.23, 160
130.27, 160
130.30, 160
130.33, 160
130.36, 160
130.39, 160
130.43, 160
130.45, 160
130.49, 160
130.52, 160
130.55, 160
130.58, 160
130.60, 160
130.64, 160
130.67, 160
130.71, 160
130.74, 160
130.77, 160
130.80, 160
131.51, 160
131.54, 160
131.57, 160
131.60, 160
131.65, 160
131.68, 160
131.71, 160
131.74, 160
131.77, 160
131.80, 160
131.83, 160
131.86, 160
131.90, 160
134.84, 160
150.64, 160
150.68, 160
151.26, 160
151.29, 160
151.48, 160
151.51, 160
151.55, 160
151.58, 160
151.62, 160
151.65, 160
151.68, 160
151.70, 160
151.73, 160
151.75, 160
151.78, 160
151.82, 160
153.32, 160
153.35, 160
153.38, 160
153.41, 160
153.44, 160
153.47, 160
153.50, 160
153.53, 160
153.56, 160
153.59, 160
153.62, 160
171.77, 160
171.80, 160
172.17, 160
172.21, 160
172.23, 160
172.26, 160
172.29, 160
172.32, 160
172.43, 160
172.47, 160
172.50, 160
172.54, 160
172.57, 160
172.60, 160
172.63, 160
172.66, 160
172.68, 160
172.71, 160
174.34, 160
174.37, 160
174.40, 160
174.42, 160
174.54, 160
174.57, 160
174.61, 160
174.64, 160
174.69, 160
174.72, 160
174.75, 160
174.78, 160
174.81, 160
174.84, 160
174.87, 160
174.89, 160
174.92, 160
174.95, 160
174.98, 160
175.01, 160
175.04, 160
175.08, 160
175.11, 160
175.15, 160
175.17, 160
175.20, 160
175.24, 160
175.28, 160
175.31, 160
175.35, 160
175.38, 160
175.42, 160
175.45, 160
176.00, 160
176.02, 160
176.06, 160
176.09, 160
176.11, 160
176.14, 160
176.16, 160
176.23, 160
176.25, 160
176.28, 160
176.31, 160
176.35, 160
176.37, 160
178.21, 160
178.25, 160
178.28, 160
178.32, 160
178.35, 160
178.39, 160
178.42, 160
178.45, 160
178.48, 160
178.52, 160
178.55, 160
178.58, 160
178.71, 160
178.74, 160
178.78, 160
178.81, 160
178.85, 160
178.88, 160
178.91, 160
178.94, 160
179.34, 160
