0.24, 165
0.27, 164
0.29, 164
0.33, 164
0.35, 164
0.38, 164
0.41, 164
0.44, 164
0.48, 164
0.52, 163
0.55, 162
1.01, 162
1.04, 162
1.10, 162
1.13, 162
1.16, 162
1.18, 162
1.22, 162
1.25, 162
1.27, 162
1.30, 162
1.32, 162
1.35, 162
1.38, 162
1.42, 162
1.45, 162
1.48, 162
1.51, 161
1.55, 161
1.57, 161
1.60, 161
2.63, 161
2.66, 161
2.68, 161
2.71, 161
3.24, 161
3.26, 161
3.98, 161
4.02, 161
4.04, 161
4.17, 161
4.19, 161
4.22, 161
4.25, 161
4.28, 161
4.31, 161
4.33, 161
4.36, 161
4.39, 161
4.43, 161
4.45, 161
4.48, 161
4.51, 161
4.53, 161
4.56, 161
4.59, 161
4.62, 161
4.65, 161
5.03, 161
5.06, 161
6.29, 160
6.31, 160
6.35, 160
6.38, 160
6.61, 160
6.64, 160
6.68, 160
6.70, 160
6.73, 160
6.76, 160
13.95, 160
14.08, 160
14.21, 160
14.35, 160
14.48, 160
14.59, 160
14.71, 160
14.81, 160
14.93, 160
15.05, 160
15.16, 160
15.26, 160
15.38, 160
21.28, 160
21.34, 160
21.56, 160
21.63, 160
21.70, 160
21.77, 160
26.47, 160
26.53, 160
26.60, 160
26.66, 160
26.71, 160
26.76, 160
26.82, 160
26.88, 160
26.93, 160
26.99, 160
27.07, 160
27.13, 160
27.24, 160
27.30, 160
27.93, 160
27.99, 160
28.04, 160
28.10, 160
28.31, 160
28.38, 160
28.44, 160
35.21, 160
35.27, 160
35.33, 160
37.51, 160
37.56, 160
37.59, 160
37.64, 160
37.68, 160
37.72, 160
37.78, 160
37.83, 160
37.88, 160
37.93, 160
37.98, 160
38.02, 160
38.07, 160
38.11, 160
38.17, 160
42.11, 160
42.15, 160
42.21, 160
42.27, 160
42.33, 160
42.36, 160
42.41, 160
42.46, 160
42.51, 160
42.56, 160
42.60, 160
42.65, 160
42.70, 160
42.75, 160
42.81, 160
42.85, 160
42.89, 160
42.94, 160
43.00, 160
43.04, 160
43.09, 160
43.12, 160
43.17, 160
43.22, 160
43.26, 160
43.66, 160
434.51, 160
434.55, 160
434.58, 160
434.63, 160
434.67, 160
434.71, 160
434.74, 160
434.78, 160
434.83, 160
434.89, 160
434.93, 160
434.98, 160
435.02, 160
460.62, 160
460.64, 160
460.67, 160
460.70, 160
472.88, 160
472.91, 160
472.94, 160
473.07, 160
473.09, 160
473.12, 160
473.15, 160
473.18, 160
473.21, 160
473.24, 160
473.27, 160
473.30, 160
473.32, 160
473.35, 160
473.38, 160
473.40, 160
473.43, 160
473.46, 160
473.48, 160
473.51, 160
473.53, 160
473.56, 160
473.59, 160
473.62, 160
474.50, 160
474.52, 160
474.55, 160
474.57, 160
474.60, 160
474.63, 160
474.66, 160
474.69, 160
474.71, 160
474.74, 160
474.77, 160
474.80, 160
474.82, 160
474.85, 160
474.88, 160
478.25, 160
478.28, 160
478.31, 160
478.33, 160
478.36, 160
478.38, 160
478.41, 160
478.43, 160
478.45, 160
478.48, 160
479.74, 160
479.76, 160
479.79, 160
479.82, 160
479.86, 160
479.89, 160
479.91, 160
479.94, 160
479.97, 160
480.00, 160
480.02, 160
480.05, 160
480.08, 160
480.11, 160
480.13, 160
480.59, 160
480.62, 160
480.64, 160
480.67, 160
480.69, 160
480.72, 160
480.74, 160
480.77, 160
480.80, 160
480.83, 160
480.97, 160
481.00, 160
481.03, 160
481.06, 160
490.73, 160
490.76, 160
490.79, 160
490.81, 160
490.83, 160
490.87, 160
490.90, 160
490.95, 160
490.98, 160
491.01, 160
491.04, 160
491.85, 160
491.88, 160
491.91, 160
491.94, 160
492.16, 160
492.24, 160
492.27, 160
492.30, 160
492.32, 160
492.35, 160
492.39, 160
492.42, 160
492.44, 160
492.46, 160
494.10, 160
494.14, 160
494.17, 160
494.19, 160
494.23, 160
494.26, 160
494.28, 160
494.32, 160
494.35, 160
494.37, 160
494.40, 160
494.43, 160
494.46, 160
494.51, 160
494.53, 160
501.19, 160
501.21, 160
501.25, 160
501.27, 160
501.30, 160
501.33, 160
502.48, 160
502.52, 160
502.66, 160
502.69, 160
502.72, 160
502.75, 160
502.78, 160
502.81, 160
502.85, 160
502.88, 160
502.90, 160
502.93, 160
502.96, 160
502.98, 160
503.02, 160
503.05, 160
503.08, 160
503.11, 160
503.14, 160
503.17, 160
503.20, 160
503.23, 160
503.26, 160
503.29, 160
503.32, 160
503.35, 160
503.38, 160
503.42, 160
503.44, 160
503.48, 160
518.39, 160
518.42, 160
518.45, 160
518.48, 160
518.51, 160
518.73, 160
518.76, 160
518.79, 160
518.82, 160
518.85, 160
518.88, 160
518.91, 160
518.94, 160
518.97, 160
519.00, 160
519.03, 160
519.07, 160
519.10, 160
519.14, 160
519.17, 160
519.20, 160
519.23, 160
519.25, 160
519.28, 160
519.31, 160
519.34, 160
519.38, 160
519.41, 160
519.44, 160
519.47, 160
519.50, 160
519.54, 160
519.57, 160
519.61, 160
522.22, 160
522.25, 160
524.90, 160
524.93, 160
524.96, 160
524.99, 160
525.02, 160
525.04, 160
525.08, 160
525.11, 160
525.13, 160
525.17, 160
525.20, 160
525.23, 160
525.26, 160
525.28, 160
525.31, 160
525.34, 160
525.38, 160
525.41, 160
525.44, 160
525.47, 160
525.50, 160
525.53, 160
525.57, 160
525.60, 160
525.63, 160
525.68, 160
525.71, 160
528.07, 160
529.74, 160
529.78, 160
529.81, 160
529.84, 160
529.86, 160
529.89, 160
529.93, 160
530.11, 160
530.14, 160
530.17, 160
530.21, 160
530.24, 160
530.27, 160
530.30, 160
530.61, 160
530.65, 160
530.67, 160
530.70, 160
530.74, 160
530.76, 160
530.79, 160
530.82, 160
530.86, 160
530.89, 160
530.92, 160
530.95, 160
530.98, 160
531.02, 160
531.05, 160
531.08, 160
531.10, 160
531.14, 160
531.16, 160
531.20, 160
531.23, 160
531.26, 160
531.30, 160
531.32, 160
532.02, 160
532.06, 160
532.09, 160
532.13, 160
532.17, 160
532.20, 160
532.23, 160
532.25, 160
532.28, 160
532.31, 160
532.34, 160
532.37, 160
532.41, 160
535.25, 160
