0.27, 165
0.30, 164
0.33, 164
0.36, 164
0.39, 164
0.42, 164
0.46, 164
0.48, 164
0.54, 164
0.57, 163
0.60, 162
1.15, 162
1.18, 162
1.24, 162
1.28, 162
1.31, 162
1.34, 162
1.38, 162
1.41, 162
1.44, 162
1.48, 162
1.51, 162
1.54, 162
1.57, 162
1.60, 162
1.64, 162
1.67, 162
1.71, 161
1.75, 161
1.78, 161
1.81, 161
3.02, 161
3.06, 161
3.09, 161
3.12, 161
3.75, 161
3.77, 161
4.63, 161
4.66, 161
4.69, 161
4.84, 161
4.88, 161
4.91, 161
4.94, 161
4.98, 161
5.02, 161
5.05, 161
5.09, 161
5.12, 161
5.16, 161
5.19, 161
5.22, 161
5.25, 161
5.29, 161
5.32, 161
5.35, 161
5.38, 161
5.42, 161
5.87, 161
5.89, 161
7.30, 160
7.34, 160
7.38, 160
7.42, 160
7.70, 160
7.74, 160
7.77, 160
7.80, 160
7.83, 160
7.87, 160
12.07, 160
12.11, 160
12.14, 160
12.17, 160
12.20, 160
12.23, 160
12.26, 160
12.29, 160
12.32, 160
12.35, 160
12.38, 160
12.41, 160
12.44, 160
14.55, 160
14.58, 160
14.68, 160
14.71, 160
14.74, 160
14.77, 160
17.06, 160
17.09, 160
17.12, 160
17.16, 160
17.18, 160
17.21, 160
17.24, 160
17.28, 160
17.31, 160
17.35, 160
17.40, 160
17.44, 160
17.50, 160
17.53, 160
17.87, 160
17.91, 160
17.93, 160
17.97, 160
18.07, 160
18.11, 160
18.15, 160
22.22, 160
22.26, 160
22.30, 160
23.73, 160
23.75, 160
23.78, 160
23.82, 160
23.84, 160
23.87, 160
23.91, 160
23.95, 160
23.98, 160
24.02, 160
24.05, 160
24.08, 160
24.11, 160
24.14, 160
24.17, 160
26.79, 160
26.81, 160
26.86, 160
26.90, 160
26.94, 160
26.96, 160
26.99, 160
27.02, 160
27.06, 160
27.09, 160
27.12, 160
27.15, 160
27.19, 160
27.22, 160
27.26, 160
27.28, 160
27.32, 160
27.35, 160
27.38, 160
27.41, 160
27.44, 160
27.47, 160
27.49, 160
27.53, 160
27.56, 160
27.81, 160
34.51, 160
34.54, 160
34.57, 160
34.60, 160
34.64, 160
34.67, 160
34.71, 160
34.75, 160
34.78, 160
34.82, 160
34.85, 160
34.89, 160
34.92, 160
56.87, 160
56.90, 160
56.93, 160
56.96, 160
70.51, 160
70.54, 160
70.57, 160
70.72, 160
70.75, 160
70.79, 160
70.82, 160
70.85, 160
70.89, 160
70.91, 160
70.95, 160
70.98, 160
71.01, 160
71.04, 160
71.08, 160
71.10, 160
71.13, 160
71.16, 160
71.19, 160
71.22, 160
71.24, 160
71.27, 160
71.31, 160
71.34, 160
72.34, 160
72.38, 160
72.41, 160
72.44, 160
72.47, 160
72.50, 160
72.53, 160
72.56, 160
72.60, 160
72.63, 160
72.66, 160
72.69, 160
72.72, 160
72.75, 160
72.79, 160
76.71, 160
76.74, 160
76.77, 160
76.81, 160
76.84, 160
76.86, 160
76.89, 160
76.92, 160
76.94, 160
76.97, 160
78.37, 160
78.40, 160
78.44, 160
78.47, 160
78.51, 160
78.54, 160
78.57, 160
78.60, 160
78.64, 160
78.67, 160
78.71, 160
78.74, 160
78.77, 160
78.81, 160
78.83, 160
79.37, 160
79.40, 160
79.43, 160
79.46, 160
79.50, 160
79.53, 160
79.56, 160
79.59, 160
79.62, 160
79.65, 160
79.83, 160
79.86, 160
79.89, 160
79.92, 160
90.68, 160
90.71, 160
90.74, 160
90.76, 160
90.79, 160
90.83, 160
90.86, 160
90.93, 160
90.96, 160
90.99, 160
91.02, 160
91.92, 160
91.95, 160
91.98, 160
92.01, 160
92.25, 160
92.34, 160
92.37, 160
92.40, 160
92.44, 160
92.47, 160
92.51, 160
92.54, 160
92.56, 160
92.59, 160
94.38, 160
94.41, 160
94.44, 160
94.47, 160
94.50, 160
94.53, 160
94.57, 160
94.60, 160
94.62, 160
94.66, 160
94.69, 160
94.72, 160
94.75, 160
94.82, 160
94.84, 160
102.09, 160
102.12, 160
102.15, 160
102.18, 160
102.20, 160
102.23, 160
103.47, 160
103.51, 160
103.66, 160
103.70, 160
103.73, 160
103.77, 160
103.80, 160
103.83, 160
103.87, 160
103.90, 160
103.93, 160
103.96, 160
104.00, 160
104.02, 160
104.06, 160
104.10, 160
104.13, 160
104.15, 160
104.19, 160
104.21, 160
104.24, 160
104.28, 160
104.31, 160
104.34, 160
104.36, 160
104.39, 160
104.43, 160
104.46, 160
104.49, 160
104.52, 160
119.23, 160
119.27, 160
119.30, 160
119.33, 160
119.36, 160
119.58, 160
119.61, 160
119.64, 160
119.67, 160
119.70, 160
119.72, 160
119.76, 160
119.79, 160
119.82, 160
119.85, 160
119.89, 160
119.93, 160
119.96, 160
120.00, 160
120.02, 160
120.05, 160
120.08, 160
120.10, 160
120.13, 160
120.16, 160
120.19, 160
120.22, 160
120.25, 160
120.27, 160
120.31, 160
120.34, 160
120.37, 160
120.40, 160
120.43, 160
122.97, 160
123.01, 160
125.71, 160
125.74, 160
125.78, 160
125.81, 160
125.84, 160
125.87, 160
125.91, 160
125.94, 160
125.97, 160
126.00, 160
126.04, 160
126.06, 160
126.09, 160
126.12, 160
126.15, 160
126.18, 160
126.22, 160
126.25, 160
126.28, 160
126.31, 160
126.35, 160
126.38, 160
126.40, 160
126.43, 160
126.47, 160
126.51, 160
126.55, 160
129.02, 160
130.72, 160
130.75, 160
130.78, 160
130.81, 160
130.84, 160
130.86, 160
130.90, 160
131.08, 160
131.10, 160
131.14, 160
131.18, 160
131.21, 160
131.24, 160
131.26, 160
131.56, 160
131.59, 160
131.62, 160
131.65, 160
131.70, 160
131.73, 160
131.77, 160
131.80, 160
131.83, 160
131.87, 160
131.90, 160
131.93, 160
131.95, 160
131.99, 160
132.02, 160
132.05, 160
132.08, 160
132.12, 160
132.15, 160
132.19, 160
132.22, 160
132.26, 160
132.28, 160
132.31, 160
133.04, 160
133.07, 160
133.11, 160
133.14, 160
133.18, 160
133.21, 160
133.24, 160
133.27, 160
133.30, 160
133.33, 160
133.36, 160
133.40, 160
133.43, 160
136.33, 160
152.18, 160
152.21, 160
152.84, 160
152.88, 160
153.06, 160
153.09, 160
153.12, 160
153.16, 160
153.20, 160
153.24, 160
153.27, 160
153.29, 160
153.32, 160
153.35, 160
153.39, 160
153.42, 160
155.02, 160
155.05, 160
155.08, 160
155.12, 160
155.14, 160
155.17, 160
155.21, 160
155.24, 160
155.27, 160
155.30, 160
155.33, 160
173.61, 160
173.64, 160
173.99, 160
174.03, 160
174.06, 160
174.08, 160
174.11, 160
174.14, 160
174.26, 160
174.30, 160
174.33, 160
174.36, 160
174.39, 160
174.42, 160
174.45, 160
174.48, 160
174.52, 160
174.54, 160
176.19, 160
176.23, 160
176.26, 160
176.28, 160
176.40, 160
176.43, 160
176.46, 160
176.49, 160
176.55, 160
176.58, 160
176.61, 160
176.64, 160
176.67, 160
176.70, 160
176.74, 160
176.76, 160
176.79, 160
176.83, 160
176.86, 160
176.89, 160
176.91, 160
176.95, 160
176.98, 160
177.02, 160
177.04, 160
177.07, 160
177.11, 160
177.15, 160
177.18, 160
177.21, 160
177.25, 160
177.28, 160
177.31, 160
177.91, 160
177.94, 160
177.98, 160
178.01, 160
178.04, 160
178.06, 160
178.10, 160
178.16, 160
178.19, 160
178.22, 160
178.25, 160
178.29, 160
178.33, 160
