0.27, 165
0.30, 164
0.33, 164
0.36, 164
0.38, 164
0.41, 164
0.45, 164
0.48, 164
0.53, 164
0.56, 163
0.59, 162
1.15, 162
1.18, 162
1.24, 162
1.27, 162
1.30, 162
1.33, 162
1.36, 162
1.39, 162
1.42, 162
1.45, 162
1.48, 162
1.51, 162
1.55, 162
1.57, 162
1.60, 162
1.64, 162
1.67, 161
1.70, 161
1.73, 161
1.76, 161
2.88, 161
2.91, 161
2.95, 161
2.97, 161
3.57, 161
3.59, 161
4.40, 161
4.44, 161
4.47, 161
4.62, 161
4.65, 161
4.68, 161
4.71, 161
4.74, 161
4.78, 161
4.81, 161
4.84, 161
4.88, 161
4.91, 161
4.94, 161
4.97, 161
4.99, 161
5.02, 161
5.05, 161
5.08, 161
5.12, 161
5.16, 161
5.61, 161
5.63, 161
7.01, 160
7.04, 160
7.08, 160
7.12, 160
7.38, 160
7.41, 160
7.44, 160
7.47, 160
7.50, 160
7.54, 160
11.79, 160
11.82, 160
11.85, 160
11.89, 160
11.93, 160
11.96, 160
11.99, 160
12.02, 160
12.05, 160
12.08, 160
12.11, 160
12.14, 160
12.17, 160
14.21, 160
14.24, 160
14.32, 160
14.36, 160
14.38, 160
14.41, 160
16.64, 160
16.67, 160
16.71, 160
16.74, 160
16.77, 160
16.80, 160
16.83, 160
16.87, 160
16.90, 160
16.94, 160
16.97, 160
17.01, 160
17.07, 160
17.10, 160
17.44, 160
17.47, 160
17.50, 160
17.53, 160
17.64, 160
17.68, 160
17.72, 160
21.63, 160
21.67, 160
21.70, 160
23.06, 160
23.09, 160
23.12, 160
23.15, 160
23.18, 160
23.21, 160
23.24, 160
23.27, 160
23.30, 160
23.34, 160
23.37, 160
23.39, 160
23.42, 160
23.46, 160
23.49, 160
26.02, 160
26.05, 160
26.09, 160
26.13, 160
26.16, 160
26.19, 160
26.21, 160
26.25, 160
26.28, 160
26.31, 160
26.34, 160
26.37, 160
26.41, 160
26.44, 160
26.48, 160
26.50, 160
26.54, 160
26.57, 160
26.60, 160
26.63, 160
26.66, 160
26.68, 160
26.71, 160
26.75, 160
26.77, 160
27.03, 160
33.70, 160
33.74, 160
33.77, 160
33.80, 160
33.84, 160
33.87, 160
33.90, 160
33.94, 160
33.97, 160
34.00, 160
34.04, 160
34.07, 160
34.10, 160
55.68, 160
55.71, 160
55.74, 160
55.78, 160
69.07, 160
69.10, 160
69.13, 160
69.26, 160
69.29, 160
69.33, 160
69.36, 160
69.39, 160
69.42, 160
69.45, 160
69.48, 160
69.51, 160
69.54, 160
69.57, 160
69.60, 160
69.63, 160
69.66, 160
69.69, 160
69.72, 160
69.75, 160
69.77, 160
69.80, 160
69.84, 160
69.87, 160
70.81, 160
70.84, 160
70.87, 160
70.89, 160
70.93, 160
70.96, 160
70.99, 160
71.03, 160
71.05, 160
71.09, 160
71.12, 160
71.15, 160
71.18, 160
71.20, 160
71.24, 160
74.97, 160
75.00, 160
75.03, 160
75.06, 160
75.09, 160
75.12, 160
75.15, 160
75.17, 160
75.20, 160
75.23, 160
76.61, 160
76.64, 160
76.67, 160
76.70, 160
76.74, 160
76.78, 160
76.81, 160
76.84, 160
76.87, 160
76.91, 160
76.94, 160
76.97, 160
77.01, 160
77.04, 160
77.07, 160
77.60, 160
77.63, 160
77.66, 160
77.69, 160
77.72, 160
77.75, 160
77.78, 160
77.82, 160
77.85, 160
77.88, 160
78.04, 160
78.07, 160
78.09, 160
78.13, 160
88.71, 160
88.75, 160
88.77, 160
88.80, 160
88.82, 160
88.86, 160
88.89, 160
88.96, 160
88.99, 160
89.01, 160
89.05, 160
89.96, 160
90.00, 160
90.03, 160
90.05, 160
90.30, 160
90.38, 160
90.42, 160
90.45, 160
90.48, 160
90.51, 160
90.55, 160
90.57, 160
90.59, 160
90.63, 160
92.46, 160
92.49, 160
92.52, 160
92.55, 160
92.58, 160
92.62, 160
92.65, 160
92.68, 160
92.71, 160
92.74, 160
92.77, 160
92.80, 160
92.83, 160
92.89, 160
92.92, 160
99.90, 160
99.93, 160
99.96, 160
100.00, 160
100.03, 160
100.06, 160
101.24, 160
101.28, 160
101.42, 160
101.46, 160
101.49, 160
101.52, 160
101.56, 160
101.60, 160
101.63, 160
101.66, 160
101.69, 160
101.72, 160
101.75, 160
101.78, 160
101.81, 160
101.84, 160
101.87, 160
101.90, 160
101.93, 160
101.96, 160
101.99, 160
102.02, 160
102.05, 160
102.08, 160
102.10, 160
102.13, 160
102.17, 160
102.20, 160
102.24, 160
102.27, 160
116.59, 160
116.62, 160
116.65, 160
116.69, 160
116.72, 160
116.94, 160
116.97, 160
117.00, 160
117.03, 160
117.06, 160
117.08, 160
117.12, 160
117.14, 160
117.17, 160
117.20, 160
117.23, 160
117.27, 160
117.30, 160
117.34, 160
117.36, 160
117.39, 160
117.41, 160
117.44, 160
117.47, 160
117.50, 160
117.53, 160
117.56, 160
117.59, 160
117.62, 160
117.65, 160
117.68, 160
117.72, 160
117.75, 160
117.78, 160
120.21, 160
120.24, 160
122.84, 160
122.87, 160
122.90, 160
122.93, 160
122.96, 160
122.98, 160
123.02, 160
123.04, 160
123.07, 160
123.12, 160
123.17, 160
123.21, 160
123.23, 160
123.26, 160
123.28, 160
123.31, 160
123.35, 160
123.38, 160
123.41, 160
123.45, 160
123.47, 160
123.51, 160
123.54, 160
123.57, 160
123.60, 160
123.64, 160
123.67, 160
126.04, 160
127.75, 160
127.78, 160
127.81, 160
127.84, 160
127.86, 160
127.89, 160
127.92, 160
128.10, 160
128.12, 160
128.16, 160
128.19, 160
128.22, 160
128.25, 160
128.29, 160
128.59, 160
128.62, 160
128.65, 160
128.69, 160
128.73, 160
128.76, 160
128.79, 160
128.82, 160
128.85, 160
128.89, 160
128.92, 160
128.95, 160
128.98, 160
129.01, 160
129.04, 160
129.08, 160
129.11, 160
129.14, 160
129.17, 160
129.20, 160
129.24, 160
129.27, 160
129.30, 160
129.33, 160
130.04, 160
130.07, 160
130.10, 160
130.13, 160
130.18, 160
130.20, 160
130.24, 160
130.26, 160
130.30, 160
130.32, 160
130.36, 160
130.39, 160
130.43, 160
133.28, 160
148.93, 160
148.97, 160
149.57, 160
149.60, 160
149.78, 160
149.81, 160
149.84, 160
149.88, 160
149.91, 160
149.94, 160
149.97, 160
150.00, 160
150.02, 160
150.05, 160
150.08, 160
150.11, 160
151.66, 160
151.69, 160
151.72, 160
151.75, 160
151.78, 160
151.81, 160
151.84, 160
151.87, 160
151.90, 160
151.92, 160
151.95, 160
169.72, 160
169.75, 160
170.10, 160
170.13, 160
170.16, 160
170.19, 160
170.21, 160
170.24, 160
170.36, 160
170.39, 160
170.43, 160
170.46, 160
170.49, 160
170.52, 160
170.55, 160
170.58, 160
170.61, 160
170.64, 160
172.28, 160
172.31, 160
172.34, 160
172.37, 160
172.49, 160
172.53, 160
172.56, 160
172.59, 160
172.64, 160
172.67, 160
172.70, 160
172.73, 160
172.76, 160
172.79, 160
172.83, 160
172.85, 160
172.88, 160
172.92, 160
172.95, 160
172.98, 160
173.00, 160
173.04, 160
173.07, 160
173.10, 160
173.13, 160
173.16, 160
173.19, 160
173.23, 160
173.27, 160
173.30, 160
173.34, 160
173.37, 160
173.40, 160
173.96, 160
173.99, 160
174.02, 160
174.05, 160
174.07, 160
174.10, 160
174.12, 160
174.19, 160
174.21, 160
174.24, 160
174.27, 160
174.31, 160
174.33, 160
176.41, 160
176.44, 160
176.48, 160
176.51, 160
176.55, 160
176.59, 160
176.62, 160
176.65, 160
176.69, 160
176.73, 160
176.76, 160
176.79, 160
176.94, 160
176.97, 160
177.01, 160
177.03, 160
177.06, 160
177.10, 160
177.14, 160
177.17, 160
177.57, 160
178.52, 160
178.55, 160
178.57, 160
178.60, 160
178.64, 160
178.67, 160
178.70, 160
178.73, 160
178.76, 160
178.78, 160
178.81, 160
178.84, 160
178.90, 160
178.93, 160
178.96, 160
179.09, 160
179.12, 160
179.18, 160
179.21, 160
179.25, 160
179.27, 160
179.30, 160
179.33, 160
179.36, 160
179.39, 160
179.42, 160
179.45, 160
179.48, 160
179.51, 160
179.54, 160
179.56, 160
187.88, 160
187.92, 160
188.11, 160
188.14, 160
188.87, 160
188.90, 160
188.94, 160
188.97, 160
189.00, 160
189.03, 160
189.06, 160
189.08, 160
189.10, 160
189.13, 160
189.16, 160
189.19, 160
189.22, 160
189.25, 160
189.29, 160
189.33, 160
189.36, 160
189.38, 160
189.41, 160
189.44, 160
189.48, 160
189.50, 160
189.53, 160
189.56, 160
194.45, 160
194.48, 160
194.51, 160
194.54, 160
194.57, 160
194.60, 160
194.63, 160
194.74, 160
194.77, 160
194.79, 160
194.82, 160
194.85, 160
194.88, 160
194.91, 160
194.95, 160
194.98, 160
195.00, 160
195.03, 160
195.07, 160
195.10, 160
195.13, 160
195.16, 160
195.19, 160
195.21, 160
203.10, 160
203.13, 160
203.16, 160
203.28, 160
203.31, 160
203.34, 160
203.37, 160
203.41, 160
203.44, 160
203.47, 160
203.51, 160
203.54, 160
203.58, 160
203.62, 160
203.66, 160
206.83, 160
206.86, 160
206.89, 160
206.91, 160
206.94, 160
206.97, 160
207.00, 160
207.03, 160
207.06, 160
207.09, 160
207.12, 160
207.36, 160
207.39, 160
207.41, 160
207.44, 160
207.46, 160
207.48, 160
207.51, 160
207.54, 160
207.58, 160
207.61, 160
207.64, 160
207.67, 160
211.13, 160
211.17, 160
211.20, 160
225.37, 160
225.40, 160
225.44, 160
225.48, 160
225.50, 160
225.53, 160
225.57, 160
225.61, 160
225.64, 160
225.67, 160
225.70, 160
225.73, 160
226.16, 160
226.19, 160
226.23, 160
226.28, 160
226.31, 160
226.37, 160
226.41, 160
226.45, 160
226.47, 160
226.51, 160
226.53, 160
226.56, 160
226.59, 160
227.37, 160
227.40, 160
227.44, 160
227.47, 160
227.50, 160
227.54, 160
227.57, 160
227.60, 160
227.63, 160
227.98, 160
228.01, 160
228.04, 160
228.07, 160
228.10, 160
228.13, 160
228.16, 160
228.58, 160
228.62, 160
228.64, 160
228.67, 160
229.88, 160
229.91, 160
231.37, 160
231.40, 160
231.44, 160
231.47, 160
231.51, 160
231.54, 160
231.58, 160
231.61, 160
231.64, 160
233.86, 160
233.89, 160
233.92, 160
233.95, 160
233.98, 160
234.01, 160
234.05, 160
234.08, 160
234.11, 160
234.14, 160
234.17, 160
234.19, 160
234.29, 160
234.69, 160
234.73, 160
234.75, 160
236.80, 160
236.83, 160
236.86, 160
236.90, 160
237.02, 160
237.06, 160
237.09, 160
237.12, 160
237.15, 160
237.18, 160
237.21, 160
237.24, 160
237.27, 160
237.30, 160
237.33, 160
237.36, 160
237.40, 160
237.43, 160
243.59, 160
243.62, 160
243.64, 160
243.68, 160
243.70, 160
243.73, 160
243.76, 160
243.79, 160
243.82, 160
243.85, 160
243.88, 160
243.91, 160
243.94, 160
245.69, 160
245.85, 160
245.88, 160
245.90, 160
245.93, 160
245.97, 160
248.89, 160
248.92, 160
248.95, 160
248.98, 160
249.97, 160
249.99, 160
250.03, 160
250.06, 160
250.10, 160
250.14, 160
250.17, 160
250.20, 160
250.23, 160
250.26, 160
250.28, 160
250.32, 160
250.35, 160
250.38, 160
250.42, 160
250.45, 160
250.52, 160
257.72, 160
257.75, 160
257.77, 160
257.81, 160
257.84, 160
257.88, 160
257.91, 160
257.94, 160
257.96, 160
260.49, 160
260.52, 160
260.56, 160
260.59, 160
260.62, 160
260.65, 160
260.68, 160
260.70, 160
260.74, 160
260.77, 160
260.80, 160
260.84, 160
260.87, 160
260.89, 160
261.23, 160
261.26, 160
261.29, 160
261.32, 160
261.35, 160
261.39, 160
261.42, 160
261.44, 160
261.47, 160
261.50, 160
261.54, 160
262.42, 160
262.45, 160
262.47, 160
262.50, 160
262.53, 160
262.57, 160
262.60, 160
262.63, 160
262.65, 160
262.68, 160
262.72, 160
262.84, 160
262.96, 160
262.99, 160
263.02, 160
263.05, 160
263.08, 160
263.11, 160
263.19, 160
263.22, 160
263.25, 160
263.29, 160
263.31, 160
265.71, 160
265.74, 160
265.77, 160
265.80, 160
265.83, 160
265.87, 160
265.90, 160
265.92, 160
265.95, 160
265.98, 160
266.01, 160
266.04, 160
266.07, 160
266.10, 160
266.14, 160
266.17, 160
266.21, 160
266.24, 160
266.27, 160
266.29, 160
266.33, 160
266.36, 160
266.39, 160
266.42, 160
266.46, 160
266.49, 160
266.63, 160
266.67, 160
266.75, 160
266.79, 160
266.82, 160
267.25, 160
267.28, 160
267.31, 160
267.34, 160
267.37, 160
267.40, 160
267.43, 160
270.36, 160
271.06, 160
271.47, 160
271.49, 160
271.52, 160
273.11, 160
273.14, 160
273.17, 160
273.20, 160
273.23, 160
273.78, 160
273.81, 160
273.84, 160
273.87, 160
273.91, 160
273.93, 160
276.54, 160
276.57, 160
276.59, 160
276.65, 160
276.68, 160
276.71, 160
276.74, 160
276.77, 160
276.80, 160
276.83, 160
276.86, 160
276.93, 160
276.96, 160
276.99, 160
277.03, 160
277.05, 160
277.08, 160
277.11, 160
277.15, 160
277.18, 160
277.22, 160
277.24, 160
277.27, 160
286.73, 160
286.77, 160
286.79, 160
286.83, 160
286.87, 160
288.56, 160
289.12, 160
289.15, 160
289.17, 160
289.20, 160
289.23, 160
289.26, 160
289.29, 160
289.32, 160
289.35, 160
289.39, 160
289.42, 160
289.45, 160
289.48, 160
289.51, 160
289.54, 160
289.58, 160
289.61, 160
290.32, 160
297.56, 160
298.22, 160
298.25, 160
298.29, 160
298.31, 160
309.72, 160
309.75, 160
309.78, 160
309.81, 160
309.85, 160
309.88, 160
309.90, 160
309.93, 160
309.96, 160
309.99, 160
310.02, 160
310.05, 160
310.08, 160
310.12, 160
310.15, 160
310.17, 160
310.21, 160
310.24, 160
310.27, 160
310.31, 160
310.34, 160
310.36, 160
310.40, 160
310.43, 160
310.45, 160
310.48, 160
311.08, 160
311.55, 160
311.57, 160
311.61, 160
311.64, 160
311.67, 160
311.71, 160
311.74, 160
311.78, 160
311.81, 160
311.83, 160
311.87, 160
311.90, 160
311.93, 160
311.96, 160
312.00, 160
312.02, 160
312.06, 160
312.09, 160
312.12, 160
312.15, 160
312.18, 160
315.73, 160
315.75, 160
315.79, 160
321.48, 160
321.76, 160
321.79, 160
321.82, 160
321.84, 160
321.87, 160
321.90, 160
321.96, 160
321.99, 160
322.02, 160
322.05, 160
322.08, 160
322.78, 160
322.82, 160
322.85, 160
322.89, 160
324.68, 160
324.71, 160
324.74, 160
324.78, 160
324.81, 160
324.84, 160
324.87, 160
324.90, 160
324.93, 160
324.96, 160
325.00, 160
325.03, 160
325.07, 160
325.10, 160
325.13, 160
325.16, 160
325.20, 160
325.22, 160
325.26, 160
325.29, 160
325.32, 160
325.36, 160
325.39, 160
325.41, 160
325.44, 160
325.66, 160
325.69, 160
325.72, 160
325.81, 160
325.85, 160
325.88, 160
325.90, 160
325.96, 160
326.06, 160
326.08, 160
326.11, 160
326.14, 160
326.17, 160
326.21, 160
326.83, 160
326.86, 160
326.90, 160
326.92, 160
327.23, 160
327.27, 160
327.30, 160
327.33, 160
327.36, 160
327.88, 160
327.90, 160
327.94, 160
327.97, 160
327.99, 160
328.03, 160
328.06, 160
328.09, 160
328.13, 160
328.16, 160
328.18, 160
328.22, 160
328.24, 160
328.27, 160
328.29, 160
328.32, 160
328.35, 160
328.39, 160
328.42, 160
328.45, 160
328.48, 160
328.52, 160
328.55, 160
328.57, 160
328.60, 160
328.63, 160
328.66, 160
328.69, 160
328.72, 160
336.63, 160
336.67, 160
336.69, 160
336.72, 160
336.76, 160
338.20, 160
338.23, 160
338.27, 160
338.30, 160
338.76, 160
339.06, 160
339.45, 160
339.47, 160
339.50, 160
339.53, 160
339.56, 160
342.66, 160
342.93, 160
342.97, 160
352.81, 160
352.84, 160
352.87, 160
352.91, 160
352.94, 160
352.97, 160
353.00, 160
353.04, 160
353.07, 160
353.10, 160
353.13, 160
353.16, 160
353.19, 160
353.22, 160
353.35, 160
353.38, 160
353.42, 160
353.45, 160
353.48, 160
353.51, 160
353.54, 160
354.25, 160
354.28, 160
354.31, 160
354.34, 160
354.37, 160
354.40, 160
354.43, 160
354.47, 160
354.50, 160
354.53, 160
354.56, 160
354.59, 160
354.62, 160
354.66, 160
357.79, 160
357.82, 160
357.85, 160
357.89, 160
357.92, 160
357.95, 160
357.99, 160
358.02, 160
358.06, 160
358.09, 160
358.12, 160
358.16, 160
358.19, 160
358.46, 160
359.40, 160
359.44, 160
359.54, 160
359.57, 160
360.44, 160
360.48, 160
360.50, 160
360.53, 160
360.55, 160
360.58, 160
360.62, 160
360.65, 160
360.76, 160
360.79, 160
360.83, 160
360.86, 160
360.89, 160
360.92, 160
360.94, 160
360.97, 160
361.00, 160
361.03, 160
361.32, 160
363.70, 160
363.73, 160
363.76, 160
363.79, 160
370.17, 160
370.20, 160
370.22, 160
370.36, 160
370.40, 160
370.43, 160
370.45, 160
370.48, 160
370.51, 160
390.84, 160
390.86, 160
390.90, 160
390.93, 160
390.96, 160
390.99, 160
400.53, 160
401.98, 160
402.00, 160
402.04, 160
425.67, 160
425.70, 160
425.73, 160
425.75, 160
425.78, 160
425.80, 160
425.84, 160
426.02, 160
426.04, 160
426.08, 160
426.11, 160
426.14, 160
426.18, 160
426.20, 160
426.24, 160
426.27, 160
426.65, 160
426.68, 160
426.71, 160
428.18, 160
428.21, 160
428.23, 160
428.71, 160
431.58, 160
431.61, 160
431.64, 160
431.66, 160
431.69, 160
431.75, 160
431.78, 160
431.80, 160
431.84, 160
431.87, 160
431.90, 160
431.93, 160
431.96, 160
431.99, 160
432.02, 160
432.06, 160
432.09, 160
432.13, 160
432.15, 160
432.19, 160
432.22, 160
432.25, 160
432.28, 160
432.31, 160
432.34, 160
432.38, 160
432.40, 160
432.44, 160
432.47, 160
432.50, 160
432.53, 160
432.56, 160
432.59, 160
432.62, 160
432.64, 160
432.68, 160
432.71, 160
432.74, 160
433.14, 160
433.17, 160
433.20, 160
433.24, 160
433.26, 160
433.29, 160
433.32, 160
433.35, 160
433.38, 160
433.42, 160
433.45, 160
433.48, 160
433.51, 160
433.54, 160
433.57, 160
433.61, 160
433.64, 160
433.68, 160
433.71, 160
433.74, 160
433.77, 160
433.81, 160
435.49, 160
435.52, 160
435.54, 160
435.57, 160
435.59, 160
435.63, 160
435.66, 160
435.69, 160
435.73, 160
435.76, 160
435.96, 160
435.99, 160
436.02, 160
436.05, 160
436.08, 160
437.48, 160
437.50, 160
437.52, 160
437.58, 160
437.61, 160
437.65, 160
437.68, 160
438.33, 160
438.36, 160
438.38, 160
438.42, 160
438.45, 160
438.47, 160
438.51, 160
438.54, 160
438.56, 160
438.60, 160
438.63, 160
438.66, 160
438.69, 160
438.72, 160
438.75, 160
438.79, 160
438.82, 160
438.85, 160
438.87, 160
438.90, 160
438.93, 160
453.52, 160
453.55, 160
453.59, 160
453.88, 160
464.33, 160
464.35, 160
464.39, 160
464.41, 160
464.44, 160
464.47, 160
464.57, 160
464.59, 160
464.62, 160
464.65, 160
466.92, 160
466.95, 160
466.98, 160
467.01, 160
467.05, 160
467.08, 160
467.12, 160
467.15, 160
467.17, 160
467.20, 160
467.23, 160
467.48, 160
467.51, 160
467.58, 160
467.61, 160
467.64, 160
467.68, 160
467.70, 160
467.73, 160
467.77, 160
467.80, 160
467.83, 160
467.91, 160
467.94, 160
467.97, 160
468.00, 160
468.03, 160
468.05, 160
468.08, 160
468.12, 160
468.15, 160
470.42, 160
470.45, 160
470.48, 160
470.51, 160
470.54, 160
471.02, 160
471.05, 160
471.09, 160
471.12, 160
471.15, 160
471.18, 160
471.20, 160
471.24, 160
471.27, 160
471.30, 160
471.32, 160
471.35, 160
471.39, 160
471.41, 160
471.44, 160
471.47, 160
471.50, 160
471.53, 160
471.56, 160
471.58, 160
472.49, 160
472.52, 160
472.55, 160
472.58, 160
473.03, 160
473.07, 160
473.10, 160
473.14, 160
473.17, 160
473.19, 160
473.23, 160
473.27, 160
473.30, 160
473.34, 160
473.37, 160
473.39, 160
473.42, 160
474.63, 160
481.65, 160
481.68, 160
481.72, 160
481.75, 160
481.78, 160
481.81, 160
481.84, 160
481.87, 160
481.90, 160
485.69, 160
485.72, 160
485.76, 160
488.43, 160
488.47, 160
488.50, 160
488.54, 160
488.58, 160
488.61, 160
488.64, 160
488.67, 160
488.70, 160
488.73, 160
488.76, 160
489.44, 160
489.47, 160
489.50, 160
489.54, 160
489.56, 160
489.60, 160
489.63, 160
491.42, 160
491.45, 160
491.47, 160
491.50, 160
491.54, 160
491.65, 160
491.68, 160
491.72, 160
491.83, 160
491.87, 160
491.90, 160
491.94, 160
491.96, 160
491.99, 160
492.46, 160
492.49, 160
492.53, 160
492.56, 160
492.59, 160
492.62, 160
492.66, 160
493.32, 160
493.35, 160
493.38, 160
493.41, 160
493.44, 160
493.48, 160
493.52, 160
493.55, 160
493.58, 160
493.62, 160
493.65, 160
493.68, 160
493.71, 160
493.74, 160
493.77, 160
493.80, 160
493.84, 160
493.86, 160
494.01, 160
494.05, 160
494.08, 160
494.11, 160
494.14, 160
494.16, 160
494.19, 160
494.22, 160
494.25, 160
494.28, 160
494.31, 160
494.33, 160
494.36, 160
494.39, 160
494.43, 160
494.76, 160
494.79, 160
494.82, 160
494.86, 160
494.89, 160
494.92, 160
494.95, 160
494.98, 160
495.01, 160
495.04, 160
495.07, 160
495.10, 160
495.14, 160
495.17, 160
495.20, 160
495.23, 160
497.86, 160
497.89, 160
497.92, 160
497.94, 160
497.97, 160
498.00, 160
498.38, 160
498.41, 160
504.34, 160
504.37, 160
508.37, 160
508.40, 160
508.43, 160
527.60, 160
527.63, 160
529.45, 160
529.47, 160
529.50, 160
529.54, 160
529.58, 160
529.61, 160
529.64, 160
529.68, 160
529.71, 160
529.74, 160
529.77, 160
529.80, 160
529.83, 160
529.87, 160
529.90, 160
529.94, 160
529.97, 160
530.00, 160
531.10, 160
531.13, 160
531.16, 160
531.19, 160
531.21, 160
531.24, 160
531.27, 160
531.30, 160
531.32, 160
531.36, 160
531.39, 160
531.43, 160
531.46, 160
531.48, 160
531.52, 160
531.54, 160
531.58, 160
531.98, 160
532.01, 160
532.04, 160
532.07, 160
532.47, 160
532.88, 160
532.92, 160
532.95, 160
532.98, 160
533.00, 160
533.03, 160
533.06, 160
533.09, 160
533.12, 160
533.15, 160
533.18, 160
533.21, 160
533.24, 160
533.27, 160
539.68, 160
539.72, 160
539.75, 160
539.78, 160
539.84, 160
539.87, 160
539.91, 160
539.94, 160
539.97, 160
540.09, 160
540.12, 160
540.54, 160
540.58, 160
540.62, 160
540.65, 160
540.69, 160
540.71, 160
540.74, 160
540.77, 160
540.80, 160
540.82, 160
540.86, 160
540.89, 160
540.92, 160
540.95, 160
540.98, 160
541.02, 160
541.98, 160
542.00, 160
542.04, 160
542.07, 160
542.11, 160
542.14, 160
542.17, 160
542.20, 160
542.23, 160
542.26, 160
542.29, 160
542.32, 160
542.35, 160
542.38, 160
542.41, 160
542.44, 160
545.16, 160
545.43, 160
545.47, 160
545.50, 160
545.54, 160
545.56, 160
545.60, 160
545.63, 160
548.75, 160
548.78, 160
548.81, 160
548.83, 160
548.86, 160
548.89, 160
548.92, 160
548.96, 160
548.99, 160
549.03, 160
549.41, 160
549.44, 160
549.46, 160
550.63, 160
550.66, 160
550.69, 160
550.73, 160
550.75, 160
550.78, 160
550.83, 160
550.86, 160
550.89, 160
552.74, 160
552.77, 160
552.96, 160
553.11, 160
553.13, 160
553.16, 160
553.20, 160
553.23, 160
553.26, 160
553.29, 160
553.32, 160
553.35, 160
553.45, 160
553.48, 160
553.51, 160
553.54, 160
553.58, 160
553.62, 160
553.65, 160
553.68, 160
553.72, 160
553.75, 160
553.78, 160
553.81, 160
553.84, 160
553.87, 160
553.91, 160
553.94, 160
553.97, 160
554.60, 160
554.63, 160
554.66, 160
554.69, 160
554.71, 160
554.74, 160
554.77, 160
554.92, 160
554.96, 160
555.56, 160
555.69, 160
555.72, 160
555.76, 160
555.91, 160
555.95, 160
555.98, 160
556.00, 160
556.03, 160
556.06, 160
556.10, 160
557.81, 160
557.84, 160
557.87, 160
557.89, 160
557.92, 160
580.28, 160
580.31, 160
580.34, 160
580.37, 160
580.40, 160
580.43, 160
580.46, 160
580.50, 160
587.47, 160
587.50, 160
587.54, 160
587.56, 160
587.60, 160
587.63, 160
588.66, 160
588.68, 160
588.72, 160
597.28, 160
597.32, 160
597.35, 160
597.38, 160
597.41, 160
597.44, 160
597.48, 160
597.51, 160
597.54, 160
597.57, 160
597.61, 160
597.64, 160
