0.27, 165
0.30, 164
0.32, 164
0.35, 164
0.38, 164
0.41, 164
0.44, 164
0.47, 164
0.53, 164
0.56, 163
0.59, 162
1.11, 162
1.15, 162
1.20, 162
1.24, 162
1.27, 162
1.30, 162
1.34, 162
1.37, 162
1.40, 162
1.43, 162
1.46, 162
1.49, 162
1.53, 162
1.55, 162
1.58, 162
1.62, 162
1.65, 161
1.69, 161
1.72, 161
1.75, 161
2.87, 161
2.90, 161
2.93, 161
2.96, 161
3.58, 161
3.61, 161
4.43, 161
4.47, 161
4.50, 161
4.66, 161
4.69, 161
4.72, 161
4.75, 161
4.79, 161
4.82, 161
4.85, 161
4.89, 161
4.92, 161
4.95, 161
4.98, 161
5.01, 161
5.04, 161
5.07, 161
5.10, 161
5.14, 161
5.17, 161
5.20, 161
5.64, 161
5.67, 161
7.05, 160
7.08, 160
7.12, 160
7.16, 160
7.43, 160
7.46, 160
7.49, 160
7.52, 160
7.55, 160
7.59, 160
11.89, 160
11.92, 160
11.96, 160
12.00, 160
12.03, 160
12.06, 160
12.10, 160
12.13, 160
12.16, 160
12.19, 160
12.22, 160
12.25, 160
12.28, 160
14.37, 160
14.40, 160
14.50, 160
14.53, 160
14.56, 160
14.60, 160
16.85, 160
16.88, 160
16.92, 160
16.96, 160
16.99, 160
17.02, 160
17.05, 160
17.08, 160
17.11, 160
17.15, 160
17.18, 160
17.22, 160
17.27, 160
17.30, 160
17.66, 160
17.69, 160
17.72, 160
17.75, 160
17.86, 160
17.90, 160
17.93, 160
21.94, 160
21.97, 160
22.00, 160
23.37, 160
23.39, 160
23.41, 160
23.44, 160
23.47, 160
23.50, 160
23.53, 160
23.57, 160
23.60, 160
23.63, 160
23.66, 160
23.69, 160
23.72, 160
23.75, 160
23.79, 160
26.37, 160
26.39, 160
26.44, 160
26.47, 160
26.51, 160
26.53, 160
26.56, 160
26.59, 160
26.62, 160
26.65, 160
26.68, 160
26.71, 160
26.74, 160
26.77, 160
26.81, 160
26.83, 160
26.86, 160
26.89, 160
26.92, 160
26.95, 160
26.98, 160
27.00, 160
27.03, 160
27.06, 160
27.09, 160
27.34, 160
33.92, 160
33.95, 160
33.98, 160
34.01, 160
34.05, 160
34.08, 160
34.11, 160
34.15, 160
34.19, 160
34.22, 160
34.25, 160
34.28, 160
34.31, 160
56.08, 160
56.11, 160
56.14, 160
56.18, 160
69.71, 160
69.74, 160
69.77, 160
69.92, 160
69.95, 160
69.98, 160
70.01, 160
70.04, 160
70.07, 160
70.10, 160
70.14, 160
70.17, 160
70.20, 160
70.23, 160
70.26, 160
70.29, 160
70.32, 160
70.35, 160
70.38, 160
70.41, 160
70.44, 160
70.47, 160
70.50, 160
70.53, 160
71.50, 160
71.52, 160
71.55, 160
71.58, 160
71.61, 160
71.65, 160
71.68, 160
71.71, 160
71.74, 160
71.78, 160
71.81, 160
71.84, 160
71.87, 160
71.90, 160
71.94, 160
75.77, 160
75.80, 160
75.83, 160
75.86, 160
75.90, 160
75.92, 160
75.95, 160
75.98, 160
76.01, 160
76.03, 160
77.37, 160
77.40, 160
77.43, 160
77.46, 160
77.50, 160
77.54, 160
77.57, 160
77.60, 160
77.63, 160
77.66, 160
77.69, 160
77.72, 160
77.75, 160
77.78, 160
77.81, 160
78.31, 160
78.34, 160
78.37, 160
78.39, 160
78.42, 160
78.45, 160
78.47, 160
78.50, 160
78.53, 160
78.56, 160
78.72, 160
78.76, 160
78.78, 160
78.81, 160
89.45, 160
89.49, 160
89.51, 160
89.54, 160
89.57, 160
89.60, 160
89.64, 160
89.71, 160
89.74, 160
89.77, 160
89.80, 160
90.74, 160
90.77, 160
90.80, 160
90.84, 160
91.09, 160
91.17, 160
91.21, 160
91.24, 160
91.27, 160
91.31, 160
91.34, 160
91.37, 160
91.39, 160
91.43, 160
93.26, 160
93.29, 160
93.32, 160
93.35, 160
93.38, 160
93.42, 160
93.45, 160
93.48, 160
93.51, 160
93.55, 160
93.58, 160
93.61, 160
93.64, 160
93.70, 160
93.73, 160
100.76, 160
100.79, 160
100.83, 160
100.85, 160
100.88, 160
100.91, 160
102.10, 160
102.14, 160
102.28, 160
102.32, 160
102.35, 160
102.39, 160
102.42, 160
102.46, 160
102.49, 160
102.52, 160
102.55, 160
102.59, 160
102.62, 160
102.64, 160
102.67, 160
102.70, 160
102.73, 160
102.76, 160
102.79, 160
102.81, 160
102.84, 160
102.87, 160
102.90, 160
102.94, 160
102.96, 160
102.99, 160
103.02, 160
103.06, 160
103.08, 160
103.12, 160
117.54, 160
117.57, 160
117.60, 160
117.63, 160
117.66, 160
117.89, 160
117.93, 160
117.95, 160
117.98, 160
118.01, 160
118.04, 160
118.08, 160
118.11, 160
118.14, 160
118.17, 160
118.20, 160
118.24, 160
118.28, 160
118.31, 160
118.34, 160
118.37, 160
118.40, 160
118.42, 160
118.45, 160
118.48, 160
118.51, 160
118.55, 160
118.58, 160
118.60, 160
118.64, 160
118.66, 160
118.70, 160
118.73, 160
118.77, 160
121.31, 160
121.34, 160
123.95, 160
123.98, 160
124.02, 160
124.04, 160
124.07, 160
124.10, 160
124.14, 160
124.17, 160
124.20, 160
124.23, 160
124.26, 160
124.29, 160
124.32, 160
124.35, 160
124.37, 160
124.40, 160
124.44, 160
124.48, 160
124.53, 160
124.56, 160
124.60, 160
124.64, 160
124.67, 160
124.70, 160
124.74, 160
124.78, 160
124.81, 160
127.18, 160
128.82, 160
128.85, 160
128.88, 160
128.91, 160
128.93, 160
128.96, 160
128.99, 160
129.17, 160
129.20, 160
129.23, 160
129.27, 160
129.31, 160
129.34, 160
129.37, 160
129.67, 160
129.71, 160
129.73, 160
129.77, 160
129.81, 160
129.83, 160
129.87, 160
129.89, 160
129.93, 160
129.96, 160
129.99, 160
130.02, 160
130.04, 160
130.08, 160
130.11, 160
130.15, 160
130.18, 160
130.21, 160
130.24, 160
130.28, 160
130.31, 160
130.34, 160
130.37, 160
130.40, 160
131.09, 160
131.12, 160
131.15, 160
131.19, 160
131.23, 160
131.26, 160
131.29, 160
131.32, 160
131.35, 160
131.38, 160
131.42, 160
131.45, 160
131.49, 160
134.30, 160
150.12, 160
150.16, 160
150.76, 160
150.80, 160
150.98, 160
151.01, 160
151.04, 160
151.08, 160
151.12, 160
151.15, 160
151.19, 160
151.21, 160
151.24, 160
151.27, 160
151.30, 160
151.34, 160
152.94, 160
152.97, 160
153.00, 160
153.03, 160
153.06, 160
153.09, 160
153.13, 160
153.16, 160
153.19, 160
153.21, 160
153.24, 160
171.12, 160
171.15, 160
171.50, 160
171.54, 160
171.57, 160
171.60, 160
171.62, 160
171.65, 160
171.77, 160
171.81, 160
171.85, 160
171.87, 160
171.91, 160
171.94, 160
171.97, 160
171.99, 160
172.02, 160
172.05, 160
173.72, 160
173.76, 160
173.79, 160
173.82, 160
173.93, 160
173.96, 160
173.99, 160
174.02, 160
174.07, 160
174.10, 160
174.14, 160
174.18, 160
174.20, 160
174.24, 160
174.27, 160
174.29, 160
174.33, 160
174.36, 160
174.39, 160
174.42, 160
174.44, 160
174.48, 160
174.51, 160
174.54, 160
174.57, 160
174.60, 160
174.63, 160
174.67, 160
174.71, 160
174.74, 160
174.78, 160
174.81, 160
174.84, 160
175.41, 160
175.44, 160
175.48, 160
175.51, 160
175.53, 160
175.56, 160
175.59, 160
175.65, 160
175.68, 160
175.71, 160
175.74, 160
175.77, 160
175.81, 160
177.57, 160
177.60, 160
177.64, 160
177.68, 160
177.71, 160
177.75, 160
177.78, 160
177.81, 160
177.85, 160
177.89, 160
177.92, 160
177.95, 160
178.08, 160
178.12, 160
178.15, 160
178.18, 160
178.21, 160
178.24, 160
178.28, 160
178.31, 160
178.72, 160
179.68, 160
179.71, 160
179.74, 160
179.77, 160
179.80, 160
179.83, 160
179.86, 160
179.89, 160
179.93, 160
179.95, 160
179.98, 160
180.00, 160
180.06, 160
180.09, 160
180.12, 160
180.24, 160
180.27, 160
180.33, 160
180.37, 160
180.40, 160
180.42, 160
180.46, 160
180.48, 160
180.52, 160
180.55, 160
180.58, 160
180.62, 160
180.65, 160
180.67, 160
180.71, 160
180.73, 160
188.96, 160
189.00, 160
189.19, 160
189.22, 160
189.96, 160
189.99, 160
190.03, 160
190.06, 160
190.09, 160
190.13, 160
190.16, 160
190.18, 160
190.20, 160
190.24, 160
190.27, 160
190.31, 160
190.35, 160
190.37, 160
190.41, 160
190.45, 160
190.49, 160
190.51, 160
190.54, 160
190.57, 160
190.61, 160
190.64, 160
190.66, 160
190.69, 160
195.74, 160
195.78, 160
195.81, 160
195.84, 160
195.87, 160
195.90, 160
195.93, 160
196.04, 160
196.08, 160
196.11, 160
196.15, 160
196.19, 160
196.22, 160
196.26, 160
196.30, 160
196.33, 160
196.36, 160
196.39, 160
196.42, 160
196.45, 160
196.49, 160
196.51, 160
196.55, 160
196.58, 160
204.50, 160
204.53, 160
204.56, 160
204.69, 160
204.73, 160
204.75, 160
204.78, 160
204.81, 160
204.84, 160
204.88, 160
204.91, 160
204.93, 160
204.96, 160
205.00, 160
205.04, 160
208.22, 160
208.25, 160
208.27, 160
208.30, 160
208.33, 160
208.36, 160
208.39, 160
208.42, 160
208.46, 160
208.48, 160
208.52, 160
208.76, 160
208.79, 160
208.82, 160
208.85, 160
208.87, 160
208.90, 160
208.92, 160
208.95, 160
208.99, 160
209.01, 160
209.04, 160
209.07, 160
212.59, 160
212.62, 160
212.66, 160
227.09, 160
227.13, 160
227.16, 160
227.20, 160
227.22, 160
227.25, 160
227.28, 160
227.32, 160
227.35, 160
227.38, 160
227.41, 160
227.44, 160
227.83, 160
227.85, 160
227.89, 160
227.94, 160
227.97, 160
228.03, 160
228.07, 160
228.09, 160
228.13, 160
228.16, 160
228.18, 160
228.22, 160
228.24, 160
229.03, 160
229.07, 160
229.11, 160
229.14, 160
229.18, 160
229.21, 160
229.25, 160
229.27, 160
229.30, 160
229.67, 160
229.70, 160
229.74, 160
229.76, 160
229.80, 160
229.83, 160
229.86, 160
230.27, 160
230.30, 160
230.33, 160
230.36, 160
231.57, 160
231.60, 160
233.04, 160
233.07, 160
233.10, 160
233.14, 160
233.17, 160
233.21, 160
233.25, 160
233.28, 160
233.30, 160
235.58, 160
235.61, 160
235.64, 160
235.67, 160
235.70, 160
235.73, 160
235.77, 160
235.80, 160
235.83, 160
235.87, 160
235.90, 160
235.93, 160
236.02, 160
236.40, 160
236.44, 160
236.46, 160
238.54, 160
238.57, 160
238.60, 160
238.64, 160
238.76, 160
238.79, 160
238.83, 160
238.85, 160
238.88, 160
238.91, 160
238.94, 160
238.97, 160
239.01, 160
239.04, 160
239.07, 160
239.10, 160
239.13, 160
239.17, 160
245.31, 160
245.34, 160
245.38, 160
245.41, 160
245.44, 160
245.47, 160
245.50, 160
245.53, 160
245.55, 160
245.58, 160
245.63, 160
245.66, 160
245.68, 160
247.50, 160
247.66, 160
247.69, 160
247.72, 160
247.75, 160
247.79, 160
250.73, 160
250.77, 160
250.80, 160
250.83, 160
251.87, 160
251.90, 160
251.93, 160
251.97, 160
252.00, 160
252.03, 160
252.06, 160
252.10, 160
252.13, 160
252.16, 160
252.19, 160
252.22, 160
252.25, 160
252.28, 160
252.33, 160
252.36, 160
252.43, 160
259.53, 160
259.56, 160
259.59, 160
259.62, 160
259.65, 160
259.69, 160
259.72, 160
259.74, 160
259.77, 160
262.27, 160
262.30, 160
262.34, 160
262.37, 160
262.40, 160
262.43, 160
262.46, 160
262.49, 160
262.52, 160
262.56, 160
262.59, 160
262.63, 160
262.66, 160
262.68, 160
263.03, 160
263.06, 160
263.09, 160
263.13, 160
263.16, 160
263.19, 160
263.22, 160
263.25, 160
263.29, 160
263.32, 160
263.35, 160
264.23, 160
264.26, 160
264.29, 160
264.32, 160
264.35, 160
264.39, 160
264.42, 160
264.45, 160
264.48, 160
264.52, 160
264.55, 160
264.68, 160
264.79, 160
264.83, 160
264.86, 160
264.90, 160
264.93, 160
264.96, 160
265.04, 160
265.06, 160
265.09, 160
265.13, 160
265.15, 160
267.57, 160
267.61, 160
267.65, 160
267.68, 160
267.71, 160
267.75, 160
267.78, 160
267.80, 160
267.83, 160
267.86, 160
267.90, 160
267.92, 160
267.95, 160
267.99, 160
268.02, 160
268.05, 160
268.10, 160
268.13, 160
268.16, 160
268.19, 160
268.22, 160
268.25, 160
268.28, 160
268.31, 160
268.34, 160
268.37, 160
268.50, 160
268.53, 160
268.62, 160
268.65, 160
268.68, 160
269.11, 160
269.14, 160
269.17, 160
269.21, 160
269.24, 160
269.27, 160
269.30, 160
272.26, 160
272.97, 160
273.41, 160
273.44, 160
273.47, 160
275.46, 160
275.49, 160
275.52, 160
275.55, 160
275.58, 160
276.13, 160
276.16, 160
276.19, 160
276.22, 160
276.26, 160
276.28, 160
278.96, 160
278.99, 160
279.02, 160
279.08, 160
279.10, 160
279.14, 160
279.17, 160
279.20, 160
279.24, 160
279.27, 160
279.30, 160
279.37, 160
279.41, 160
279.44, 160
279.48, 160
279.50, 160
279.53, 160
279.56, 160
279.60, 160
279.63, 160
279.67, 160
279.69, 160
279.73, 160
289.14, 160
289.18, 160
289.20, 160
289.24, 160
289.27, 160
290.98, 160
291.54, 160
291.57, 160
291.60, 160
291.62, 160
291.65, 160
291.68, 160
291.71, 160
291.74, 160
291.77, 160
291.81, 160
291.84, 160
291.87, 160
291.90, 160
291.93, 160
291.96, 160
292.00, 160
292.03, 160
292.76, 160
300.28, 160
300.97, 160
301.00, 160
301.04, 160
301.08, 160
312.72, 160
312.75, 160
312.78, 160
312.80, 160
312.84, 160
312.87, 160
312.90, 160
312.92, 160
312.95, 160
312.98, 160
313.01, 160
313.04, 160
313.08, 160
313.11, 160
313.14, 160
313.17, 160
313.21, 160
313.24, 160
313.27, 160
313.30, 160
313.33, 160
313.35, 160
313.38, 160
313.42, 160
313.44, 160
313.47, 160
314.08, 160
314.58, 160
314.61, 160
314.64, 160
314.68, 160
314.71, 160
314.74, 160
314.77, 160
314.80, 160
314.83, 160
314.86, 160
314.89, 160
314.92, 160
314.95, 160
314.98, 160
315.01, 160
315.05, 160
315.09, 160
315.12, 160
315.16, 160
315.19, 160
315.22, 160
318.79, 160
318.82, 160
318.85, 160
324.64, 160
324.92, 160
324.95, 160
324.97, 160
325.00, 160
325.04, 160
325.07, 160
325.13, 160
325.16, 160
325.19, 160
325.23, 160
325.27, 160
325.98, 160
326.00, 160
326.04, 160
326.08, 160
327.89, 160
327.91, 160
327.94, 160
327.97, 160
328.01, 160
328.04, 160
328.07, 160
328.10, 160
328.13, 160
328.16, 160
328.19, 160
328.22, 160
328.26, 160
328.29, 160
328.32, 160
328.35, 160
328.38, 160
328.40, 160
328.44, 160
328.47, 160
328.50, 160
328.53, 160
328.56, 160
328.58, 160
328.61, 160
328.83, 160
328.86, 160
328.89, 160
328.99, 160
329.01, 160
329.05, 160
329.07, 160
329.14, 160
329.23, 160
329.26, 160
329.28, 160
329.31, 160
329.34, 160
329.37, 160
329.99, 160
330.02, 160
330.05, 160
330.09, 160
330.40, 160
330.44, 160
330.48, 160
330.50, 160
330.53, 160
331.08, 160
331.10, 160
331.14, 160
331.17, 160
331.21, 160
331.24, 160
331.27, 160
331.30, 160
331.33, 160
331.36, 160
331.39, 160
331.42, 160
331.45, 160
331.48, 160
331.51, 160
331.54, 160
331.57, 160
331.60, 160
331.64, 160
331.67, 160
331.70, 160
331.74, 160
331.77, 160
331.80, 160
331.82, 160
331.85, 160
331.88, 160
331.91, 160
331.94, 160
339.93, 160
339.96, 160
339.99, 160
340.02, 160
340.05, 160
341.45, 160
341.48, 160
341.52, 160
341.56, 160
342.02, 160
342.32, 160
342.71, 160
342.74, 160
342.77, 160
342.79, 160
342.82, 160
345.95, 160
346.23, 160
346.26, 160
356.27, 160
356.31, 160
356.34, 160
356.36, 160
356.39, 160
356.43, 160
356.46, 160
356.49, 160
356.53, 160
356.56, 160
356.59, 160
356.62, 160
356.64, 160
356.68, 160
356.80, 160
356.84, 160
356.87, 160
356.90, 160
356.93, 160
356.96, 160
356.99, 160
357.70, 160
357.73, 160
357.76, 160
357.79, 160
357.82, 160
357.85, 160
357.88, 160
357.92, 160
357.94, 160
357.98, 160
358.01, 160
358.04, 160
358.07, 160
358.10, 160
361.25, 160
361.28, 160
361.31, 160
361.35, 160
361.38, 160
361.41, 160
361.45, 160
361.48, 160
361.51, 160
361.54, 160
361.57, 160
361.60, 160
361.63, 160
361.90, 160
362.83, 160
362.87, 160
362.97, 160
362.99, 160
363.87, 160
363.89, 160
363.93, 160
363.96, 160
363.98, 160
364.01, 160
364.04, 160
364.08, 160
364.19, 160
364.22, 160
364.26, 160
364.29, 160
364.32, 160
364.35, 160
364.38, 160
364.42, 160
364.45, 160
364.49, 160
364.78, 160
367.14, 160
367.18, 160
367.20, 160
367.23, 160
373.78, 160
373.81, 160
373.84, 160
373.99, 160
374.02, 160
374.06, 160
374.09, 160
374.12, 160
374.14, 160
394.77, 160
394.80, 160
394.83, 160
394.86, 160
394.89, 160
394.93, 160
404.66, 160
406.11, 160
406.13, 160
406.16, 160
430.47, 160
430.50, 160
430.53, 160
430.56, 160
430.59, 160
430.61, 160
430.64, 160
430.82, 160
430.85, 160
430.89, 160
430.92, 160
430.95, 160
430.99, 160
431.02, 160
431.05, 160
431.08, 160
431.47, 160
431.50, 160
431.54, 160
433.10, 160
433.13, 160
433.16, 160
433.63, 160
436.43, 160
436.47, 160
436.50, 160
436.53, 160
436.56, 160
436.61, 160
436.64, 160
436.67, 160
436.70, 160
436.73, 160
436.76, 160
436.79, 160
436.82, 160
436.85, 160
436.88, 160
436.91, 160
436.94, 160
436.98, 160
437.01, 160
437.04, 160
437.07, 160
437.10, 160
437.13, 160
437.16, 160
437.19, 160
437.23, 160
437.25, 160
437.29, 160
437.32, 160
437.35, 160
437.38, 160
437.41, 160
437.44, 160
437.47, 160
437.50, 160
437.53, 160
437.57, 160
437.60, 160
438.01, 160
438.04, 160
438.06, 160
438.09, 160
438.13, 160
438.16, 160
438.19, 160
438.22, 160
438.26, 160
438.30, 160
438.33, 160
438.36, 160
438.39, 160
438.42, 160
438.45, 160
438.49, 160
438.52, 160
438.56, 160
438.59, 160
438.62, 160
438.65, 160
438.68, 160
440.07, 160
440.09, 160
440.12, 160
440.15, 160
440.18, 160
440.21, 160
440.24, 160
440.28, 160
440.31, 160
440.34, 160
440.54, 160
440.56, 160
440.59, 160
440.62, 160
440.65, 160
442.00, 160
442.03, 160
442.06, 160
442.12, 160
442.15, 160
442.19, 160
442.22, 160
442.85, 160
442.88, 160
442.90, 160
442.93, 160
442.96, 160
442.99, 160
443.03, 160
443.05, 160
443.09, 160
443.12, 160
443.15, 160
443.19, 160
443.22, 160
443.25, 160
443.28, 160
443.31, 160
443.35, 160
443.38, 160
443.40, 160
443.43, 160
443.47, 160
458.13, 160
458.17, 160
458.20, 160
458.50, 160
468.93, 160
468.95, 160
468.99, 160
469.02, 160
469.04, 160
469.07, 160
469.17, 160
469.20, 160
469.22, 160
469.26, 160
471.55, 160
471.57, 160
471.61, 160
471.64, 160
471.68, 160
471.71, 160
471.75, 160
471.78, 160
471.81, 160
471.84, 160
471.88, 160
472.11, 160
472.13, 160
472.21, 160
472.23, 160
472.27, 160
472.30, 160
472.33, 160
472.36, 160
472.40, 160
472.43, 160
472.47, 160
472.53, 160
472.57, 160
472.60, 160
472.63, 160
472.66, 160
472.69, 160
472.72, 160
472.75, 160
472.78, 160
475.10, 160
475.13, 160
475.17, 160
475.20, 160
475.23, 160
475.71, 160
475.73, 160
475.76, 160
475.80, 160
475.83, 160
475.86, 160
475.89, 160
475.93, 160
475.97, 160
476.00, 160
476.02, 160
476.05, 160
476.09, 160
476.12, 160
476.15, 160
476.17, 160
476.20, 160
476.24, 160
476.27, 160
476.30, 160
477.21, 160
477.24, 160
477.27, 160
477.30, 160
477.77, 160
477.80, 160
477.83, 160
477.87, 160
477.90, 160
477.93, 160
477.97, 160
478.01, 160
478.04, 160
478.09, 160
478.11, 160
478.14, 160
478.17, 160
479.40, 160
486.58, 160
486.61, 160
486.64, 160
486.67, 160
486.70, 160
486.73, 160
486.76, 160
486.79, 160
486.82, 160
490.55, 160
490.58, 160
490.61, 160
493.28, 160
493.32, 160
493.35, 160
493.38, 160
493.42, 160
493.45, 160
493.48, 160
493.51, 160
493.54, 160
493.57, 160
493.59, 160
494.27, 160
494.30, 160
494.33, 160
494.36, 160
494.39, 160
494.43, 160
494.45, 160
496.22, 160
496.25, 160
496.27, 160
496.31, 160
496.34, 160
496.45, 160
496.49, 160
496.52, 160
496.64, 160
496.67, 160
496.70, 160
496.74, 160
496.77, 160
496.80, 160
497.27, 160
497.30, 160
497.33, 160
497.37, 160
497.40, 160
497.44, 160
497.47, 160
498.15, 160
498.19, 160
498.22, 160
498.25, 160
498.28, 160
498.32, 160
498.35, 160
498.39, 160
498.42, 160
498.46, 160
498.50, 160
498.53, 160
498.56, 160
498.58, 160
498.62, 160
498.65, 160
498.69, 160
498.72, 160
498.87, 160
498.90, 160
498.93, 160
498.96, 160
498.99, 160
499.02, 160
499.05, 160
499.09, 160
499.12, 160
499.15, 160
499.19, 160
499.21, 160
499.24, 160
499.27, 160
499.30, 160
499.63, 160
499.66, 160
499.69, 160
499.72, 160
499.75, 160
499.78, 160
499.81, 160
499.84, 160
499.88, 160
499.92, 160
499.95, 160
499.98, 160
500.02, 160
500.05, 160
500.09, 160
500.11, 160
502.82, 160
502.85, 160
502.88, 160
502.90, 160
502.93, 160
502.96, 160
503.36, 160
503.39, 160
509.46, 160
509.49, 160
513.52, 160
513.55, 160
513.58, 160
533.14, 160
533.17, 160
534.95, 160
534.98, 160
535.01, 160
535.05, 160
535.08, 160
535.12, 160
535.15, 160
535.19, 160
535.21, 160
535.24, 160
535.27, 160
535.30, 160
535.33, 160
535.37, 160
535.39, 160
535.43, 160
535.47, 160
535.50, 160
536.64, 160
536.67, 160
536.70, 160
536.73, 160
536.76, 160
536.79, 160
536.81, 160
536.84, 160
536.87, 160
536.91, 160
536.95, 160
536.98, 160
537.02, 160
537.05, 160
537.09, 160
537.13, 160
537.16, 160
537.57, 160
537.60, 160
537.63, 160
537.66, 160
538.05, 160
538.45, 160
538.49, 160
538.52, 160
538.55, 160
538.58, 160
538.60, 160
538.64, 160
538.66, 160
538.70, 160
538.73, 160
538.75, 160
538.78, 160
538.81, 160
538.84, 160
545.20, 160
545.23, 160
545.27, 160
545.30, 160
545.35, 160
545.38, 160
545.42, 160
545.45, 160
545.47, 160
545.59, 160
545.63, 160
546.07, 160
546.11, 160
546.15, 160
546.19, 160
546.23, 160
546.25, 160
546.28, 160
546.31, 160
546.34, 160
546.37, 160
546.40, 160
546.43, 160
546.47, 160
546.50, 160
546.53, 160
546.56, 160
547.54, 160
547.58, 160
547.62, 160
547.65, 160
547.69, 160
547.72, 160
547.76, 160
547.79, 160
547.82, 160
547.84, 160
547.88, 160
547.91, 160
547.94, 160
547.98, 160
548.01, 160
548.04, 160
550.76, 160
551.00, 160
551.03, 160
551.06, 160
551.10, 160
551.14, 160
551.18, 160
551.21, 160
554.36, 160
554.39, 160
554.42, 160
554.44, 160
554.47, 160
554.50, 160
554.54, 160
554.57, 160
554.61, 160
554.65, 160
555.05, 160
555.08, 160
555.11, 160
556.28, 160
556.31, 160
556.34, 160
556.37, 160
556.40, 160
556.43, 160
556.47, 160
556.49, 160
556.52, 160
558.45, 160
558.48, 160
558.68, 160
558.84, 160
558.87, 160
558.90, 160
558.94, 160
558.97, 160
559.18, 160
559.30, 160
559.36, 160
559.39, 160
559.48, 160
559.51, 160
559.55, 160
559.58, 160
559.62, 160
559.65, 160
559.69, 160
559.73, 160
559.76, 160
559.79, 160
559.82, 160
559.86, 160
559.89, 160
559.91, 160
559.95, 160
559.99, 160
560.02, 160
560.67, 160
560.70, 160
560.74, 160
560.77, 160
560.80, 160
560.83, 160
560.86, 160
561.01, 160
561.04, 160
561.64, 160
561.77, 160
561.80, 160
561.83, 160
561.99, 160
562.03, 160
562.06, 160
562.08, 160
562.11, 160
562.14, 160
562.18, 160
563.91, 160
563.94, 160
563.97, 160
564.00, 160
564.03, 160
586.50, 160
586.53, 160
586.56, 160
586.58, 160
586.62, 160
586.65, 160
586.67, 160
586.71, 160
593.75, 160
593.78, 160
593.81, 160
593.84, 160
593.87, 160
593.89, 160
594.94, 160
594.96, 160
594.99, 160
