0.25, 165
0.28, 164
0.31, 164
0.34, 164
0.36, 164
0.40, 164
0.43, 164
0.45, 164
0.51, 164
0.54, 163
0.57, 162
1.11, 162
1.15, 162
1.21, 162
1.24, 162
1.27, 162
1.31, 162
1.34, 162
1.37, 162
1.40, 162
1.43, 162
1.46, 162
1.49, 162
1.52, 162
1.55, 162
1.58, 162
1.62, 162
1.65, 161
1.68, 161
1.71, 161
1.75, 161
2.90, 161
2.93, 161
2.97, 161
3.00, 161
3.59, 161
3.62, 161
4.45, 161
4.48, 161
4.51, 161
4.66, 161
4.69, 161
4.73, 161
4.76, 161
4.79, 161
4.82, 161
4.85, 161
4.89, 161
4.92, 161
4.95, 161
4.98, 161
5.02, 161
5.05, 161
5.08, 161
5.12, 161
5.15, 161
5.19, 161
5.22, 161
5.67, 161
5.69, 161
7.06, 160
7.09, 160
7.13, 160
7.17, 160
7.44, 160
7.48, 160
7.51, 160
7.54, 160
7.57, 160
7.61, 160
11.85, 160
11.88, 160
11.91, 160
11.95, 160
11.99, 160
12.02, 160
12.05, 160
12.08, 160
12.11, 160
12.14, 160
12.16, 160
12.19, 160
12.22, 160
14.29, 160
14.32, 160
14.41, 160
14.44, 160
14.47, 160
14.49, 160
16.72, 160
16.75, 160
16.79, 160
16.82, 160
16.85, 160
16.88, 160
16.90, 160
16.93, 160
16.96, 160
17.00, 160
17.03, 160
17.07, 160
17.12, 160
17.15, 160
17.48, 160
17.52, 160
17.54, 160
17.58, 160
17.69, 160
17.73, 160
17.76, 160
21.69, 160
21.72, 160
21.76, 160
23.10, 160
23.13, 160
23.16, 160
23.19, 160
23.22, 160
23.24, 160
23.27, 160
23.31, 160
23.34, 160
23.37, 160
23.41, 160
23.43, 160
23.46, 160
23.49, 160
23.53, 160
26.07, 160
26.10, 160
26.14, 160
26.18, 160
26.21, 160
26.23, 160
26.26, 160
26.30, 160
26.33, 160
26.36, 160
26.39, 160
26.42, 160
26.45, 160
26.48, 160
26.52, 160
26.54, 160
26.57, 160
26.60, 160
26.63, 160
26.66, 160
26.69, 160
26.72, 160
26.75, 160
26.78, 160
26.81, 160
27.06, 160
33.58, 160
33.62, 160
33.65, 160
33.69, 160
33.72, 160
33.75, 160
33.78, 160
33.82, 160
33.85, 160
33.89, 160
33.92, 160
33.95, 160
33.98, 160
55.36, 160
55.39, 160
55.42, 160
55.45, 160
68.70, 160
68.73, 160
68.76, 160
68.90, 160
68.93, 160
68.96, 160
68.99, 160
69.02, 160
69.06, 160
69.09, 160
69.12, 160
69.15, 160
69.18, 160
69.21, 160
69.25, 160
69.28, 160
69.31, 160
69.34, 160
69.37, 160
69.41, 160
69.44, 160
69.47, 160
69.50, 160
69.73, 160
70.75, 160
70.78, 160
70.80, 160
70.83, 160
70.86, 160
70.89, 160
70.92, 160
70.94, 160
70.97, 160
71.00, 160
71.04, 160
71.06, 160
71.09, 160
71.12, 160
71.15, 160
74.93, 160
74.97, 160
75.00, 160
75.03, 160
75.06, 160
75.09, 160
75.12, 160
75.15, 160
75.17, 160
75.20, 160
76.60, 160
76.62, 160
76.66, 160
76.69, 160
76.73, 160
76.76, 160
76.79, 160
76.82, 160
76.86, 160
76.89, 160
76.92, 160
76.94, 160
76.97, 160
77.00, 160
77.03, 160
77.55, 160
77.58, 160
77.60, 160
77.63, 160
77.66, 160
77.69, 160
77.71, 160
77.74, 160
77.78, 160
77.81, 160
77.97, 160
78.01, 160
78.04, 160
78.07, 160
88.60, 160
88.64, 160
88.66, 160
88.69, 160
88.72, 160
88.75, 160
88.78, 160
88.85, 160
88.88, 160
88.90, 160
88.93, 160
89.84, 160
89.87, 160
89.90, 160
89.94, 160
90.18, 160
90.27, 160
90.30, 160
90.33, 160
90.36, 160
90.39, 160
90.43, 160
90.46, 160
90.48, 160
90.51, 160
92.30, 160
92.34, 160
92.37, 160
92.40, 160
92.43, 160
92.47, 160
92.50, 160
92.53, 160
92.56, 160
92.59, 160
92.62, 160
92.65, 160
92.68, 160
92.74, 160
92.77, 160
99.72, 160
99.75, 160
99.78, 160
99.81, 160
99.83, 160
99.86, 160
101.03, 160
101.07, 160
101.21, 160
101.24, 160
101.28, 160
101.31, 160
101.35, 160
101.39, 160
101.42, 160
101.46, 160
101.49, 160
101.52, 160
101.55, 160
101.58, 160
101.61, 160
101.64, 160
101.68, 160
101.70, 160
101.74, 160
101.77, 160
101.79, 160
101.82, 160
101.86, 160
101.89, 160
101.91, 160
101.94, 160
101.98, 160
102.01, 160
102.04, 160
102.07, 160
116.34, 160
116.38, 160
116.40, 160
116.44, 160
116.47, 160
116.70, 160
116.73, 160
116.76, 160
116.78, 160
116.81, 160
116.84, 160
116.88, 160
116.91, 160
116.94, 160
116.96, 160
117.00, 160
117.03, 160
117.06, 160
117.10, 160
117.13, 160
117.16, 160
117.18, 160
117.20, 160
117.24, 160
117.27, 160
117.31, 160
117.34, 160
117.38, 160
117.40, 160
117.43, 160
117.47, 160
117.50, 160
117.53, 160
117.57, 160
120.06, 160
120.09, 160
122.67, 160
122.70, 160
122.74, 160
122.76, 160
122.80, 160
122.82, 160
122.86, 160
122.89, 160
122.92, 160
122.96, 160
123.00, 160
123.02, 160
123.05, 160
123.08, 160
123.11, 160
123.14, 160
123.17, 160
123.20, 160
123.24, 160
123.27, 160
123.30, 160
123.33, 160
123.36, 160
123.39, 160
123.43, 160
123.48, 160
123.51, 160
125.93, 160
127.61, 160
127.64, 160
127.67, 160
127.70, 160
127.73, 160
127.76, 160
127.79, 160
127.96, 160
127.99, 160
128.03, 160
128.06, 160
128.09, 160
128.12, 160
128.15, 160
128.46, 160
128.50, 160
128.53, 160
128.56, 160
128.60, 160
128.63, 160
128.66, 160
128.69, 160
128.73, 160
128.77, 160
128.80, 160
128.83, 160
128.86, 160
128.89, 160
128.92, 160
128.95, 160
128.98, 160
129.01, 160
129.04, 160
129.08, 160
129.11, 160
129.15, 160
129.18, 160
129.21, 160
129.91, 160
129.94, 160
129.97, 160
130.00, 160
130.05, 160
130.07, 160
130.10, 160
130.13, 160
130.16, 160
130.19, 160
130.23, 160
130.26, 160
130.29, 160
133.10, 160
148.58, 160
148.62, 160
149.20, 160
149.24, 160
149.41, 160
149.44, 160
149.48, 160
149.51, 160
149.66, 160
149.85, 160
149.90, 160
149.92, 160
149.95, 160
149.98, 160
150.01, 160
150.05, 160
151.62, 160
151.66, 160
151.69, 160
151.72, 160
151.75, 160
151.78, 160
151.81, 160
151.84, 160
151.87, 160
151.90, 160
151.92, 160
169.74, 160
169.77, 160
170.11, 160
170.14, 160
170.17, 160
170.20, 160
170.22, 160
170.25, 160
170.37, 160
170.40, 160
170.43, 160
170.45, 160
170.49, 160
170.52, 160
170.55, 160
170.58, 160
170.61, 160
170.64, 160
172.27, 160
172.30, 160
172.33, 160
172.36, 160
172.48, 160
172.51, 160
172.55, 160
172.57, 160
172.63, 160
172.66, 160
172.69, 160
172.73, 160
172.75, 160
172.79, 160
172.82, 160
172.85, 160
172.88, 160
172.91, 160
172.94, 160
172.97, 160
173.00, 160
173.03, 160
173.06, 160
173.09, 160
173.12, 160
173.15, 160
173.18, 160
173.22, 160
173.26, 160
173.29, 160
173.33, 160
173.37, 160
173.41, 160
173.96, 160
173.99, 160
174.02, 160
174.05, 160
174.08, 160
174.10, 160
174.13, 160
174.19, 160
174.22, 160
174.25, 160
174.28, 160
174.31, 160
174.35, 160
176.13, 160
176.16, 160
176.20, 160
176.23, 160
176.27, 160
176.30, 160
176.34, 160
176.37, 160
176.40, 160
176.45, 160
176.47, 160
176.51, 160
176.64, 160
176.67, 160
176.71, 160
176.74, 160
176.77, 160
176.81, 160
176.85, 160
176.88, 160
177.27, 160
178.26, 160
178.29, 160
178.32, 160
178.35, 160
178.39, 160
178.42, 160
178.46, 160
178.49, 160
178.53, 160
178.56, 160
178.59, 160
178.61, 160
178.68, 160
178.72, 160
178.75, 160
178.88, 160
178.90, 160
178.97, 160
179.00, 160
179.03, 160
179.05, 160
179.09, 160
179.12, 160
179.15, 160
179.18, 160
179.21, 160
179.24, 160
179.27, 160
179.30, 160
179.34, 160
179.36, 160
187.60, 160
187.64, 160
187.82, 160
187.84, 160
188.55, 160
188.58, 160
188.62, 160
188.65, 160
188.68, 160
188.71, 160
188.74, 160
188.77, 160
188.79, 160
188.83, 160
188.86, 160
188.89, 160
188.93, 160
188.95, 160
188.99, 160
189.03, 160
189.07, 160
189.10, 160
189.13, 160
189.16, 160
189.20, 160
189.22, 160
189.25, 160
189.28, 160
194.14, 160
194.18, 160
194.21, 160
194.24, 160
194.27, 160
194.30, 160
194.33, 160
194.44, 160
194.47, 160
194.50, 160
194.54, 160
194.57, 160
194.61, 160
194.64, 160
194.68, 160
194.71, 160
194.74, 160
194.78, 160
194.81, 160
194.85, 160
194.88, 160
194.91, 160
194.94, 160
194.97, 160
202.74, 160
202.77, 160
202.80, 160
202.93, 160
202.96, 160
202.98, 160
203.01, 160
203.05, 160
203.08, 160
203.11, 160
203.15, 160
203.17, 160
203.21, 160
203.25, 160
203.28, 160
206.54, 160
206.57, 160
206.60, 160
206.63, 160
206.65, 160
206.69, 160
206.71, 160
206.74, 160
206.78, 160
206.80, 160
206.83, 160
207.07, 160
207.10, 160
207.12, 160
207.15, 160
207.18, 160
207.21, 160
207.24, 160
207.27, 160
207.30, 160
207.34, 160
207.37, 160
207.40, 160
210.92, 160
210.96, 160
210.99, 160
225.19, 160
225.22, 160
225.26, 160
225.29, 160
225.31, 160
225.34, 160
225.37, 160
225.41, 160
225.44, 160
225.48, 160
225.51, 160
225.53, 160
225.94, 160
225.97, 160
226.00, 160
226.06, 160
226.09, 160
226.15, 160
226.19, 160
226.21, 160
226.24, 160
226.27, 160
226.30, 160
226.32, 160
226.35, 160
227.13, 160
227.16, 160
227.19, 160
227.22, 160
227.25, 160
227.29, 160
227.32, 160
227.34, 160
227.38, 160
227.74, 160
227.77, 160
227.80, 160
227.84, 160
227.87, 160
227.90, 160
227.93, 160
228.35, 160
228.39, 160
228.42, 160
228.45, 160
229.65, 160
229.69, 160
231.12, 160
231.15, 160
231.19, 160
231.22, 160
231.26, 160
231.30, 160
231.33, 160
231.36, 160
231.39, 160
233.65, 160
233.69, 160
233.72, 160
233.75, 160
233.78, 160
233.81, 160
233.84, 160
233.88, 160
233.90, 160
233.94, 160
233.96, 160
233.99, 160
234.09, 160
234.47, 160
234.51, 160
234.54, 160
236.58, 160
236.61, 160
236.64, 160
236.67, 160
236.80, 160
236.83, 160
236.86, 160
236.89, 160
236.92, 160
236.95, 160
236.98, 160
237.01, 160
237.04, 160
237.07, 160
237.10, 160
237.13, 160
237.15, 160
237.19, 160
243.19, 160
243.23, 160
243.25, 160
243.28, 160
243.31, 160
243.33, 160
243.37, 160
243.40, 160
243.42, 160
243.46, 160
243.49, 160
243.52, 160
243.55, 160
245.34, 160
245.49, 160
245.52, 160
245.55, 160
245.58, 160
245.61, 160
248.42, 160
248.45, 160
248.48, 160
248.51, 160
249.53, 160
249.55, 160
249.58, 160
249.62, 160
249.66, 160
249.69, 160
249.72, 160
249.76, 160
249.79, 160
249.82, 160
249.85, 160
249.88, 160
249.92, 160
249.95, 160
250.00, 160
250.02, 160
250.09, 160
257.27, 160
257.30, 160
257.33, 160
257.36, 160
257.39, 160
257.43, 160
257.46, 160
257.49, 160
257.52, 160
260.03, 160
260.06, 160
260.09, 160
260.13, 160
260.16, 160
260.19, 160
260.21, 160
260.25, 160
260.28, 160
260.32, 160
260.35, 160
260.38, 160
260.41, 160
260.43, 160
260.78, 160
260.81, 160
260.84, 160
260.87, 160
260.90, 160
260.93, 160
260.96, 160
261.00, 160
261.03, 160
261.06, 160
261.10, 160
261.98, 160
262.02, 160
262.05, 160
262.07, 160
262.10, 160
262.14, 160
262.17, 160
262.20, 160
262.23, 160
262.26, 160
262.29, 160
262.41, 160
262.53, 160
262.57, 160
262.60, 160
262.63, 160
262.67, 160
262.70, 160
262.78, 160
262.81, 160
262.83, 160
262.86, 160
262.89, 160
265.30, 160
265.33, 160
265.36, 160
265.39, 160
265.42, 160
265.46, 160
265.48, 160
265.51, 160
265.54, 160
265.56, 160
265.60, 160
265.63, 160
265.66, 160
265.69, 160
265.73, 160
265.76, 160
265.80, 160
265.83, 160
265.86, 160
265.89, 160
265.92, 160
265.95, 160
265.98, 160
266.01, 160
266.04, 160
266.07, 160
266.20, 160
266.24, 160
266.31, 160
266.35, 160
266.38, 160
266.81, 160
266.85, 160
266.88, 160
266.92, 160
266.95, 160
266.98, 160
267.01, 160
269.93, 160
270.61, 160
271.03, 160
271.06, 160
271.10, 160
272.70, 160
272.73, 160
272.76, 160
272.80, 160
272.83, 160
273.37, 160
273.40, 160
273.43, 160
273.46, 160
273.49, 160
273.52, 160
276.14, 160
276.17, 160
276.20, 160
276.25, 160
276.29, 160
276.31, 160
276.35, 160
276.38, 160
276.41, 160
276.44, 160
276.48, 160
276.55, 160
276.58, 160
276.62, 160
276.66, 160
276.69, 160
276.72, 160
276.76, 160
276.79, 160
276.83, 160
276.86, 160
276.88, 160
276.92, 160
286.25, 160
286.28, 160
286.31, 160
286.33, 160
286.37, 160
288.03, 160
288.60, 160
288.62, 160
288.66, 160
288.69, 160
288.72, 160
288.75, 160
288.77, 160
288.81, 160
288.83, 160
288.87, 160
288.90, 160
288.93, 160
288.96, 160
289.00, 160
289.02, 160
289.06, 160
289.09, 160
289.80, 160
296.99, 160
297.62, 160
297.65, 160
297.68, 160
297.71, 160
309.36, 160
309.39, 160
309.42, 160
309.46, 160
309.50, 160
309.53, 160
309.55, 160
309.58, 160
309.60, 160
309.63, 160
309.66, 160
309.70, 160
309.73, 160
309.76, 160
309.80, 160
309.83, 160
309.86, 160
309.89, 160
309.92, 160
309.96, 160
309.99, 160
310.02, 160
310.05, 160
310.08, 160
310.10, 160
310.13, 160
310.76, 160
311.26, 160
311.28, 160
311.32, 160
311.36, 160
311.38, 160
311.41, 160
311.45, 160
311.48, 160
311.52, 160
311.55, 160
311.58, 160
311.61, 160
311.64, 160
311.67, 160
311.71, 160
311.74, 160
311.78, 160
311.81, 160
311.85, 160
311.87, 160
311.91, 160
315.46, 160
315.49, 160
315.52, 160
321.23, 160
321.53, 160
321.56, 160
321.59, 160
321.62, 160
321.65, 160
321.69, 160
321.75, 160
321.79, 160
321.82, 160
321.85, 160
321.88, 160
322.57, 160
322.60, 160
322.63, 160
322.67, 160
324.41, 160
324.44, 160
324.46, 160
324.49, 160
324.52, 160
324.56, 160
324.59, 160
324.61, 160
324.64, 160
324.67, 160
324.71, 160
324.74, 160
324.78, 160
324.80, 160
324.83, 160
324.87, 160
324.89, 160
324.92, 160
324.96, 160
324.99, 160
325.03, 160
325.06, 160
325.09, 160
325.11, 160
325.14, 160
325.36, 160
325.40, 160
325.43, 160
325.52, 160
325.55, 160
325.58, 160
325.61, 160
325.67, 160
325.76, 160
325.79, 160
325.82, 160
325.86, 160
325.88, 160
325.91, 160
326.54, 160
326.57, 160
326.61, 160
326.64, 160
326.96, 160
327.00, 160
327.04, 160
327.07, 160
327.10, 160
327.64, 160
327.67, 160
327.70, 160
327.73, 160
327.76, 160
327.80, 160
327.83, 160
327.86, 160
327.90, 160
327.92, 160
327.95, 160
327.98, 160
328.01, 160
328.03, 160
328.06, 160
328.09, 160
328.12, 160
328.16, 160
328.19, 160
328.22, 160
328.24, 160
328.28, 160
328.31, 160
328.34, 160
328.37, 160
328.40, 160
328.42, 160
328.46, 160
328.49, 160
336.29, 160
336.33, 160
336.36, 160
336.39, 160
336.42, 160
337.83, 160
337.86, 160
337.89, 160
337.93, 160
338.42, 160
338.72, 160
339.10, 160
339.13, 160
339.16, 160
339.19, 160
339.22, 160
342.26, 160
342.53, 160
342.56, 160
352.26, 160
352.29, 160
352.33, 160
352.36, 160
352.39, 160
352.42, 160
352.44, 160
352.48, 160
352.51, 160
352.54, 160
352.56, 160
352.60, 160
352.62, 160
352.66, 160
352.78, 160
352.81, 160
352.84, 160
352.87, 160
352.90, 160
352.93, 160
352.96, 160
353.66, 160
353.69, 160
353.73, 160
353.76, 160
353.78, 160
353.81, 160
353.84, 160
353.89, 160
353.91, 160
353.95, 160
353.98, 160
354.02, 160
354.04, 160
354.07, 160
357.18, 160
357.21, 160
357.24, 160
357.27, 160
357.30, 160
357.33, 160
357.36, 160
357.40, 160
357.44, 160
357.46, 160
357.49, 160
357.53, 160
357.56, 160
357.83, 160
358.78, 160
358.81, 160
358.91, 160
358.94, 160
359.83, 160
359.86, 160
359.89, 160
359.92, 160
359.94, 160
359.98, 160
360.01, 160
360.04, 160
360.16, 160
360.19, 160
360.23, 160
360.26, 160
360.29, 160
360.32, 160
360.35, 160
360.38, 160
360.41, 160
360.44, 160
360.73, 160
363.09, 160
363.12, 160
363.15, 160
363.18, 160
369.67, 160
369.70, 160
369.73, 160
369.87, 160
369.91, 160
369.94, 160
369.96, 160
369.99, 160
370.02, 160
390.51, 160
390.54, 160
390.57, 160
390.60, 160
390.64, 160
390.67, 160
400.09, 160
401.47, 160
401.50, 160
401.53, 160
425.29, 160
425.32, 160
425.35, 160
425.38, 160
425.40, 160
425.44, 160
425.47, 160
425.66, 160
425.69, 160
425.72, 160
425.75, 160
425.79, 160
425.82, 160
425.85, 160
425.89, 160
425.92, 160
426.34, 160
426.37, 160
426.40, 160
427.88, 160
427.90, 160
427.93, 160
428.40, 160
431.18, 160
431.22, 160
431.25, 160
431.28, 160
431.32, 160
431.37, 160
431.40, 160
431.43, 160
431.46, 160
431.49, 160
431.52, 160
431.55, 160
431.59, 160
431.62, 160
431.66, 160
431.69, 160
431.72, 160
431.76, 160
431.78, 160
431.81, 160
431.85, 160
431.87, 160
431.90, 160
431.93, 160
431.96, 160
431.99, 160
432.03, 160
432.06, 160
432.09, 160
432.12, 160
432.15, 160
432.17, 160
432.20, 160
432.24, 160
432.27, 160
432.29, 160
432.33, 160
432.36, 160
432.75, 160
432.78, 160
432.81, 160
432.84, 160
432.87, 160
432.90, 160
432.93, 160
432.96, 160
432.99, 160
433.03, 160
433.06, 160
433.09, 160
433.12, 160
433.16, 160
433.19, 160
433.23, 160
433.27, 160
433.30, 160
433.34, 160
433.37, 160
433.40, 160
433.43, 160
434.80, 160
434.83, 160
434.86, 160
434.89, 160
434.91, 160
434.94, 160
434.97, 160
435.01, 160
435.05, 160
435.08, 160
435.27, 160
435.30, 160
435.33, 160
435.37, 160
435.40, 160
436.75, 160
436.78, 160
436.81, 160
436.86, 160
436.90, 160
436.93, 160
436.97, 160
437.60, 160
437.63, 160
437.65, 160
437.69, 160
437.71, 160
437.74, 160
437.77, 160
437.81, 160
437.84, 160
437.87, 160
437.90, 160
437.93, 160
437.96, 160
437.98, 160
438.02, 160
438.05, 160
438.09, 160
438.12, 160
438.14, 160
438.17, 160
438.20, 160
452.90, 160
452.94, 160
452.97, 160
453.28, 160
463.68, 160
463.71, 160
463.74, 160
463.77, 160
463.79, 160
463.82, 160
463.92, 160
463.95, 160
463.98, 160
464.01, 160
466.27, 160
466.30, 160
466.33, 160
466.36, 160
466.40, 160
466.43, 160
466.46, 160
466.50, 160
466.52, 160
466.55, 160
466.59, 160
466.82, 160
466.85, 160
466.92, 160
466.95, 160
466.99, 160
467.02, 160
467.04, 160
467.08, 160
467.12, 160
467.15, 160
467.19, 160
467.26, 160
467.29, 160
467.33, 160
467.36, 160
467.39, 160
467.41, 160
467.44, 160
467.48, 160
467.51, 160
469.84, 160
469.87, 160
469.91, 160
469.94, 160
469.96, 160
470.44, 160
470.46, 160
470.50, 160
470.53, 160
470.57, 160
470.60, 160
470.62, 160
470.66, 160
470.69, 160
470.72, 160
470.75, 160
470.78, 160
470.81, 160
470.84, 160
470.87, 160
470.89, 160
470.92, 160
470.96, 160
470.99, 160
471.01, 160
471.93, 160
471.96, 160
471.99, 160
472.02, 160
472.48, 160
472.51, 160
472.54, 160
472.57, 160
472.60, 160
472.63, 160
472.67, 160
472.71, 160
472.74, 160
472.78, 160
472.81, 160
472.83, 160
472.87, 160
474.06, 160
481.19, 160
481.22, 160
481.25, 160
481.28, 160
481.31, 160
481.35, 160
481.38, 160
481.41, 160
481.44, 160
485.21, 160
485.24, 160
485.28, 160
487.95, 160
487.98, 160
488.02, 160
488.06, 160
488.09, 160
488.12, 160
488.15, 160
488.17, 160
488.21, 160
488.23, 160
488.26, 160
488.94, 160
488.97, 160
489.00, 160
489.03, 160
489.05, 160
489.08, 160
489.11, 160
490.90, 160
490.92, 160
490.94, 160
490.98, 160
491.01, 160
491.13, 160
491.17, 160
491.20, 160
491.32, 160
491.35, 160
491.38, 160
491.42, 160
491.45, 160
491.48, 160
491.94, 160
491.98, 160
492.01, 160
492.04, 160
492.07, 160
492.10, 160
492.13, 160
492.78, 160
492.81, 160
492.84, 160
492.87, 160
492.90, 160
492.93, 160
492.97, 160
493.00, 160
493.04, 160
493.07, 160
493.10, 160
493.13, 160
493.16, 160
493.18, 160
493.22, 160
493.25, 160
493.28, 160
493.30, 160
493.46, 160
493.49, 160
493.52, 160
493.55, 160
493.57, 160
493.60, 160
493.62, 160
493.66, 160
493.69, 160
493.72, 160
493.75, 160
493.78, 160
493.80, 160
493.83, 160
493.86, 160
494.18, 160
494.20, 160
494.23, 160
494.26, 160
494.29, 160
494.32, 160
494.34, 160
494.37, 160
494.41, 160
494.44, 160
494.47, 160
494.51, 160
494.54, 160
494.57, 160
494.61, 160
494.63, 160
497.26, 160
497.29, 160
497.32, 160
497.35, 160
497.38, 160
497.40, 160
497.80, 160
497.83, 160
503.75, 160
503.78, 160
507.71, 160
507.74, 160
507.77, 160
527.15, 160
527.18, 160
528.91, 160
528.94, 160
528.97, 160
529.01, 160
529.04, 160
529.08, 160
529.11, 160
529.15, 160
529.17, 160
529.20, 160
529.23, 160
529.26, 160
529.30, 160
529.33, 160
529.36, 160
529.40, 160
529.43, 160
529.46, 160
530.58, 160
530.61, 160
530.63, 160
530.66, 160
530.69, 160
530.73, 160
530.75, 160
530.78, 160
530.81, 160
530.85, 160
530.88, 160
530.91, 160
530.95, 160
530.98, 160
531.02, 160
531.05, 160
531.08, 160
531.47, 160
531.49, 160
531.52, 160
531.55, 160
531.95, 160
532.35, 160
532.38, 160
532.41, 160
532.44, 160
532.46, 160
532.49, 160
532.52, 160
532.55, 160
532.58, 160
532.61, 160
532.64, 160
532.67, 160
532.70, 160
532.73, 160
539.02, 160
539.06, 160
539.09, 160
539.12, 160
539.17, 160
539.20, 160
539.23, 160
539.27, 160
539.30, 160
539.42, 160
539.45, 160
539.87, 160
539.91, 160
539.94, 160
539.98, 160
540.02, 160
540.05, 160
540.07, 160
540.10, 160
540.13, 160
540.16, 160
540.19, 160
540.23, 160
540.26, 160
540.29, 160
540.32, 160
540.35, 160
541.35, 160
541.38, 160
541.42, 160
541.45, 160
541.49, 160
541.52, 160
541.55, 160
541.58, 160
541.61, 160
541.64, 160
541.67, 160
541.70, 160
541.74, 160
541.77, 160
541.80, 160
541.83, 160
544.45, 160
544.69, 160
544.72, 160
544.75, 160
544.79, 160
544.82, 160
544.85, 160
544.89, 160
547.98, 160
548.01, 160
548.04, 160
548.06, 160
548.10, 160
548.12, 160
548.15, 160
548.19, 160
548.22, 160
548.25, 160
548.64, 160
548.66, 160
548.70, 160
549.86, 160
549.89, 160
549.93, 160
549.96, 160
549.99, 160
550.02, 160
550.06, 160
550.08, 160
550.11, 160
551.98, 160
552.01, 160
552.20, 160
552.35, 160
552.37, 160
552.40, 160
552.44, 160
552.47, 160
552.50, 160
552.54, 160
552.56, 160
552.60, 160
552.69, 160
552.72, 160
552.75, 160
552.79, 160
552.82, 160
552.86, 160
552.90, 160
552.93, 160
552.97, 160
553.00, 160
553.03, 160
553.05, 160
553.08, 160
553.11, 160
553.14, 160
553.18, 160
553.20, 160
553.85, 160
553.89, 160
553.91, 160
553.94, 160
553.97, 160
554.00, 160
554.03, 160
554.18, 160
554.21, 160
554.81, 160
554.94, 160
554.98, 160
555.01, 160
555.17, 160
555.20, 160
555.23, 160
555.25, 160
555.29, 160
555.32, 160
555.36, 160
557.12, 160
557.14, 160
557.17, 160
557.20, 160
557.24, 160
579.61, 160
579.63, 160
579.66, 160
579.69, 160
579.72, 160
579.75, 160
579.78, 160
579.82, 160
587.15, 160
587.17, 160
587.21, 160
587.24, 160
587.27, 160
587.30, 160
588.32, 160
588.35, 160
588.39, 160
596.89, 160
596.93, 160
596.96, 160
596.99, 160
597.03, 160
597.06, 160
597.09, 160
597.12, 160
597.15, 160
597.18, 160
597.22, 160
597.25, 160
