0.26, 165
0.28, 164
0.31, 164
0.35, 164
0.37, 164
0.41, 164
0.44, 164
0.47, 164
0.52, 164
0.56, 163
0.59, 162
1.14, 162
1.17, 162
1.23, 162
1.26, 162
1.29, 162
1.32, 162
1.36, 162
1.39, 162
1.41, 162
1.44, 162
1.48, 162
1.51, 162
1.54, 162
1.57, 162
1.61, 162
1.64, 162
1.67, 161
1.71, 161
1.73, 161
1.76, 161
2.95, 161
2.98, 161
3.01, 161
3.04, 161
3.65, 161
3.68, 161
4.53, 161
4.57, 161
4.60, 161
4.76, 161
4.79, 161
4.82, 161
4.85, 161
4.88, 161
4.91, 161
4.94, 161
4.98, 161
5.03, 161
5.06, 161
5.10, 161
5.13, 161
5.16, 161
5.19, 161
5.23, 161
5.26, 161
5.30, 161
5.34, 161
5.81, 161
5.84, 161
7.29, 160
7.32, 160
7.37, 160
7.41, 160
7.69, 160
7.73, 160
7.76, 160
7.79, 160
7.82, 160
7.87, 160
12.28, 160
12.31, 160
12.35, 160
12.39, 160
12.42, 160
12.45, 160
12.49, 160
12.52, 160
12.55, 160
12.58, 160
12.61, 160
12.64, 160
12.67, 160
14.87, 160
14.90, 160
15.00, 160
15.03, 160
15.06, 160
15.09, 160
17.40, 160
17.43, 160
17.46, 160
17.49, 160
17.53, 160
17.55, 160
17.58, 160
17.61, 160
17.64, 160
17.67, 160
17.71, 160
17.75, 160
17.81, 160
17.84, 160
18.19, 160
18.22, 160
18.25, 160
18.28, 160
18.39, 160
18.43, 160
18.46, 160
22.58, 160
22.62, 160
22.65, 160
24.08, 160
24.11, 160
24.13, 160
24.16, 160
24.19, 160
24.22, 160
24.25, 160
24.29, 160
24.32, 160
24.35, 160
24.39, 160
24.41, 160
24.45, 160
24.48, 160
24.51, 160
27.08, 160
27.11, 160
27.15, 160
27.19, 160
27.22, 160
27.25, 160
27.28, 160
27.31, 160
27.35, 160
27.38, 160
27.41, 160
27.43, 160
27.47, 160
27.50, 160
27.54, 160
27.57, 160
27.60, 160
27.64, 160
27.67, 160
27.70, 160
27.73, 160
27.76, 160
27.78, 160
27.82, 160
27.84, 160
28.12, 160
34.84, 160
34.88, 160
34.92, 160
34.95, 160
34.98, 160
35.02, 160
35.06, 160
35.10, 160
35.13, 160
35.17, 160
35.20, 160
35.24, 160
35.27, 160
57.63, 160
57.65, 160
57.68, 160
57.73, 160
71.40, 160
71.44, 160
71.47, 160
71.62, 160
71.65, 160
71.69, 160
71.72, 160
71.75, 160
71.79, 160
71.82, 160
71.85, 160
71.88, 160
71.91, 160
71.94, 160
71.98, 160
72.00, 160
72.03, 160
72.07, 160
72.09, 160
72.12, 160
72.15, 160
72.18, 160
72.21, 160
72.24, 160
73.22, 160
73.24, 160
73.27, 160
73.30, 160
73.33, 160
73.36, 160
73.39, 160
73.43, 160
73.46, 160
73.49, 160
73.52, 160
73.55, 160
73.58, 160
73.61, 160
73.65, 160
77.57, 160
77.60, 160
77.64, 160
77.67, 160
77.70, 160
77.73, 160
77.76, 160
77.79, 160
77.82, 160
77.85, 160
79.22, 160
79.25, 160
79.29, 160
79.32, 160
79.35, 160
79.39, 160
79.42, 160
79.45, 160
79.48, 160
79.52, 160
79.55, 160
79.58, 160
79.61, 160
79.65, 160
79.67, 160
80.22, 160
80.25, 160
80.28, 160
80.32, 160
80.35, 160
80.38, 160
80.41, 160
80.44, 160
80.47, 160
80.50, 160
80.67, 160
80.70, 160
80.73, 160
80.76, 160
91.65, 160
91.69, 160
91.71, 160
91.74, 160
91.77, 160
91.81, 160
91.84, 160
91.91, 160
91.95, 160
91.98, 160
92.01, 160
92.95, 160
92.98, 160
93.02, 160
93.05, 160
93.30, 160
93.39, 160
93.42, 160
93.46, 160
93.49, 160
93.53, 160
93.57, 160
93.59, 160
93.62, 160
93.65, 160
95.57, 160
95.60, 160
95.63, 160
95.66, 160
95.70, 160
95.74, 160
95.77, 160
95.80, 160
95.83, 160
95.86, 160
95.89, 160
95.92, 160
95.96, 160
96.02, 160
96.05, 160
103.21, 160
103.24, 160
103.27, 160
103.31, 160
103.34, 160
103.37, 160
104.57, 160
104.61, 160
104.76, 160
104.79, 160
104.82, 160
104.86, 160
104.90, 160
104.93, 160
104.98, 160
105.01, 160
105.04, 160
105.07, 160
105.10, 160
105.13, 160
105.17, 160
105.20, 160
105.23, 160
105.26, 160
105.29, 160
105.32, 160
105.35, 160
105.38, 160
105.42, 160
105.45, 160
105.47, 160
105.51, 160
105.54, 160
105.57, 160
105.60, 160
105.63, 160
120.36, 160
120.40, 160
120.42, 160
120.46, 160
120.49, 160
120.72, 160
120.75, 160
120.78, 160
120.81, 160
120.84, 160
120.86, 160
120.89, 160
120.92, 160
120.95, 160
120.99, 160
121.02, 160
121.07, 160
121.10, 160
121.13, 160
121.16, 160
121.19, 160
121.21, 160
121.24, 160
121.27, 160
121.30, 160
121.34, 160
121.37, 160
121.41, 160
121.43, 160
121.46, 160
121.49, 160
121.53, 160
121.55, 160
121.59, 160
124.15, 160
124.18, 160
126.89, 160
126.93, 160
126.97, 160
127.00, 160
127.03, 160
127.06, 160
127.10, 160
127.13, 160
127.16, 160
127.20, 160
127.24, 160
127.26, 160
127.29, 160
127.32, 160
127.35, 160
127.38, 160
127.42, 160
127.45, 160
127.48, 160
127.52, 160
127.55, 160
127.58, 160
127.61, 160
127.65, 160
127.68, 160
127.72, 160
127.75, 160
130.26, 160
131.92, 160
131.95, 160
131.99, 160
132.02, 160
132.05, 160
132.08, 160
132.11, 160
132.30, 160
132.33, 160
132.36, 160
132.40, 160
132.43, 160
132.46, 160
132.49, 160
132.79, 160
132.82, 160
132.85, 160
132.88, 160
132.92, 160
132.94, 160
132.98, 160
133.01, 160
133.04, 160
133.08, 160
133.10, 160
133.13, 160
133.16, 160
133.19, 160
133.22, 160
133.25, 160
133.28, 160
133.31, 160
133.34, 160
133.37, 160
133.41, 160
133.44, 160
133.47, 160
133.49, 160
134.22, 160
134.26, 160
134.29, 160
134.32, 160
134.37, 160
134.39, 160
134.42, 160
134.45, 160
134.48, 160
134.51, 160
134.55, 160
134.59, 160
134.62, 160
137.53, 160
153.58, 160
153.61, 160
154.23, 160
154.26, 160
154.44, 160
154.47, 160
154.50, 160
154.53, 160
154.57, 160
154.60, 160
154.64, 160
154.67, 160
154.70, 160
154.72, 160
154.76, 160
154.79, 160
156.41, 160
156.44, 160
156.47, 160
156.50, 160
156.53, 160
156.56, 160
156.59, 160
156.62, 160
156.65, 160
156.68, 160
156.71, 160
175.08, 160
175.11, 160
175.48, 160
175.51, 160
175.53, 160
175.56, 160
175.59, 160
175.62, 160
175.74, 160
175.78, 160
175.81, 160
175.84, 160
175.87, 160
175.91, 160
175.93, 160
175.97, 160
176.00, 160
176.03, 160
177.74, 160
177.78, 160
177.80, 160
177.83, 160
177.97, 160
178.00, 160
178.03, 160
178.06, 160
178.12, 160
178.15, 160
178.19, 160
178.22, 160
178.25, 160
178.29, 160
178.33, 160
178.35, 160
178.39, 160
178.43, 160
178.47, 160
178.50, 160
178.53, 160
178.56, 160
178.59, 160
178.63, 160
178.66, 160
178.69, 160
178.73, 160
178.77, 160
178.80, 160
178.84, 160
178.87, 160
178.91, 160
178.94, 160
179.53, 160
179.56, 160
179.60, 160
179.63, 160
179.65, 160
179.68, 160
179.70, 160
179.76, 160
179.80, 160
179.83, 160
179.86, 160
179.90, 160
179.93, 160
181.74, 160
181.77, 160
181.80, 160
181.84, 160
181.88, 160
181.92, 160
181.95, 160
181.99, 160
182.02, 160
182.06, 160
182.09, 160
182.12, 160
182.27, 160
182.30, 160
182.33, 160
182.36, 160
182.40, 160
182.43, 160
182.47, 160
182.51, 160
182.91, 160
183.88, 160
183.90, 160
183.94, 160
183.97, 160
184.00, 160
184.03, 160
184.06, 160
184.09, 160
184.12, 160
184.14, 160
184.17, 160
184.20, 160
184.26, 160
184.29, 160
184.32, 160
184.46, 160
184.50, 160
184.57, 160
184.60, 160
184.63, 160
184.65, 160
184.69, 160
184.71, 160
184.75, 160
184.78, 160
184.82, 160
184.86, 160
184.89, 160
184.92, 160
184.95, 160
184.97, 160
193.50, 160
193.54, 160
193.73, 160
193.76, 160
194.49, 160
194.52, 160
194.56, 160
194.60, 160
194.63, 160
194.66, 160
194.69, 160
194.71, 160
194.74, 160
194.77, 160
194.81, 160
194.84, 160
194.88, 160
194.91, 160
194.94, 160
194.98, 160
195.01, 160
195.04, 160
195.07, 160
195.11, 160
195.14, 160
195.17, 160
195.20, 160
195.22, 160
200.30, 160
200.33, 160
200.36, 160
200.39, 160
200.42, 160
200.45, 160
200.48, 160
200.60, 160
200.64, 160
200.67, 160
200.70, 160
200.74, 160
200.78, 160
200.81, 160
200.85, 160
200.87, 160
200.91, 160
200.94, 160
200.97, 160
201.00, 160
201.04, 160
201.07, 160
201.10, 160
201.12, 160
209.20, 160
209.23, 160
209.26, 160
209.40, 160
209.43, 160
209.45, 160
209.49, 160
209.52, 160
209.55, 160
209.58, 160
209.61, 160
209.64, 160
209.67, 160
209.72, 160
209.75, 160
212.97, 160
213.00, 160
213.03, 160
213.05, 160
213.08, 160
213.12, 160
213.16, 160
213.19, 160
213.22, 160
213.25, 160
213.28, 160
213.52, 160
213.55, 160
213.57, 160
213.60, 160
213.63, 160
213.66, 160
213.68, 160
213.71, 160
213.75, 160
213.77, 160
213.80, 160
213.83, 160
217.33, 160
217.36, 160
217.39, 160
231.97, 160
232.01, 160
232.05, 160
232.08, 160
232.11, 160
232.14, 160
232.17, 160
232.21, 160
232.24, 160
232.27, 160
232.31, 160
232.34, 160
232.76, 160
232.79, 160
232.82, 160
232.88, 160
232.91, 160
232.97, 160
233.01, 160
233.03, 160
233.06, 160
233.09, 160
233.12, 160
233.15, 160
233.18, 160
233.97, 160
234.01, 160
234.04, 160
234.07, 160
234.10, 160
234.14, 160
234.17, 160
234.20, 160
234.23, 160
234.58, 160
234.61, 160
234.64, 160
234.67, 160
234.71, 160
234.74, 160
234.77, 160
235.20, 160
235.23, 160
235.26, 160
235.29, 160
236.51, 160
236.55, 160
238.02, 160
238.05, 160
238.09, 160
238.12, 160
238.16, 160
238.19, 160
238.22, 160
238.25, 160
238.28, 160
240.61, 160
240.64, 160
240.67, 160
240.70, 160
240.74, 160
240.77, 160
240.81, 160
240.84, 160
240.87, 160
240.91, 160
240.94, 160
240.96, 160
241.06, 160
241.46, 160
241.50, 160
241.52, 160
243.72, 160
243.75, 160
243.78, 160
243.82, 160
243.96, 160
243.99, 160
244.01, 160
244.04, 160
244.07, 160
244.11, 160
244.15, 160
244.18, 160
244.22, 160
244.26, 160
244.30, 160
244.33, 160
244.36, 160
244.40, 160
250.61, 160
250.64, 160
250.67, 160
250.70, 160
250.74, 160
250.76, 160
250.79, 160
250.82, 160
250.85, 160
250.88, 160
250.92, 160
250.95, 160
250.99, 160
252.83, 160
252.99, 160
253.03, 160
253.05, 160
253.09, 160
253.12, 160
256.20, 160
256.24, 160
256.26, 160
256.29, 160
257.37, 160
257.39, 160
257.43, 160
257.47, 160
257.50, 160
257.55, 160
257.58, 160
257.62, 160
257.64, 160
257.67, 160
257.71, 160
257.74, 160
257.77, 160
257.80, 160
257.85, 160
257.88, 160
257.95, 160
265.43, 160
265.46, 160
265.48, 160
265.52, 160
265.55, 160
265.58, 160
265.61, 160
265.64, 160
265.67, 160
268.18, 160
268.22, 160
268.25, 160
268.28, 160
268.32, 160
268.35, 160
268.38, 160
268.41, 160
268.44, 160
268.48, 160
268.51, 160
268.54, 160
268.57, 160
268.60, 160
268.96, 160
268.99, 160
269.02, 160
269.05, 160
269.08, 160
269.12, 160
269.15, 160
269.18, 160
269.22, 160
269.24, 160
269.28, 160
270.18, 160
270.21, 160
270.24, 160
270.26, 160
270.30, 160
270.34, 160
270.38, 160
270.41, 160
270.44, 160
270.47, 160
270.50, 160
270.63, 160
270.75, 160
270.79, 160
270.82, 160
270.85, 160
270.88, 160
270.91, 160
271.00, 160
271.03, 160
271.06, 160
271.09, 160
271.12, 160
273.56, 160
273.59, 160
273.62, 160
273.65, 160
273.68, 160
273.72, 160
273.75, 160
273.78, 160
273.81, 160
273.84, 160
273.88, 160
273.90, 160
273.93, 160
273.96, 160
274.01, 160
274.04, 160
274.09, 160
274.12, 160
274.16, 160
274.19, 160
274.22, 160
274.25, 160
274.28, 160
274.31, 160
274.35, 160
274.38, 160
274.50, 160
274.54, 160
274.62, 160
274.66, 160
274.69, 160
275.12, 160
275.15, 160
275.19, 160
275.22, 160
275.24, 160
275.28, 160
275.30, 160
278.35, 160
279.08, 160
279.50, 160
279.53, 160
279.56, 160
281.20, 160
281.23, 160
281.26, 160
281.29, 160
281.32, 160
281.91, 160
281.94, 160
281.97, 160
282.01, 160
282.04, 160
282.07, 160
284.76, 160
284.79, 160
284.82, 160
284.88, 160
284.91, 160
284.94, 160
284.97, 160
285.00, 160
285.03, 160
285.07, 160
285.11, 160
285.17, 160
285.21, 160
285.24, 160
285.27, 160
285.30, 160
285.33, 160
285.36, 160
285.40, 160
285.43, 160
285.46, 160
285.49, 160
285.52, 160
295.24, 160
295.28, 160
295.31, 160
295.34, 160
295.38, 160
297.14, 160
297.71, 160
297.75, 160
297.78, 160
297.81, 160
297.83, 160
297.87, 160
297.90, 160
297.93, 160
297.96, 160
298.00, 160
298.04, 160
298.06, 160
298.09, 160
298.13, 160
298.15, 160
298.19, 160
298.22, 160
298.97, 160
306.45, 160
307.10, 160
307.14, 160
307.18, 160
307.21, 160
319.02, 160
319.05, 160
319.08, 160
319.11, 160
319.15, 160
319.18, 160
319.20, 160
319.23, 160
319.26, 160
319.29, 160
319.32, 160
319.35, 160
319.39, 160
319.42, 160
319.45, 160
319.48, 160
319.51, 160
319.54, 160
319.57, 160
319.61, 160
319.65, 160
319.67, 160
319.70, 160
319.73, 160
319.75, 160
319.78, 160
320.39, 160
320.89, 160
320.92, 160
320.96, 160
321.00, 160
321.03, 160
321.06, 160
321.10, 160
321.13, 160
321.17, 160
321.19, 160
321.23, 160
321.26, 160
321.29, 160
321.32, 160
321.36, 160
321.39, 160
321.43, 160
321.47, 160
321.50, 160
321.53, 160
321.56, 160
325.18, 160
325.21, 160
325.24, 160
330.98, 160
331.27, 160
331.30, 160
331.33, 160
331.35, 160
331.39, 160
331.42, 160
331.48, 160
331.51, 160
331.54, 160
331.57, 160
331.60, 160
332.33, 160
332.36, 160
332.39, 160
332.43, 160
334.29, 160
334.32, 160
334.35, 160
334.38, 160
334.41, 160
334.45, 160
334.48, 160
334.51, 160
334.54, 160
334.57, 160
334.61, 160
334.64, 160
334.68, 160
334.71, 160
334.74, 160
334.77, 160
334.80, 160
334.83, 160
334.88, 160
334.91, 160
334.94, 160
334.97, 160
335.00, 160
335.02, 160
335.05, 160
335.28, 160
335.31, 160
335.34, 160
335.44, 160
335.47, 160
335.50, 160
335.53, 160
335.59, 160
335.68, 160
335.71, 160
335.74, 160
335.77, 160
335.80, 160
335.83, 160
336.46, 160
336.49, 160
336.53, 160
336.56, 160
336.87, 160
336.91, 160
336.95, 160
336.98, 160
337.02, 160
337.58, 160
337.60, 160
337.64, 160
337.67, 160
337.70, 160
337.73, 160
337.76, 160
337.80, 160
337.84, 160
337.87, 160
337.90, 160
337.93, 160
337.96, 160
337.99, 160
338.02, 160
338.06, 160
338.09, 160
338.13, 160
338.16, 160
338.19, 160
338.22, 160
338.25, 160
338.29, 160
338.32, 160
338.35, 160
338.38, 160
338.41, 160
338.44, 160
338.47, 160
346.64, 160
346.67, 160
346.70, 160
346.73, 160
346.76, 160
348.27, 160
348.31, 160
348.34, 160
348.38, 160
348.86, 160
349.16, 160
349.57, 160
349.60, 160
349.63, 160
349.66, 160
349.69, 160
352.81, 160
353.09, 160
353.12, 160
363.36, 160
363.39, 160
363.42, 160
363.45, 160
363.48, 160
363.51, 160
363.54, 160
363.58, 160
363.61, 160
363.65, 160
363.67, 160
363.70, 160
363.73, 160
363.77, 160
363.89, 160
363.93, 160
363.97, 160
363.99, 160
364.02, 160
364.06, 160
364.09, 160
364.84, 160
364.87, 160
364.91, 160
364.94, 160
364.97, 160
365.00, 160
365.02, 160
365.07, 160
365.09, 160
365.12, 160
365.15, 160
365.19, 160
365.22, 160
365.25, 160
368.44, 160
368.48, 160
368.50, 160
368.54, 160
368.57, 160
368.60, 160
368.63, 160
368.66, 160
368.70, 160
368.72, 160
368.75, 160
368.79, 160
368.82, 160
369.09, 160
370.07, 160
370.10, 160
370.21, 160
370.24, 160
371.14, 160
371.18, 160
371.21, 160
371.25, 160
371.27, 160
371.31, 160
371.34, 160
371.37, 160
371.49, 160
371.53, 160
371.57, 160
371.60, 160
371.63, 160
371.67, 160
371.70, 160
371.73, 160
371.76, 160
371.79, 160
372.10, 160
374.61, 160
374.65, 160
374.67, 160
374.70, 160
381.38, 160
381.42, 160
381.44, 160
381.59, 160
381.63, 160
381.66, 160
381.68, 160
381.72, 160
381.75, 160
402.63, 160
402.66, 160
402.69, 160
402.72, 160
402.75, 160
402.79, 160
412.61, 160
414.07, 160
414.09, 160
414.12, 160
