0.23, 165
0.25, 164
0.28, 164
0.31, 164
0.33, 164
0.36, 164
0.39, 164
0.41, 164
0.46, 164
0.48, 163
0.51, 162
0.97, 162
1.01, 162
1.06, 162
1.09, 162
1.12, 162
1.15, 162
1.18, 162
1.20, 162
1.23, 162
1.25, 162
1.29, 162
1.31, 162
1.35, 162
1.37, 162
1.41, 162
1.43, 162
1.46, 161
1.49, 161
1.52, 161
1.55, 161
2.55, 161
2.58, 161
2.60, 161
2.63, 161
3.15, 161
3.17, 161
3.88, 161
3.91, 161
3.93, 161
4.06, 161
4.09, 161
4.12, 161
4.14, 161
4.17, 161
4.20, 161
4.22, 161
4.26, 161
4.29, 161
4.32, 161
4.35, 161
4.37, 161
4.40, 161
4.42, 161
4.45, 161
4.48, 161
4.51, 161
4.54, 161
4.97, 161
5.00, 161
6.29, 160
6.31, 160
6.35, 160
6.38, 160
6.62, 160
6.65, 160
6.68, 160
6.71, 160
6.74, 160
6.77, 160
11.01, 160
11.04, 160
11.07, 160
11.11, 160
11.14, 160
11.16, 160
11.19, 160
11.22, 160
11.24, 160
11.27, 160
11.30, 160
11.32, 160
11.35, 160
13.17, 160
13.20, 160
13.29, 160
13.31, 160
13.34, 160
13.37, 160
15.35, 160
15.38, 160
15.41, 160
15.44, 160
15.46, 160
15.49, 160
15.52, 160
15.54, 160
15.57, 160
15.60, 160
15.64, 160
15.67, 160
15.72, 160
15.75, 160
16.05, 160
16.08, 160
16.10, 160
16.13, 160
16.23, 160
16.26, 160
16.29, 160
20.38, 160
20.41, 160
20.44, 160
21.81, 160
21.84, 160
21.86, 160
21.90, 160
21.92, 160
21.95, 160
21.99, 160
22.02, 160
22.06, 160
22.09, 160
22.12, 160
22.15, 160
22.18, 160
22.20, 160
22.24, 160
24.76, 160
24.78, 160
24.82, 160
24.86, 160
24.89, 160
24.92, 160
24.94, 160
24.98, 160
25.01, 160
25.04, 160
25.07, 160
25.10, 160
25.13, 160
25.16, 160
25.19, 160
25.22, 160
25.24, 160
25.27, 160
25.30, 160
25.33, 160
25.35, 160
25.37, 160
25.40, 160
25.43, 160
25.45, 160
25.71, 160
32.46, 160
32.49, 160
32.52, 160
32.55, 160
32.58, 160
32.62, 160
32.65, 160
32.69, 160
32.73, 160
32.76, 160
32.79, 160
32.83, 160
32.86, 160
52.84, 160
52.87, 160
52.89, 160
52.92, 160
64.75, 160
64.78, 160
64.81, 160
64.94, 160
64.97, 160
65.01, 160
65.04, 160
65.07, 160
65.10, 160
65.13, 160
65.16, 160
65.18, 160
65.21, 160
65.24, 160
65.27, 160
65.30, 160
65.33, 160
65.37, 160
65.39, 160
65.42, 160
65.44, 160
65.47, 160
65.50, 160
65.53, 160
66.41, 160
66.44, 160
66.46, 160
66.49, 160
66.52, 160
66.54, 160
66.57, 160
66.60, 160
66.63, 160
66.65, 160
66.68, 160
66.71, 160
66.74, 160
66.77, 160
66.80, 160
70.12, 160
70.15, 160
70.18, 160
70.20, 160
70.23, 160
70.25, 160
70.28, 160
70.30, 160
70.33, 160
70.35, 160
71.57, 160
71.59, 160
71.63, 160
71.66, 160
71.69, 160
71.72, 160
71.75, 160
71.77, 160
71.80, 160
71.83, 160
71.85, 160
71.88, 160
71.91, 160
71.93, 160
71.96, 160
72.40, 160
72.43, 160
72.45, 160
72.48, 160
72.50, 160
72.53, 160
72.55, 160
72.58, 160
72.61, 160
72.63, 160
72.78, 160
72.80, 160
72.83, 160
72.85, 160
82.14, 160
82.17, 160
82.20, 160
82.22, 160
82.24, 160
82.27, 160
82.30, 160
82.36, 160
82.39, 160
82.42, 160
82.44, 160
83.26, 160
83.29, 160
83.32, 160
83.35, 160
83.56, 160
83.63, 160
83.66, 160
83.69, 160
83.71, 160
83.74, 160
83.78, 160
83.81, 160
83.82, 160
83.85, 160
85.45, 160
85.48, 160
85.51, 160
85.53, 160
85.56, 160
85.59, 160
85.61, 160
85.64, 160
85.67, 160
85.69, 160
85.72, 160
85.74, 160
85.77, 160
85.82, 160
85.85, 160
91.93, 160
91.95, 160
91.98, 160
92.01, 160
92.03, 160
92.05, 160
93.09, 160
93.12, 160
93.24, 160
93.27, 160
93.30, 160
93.33, 160
93.36, 160
93.39, 160
93.42, 160
93.45, 160
93.48, 160
93.50, 160
93.53, 160
93.56, 160
93.58, 160
93.61, 160
93.64, 160
93.66, 160
93.69, 160
93.71, 160
93.74, 160
93.77, 160
93.79, 160
93.82, 160
93.84, 160
93.87, 160
93.89, 160
93.92, 160
93.95, 160
93.98, 160
106.46, 160
106.49, 160
106.52, 160
106.54, 160
106.57, 160
106.77, 160
106.80, 160
106.83, 160
106.85, 160
106.88, 160
106.90, 160
106.93, 160
106.96, 160
106.98, 160
107.01, 160
107.04, 160
107.07, 160
107.10, 160
107.13, 160
107.15, 160
107.18, 160
107.20, 160
107.22, 160
107.25, 160
107.27, 160
107.31, 160
107.33, 160
107.36, 160
107.39, 160
107.41, 160
107.44, 160
107.47, 160
107.50, 160
107.53, 160
109.72, 160
109.74, 160
112.04, 160
112.06, 160
112.10, 160
112.12, 160
112.15, 160
112.17, 160
112.20, 160
112.23, 160
112.25, 160
112.29, 160
112.32, 160
112.34, 160
112.37, 160
112.40, 160
112.42, 160
112.44, 160
112.47, 160
112.50, 160
112.53, 160
112.56, 160
112.59, 160
112.61, 160
112.64, 160
112.67, 160
112.70, 160
112.73, 160
112.76, 160
114.86, 160
116.32, 160
116.35, 160
116.37, 160
116.40, 160
116.42, 160
116.44, 160
116.47, 160
116.63, 160
116.65, 160
116.68, 160
116.71, 160
116.74, 160
116.76, 160
116.79, 160
117.04, 160
117.07, 160
117.10, 160
117.13, 160
117.16, 160
117.19, 160
117.22, 160
117.24, 160
117.27, 160
117.30, 160
117.32, 160
117.35, 160
117.37, 160
117.40, 160
117.43, 160
117.46, 160
117.48, 160
117.51, 160
117.54, 160
117.57, 160
117.60, 160
117.62, 160
117.65, 160
117.68, 160
118.29, 160
118.32, 160
118.35, 160
118.38, 160
118.41, 160
118.44, 160
118.47, 160
118.49, 160
118.52, 160
118.54, 160
118.57, 160
118.60, 160
118.63, 160
121.11, 160
134.85, 160
134.88, 160
135.40, 160
135.43, 160
135.59, 160
135.61, 160
135.64, 160
135.67, 160
135.70, 160
135.73, 160
135.76, 160
135.78, 160
135.80, 160
135.82, 160
135.85, 160
135.88, 160
137.23, 160
137.26, 160
137.29, 160
137.32, 160
137.35, 160
137.37, 160
137.40, 160
137.43, 160
137.45, 160
137.48, 160
137.50, 160
153.09, 160
153.12, 160
153.43, 160
153.46, 160
153.48, 160
153.51, 160
153.53, 160
153.56, 160
153.66, 160
153.69, 160
153.72, 160
153.74, 160
153.77, 160
153.80, 160
153.82, 160
153.85, 160
153.88, 160
153.90, 160
155.32, 160
155.35, 160
155.38, 160
155.41, 160
155.51, 160
155.54, 160
155.56, 160
155.59, 160
155.64, 160
155.66, 160
155.69, 160
155.72, 160
155.74, 160
155.77, 160
155.80, 160
155.82, 160
155.84, 160
155.87, 160
155.90, 160
155.93, 160
155.96, 160
155.98, 160
156.01, 160
156.04, 160
156.06, 160
156.09, 160
156.12, 160
156.15, 160
156.18, 160
156.21, 160
156.24, 160
156.27, 160
156.30, 160
156.78, 160
156.81, 160
156.84, 160
156.87, 160
156.89, 160
156.91, 160
156.94, 160
156.99, 160
157.02, 160
157.05, 160
157.07, 160
157.10, 160
157.13, 160
158.68, 160
158.71, 160
158.74, 160
158.77, 160
158.80, 160
158.84, 160
158.86, 160
158.89, 160
158.92, 160
158.96, 160
158.98, 160
159.01, 160
159.13, 160
159.16, 160
159.19, 160
159.22, 160
159.25, 160
159.28, 160
159.31, 160
159.34, 160
159.69, 160
160.52, 160
160.55, 160
160.57, 160
160.60, 160
160.63, 160
160.65, 160
160.68, 160
160.71, 160
160.74, 160
160.76, 160
160.79, 160
160.81, 160
160.86, 160
160.89, 160
160.91, 160
161.02, 160
161.05, 160
161.10, 160
161.13, 160
161.16, 160
161.18, 160
161.21, 160
161.23, 160
161.26, 160
161.29, 160
161.32, 160
161.35, 160
161.38, 160
161.40, 160
161.43, 160
161.45, 160
168.66, 160
168.69, 160
168.86, 160
168.88, 160
169.50, 160
169.53, 160
169.56, 160
169.59, 160
169.62, 160
169.64, 160
169.67, 160
169.69, 160
169.71, 160
169.73, 160
169.76, 160
169.79, 160
169.82, 160
169.84, 160
169.88, 160
169.91, 160
169.94, 160
169.97, 160
169.99, 160
170.02, 160
170.04, 160
170.07, 160
170.09, 160
170.12, 160
174.44, 160
174.47, 160
174.49, 160
174.52, 160
174.54, 160
174.57, 160
174.60, 160
174.69, 160
174.72, 160
174.75, 160
174.78, 160
174.81, 160
174.84, 160
174.87, 160
174.89, 160
174.92, 160
174.95, 160
174.98, 160
175.01, 160
175.03, 160
175.06, 160
175.09, 160
175.11, 160
175.14, 160
182.05, 160
182.08, 160
182.10, 160
182.21, 160
182.24, 160
182.26, 160
182.29, 160
182.32, 160
182.34, 160
182.37, 160
182.40, 160
182.42, 160
182.45, 160
182.48, 160
182.51, 160
185.31, 160
185.34, 160
185.37, 160
185.39, 160
185.41, 160
185.44, 160
185.46, 160
185.49, 160
185.52, 160
185.54, 160
185.57, 160
185.77, 160
185.80, 160
185.82, 160
185.85, 160
185.87, 160
185.89, 160
185.92, 160
185.94, 160
185.97, 160
186.00, 160
186.02, 160
186.04, 160
189.09, 160
189.12, 160
189.15, 160
201.56, 160
201.59, 160
201.62, 160
201.65, 160
201.67, 160
201.70, 160
201.73, 160
201.77, 160
201.79, 160
201.82, 160
201.85, 160
201.87, 160
202.22, 160
202.25, 160
202.28, 160
202.33, 160
202.35, 160
202.41, 160
202.44, 160
202.46, 160
202.49, 160
202.51, 160
202.54, 160
202.57, 160
202.59, 160
203.29, 160
203.32, 160
203.35, 160
203.37, 160
203.40, 160
203.43, 160
203.46, 160
203.48, 160
203.51, 160
203.81, 160
203.84, 160
203.87, 160
203.90, 160
203.93, 160
203.95, 160
203.98, 160
204.35, 160
204.37, 160
204.40, 160
204.43, 160
205.48, 160
205.51, 160
206.76, 160
206.79, 160
206.82, 160
206.85, 160
206.88, 160
206.91, 160
206.94, 160
206.97, 160
206.99, 160
208.98, 160
209.00, 160
209.03, 160
209.05, 160
209.08, 160
209.11, 160
209.14, 160
209.17, 160
209.19, 160
209.22, 160
209.25, 160
209.27, 160
209.36, 160
209.70, 160
209.73, 160
209.76, 160
211.56, 160
211.60, 160
211.62, 160
211.65, 160
211.76, 160
211.79, 160
211.81, 160
211.83, 160
211.86, 160
211.89, 160
211.91, 160
211.94, 160
211.98, 160
212.00, 160
212.03, 160
212.06, 160
212.08, 160
212.11, 160
217.45, 160
217.48, 160
217.51, 160
217.53, 160
217.56, 160
217.58, 160
217.60, 160
217.63, 160
217.65, 160
217.68, 160
217.71, 160
217.74, 160
217.76, 160
219.33, 160
219.46, 160
219.49, 160
219.51, 160
219.54, 160
219.57, 160
222.11, 160
222.15, 160
222.17, 160
222.21, 160
223.10, 160
223.12, 160
223.15, 160
223.18, 160
223.21, 160
223.24, 160
223.27, 160
223.30, 160
223.32, 160
223.35, 160
223.37, 160
223.40, 160
223.43, 160
223.45, 160
223.50, 160
223.52, 160
223.58, 160
229.82, 160
229.84, 160
229.86, 160
229.89, 160
229.93, 160
229.96, 160
229.98, 160
230.01, 160
230.03, 160
232.22, 160
232.25, 160
232.28, 160
232.31, 160
232.34, 160
232.37, 160
232.39, 160
232.42, 160
232.44, 160
232.48, 160
232.50, 160
232.53, 160
232.56, 160
232.58, 160
232.89, 160
232.91, 160
232.94, 160
232.97, 160
232.99, 160
233.03, 160
233.05, 160
233.08, 160
233.11, 160
233.13, 160
233.16, 160
233.93, 160
233.96, 160
233.99, 160
234.01, 160
234.04, 160
234.07, 160
234.10, 160
234.13, 160
234.15, 160
234.18, 160
234.20, 160
234.31, 160
234.41, 160
234.44, 160
234.47, 160
234.50, 160
234.53, 160
234.55, 160
234.63, 160
234.65, 160
234.67, 160
234.70, 160
234.73, 160
236.82, 160
236.85, 160
236.87, 160
236.90, 160
236.93, 160
236.96, 160
236.98, 160
237.00, 160
237.03, 160
237.05, 160
237.09, 160
237.11, 160
237.14, 160
237.17, 160
237.20, 160
237.22, 160
237.26, 160
237.29, 160
237.32, 160
237.35, 160
237.38, 160
237.40, 160
237.43, 160
237.46, 160
237.48, 160
237.51, 160
237.62, 160
237.65, 160
237.72, 160
237.75, 160
237.78, 160
238.15, 160
238.18, 160
238.21, 160
238.23, 160
238.26, 160
238.29, 160
238.32, 160
240.90, 160
241.53, 160
241.92, 160
241.95, 160
241.98, 160
243.40, 160
243.43, 160
243.45, 160
243.48, 160
243.50, 160
243.99, 160
244.01, 160
244.04, 160
244.07, 160
244.10, 160
244.12, 160
246.40, 160
246.43, 160
246.45, 160
246.50, 160
246.53, 160
246.56, 160
246.59, 160
246.61, 160
246.64, 160
246.67, 160
246.70, 160
246.75, 160
246.78, 160
246.81, 160
246.84, 160
246.87, 160
246.89, 160
246.92, 160
246.95, 160
246.98, 160
247.01, 160
247.02, 160
247.05, 160
255.26, 160
255.29, 160
255.32, 160
255.34, 160
255.37, 160
256.83, 160
257.32, 160
257.35, 160
257.37, 160
257.39, 160
257.41, 160
257.44, 160
257.47, 160
257.49, 160
257.52, 160
257.55, 160
257.58, 160
257.60, 160
257.63, 160
257.66, 160
257.68, 160
257.71, 160
257.74, 160
258.36, 160
264.80, 160
265.37, 160
265.40, 160
265.43, 160
265.46, 160
275.45, 160
275.48, 160
275.50, 160
275.54, 160
275.57, 160
275.59, 160
275.62, 160
275.64, 160
275.66, 160
275.69, 160
275.71, 160
275.74, 160
275.77, 160
275.80, 160
275.83, 160
275.85, 160
275.88, 160
275.91, 160
275.94, 160
275.97, 160
275.99, 160
276.01, 160
276.04, 160
276.07, 160
276.09, 160
276.11, 160
276.64, 160
277.06, 160
277.08, 160
277.11, 160
277.14, 160
277.17, 160
277.20, 160
277.22, 160
277.25, 160
277.28, 160
277.30, 160
277.33, 160
277.36, 160
277.38, 160
277.41, 160
277.44, 160
277.47, 160
277.50, 160
277.53, 160
277.56, 160
277.58, 160
277.61, 160
280.70, 160
280.73, 160
280.76, 160
285.78, 160
286.03, 160
286.05, 160
286.07, 160
286.10, 160
286.13, 160
286.15, 160
286.21, 160
286.23, 160
286.26, 160
286.29, 160
286.32, 160
286.93, 160
286.96, 160
286.99, 160
287.02, 160
288.56, 160
288.58, 160
288.61, 160
288.63, 160
288.66, 160
288.69, 160
288.72, 160
288.74, 160
288.77, 160
288.79, 160
288.83, 160
288.85, 160
288.89, 160
288.91, 160
288.94, 160
288.97, 160
289.00, 160
289.02, 160
289.05, 160
289.08, 160
289.11, 160
289.13, 160
289.16, 160
289.18, 160
289.20, 160
289.40, 160
289.43, 160
289.45, 160
289.53, 160
289.56, 160
289.59, 160
289.61, 160
289.67, 160
289.75, 160
289.78, 160
289.81, 160
289.84, 160
289.86, 160
289.89, 160
290.44, 160
290.46, 160
290.50, 160
290.52, 160
290.79, 160
290.82, 160
290.86, 160
290.89, 160
290.91, 160
291.38, 160
291.40, 160
291.43, 160
291.46, 160
291.49, 160
291.52, 160
291.54, 160
291.57, 160
291.60, 160
291.63, 160
291.65, 160
291.67, 160
291.70, 160
291.72, 160
291.74, 160
291.77, 160
291.80, 160
291.84, 160
291.87, 160
291.89, 160
291.92, 160
291.95, 160
291.98, 160
292.01, 160
292.03, 160
292.06, 160
292.08, 160
292.11, 160
292.14, 160
299.02, 160
299.05, 160
299.07, 160
299.10, 160
299.13, 160
300.37, 160
300.40, 160
300.43, 160
300.46, 160
300.87, 160
301.13, 160
301.46, 160
301.49, 160
301.52, 160
301.54, 160
301.57, 160
304.24, 160
304.49, 160
304.52, 160
313.16, 160
313.19, 160
313.21, 160
313.24, 160
313.27, 160
313.30, 160
313.32, 160
313.35, 160
313.38, 160
313.41, 160
313.43, 160
313.46, 160
313.48, 160
313.51, 160
313.62, 160
313.65, 160
313.68, 160
313.70, 160
313.73, 160
313.76, 160
313.78, 160
314.40, 160
314.43, 160
314.46, 160
314.48, 160
314.51, 160
314.54, 160
314.56, 160
314.59, 160
314.62, 160
314.65, 160
314.68, 160
314.71, 160
314.73, 160
314.76, 160
317.48, 160
317.51, 160
317.53, 160
317.56, 160
317.58, 160
317.62, 160
317.65, 160
317.67, 160
317.70, 160
317.73, 160
317.75, 160
317.78, 160
317.81, 160
318.04, 160
318.86, 160
318.90, 160
318.98, 160
319.01, 160
319.79, 160
319.81, 160
319.84, 160
319.86, 160
319.89, 160
319.91, 160
319.94, 160
319.97, 160
320.07, 160
320.10, 160
320.14, 160
320.16, 160
320.19, 160
320.22, 160
320.25, 160
320.27, 160
320.30, 160
320.32, 160
320.58, 160
322.61, 160
322.65, 160
322.67, 160
322.69, 160
328.39, 160
328.42, 160
328.44, 160
328.57, 160
328.60, 160
328.62, 160
328.64, 160
328.67, 160
328.70, 160
346.63, 160
346.66, 160
346.69, 160
346.71, 160
346.74, 160
346.77, 160
355.10, 160
356.33, 160
356.35, 160
356.38, 160
377.16, 160
377.19, 160
377.22, 160
377.24, 160
377.26, 160
377.29, 160
377.32, 160
377.47, 160
377.50, 160
377.53, 160
377.56, 160
377.58, 160
377.61, 160
377.64, 160
377.67, 160
377.69, 160
378.03, 160
378.06, 160
378.09, 160
379.43, 160
379.45, 160
379.47, 160
379.89, 160
382.34, 160
382.38, 160
382.40, 160
382.43, 160
382.46, 160
382.50, 160
382.53, 160
382.55, 160
382.58, 160
382.61, 160
382.64, 160
382.66, 160
382.69, 160
382.72, 160
382.75, 160
382.78, 160
382.80, 160
382.84, 160
382.86, 160
382.89, 160
382.92, 160
382.95, 160
382.97, 160
383.00, 160
383.02, 160
383.06, 160
383.08, 160
383.11, 160
383.14, 160
383.16, 160
383.19, 160
383.21, 160
383.24, 160
383.27, 160
383.29, 160
383.32, 160
383.35, 160
383.38, 160
383.72, 160
383.75, 160
383.77, 160
383.80, 160
383.83, 160
383.85, 160
383.88, 160
383.90, 160
383.93, 160
383.96, 160
383.99, 160
384.02, 160
384.04, 160
384.07, 160
384.10, 160
384.13, 160
384.16, 160
384.19, 160
384.22, 160
384.25, 160
384.28, 160
384.32, 160
385.52, 160
385.54, 160
385.57, 160
385.59, 160
385.61, 160
385.64, 160
385.67, 160
385.70, 160
385.73, 160
385.75, 160
385.93, 160
385.96, 160
385.98, 160
386.01, 160
386.04, 160
387.23, 160
387.25, 160
387.27, 160
387.32, 160
387.35, 160
387.38, 160
387.41, 160
387.96, 160
387.98, 160
388.00, 160
388.03, 160
388.06, 160
388.08, 160
388.11, 160
388.14, 160
388.17, 160
388.19, 160
388.22, 160
388.25, 160
388.27, 160
388.30, 160
388.33, 160
388.36, 160
388.39, 160
388.41, 160
388.43, 160
388.46, 160
388.49, 160
401.16, 160
401.19, 160
401.22, 160
401.48, 160
410.61, 160
410.63, 160
410.66, 160
410.68, 160
410.71, 160
410.73, 160
410.81, 160
410.84, 160
410.86, 160
410.89, 160
412.86, 160
412.89, 160
412.92, 160
412.94, 160
412.97, 160
413.00, 160
413.03, 160
413.06, 160
413.08, 160
413.11, 160
413.14, 160
413.34, 160
413.36, 160
413.42, 160
413.45, 160
413.47, 160
413.50, 160
413.53, 160
413.55, 160
413.58, 160
413.61, 160
413.64, 160
413.70, 160
413.73, 160
413.75, 160
413.78, 160
413.80, 160
413.83, 160
413.85, 160
413.88, 160
413.91, 160
415.92, 160
415.95, 160
415.98, 160
416.00, 160
416.03, 160
416.46, 160
416.48, 160
416.51, 160
416.53, 160
416.56, 160
416.59, 160
416.61, 160
416.64, 160
416.67, 160
416.70, 160
416.72, 160
416.75, 160
416.78, 160
416.80, 160
416.83, 160
416.85, 160
416.88, 160
416.90, 160
416.93, 160
416.95, 160
417.76, 160
417.79, 160
417.82, 160
417.84, 160
418.24, 160
418.27, 160
418.29, 160
418.32, 160
418.35, 160
418.38, 160
418.41, 160
418.44, 160
418.47, 160
418.50, 160
418.53, 160
418.55, 160
418.58, 160
419.66, 160
425.93, 160
425.96, 160
425.98, 160
426.01, 160
426.03, 160
426.06, 160
426.09, 160
426.12, 160
426.14, 160
429.42, 160
429.45, 160
429.48, 160
431.78, 160
431.81, 160
431.84, 160
431.87, 160
431.90, 160
431.93, 160
431.95, 160
431.98, 160
432.00, 160
432.03, 160
432.06, 160
432.63, 160
432.66, 160
432.69, 160
432.72, 160
432.74, 160
432.77, 160
432.79, 160
434.35, 160
434.37, 160
434.40, 160
434.43, 160
434.45, 160
434.56, 160
434.58, 160
434.61, 160
434.71, 160
434.74, 160
434.78, 160
434.81, 160
434.83, 160
434.86, 160
435.26, 160
435.29, 160
435.32, 160
435.35, 160
435.37, 160
435.40, 160
435.43, 160
436.00, 160
436.03, 160
436.05, 160
436.08, 160
436.11, 160
436.14, 160
436.17, 160
436.20, 160
436.23, 160
436.26, 160
436.29, 160
436.31, 160
436.34, 160
436.36, 160
436.39, 160
436.41, 160
436.44, 160
436.47, 160
436.60, 160
436.63, 160
436.65, 160
436.68, 160
436.70, 160
436.73, 160
436.76, 160
436.78, 160
436.81, 160
436.84, 160
436.87, 160
436.90, 160
436.92, 160
436.94, 160
436.97, 160
437.25, 160
437.28, 160
437.30, 160
437.33, 160
437.36, 160
437.38, 160
437.41, 160
437.43, 160
437.47, 160
437.49, 160
437.52, 160
437.55, 160
437.58, 160
437.61, 160
437.63, 160
437.66, 160
439.98, 160
440.01, 160
440.04, 160
440.06, 160
440.08, 160
440.10, 160
440.46, 160
440.48, 160
445.71, 160
445.73, 160
449.24, 160
449.26, 160
449.29, 160
466.20, 160
466.22, 160
467.77, 160
467.79, 160
467.82, 160
467.86, 160
467.89, 160
467.92, 160
467.95, 160
467.98, 160
468.01, 160
468.03, 160
468.06, 160
468.08, 160
468.11, 160
468.15, 160
468.17, 160
468.21, 160
468.24, 160
468.26, 160
469.24, 160
469.27, 160
469.30, 160
469.32, 160
469.34, 160
469.37, 160
469.39, 160
469.41, 160
469.44, 160
469.47, 160
469.50, 160
469.53, 160
469.56, 160
469.58, 160
469.61, 160
469.64, 160
469.66, 160
470.01, 160
470.03, 160
470.06, 160
470.09, 160
470.43, 160
470.79, 160
470.82, 160
470.85, 160
470.87, 160
470.89, 160
470.92, 160
470.95, 160
470.97, 160
471.00, 160
471.03, 160
471.05, 160
471.08, 160
471.10, 160
471.13, 160
476.70, 160
476.73, 160
476.75, 160
476.78, 160
476.83, 160
476.86, 160
476.89, 160
476.92, 160
476.94, 160
477.05, 160
477.08, 160
477.47, 160
477.50, 160
477.53, 160
477.56, 160
477.59, 160
477.62, 160
477.64, 160
477.67, 160
477.69, 160
477.72, 160
477.75, 160
477.78, 160
477.80, 160
477.83, 160
477.85, 160
477.88, 160
478.73, 160
478.76, 160
478.79, 160
478.82, 160
478.85, 160
478.88, 160
478.90, 160
478.93, 160
478.96, 160
478.98, 160
479.01, 160
479.04, 160
479.07, 160
479.09, 160
479.12, 160
479.15, 160
481.49, 160
481.71, 160
481.74, 160
481.77, 160
481.80, 160
481.83, 160
481.86, 160
481.89, 160
484.61, 160
484.64, 160
484.66, 160
484.68, 160
484.71, 160
484.73, 160
484.76, 160
484.80, 160
484.82, 160
484.85, 160
485.19, 160
485.22, 160
485.24, 160
486.30, 160
486.32, 160
486.35, 160
486.38, 160
486.41, 160
486.44, 160
486.47, 160
486.49, 160
486.52, 160
488.17, 160
488.19, 160
488.36, 160
488.49, 160
488.52, 160
488.54, 160
488.57, 160
488.60, 160
488.63, 160
488.66, 160
488.68, 160
488.71, 160
488.79, 160
488.82, 160
488.84, 160
488.87, 160
488.90, 160
488.93, 160
488.96, 160
488.99, 160
489.03, 160
489.05, 160
489.08, 160
489.11, 160
489.13, 160
489.16, 160
489.19, 160
489.22, 160
489.25, 160
489.82, 160
489.85, 160
489.87, 160
489.90, 160
489.92, 160
489.95, 160
489.97, 160
490.10, 160
490.13, 160
490.66, 160
490.77, 160
490.80, 160
490.83, 160
490.97, 160
491.00, 160
491.02, 160
491.04, 160
491.07, 160
491.10, 160
491.13, 160
492.66, 160
492.68, 160
492.71, 160
492.73, 160
492.76, 160
512.38, 160
512.40, 160
512.42, 160
512.45, 160
512.48, 160
512.50, 160
512.52, 160
512.55, 160
518.77, 160
518.79, 160
518.82, 160
518.85, 160
518.87, 160
518.90, 160
519.81, 160
519.84, 160
519.87, 160
527.31, 160
527.34, 160
527.36, 160
527.39, 160
527.42, 160
527.44, 160
527.47, 160
527.50, 160
527.53, 160
527.55, 160
527.59, 160
527.61, 160
530.37, 160
530.40, 160
530.42, 160
530.45, 160
530.47, 160
530.49, 160
530.52, 160
530.55, 160
530.58, 160
530.60, 160
536.66, 160
536.69, 160
536.72, 160
536.74, 160
536.76, 160
536.79, 160
536.87, 160
536.89, 160
536.93, 160
536.96, 160
536.99, 160
537.02, 160
537.05, 160
537.08, 160
537.11, 160
540.64, 160
540.67, 160
540.70, 160
540.73, 160
540.75, 160
540.78, 160
540.81, 160
540.83, 160
540.86, 160
540.89, 160
540.91, 160
540.95, 160
541.68, 160
541.71, 160
541.73, 160
541.76, 160
541.78, 160
541.81, 160
541.84, 160
541.87, 160
541.89, 160
541.92, 160
541.95, 160
541.98, 160
542.01, 160
542.04, 160
542.07, 160
542.10, 160
542.13, 160
542.15, 160
542.18, 160
542.21, 160
542.24, 160
542.27, 160
542.29, 160
544.21, 160
544.23, 160
544.26, 160
544.29, 160
544.31, 160
544.34, 160
544.37, 160
544.40, 160
544.42, 160
544.45, 160
544.48, 160
544.50, 160
544.53, 160
544.56, 160
544.58, 160
544.81, 160
544.84, 160
545.30, 160
545.35, 160
545.38, 160
545.41, 160
545.44, 160
545.47, 160
545.51, 160
545.61, 160
545.65, 160
545.68, 160
565.87, 160
565.90, 160
565.92, 160
566.51, 160
566.53, 160
566.55, 160
566.58, 160
566.61, 160
566.64, 160
568.03, 160
568.06, 160
568.09, 160
568.12, 160
568.15, 160
568.36, 160
568.39, 160
568.41, 160
568.44, 160
568.47, 160
568.49, 160
568.52, 160
568.54, 160
568.56, 160
568.59, 160
568.62, 160
568.64, 160
582.90, 160
582.96, 160
582.99, 160
583.01, 160
583.04, 160
583.07, 160
583.09, 160
583.13, 160
583.16, 160
583.18, 160
583.21, 160
583.24, 160
583.27, 160
583.30, 160
583.33, 160
583.36, 160
583.38, 160
583.41, 160
583.43, 160
583.46, 160
583.49, 160
583.52, 160
583.55, 160
583.57, 160
583.60, 160
583.62, 160
583.65, 160
583.67, 160
583.70, 160
583.72, 160
583.75, 160
583.77, 160
583.80, 160
583.83, 160
583.85, 160
583.88, 160
583.91, 160
583.94, 160
583.96, 160
583.99, 160
584.01, 160
584.04, 160
584.06, 160
584.10, 160
587.42, 160
587.45, 160
587.48, 160
587.51, 160
587.54, 160
587.57, 160
587.60, 160
587.63, 160
587.66, 160
587.68, 160
587.71, 160
587.74, 160
587.77, 160
587.79, 160
587.82, 160
587.84, 160
587.87, 160
587.90, 160
587.92, 160
587.95, 160
587.98, 160
588.01, 160
588.04, 160
588.06, 160
588.09, 160
588.11, 160
588.14, 160
588.16, 160
588.19, 160
588.22, 160
588.24, 160
588.27, 160
588.30, 160
588.33, 160
588.58, 160
588.60, 160
588.63, 160
588.66, 160
588.68, 160
588.71, 160
588.73, 160
589.02, 160
589.04, 160
589.36, 160
589.39, 160
589.42, 160
589.44, 160
589.47, 160
589.49, 160
589.52, 160
589.54, 160
589.57, 160
589.59, 160
589.62, 160
589.65, 160
590.55, 160
590.58, 160
590.61, 160
590.64, 160
590.67, 160
590.69, 160
591.27, 160
591.30, 160
591.32, 160
594.63, 160
594.66, 160
594.71, 160
594.73, 160
594.76, 160
594.79, 160
594.98, 160
595.01, 160
595.04, 160
595.07, 160
595.09, 160
595.12, 160
595.15, 160
595.17, 160
595.19, 160
595.95, 160
595.98, 160
596.00, 160
596.03, 160
596.06, 160
596.08, 160
596.11, 160
596.14, 160
596.17, 160
596.19, 160
596.23, 160
596.25, 160
596.28, 160
596.31, 160
596.33, 160
596.36, 160
597.58, 160
597.60, 160
597.63, 160
597.66, 160
597.69, 160
597.87, 160
597.89, 160
597.91, 160
597.94, 160
597.98, 160
598.00, 160
598.03, 160
598.05, 160
598.08, 160
598.10, 160
599.16, 160
599.19, 160
599.35, 160
599.38, 160
599.41, 160
599.43, 160
599.50, 160
599.52, 160
599.55, 160
599.57, 160
599.63, 160
