0.24, 165
0.26, 164
0.29, 164
0.31, 164
0.34, 164
0.37, 164
0.40, 164
0.43, 164
0.48, 164
0.51, 163
0.54, 162
1.00, 162
1.03, 162
1.08, 162
1.11, 162
1.14, 162
1.17, 162
1.20, 162
1.23, 162
1.25, 162
1.28, 162
1.30, 162
1.33, 162
1.37, 162
1.40, 162
1.42, 162
1.45, 162
1.48, 161
1.51, 161
1.54, 161
1.57, 161
2.60, 161
2.63, 161
2.66, 161
2.68, 161
3.21, 161
3.24, 161
3.96, 161
3.99, 161
4.01, 161
4.14, 161
4.17, 161
4.20, 161
4.22, 161
4.25, 161
4.28, 161
4.31, 161
4.34, 161
4.37, 161
4.40, 161
4.43, 161
4.46, 161
4.49, 161
4.52, 161
4.55, 161
4.57, 161
4.60, 161
4.63, 161
5.02, 161
5.04, 161
6.26, 160
6.28, 160
6.32, 160
6.35, 160
6.59, 160
6.61, 160
6.64, 160
6.67, 160
6.70, 160
6.73, 160
10.46, 160
10.49, 160
10.52, 160
10.56, 160
10.59, 160
10.61, 160
10.64, 160
10.67, 160
10.69, 160
10.72, 160
10.75, 160
10.78, 160
10.81, 160
12.68, 160
12.71, 160
12.79, 160
12.82, 160
12.85, 160
12.88, 160
14.89, 160
14.92, 160
14.95, 160
14.98, 160
15.00, 160
15.03, 160
15.06, 160
15.09, 160
15.11, 160
15.14, 160
15.17, 160
15.20, 160
15.26, 160
15.28, 160
15.58, 160
15.61, 160
15.63, 160
15.66, 160
15.76, 160
15.79, 160
15.82, 160
19.32, 160
19.35, 160
19.38, 160
20.60, 160
20.62, 160
20.64, 160
20.67, 160
20.69, 160
20.72, 160
20.74, 160
20.78, 160
20.80, 160
20.83, 160
20.86, 160
20.88, 160
20.91, 160
20.94, 160
20.97, 160
23.18, 160
23.20, 160
23.24, 160
23.27, 160
23.30, 160
23.33, 160
23.36, 160
23.39, 160
23.42, 160
23.45, 160
23.48, 160
23.50, 160
23.53, 160
23.56, 160
23.60, 160
23.63, 160
23.66, 160
23.69, 160
23.72, 160
23.75, 160
23.78, 160
23.80, 160
23.82, 160
23.86, 160
23.88, 160
24.12, 160
30.01, 160
30.04, 160
30.07, 160
30.10, 160
30.12, 160
30.15, 160
30.18, 160
30.22, 160
30.25, 160
30.27, 160
30.30, 160
30.33, 160
30.36, 160
49.50, 160
49.53, 160
49.55, 160
49.58, 160
62.05, 160
62.09, 160
62.12, 160
62.26, 160
62.29, 160
62.33, 160
62.36, 160
62.39, 160
62.42, 160
62.45, 160
62.48, 160
62.51, 160
62.54, 160
62.57, 160
62.60, 160
62.62, 160
62.65, 160
62.68, 160
62.71, 160
62.74, 160
62.77, 160
62.80, 160
62.83, 160
62.86, 160
63.82, 160
63.85, 160
63.88, 160
63.91, 160
63.94, 160
63.97, 160
64.00, 160
64.03, 160
64.06, 160
64.09, 160
64.12, 160
64.15, 160
64.18, 160
64.21, 160
64.25, 160
68.02, 160
68.05, 160
68.09, 160
68.12, 160
68.16, 160
68.18, 160
68.21, 160
68.23, 160
68.26, 160
68.29, 160
69.68, 160
69.70, 160
69.74, 160
69.77, 160
69.81, 160
69.84, 160
69.87, 160
69.90, 160
69.94, 160
69.97, 160
70.01, 160
70.04, 160
70.07, 160
70.10, 160
70.13, 160
70.65, 160
70.67, 160
70.70, 160
70.73, 160
70.75, 160
70.79, 160
70.81, 160
70.84, 160
70.87, 160
70.90, 160
71.06, 160
71.10, 160
71.12, 160
71.15, 160
81.69, 160
81.72, 160
81.75, 160
81.77, 160
81.80, 160
81.83, 160
81.87, 160
81.93, 160
81.96, 160
81.99, 160
82.02, 160
82.92, 160
82.95, 160
82.99, 160
83.02, 160
83.30, 160
83.38, 160
83.41, 160
83.45, 160
83.48, 160
83.52, 160
83.56, 160
83.59, 160
83.61, 160
83.64, 160
85.46, 160
85.50, 160
85.53, 160
85.56, 160
85.59, 160
85.62, 160
85.65, 160
85.68, 160
85.71, 160
85.74, 160
85.77, 160
85.79, 160
85.83, 160
85.88, 160
85.91, 160
92.94, 160
92.97, 160
93.00, 160
93.03, 160
93.05, 160
93.08, 160
94.28, 160
94.31, 160
94.46, 160
94.50, 160
94.53, 160
94.57, 160
94.61, 160
94.64, 160
94.68, 160
94.71, 160
94.74, 160
94.77, 160
94.80, 160
94.83, 160
94.86, 160
94.89, 160
94.92, 160
94.95, 160
94.99, 160
95.02, 160
95.05, 160
95.08, 160
95.11, 160
95.14, 160
95.16, 160
95.19, 160
95.22, 160
95.26, 160
95.29, 160
95.33, 160
109.55, 160
109.58, 160
109.61, 160
109.65, 160
109.68, 160
109.90, 160
109.94, 160
109.96, 160
109.99, 160
110.02, 160
110.05, 160
110.08, 160
110.11, 160
110.14, 160
110.17, 160
110.20, 160
110.24, 160
110.27, 160
110.31, 160
110.34, 160
110.37, 160
110.39, 160
110.42, 160
110.45, 160
110.48, 160
110.51, 160
110.54, 160
110.58, 160
110.61, 160
110.64, 160
110.66, 160
110.70, 160
110.73, 160
110.77, 160
113.28, 160
113.31, 160
115.89, 160
115.93, 160
115.97, 160
115.99, 160
116.02, 160
116.05, 160
116.09, 160
116.11, 160
116.14, 160
116.17, 160
116.21, 160
116.24, 160
116.27, 160
116.29, 160
116.32, 160
116.35, 160
116.38, 160
116.41, 160
116.44, 160
116.48, 160
116.51, 160
116.55, 160
116.58, 160
116.61, 160
116.65, 160
116.69, 160
116.72, 160
119.13, 160
120.79, 160
120.82, 160
120.85, 160
120.88, 160
120.91, 160
120.93, 160
120.96, 160
121.15, 160
121.18, 160
121.21, 160
121.24, 160
121.27, 160
121.30, 160
121.33, 160
121.63, 160
121.66, 160
121.68, 160
121.72, 160
121.76, 160
121.79, 160
121.83, 160
121.87, 160
121.92, 160
121.95, 160
121.98, 160
122.02, 160
122.04, 160
122.08, 160
122.12, 160
122.15, 160
122.19, 160
122.22, 160
122.25, 160
122.29, 160
122.33, 160
122.36, 160
122.38, 160
122.41, 160
123.12, 160
123.15, 160
123.19, 160
123.22, 160
123.26, 160
123.29, 160
123.32, 160
123.35, 160
123.39, 160
123.41, 160
123.45, 160
123.48, 160
123.52, 160
126.29, 160
141.94, 160
141.97, 160
142.56, 160
142.59, 160
142.78, 160
142.81, 160
142.84, 160
142.88, 160
142.92, 160
142.95, 160
142.98, 160
143.00, 160
143.03, 160
143.06, 160
143.09, 160
143.13, 160
144.73, 160
144.76, 160
144.79, 160
144.83, 160
144.86, 160
144.89, 160
144.92, 160
144.95, 160
144.98, 160
145.00, 160
145.03, 160
162.92, 160
162.95, 160
163.31, 160
163.34, 160
163.37, 160
163.40, 160
163.43, 160
163.46, 160
163.58, 160
163.62, 160
163.65, 160
163.68, 160
163.71, 160
163.74, 160
163.78, 160
163.80, 160
163.83, 160
163.86, 160
165.49, 160
165.53, 160
165.56, 160
165.59, 160
165.71, 160
165.74, 160
165.78, 160
165.81, 160
165.86, 160
165.89, 160
165.92, 160
165.96, 160
165.98, 160
166.01, 160
166.05, 160
166.07, 160
166.10, 160
166.13, 160
166.17, 160
166.19, 160
166.22, 160
166.25, 160
166.29, 160
166.32, 160
166.35, 160
166.39, 160
166.43, 160
166.47, 160
166.51, 160
166.54, 160
166.58, 160
166.61, 160
166.64, 160
167.20, 160
167.22, 160
167.26, 160
167.28, 160
167.31, 160
167.33, 160
167.36, 160
167.43, 160
167.46, 160
167.49, 160
167.52, 160
167.56, 160
167.58, 160
169.36, 160
169.39, 160
169.43, 160
169.47, 160
169.51, 160
169.55, 160
169.58, 160
169.61, 160
169.65, 160
169.69, 160
169.72, 160
169.75, 160
169.88, 160
169.91, 160
169.94, 160
169.97, 160
170.01, 160
170.04, 160
170.08, 160
170.11, 160
170.52, 160
171.48, 160
171.51, 160
171.54, 160
171.57, 160
171.60, 160
171.63, 160
171.66, 160
171.70, 160
171.73, 160
171.75, 160
171.78, 160
171.81, 160
171.87, 160
171.91, 160
171.93, 160
172.06, 160
172.09, 160
172.15, 160
172.18, 160
172.21, 160
172.24, 160
172.27, 160
172.30, 160
172.33, 160
172.37, 160
172.40, 160
172.43, 160
172.46, 160
172.48, 160
172.51, 160
172.54, 160
180.70, 160
180.74, 160
180.93, 160
180.96, 160
181.66, 160
181.69, 160
181.73, 160
181.76, 160
181.79, 160
181.82, 160
181.87, 160
181.90, 160
181.93, 160
181.97, 160
182.00, 160
182.03, 160
182.06, 160
182.09, 160
182.13, 160
182.18, 160
182.20, 160
182.23, 160
182.26, 160
182.29, 160
182.32, 160
182.35, 160
182.38, 160
182.41, 160
187.26, 160
187.30, 160
187.33, 160
187.36, 160
187.38, 160
187.41, 160
187.44, 160
187.55, 160
187.59, 160
187.62, 160
187.65, 160
187.69, 160
187.72, 160
187.75, 160
187.79, 160
187.82, 160
187.86, 160
187.89, 160
187.92, 160
187.95, 160
187.99, 160
188.02, 160
188.05, 160
188.07, 160
196.09, 160
196.13, 160
196.15, 160
196.28, 160
196.31, 160
196.33, 160
196.37, 160
196.39, 160
196.43, 160
196.46, 160
196.49, 160
196.51, 160
196.55, 160
196.59, 160
196.62, 160
199.82, 160
199.85, 160
199.87, 160
199.90, 160
199.93, 160
199.96, 160
199.98, 160
200.02, 160
200.05, 160
200.07, 160
200.11, 160
200.35, 160
200.38, 160
200.40, 160
200.43, 160
200.46, 160
200.49, 160
200.51, 160
200.54, 160
200.57, 160
200.60, 160
200.63, 160
200.66, 160
204.14, 160
204.17, 160
204.20, 160
218.50, 160
218.54, 160
218.57, 160
218.61, 160
218.64, 160
218.67, 160
218.70, 160
218.74, 160
218.77, 160
218.80, 160
218.84, 160
218.87, 160
219.27, 160
219.30, 160
219.34, 160
219.40, 160
219.43, 160
219.49, 160
219.52, 160
219.55, 160
219.57, 160
219.61, 160
219.64, 160
219.66, 160
219.69, 160
220.48, 160
220.52, 160
220.55, 160
220.58, 160
220.62, 160
220.66, 160
220.69, 160
220.72, 160
220.75, 160
221.11, 160
221.14, 160
221.17, 160
221.20, 160
221.23, 160
221.26, 160
221.29, 160
221.72, 160
221.75, 160
221.78, 160
221.81, 160
223.03, 160
223.06, 160
224.49, 160
224.52, 160
224.54, 160
224.58, 160
224.61, 160
224.64, 160
224.68, 160
224.71, 160
224.74, 160
227.01, 160
227.04, 160
227.07, 160
227.10, 160
227.13, 160
227.16, 160
227.19, 160
227.23, 160
227.26, 160
227.30, 160
227.33, 160
227.35, 160
227.44, 160
227.83, 160
227.86, 160
227.89, 160
229.95, 160
229.98, 160
230.01, 160
230.05, 160
230.17, 160
230.21, 160
230.24, 160
230.27, 160
230.30, 160
230.33, 160
230.36, 160
230.39, 160
230.42, 160
230.45, 160
230.48, 160
230.51, 160
230.54, 160
230.58, 160
236.60, 160
236.64, 160
236.66, 160
236.70, 160
236.73, 160
236.75, 160
236.78, 160
236.81, 160
236.83, 160
236.87, 160
236.90, 160
236.93, 160
236.95, 160
238.74, 160
238.89, 160
238.93, 160
238.96, 160
238.99, 160
239.03, 160
241.91, 160
241.95, 160
241.97, 160
242.00, 160
243.02, 160
243.05, 160
243.08, 160
243.12, 160
243.15, 160
243.19, 160
243.22, 160
243.26, 160
243.28, 160
243.31, 160
243.34, 160
243.37, 160
243.40, 160
243.44, 160
243.49, 160
243.51, 160
243.58, 160
250.79, 160
250.82, 160
250.85, 160
250.88, 160
250.91, 160
250.95, 160
250.98, 160
251.01, 160
251.04, 160
253.55, 160
253.58, 160
253.62, 160
253.65, 160
253.69, 160
253.72, 160
253.74, 160
253.78, 160
253.81, 160
253.85, 160
253.87, 160
253.91, 160
253.94, 160
253.97, 160
254.31, 160
254.34, 160
254.37, 160
254.41, 160
254.44, 160
254.48, 160
254.51, 160
254.54, 160
254.57, 160
254.60, 160
254.63, 160
255.49, 160
255.53, 160
255.55, 160
255.57, 160
255.60, 160
255.64, 160
255.67, 160
255.70, 160
255.73, 160
255.76, 160
255.79, 160
255.92, 160
256.03, 160
256.07, 160
256.10, 160
256.13, 160
256.16, 160
256.19, 160
256.28, 160
256.31, 160
256.34, 160
256.37, 160
256.40, 160
258.81, 160
258.84, 160
258.87, 160
258.91, 160
258.94, 160
258.98, 160
259.00, 160
259.03, 160
259.06, 160
259.09, 160
259.13, 160
259.15, 160
259.18, 160
259.21, 160
259.25, 160
259.28, 160
259.32, 160
259.36, 160
259.39, 160
259.42, 160
259.45, 160
259.48, 160
259.51, 160
259.54, 160
259.57, 160
259.60, 160
259.73, 160
259.76, 160
259.85, 160
259.88, 160
259.92, 160
260.33, 160
260.37, 160
260.40, 160
260.43, 160
260.46, 160
260.49, 160
260.52, 160
263.42, 160
264.12, 160
264.55, 160
264.58, 160
264.61, 160
266.27, 160
266.30, 160
266.33, 160
266.36, 160
266.39, 160
266.94, 160
266.97, 160
267.00, 160
267.03, 160
267.06, 160
267.09, 160
269.70, 160
269.73, 160
269.76, 160
269.82, 160
269.85, 160
269.88, 160
269.91, 160
269.95, 160
269.98, 160
270.01, 160
270.04, 160
270.11, 160
270.15, 160
270.18, 160
270.22, 160
270.25, 160
270.28, 160
270.31, 160
270.35, 160
270.39, 160
270.42, 160
270.44, 160
270.48, 160
279.85, 160
279.88, 160
279.91, 160
279.94, 160
279.97, 160
281.69, 160
282.24, 160
282.26, 160
282.29, 160
282.32, 160
282.34, 160
282.37, 160
282.40, 160
282.43, 160
282.46, 160
282.50, 160
282.54, 160
282.56, 160
282.59, 160
282.63, 160
282.65, 160
282.69, 160
282.73, 160
283.42, 160
290.66, 160
291.30, 160
291.33, 160
291.36, 160
291.39, 160
302.97, 160
302.99, 160
303.03, 160
303.06, 160
303.10, 160
303.13, 160
303.16, 160
303.19, 160
303.22, 160
303.25, 160
303.27, 160
303.30, 160
303.34, 160
303.37, 160
303.40, 160
303.44, 160
303.47, 160
303.50, 160
303.53, 160
303.56, 160
303.60, 160
303.62, 160
303.65, 160
303.68, 160
303.71, 160
303.74, 160
304.35, 160
304.84, 160
304.87, 160
304.90, 160
304.94, 160
304.97, 160
305.00, 160
305.03, 160
305.07, 160
305.10, 160
305.13, 160
305.16, 160
305.19, 160
305.22, 160
305.25, 160
305.29, 160
305.32, 160
305.35, 160
305.38, 160
305.41, 160
305.44, 160
305.48, 160
309.05, 160
309.08, 160
309.11, 160
314.87, 160
315.15, 160
315.18, 160
315.21, 160
315.24, 160
315.27, 160
315.30, 160
315.37, 160
315.39, 160
315.42, 160
315.46, 160
315.49, 160
316.19, 160
316.22, 160
316.25, 160
316.29, 160
318.03, 160
318.06, 160
318.09, 160
318.12, 160
318.15, 160
318.19, 160
318.23, 160
318.26, 160
318.28, 160
318.31, 160
318.35, 160
318.38, 160
318.42, 160
318.45, 160
318.48, 160
318.51, 160
318.54, 160
318.56, 160
318.60, 160
318.63, 160
318.67, 160
318.70, 160
318.72, 160
318.74, 160
318.77, 160
319.00, 160
319.02, 160
319.06, 160
319.15, 160
319.17, 160
319.20, 160
319.23, 160
319.30, 160
319.40, 160
319.43, 160
319.45, 160
319.49, 160
319.51, 160
319.55, 160
320.19, 160
320.22, 160
320.26, 160
320.30, 160
320.61, 160
320.65, 160
320.69, 160
320.72, 160
320.75, 160
321.29, 160
321.31, 160
321.35, 160
321.38, 160
321.41, 160
321.44, 160
321.47, 160
321.51, 160
321.54, 160
321.57, 160
321.60, 160
321.63, 160
321.66, 160
321.68, 160
321.71, 160
321.74, 160
321.78, 160
321.81, 160
321.84, 160
321.88, 160
321.90, 160
321.94, 160
321.97, 160
322.00, 160
322.03, 160
322.06, 160
322.08, 160
322.11, 160
322.15, 160
329.97, 160
330.00, 160
330.03, 160
330.06, 160
330.09, 160
331.52, 160
331.55, 160
331.58, 160
331.62, 160
332.09, 160
332.38, 160
332.77, 160
332.80, 160
332.83, 160
332.85, 160
332.88, 160
335.90, 160
336.16, 160
336.20, 160
346.10, 160
346.13, 160
346.17, 160
346.20, 160
346.23, 160
346.27, 160
346.30, 160
346.34, 160
346.37, 160
346.40, 160
346.43, 160
346.46, 160
346.49, 160
346.52, 160
346.65, 160
346.68, 160
346.72, 160
346.75, 160
346.79, 160
346.82, 160
346.85, 160
347.55, 160
347.59, 160
347.62, 160
347.65, 160
347.68, 160
347.71, 160
347.73, 160
347.77, 160
347.80, 160
347.83, 160
347.86, 160
347.90, 160
347.93, 160
347.96, 160
351.10, 160
351.14, 160
351.16, 160
351.20, 160
351.23, 160
351.26, 160
351.30, 160
351.33, 160
351.36, 160
351.39, 160
351.42, 160
351.46, 160
351.49, 160
351.77, 160
352.72, 160
352.75, 160
352.85, 160
352.88, 160
353.78, 160
353.81, 160
353.85, 160
353.87, 160
353.90, 160
353.93, 160
353.96, 160
354.00, 160
354.12, 160
354.15, 160
354.19, 160
354.22, 160
354.25, 160
354.28, 160
354.32, 160
354.34, 160
354.38, 160
354.40, 160
354.69, 160
357.02, 160
357.05, 160
357.08, 160
357.11, 160
363.59, 160
363.62, 160
363.64, 160
363.79, 160
363.82, 160
363.85, 160
363.87, 160
363.90, 160
363.93, 160
384.37, 160
384.40, 160
384.43, 160
384.46, 160
384.49, 160
384.52, 160
393.97, 160
395.41, 160
395.43, 160
395.46, 160
419.41, 160
419.46, 160
419.49, 160
419.52, 160
419.54, 160
419.57, 160
419.60, 160
419.78, 160
419.81, 160
419.84, 160
419.87, 160
419.90, 160
419.93, 160
419.96, 160
420.00, 160
420.03, 160
420.44, 160
420.47, 160
420.50, 160
422.05, 160
422.07, 160
422.09, 160
422.57, 160
425.44, 160
425.48, 160
425.51, 160
425.54, 160
425.57, 160
425.63, 160
425.65, 160
425.68, 160
425.72, 160
425.75, 160
425.78, 160
425.81, 160
425.85, 160
425.88, 160
425.91, 160
425.94, 160
425.97, 160
426.01, 160
426.03, 160
426.07, 160
426.10, 160
426.13, 160
426.16, 160
426.18, 160
426.22, 160
426.26, 160
426.28, 160
426.32, 160
426.35, 160
426.38, 160
426.41, 160
426.44, 160
426.47, 160
426.50, 160
426.54, 160
426.57, 160
426.60, 160
426.63, 160
427.04, 160
427.06, 160
427.09, 160
427.12, 160
427.15, 160
427.17, 160
427.20, 160
427.24, 160
427.27, 160
427.30, 160
427.34, 160
427.37, 160
427.39, 160
427.42, 160
427.46, 160
427.49, 160
427.53, 160
427.57, 160
427.60, 160
427.64, 160
427.67, 160
427.71, 160
429.09, 160
429.12, 160
429.15, 160
429.18, 160
429.21, 160
429.24, 160
429.27, 160
429.31, 160
429.34, 160
429.38, 160
429.58, 160
429.60, 160
429.63, 160
429.67, 160
429.70, 160
431.05, 160
431.07, 160
431.10, 160
431.16, 160
431.19, 160
431.22, 160
431.25, 160
431.88, 160
431.90, 160
431.93, 160
431.96, 160
431.99, 160
432.02, 160
432.06, 160
432.09, 160
432.11, 160
432.15, 160
432.17, 160
432.21, 160
432.24, 160
432.27, 160
432.30, 160
432.33, 160
432.37, 160
432.40, 160
432.42, 160
432.44, 160
432.48, 160
447.06, 160
447.10, 160
447.13, 160
447.44, 160
457.95, 160
457.98, 160
458.00, 160
458.03, 160
458.06, 160
458.09, 160
458.18, 160
458.21, 160
458.23, 160
458.26, 160
460.52, 160
460.55, 160
460.58, 160
460.61, 160
460.65, 160
460.68, 160
460.71, 160
460.74, 160
460.77, 160
460.80, 160
460.84, 160
461.08, 160
461.10, 160
461.17, 160
461.20, 160
461.23, 160
461.27, 160
461.29, 160
461.32, 160
461.36, 160
461.39, 160
461.43, 160
461.50, 160
461.54, 160
461.56, 160
461.59, 160
461.62, 160
461.65, 160
461.68, 160
461.72, 160
461.74, 160
464.05, 160
464.09, 160
464.12, 160
464.15, 160
464.18, 160
464.64, 160
464.67, 160
464.70, 160
464.73, 160
464.76, 160
464.79, 160
464.82, 160
464.85, 160
464.89, 160
464.92, 160
464.94, 160
464.97, 160
465.00, 160
465.03, 160
465.06, 160
465.09, 160
465.12, 160
465.15, 160
465.17, 160
465.20, 160
466.10, 160
466.13, 160
466.16, 160
466.19, 160
466.64, 160
466.68, 160
466.70, 160
466.74, 160
466.77, 160
466.80, 160
466.84, 160
466.87, 160
466.90, 160
466.94, 160
466.97, 160
467.00, 160
467.03, 160
468.25, 160
475.43, 160
475.46, 160
475.49, 160
475.52, 160
475.55, 160
475.58, 160
475.61, 160
475.65, 160
475.68, 160
479.46, 160
479.49, 160
479.53, 160
482.12, 160
482.16, 160
482.19, 160
482.22, 160
482.26, 160
482.28, 160
482.32, 160
482.34, 160
482.37, 160
482.39, 160
482.43, 160
483.09, 160
483.12, 160
483.15, 160
483.18, 160
483.21, 160
483.24, 160
483.27, 160
485.05, 160
485.07, 160
485.10, 160
485.13, 160
485.17, 160
485.28, 160
485.31, 160
485.34, 160
485.46, 160
485.50, 160
485.52, 160
485.56, 160
485.59, 160
485.62, 160
486.06, 160
486.09, 160
486.12, 160
486.14, 160
486.17, 160
486.21, 160
486.24, 160
486.87, 160
486.90, 160
486.93, 160
486.96, 160
486.99, 160
487.02, 160
487.06, 160
487.10, 160
487.13, 160
487.17, 160
487.20, 160
487.22, 160
487.25, 160
487.28, 160
487.31, 160
487.34, 160
487.37, 160
487.40, 160
487.55, 160
487.58, 160
487.61, 160
487.64, 160
487.67, 160
487.70, 160
487.73, 160
487.76, 160
487.79, 160
487.82, 160
487.85, 160
487.88, 160
487.90, 160
487.93, 160
487.96, 160
488.29, 160
488.31, 160
488.34, 160
488.37, 160
488.40, 160
488.43, 160
488.46, 160
488.49, 160
488.53, 160
488.56, 160
488.59, 160
488.63, 160
488.66, 160
488.69, 160
488.72, 160
488.75, 160
491.38, 160
491.41, 160
491.44, 160
491.47, 160
491.50, 160
491.52, 160
491.91, 160
491.94, 160
497.89, 160
497.92, 160
501.96, 160
501.99, 160
502.02, 160
520.36, 160
520.38, 160
521.97, 160
522.00, 160
522.02, 160
522.06, 160
522.09, 160
522.12, 160
522.15, 160
522.18, 160
522.21, 160
522.23, 160
522.26, 160
522.29, 160
522.32, 160
522.35, 160
522.38, 160
522.41, 160
522.44, 160
522.47, 160
523.46, 160
523.49, 160
523.51, 160
523.54, 160
523.56, 160
523.59, 160
523.61, 160
523.63, 160
523.66, 160
523.69, 160
523.72, 160
523.75, 160
523.78, 160
523.80, 160
523.84, 160
523.87, 160
523.89, 160
524.24, 160
524.27, 160
524.29, 160
524.32, 160
524.67, 160
525.04, 160
525.07, 160
525.10, 160
525.12, 160
525.14, 160
525.17, 160
525.19, 160
525.22, 160
525.25, 160
525.27, 160
525.30, 160
525.33, 160
525.35, 160
525.38, 160
531.00, 160
531.03, 160
531.06, 160
531.09, 160
531.14, 160
531.17, 160
531.20, 160
531.23, 160
531.25, 160
531.36, 160
531.39, 160
531.77, 160
531.81, 160
531.84, 160
531.87, 160
531.90, 160
531.93, 160
531.95, 160
531.98, 160
532.01, 160
532.04, 160
532.07, 160
532.10, 160
532.13, 160
532.15, 160
532.18, 160
532.21, 160
533.07, 160
533.10, 160
533.13, 160
533.16, 160
533.19, 160
533.22, 160
533.25, 160
533.28, 160
533.31, 160
533.33, 160
533.36, 160
533.39, 160
533.42, 160
533.44, 160
533.47, 160
533.50, 160
535.87, 160
536.09, 160
536.12, 160
536.15, 160
536.18, 160
536.20, 160
536.24, 160
536.27, 160
539.01, 160
539.04, 160
539.06, 160
539.08, 160
539.11, 160
539.13, 160
539.16, 160
539.19, 160
539.22, 160
539.25, 160
539.60, 160
539.62, 160
539.65, 160
540.70, 160
540.73, 160
540.76, 160
540.79, 160
540.82, 160
540.84, 160
540.88, 160
540.90, 160
540.93, 160
542.60, 160
542.63, 160
542.80, 160
542.93, 160
542.95, 160
542.98, 160
543.01, 160
543.04, 160
543.07, 160
543.09, 160
543.12, 160
543.15, 160
543.22, 160
543.25, 160
543.27, 160
543.31, 160
543.34, 160
543.37, 160
543.40, 160
543.43, 160
543.47, 160
543.49, 160
543.52, 160
543.55, 160
543.58, 160
543.60, 160
543.63, 160
543.67, 160
543.69, 160
544.28, 160
544.31, 160
544.33, 160
544.36, 160
544.38, 160
544.42, 160
544.44, 160
544.58, 160
544.61, 160
545.15, 160
545.26, 160
545.29, 160
545.32, 160
545.46, 160
545.49, 160
545.52, 160
545.55, 160
545.57, 160
545.60, 160
545.63, 160
547.20, 160
547.22, 160
547.25, 160
547.27, 160
547.30, 160
567.13, 160
567.15, 160
567.18, 160
567.20, 160
567.23, 160
567.25, 160
567.27, 160
567.31, 160
573.53, 160
573.57, 160
573.60, 160
573.62, 160
573.65, 160
573.67, 160
574.59, 160
574.61, 160
574.64, 160
582.14, 160
582.18, 160
582.21, 160
582.24, 160
582.27, 160
582.29, 160
582.32, 160
582.35, 160
582.38, 160
582.40, 160
582.44, 160
582.47, 160
585.27, 160
585.30, 160
585.33, 160
585.35, 160
585.37, 160
585.40, 160
585.43, 160
585.46, 160
585.48, 160
585.51, 160
591.60, 160
591.63, 160
591.66, 160
591.68, 160
591.70, 160
591.73, 160
591.80, 160
591.83, 160
591.86, 160
591.89, 160
591.92, 160
591.95, 160
591.99, 160
592.01, 160
592.04, 160
595.56, 160
595.59, 160
595.62, 160
595.64, 160
595.67, 160
595.69, 160
595.72, 160
595.75, 160
595.78, 160
595.81, 160
595.84, 160
595.87, 160
596.61, 160
596.63, 160
596.66, 160
596.68, 160
596.71, 160
596.74, 160
596.77, 160
596.80, 160
596.82, 160
596.85, 160
596.88, 160
596.91, 160
596.94, 160
596.97, 160
596.99, 160
597.02, 160
597.06, 160
597.08, 160
597.11, 160
597.14, 160
597.17, 160
597.20, 160
597.22, 160
599.18, 160
599.21, 160
599.24, 160
599.26, 160
599.29, 160
599.32, 160
599.35, 160
599.37, 160
599.40, 160
599.43, 160
599.45, 160
599.48, 160
599.51, 160
599.54, 160
599.56, 160
599.78, 160
599.81, 160
