0.27, 165
0.30, 164
0.33, 164
0.36, 164
0.39, 164
0.42, 164
0.46, 164
0.48, 164
0.54, 164
0.57, 163
0.60, 162
1.12, 162
1.16, 162
1.22, 162
1.25, 162
1.29, 162
1.32, 162
1.35, 162
1.38, 162
1.41, 162
1.44, 162
1.46, 162
1.49, 162
1.53, 162
1.56, 162
1.59, 162
1.62, 162
1.65, 161
1.69, 161
1.72, 161
1.75, 161
2.90, 161
2.93, 161
2.96, 161
2.99, 161
3.60, 161
3.63, 161
4.45, 161
4.48, 161
4.51, 161
4.67, 161
4.71, 161
4.74, 161
4.77, 161
4.81, 161
4.84, 161
4.87, 161
4.91, 161
4.94, 161
4.98, 161
5.01, 161
5.04, 161
5.07, 161
5.10, 161
5.14, 161
5.17, 161
5.20, 161
5.23, 161
5.67, 161
5.70, 161
7.06, 160
7.09, 160
7.13, 160
7.17, 160
7.43, 160
7.46, 160
7.50, 160
7.52, 160
7.55, 160
7.59, 160
11.83, 160
11.86, 160
11.89, 160
11.93, 160
11.97, 160
12.00, 160
12.04, 160
12.07, 160
12.10, 160
12.13, 160
12.16, 160
12.19, 160
12.21, 160
14.26, 160
14.28, 160
14.38, 160
14.40, 160
14.43, 160
14.46, 160
16.78, 160
16.81, 160
16.85, 160
16.89, 160
16.91, 160
16.94, 160
16.97, 160
17.01, 160
17.03, 160
17.07, 160
17.11, 160
17.14, 160
17.20, 160
17.23, 160
17.57, 160
17.60, 160
17.63, 160
17.66, 160
17.77, 160
17.80, 160
17.84, 160
21.84, 160
21.88, 160
21.92, 160
23.30, 160
23.33, 160
23.36, 160
23.39, 160
23.41, 160
23.44, 160
23.47, 160
23.50, 160
23.53, 160
23.57, 160
23.60, 160
23.62, 160
23.65, 160
23.67, 160
23.71, 160
26.25, 160
26.28, 160
26.32, 160
26.36, 160
26.40, 160
26.43, 160
26.46, 160
26.50, 160
26.53, 160
26.57, 160
26.60, 160
26.62, 160
26.66, 160
26.69, 160
26.73, 160
26.75, 160
26.78, 160
26.81, 160
26.85, 160
26.89, 160
26.92, 160
26.95, 160
26.98, 160
27.01, 160
27.04, 160
27.30, 160
33.96, 160
33.99, 160
34.02, 160
34.04, 160
34.08, 160
34.11, 160
34.15, 160
34.18, 160
34.22, 160
34.25, 160
34.28, 160
34.31, 160
34.34, 160
55.90, 160
55.92, 160
55.95, 160
55.99, 160
69.33, 160
69.36, 160
69.40, 160
69.54, 160
69.56, 160
69.60, 160
69.63, 160
69.66, 160
69.69, 160
69.72, 160
69.76, 160
69.79, 160
69.82, 160
69.86, 160
69.90, 160
69.92, 160
69.96, 160
69.99, 160
70.01, 160
70.04, 160
70.07, 160
70.11, 160
70.14, 160
70.18, 160
71.18, 160
71.21, 160
71.24, 160
71.26, 160
71.29, 160
71.32, 160
71.35, 160
71.38, 160
71.41, 160
71.44, 160
71.48, 160
71.51, 160
71.54, 160
71.57, 160
71.61, 160
75.43, 160
75.46, 160
75.49, 160
75.52, 160
75.56, 160
75.58, 160
75.62, 160
75.65, 160
75.68, 160
75.71, 160
77.12, 160
77.15, 160
77.18, 160
77.22, 160
77.26, 160
77.29, 160
77.33, 160
77.36, 160
77.39, 160
77.42, 160
77.45, 160
77.48, 160
77.51, 160
77.54, 160
77.57, 160
78.08, 160
78.11, 160
78.14, 160
78.17, 160
78.20, 160
78.23, 160
78.26, 160
78.29, 160
78.33, 160
78.35, 160
78.51, 160
78.54, 160
78.57, 160
78.60, 160
89.21, 160
89.24, 160
89.27, 160
89.29, 160
89.32, 160
89.35, 160
89.39, 160
89.45, 160
89.48, 160
89.51, 160
89.54, 160
90.43, 160
90.46, 160
90.49, 160
90.52, 160
90.76, 160
90.83, 160
90.87, 160
90.90, 160
90.93, 160
90.96, 160
91.00, 160
91.03, 160
91.05, 160
91.08, 160
92.94, 160
92.97, 160
93.00, 160
93.03, 160
93.06, 160
93.10, 160
93.13, 160
93.16, 160
93.19, 160
93.22, 160
93.26, 160
93.29, 160
93.32, 160
93.38, 160
93.40, 160
100.49, 160
100.52, 160
100.55, 160
100.58, 160
100.61, 160
100.64, 160
101.82, 160
101.86, 160
102.00, 160
102.03, 160
102.07, 160
102.11, 160
102.15, 160
102.19, 160
102.22, 160
102.25, 160
102.28, 160
102.31, 160
102.35, 160
102.38, 160
102.40, 160
102.44, 160
102.47, 160
102.50, 160
102.53, 160
102.56, 160
102.60, 160
102.63, 160
102.66, 160
102.69, 160
102.72, 160
102.75, 160
102.78, 160
102.81, 160
102.85, 160
102.88, 160
117.14, 160
117.18, 160
117.21, 160
117.24, 160
117.27, 160
117.50, 160
117.53, 160
117.56, 160
117.59, 160
117.62, 160
117.64, 160
117.68, 160
117.71, 160
117.74, 160
117.77, 160
117.80, 160
117.84, 160
117.87, 160
117.91, 160
117.93, 160
117.96, 160
117.98, 160
118.01, 160
118.04, 160
118.07, 160
118.09, 160
118.12, 160
118.16, 160
118.18, 160
118.21, 160
118.24, 160
118.27, 160
118.30, 160
118.33, 160
120.83, 160
120.86, 160
123.50, 160
123.53, 160
123.57, 160
123.60, 160
123.62, 160
123.65, 160
123.69, 160
123.72, 160
123.74, 160
123.78, 160
123.82, 160
123.85, 160
123.87, 160
123.90, 160
123.92, 160
123.95, 160
123.99, 160
124.02, 160
124.06, 160
124.09, 160
124.13, 160
124.16, 160
124.19, 160
124.22, 160
124.26, 160
124.29, 160
124.32, 160
126.77, 160
128.43, 160
128.46, 160
128.50, 160
128.52, 160
128.55, 160
128.58, 160
128.62, 160
128.79, 160
128.82, 160
128.85, 160
128.88, 160
128.91, 160
128.94, 160
128.97, 160
129.27, 160
129.30, 160
129.33, 160
129.36, 160
129.40, 160
129.42, 160
129.46, 160
129.49, 160
129.52, 160
129.55, 160
129.58, 160
129.61, 160
129.64, 160
129.67, 160
129.71, 160
129.74, 160
129.77, 160
129.80, 160
129.82, 160
129.85, 160
129.89, 160
129.92, 160
129.95, 160
129.98, 160
130.72, 160
130.75, 160
130.78, 160
130.82, 160
130.86, 160
130.89, 160
130.93, 160
130.96, 160
130.99, 160
131.02, 160
131.06, 160
131.09, 160
131.13, 160
133.95, 160
149.49, 160
149.52, 160
150.11, 160
150.15, 160
150.33, 160
150.36, 160
150.39, 160
150.43, 160
150.46, 160
150.49, 160
150.53, 160
150.56, 160
150.59, 160
150.61, 160
150.65, 160
150.68, 160
152.24, 160
152.28, 160
152.30, 160
152.34, 160
152.37, 160
152.40, 160
152.43, 160
152.46, 160
152.49, 160
152.51, 160
152.54, 160
170.26, 160
170.29, 160
170.65, 160
170.69, 160
170.72, 160
170.75, 160
170.78, 160
170.81, 160
170.92, 160
170.96, 160
170.99, 160
171.02, 160
171.05, 160
171.08, 160
171.11, 160
171.14, 160
171.16, 160
171.19, 160
172.81, 160
172.84, 160
172.87, 160
172.90, 160
173.02, 160
173.05, 160
173.08, 160
173.11, 160
173.16, 160
173.19, 160
173.23, 160
173.26, 160
173.29, 160
173.32, 160
173.36, 160
173.39, 160
173.42, 160
173.45, 160
173.48, 160
173.51, 160
173.54, 160
173.57, 160
173.60, 160
173.63, 160
173.66, 160
173.69, 160
173.72, 160
173.76, 160
173.80, 160
173.83, 160
173.87, 160
173.90, 160
173.93, 160
174.51, 160
174.54, 160
174.57, 160
174.60, 160
174.63, 160
174.65, 160
174.68, 160
174.75, 160
174.78, 160
174.81, 160
174.84, 160
174.88, 160
174.90, 160
176.74, 160
176.77, 160
176.81, 160
176.85, 160
176.88, 160
176.92, 160
176.95, 160
176.98, 160
177.01, 160
177.05, 160
177.09, 160
177.12, 160
177.26, 160
177.29, 160
177.33, 160
177.36, 160
177.39, 160
177.43, 160
177.46, 160
177.50, 160
177.91, 160
178.89, 160
178.92, 160
178.95, 160
178.98, 160
179.02, 160
179.05, 160
179.08, 160
179.12, 160
179.15, 160
179.17, 160
179.20, 160
179.23, 160
179.30, 160
179.33, 160
179.36, 160
179.48, 160
179.51, 160
179.58, 160
179.61, 160
179.64, 160
179.67, 160
179.71, 160
179.74, 160
179.77, 160
179.80, 160
179.84, 160
179.87, 160
179.90, 160
179.92, 160
179.96, 160
179.98, 160
188.24, 160
188.28, 160
188.46, 160
188.49, 160
189.20, 160
189.23, 160
189.27, 160
189.30, 160
189.34, 160
189.37, 160
189.40, 160
189.42, 160
189.44, 160
189.48, 160
189.51, 160
189.54, 160
189.57, 160
189.60, 160
189.63, 160
189.67, 160
189.70, 160
189.73, 160
189.76, 160
189.78, 160
189.81, 160
189.84, 160
189.87, 160
189.90, 160
194.88, 160
194.92, 160
194.95, 160
194.98, 160
195.01, 160
195.04, 160
195.07, 160
195.17, 160
195.20, 160
195.23, 160
195.27, 160
195.30, 160
195.33, 160
195.36, 160
195.40, 160
195.43, 160
195.46, 160
195.49, 160
195.52, 160
195.55, 160
195.58, 160
195.61, 160
195.64, 160
195.67, 160
203.70, 160
203.73, 160
203.76, 160
203.89, 160
203.92, 160
203.95, 160
203.98, 160
204.01, 160
204.04, 160
204.07, 160
204.11, 160
204.14, 160
204.17, 160
204.21, 160
204.24, 160
207.47, 160
207.50, 160
207.54, 160
207.56, 160
207.59, 160
207.62, 160
207.65, 160
207.68, 160
207.72, 160
207.74, 160
207.78, 160
208.03, 160
208.07, 160
208.10, 160
208.13, 160
208.15, 160
208.18, 160
208.21, 160
208.24, 160
208.27, 160
208.30, 160
208.33, 160
208.36, 160
211.83, 160
211.87, 160
211.89, 160
225.96, 160
226.00, 160
226.02, 160
226.06, 160
226.09, 160
226.12, 160
226.15, 160
226.19, 160
226.22, 160
226.26, 160
226.29, 160
226.32, 160
226.73, 160
226.75, 160
226.78, 160
226.84, 160
226.87, 160
226.93, 160
226.97, 160
227.00, 160
227.03, 160
227.06, 160
227.09, 160
227.12, 160
227.14, 160
227.92, 160
227.96, 160
227.99, 160
228.02, 160
228.05, 160
228.09, 160
228.13, 160
228.16, 160
228.19, 160
228.55, 160
228.58, 160
228.62, 160
228.64, 160
228.68, 160
228.71, 160
228.74, 160
229.15, 160
229.18, 160
229.20, 160
229.23, 160
230.49, 160
230.52, 160
231.96, 160
231.99, 160
232.02, 160
232.06, 160
232.09, 160
232.13, 160
232.16, 160
232.19, 160
232.22, 160
234.47, 160
234.50, 160
234.53, 160
234.56, 160
234.59, 160
234.62, 160
234.65, 160
234.69, 160
234.72, 160
234.75, 160
234.79, 160
234.81, 160
234.92, 160
235.33, 160
235.36, 160
235.39, 160
237.49, 160
237.53, 160
237.56, 160
237.59, 160
237.71, 160
237.74, 160
237.77, 160
237.79, 160
237.82, 160
237.84, 160
237.87, 160
237.90, 160
237.93, 160
237.96, 160
237.99, 160
238.03, 160
238.06, 160
238.09, 160
