0.28, 165
0.32, 164
0.35, 164
0.39, 164
0.41, 164
0.44, 164
0.48, 164
0.50, 164
0.56, 164
0.60, 163
0.64, 162
1.22, 162
1.26, 162
1.33, 162
1.37, 162
1.41, 162
1.45, 162
1.48, 162
1.51, 162
1.54, 162
1.57, 162
1.60, 162
1.63, 162
1.67, 162
1.69, 162
1.72, 162
1.75, 162
1.78, 161
1.82, 161
1.85, 161
1.88, 161
2.98, 161
3.01, 161
3.04, 161
3.07, 161
3.64, 161
3.67, 161
4.61, 161
4.65, 161
4.69, 161
4.83, 161
4.86, 161
4.89, 161
4.92, 161
4.95, 161
4.98, 161
5.01, 161
5.05, 161
5.08, 161
5.11, 161
5.15, 161
5.18, 161
5.21, 161
5.25, 161
5.29, 161
5.32, 161
5.35, 161
5.39, 161
5.84, 161
5.86, 161
7.24, 160
7.27, 160
7.31, 160
7.35, 160
7.60, 160
7.63, 160
7.66, 160
7.69, 160
7.71, 160
7.75, 160
12.02, 160
12.05, 160
12.08, 160
12.11, 160
12.15, 160
12.17, 160
12.20, 160
12.23, 160
12.25, 160
12.28, 160
12.31, 160
12.33, 160
12.36, 160
14.44, 160
14.47, 160
14.56, 160
14.60, 160
14.63, 160
14.65, 160
16.82, 160
16.85, 160
16.88, 160
16.91, 160
16.94, 160
16.97, 160
17.00, 160
17.03, 160
17.05, 160
17.09, 160
17.13, 160
17.16, 160
17.22, 160
17.25, 160
17.60, 160
17.64, 160
17.67, 160
17.71, 160
17.81, 160
17.85, 160
17.88, 160
21.59, 160
21.63, 160
21.66, 160
22.97, 160
23.00, 160
23.02, 160
23.05, 160
23.07, 160
23.10, 160
23.13, 160
23.16, 160
23.19, 160
23.22, 160
23.26, 160
23.28, 160
23.31, 160
23.34, 160
23.37, 160
25.97, 160
25.99, 160
26.03, 160
26.06, 160
26.10, 160
26.13, 160
26.15, 160
26.19, 160
26.22, 160
26.25, 160
26.28, 160
26.30, 160
26.35, 160
26.40, 160
26.44, 160
26.46, 160
26.49, 160
26.52, 160
26.56, 160
26.58, 160
26.61, 160
26.64, 160
26.67, 160
26.70, 160
26.72, 160
26.97, 160
33.19, 160
33.23, 160
33.26, 160
33.28, 160
33.31, 160
33.35, 160
33.38, 160
33.42, 160
33.45, 160
33.48, 160
33.51, 160
33.55, 160
33.58, 160
53.40, 160
53.42, 160
53.45, 160
53.48, 160
67.10, 160
67.13, 160
67.16, 160
67.30, 160
67.33, 160
67.37, 160
67.40, 160
67.43, 160
67.46, 160
67.49, 160
67.53, 160
67.55, 160
67.58, 160
67.61, 160
67.65, 160
67.67, 160
67.71, 160
67.74, 160
67.77, 160
67.80, 160
67.83, 160
67.86, 160
67.89, 160
67.92, 160
68.88, 160
68.91, 160
68.93, 160
68.96, 160
68.99, 160
69.03, 160
69.06, 160
69.08, 160
69.11, 160
69.15, 160
69.18, 160
69.21, 160
69.24, 160
69.27, 160
69.30, 160
73.01, 160
73.04, 160
73.07, 160
73.10, 160
73.13, 160
73.16, 160
73.19, 160
73.21, 160
73.24, 160
73.27, 160
74.63, 160
74.66, 160
74.69, 160
74.73, 160
74.76, 160
74.80, 160
74.83, 160
74.86, 160
74.89, 160
74.92, 160
74.95, 160
74.98, 160
75.01, 160
75.04, 160
75.07, 160
75.56, 160
75.59, 160
75.62, 160
75.65, 160
75.67, 160
75.70, 160
75.73, 160
75.76, 160
75.79, 160
75.82, 160
75.98, 160
76.01, 160
76.03, 160
76.07, 160
86.31, 160
86.35, 160
86.37, 160
86.40, 160
86.42, 160
86.46, 160
86.49, 160
86.56, 160
86.59, 160
86.62, 160
86.66, 160
87.61, 160
87.64, 160
87.67, 160
87.71, 160
87.96, 160
88.04, 160
88.08, 160
88.11, 160
88.14, 160
88.17, 160
88.21, 160
88.24, 160
88.27, 160
88.30, 160
90.17, 160
90.21, 160
90.24, 160
90.27, 160
90.30, 160
90.34, 160
90.37, 160
90.40, 160
90.43, 160
90.46, 160
90.49, 160
90.52, 160
90.56, 160
90.62, 160
90.65, 160
97.00, 160
97.02, 160
97.05, 160
97.08, 160
97.11, 160
97.13, 160
98.24, 160
98.27, 160
98.40, 160
98.44, 160
98.47, 160
98.50, 160
98.53, 160
98.56, 160
98.59, 160
98.62, 160
98.65, 160
98.67, 160
98.70, 160
98.73, 160
98.76, 160
98.79, 160
98.81, 160
98.84, 160
98.87, 160
98.89, 160
98.92, 160
98.95, 160
98.98, 160
99.00, 160
99.03, 160
99.05, 160
99.09, 160
99.12, 160
99.15, 160
99.18, 160
111.91, 160
111.94, 160
111.96, 160
111.99, 160
112.02, 160
112.23, 160
112.26, 160
112.28, 160
112.31, 160
112.33, 160
112.36, 160
112.39, 160
112.42, 160
112.44, 160
112.47, 160
112.50, 160
112.54, 160
112.57, 160
112.60, 160
112.62, 160
112.64, 160
112.66, 160
112.69, 160
112.71, 160
112.74, 160
112.76, 160
112.79, 160
112.83, 160
112.85, 160
112.88, 160
112.91, 160
112.94, 160
112.96, 160
112.99, 160
115.21, 160
115.24, 160
117.60, 160
117.63, 160
117.66, 160
117.69, 160
117.71, 160
117.74, 160
117.77, 160
117.80, 160
117.82, 160
117.85, 160
117.88, 160
117.91, 160
117.93, 160
117.95, 160
117.98, 160
118.00, 160
118.04, 160
118.06, 160
118.09, 160
118.12, 160
118.15, 160
118.18, 160
118.20, 160
118.23, 160
118.26, 160
118.29, 160
118.32, 160
120.47, 160
121.95, 160
121.98, 160
122.00, 160
122.03, 160
122.05, 160
122.07, 160
122.10, 160
122.26, 160
122.29, 160
122.32, 160
122.36, 160
122.38, 160
122.41, 160
122.43, 160
122.69, 160
122.72, 160
122.75, 160
122.78, 160
122.81, 160
122.84, 160
122.87, 160
122.89, 160
122.92, 160
122.95, 160
122.97, 160
123.00, 160
123.02, 160
123.05, 160
123.08, 160
123.11, 160
123.14, 160
123.16, 160
123.19, 160
123.22, 160
123.25, 160
123.28, 160
123.30, 160
123.32, 160
123.95, 160
123.98, 160
124.01, 160
124.04, 160
124.08, 160
124.10, 160
124.13, 160
124.15, 160
124.18, 160
124.21, 160
124.24, 160
124.27, 160
124.31, 160
126.83, 160
140.68, 160
140.70, 160
141.24, 160
141.27, 160
141.44, 160
141.46, 160
141.49, 160
141.53, 160
141.56, 160
141.59, 160
141.62, 160
141.64, 160
141.67, 160
141.69, 160
141.72, 160
141.75, 160
143.14, 160
143.17, 160
143.20, 160
143.23, 160
143.26, 160
143.28, 160
143.31, 160
143.34, 160
143.37, 160
143.39, 160
143.42, 160
159.27, 160
159.29, 160
159.61, 160
159.64, 160
159.67, 160
159.69, 160
159.72, 160
159.74, 160
159.85, 160
159.88, 160
159.91, 160
159.94, 160
159.96, 160
159.99, 160
160.02, 160
160.04, 160
160.07, 160
160.09, 160
161.52, 160
161.54, 160
161.57, 160
161.59, 160
161.70, 160
161.72, 160
161.75, 160
161.78, 160
161.82, 160
161.85, 160
161.88, 160
161.90, 160
161.93, 160
161.96, 160
161.99, 160
162.01, 160
162.04, 160
162.07, 160
162.10, 160
162.12, 160
162.14, 160
162.17, 160
162.21, 160
162.23, 160
162.26, 160
162.29, 160
162.32, 160
162.35, 160
162.38, 160
162.41, 160
162.44, 160
162.47, 160
162.50, 160
162.99, 160
163.02, 160
163.05, 160
163.07, 160
163.09, 160
163.12, 160
163.14, 160
163.20, 160
163.23, 160
163.25, 160
163.28, 160
163.31, 160
163.33, 160
164.93, 160
164.96, 160
164.99, 160
165.03, 160
165.06, 160
165.09, 160
165.12, 160
165.14, 160
165.18, 160
165.21, 160
165.24, 160
165.27, 160
165.39, 160
165.42, 160
165.45, 160
165.48, 160
165.50, 160
165.54, 160
165.57, 160
165.60, 160
165.95, 160
166.81, 160
166.84, 160
166.86, 160
166.89, 160
166.92, 160
166.95, 160
166.97, 160
167.00, 160
167.03, 160
167.05, 160
167.07, 160
167.09, 160
167.15, 160
167.17, 160
167.20, 160
167.31, 160
167.33, 160
167.38, 160
167.41, 160
167.44, 160
167.47, 160
167.50, 160
167.53, 160
167.56, 160
167.59, 160
167.62, 160
167.64, 160
167.67, 160
167.69, 160
167.72, 160
167.74, 160
174.99, 160
175.02, 160
175.18, 160
175.21, 160
175.86, 160
175.88, 160
175.91, 160
175.94, 160
175.97, 160
176.00, 160
176.02, 160
176.04, 160
176.06, 160
176.09, 160
176.12, 160
176.15, 160
176.18, 160
176.21, 160
176.24, 160
176.27, 160
176.30, 160
176.32, 160
176.36, 160
176.39, 160
176.41, 160
176.44, 160
176.46, 160
176.48, 160
180.83, 160
180.87, 160
180.89, 160
180.92, 160
180.95, 160
180.98, 160
181.00, 160
181.10, 160
181.13, 160
181.16, 160
181.19, 160
181.22, 160
181.25, 160
181.28, 160
181.31, 160
181.33, 160
181.36, 160
181.40, 160
181.42, 160
181.45, 160
181.48, 160
181.51, 160
181.54, 160
181.57, 160
188.59, 160
188.62, 160
188.64, 160
188.75, 160
188.78, 160
188.80, 160
188.83, 160
188.86, 160
188.89, 160
188.91, 160
188.94, 160
188.97, 160
189.00, 160
189.03, 160
189.06, 160
191.87, 160
191.89, 160
191.92, 160
191.94, 160
191.96, 160
191.99, 160
192.01, 160
192.04, 160
192.07, 160
192.09, 160
192.13, 160
192.33, 160
192.36, 160
192.38, 160
192.41, 160
192.43, 160
192.45, 160
192.47, 160
192.50, 160
192.53, 160
192.56, 160
192.58, 160
192.61, 160
195.70, 160
195.73, 160
195.76, 160
208.40, 160
208.43, 160
208.46, 160
208.49, 160
208.51, 160
208.54, 160
208.57, 160
208.61, 160
208.63, 160
208.66, 160
208.69, 160
208.71, 160
209.08, 160
209.10, 160
209.13, 160
209.18, 160
209.21, 160
209.26, 160
209.30, 160
209.32, 160
209.35, 160
209.38, 160
209.40, 160
209.43, 160
209.45, 160
210.15, 160
210.19, 160
210.22, 160
210.25, 160
210.27, 160
210.31, 160
210.33, 160
210.36, 160
210.38, 160
210.70, 160
210.73, 160
210.76, 160
210.79, 160
210.82, 160
210.84, 160
210.87, 160
211.24, 160
211.27, 160
211.30, 160
211.33, 160
212.41, 160
212.44, 160
213.74, 160
213.76, 160
213.79, 160
213.83, 160
213.85, 160
213.89, 160
213.92, 160
213.94, 160
213.97, 160
216.04, 160
216.06, 160
216.09, 160
216.12, 160
216.15, 160
216.17, 160
216.20, 160
216.23, 160
216.26, 160
216.29, 160
216.32, 160
216.34, 160
216.44, 160
216.78, 160
216.81, 160
216.83, 160
218.69, 160
218.72, 160
218.75, 160
218.78, 160
218.90, 160
218.92, 160
218.95, 160
218.98, 160
219.00, 160
219.03, 160
219.06, 160
219.08, 160
219.11, 160
219.14, 160
219.18, 160
219.20, 160
219.23, 160
219.26, 160
224.68, 160
224.71, 160
224.74, 160
224.77, 160
224.79, 160
224.81, 160
224.84, 160
224.87, 160
224.89, 160
224.92, 160
224.95, 160
224.98, 160
225.00, 160
226.59, 160
226.73, 160
226.76, 160
226.79, 160
226.81, 160
226.85, 160
229.41, 160
229.44, 160
229.46, 160
229.49, 160
230.38, 160
230.41, 160
230.44, 160
230.48, 160
230.50, 160
230.54, 160
230.56, 160
230.59, 160
230.62, 160
230.64, 160
230.67, 160
230.69, 160
230.72, 160
230.75, 160
230.80, 160
230.83, 160
230.89, 160
237.33, 160
237.35, 160
237.37, 160
237.40, 160
237.43, 160
237.46, 160
237.49, 160
237.51, 160
237.54, 160
239.76, 160
239.78, 160
239.81, 160
239.84, 160
239.87, 160
239.89, 160
239.92, 160
239.95, 160
239.97, 160
240.00, 160
240.03, 160
240.06, 160
240.08, 160
240.10, 160
240.41, 160
240.43, 160
240.46, 160
240.49, 160
240.52, 160
240.55, 160
240.58, 160
240.61, 160
240.64, 160
240.66, 160
240.70, 160
241.48, 160
241.52, 160
241.54, 160
241.56, 160
241.59, 160
241.62, 160
241.65, 160
241.68, 160
241.71, 160
241.74, 160
241.76, 160
241.88, 160
241.98, 160
242.01, 160
242.04, 160
242.06, 160
242.09, 160
242.12, 160
242.20, 160
242.22, 160
242.25, 160
242.28, 160
242.30, 160
244.42, 160
244.45, 160
244.48, 160
244.51, 160
244.54, 160
244.57, 160
244.59, 160
244.62, 160
244.64, 160
244.67, 160
244.70, 160
244.72, 160
244.75, 160
244.78, 160
244.81, 160
244.84, 160
244.87, 160
244.90, 160
244.93, 160
244.95, 160
244.99, 160
245.01, 160
245.04, 160
245.06, 160
245.09, 160
245.12, 160
245.23, 160
245.26, 160
245.34, 160
245.37, 160
245.40, 160
245.77, 160
245.81, 160
245.85, 160
245.89, 160
245.92, 160
245.95, 160
245.98, 160
248.60, 160
249.21, 160
249.59, 160
249.61, 160
249.64, 160
251.10, 160
251.13, 160
251.16, 160
251.18, 160
251.21, 160
251.71, 160
251.73, 160
251.76, 160
251.79, 160
251.82, 160
251.85, 160
254.15, 160
254.18, 160
254.21, 160
254.26, 160
254.29, 160
254.31, 160
254.34, 160
254.37, 160
254.40, 160
254.42, 160
254.45, 160
254.51, 160
254.54, 160
254.57, 160
254.60, 160
254.62, 160
254.64, 160
254.67, 160
254.70, 160
254.73, 160
254.76, 160
254.78, 160
254.81, 160
263.20, 160
263.23, 160
263.26, 160
263.28, 160
263.31, 160
264.80, 160
265.29, 160
265.32, 160
265.34, 160
265.36, 160
265.39, 160
265.41, 160
265.44, 160
265.47, 160
265.49, 160
265.52, 160
265.56, 160
265.58, 160
265.61, 160
265.64, 160
265.67, 160
265.70, 160
265.73, 160
266.35, 160
272.78, 160
273.36, 160
273.39, 160
273.42, 160
273.44, 160
283.58, 160
283.60, 160
283.63, 160
283.66, 160
283.69, 160
283.72, 160
283.74, 160
283.76, 160
283.79, 160
283.82, 160
283.84, 160
283.87, 160
283.90, 160
283.93, 160
283.96, 160
283.99, 160
284.01, 160
284.04, 160
284.07, 160
284.10, 160
284.13, 160
284.15, 160
284.17, 160
284.20, 160
284.22, 160
284.25, 160
284.78, 160
285.22, 160
285.24, 160
285.27, 160
285.30, 160
285.33, 160
285.36, 160
285.38, 160
285.41, 160
285.44, 160
285.47, 160
285.50, 160
285.52, 160
285.55, 160
285.58, 160
285.61, 160
285.63, 160
285.67, 160
285.70, 160
285.73, 160
285.75, 160
285.78, 160
288.93, 160
288.95, 160
288.98, 160
294.03, 160
294.28, 160
294.31, 160
294.33, 160
294.36, 160
294.38, 160
294.41, 160
294.47, 160
294.49, 160
294.52, 160
294.55, 160
294.58, 160
295.19, 160
295.21, 160
295.24, 160
295.27, 160
296.86, 160
296.88, 160
296.90, 160
296.93, 160
296.96, 160
296.99, 160
297.02, 160
297.04, 160
297.07, 160
297.09, 160
297.13, 160
297.15, 160
297.19, 160
297.21, 160
297.24, 160
297.27, 160
297.29, 160
297.32, 160
297.35, 160
297.38, 160
297.41, 160
297.44, 160
297.47, 160
297.48, 160
297.51, 160
297.71, 160
297.74, 160
297.77, 160
297.85, 160
297.88, 160
297.91, 160
297.93, 160
297.99, 160
298.08, 160
298.10, 160
298.13, 160
298.16, 160
298.18, 160
298.21, 160
298.78, 160
298.81, 160
298.84, 160
298.87, 160
299.14, 160
299.18, 160
299.22, 160
299.25, 160
299.28, 160
299.74, 160
299.77, 160
299.80, 160
299.83, 160
299.85, 160
299.88, 160
299.91, 160
299.93, 160
299.97, 160
300.00, 160
300.02, 160
300.05, 160
300.07, 160
300.10, 160
300.12, 160
300.15, 160
300.18, 160
300.21, 160
300.25, 160
300.28, 160
300.30, 160
300.33, 160
300.37, 160
300.39, 160
300.42, 160
300.45, 160
300.47, 160
300.50, 160
300.53, 160
307.56, 160
307.59, 160
307.61, 160
307.64, 160
307.66, 160
308.93, 160
308.95, 160
308.98, 160
309.01, 160
309.44, 160
309.71, 160
310.05, 160
310.07, 160
310.10, 160
310.12, 160
310.15, 160
312.84, 160
313.09, 160
313.11, 160
321.94, 160
321.97, 160
322.00, 160
322.03, 160
322.05, 160
322.08, 160
322.11, 160
322.14, 160
322.17, 160
322.20, 160
322.22, 160
322.25, 160
322.27, 160
322.30, 160
322.41, 160
322.44, 160
322.48, 160
322.50, 160
322.53, 160
322.55, 160
322.58, 160
323.21, 160
323.24, 160
323.26, 160
323.29, 160
323.32, 160
323.35, 160
323.37, 160
323.41, 160
323.43, 160
323.46, 160
323.49, 160
323.52, 160
323.55, 160
323.58, 160
326.34, 160
326.37, 160
326.39, 160
326.42, 160
326.45, 160
326.48, 160
326.51, 160
326.54, 160
326.57, 160
326.60, 160
326.62, 160
326.65, 160
326.68, 160
326.93, 160
327.79, 160
327.82, 160
327.91, 160
327.94, 160
328.70, 160
328.73, 160
328.76, 160
328.78, 160
328.80, 160
328.83, 160
328.86, 160
328.89, 160
329.00, 160
329.02, 160
329.06, 160
329.08, 160
329.11, 160
329.14, 160
329.16, 160
329.19, 160
329.22, 160
329.25, 160
329.50, 160
331.60, 160
331.63, 160
331.65, 160
331.67, 160
337.44, 160
337.48, 160
337.50, 160
337.63, 160
337.65, 160
337.68, 160
337.70, 160
337.73, 160
337.76, 160
355.71, 160
355.74, 160
355.76, 160
355.79, 160
355.82, 160
355.85, 160
