0.23, 165
0.26, 164
0.29, 164
0.31, 164
0.34, 164
0.37, 164
0.39, 164
0.42, 164
0.46, 164
0.49, 163
0.52, 162
0.98, 162
1.01, 162
1.06, 162
1.09, 162
1.12, 162
1.15, 162
1.18, 162
1.21, 162
1.23, 162
1.26, 162
1.29, 162
1.32, 162
1.35, 162
1.38, 162
1.40, 162
1.43, 162
1.46, 161
1.49, 161
1.51, 161
1.54, 161
2.57, 161
2.60, 161
2.63, 161
2.65, 161
3.19, 161
3.22, 161
3.97, 161
3.99, 161
4.02, 161
4.16, 161
4.18, 161
4.21, 161
4.24, 161
4.27, 161
4.30, 161
4.32, 161
4.35, 161
4.38, 161
4.41, 161
4.44, 161
4.47, 161
4.50, 161
4.52, 161
4.55, 161
4.58, 161
4.61, 161
4.64, 161
5.03, 161
5.05, 161
6.25, 160
6.27, 160
6.31, 160
6.34, 160
6.58, 160
6.61, 160
6.64, 160
6.66, 160
6.69, 160
6.72, 160
10.47, 160
10.50, 160
10.53, 160
10.57, 160
10.60, 160
10.62, 160
10.65, 160
10.68, 160
10.70, 160
10.73, 160
10.76, 160
10.78, 160
10.81, 160
12.64, 160
12.67, 160
12.75, 160
12.78, 160
12.80, 160
12.83, 160
14.83, 160
14.85, 160
14.89, 160
14.92, 160
14.95, 160
14.97, 160
15.00, 160
15.03, 160
15.05, 160
15.08, 160
15.11, 160
15.14, 160
15.19, 160
15.22, 160
15.53, 160
15.56, 160
15.59, 160
15.62, 160
15.71, 160
15.74, 160
15.77, 160
19.23, 160
19.26, 160
19.29, 160
20.48, 160
20.51, 160
20.53, 160
20.56, 160
20.58, 160
20.60, 160
20.63, 160
20.66, 160
20.69, 160
20.72, 160
20.74, 160
20.77, 160
20.79, 160
20.82, 160
20.85, 160
23.08, 160
23.10, 160
23.13, 160
23.17, 160
23.20, 160
23.22, 160
23.24, 160
23.27, 160
23.30, 160
23.33, 160
23.36, 160
23.38, 160
23.41, 160
23.44, 160
23.47, 160
23.50, 160
23.52, 160
23.55, 160
23.58, 160
23.61, 160
23.63, 160
23.65, 160
23.68, 160
23.71, 160
23.73, 160
23.96, 160
29.78, 160
29.81, 160
29.84, 160
29.86, 160
29.89, 160
29.92, 160
29.95, 160
29.98, 160
30.01, 160
30.04, 160
30.08, 160
30.11, 160
30.13, 160
49.32, 160
49.34, 160
49.37, 160
49.40, 160
61.19, 160
61.21, 160
61.24, 160
61.37, 160
61.39, 160
61.42, 160
61.45, 160
61.48, 160
61.51, 160
61.54, 160
61.56, 160
61.59, 160
61.62, 160
61.64, 160
61.68, 160
61.70, 160
61.73, 160
61.75, 160
61.78, 160
61.80, 160
61.83, 160
61.85, 160
61.88, 160
61.91, 160
62.77, 160
62.80, 160
62.82, 160
62.84, 160
62.87, 160
62.90, 160
62.93, 160
62.96, 160
62.98, 160
63.01, 160
63.04, 160
63.06, 160
63.09, 160
63.12, 160
63.15, 160
66.51, 160
66.54, 160
66.57, 160
66.60, 160
66.63, 160
66.65, 160
66.67, 160
66.70, 160
66.72, 160
66.75, 160
68.00, 160
68.02, 160
68.06, 160
68.08, 160
68.11, 160
68.14, 160
68.17, 160
68.20, 160
68.23, 160
68.25, 160
68.28, 160
68.31, 160
68.34, 160
68.37, 160
68.39, 160
68.85, 160
68.87, 160
68.90, 160
68.93, 160
68.95, 160
68.98, 160
69.00, 160
69.03, 160
69.05, 160
69.08, 160
69.22, 160
69.25, 160
69.27, 160
69.30, 160
78.69, 160
78.72, 160
78.75, 160
78.77, 160
78.79, 160
78.82, 160
78.85, 160
78.91, 160
78.94, 160
78.97, 160
78.99, 160
79.80, 160
79.83, 160
79.86, 160
79.88, 160
80.10, 160
80.18, 160
80.20, 160
80.23, 160
80.26, 160
80.28, 160
80.32, 160
80.34, 160
80.36, 160
80.39, 160
82.00, 160
82.02, 160
82.05, 160
82.08, 160
82.11, 160
82.14, 160
82.16, 160
82.19, 160
82.21, 160
82.24, 160
82.27, 160
82.30, 160
82.33, 160
82.38, 160
82.40, 160
88.58, 160
88.61, 160
88.64, 160
88.66, 160
88.69, 160
88.71, 160
89.77, 160
89.80, 160
89.93, 160
89.96, 160
89.98, 160
90.02, 160
90.05, 160
90.09, 160
90.12, 160
90.14, 160
90.17, 160
90.20, 160
90.23, 160
90.25, 160
90.28, 160
90.31, 160
90.33, 160
90.36, 160
90.39, 160
90.41, 160
90.44, 160
90.47, 160
90.49, 160
90.52, 160
90.54, 160
90.57, 160
90.60, 160
90.63, 160
90.65, 160
90.69, 160
103.33, 160
103.36, 160
103.39, 160
103.42, 160
103.45, 160
103.65, 160
103.68, 160
103.71, 160
103.73, 160
103.76, 160
103.78, 160
103.81, 160
103.84, 160
103.86, 160
103.89, 160
103.92, 160
103.95, 160
103.98, 160
104.01, 160
104.04, 160
104.06, 160
104.08, 160
104.11, 160
104.14, 160
104.16, 160
104.19, 160
104.23, 160
104.26, 160
104.28, 160
104.31, 160
104.33, 160
104.37, 160
104.39, 160
104.42, 160
106.64, 160
106.67, 160
108.98, 160
109.01, 160
109.04, 160
109.07, 160
109.09, 160
109.12, 160
109.15, 160
109.17, 160
109.20, 160
109.23, 160
109.26, 160
109.28, 160
109.30, 160
109.33, 160
109.35, 160
109.38, 160
109.41, 160
109.44, 160
109.47, 160
109.50, 160
109.53, 160
109.56, 160
109.58, 160
109.61, 160
109.65, 160
109.68, 160
109.71, 160
111.83, 160
113.30, 160
113.32, 160
113.35, 160
113.38, 160
113.40, 160
113.43, 160
113.46, 160
113.62, 160
113.64, 160
113.67, 160
113.71, 160
113.73, 160
113.76, 160
113.79, 160
114.05, 160
114.09, 160
114.11, 160
114.14, 160
114.18, 160
114.20, 160
114.23, 160
114.25, 160
114.28, 160
114.31, 160
114.34, 160
114.37, 160
114.39, 160
114.42, 160
114.45, 160
114.47, 160
114.50, 160
114.53, 160
114.55, 160
114.59, 160
114.62, 160
114.65, 160
114.67, 160
114.70, 160
115.31, 160
115.34, 160
115.36, 160
115.39, 160
115.43, 160
115.45, 160
115.48, 160
115.50, 160
115.53, 160
115.56, 160
115.59, 160
115.62, 160
115.65, 160
118.14, 160
131.95, 160
131.98, 160
132.50, 160
132.53, 160
132.69, 160
132.71, 160
132.74, 160
132.77, 160
132.80, 160
132.83, 160
132.86, 160
132.88, 160
132.91, 160
132.93, 160
132.96, 160
132.99, 160
134.37, 160
134.39, 160
134.42, 160
134.45, 160
134.48, 160
134.50, 160
134.53, 160
134.56, 160
134.58, 160
134.60, 160
134.63, 160
150.28, 160
150.30, 160
150.61, 160
150.64, 160
150.66, 160
150.69, 160
150.71, 160
150.74, 160
150.84, 160
150.87, 160
150.90, 160
150.92, 160
150.95, 160
150.98, 160
151.00, 160
151.03, 160
151.06, 160
151.08, 160
152.53, 160
152.56, 160
152.58, 160
152.61, 160
152.72, 160
152.74, 160
152.77, 160
152.80, 160
152.84, 160
152.87, 160
152.90, 160
152.92, 160
152.95, 160
152.97, 160
153.00, 160
153.02, 160
153.05, 160
153.08, 160
153.11, 160
153.13, 160
153.16, 160
153.19, 160
153.21, 160
153.24, 160
153.26, 160
153.29, 160
153.32, 160
153.35, 160
153.38, 160
153.41, 160
153.44, 160
153.47, 160
153.50, 160
153.99, 160
154.02, 160
154.04, 160
154.07, 160
154.09, 160
154.12, 160
154.14, 160
154.20, 160
154.22, 160
154.25, 160
154.27, 160
154.30, 160
154.33, 160
155.89, 160
155.91, 160
155.95, 160
155.98, 160
156.01, 160
156.04, 160
156.08, 160
156.10, 160
156.13, 160
156.17, 160
156.20, 160
156.23, 160
156.36, 160
156.38, 160
156.41, 160
156.44, 160
156.47, 160
156.50, 160
156.53, 160
156.57, 160
156.92, 160
157.80, 160
157.82, 160
157.85, 160
157.87, 160
157.90, 160
157.93, 160
157.96, 160
157.98, 160
158.01, 160
158.03, 160
158.06, 160
158.08, 160
158.14, 160
158.16, 160
158.18, 160
158.30, 160
158.32, 160
158.37, 160
158.40, 160
158.43, 160
158.45, 160
158.48, 160
158.51, 160
158.54, 160
158.57, 160
158.59, 160
158.62, 160
158.65, 160
158.67, 160
158.70, 160
158.72, 160
165.94, 160
165.97, 160
166.14, 160
166.17, 160
166.82, 160
166.84, 160
166.88, 160
166.90, 160
166.93, 160
166.96, 160
166.98, 160
167.00, 160
167.02, 160
167.06, 160
167.09, 160
167.12, 160
167.15, 160
167.17, 160
167.20, 160
167.24, 160
167.27, 160
167.29, 160
167.31, 160
167.34, 160
167.37, 160
167.39, 160
167.42, 160
167.44, 160
171.76, 160
171.79, 160
171.82, 160
171.85, 160
171.87, 160
171.90, 160
171.92, 160
172.02, 160
172.05, 160
172.07, 160
172.11, 160
172.14, 160
172.17, 160
172.20, 160
172.23, 160
172.26, 160
172.29, 160
172.31, 160
172.34, 160
172.37, 160
172.40, 160
172.43, 160
172.45, 160
172.48, 160
179.43, 160
179.46, 160
179.49, 160
179.61, 160
179.64, 160
179.66, 160
179.69, 160
179.72, 160
179.76, 160
179.79, 160
179.82, 160
179.85, 160
179.88, 160
179.92, 160
179.95, 160
182.79, 160
182.81, 160
182.84, 160
182.86, 160
182.89, 160
182.91, 160
182.94, 160
182.96, 160
183.00, 160
183.02, 160
183.05, 160
183.25, 160
183.28, 160
183.30, 160
183.33, 160
183.35, 160
183.38, 160
183.40, 160
183.43, 160
183.46, 160
183.48, 160
183.51, 160
183.53, 160
186.60, 160
186.63, 160
186.66, 160
199.30, 160
199.33, 160
199.37, 160
199.40, 160
199.42, 160
199.45, 160
199.48, 160
199.51, 160
199.54, 160
199.57, 160
199.60, 160
199.63, 160
200.00, 160
200.02, 160
200.05, 160
200.11, 160
200.13, 160
200.19, 160
200.22, 160
200.25, 160
200.28, 160
200.30, 160
200.33, 160
200.35, 160
200.37, 160
201.09, 160
201.12, 160
201.15, 160
201.18, 160
201.20, 160
201.24, 160
201.27, 160
201.29, 160
201.32, 160
201.62, 160
201.65, 160
201.68, 160
201.71, 160
201.74, 160
201.77, 160
201.79, 160
202.16, 160
202.19, 160
202.21, 160
202.24, 160
203.30, 160
203.33, 160
204.58, 160
204.61, 160
204.64, 160
204.67, 160
204.70, 160
204.73, 160
204.76, 160
204.79, 160
204.81, 160
206.81, 160
206.84, 160
206.86, 160
206.89, 160
206.92, 160
206.95, 160
206.98, 160
207.01, 160
207.04, 160
207.06, 160
207.09, 160
207.11, 160
207.20, 160
207.54, 160
207.57, 160
207.60, 160
209.41, 160
209.45, 160
209.47, 160
209.50, 160
209.62, 160
209.64, 160
209.67, 160
209.70, 160
209.72, 160
209.75, 160
209.77, 160
209.80, 160
209.83, 160
209.86, 160
209.88, 160
209.92, 160
209.94, 160
209.97, 160
215.33, 160
215.36, 160
215.38, 160
215.41, 160
215.44, 160
215.46, 160
215.48, 160
215.51, 160
215.53, 160
215.56, 160
215.59, 160
215.62, 160
215.64, 160
217.21, 160
217.35, 160
217.38, 160
217.40, 160
217.43, 160
217.46, 160
220.00, 160
220.04, 160
220.06, 160
220.09, 160
220.98, 160
221.01, 160
221.03, 160
221.07, 160
221.10, 160
221.13, 160
221.16, 160
221.19, 160
221.22, 160
221.25, 160
221.27, 160
221.30, 160
221.32, 160
221.35, 160
221.40, 160
221.42, 160
221.48, 160
227.78, 160
227.81, 160
227.83, 160
227.86, 160
227.89, 160
227.92, 160
227.94, 160
227.97, 160
227.99, 160
230.18, 160
230.21, 160
230.24, 160
230.26, 160
230.29, 160
230.32, 160
230.34, 160
230.37, 160
230.39, 160
230.42, 160
230.45, 160
230.48, 160
230.50, 160
230.53, 160
230.82, 160
230.85, 160
230.88, 160
230.91, 160
230.93, 160
230.96, 160
230.99, 160
231.02, 160
231.05, 160
231.07, 160
231.10, 160
231.87, 160
231.90, 160
231.92, 160
231.94, 160
231.97, 160
232.00, 160
232.03, 160
232.06, 160
232.08, 160
232.11, 160
232.14, 160
232.25, 160
232.35, 160
232.38, 160
232.41, 160
232.44, 160
232.46, 160
232.49, 160
232.57, 160
232.59, 160
232.61, 160
232.64, 160
232.67, 160
234.80, 160
234.82, 160
234.85, 160
234.88, 160
234.91, 160
234.94, 160
234.96, 160
234.98, 160
235.01, 160
235.03, 160
235.07, 160
235.09, 160
235.11, 160
235.14, 160
235.17, 160
235.20, 160
235.24, 160
235.26, 160
235.29, 160
235.32, 160
235.35, 160
235.38, 160
235.40, 160
235.43, 160
235.46, 160
235.48, 160
235.59, 160
235.63, 160
235.70, 160
235.73, 160
235.76, 160
236.13, 160
236.16, 160
236.19, 160
236.21, 160
236.24, 160
236.27, 160
236.30, 160
238.88, 160
239.50, 160
239.87, 160
239.90, 160
239.93, 160
241.33, 160
241.36, 160
241.39, 160
241.41, 160
241.44, 160
241.92, 160
241.95, 160
241.98, 160
242.00, 160
242.03, 160
242.05, 160
244.37, 160
244.39, 160
244.42, 160
244.47, 160
244.49, 160
244.52, 160
244.55, 160
244.57, 160
244.60, 160
244.63, 160
244.66, 160
244.72, 160
244.74, 160
244.77, 160
244.80, 160
244.83, 160
244.85, 160
244.88, 160
244.91, 160
244.94, 160
244.96, 160
244.98, 160
245.01, 160
253.35, 160
253.38, 160
253.41, 160
253.43, 160
253.46, 160
254.94, 160
255.44, 160
255.46, 160
255.48, 160
255.51, 160
255.53, 160
255.56, 160
255.58, 160
255.61, 160
255.63, 160
255.67, 160
255.70, 160
255.72, 160
255.75, 160
255.78, 160
255.80, 160
255.83, 160
255.86, 160
256.50, 160
263.19, 160
263.77, 160
263.79, 160
263.82, 160
263.85, 160
273.95, 160
273.98, 160
274.01, 160
274.03, 160
274.07, 160
274.09, 160
274.12, 160
274.14, 160
274.16, 160
274.19, 160
274.22, 160
274.24, 160
274.28, 160
274.30, 160
274.34, 160
274.36, 160
274.39, 160
274.42, 160
274.44, 160
274.47, 160
274.50, 160
274.52, 160
274.55, 160
274.58, 160
274.60, 160
274.62, 160
275.15, 160
275.59, 160
275.62, 160
275.64, 160
275.68, 160
275.71, 160
275.73, 160
275.76, 160
275.79, 160
275.82, 160
275.84, 160
275.87, 160
275.90, 160
275.92, 160
275.95, 160
275.98, 160
276.01, 160
276.04, 160
276.07, 160
276.09, 160
276.12, 160
276.15, 160
279.31, 160
279.33, 160
279.36, 160
284.43, 160
284.70, 160
284.73, 160
284.75, 160
284.78, 160
284.81, 160
284.83, 160
284.89, 160
284.91, 160
284.94, 160
284.97, 160
285.00, 160
285.62, 160
285.64, 160
285.67, 160
285.70, 160
287.27, 160
287.30, 160
287.33, 160
287.36, 160
287.39, 160
287.42, 160
287.44, 160
287.47, 160
287.49, 160
287.52, 160
287.55, 160
287.58, 160
287.61, 160
287.64, 160
287.66, 160
287.69, 160
287.72, 160
287.74, 160
287.77, 160
287.80, 160
287.83, 160
287.85, 160
287.88, 160
287.90, 160
287.93, 160
288.12, 160
288.14, 160
288.17, 160
288.26, 160
288.28, 160
288.31, 160
288.34, 160
288.39, 160
288.47, 160
288.50, 160
288.53, 160
288.56, 160
288.58, 160
288.61, 160
289.15, 160
289.18, 160
289.21, 160
289.24, 160
289.52, 160
289.55, 160
289.59, 160
289.61, 160
289.64, 160
290.10, 160
290.12, 160
290.15, 160
290.19, 160
290.21, 160
290.24, 160
290.27, 160
290.30, 160
290.33, 160
290.36, 160
290.38, 160
290.41, 160
290.43, 160
290.46, 160
290.48, 160
290.51, 160
290.54, 160
290.57, 160
290.60, 160
290.63, 160
290.65, 160
290.69, 160
290.72, 160
290.74, 160
290.77, 160
290.80, 160
290.82, 160
290.85, 160
290.87, 160
297.80, 160
297.83, 160
297.86, 160
297.88, 160
297.91, 160
299.18, 160
299.20, 160
299.23, 160
299.26, 160
299.67, 160
299.93, 160
300.27, 160
300.29, 160
300.32, 160
300.34, 160
300.37, 160
303.09, 160
303.33, 160
303.36, 160
312.06, 160
312.09, 160
312.12, 160
312.14, 160
312.17, 160
312.20, 160
312.23, 160
312.26, 160
312.29, 160
312.32, 160
312.34, 160
312.37, 160
312.39, 160
312.42, 160
312.53, 160
312.56, 160
312.59, 160
312.61, 160
312.64, 160
312.67, 160
312.70, 160
313.32, 160
313.35, 160
313.37, 160
313.40, 160
313.42, 160
313.45, 160
313.48, 160
313.51, 160
313.54, 160
313.57, 160
313.60, 160
313.63, 160
313.66, 160
313.68, 160
316.45, 160
316.48, 160
316.50, 160
316.53, 160
316.55, 160
316.59, 160
316.62, 160
316.65, 160
316.68, 160
316.70, 160
316.73, 160
316.76, 160
316.78, 160
317.02, 160
317.85, 160
317.88, 160
317.97, 160
317.99, 160
318.79, 160
318.81, 160
318.84, 160
318.86, 160
318.89, 160
318.92, 160
318.94, 160
318.97, 160
319.07, 160
319.10, 160
319.14, 160
319.16, 160
319.19, 160
319.22, 160
319.24, 160
319.27, 160
319.30, 160
319.32, 160
319.58, 160
321.63, 160
321.66, 160
321.68, 160
321.70, 160
327.42, 160
327.45, 160
327.47, 160
327.60, 160
327.63, 160
327.66, 160
327.68, 160
327.71, 160
327.74, 160
345.69, 160
345.72, 160
345.75, 160
345.77, 160
345.80, 160
345.83, 160
354.20, 160
355.46, 160
355.48, 160
355.51, 160
376.40, 160
376.43, 160
376.46, 160
376.48, 160
376.51, 160
376.54, 160
376.56, 160
376.72, 160
376.75, 160
376.78, 160
376.80, 160
376.83, 160
376.86, 160
376.88, 160
376.91, 160
376.94, 160
377.29, 160
377.32, 160
377.34, 160
378.70, 160
378.72, 160
378.74, 160
379.16, 160
381.64, 160
381.68, 160
381.70, 160
381.73, 160
381.76, 160
381.81, 160
381.83, 160
381.85, 160
381.88, 160
381.91, 160
381.94, 160
381.96, 160
382.00, 160
382.03, 160
382.05, 160
382.08, 160
382.11, 160
382.14, 160
382.16, 160
382.19, 160
382.22, 160
382.24, 160
382.27, 160
382.30, 160
382.33, 160
382.36, 160
382.38, 160
382.41, 160
382.44, 160
382.47, 160
382.49, 160
382.52, 160
382.55, 160
382.57, 160
382.60, 160
382.63, 160
382.66, 160
382.69, 160
383.03, 160
383.05, 160
383.08, 160
383.11, 160
383.13, 160
383.15, 160
383.18, 160
383.21, 160
383.24, 160
383.27, 160
383.29, 160
383.33, 160
383.35, 160
383.38, 160
383.41, 160
383.44, 160
383.47, 160
383.50, 160
383.54, 160
383.57, 160
383.59, 160
383.62, 160
384.82, 160
384.85, 160
384.87, 160
384.90, 160
384.92, 160
384.95, 160
384.98, 160
385.01, 160
385.04, 160
385.06, 160
385.24, 160
385.26, 160
385.28, 160
385.32, 160
385.35, 160
386.55, 160
386.57, 160
386.60, 160
386.65, 160
386.68, 160
386.71, 160
386.73, 160
387.29, 160
387.32, 160
387.34, 160
387.37, 160
387.40, 160
387.42, 160
387.45, 160
387.48, 160
387.51, 160
387.54, 160
387.56, 160
387.59, 160
387.62, 160
387.64, 160
387.67, 160
387.70, 160
387.73, 160
387.75, 160
387.77, 160
387.80, 160
387.83, 160
400.68, 160
400.71, 160
400.74, 160
401.00, 160
410.19, 160
410.21, 160
410.24, 160
410.26, 160
410.29, 160
410.31, 160
410.39, 160
410.42, 160
410.44, 160
410.47, 160
412.46, 160
412.48, 160
412.51, 160
412.54, 160
412.57, 160
412.60, 160
412.62, 160
412.66, 160
412.68, 160
412.71, 160
412.74, 160
412.95, 160
412.97, 160
413.03, 160
413.05, 160
413.08, 160
413.11, 160
413.13, 160
413.16, 160
413.19, 160
413.22, 160
413.25, 160
413.31, 160
413.34, 160
413.36, 160
413.39, 160
413.42, 160
413.44, 160
413.46, 160
413.49, 160
413.52, 160
415.55, 160
415.58, 160
415.61, 160
415.64, 160
415.67, 160
416.09, 160
416.11, 160
416.14, 160
416.16, 160
416.19, 160
416.22, 160
416.24, 160
416.27, 160
416.30, 160
416.33, 160
416.36, 160
416.38, 160
416.41, 160
416.44, 160
416.46, 160
416.49, 160
416.51, 160
416.54, 160
416.57, 160
416.59, 160
417.41, 160
417.43, 160
417.46, 160
417.48, 160
417.89, 160
417.92, 160
417.94, 160
417.97, 160
418.00, 160
418.03, 160
418.06, 160
418.09, 160
418.12, 160
418.16, 160
418.18, 160
418.21, 160
418.23, 160
419.31, 160
425.63, 160
425.65, 160
425.68, 160
425.70, 160
425.73, 160
425.76, 160
425.79, 160
425.82, 160
425.84, 160
429.15, 160
429.18, 160
429.21, 160
431.54, 160
431.57, 160
431.59, 160
431.63, 160
431.66, 160
431.69, 160
431.71, 160
431.74, 160
431.77, 160
431.79, 160
431.82, 160
432.41, 160
432.43, 160
432.46, 160
432.50, 160
432.52, 160
432.55, 160
432.58, 160
434.15, 160
434.18, 160
434.20, 160
434.23, 160
434.26, 160
434.36, 160
434.39, 160
434.42, 160
434.52, 160
434.55, 160
434.57, 160
434.61, 160
434.63, 160
434.66, 160
435.07, 160
435.10, 160
435.13, 160
435.16, 160
435.18, 160
435.22, 160
435.24, 160
435.81, 160
435.84, 160
435.87, 160
435.89, 160
435.93, 160
435.96, 160
435.99, 160
436.02, 160
436.05, 160
436.09, 160
436.11, 160
436.14, 160
436.17, 160
436.19, 160
436.22, 160
436.24, 160
436.27, 160
436.30, 160
436.43, 160
436.46, 160
436.49, 160
436.52, 160
436.54, 160
436.56, 160
436.59, 160
436.62, 160
436.65, 160
436.67, 160
436.70, 160
436.72, 160
436.74, 160
436.77, 160
436.80, 160
437.09, 160
437.12, 160
437.14, 160
437.17, 160
437.20, 160
437.22, 160
437.25, 160
437.27, 160
437.31, 160
437.34, 160
437.37, 160
437.40, 160
437.43, 160
437.45, 160
437.48, 160
437.51, 160
439.86, 160
439.88, 160
439.91, 160
439.93, 160
439.96, 160
439.98, 160
440.32, 160
440.34, 160
445.69, 160
445.71, 160
449.21, 160
449.23, 160
449.26, 160
466.34, 160
466.37, 160
467.94, 160
467.96, 160
467.99, 160
468.02, 160
468.05, 160
468.09, 160
468.11, 160
468.15, 160
468.17, 160
468.20, 160
468.23, 160
468.25, 160
468.28, 160
468.32, 160
468.34, 160
468.38, 160
468.40, 160
468.43, 160
469.40, 160
469.43, 160
469.45, 160
469.48, 160
469.50, 160
469.53, 160
469.55, 160
469.57, 160
469.60, 160
469.63, 160
469.66, 160
469.70, 160
469.72, 160
469.75, 160
469.78, 160
469.81, 160
469.84, 160
470.19, 160
470.22, 160
470.24, 160
470.27, 160
470.62, 160
470.97, 160
471.00, 160
471.03, 160
471.06, 160
471.08, 160
471.11, 160
471.13, 160
471.16, 160
471.19, 160
471.22, 160
471.24, 160
471.27, 160
471.29, 160
471.32, 160
476.91, 160
476.94, 160
476.97, 160
476.99, 160
477.04, 160
477.07, 160
477.10, 160
477.13, 160
477.15, 160
477.26, 160
477.28, 160
477.68, 160
477.71, 160
477.74, 160
477.78, 160
477.81, 160
477.83, 160
477.85, 160
477.88, 160
477.90, 160
477.93, 160
477.96, 160
477.99, 160
478.02, 160
478.05, 160
478.08, 160
478.10, 160
478.96, 160
478.99, 160
479.02, 160
479.05, 160
479.08, 160
479.11, 160
479.13, 160
479.16, 160
479.19, 160
479.21, 160
479.24, 160
479.26, 160
479.30, 160
479.32, 160
479.35, 160
479.38, 160
481.74, 160
481.95, 160
481.99, 160
482.01, 160
482.04, 160
482.07, 160
482.10, 160
482.13, 160
484.86, 160
484.89, 160
484.91, 160
484.93, 160
484.96, 160
484.98, 160
485.01, 160
485.04, 160
485.07, 160
485.10, 160
485.45, 160
485.47, 160
485.50, 160
486.55, 160
486.58, 160
486.61, 160
486.64, 160
486.67, 160
486.70, 160
486.73, 160
486.75, 160
486.78, 160
488.49, 160
488.52, 160
488.71, 160
488.85, 160
488.88, 160
488.91, 160
488.95, 160
488.98, 160
489.01, 160
489.04, 160
489.07, 160
489.10, 160
489.18, 160
489.21, 160
489.24, 160
489.28, 160
489.31, 160
489.34, 160
489.38, 160
489.41, 160
489.45, 160
489.48, 160
489.52, 160
489.55, 160
489.58, 160
489.63, 160
489.67, 160
489.72, 160
489.75, 160
490.43, 160
490.46, 160
490.49, 160
490.52, 160
490.54, 160
490.57, 160
490.60, 160
490.76, 160
490.79, 160
491.34, 160
491.47, 160
491.50, 160
491.53, 160
491.68, 160
491.71, 160
491.74, 160
491.76, 160
491.79, 160
491.81, 160
491.85, 160
493.40, 160
493.43, 160
493.45, 160
493.48, 160
493.51, 160
513.29, 160
513.31, 160
513.33, 160
513.36, 160
513.38, 160
513.41, 160
513.43, 160
513.46, 160
519.70, 160
519.72, 160
519.75, 160
519.78, 160
519.81, 160
519.83, 160
520.76, 160
520.78, 160
520.81, 160
528.27, 160
528.30, 160
528.33, 160
528.35, 160
528.39, 160
528.41, 160
528.44, 160
528.47, 160
528.50, 160
528.53, 160
528.56, 160
528.59, 160
531.31, 160
531.34, 160
531.37, 160
531.39, 160
531.41, 160
531.44, 160
531.47, 160
531.50, 160
531.53, 160
531.56, 160
537.60, 160
537.63, 160
537.66, 160
537.68, 160
537.70, 160
537.73, 160
537.81, 160
537.84, 160
537.87, 160
537.89, 160
537.92, 160
537.96, 160
537.99, 160
538.01, 160
538.04, 160
