0.25, 165
0.28, 164
0.31, 164
0.34, 164
0.37, 164
0.40, 164
0.43, 164
0.46, 164
0.52, 164
0.55, 163
0.59, 162
1.10, 162
1.14, 162
1.19, 162
1.23, 162
1.26, 162
1.28, 162
1.32, 162
1.35, 162
1.37, 162
1.40, 162
1.44, 162
1.47, 162
1.50, 162
1.52, 162
1.55, 162
1.58, 162
1.61, 161
1.64, 161
1.67, 161
1.70, 161
2.81, 161
2.84, 161
2.87, 161
2.90, 161
3.48, 161
3.50, 161
4.31, 161
4.34, 161
4.37, 161
4.51, 161
4.54, 161
4.57, 161
4.60, 161
4.63, 161
4.66, 161
4.68, 161
4.72, 161
4.76, 161
4.79, 161
4.82, 161
4.85, 161
4.88, 161
4.91, 161
4.95, 161
4.97, 161
5.01, 161
5.04, 161
5.50, 161
5.53, 161
6.92, 160
6.96, 160
7.00, 160
7.04, 160
7.32, 160
7.35, 160
7.38, 160
7.41, 160
7.44, 160
7.47, 160
11.81, 160
11.85, 160
11.88, 160
11.92, 160
11.95, 160
11.99, 160
12.01, 160
12.04, 160
12.08, 160
12.11, 160
12.14, 160
12.16, 160
12.19, 160
14.27, 160
14.30, 160
14.40, 160
14.43, 160
14.46, 160
14.49, 160
16.76, 160
16.79, 160
16.83, 160
16.87, 160
16.90, 160
16.93, 160
16.95, 160
17.00, 160
17.03, 160
17.07, 160
17.10, 160
17.14, 160
17.19, 160
17.23, 160
17.57, 160
17.60, 160
17.63, 160
17.66, 160
17.77, 160
17.81, 160
17.84, 160
21.75, 160
21.78, 160
21.82, 160
23.12, 160
23.15, 160
23.17, 160
23.20, 160
23.22, 160
23.25, 160
23.28, 160
23.31, 160
23.34, 160
23.37, 160
23.41, 160
23.43, 160
23.46, 160
23.48, 160
23.52, 160
25.93, 160
25.96, 160
25.99, 160
26.03, 160
26.06, 160
26.08, 160
26.10, 160
26.14, 160
26.17, 160
26.20, 160
26.23, 160
26.25, 160
26.28, 160
26.31, 160
26.35, 160
26.37, 160
26.40, 160
26.43, 160
26.46, 160
26.48, 160
26.51, 160
26.54, 160
26.56, 160
26.60, 160
26.63, 160
26.88, 160
33.42, 160
33.45, 160
33.48, 160
33.51, 160
33.54, 160
33.57, 160
33.61, 160
33.65, 160
33.69, 160
33.72, 160
33.75, 160
33.78, 160
33.82, 160
55.22, 160
55.25, 160
55.28, 160
55.31, 160
68.75, 160
68.78, 160
68.81, 160
68.95, 160
68.98, 160
69.01, 160
69.04, 160
69.07, 160
69.11, 160
69.14, 160
69.17, 160
69.20, 160
69.23, 160
69.26, 160
69.29, 160
69.32, 160
69.35, 160
69.39, 160
69.41, 160
69.44, 160
69.47, 160
69.49, 160
69.53, 160
69.56, 160
70.50, 160
70.53, 160
70.55, 160
70.58, 160
70.60, 160
70.64, 160
70.67, 160
70.70, 160
70.72, 160
70.75, 160
70.78, 160
70.81, 160
70.84, 160
70.88, 160
70.91, 160
74.58, 160
74.61, 160
74.65, 160
74.68, 160
74.71, 160
74.73, 160
74.76, 160
74.79, 160
74.82, 160
74.85, 160
76.18, 160
76.21, 160
76.24, 160
76.27, 160
76.31, 160
76.34, 160
76.37, 160
76.40, 160
76.44, 160
76.47, 160
76.50, 160
76.53, 160
76.57, 160
76.60, 160
76.64, 160
77.16, 160
77.18, 160
77.21, 160
77.24, 160
77.27, 160
77.30, 160
77.32, 160
77.36, 160
77.39, 160
77.42, 160
77.58, 160
77.62, 160
77.64, 160
77.67, 160
88.28, 160
88.32, 160
88.35, 160
88.37, 160
88.40, 160
88.43, 160
88.47, 160
88.54, 160
88.57, 160
88.60, 160
88.63, 160
89.56, 160
89.59, 160
89.62, 160
89.66, 160
89.90, 160
89.98, 160
90.01, 160
90.04, 160
90.07, 160
90.10, 160
90.14, 160
90.17, 160
90.19, 160
90.22, 160
92.05, 160
92.08, 160
92.11, 160
92.14, 160
92.17, 160
92.21, 160
92.23, 160
92.26, 160
92.30, 160
92.33, 160
92.36, 160
92.39, 160
92.42, 160
92.48, 160
92.51, 160
99.57, 160
99.59, 160
99.62, 160
99.65, 160
99.68, 160
99.71, 160
100.87, 160
100.90, 160
101.04, 160
101.07, 160
101.10, 160
101.14, 160
101.17, 160
101.20, 160
101.24, 160
101.27, 160
101.29, 160
101.32, 160
101.35, 160
101.38, 160
101.41, 160
101.44, 160
101.47, 160
101.49, 160
101.52, 160
101.56, 160
101.58, 160
101.61, 160
101.64, 160
101.66, 160
101.69, 160
101.71, 160
101.75, 160
101.78, 160
101.81, 160
101.84, 160
116.06, 160
116.10, 160
116.13, 160
116.16, 160
116.19, 160
116.42, 160
116.44, 160
116.48, 160
116.50, 160
116.53, 160
116.56, 160
116.59, 160
116.62, 160
116.65, 160
116.68, 160
116.71, 160
116.74, 160
116.77, 160
116.80, 160
116.83, 160
116.86, 160
116.88, 160
116.91, 160
116.94, 160
116.96, 160
117.00, 160
117.03, 160
117.06, 160
117.09, 160
117.12, 160
117.15, 160
117.18, 160
117.21, 160
117.24, 160
119.77, 160
119.80, 160
122.47, 160
122.50, 160
122.53, 160
122.56, 160
122.59, 160
122.61, 160
122.65, 160
122.68, 160
122.70, 160
122.74, 160
122.78, 160
122.80, 160
122.83, 160
122.86, 160
122.88, 160
122.91, 160
122.94, 160
122.97, 160
123.00, 160
123.03, 160
123.06, 160
123.09, 160
123.12, 160
123.15, 160
123.18, 160
123.22, 160
123.24, 160
125.54, 160
127.23, 160
127.26, 160
127.29, 160
127.31, 160
127.34, 160
127.37, 160
127.40, 160
127.56, 160
127.59, 160
127.62, 160
127.65, 160
127.68, 160
127.70, 160
127.73, 160
128.03, 160
128.06, 160
128.09, 160
128.12, 160
128.15, 160
128.18, 160
128.21, 160
128.23, 160
128.27, 160
128.30, 160
128.32, 160
128.35, 160
128.38, 160
128.41, 160
128.44, 160
128.46, 160
128.50, 160
128.52, 160
128.55, 160
128.58, 160
128.62, 160
128.65, 160
128.68, 160
128.71, 160
129.36, 160
129.39, 160
129.42, 160
129.45, 160
129.49, 160
129.52, 160
129.55, 160
129.58, 160
129.61, 160
129.64, 160
129.67, 160
129.70, 160
129.73, 160
132.53, 160
148.26, 160
148.30, 160
148.90, 160
148.94, 160
149.13, 160
149.15, 160
149.18, 160
149.22, 160
149.25, 160
149.28, 160
149.31, 160
149.33, 160
149.36, 160
149.38, 160
149.42, 160
149.46, 160
150.99, 160
151.02, 160
151.06, 160
151.09, 160
151.12, 160
151.15, 160
151.18, 160
151.21, 160
151.24, 160
151.27, 160
151.30, 160
169.01, 160
169.03, 160
169.39, 160
169.42, 160
169.45, 160
169.49, 160
169.52, 160
169.55, 160
169.67, 160
169.70, 160
169.73, 160
169.76, 160
169.79, 160
169.82, 160
169.85, 160
169.88, 160
169.91, 160
169.94, 160
171.59, 160
171.62, 160
171.65, 160
171.68, 160
171.80, 160
171.84, 160
171.87, 160
171.90, 160
171.95, 160
171.98, 160
172.01, 160
172.05, 160
172.07, 160
172.11, 160
172.15, 160
172.17, 160
172.20, 160
172.23, 160
172.26, 160
172.29, 160
172.32, 160
172.35, 160
172.39, 160
172.41, 160
172.44, 160
172.47, 160
172.50, 160
172.54, 160
172.58, 160
172.61, 160
172.65, 160
172.68, 160
172.71, 160
173.26, 160
173.28, 160
173.31, 160
173.34, 160
173.37, 160
173.39, 160
173.42, 160
173.48, 160
173.51, 160
173.54, 160
173.56, 160
173.59, 160
173.62, 160
175.34, 160
175.36, 160
175.40, 160
175.43, 160
175.47, 160
175.51, 160
175.54, 160
175.57, 160
175.61, 160
175.65, 160
175.68, 160
175.72, 160
175.84, 160
175.87, 160
175.91, 160
175.94, 160
175.98, 160
176.02, 160
176.05, 160
176.09, 160
176.49, 160
177.43, 160
177.45, 160
177.49, 160
177.52, 160
177.55, 160
177.58, 160
177.62, 160
177.65, 160
177.68, 160
177.70, 160
177.73, 160
177.76, 160
177.82, 160
177.84, 160
177.87, 160
178.00, 160
178.02, 160
178.08, 160
178.11, 160
178.14, 160
178.16, 160
178.20, 160
178.23, 160
178.26, 160
178.29, 160
178.32, 160
178.35, 160
178.38, 160
178.40, 160
178.43, 160
178.45, 160
