0.27, 165
0.30, 164
0.33, 164
0.36, 164
0.39, 164
0.42, 164
0.45, 164
0.48, 164
0.53, 164
0.56, 163
0.60, 162
1.11, 162
1.15, 162
1.20, 162
1.23, 162
1.27, 162
1.30, 162
1.34, 162
1.37, 162
1.40, 162
1.43, 162
1.46, 162
1.50, 162
1.54, 162
1.56, 162
1.60, 162
1.63, 162
1.67, 161
1.71, 161
1.74, 161
1.77, 161
2.93, 161
2.97, 161
3.00, 161
3.03, 161
3.63, 161
3.65, 161
4.45, 161
4.48, 161
4.51, 161
4.66, 161
4.71, 161
4.76, 161
4.79, 161
4.83, 161
4.86, 161
4.89, 161
4.93, 161
4.97, 161
5.00, 161
5.04, 161
5.06, 161
5.10, 161
5.13, 161
5.16, 161
5.19, 161
5.23, 161
5.26, 161
5.72, 161
5.75, 161
7.15, 160
7.19, 160
7.23, 160
7.27, 160
7.54, 160
7.57, 160
7.61, 160
7.64, 160
7.67, 160
7.71, 160
11.96, 160
11.99, 160
12.02, 160
12.06, 160
12.09, 160
12.13, 160
12.16, 160
12.19, 160
12.22, 160
12.25, 160
12.28, 160
12.31, 160
12.35, 160
14.39, 160
14.41, 160
14.51, 160
14.54, 160
14.57, 160
14.60, 160
16.91, 160
16.94, 160
16.98, 160
17.01, 160
17.04, 160
17.06, 160
17.09, 160
17.13, 160
17.15, 160
17.18, 160
17.23, 160
17.26, 160
17.31, 160
17.34, 160
17.67, 160
17.70, 160
17.72, 160
17.76, 160
17.86, 160
17.90, 160
17.93, 160
21.82, 160
21.85, 160
21.88, 160
23.21, 160
23.25, 160
23.27, 160
23.30, 160
23.32, 160
23.34, 160
23.38, 160
23.42, 160
23.45, 160
23.48, 160
23.51, 160
23.54, 160
23.57, 160
23.60, 160
23.63, 160
26.09, 160
26.12, 160
26.15, 160
26.19, 160
26.22, 160
26.25, 160
26.27, 160
26.31, 160
26.34, 160
26.37, 160
26.40, 160
26.42, 160
26.46, 160
26.49, 160
26.53, 160
26.55, 160
26.58, 160
26.62, 160
26.65, 160
26.68, 160
26.72, 160
26.75, 160
26.78, 160
26.81, 160
26.84, 160
27.11, 160
33.74, 160
33.78, 160
33.81, 160
33.84, 160
33.87, 160
33.90, 160
33.93, 160
33.97, 160
34.00, 160
34.04, 160
34.07, 160
34.11, 160
34.14, 160
55.47, 160
55.49, 160
55.52, 160
55.55, 160
69.01, 160
69.04, 160
69.07, 160
69.21, 160
69.23, 160
69.27, 160
69.30, 160
69.33, 160
69.36, 160
69.39, 160
69.42, 160
69.45, 160
69.48, 160
69.51, 160
69.55, 160
69.58, 160
69.60, 160
69.64, 160
69.67, 160
69.69, 160
69.72, 160
69.76, 160
69.79, 160
69.82, 160
70.78, 160
70.80, 160
70.83, 160
70.86, 160
70.89, 160
70.92, 160
70.96, 160
70.99, 160
71.01, 160
71.04, 160
71.08, 160
71.10, 160
71.14, 160
71.17, 160
71.20, 160
74.86, 160
74.89, 160
74.92, 160
74.95, 160
74.98, 160
75.00, 160
75.03, 160
75.05, 160
75.08, 160
75.11, 160
76.45, 160
76.47, 160
76.51, 160
76.53, 160
76.57, 160
76.61, 160
76.64, 160
76.67, 160
76.70, 160
76.74, 160
76.77, 160
76.80, 160
76.83, 160
76.86, 160
76.89, 160
77.41, 160
77.44, 160
77.47, 160
77.50, 160
77.52, 160
77.56, 160
77.58, 160
77.62, 160
77.65, 160
77.68, 160
77.83, 160
77.86, 160
77.89, 160
77.91, 160
88.59, 160
88.63, 160
88.65, 160
88.68, 160
88.70, 160
88.74, 160
88.78, 160
88.84, 160
88.87, 160
88.90, 160
88.93, 160
89.80, 160
89.83, 160
89.86, 160
89.90, 160
90.14, 160
90.22, 160
90.24, 160
90.27, 160
90.30, 160
90.33, 160
90.37, 160
90.40, 160
90.43, 160
90.46, 160
92.28, 160
92.31, 160
92.34, 160
92.37, 160
92.40, 160
92.44, 160
92.46, 160
92.50, 160
92.52, 160
92.55, 160
92.58, 160
92.61, 160
92.65, 160
92.71, 160
92.73, 160
99.58, 160
99.61, 160
99.64, 160
99.67, 160
99.69, 160
99.72, 160
100.87, 160
100.90, 160
101.04, 160
101.08, 160
101.11, 160
101.14, 160
101.18, 160
101.21, 160
101.25, 160
101.28, 160
101.31, 160
101.34, 160
101.37, 160
101.39, 160
101.42, 160
101.45, 160
101.48, 160
101.50, 160
101.53, 160
101.56, 160
101.59, 160
101.62, 160
101.65, 160
101.67, 160
101.70, 160
101.73, 160
101.76, 160
101.79, 160
101.82, 160
101.86, 160
116.22, 160
116.26, 160
116.29, 160
116.33, 160
116.36, 160
116.59, 160
116.62, 160
116.65, 160
116.68, 160
116.71, 160
116.74, 160
116.78, 160
116.80, 160
116.83, 160
116.86, 160
116.89, 160
116.92, 160
116.96, 160
116.99, 160
117.02, 160
117.05, 160
117.08, 160
117.10, 160
117.14, 160
117.17, 160
117.20, 160
117.23, 160
117.27, 160
117.29, 160
117.33, 160
117.35, 160
117.39, 160
117.41, 160
117.45, 160
119.94, 160
119.98, 160
122.58, 160
122.61, 160
122.65, 160
122.67, 160
122.70, 160
122.72, 160
122.76, 160
122.78, 160
122.81, 160
122.84, 160
122.88, 160
122.91, 160
122.93, 160
122.96, 160
122.98, 160
123.01, 160
123.05, 160
123.08, 160
123.11, 160
123.14, 160
123.16, 160
123.19, 160
123.22, 160
123.25, 160
123.29, 160
123.33, 160
123.36, 160
125.67, 160
127.32, 160
127.34, 160
127.38, 160
127.40, 160
127.43, 160
127.46, 160
127.49, 160
127.67, 160
127.70, 160
127.72, 160
127.76, 160
127.79, 160
127.81, 160
127.84, 160
128.14, 160
128.17, 160
128.20, 160
128.23, 160
128.27, 160
128.30, 160
128.33, 160
128.36, 160
128.39, 160
128.42, 160
128.45, 160
128.49, 160
128.51, 160
128.55, 160
128.57, 160
128.61, 160
128.63, 160
128.66, 160
128.69, 160
128.72, 160
128.76, 160
128.79, 160
128.82, 160
128.85, 160
129.57, 160
129.60, 160
129.63, 160
129.66, 160
129.71, 160
129.74, 160
129.77, 160
129.79, 160
129.82, 160
129.85, 160
129.89, 160
129.92, 160
129.96, 160
132.85, 160
148.54, 160
148.57, 160
149.17, 160
149.21, 160
149.39, 160
149.42, 160
149.46, 160
149.50, 160
149.53, 160
149.56, 160
149.59, 160
149.62, 160
149.64, 160
149.67, 160
149.70, 160
149.74, 160
151.27, 160
151.30, 160
151.33, 160
151.37, 160
151.40, 160
151.43, 160
151.46, 160
151.49, 160
151.51, 160
151.54, 160
151.57, 160
169.40, 160
169.43, 160
169.78, 160
169.81, 160
169.84, 160
169.87, 160
169.90, 160
169.92, 160
170.04, 160
170.07, 160
170.10, 160
170.13, 160
170.16, 160
170.20, 160
170.23, 160
170.27, 160
170.30, 160
170.33, 160
171.95, 160
171.98, 160
172.01, 160
172.03, 160
172.15, 160
172.18, 160
172.21, 160
172.24, 160
172.28, 160
172.31, 160
172.34, 160
172.37, 160
172.40, 160
172.43, 160
172.46, 160
172.48, 160
172.51, 160
172.54, 160
172.57, 160
172.60, 160
172.63, 160
172.67, 160
172.70, 160
172.73, 160
172.76, 160
172.79, 160
172.82, 160
172.85, 160
172.89, 160
172.92, 160
172.96, 160
172.99, 160
173.02, 160
173.55, 160
173.59, 160
173.62, 160
173.65, 160
173.67, 160
173.70, 160
173.73, 160
173.79, 160
173.81, 160
173.84, 160
173.87, 160
173.90, 160
173.92, 160
175.64, 160
175.67, 160
175.71, 160
175.74, 160
175.78, 160
175.81, 160
175.85, 160
175.88, 160
175.92, 160
175.95, 160
175.98, 160
176.02, 160
176.14, 160
176.17, 160
176.20, 160
176.24, 160
176.28, 160
176.31, 160
176.35, 160
176.38, 160
176.76, 160
177.68, 160
177.71, 160
177.74, 160
177.77, 160
177.80, 160
177.83, 160
177.87, 160
177.89, 160
177.92, 160
177.94, 160
177.97, 160
178.00, 160
178.06, 160
178.09, 160
178.11, 160
178.23, 160
178.26, 160
178.32, 160
178.35, 160
178.38, 160
178.41, 160
178.44, 160
178.47, 160
178.50, 160
178.53, 160
178.56, 160
178.60, 160
178.63, 160
178.65, 160
178.68, 160
178.71, 160
187.04, 160
187.08, 160
187.29, 160
187.32, 160
188.04, 160
188.07, 160
188.10, 160
188.14, 160
188.17, 160
188.20, 160
188.23, 160
188.25, 160
188.27, 160
188.30, 160
188.33, 160
188.36, 160
188.39, 160
188.42, 160
188.46, 160
188.49, 160
188.52, 160
188.55, 160
188.57, 160
188.61, 160
188.64, 160
188.66, 160
188.69, 160
188.72, 160
193.64, 160
193.68, 160
193.71, 160
193.74, 160
193.76, 160
193.79, 160
193.82, 160
193.93, 160
193.97, 160
194.00, 160
194.03, 160
194.06, 160
194.09, 160
194.12, 160
194.16, 160
194.19, 160
194.23, 160
194.26, 160
194.29, 160
194.32, 160
194.35, 160
194.38, 160
194.41, 160
194.44, 160
202.24, 160
202.28, 160
202.30, 160
202.43, 160
202.46, 160
202.48, 160
202.51, 160
202.54, 160
202.57, 160
202.60, 160
202.63, 160
202.65, 160
202.69, 160
202.72, 160
202.76, 160
205.83, 160
205.86, 160
205.89, 160
205.92, 160
205.94, 160
205.98, 160
206.01, 160
206.04, 160
206.07, 160
206.10, 160
206.13, 160
206.36, 160
206.39, 160
206.42, 160
206.44, 160
206.47, 160
206.50, 160
206.52, 160
206.56, 160
206.59, 160
206.62, 160
206.65, 160
206.68, 160
210.17, 160
210.21, 160
210.24, 160
224.39, 160
224.42, 160
224.45, 160
224.49, 160
224.51, 160
224.55, 160
224.58, 160
224.61, 160
224.65, 160
224.68, 160
224.72, 160
224.75, 160
225.16, 160
225.18, 160
225.22, 160
225.28, 160
225.31, 160
225.37, 160
225.41, 160
225.44, 160
225.47, 160
225.51, 160
225.54, 160
225.57, 160
225.60, 160
226.37, 160
226.41, 160
226.44, 160
226.47, 160
226.50, 160
226.54, 160
226.57, 160
226.60, 160
226.63, 160
226.97, 160
227.00, 160
227.03, 160
227.06, 160
227.09, 160
227.12, 160
227.15, 160
227.57, 160
227.60, 160
227.62, 160
227.65, 160
228.83, 160
228.87, 160
230.29, 160
230.32, 160
230.35, 160
230.39, 160
230.42, 160
230.45, 160
230.49, 160
230.52, 160
230.54, 160
232.78, 160
232.81, 160
232.84, 160
232.87, 160
232.90, 160
232.93, 160
232.96, 160
233.00, 160
233.04, 160
233.07, 160
233.11, 160
233.14, 160
233.24, 160
233.62, 160
233.65, 160
233.68, 160
235.73, 160
235.77, 160
235.80, 160
235.84, 160
235.97, 160
236.00, 160
236.03, 160
236.05, 160
236.09, 160
236.12, 160
236.15, 160
236.17, 160
236.21, 160
236.24, 160
236.27, 160
236.30, 160
236.33, 160
236.36, 160
