0.27, 165
0.30, 164
0.33, 164
0.36, 164
0.39, 164
0.43, 164
0.47, 164
0.50, 164
0.56, 164
0.59, 163
0.63, 162
1.16, 162
1.19, 162
1.25, 162
1.28, 162
1.31, 162
1.34, 162
1.37, 162
1.41, 162
1.43, 162
1.46, 162
1.49, 162
1.52, 162
1.55, 162
1.57, 162
1.60, 162
1.63, 162
1.66, 161
1.69, 161
1.72, 161
1.75, 161
2.85, 161
2.88, 161
2.90, 161
2.93, 161
3.48, 161
3.51, 161
4.26, 161
4.29, 161
4.32, 161
4.46, 161
4.49, 161
4.52, 161
4.54, 161
4.58, 161
4.61, 161
4.63, 161
4.67, 161
4.70, 161
4.74, 161
4.77, 161
4.80, 161
4.82, 161
4.85, 161
4.88, 161
4.91, 161
4.94, 161
4.97, 161
5.38, 161
5.40, 161
6.70, 160
6.73, 160
6.77, 160
6.81, 160
7.10, 160
7.14, 160
7.17, 160
7.19, 160
7.23, 160
7.26, 160
11.32, 160
11.35, 160
11.39, 160
11.42, 160
11.45, 160
11.48, 160
11.51, 160
11.54, 160
11.56, 160
11.59, 160
11.62, 160
11.64, 160
11.67, 160
13.59, 160
13.62, 160
13.70, 160
13.73, 160
13.76, 160
13.78, 160
15.90, 160
15.94, 160
15.98, 160
16.02, 160
16.05, 160
16.08, 160
16.10, 160
16.14, 160
16.17, 160
16.20, 160
16.24, 160
16.27, 160
16.32, 160
16.35, 160
16.65, 160
16.68, 160
16.71, 160
16.74, 160
16.84, 160
16.87, 160
16.90, 160
20.69, 160
20.72, 160
20.76, 160
22.06, 160
22.09, 160
22.11, 160
22.14, 160
22.16, 160
22.19, 160
22.22, 160
22.25, 160
22.28, 160
22.31, 160
22.34, 160
22.36, 160
22.40, 160
22.43, 160
22.46, 160
24.83, 160
24.86, 160
24.89, 160
24.92, 160
24.96, 160
24.98, 160
25.00, 160
25.04, 160
25.07, 160
25.10, 160
25.13, 160
25.16, 160
25.20, 160
25.24, 160
25.28, 160
25.31, 160
25.33, 160
25.36, 160
25.40, 160
25.42, 160
25.45, 160
25.47, 160
25.50, 160
25.53, 160
25.56, 160
25.78, 160
32.23, 160
32.27, 160
32.30, 160
32.33, 160
32.36, 160
32.40, 160
32.43, 160
32.47, 160
32.50, 160
32.53, 160
32.56, 160
32.59, 160
32.62, 160
51.91, 160
51.94, 160
51.97, 160
52.00, 160
64.26, 160
64.29, 160
64.32, 160
64.45, 160
64.48, 160
64.51, 160
64.54, 160
64.57, 160
64.60, 160
64.62, 160
64.65, 160
64.68, 160
64.70, 160
64.73, 160
64.76, 160
64.78, 160
64.81, 160
64.84, 160
64.86, 160
64.89, 160
64.91, 160
64.94, 160
64.97, 160
65.00, 160
65.86, 160
65.88, 160
65.91, 160
65.93, 160
65.96, 160
65.99, 160
66.02, 160
66.05, 160
66.08, 160
66.11, 160
66.14, 160
66.16, 160
66.19, 160
66.22, 160
66.25, 160
69.63, 160
69.65, 160
69.68, 160
69.71, 160
69.74, 160
69.76, 160
69.78, 160
69.81, 160
69.83, 160
69.86, 160
71.07, 160
71.10, 160
71.13, 160
71.16, 160
71.19, 160
71.22, 160
71.24, 160
71.27, 160
71.30, 160
71.33, 160
71.36, 160
71.39, 160
71.41, 160
71.44, 160
71.47, 160
71.98, 160
72.01, 160
72.04, 160
72.06, 160
72.09, 160
72.11, 160
72.14, 160
72.17, 160
72.20, 160
72.22, 160
72.36, 160
72.39, 160
72.41, 160
72.44, 160
82.11, 160
82.14, 160
82.16, 160
82.19, 160
82.21, 160
82.24, 160
82.27, 160
82.33, 160
82.36, 160
82.38, 160
82.41, 160
83.22, 160
83.24, 160
83.27, 160
83.30, 160
83.51, 160
83.59, 160
83.61, 160
83.64, 160
83.67, 160
83.69, 160
83.73, 160
83.75, 160
83.77, 160
83.80, 160
85.56, 160
85.60, 160
85.63, 160
85.65, 160
85.68, 160
85.72, 160
85.74, 160
85.77, 160
85.80, 160
85.83, 160
85.86, 160
85.89, 160
85.92, 160
85.98, 160
86.00, 160
92.61, 160
92.64, 160
92.67, 160
92.70, 160
92.72, 160
92.75, 160
93.91, 160
93.94, 160
94.09, 160
94.12, 160
94.15, 160
94.19, 160
94.23, 160
94.26, 160
94.30, 160
94.33, 160
94.36, 160
94.39, 160
94.42, 160
94.45, 160
94.48, 160
94.51, 160
94.54, 160
94.56, 160
94.59, 160
94.62, 160
94.65, 160
94.68, 160
94.71, 160
94.74, 160
94.76, 160
94.79, 160
94.83, 160
94.86, 160
94.89, 160
94.91, 160
108.70, 160
108.73, 160
108.76, 160
108.79, 160
108.83, 160
109.05, 160
109.08, 160
109.10, 160
109.13, 160
109.16, 160
109.19, 160
109.22, 160
109.25, 160
109.29, 160
109.31, 160
109.34, 160
109.38, 160
109.41, 160
109.44, 160
109.48, 160
109.50, 160
109.53, 160
109.55, 160
109.58, 160
109.61, 160
109.64, 160
109.67, 160
109.71, 160
109.74, 160
109.77, 160
109.80, 160
109.83, 160
109.86, 160
109.89, 160
112.30, 160
112.32, 160
114.80, 160
114.83, 160
114.87, 160
114.89, 160
114.92, 160
114.95, 160
114.98, 160
115.00, 160
115.03, 160
115.07, 160
115.10, 160
115.13, 160
115.15, 160
115.18, 160
115.20, 160
115.23, 160
115.26, 160
115.29, 160
115.32, 160
115.35, 160
115.38, 160
115.41, 160
115.44, 160
115.48, 160
115.51, 160
115.55, 160
115.58, 160
117.86, 160
119.48, 160
119.51, 160
119.54, 160
119.57, 160
119.59, 160
119.61, 160
119.65, 160
119.82, 160
119.85, 160
119.88, 160
119.91, 160
119.94, 160
119.97, 160
120.00, 160
120.28, 160
120.31, 160
120.33, 160
120.37, 160
120.40, 160
120.43, 160
120.46, 160
120.49, 160
120.52, 160
120.55, 160
120.58, 160
120.62, 160
120.64, 160
120.67, 160
120.70, 160
120.73, 160
120.76, 160
120.79, 160
120.82, 160
120.85, 160
120.88, 160
120.92, 160
120.94, 160
120.97, 160
121.66, 160
121.69, 160
121.72, 160
121.75, 160
121.79, 160
121.81, 160
121.85, 160
121.88, 160
121.90, 160
121.94, 160
121.97, 160
122.00, 160
122.03, 160
124.79, 160
138.62, 160
138.65, 160
139.17, 160
139.20, 160
139.35, 160
139.38, 160
139.41, 160
139.44, 160
139.47, 160
139.50, 160
139.53, 160
139.55, 160
139.57, 160
139.59, 160
139.63, 160
139.66, 160
141.06, 160
141.09, 160
141.12, 160
141.15, 160
141.18, 160
141.21, 160
141.23, 160
141.26, 160
141.28, 160
141.31, 160
141.34, 160
157.23, 160
157.26, 160
157.58, 160
157.61, 160
157.63, 160
157.66, 160
157.69, 160
157.71, 160
157.81, 160
157.84, 160
157.88, 160
157.90, 160
157.93, 160
157.96, 160
157.99, 160
158.02, 160
158.04, 160
158.07, 160
159.51, 160
159.54, 160
159.56, 160
159.59, 160
159.69, 160
159.72, 160
159.75, 160
159.77, 160
159.82, 160
159.85, 160
159.88, 160
159.90, 160
159.93, 160
159.96, 160
159.99, 160
160.01, 160
160.03, 160
160.06, 160
160.09, 160
160.11, 160
160.14, 160
160.17, 160
160.20, 160
160.22, 160
160.25, 160
160.28, 160
160.31, 160
160.34, 160
160.37, 160
160.40, 160
160.43, 160
160.46, 160
160.49, 160
160.99, 160
161.01, 160
161.04, 160
161.07, 160
161.09, 160
161.11, 160
161.14, 160
161.19, 160
161.22, 160
161.24, 160
161.27, 160
161.30, 160
161.32, 160
162.90, 160
162.93, 160
162.96, 160
162.99, 160
163.02, 160
163.06, 160
163.09, 160
163.11, 160
163.15, 160
163.18, 160
163.21, 160
163.24, 160
163.36, 160
163.39, 160
163.42, 160
163.45, 160
163.48, 160
163.51, 160
163.54, 160
163.57, 160
163.92, 160
164.78, 160
164.80, 160
164.83, 160
164.86, 160
164.89, 160
164.92, 160
164.94, 160
164.97, 160
165.00, 160
165.02, 160
165.05, 160
165.07, 160
165.12, 160
165.15, 160
165.17, 160
165.29, 160
165.31, 160
165.36, 160
165.39, 160
165.42, 160
165.44, 160
165.47, 160
165.50, 160
165.53, 160
165.56, 160
165.59, 160
165.62, 160
165.64, 160
165.67, 160
165.69, 160
165.72, 160
173.02, 160
173.05, 160
173.22, 160
173.25, 160
173.89, 160
173.92, 160
173.95, 160
173.98, 160
174.00, 160
174.03, 160
174.05, 160
174.07, 160
174.09, 160
174.12, 160
174.15, 160
174.18, 160
174.21, 160
174.24, 160
174.27, 160
174.30, 160
174.33, 160
174.36, 160
174.39, 160
174.42, 160
174.44, 160
174.47, 160
174.49, 160
174.52, 160
179.18, 160
179.21, 160
179.24, 160
179.27, 160
179.30, 160
179.33, 160
179.36, 160
179.47, 160
179.50, 160
179.53, 160
179.56, 160
179.59, 160
179.63, 160
179.66, 160
179.69, 160
179.72, 160
179.75, 160
179.78, 160
179.81, 160
179.84, 160
179.87, 160
179.91, 160
179.94, 160
179.97, 160
187.18, 160
187.21, 160
187.24, 160
187.35, 160
187.37, 160
187.40, 160
187.43, 160
187.46, 160
187.49, 160
187.52, 160
187.55, 160
187.57, 160
187.60, 160
187.63, 160
187.66, 160
190.53, 160
190.56, 160
190.59, 160
190.61, 160
190.64, 160
190.67, 160
190.70, 160
190.73, 160
190.76, 160
190.79, 160
190.82, 160
191.04, 160
191.08, 160
191.10, 160
191.12, 160
191.15, 160
191.17, 160
191.19, 160
191.22, 160
191.25, 160
191.28, 160
191.31, 160
191.34, 160
194.86, 160
194.89, 160
194.92, 160
209.48, 160
209.51, 160
209.54, 160
209.57, 160
209.59, 160
209.62, 160
209.65, 160
209.69, 160
209.71, 160
209.74, 160
209.77, 160
209.80, 160
210.16, 160
210.18, 160
210.21, 160
210.27, 160
210.29, 160
210.35, 160
210.38, 160
210.40, 160
210.43, 160
210.46, 160
210.48, 160
210.51, 160
210.53, 160
211.22, 160
211.25, 160
211.28, 160
211.31, 160
211.34, 160
211.37, 160
211.40, 160
211.42, 160
211.45, 160
211.76, 160
211.79, 160
211.82, 160
211.86, 160
211.88, 160
211.91, 160
211.93, 160
212.30, 160
212.32, 160
212.35, 160
212.38, 160
213.46, 160
213.49, 160
214.77, 160
214.79, 160
214.82, 160
214.85, 160
214.88, 160
214.92, 160
214.95, 160
214.97, 160
215.00, 160
217.18, 160
217.21, 160
217.23, 160
217.26, 160
217.30, 160
217.33, 160
217.35, 160
217.39, 160
217.42, 160
217.45, 160
217.48, 160
217.50, 160
217.59, 160
217.96, 160
217.99, 160
218.02, 160
220.01, 160
220.04, 160
220.07, 160
220.10, 160
220.22, 160
220.25, 160
220.28, 160
220.31, 160
220.34, 160
220.37, 160
220.40, 160
220.43, 160
220.46, 160
220.49, 160
220.52, 160
220.56, 160
220.58, 160
220.62, 160
226.53, 160
226.56, 160
226.59, 160
226.62, 160
226.65, 160
226.67, 160
226.70, 160
226.72, 160
226.75, 160
226.77, 160
226.81, 160
226.84, 160
226.87, 160
228.55, 160
228.69, 160
228.73, 160
228.75, 160
228.78, 160
228.82, 160
231.42, 160
231.46, 160
231.48, 160
231.50, 160
232.39, 160
232.42, 160
232.44, 160
232.48, 160
232.51, 160
232.54, 160
232.56, 160
232.60, 160
232.62, 160
232.65, 160
232.67, 160
232.70, 160
232.73, 160
232.75, 160
232.80, 160
232.82, 160
232.88, 160
239.19, 160
239.22, 160
239.24, 160
239.27, 160
239.30, 160
239.33, 160
239.36, 160
239.38, 160
239.41, 160
241.63, 160
241.66, 160
241.69, 160
241.72, 160
241.75, 160
241.77, 160
241.80, 160
241.83, 160
241.85, 160
241.88, 160
241.91, 160
241.94, 160
241.96, 160
241.98, 160
242.28, 160
242.31, 160
242.33, 160
242.36, 160
242.39, 160
242.42, 160
242.44, 160
242.47, 160
242.50, 160
242.52, 160
242.55, 160
243.32, 160
243.35, 160
243.37, 160
243.39, 160
243.42, 160
243.46, 160
243.49, 160
243.51, 160
243.54, 160
243.57, 160
243.59, 160
243.71, 160
243.82, 160
243.86, 160
243.88, 160
243.91, 160
243.94, 160
243.96, 160
244.03, 160
244.06, 160
244.08, 160
244.11, 160
244.14, 160
246.25, 160
246.28, 160
246.30, 160
246.33, 160
246.36, 160
246.39, 160
246.41, 160
246.44, 160
246.46, 160
246.49, 160
246.52, 160
246.55, 160
246.57, 160
246.60, 160
246.63, 160
246.66, 160
246.70, 160
246.73, 160
246.75, 160
246.78, 160
246.81, 160
246.86, 160
246.90, 160
246.93, 160
246.96, 160
246.99, 160
247.11, 160
247.14, 160
247.21, 160
247.24, 160
247.27, 160
247.65, 160
247.68, 160
247.71, 160
247.74, 160
247.76, 160
247.80, 160
247.82, 160
250.54, 160
251.28, 160
251.74, 160
251.76, 160
251.79, 160
253.40, 160
253.44, 160
253.47, 160
253.50, 160
253.52, 160
254.08, 160
254.11, 160
254.15, 160
254.18, 160
254.22, 160
254.24, 160
256.82, 160
256.85, 160
256.88, 160
256.94, 160
256.97, 160
257.00, 160
257.03, 160
257.06, 160
257.10, 160
257.13, 160
257.16, 160
257.23, 160
257.27, 160
257.30, 160
257.33, 160
257.36, 160
257.39, 160
257.42, 160
257.45, 160
257.49, 160
257.52, 160
257.54, 160
257.57, 160
266.81, 160
266.85, 160
266.87, 160
266.90, 160
266.94, 160
268.65, 160
269.21, 160
269.23, 160
269.26, 160
269.29, 160
269.32, 160
269.35, 160
269.38, 160
269.41, 160
269.44, 160
269.48, 160
269.52, 160
269.55, 160
269.58, 160
269.61, 160
269.64, 160
269.68, 160
269.71, 160
270.43, 160
277.73, 160
278.36, 160
278.39, 160
278.43, 160
278.46, 160
289.60, 160
289.63, 160
289.66, 160
289.69, 160
289.73, 160
289.75, 160
289.78, 160
289.80, 160
289.83, 160
289.86, 160
289.88, 160
289.91, 160
289.95, 160
289.98, 160
290.02, 160
290.05, 160
290.07, 160
290.10, 160
290.13, 160
290.17, 160
290.21, 160
290.23, 160
290.26, 160
290.29, 160
290.31, 160
290.33, 160
290.92, 160
291.39, 160
291.41, 160
291.45, 160
291.48, 160
291.51, 160
291.54, 160
291.57, 160
291.60, 160
291.63, 160
291.65, 160
291.69, 160
291.72, 160
291.74, 160
291.78, 160
291.81, 160
291.84, 160
291.88, 160
291.91, 160
291.94, 160
291.97, 160
292.00, 160
295.40, 160
295.43, 160
295.46, 160
300.91, 160
301.18, 160
301.21, 160
301.24, 160
301.26, 160
301.29, 160
301.32, 160
301.39, 160
301.42, 160
301.45, 160
301.49, 160
301.52, 160
302.17, 160
302.20, 160
302.24, 160
302.27, 160
303.95, 160
303.98, 160
304.01, 160
304.04, 160
304.07, 160
304.10, 160
304.13, 160
304.16, 160
304.19, 160
304.22, 160
304.26, 160
304.29, 160
304.33, 160
304.36, 160
304.38, 160
304.42, 160
304.45, 160
304.47, 160
304.51, 160
304.54, 160
304.58, 160
304.61, 160
304.63, 160
304.65, 160
304.68, 160
304.91, 160
304.94, 160
304.97, 160
305.06, 160
305.09, 160
305.12, 160
305.14, 160
305.20, 160
305.29, 160
305.32, 160
305.35, 160
305.38, 160
305.40, 160
305.44, 160
306.03, 160
306.06, 160
306.09, 160
306.12, 160
306.42, 160
306.46, 160
306.50, 160
306.52, 160
306.56, 160
307.10, 160
307.12, 160
307.16, 160
307.19, 160
307.22, 160
307.24, 160
307.27, 160
307.30, 160
307.34, 160
307.36, 160
307.39, 160
307.42, 160
307.45, 160
307.47, 160
307.50, 160
307.53, 160
307.56, 160
307.60, 160
307.63, 160
307.66, 160
307.69, 160
307.72, 160
307.75, 160
307.78, 160
307.81, 160
307.84, 160
307.87, 160
307.90, 160
307.93, 160
315.43, 160
315.47, 160
315.49, 160
315.52, 160
315.55, 160
316.92, 160
316.95, 160
316.98, 160
317.02, 160
317.48, 160
317.77, 160
318.15, 160
318.18, 160
318.21, 160
318.24, 160
318.27, 160
321.23, 160
321.51, 160
321.54, 160
330.77, 160
330.80, 160
330.83, 160
330.86, 160
330.88, 160
330.91, 160
330.94, 160
330.97, 160
331.00, 160
331.04, 160
331.06, 160
331.08, 160
331.11, 160
331.14, 160
331.25, 160
331.27, 160
331.31, 160
331.33, 160
331.36, 160
331.39, 160
331.41, 160
332.06, 160
332.09, 160
332.12, 160
332.14, 160
332.17, 160
332.19, 160
332.22, 160
332.25, 160
332.27, 160
332.30, 160
332.33, 160
332.35, 160
332.38, 160
332.41, 160
335.15, 160
335.18, 160
335.21, 160
335.24, 160
335.26, 160
335.29, 160
335.32, 160
335.35, 160
335.38, 160
335.40, 160
335.43, 160
335.46, 160
335.49, 160
335.74, 160
336.59, 160
336.63, 160
336.73, 160
336.76, 160
337.63, 160
337.65, 160
337.68, 160
337.71, 160
337.74, 160
337.76, 160
337.80, 160
337.83, 160
337.95, 160
337.98, 160
338.01, 160
338.04, 160
338.07, 160
338.10, 160
338.13, 160
338.16, 160
338.19, 160
338.22, 160
338.51, 160
340.87, 160
340.90, 160
340.93, 160
340.95, 160
347.03, 160
347.06, 160
347.08, 160
347.21, 160
347.24, 160
347.27, 160
347.29, 160
347.32, 160
347.34, 160
368.58, 160
368.61, 160
368.64, 160
368.67, 160
368.70, 160
368.74, 160
378.51, 160
379.88, 160
379.90, 160
379.93, 160
403.63, 160
403.67, 160
403.70, 160
403.73, 160
403.75, 160
403.78, 160
403.81, 160
403.99, 160
404.02, 160
404.06, 160
404.08, 160
404.12, 160
404.15, 160
404.18, 160
404.21, 160
404.25, 160
404.61, 160
404.64, 160
404.66, 160
406.14, 160
406.16, 160
406.18, 160
406.66, 160
409.42, 160
409.45, 160
409.48, 160
409.51, 160
409.54, 160
409.60, 160
409.62, 160
409.65, 160
409.69, 160
409.72, 160
409.75, 160
409.78, 160
409.81, 160
409.85, 160
409.88, 160
409.91, 160
409.94, 160
409.98, 160
410.00, 160
410.03, 160
410.06, 160
410.09, 160
410.12, 160
410.15, 160
410.18, 160
410.22, 160
410.24, 160
410.28, 160
410.31, 160
410.35, 160
410.38, 160
410.41, 160
410.43, 160
410.47, 160
410.50, 160
410.53, 160
410.56, 160
410.59, 160
410.97, 160
411.01, 160
411.04, 160
411.07, 160
411.10, 160
411.12, 160
411.15, 160
411.18, 160
411.21, 160
411.24, 160
411.27, 160
411.30, 160
411.32, 160
411.35, 160
411.38, 160
411.41, 160
411.45, 160
411.48, 160
411.51, 160
411.55, 160
411.58, 160
411.60, 160
412.89, 160
412.94, 160
412.98, 160
413.00, 160
413.03, 160
413.06, 160
413.09, 160
413.13, 160
413.17, 160
413.20, 160
413.41, 160
413.44, 160
413.47, 160
413.50, 160
413.53, 160
414.91, 160
414.93, 160
414.95, 160
415.00, 160
415.03, 160
415.06, 160
415.08, 160
415.66, 160
415.69, 160
415.71, 160
415.74, 160
415.76, 160
415.78, 160
415.82, 160
415.84, 160
415.87, 160
415.90, 160
415.93, 160
415.95, 160
415.98, 160
416.01, 160
416.03, 160
416.06, 160
416.09, 160
416.12, 160
416.14, 160
416.17, 160
416.20, 160
430.25, 160
430.28, 160
430.31, 160
430.60, 160
440.58, 160
440.61, 160
440.64, 160
440.67, 160
440.70, 160
440.72, 160
440.82, 160
440.84, 160
440.87, 160
440.90, 160
443.14, 160
443.17, 160
443.20, 160
443.23, 160
443.26, 160
443.29, 160
443.32, 160
443.35, 160
443.38, 160
443.41, 160
443.44, 160
443.66, 160
443.69, 160
443.75, 160
443.78, 160
443.82, 160
443.85, 160
443.88, 160
443.91, 160
443.94, 160
443.97, 160
444.00, 160
444.07, 160
444.10, 160
444.13, 160
444.16, 160
444.18, 160
444.21, 160
444.24, 160
444.27, 160
444.30, 160
446.51, 160
446.54, 160
446.57, 160
446.60, 160
446.63, 160
447.12, 160
447.15, 160
447.18, 160
447.21, 160
447.24, 160
447.27, 160
447.30, 160
447.34, 160
447.37, 160
447.40, 160
447.43, 160
447.46, 160
447.49, 160
447.51, 160
447.55, 160
447.58, 160
447.61, 160
447.64, 160
447.67, 160
447.70, 160
448.59, 160
448.61, 160
448.64, 160
448.67, 160
449.08, 160
449.11, 160
449.14, 160
449.17, 160
449.20, 160
449.23, 160
449.26, 160
449.29, 160
449.32, 160
449.36, 160
449.38, 160
449.41, 160
449.43, 160
450.61, 160
457.40, 160
457.43, 160
457.46, 160
457.49, 160
457.52, 160
457.55, 160
457.58, 160
457.61, 160
457.64, 160
461.29, 160
461.32, 160
461.35, 160
463.90, 160
463.93, 160
463.96, 160
464.00, 160
464.04, 160
464.07, 160
464.10, 160
464.13, 160
464.16, 160
464.18, 160
464.21, 160
464.85, 160
464.88, 160
464.91, 160
464.94, 160
464.97, 160
465.00, 160
465.02, 160
466.75, 160
466.78, 160
466.80, 160
466.83, 160
466.87, 160
467.00, 160
467.03, 160
467.06, 160
467.18, 160
467.22, 160
467.25, 160
467.29, 160
467.32, 160
467.35, 160
467.82, 160
467.85, 160
467.89, 160
467.92, 160
467.95, 160
467.98, 160
468.01, 160
468.64, 160
468.67, 160
468.70, 160
468.73, 160
468.77, 160
468.80, 160
468.84, 160
468.87, 160
468.91, 160
468.94, 160
468.98, 160
469.00, 160
469.03, 160
469.06, 160
469.09, 160
469.12, 160
469.16, 160
469.18, 160
469.34, 160
469.38, 160
469.40, 160
469.43, 160
469.46, 160
469.49, 160
469.52, 160
469.54, 160
469.57, 160
469.61, 160
469.64, 160
469.66, 160
469.68, 160
469.71, 160
469.74, 160
470.06, 160
470.09, 160
470.12, 160
470.15, 160
470.18, 160
470.21, 160
470.24, 160
470.27, 160
470.30, 160
470.34, 160
470.37, 160
470.41, 160
470.44, 160
470.47, 160
470.50, 160
470.52, 160
473.05, 160
473.08, 160
473.10, 160
473.12, 160
473.16, 160
473.18, 160
473.57, 160
473.60, 160
479.40, 160
479.43, 160
483.49, 160
483.52, 160
483.55, 160
501.24, 160
501.27, 160
502.84, 160
502.86, 160
502.89, 160
502.93, 160
502.96, 160
502.99, 160
503.02, 160
503.05, 160
503.07, 160
503.10, 160
503.13, 160
503.15, 160
503.18, 160
503.21, 160
503.24, 160
503.27, 160
503.30, 160
503.33, 160
504.35, 160
504.38, 160
504.41, 160
504.43, 160
504.46, 160
504.49, 160
504.52, 160
504.54, 160
504.57, 160
504.61, 160
504.65, 160
504.67, 160
504.70, 160
504.73, 160
504.77, 160
504.80, 160
504.83, 160
505.23, 160
505.26, 160
505.28, 160
505.32, 160
505.70, 160
506.10, 160
506.13, 160
506.16, 160
506.19, 160
506.21, 160
506.24, 160
506.26, 160
506.29, 160
506.32, 160
506.35, 160
506.37, 160
506.40, 160
506.42, 160
506.45, 160
512.11, 160
512.14, 160
512.16, 160
512.20, 160
512.25, 160
512.27, 160
512.30, 160
512.33, 160
512.35, 160
512.46, 160
512.49, 160
512.87, 160
512.90, 160
512.93, 160
512.96, 160
513.00, 160
513.02, 160
513.05, 160
513.07, 160
513.09, 160
513.12, 160
513.15, 160
513.18, 160
513.21, 160
513.24, 160
513.26, 160
513.29, 160
514.16, 160
514.19, 160
514.22, 160
514.25, 160
514.28, 160
514.31, 160
514.34, 160
514.37, 160
514.40, 160
514.42, 160
514.46, 160
514.48, 160
514.51, 160
514.54, 160
514.56, 160
514.59, 160
516.95, 160
517.17, 160
517.20, 160
517.22, 160
517.25, 160
517.28, 160
517.31, 160
517.34, 160
520.11, 160
520.14, 160
520.16, 160
520.18, 160
520.21, 160
520.23, 160
520.26, 160
520.29, 160
520.32, 160
520.35, 160
520.70, 160
520.72, 160
520.75, 160
521.78, 160
521.81, 160
521.84, 160
521.87, 160
521.90, 160
521.93, 160
521.96, 160
521.99, 160
522.01, 160
523.67, 160
523.70, 160
523.87, 160
524.01, 160
524.04, 160
524.06, 160
524.09, 160
524.12, 160
524.15, 160
524.17, 160
524.20, 160
524.23, 160
524.31, 160
524.34, 160
524.36, 160
524.39, 160
524.42, 160
524.45, 160
524.49, 160
524.52, 160
524.55, 160
524.57, 160
524.60, 160
524.63, 160
524.66, 160
524.68, 160
524.72, 160
524.75, 160
524.78, 160
525.36, 160
525.39, 160
525.41, 160
525.44, 160
525.46, 160
525.50, 160
525.52, 160
525.65, 160
525.69, 160
526.22, 160
526.33, 160
526.36, 160
526.39, 160
526.53, 160
526.56, 160
526.58, 160
526.61, 160
526.63, 160
526.66, 160
526.69, 160
528.21, 160
528.24, 160
528.26, 160
528.29, 160
528.31, 160
