0.27, 165
0.29, 164
0.32, 164
0.36, 164
0.38, 164
0.41, 164
0.44, 164
0.47, 164
0.53, 164
0.56, 163
0.60, 162
1.14, 162
1.18, 162
1.23, 162
1.27, 162
1.30, 162
1.34, 162
1.37, 162
1.41, 162
1.43, 162
1.47, 162
1.50, 162
1.53, 162
1.56, 162
1.59, 162
1.62, 162
1.66, 162
1.69, 161
1.72, 161
1.75, 161
1.78, 161
2.96, 161
2.99, 161
3.02, 161
3.05, 161
3.66, 161
3.69, 161
4.56, 161
4.60, 161
4.63, 161
4.78, 161
4.82, 161
4.85, 161
4.88, 161
4.91, 161
4.94, 161
4.97, 161
5.01, 161
5.05, 161
5.08, 161
5.11, 161
5.14, 161
5.17, 161
5.20, 161
5.23, 161
5.26, 161
5.30, 161
5.33, 161
5.77, 161
5.79, 161
7.21, 160
7.24, 160
7.28, 160
7.32, 160
7.60, 160
7.63, 160
7.66, 160
7.69, 160
7.72, 160
7.75, 160
12.07, 160
12.10, 160
12.14, 160
12.18, 160
12.22, 160
12.25, 160
12.28, 160
12.31, 160
12.34, 160
12.38, 160
12.41, 160
12.43, 160
12.47, 160
14.61, 160
14.65, 160
14.75, 160
14.78, 160
14.82, 160
14.85, 160
17.21, 160
17.25, 160
17.29, 160
17.33, 160
17.36, 160
17.39, 160
17.42, 160
17.45, 160
17.48, 160
17.51, 160
17.56, 160
17.60, 160
17.66, 160
17.70, 160
18.05, 160
18.08, 160
18.11, 160
18.15, 160
18.27, 160
18.30, 160
18.33, 160
22.43, 160
22.47, 160
22.50, 160
23.87, 160
23.91, 160
23.94, 160
23.97, 160
24.00, 160
24.02, 160
24.06, 160
24.09, 160
24.12, 160
24.16, 160
24.20, 160
24.23, 160
24.25, 160
24.28, 160
24.32, 160
26.86, 160
26.89, 160
26.93, 160
26.97, 160
27.01, 160
27.03, 160
27.06, 160
27.10, 160
27.13, 160
27.16, 160
27.19, 160
27.22, 160
27.25, 160
27.28, 160
27.32, 160
27.34, 160
27.37, 160
27.40, 160
27.43, 160
27.46, 160
27.49, 160
27.51, 160
27.54, 160
27.57, 160
27.60, 160
27.85, 160
34.62, 160
34.65, 160
34.68, 160
34.72, 160
34.76, 160
34.80, 160
34.83, 160
34.87, 160
34.90, 160
34.93, 160
34.97, 160
35.00, 160
35.03, 160
56.98, 160
57.01, 160
57.04, 160
57.07, 160
70.79, 160
70.82, 160
70.85, 160
70.99, 160
71.02, 160
71.06, 160
71.09, 160
71.12, 160
71.16, 160
71.19, 160
71.22, 160
71.25, 160
71.28, 160
71.31, 160
71.35, 160
71.37, 160
71.41, 160
71.44, 160
71.46, 160
71.50, 160
71.52, 160
71.56, 160
71.59, 160
71.62, 160
72.62, 160
72.65, 160
72.67, 160
72.70, 160
72.73, 160
72.76, 160
72.80, 160
72.83, 160
72.86, 160
72.89, 160
72.92, 160
72.95, 160
72.98, 160
73.02, 160
73.05, 160
76.93, 160
76.96, 160
76.99, 160
77.02, 160
77.06, 160
77.08, 160
77.11, 160
77.14, 160
77.17, 160
77.20, 160
78.60, 160
78.63, 160
78.66, 160
78.70, 160
78.74, 160
78.77, 160
78.81, 160
78.84, 160
78.87, 160
78.91, 160
78.94, 160
78.96, 160
79.00, 160
79.04, 160
79.07, 160
79.61, 160
79.64, 160
79.67, 160
79.70, 160
79.72, 160
79.75, 160
79.78, 160
79.81, 160
79.84, 160
79.87, 160
80.04, 160
80.07, 160
80.10, 160
80.13, 160
90.96, 160
90.99, 160
91.02, 160
91.04, 160
91.06, 160
91.10, 160
91.13, 160
91.20, 160
91.23, 160
91.26, 160
91.29, 160
92.23, 160
92.26, 160
92.29, 160
92.32, 160
92.56, 160
92.65, 160
92.68, 160
92.71, 160
92.74, 160
92.77, 160
92.81, 160
92.83, 160
92.86, 160
92.89, 160
94.72, 160
94.76, 160
94.79, 160
94.83, 160
94.86, 160
94.89, 160
94.92, 160
94.95, 160
94.98, 160
95.01, 160
95.04, 160
95.07, 160
95.10, 160
95.16, 160
95.19, 160
102.30, 160
102.33, 160
102.36, 160
102.39, 160
102.42, 160
102.45, 160
103.66, 160
103.70, 160
103.86, 160
103.89, 160
103.93, 160
103.96, 160
104.00, 160
104.04, 160
104.08, 160
104.11, 160
104.14, 160
104.17, 160
104.20, 160
104.23, 160
104.27, 160
104.30, 160
104.33, 160
104.35, 160
104.39, 160
104.42, 160
104.45, 160
104.48, 160
104.51, 160
104.54, 160
104.56, 160
104.60, 160
104.63, 160
104.66, 160
104.70, 160
104.73, 160
119.41, 160
119.45, 160
119.48, 160
119.51, 160
119.54, 160
119.78, 160
119.81, 160
119.83, 160
119.86, 160
119.89, 160
119.92, 160
119.95, 160
119.98, 160
120.02, 160
120.05, 160
120.08, 160
120.11, 160
120.15, 160
120.18, 160
120.21, 160
120.24, 160
120.27, 160
120.30, 160
120.33, 160
120.36, 160
120.39, 160
120.42, 160
120.45, 160
120.48, 160
120.52, 160
120.55, 160
120.58, 160
120.61, 160
120.64, 160
123.23, 160
123.26, 160
125.93, 160
125.97, 160
126.01, 160
126.03, 160
126.07, 160
126.09, 160
126.13, 160
126.15, 160
126.18, 160
126.22, 160
126.26, 160
126.28, 160
126.32, 160
126.35, 160
126.37, 160
126.40, 160
126.43, 160
126.46, 160
126.49, 160
126.53, 160
126.56, 160
126.60, 160
126.64, 160
126.68, 160
126.71, 160
126.75, 160
126.78, 160
129.24, 160
130.95, 160
130.98, 160
131.01, 160
131.04, 160
131.06, 160
131.10, 160
131.13, 160
131.30, 160
131.34, 160
131.37, 160
131.41, 160
131.44, 160
131.46, 160
131.50, 160
131.79, 160
131.83, 160
131.85, 160
131.89, 160
131.93, 160
131.95, 160
131.98, 160
132.01, 160
132.05, 160
132.09, 160
132.12, 160
132.15, 160
132.18, 160
132.21, 160
132.24, 160
132.27, 160
132.30, 160
132.33, 160
132.36, 160
132.40, 160
132.43, 160
132.47, 160
132.49, 160
132.52, 160
133.23, 160
133.26, 160
133.29, 160
133.33, 160
133.37, 160
133.39, 160
133.42, 160
133.45, 160
133.48, 160
133.51, 160
133.54, 160
133.58, 160
133.61, 160
136.53, 160
152.59, 160
152.62, 160
153.24, 160
153.28, 160
153.46, 160
153.49, 160
153.52, 160
153.56, 160
153.59, 160
153.62, 160
153.66, 160
153.69, 160
153.72, 160
153.74, 160
153.78, 160
153.81, 160
155.43, 160
155.47, 160
155.50, 160
155.53, 160
155.56, 160
155.59, 160
155.62, 160
155.65, 160
155.68, 160
155.71, 160
155.75, 160
173.76, 160
173.79, 160
174.16, 160
174.19, 160
174.22, 160
174.25, 160
174.27, 160
174.30, 160
174.42, 160
174.46, 160
174.49, 160
174.52, 160
174.56, 160
174.59, 160
174.62, 160
174.65, 160
174.68, 160
174.71, 160
176.37, 160
176.40, 160
176.42, 160
176.45, 160
176.57, 160
176.60, 160
176.64, 160
176.67, 160
176.72, 160
176.75, 160
176.78, 160
176.82, 160
176.85, 160
176.88, 160
176.92, 160
176.94, 160
176.97, 160
177.00, 160
177.04, 160
177.07, 160
177.10, 160
177.13, 160
177.17, 160
177.20, 160
177.22, 160
177.25, 160
177.29, 160
177.33, 160
177.36, 160
177.39, 160
177.43, 160
177.47, 160
177.50, 160
178.06, 160
178.09, 160
178.13, 160
178.16, 160
178.19, 160
178.21, 160
178.24, 160
178.30, 160
178.33, 160
178.36, 160
178.39, 160
178.43, 160
178.46, 160
180.26, 160
180.29, 160
180.33, 160
180.36, 160
180.40, 160
180.44, 160
180.47, 160
180.50, 160
180.54, 160
180.58, 160
180.62, 160
180.65, 160
180.80, 160
180.83, 160
180.87, 160
180.90, 160
180.93, 160
180.97, 160
181.01, 160
181.05, 160
181.46, 160
182.44, 160
182.47, 160
182.50, 160
182.53, 160
182.56, 160
182.59, 160
182.62, 160
182.65, 160
182.68, 160
182.70, 160
182.73, 160
182.76, 160
182.82, 160
182.85, 160
182.87, 160
183.01, 160
183.04, 160
183.10, 160
183.13, 160
183.16, 160
183.19, 160
183.22, 160
183.25, 160
183.29, 160
183.32, 160
183.35, 160
183.38, 160
183.42, 160
183.44, 160
183.48, 160
183.50, 160
191.93, 160
191.97, 160
192.17, 160
192.20, 160
192.97, 160
193.00, 160
193.04, 160
193.08, 160
193.11, 160
193.14, 160
193.17, 160
193.19, 160
193.21, 160
193.25, 160
193.28, 160
193.31, 160
193.35, 160
193.38, 160
193.42, 160
193.46, 160
193.50, 160
193.53, 160
193.56, 160
193.60, 160
193.63, 160
193.65, 160
193.69, 160
193.72, 160
198.79, 160
198.83, 160
198.86, 160
198.90, 160
198.93, 160
198.96, 160
198.99, 160
199.10, 160
199.13, 160
199.16, 160
199.20, 160
199.23, 160
199.27, 160
199.30, 160
199.34, 160
199.37, 160
199.40, 160
199.43, 160
199.47, 160
199.50, 160
199.54, 160
199.57, 160
199.60, 160
199.63, 160
207.66, 160
207.69, 160
207.72, 160
207.85, 160
207.88, 160
207.91, 160
207.94, 160
207.97, 160
208.00, 160
208.04, 160
208.07, 160
208.10, 160
208.13, 160
208.17, 160
208.20, 160
211.50, 160
211.53, 160
211.56, 160
211.58, 160
211.61, 160
211.65, 160
211.68, 160
211.71, 160
211.75, 160
211.78, 160
211.82, 160
212.06, 160
212.09, 160
212.12, 160
212.14, 160
212.17, 160
212.19, 160
212.22, 160
212.25, 160
212.28, 160
212.31, 160
212.34, 160
212.36, 160
215.93, 160
215.97, 160
216.00, 160
230.43, 160
230.47, 160
230.50, 160
230.54, 160
230.56, 160
230.59, 160
230.63, 160
230.66, 160
230.70, 160
230.73, 160
230.77, 160
230.79, 160
231.21, 160
231.24, 160
231.28, 160
231.34, 160
231.37, 160
231.44, 160
231.47, 160
231.50, 160
231.53, 160
231.56, 160
231.59, 160
231.62, 160
231.64, 160
232.46, 160
232.49, 160
232.53, 160
232.56, 160
232.59, 160
232.63, 160
232.67, 160
232.69, 160
232.72, 160
233.07, 160
233.10, 160
233.14, 160
233.16, 160
233.20, 160
233.23, 160
233.26, 160
233.71, 160
233.74, 160
233.77, 160
233.80, 160
235.04, 160
235.07, 160
236.56, 160
236.59, 160
236.63, 160
236.67, 160
236.70, 160
236.74, 160
236.77, 160
236.80, 160
236.83, 160
239.12, 160
239.16, 160
239.19, 160
239.22, 160
239.25, 160
239.28, 160
239.32, 160
239.35, 160
239.38, 160
239.41, 160
239.44, 160
239.47, 160
239.56, 160
239.95, 160
239.99, 160
240.02, 160
242.13, 160
242.16, 160
242.20, 160
242.24, 160
242.36, 160
242.39, 160
242.43, 160
242.46, 160
242.49, 160
242.52, 160
242.55, 160
242.58, 160
242.62, 160
242.65, 160
242.69, 160
242.72, 160
242.75, 160
242.79, 160
248.96, 160
248.99, 160
249.02, 160
249.05, 160
249.08, 160
249.10, 160
249.13, 160
249.16, 160
249.19, 160
249.22, 160
249.25, 160
249.28, 160
249.31, 160
251.15, 160
251.31, 160
251.34, 160
251.37, 160
251.41, 160
251.44, 160
254.42, 160
254.45, 160
254.48, 160
254.51, 160
255.54, 160
255.57, 160
255.60, 160
255.64, 160
255.67, 160
255.70, 160
255.73, 160
255.77, 160
255.79, 160
255.83, 160
255.85, 160
255.89, 160
255.92, 160
255.95, 160
256.00, 160
256.02, 160
256.09, 160
263.45, 160
263.47, 160
263.50, 160
263.53, 160
263.57, 160
263.61, 160
263.64, 160
263.67, 160
263.70, 160
266.30, 160
266.34, 160
266.38, 160
266.41, 160
266.45, 160
266.47, 160
266.50, 160
266.53, 160
266.56, 160
266.59, 160
266.63, 160
266.66, 160
266.69, 160
266.72, 160
267.08, 160
267.11, 160
267.14, 160
267.17, 160
267.20, 160
267.24, 160
267.27, 160
267.30, 160
267.34, 160
267.37, 160
267.41, 160
268.28, 160
268.32, 160
268.34, 160
268.37, 160
268.41, 160
268.44, 160
268.47, 160
268.50, 160
268.53, 160
268.56, 160
268.59, 160
268.73, 160
268.85, 160
268.88, 160
268.91, 160
268.94, 160
268.97, 160
269.00, 160
269.09, 160
269.13, 160
269.16, 160
269.20, 160
269.24, 160
271.73, 160
271.77, 160
271.80, 160
271.83, 160
271.86, 160
271.90, 160
271.92, 160
271.95, 160
271.98, 160
272.01, 160
272.04, 160
272.07, 160
272.10, 160
272.14, 160
272.18, 160
272.21, 160
272.26, 160
272.29, 160
272.32, 160
272.35, 160
272.38, 160
272.41, 160
272.44, 160
272.47, 160
272.50, 160
272.54, 160
272.66, 160
272.71, 160
272.79, 160
272.83, 160
272.86, 160
273.29, 160
273.33, 160
273.36, 160
273.39, 160
273.42, 160
273.45, 160
273.48, 160
276.52, 160
277.27, 160
277.70, 160
277.73, 160
277.76, 160
279.41, 160
279.44, 160
279.47, 160
279.50, 160
279.53, 160
280.10, 160
280.13, 160
280.16, 160
280.20, 160
280.23, 160
280.25, 160
282.92, 160
282.95, 160
282.98, 160
283.03, 160
283.06, 160
283.09, 160
283.12, 160
283.15, 160
283.19, 160
283.22, 160
283.25, 160
283.32, 160
283.35, 160
283.38, 160
283.41, 160
283.44, 160
283.47, 160
283.50, 160
283.53, 160
283.57, 160
283.60, 160
283.63, 160
283.66, 160
293.50, 160
293.54, 160
293.56, 160
293.59, 160
293.63, 160
295.34, 160
295.94, 160
295.97, 160
295.99, 160
296.02, 160
296.05, 160
296.08, 160
296.11, 160
296.15, 160
296.18, 160
296.22, 160
296.26, 160
296.29, 160
296.32, 160
296.36, 160
296.39, 160
296.43, 160
296.47, 160
297.22, 160
304.91, 160
305.60, 160
305.63, 160
305.67, 160
305.70, 160
317.84, 160
317.87, 160
317.90, 160
317.94, 160
317.98, 160
318.01, 160
318.04, 160
318.06, 160
318.09, 160
318.12, 160
318.15, 160
318.18, 160
318.21, 160
318.25, 160
318.28, 160
318.31, 160
318.35, 160
318.38, 160
318.41, 160
318.45, 160
318.48, 160
318.50, 160
318.53, 160
318.57, 160
318.60, 160
318.63, 160
319.28, 160
319.81, 160
319.83, 160
319.87, 160
319.91, 160
319.94, 160
319.97, 160
320.01, 160
320.05, 160
320.08, 160
320.11, 160
320.15, 160
320.18, 160
320.22, 160
320.25, 160
320.29, 160
320.32, 160
320.36, 160
320.39, 160
320.42, 160
320.45, 160
320.48, 160
324.11, 160
324.14, 160
324.17, 160
330.00, 160
330.31, 160
330.34, 160
330.37, 160
330.40, 160
330.44, 160
330.47, 160
330.54, 160
330.57, 160
330.60, 160
330.63, 160
330.67, 160
331.42, 160
331.46, 160
331.50, 160
331.54, 160
333.40, 160
333.42, 160
333.45, 160
333.48, 160
333.51, 160
333.55, 160
333.58, 160
333.62, 160
333.65, 160
333.68, 160
333.72, 160
333.74, 160
333.78, 160
333.81, 160
333.84, 160
333.87, 160
333.90, 160
333.93, 160
333.97, 160
334.00, 160
334.04, 160
334.07, 160
334.10, 160
334.13, 160
334.16, 160
334.37, 160
334.40, 160
334.44, 160
334.53, 160
334.56, 160
334.59, 160
334.62, 160
334.69, 160
334.79, 160
334.82, 160
334.85, 160
334.88, 160
334.91, 160
334.95, 160
335.60, 160
335.63, 160
335.67, 160
335.70, 160
336.02, 160
336.06, 160
336.10, 160
336.14, 160
336.18, 160
336.75, 160
336.78, 160
336.82, 160
336.86, 160
336.89, 160
336.93, 160
336.96, 160
337.00, 160
337.04, 160
337.07, 160
337.10, 160
337.13, 160
337.16, 160
337.18, 160
337.21, 160
337.25, 160
337.28, 160
337.32, 160
337.35, 160
337.39, 160
337.42, 160
337.46, 160
337.49, 160
337.53, 160
337.56, 160
337.59, 160
337.61, 160
337.65, 160
337.68, 160
346.00, 160
346.04, 160
346.07, 160
346.10, 160
346.13, 160
347.66, 160
347.69, 160
347.73, 160
347.77, 160
348.27, 160
348.59, 160
349.03, 160
349.06, 160
349.09, 160
349.12, 160
349.15, 160
352.41, 160
352.69, 160
352.72, 160
362.88, 160
362.91, 160
362.95, 160
362.98, 160
363.01, 160
363.04, 160
363.07, 160
363.10, 160
363.14, 160
363.17, 160
363.20, 160
363.23, 160
363.26, 160
363.30, 160
363.42, 160
363.46, 160
363.49, 160
363.52, 160
363.55, 160
363.58, 160
363.61, 160
364.33, 160
364.36, 160
364.40, 160
364.42, 160
364.46, 160
364.50, 160
364.53, 160
364.56, 160
364.59, 160
364.62, 160
364.66, 160
364.69, 160
364.71, 160
364.74, 160
367.94, 160
367.98, 160
368.01, 160
368.04, 160
368.07, 160
368.10, 160
368.13, 160
368.16, 160
368.20, 160
368.22, 160
368.25, 160
368.29, 160
368.32, 160
368.60, 160
369.56, 160
369.59, 160
369.69, 160
369.72, 160
370.63, 160
370.66, 160
370.69, 160
370.72, 160
370.75, 160
370.78, 160
370.81, 160
370.84, 160
370.96, 160
370.99, 160
371.03, 160
371.06, 160
371.10, 160
371.13, 160
371.16, 160
371.19, 160
371.22, 160
371.25, 160
371.54, 160
373.96, 160
373.99, 160
374.02, 160
374.05, 160
380.89, 160
380.92, 160
380.96, 160
381.11, 160
381.14, 160
381.17, 160
381.20, 160
381.23, 160
381.26, 160
402.12, 160
402.15, 160
402.18, 160
402.21, 160
402.25, 160
402.28, 160
412.36, 160
413.83, 160
413.85, 160
413.89, 160
438.24, 160
438.27, 160
438.30, 160
438.33, 160
438.36, 160
438.39, 160
438.42, 160
438.61, 160
438.63, 160
438.67, 160
438.70, 160
438.74, 160
438.77, 160
438.80, 160
438.85, 160
438.88, 160
439.29, 160
439.32, 160
439.36, 160
440.99, 160
441.02, 160
441.04, 160
441.53, 160
444.38, 160
444.42, 160
444.45, 160
444.48, 160
444.51, 160
444.57, 160
444.59, 160
444.63, 160
444.66, 160
444.69, 160
444.72, 160
444.75, 160
444.78, 160
444.82, 160
444.84, 160
444.88, 160
444.91, 160
444.95, 160
444.97, 160
445.01, 160
445.04, 160
445.07, 160
445.10, 160
445.13, 160
445.16, 160
445.19, 160
445.22, 160
445.25, 160
445.29, 160
445.32, 160
445.35, 160
445.38, 160
445.40, 160
445.43, 160
445.46, 160
445.49, 160
445.53, 160
445.56, 160
445.94, 160
445.97, 160
446.00, 160
446.03, 160
446.06, 160
446.08, 160
446.11, 160
446.15, 160
446.18, 160
446.22, 160
446.24, 160
446.28, 160
446.31, 160
446.34, 160
446.38, 160
446.41, 160
446.44, 160
446.48, 160
446.52, 160
446.55, 160
446.59, 160
446.63, 160
448.06, 160
448.08, 160
448.11, 160
448.14, 160
448.17, 160
448.20, 160
448.23, 160
448.27, 160
448.30, 160
448.34, 160
448.53, 160
448.56, 160
448.59, 160
448.63, 160
448.67, 160
450.05, 160
450.07, 160
450.10, 160
450.16, 160
450.19, 160
450.23, 160
450.26, 160
450.92, 160
450.95, 160
450.98, 160
451.01, 160
451.04, 160
451.07, 160
451.10, 160
451.13, 160
451.16, 160
451.19, 160
451.22, 160
451.26, 160
451.29, 160
451.32, 160
451.36, 160
451.39, 160
451.43, 160
451.45, 160
451.48, 160
451.51, 160
451.55, 160
466.63, 160
466.67, 160
466.70, 160
467.01, 160
477.75, 160
477.78, 160
477.81, 160
477.84, 160
477.87, 160
477.89, 160
477.99, 160
478.01, 160
478.04, 160
478.07, 160
