0.26, 165
0.29, 164
0.32, 164
0.35, 164
0.37, 164
0.40, 164
0.44, 164
0.47, 164
0.52, 164
0.55, 163
0.59, 162
1.14, 162
1.18, 162
1.23, 162
1.26, 162
1.30, 162
1.33, 162
1.36, 162
1.40, 162
1.42, 162
1.46, 162
1.49, 162
1.53, 162
1.56, 162
1.59, 162
1.62, 162
1.66, 162
1.69, 161
1.73, 161
1.76, 161
1.79, 161
2.99, 161
3.02, 161
3.05, 161
3.08, 161
3.71, 161
3.73, 161
4.60, 161
4.63, 161
4.66, 161
4.82, 161
4.86, 161
4.89, 161
4.92, 161
4.96, 161
5.00, 161
5.03, 161
5.07, 161
5.11, 161
5.15, 161
5.18, 161
5.21, 161
5.24, 161
5.27, 161
5.31, 161
5.35, 161
5.39, 161
5.42, 161
5.92, 161
5.95, 161
7.44, 160
7.48, 160
7.51, 160
7.55, 160
7.85, 160
7.88, 160
7.92, 160
7.94, 160
7.98, 160
8.01, 160
12.54, 160
12.58, 160
12.62, 160
12.66, 160
12.69, 160
12.72, 160
12.76, 160
12.79, 160
12.82, 160
12.85, 160
12.88, 160
12.91, 160
12.94, 160
15.08, 160
15.11, 160
15.20, 160
15.24, 160
15.27, 160
15.31, 160
17.67, 160
17.70, 160
17.75, 160
17.78, 160
17.81, 160
17.84, 160
17.87, 160
17.91, 160
17.94, 160
17.97, 160
18.01, 160
18.04, 160
18.10, 160
18.13, 160
18.49, 160
18.52, 160
18.55, 160
18.59, 160
18.70, 160
18.74, 160
18.78, 160
22.87, 160
22.90, 160
22.94, 160
24.42, 160
24.45, 160
24.48, 160
24.51, 160
24.55, 160
24.57, 160
24.61, 160
24.64, 160
24.67, 160
24.71, 160
24.75, 160
24.78, 160
24.81, 160
24.84, 160
24.88, 160
27.62, 160
27.64, 160
27.68, 160
27.72, 160
27.75, 160
27.78, 160
27.81, 160
27.85, 160
27.88, 160
27.91, 160
27.94, 160
27.96, 160
28.00, 160
28.03, 160
28.07, 160
28.09, 160
28.13, 160
28.16, 160
28.20, 160
28.22, 160
28.25, 160
28.28, 160
28.31, 160
28.34, 160
28.37, 160
28.62, 160
35.31, 160
35.35, 160
35.38, 160
35.41, 160
35.44, 160
35.48, 160
35.51, 160
35.55, 160
35.59, 160
35.62, 160
35.66, 160
35.69, 160
35.72, 160
58.33, 160
58.36, 160
58.39, 160
58.42, 160
72.46, 160
72.49, 160
72.53, 160
72.69, 160
72.72, 160
72.75, 160
72.78, 160
72.81, 160
72.85, 160
72.88, 160
72.91, 160
72.95, 160
72.98, 160
73.01, 160
73.06, 160
73.08, 160
73.12, 160
73.15, 160
73.18, 160
73.21, 160
73.24, 160
73.27, 160
73.31, 160
73.35, 160
74.38, 160
74.41, 160
74.44, 160
74.47, 160
74.51, 160
74.54, 160
74.57, 160
74.60, 160
74.63, 160
74.66, 160
74.69, 160
74.72, 160
74.75, 160
74.78, 160
74.82, 160
78.67, 160
78.70, 160
78.74, 160
78.77, 160
78.81, 160
78.83, 160
78.86, 160
78.89, 160
78.91, 160
78.94, 160
80.41, 160
80.44, 160
80.48, 160
80.51, 160
80.56, 160
80.60, 160
80.63, 160
80.66, 160
80.69, 160
80.72, 160
80.75, 160
80.78, 160
80.81, 160
80.85, 160
80.88, 160
81.44, 160
81.47, 160
81.50, 160
81.53, 160
81.56, 160
81.60, 160
81.63, 160
81.67, 160
81.70, 160
81.74, 160
81.91, 160
81.94, 160
81.97, 160
82.00, 160
93.28, 160
93.32, 160
93.35, 160
93.37, 160
93.40, 160
93.43, 160
93.47, 160
93.54, 160
93.58, 160
93.61, 160
93.64, 160
94.61, 160
94.64, 160
94.67, 160
94.71, 160
94.96, 160
95.04, 160
95.07, 160
95.11, 160
95.14, 160
95.17, 160
95.22, 160
95.25, 160
95.27, 160
95.31, 160
97.24, 160
97.28, 160
97.31, 160
97.34, 160
97.37, 160
97.41, 160
97.44, 160
97.48, 160
97.52, 160
97.55, 160
97.59, 160
97.62, 160
97.66, 160
97.72, 160
97.75, 160
105.16, 160
105.19, 160
105.22, 160
105.25, 160
105.28, 160
105.31, 160
106.53, 160
106.56, 160
106.71, 160
106.74, 160
106.77, 160
106.81, 160
106.85, 160
106.89, 160
106.92, 160
106.95, 160
106.99, 160
107.01, 160
107.04, 160
107.07, 160
107.10, 160
107.14, 160
107.17, 160
107.21, 160
107.24, 160
107.27, 160
107.30, 160
107.34, 160
107.37, 160
107.40, 160
107.42, 160
107.46, 160
107.49, 160
107.52, 160
107.56, 160
107.60, 160
122.29, 160
122.33, 160
122.36, 160
122.40, 160
122.44, 160
122.66, 160
122.69, 160
122.72, 160
122.75, 160
122.79, 160
122.82, 160
122.86, 160
122.89, 160
122.92, 160
122.95, 160
122.98, 160
123.02, 160
123.05, 160
123.09, 160
123.12, 160
123.15, 160
123.17, 160
123.20, 160
123.23, 160
123.25, 160
123.29, 160
123.32, 160
123.35, 160
123.38, 160
123.41, 160
123.43, 160
123.48, 160
123.51, 160
123.55, 160
126.14, 160
126.17, 160
129.00, 160
129.04, 160
129.08, 160
129.11, 160
129.14, 160
129.17, 160
129.21, 160
129.23, 160
129.26, 160
129.30, 160
129.34, 160
129.37, 160
129.40, 160
129.43, 160
129.46, 160
129.49, 160
129.53, 160
129.56, 160
129.60, 160
129.63, 160
129.66, 160
129.69, 160
129.72, 160
129.76, 160
129.79, 160
129.84, 160
129.88, 160
132.37, 160
134.11, 160
134.13, 160
134.16, 160
134.20, 160
134.22, 160
134.26, 160
134.29, 160
134.49, 160
134.52, 160
134.55, 160
134.58, 160
134.62, 160
134.65, 160
134.68, 160
135.00, 160
135.04, 160
135.07, 160
135.10, 160
135.14, 160
135.17, 160
135.21, 160
135.23, 160
135.27, 160
135.30, 160
135.34, 160
135.37, 160
135.39, 160
135.43, 160
135.46, 160
135.49, 160
135.51, 160
135.55, 160
135.57, 160
135.61, 160
135.65, 160
135.68, 160
135.71, 160
135.74, 160
136.49, 160
136.53, 160
136.56, 160
136.59, 160
136.64, 160
136.67, 160
136.70, 160
136.73, 160
136.77, 160
136.80, 160
136.83, 160
136.87, 160
136.90, 160
139.90, 160
156.37, 160
156.40, 160
157.02, 160
157.06, 160
157.24, 160
157.27, 160
157.30, 160
157.34, 160
157.38, 160
157.42, 160
157.46, 160
157.48, 160
157.51, 160
157.54, 160
157.57, 160
157.60, 160
159.24, 160
159.28, 160
159.31, 160
159.35, 160
159.38, 160
159.41, 160
159.44, 160
159.47, 160
159.50, 160
159.53, 160
159.56, 160
177.93, 160
177.96, 160
178.33, 160
178.37, 160
178.39, 160
178.42, 160
178.45, 160
178.48, 160
178.59, 160
178.62, 160
178.65, 160
178.69, 160
178.72, 160
178.76, 160
178.79, 160
178.82, 160
178.85, 160
178.88, 160
180.60, 160
180.64, 160
180.67, 160
180.71, 160
180.83, 160
180.86, 160
180.90, 160
180.93, 160
180.99, 160
181.03, 160
181.07, 160
181.10, 160
181.14, 160
181.17, 160
181.21, 160
181.24, 160
181.27, 160
181.30, 160
181.34, 160
181.37, 160
181.40, 160
181.43, 160
181.47, 160
181.50, 160
181.53, 160
181.57, 160
181.61, 160
181.64, 160
181.68, 160
181.71, 160
181.75, 160
181.79, 160
181.82, 160
182.42, 160
182.45, 160
182.49, 160
182.52, 160
182.54, 160
182.57, 160
182.60, 160
182.67, 160
182.70, 160
182.73, 160
182.76, 160
182.80, 160
182.83, 160
184.72, 160
184.76, 160
184.80, 160
184.83, 160
184.86, 160
184.90, 160
184.93, 160
184.97, 160
185.01, 160
185.05, 160
185.08, 160
185.12, 160
185.25, 160
185.28, 160
185.32, 160
185.35, 160
185.39, 160
185.43, 160
185.46, 160
185.50, 160
185.92, 160
186.94, 160
186.97, 160
187.00, 160
187.04, 160
187.07, 160
187.10, 160
187.13, 160
187.16, 160
187.20, 160
187.22, 160
187.25, 160
187.28, 160
187.34, 160
187.38, 160
187.41, 160
187.54, 160
187.57, 160
187.63, 160
187.66, 160
187.70, 160
187.73, 160
187.77, 160
187.81, 160
187.84, 160
187.88, 160
187.92, 160
187.95, 160
187.98, 160
188.01, 160
188.05, 160
188.07, 160
196.71, 160
196.75, 160
196.94, 160
196.97, 160
197.69, 160
197.72, 160
197.76, 160
197.79, 160
197.82, 160
197.85, 160
197.88, 160
197.90, 160
197.92, 160
197.95, 160
197.98, 160
198.02, 160
198.05, 160
198.08, 160
198.11, 160
198.15, 160
198.18, 160
198.21, 160
198.24, 160
198.27, 160
198.30, 160
198.33, 160
198.36, 160
198.39, 160
203.51, 160
203.55, 160
203.59, 160
203.62, 160
203.65, 160
203.68, 160
203.72, 160
203.83, 160
203.87, 160
203.90, 160
203.94, 160
203.97, 160
204.01, 160
204.04, 160
204.08, 160
204.11, 160
204.15, 160
204.19, 160
204.22, 160
204.26, 160
204.29, 160
204.33, 160
204.36, 160
204.39, 160
212.75, 160
212.78, 160
212.81, 160
212.95, 160
212.98, 160
213.00, 160
213.04, 160
213.07, 160
213.10, 160
213.14, 160
213.17, 160
213.20, 160
213.24, 160
213.28, 160
213.32, 160
216.77, 160
216.80, 160
216.83, 160
216.86, 160
216.89, 160
216.92, 160
216.95, 160
216.99, 160
217.02, 160
217.04, 160
217.09, 160
217.34, 160
217.37, 160
217.40, 160
217.43, 160
217.46, 160
217.49, 160
217.52, 160
217.55, 160
217.59, 160
217.62, 160
217.66, 160
217.68, 160
221.40, 160
221.43, 160
221.46, 160
236.45, 160
236.49, 160
236.53, 160
236.57, 160
236.59, 160
236.62, 160
236.66, 160
236.70, 160
236.74, 160
236.77, 160
236.81, 160
236.84, 160
237.28, 160
237.31, 160
237.34, 160
237.40, 160
237.43, 160
237.50, 160
237.53, 160
237.56, 160
237.60, 160
237.63, 160
237.67, 160
237.70, 160
237.72, 160
238.53, 160
238.57, 160
238.61, 160
238.65, 160
238.68, 160
238.72, 160
238.75, 160
238.77, 160
238.80, 160
239.17, 160
239.20, 160
239.23, 160
239.26, 160
239.29, 160
239.32, 160
239.35, 160
239.76, 160
239.79, 160
239.82, 160
239.85, 160
241.09, 160
241.13, 160
242.56, 160
242.59, 160
242.63, 160
242.66, 160
242.69, 160
242.73, 160
242.76, 160
242.79, 160
242.82, 160
245.19, 160
245.22, 160
245.25, 160
245.29, 160
245.33, 160
245.36, 160
245.40, 160
245.43, 160
245.46, 160
245.49, 160
245.53, 160
245.55, 160
245.67, 160
246.09, 160
246.14, 160
246.17, 160
248.35, 160
248.39, 160
248.42, 160
248.45, 160
248.59, 160
248.62, 160
248.66, 160
248.69, 160
248.73, 160
248.76, 160
248.79, 160
248.82, 160
248.86, 160
248.89, 160
248.93, 160
248.96, 160
248.99, 160
249.03, 160
255.33, 160
255.36, 160
255.39, 160
255.42, 160
255.45, 160
255.47, 160
255.50, 160
255.54, 160
255.56, 160
255.60, 160
255.63, 160
255.66, 160
255.69, 160
257.49, 160
257.66, 160
257.70, 160
257.73, 160
257.76, 160
257.79, 160
260.70, 160
260.74, 160
260.76, 160
260.79, 160
261.87, 160
261.90, 160
261.93, 160
261.97, 160
262.00, 160
262.04, 160
262.07, 160
262.12, 160
262.14, 160
262.18, 160
262.21, 160
262.24, 160
262.28, 160
262.31, 160
262.35, 160
262.38, 160
262.46, 160
270.00, 160
270.03, 160
270.06, 160
270.10, 160
270.13, 160
270.16, 160
270.20, 160
270.23, 160
270.26, 160
272.91, 160
272.94, 160
272.98, 160
273.02, 160
273.06, 160
273.09, 160
273.12, 160
273.15, 160
273.18, 160
273.22, 160
273.26, 160
273.29, 160
273.32, 160
273.35, 160
273.71, 160
273.74, 160
273.77, 160
273.81, 160
273.84, 160
273.88, 160
273.91, 160
273.95, 160
273.99, 160
274.03, 160
274.06, 160
274.98, 160
275.02, 160
275.04, 160
275.07, 160
275.10, 160
275.14, 160
275.18, 160
275.21, 160
275.24, 160
275.27, 160
275.30, 160
275.42, 160
275.54, 160
275.58, 160
275.62, 160
275.65, 160
275.68, 160
275.71, 160
275.79, 160
275.82, 160
275.85, 160
275.88, 160
275.91, 160
278.38, 160
278.41, 160
278.45, 160
278.48, 160
278.51, 160
278.54, 160
278.57, 160
278.60, 160
278.63, 160
278.66, 160
278.70, 160
278.74, 160
278.77, 160
278.80, 160
278.83, 160
278.86, 160
278.90, 160
278.94, 160
278.97, 160
279.00, 160
279.03, 160
279.07, 160
279.10, 160
279.12, 160
279.15, 160
279.18, 160
279.31, 160
279.35, 160
279.43, 160
279.46, 160
279.49, 160
279.92, 160
279.95, 160
279.98, 160
280.01, 160
280.04, 160
280.08, 160
280.11, 160
283.15, 160
283.87, 160
284.30, 160
284.32, 160
284.36, 160
285.95, 160
285.99, 160
286.02, 160
286.04, 160
286.08, 160
286.63, 160
286.66, 160
286.69, 160
286.72, 160
286.76, 160
286.78, 160
289.41, 160
289.45, 160
289.48, 160
289.54, 160
289.58, 160
289.61, 160
289.64, 160
289.67, 160
289.71, 160
289.74, 160
289.79, 160
289.87, 160
289.90, 160
289.94, 160
289.97, 160
290.00, 160
290.03, 160
290.06, 160
290.10, 160
290.13, 160
290.16, 160
290.19, 160
290.23, 160
