0.27, 165
0.30, 164
0.33, 164
0.36, 164
0.39, 164
0.42, 164
0.45, 164
0.48, 164
0.53, 164
0.57, 163
0.61, 162
1.16, 162
1.20, 162
1.26, 162
1.29, 162
1.33, 162
1.36, 162
1.39, 162
1.43, 162
1.46, 162
1.49, 162
1.52, 162
1.55, 162
1.59, 162
1.62, 162
1.66, 162
1.69, 162
1.72, 161
1.75, 161
1.78, 161
1.81, 161
3.00, 161
3.03, 161
3.06, 161
3.09, 161
3.70, 161
3.73, 161
4.59, 161
4.62, 161
4.66, 161
4.81, 161
4.84, 161
4.88, 161
4.91, 161
4.95, 161
4.99, 161
5.02, 161
5.05, 161
5.09, 161
5.12, 161
5.16, 161
5.19, 161
5.22, 161
5.26, 161
5.29, 161
5.32, 161
5.36, 161
5.39, 161
5.86, 161
5.89, 161
7.31, 160
7.34, 160
7.38, 160
7.42, 160
7.71, 160
7.74, 160
7.79, 160
7.81, 160
7.84, 160
7.88, 160
12.31, 160
12.35, 160
12.38, 160
12.42, 160
12.45, 160
12.49, 160
12.52, 160
12.56, 160
12.59, 160
12.62, 160
12.65, 160
12.68, 160
12.72, 160
14.88, 160
14.90, 160
14.99, 160
15.03, 160
15.07, 160
15.10, 160
17.48, 160
17.51, 160
17.55, 160
17.59, 160
17.62, 160
17.65, 160
17.68, 160
17.72, 160
17.75, 160
17.79, 160
17.83, 160
17.86, 160
17.92, 160
17.96, 160
18.31, 160
18.34, 160
18.37, 160
18.41, 160
18.53, 160
18.57, 160
18.60, 160
22.64, 160
22.68, 160
22.71, 160
24.11, 160
24.14, 160
24.16, 160
24.19, 160
24.22, 160
24.24, 160
24.28, 160
24.32, 160
24.35, 160
24.38, 160
24.41, 160
24.44, 160
24.47, 160
24.50, 160
24.53, 160
27.14, 160
27.17, 160
27.21, 160
27.24, 160
27.28, 160
27.30, 160
27.33, 160
27.37, 160
27.41, 160
27.43, 160
27.46, 160
27.49, 160
27.53, 160
27.56, 160
27.59, 160
27.62, 160
27.65, 160
27.69, 160
27.72, 160
27.75, 160
27.78, 160
27.80, 160
27.83, 160
27.87, 160
27.90, 160
28.16, 160
35.07, 160
35.10, 160
35.14, 160
35.17, 160
35.21, 160
35.24, 160
35.27, 160
35.32, 160
35.35, 160
35.38, 160
35.43, 160
35.46, 160
35.49, 160
58.00, 160
58.02, 160
58.05, 160
58.09, 160
72.09, 160
72.12, 160
72.16, 160
72.30, 160
72.33, 160
72.37, 160
72.40, 160
72.43, 160
72.47, 160
72.49, 160
72.53, 160
72.56, 160
72.59, 160
72.62, 160
72.65, 160
72.68, 160
72.71, 160
72.74, 160
72.77, 160
72.80, 160
72.83, 160
72.86, 160
72.89, 160
72.92, 160
73.91, 160
73.94, 160
73.97, 160
73.99, 160
74.03, 160
74.06, 160
74.10, 160
74.13, 160
74.15, 160
74.19, 160
74.22, 160
74.25, 160
74.29, 160
74.32, 160
74.36, 160
78.28, 160
78.32, 160
78.35, 160
78.38, 160
78.41, 160
78.44, 160
78.47, 160
78.50, 160
78.53, 160
78.56, 160
79.97, 160
80.00, 160
80.04, 160
80.07, 160
80.10, 160
80.14, 160
80.17, 160
80.20, 160
80.24, 160
80.27, 160
80.30, 160
80.33, 160
80.37, 160
80.40, 160
80.43, 160
80.97, 160
81.00, 160
81.03, 160
81.06, 160
81.09, 160
81.13, 160
81.16, 160
81.19, 160
81.22, 160
81.26, 160
81.45, 160
81.48, 160
81.51, 160
81.54, 160
92.51, 160
92.55, 160
92.58, 160
92.60, 160
92.63, 160
92.66, 160
92.69, 160
92.76, 160
92.79, 160
92.82, 160
92.85, 160
93.72, 160
93.75, 160
93.78, 160
93.81, 160
94.05, 160
94.13, 160
94.16, 160
94.19, 160
94.21, 160
94.25, 160
94.28, 160
94.31, 160
94.33, 160
94.35, 160
96.04, 160
96.07, 160
96.10, 160
96.13, 160
96.16, 160
96.20, 160
96.22, 160
96.25, 160
96.28, 160
96.31, 160
96.34, 160
96.37, 160
96.40, 160
96.46, 160
96.48, 160
102.95, 160
102.97, 160
103.00, 160
103.03, 160
103.05, 160
103.08, 160
104.14, 160
104.17, 160
104.31, 160
104.33, 160
104.36, 160
104.40, 160
104.43, 160
104.46, 160
104.50, 160
104.53, 160
104.55, 160
104.58, 160
104.61, 160
104.63, 160
104.66, 160
104.69, 160
104.72, 160
104.74, 160
104.77, 160
104.80, 160
104.82, 160
104.85, 160
104.88, 160
104.91, 160
104.93, 160
104.96, 160
104.99, 160
105.03, 160
105.05, 160
105.08, 160
117.91, 160
117.94, 160
117.96, 160
117.99, 160
118.02, 160
118.23, 160
118.26, 160
118.29, 160
118.31, 160
118.34, 160
118.36, 160
118.39, 160
118.42, 160
118.44, 160
118.47, 160
118.50, 160
118.53, 160
118.56, 160
118.59, 160
118.61, 160
118.64, 160
118.66, 160
118.68, 160
118.71, 160
118.73, 160
118.76, 160
118.79, 160
118.82, 160
118.84, 160
118.87, 160
118.90, 160
118.93, 160
118.95, 160
118.98, 160
121.25, 160
121.28, 160
123.67, 160
123.70, 160
123.74, 160
123.76, 160
123.79, 160
123.81, 160
123.84, 160
123.87, 160
123.89, 160
123.92, 160
123.96, 160
123.98, 160
124.00, 160
124.03, 160
124.05, 160
124.08, 160
124.11, 160
124.13, 160
124.17, 160
124.20, 160
124.23, 160
124.26, 160
124.29, 160
124.32, 160
124.35, 160
124.38, 160
124.41, 160
126.61, 160
128.12, 160
128.15, 160
128.18, 160
128.21, 160
128.23, 160
128.25, 160
128.28, 160
128.44, 160
128.46, 160
128.50, 160
128.53, 160
128.56, 160
128.58, 160
128.61, 160
128.87, 160
128.90, 160
128.92, 160
128.95, 160
129.00, 160
129.02, 160
129.05, 160
129.07, 160
129.10, 160
129.14, 160
129.16, 160
129.20, 160
129.22, 160
129.25, 160
129.28, 160
129.31, 160
129.34, 160
129.37, 160
129.39, 160
129.42, 160
129.45, 160
129.48, 160
129.51, 160
129.53, 160
130.18, 160
130.22, 160
130.24, 160
130.27, 160
130.31, 160
130.33, 160
130.36, 160
130.39, 160
130.41, 160
130.44, 160
130.47, 160
130.50, 160
130.53, 160
133.06, 160
147.29, 160
147.32, 160
147.87, 160
147.90, 160
148.05, 160
148.08, 160
148.11, 160
148.14, 160
148.17, 160
148.20, 160
148.23, 160
148.25, 160
148.28, 160
148.30, 160
148.33, 160
148.36, 160
149.73, 160
149.76, 160
149.78, 160
149.82, 160
149.84, 160
149.87, 160
149.90, 160
149.92, 160
149.95, 160
149.97, 160
150.00, 160
166.08, 160
166.11, 160
166.43, 160
166.46, 160
166.48, 160
166.51, 160
166.53, 160
166.57, 160
166.67, 160
166.70, 160
166.73, 160
166.76, 160
166.79, 160
166.82, 160
166.85, 160
166.87, 160
166.90, 160
166.93, 160
168.39, 160
168.42, 160
168.45, 160
168.48, 160
168.58, 160
168.61, 160
168.64, 160
168.66, 160
168.71, 160
168.74, 160
168.77, 160
168.79, 160
168.82, 160
168.85, 160
168.88, 160
168.90, 160
168.93, 160
168.96, 160
168.99, 160
169.02, 160
169.05, 160
169.09, 160
169.12, 160
169.15, 160
169.18, 160
169.20, 160
169.23, 160
169.27, 160
169.30, 160
169.33, 160
169.36, 160
169.39, 160
169.42, 160
169.93, 160
169.96, 160
169.99, 160
170.01, 160
170.03, 160
170.06, 160
170.08, 160
170.14, 160
170.16, 160
170.19, 160
170.22, 160
170.25, 160
170.27, 160
171.89, 160
171.93, 160
171.96, 160
171.99, 160
172.02, 160
172.06, 160
172.09, 160
172.11, 160
172.15, 160
172.18, 160
172.21, 160
172.24, 160
172.36, 160
172.39, 160
172.42, 160
172.45, 160
172.48, 160
172.52, 160
172.55, 160
172.58, 160
172.93, 160
173.80, 160
173.83, 160
173.85, 160
173.88, 160
173.91, 160
173.94, 160
173.96, 160
173.99, 160
174.02, 160
174.04, 160
174.07, 160
174.09, 160
174.15, 160
174.18, 160
174.20, 160
174.32, 160
174.34, 160
174.40, 160
174.43, 160
174.47, 160
174.49, 160
174.52, 160
174.55, 160
174.58, 160
174.61, 160
174.64, 160
174.67, 160
174.70, 160
174.72, 160
174.74, 160
174.77, 160
182.18, 160
182.21, 160
182.39, 160
182.42, 160
183.09, 160
183.12, 160
183.15, 160
183.18, 160
183.21, 160
183.24, 160
183.26, 160
183.29, 160
183.32, 160
183.34, 160
183.37, 160
183.40, 160
183.43, 160
183.46, 160
183.50, 160
183.53, 160
183.56, 160
183.59, 160
183.61, 160
183.64, 160
183.67, 160
183.70, 160
183.73, 160
183.76, 160
188.11, 160
188.14, 160
188.17, 160
188.20, 160
188.22, 160
188.25, 160
188.28, 160
188.38, 160
188.41, 160
188.44, 160
188.47, 160
188.49, 160
188.53, 160
188.56, 160
188.59, 160
188.61, 160
188.64, 160
188.67, 160
188.70, 160
188.73, 160
188.75, 160
188.78, 160
188.81, 160
188.83, 160
195.89, 160
195.92, 160
195.94, 160
196.05, 160
196.08, 160
196.10, 160
196.13, 160
196.16, 160
196.19, 160
196.22, 160
196.25, 160
196.27, 160
196.30, 160
196.34, 160
196.37, 160
199.21, 160
199.24, 160
199.26, 160
199.28, 160
199.31, 160
199.34, 160
199.36, 160
199.39, 160
199.42, 160
199.44, 160
199.48, 160
199.68, 160
199.71, 160
199.73, 160
199.75, 160
199.77, 160
199.80, 160
199.82, 160
199.85, 160
199.87, 160
199.90, 160
199.93, 160
199.95, 160
203.09, 160
203.12, 160
203.15, 160
215.94, 160
215.98, 160
216.01, 160
216.04, 160
216.06, 160
216.09, 160
216.12, 160
216.15, 160
216.18, 160
216.21, 160
216.23, 160
216.26, 160
216.61, 160
216.64, 160
216.67, 160
216.72, 160
216.74, 160
216.81, 160
216.84, 160
216.87, 160
216.90, 160
216.93, 160
216.96, 160
216.98, 160
217.01, 160
217.72, 160
217.75, 160
217.78, 160
217.81, 160
217.83, 160
217.87, 160
217.89, 160
217.92, 160
217.95, 160
218.27, 160
218.30, 160
218.32, 160
218.35, 160
218.38, 160
218.41, 160
218.44, 160
218.83, 160
218.86, 160
218.89, 160
218.91, 160
220.01, 160
220.04, 160
221.33, 160
221.36, 160
221.38, 160
221.42, 160
221.45, 160
221.48, 160
221.51, 160
221.53, 160
221.56, 160
223.56, 160
223.58, 160
223.61, 160
223.64, 160
223.67, 160
223.70, 160
223.72, 160
223.76, 160
223.78, 160
223.81, 160
223.84, 160
223.86, 160
223.94, 160
224.29, 160
224.32, 160
224.35, 160
226.17, 160
226.20, 160
226.22, 160
226.25, 160
226.36, 160
226.39, 160
226.41, 160
226.44, 160
226.46, 160
226.49, 160
226.51, 160
226.54, 160
226.57, 160
226.60, 160
226.63, 160
226.65, 160
226.68, 160
226.71, 160
232.18, 160
232.21, 160
232.24, 160
232.27, 160
232.30, 160
232.32, 160
232.35, 160
232.38, 160
232.40, 160
232.43, 160
232.46, 160
232.49, 160
232.51, 160
234.16, 160
234.30, 160
234.33, 160
234.36, 160
234.39, 160
234.42, 160
237.01, 160
237.04, 160
237.06, 160
237.10, 160
237.99, 160
238.01, 160
238.04, 160
238.07, 160
238.10, 160
238.14, 160
238.16, 160
238.20, 160
238.22, 160
238.25, 160
238.28, 160
238.30, 160
238.33, 160
238.35, 160
238.40, 160
238.42, 160
238.49, 160
244.98, 160
245.00, 160
245.03, 160
245.05, 160
245.08, 160
245.11, 160
245.14, 160
245.17, 160
245.19, 160
247.47, 160
247.49, 160
247.52, 160
247.55, 160
247.58, 160
247.60, 160
247.63, 160
247.66, 160
247.68, 160
247.71, 160
247.74, 160
247.77, 160
247.79, 160
247.81, 160
248.14, 160
248.16, 160
248.19, 160
248.22, 160
248.24, 160
248.28, 160
248.31, 160
248.34, 160
248.37, 160
248.39, 160
248.43, 160
249.22, 160
249.25, 160
249.28, 160
249.30, 160
249.33, 160
249.37, 160
249.39, 160
249.42, 160
249.45, 160
249.48, 160
249.50, 160
249.62, 160
249.73, 160
249.76, 160
249.79, 160
249.82, 160
249.85, 160
249.88, 160
249.95, 160
249.98, 160
250.01, 160
250.04, 160
250.06, 160
252.24, 160
252.27, 160
252.30, 160
252.33, 160
252.36, 160
252.39, 160
252.41, 160
252.43, 160
252.46, 160
252.48, 160
252.52, 160
252.54, 160
252.57, 160
252.59, 160
252.63, 160
252.65, 160
252.69, 160
252.72, 160
252.75, 160
252.78, 160
252.81, 160
252.84, 160
252.86, 160
252.89, 160
252.91, 160
252.95, 160
253.06, 160
253.10, 160
253.18, 160
253.21, 160
253.24, 160
253.63, 160
253.66, 160
253.69, 160
253.72, 160
253.75, 160
253.78, 160
253.80, 160
256.49, 160
257.16, 160
257.54, 160
257.56, 160
257.59, 160
259.05, 160
259.07, 160
259.10, 160
259.13, 160
259.15, 160
259.66, 160
259.69, 160
259.72, 160
259.75, 160
259.78, 160
259.80, 160
262.12, 160
262.15, 160
262.18, 160
262.23, 160
262.26, 160
262.29, 160
262.32, 160
262.34, 160
262.37, 160
262.40, 160
262.43, 160
262.49, 160
262.52, 160
262.54, 160
262.57, 160
262.60, 160
262.62, 160
262.65, 160
262.69, 160
262.72, 160
262.74, 160
262.77, 160
262.80, 160
271.20, 160
271.23, 160
271.26, 160
271.29, 160
271.31, 160
272.81, 160
273.31, 160
273.33, 160
273.36, 160
273.38, 160
273.41, 160
273.44, 160
273.46, 160
273.49, 160
273.51, 160
273.55, 160
273.58, 160
273.61, 160
273.64, 160
273.67, 160
273.69, 160
273.73, 160
273.75, 160
274.40, 160
281.02, 160
281.63, 160
281.66, 160
281.70, 160
281.73, 160
292.08, 160
292.12, 160
292.15, 160
292.18, 160
292.22, 160
292.25, 160
292.27, 160
292.30, 160
292.33, 160
292.36, 160
292.39, 160
292.42, 160
292.46, 160
292.49, 160
292.52, 160
292.55, 160
292.58, 160
292.61, 160
292.64, 160
292.68, 160
292.71, 160
292.73, 160
292.76, 160
292.79, 160
292.82, 160
292.85, 160
293.46, 160
293.94, 160
293.97, 160
294.00, 160
294.04, 160
294.07, 160
294.11, 160
294.14, 160
294.18, 160
294.21, 160
294.24, 160
294.27, 160
294.30, 160
294.33, 160
294.36, 160
294.40, 160
294.43, 160
294.47, 160
294.51, 160
294.54, 160
294.57, 160
294.60, 160
298.30, 160
298.33, 160
298.36, 160
304.25, 160
304.55, 160
304.58, 160
304.61, 160
304.64, 160
304.68, 160
304.71, 160
304.79, 160
304.83, 160
304.86, 160
304.90, 160
304.93, 160
305.67, 160
305.70, 160
305.73, 160
305.77, 160
307.58, 160
307.61, 160
307.64, 160
307.67, 160
307.71, 160
307.75, 160
307.78, 160
307.81, 160
307.83, 160
307.86, 160
307.90, 160
307.93, 160
307.97, 160
308.00, 160
308.03, 160
308.06, 160
308.09, 160
308.12, 160
308.17, 160
308.21, 160
308.25, 160
308.28, 160
308.31, 160
308.33, 160
308.36, 160
308.60, 160
308.63, 160
308.66, 160
308.76, 160
308.79, 160
308.83, 160
308.86, 160
308.93, 160
309.02, 160
309.05, 160
309.08, 160
309.12, 160
309.15, 160
309.18, 160
309.83, 160
309.87, 160
309.91, 160
309.95, 160
310.28, 160
310.32, 160
310.36, 160
310.39, 160
310.43, 160
310.99, 160
311.02, 160
311.06, 160
311.10, 160
311.13, 160
311.16, 160
311.19, 160
311.23, 160
311.26, 160
311.29, 160
311.32, 160
311.36, 160
311.39, 160
311.41, 160
311.44, 160
311.48, 160
311.51, 160
311.54, 160
311.58, 160
311.61, 160
311.65, 160
311.68, 160
311.72, 160
311.75, 160
311.78, 160
311.82, 160
311.84, 160
311.88, 160
311.91, 160
320.07, 160
320.11, 160
320.14, 160
320.17, 160
320.20, 160
321.67, 160
321.70, 160
321.73, 160
321.77, 160
322.25, 160
322.55, 160
322.94, 160
322.97, 160
323.00, 160
323.03, 160
323.07, 160
326.17, 160
326.45, 160
326.49, 160
336.81, 160
336.85, 160
336.88, 160
336.90, 160
336.93, 160
336.97, 160
337.00, 160
337.03, 160
337.07, 160
337.10, 160
337.13, 160
337.16, 160
337.19, 160
337.22, 160
337.34, 160
337.38, 160
337.41, 160
337.45, 160
337.48, 160
337.51, 160
337.54, 160
338.27, 160
338.30, 160
338.34, 160
338.37, 160
338.40, 160
338.43, 160
338.46, 160
338.50, 160
338.52, 160
338.56, 160
338.59, 160
338.63, 160
338.66, 160
338.69, 160
341.97, 160
342.00, 160
342.03, 160
342.06, 160
342.09, 160
342.13, 160
342.16, 160
342.19, 160
342.22, 160
342.25, 160
342.28, 160
342.32, 160
342.36, 160
342.64, 160
343.67, 160
343.71, 160
343.82, 160
343.85, 160
344.81, 160
344.84, 160
344.87, 160
344.90, 160
344.93, 160
344.97, 160
344.99, 160
345.03, 160
345.15, 160
345.19, 160
345.23, 160
345.26, 160
345.29, 160
345.32, 160
345.35, 160
345.38, 160
345.41, 160
345.44, 160
345.74, 160
348.14, 160
348.17, 160
348.20, 160
348.22, 160
354.98, 160
355.01, 160
355.04, 160
355.20, 160
355.23, 160
355.26, 160
355.29, 160
355.32, 160
355.35, 160
376.33, 160
376.37, 160
376.40, 160
376.43, 160
376.47, 160
376.50, 160
386.66, 160
388.11, 160
388.14, 160
388.17, 160
412.60, 160
412.63, 160
412.66, 160
412.69, 160
412.72, 160
412.75, 160
412.78, 160
412.96, 160
412.99, 160
413.02, 160
413.05, 160
413.09, 160
413.12, 160
413.16, 160
413.20, 160
413.24, 160
413.65, 160
413.68, 160
413.72, 160
415.24, 160
415.26, 160
415.29, 160
415.79, 160
418.72, 160
418.77, 160
418.80, 160
418.83, 160
418.87, 160
418.92, 160
418.95, 160
418.98, 160
419.02, 160
419.05, 160
419.08, 160
419.12, 160
419.16, 160
419.19, 160
419.23, 160
419.26, 160
419.29, 160
419.33, 160
419.35, 160
419.38, 160
419.42, 160
419.45, 160
419.49, 160
419.52, 160
419.55, 160
419.59, 160
419.62, 160
419.66, 160
419.69, 160
419.72, 160
419.76, 160
419.79, 160
419.82, 160
419.86, 160
419.89, 160
419.93, 160
419.97, 160
420.00, 160
