0.25, 165
0.28, 164
0.31, 164
0.34, 164
0.37, 164
0.40, 164
0.44, 164
0.47, 164
0.53, 164
0.56, 163
0.59, 162
1.14, 162
1.18, 162
1.24, 162
1.28, 162
1.31, 162
1.34, 162
1.37, 162
1.41, 162
1.43, 162
1.47, 162
1.50, 162
1.53, 162
1.57, 162
1.59, 162
1.63, 162
1.66, 162
1.70, 161
1.73, 161
1.76, 161
1.79, 161
3.01, 161
3.04, 161
3.07, 161
3.10, 161
3.74, 161
3.78, 161
4.62, 161
4.66, 161
4.69, 161
4.84, 161
4.87, 161
4.91, 161
4.94, 161
4.97, 161
5.01, 161
5.04, 161
5.08, 161
5.12, 161
5.16, 161
5.19, 161
5.22, 161
5.24, 161
5.28, 161
5.32, 161
5.35, 161
5.38, 161
5.42, 161
5.87, 161
5.90, 161
7.31, 160
7.34, 160
7.38, 160
7.42, 160
7.69, 160
7.72, 160
7.76, 160
7.79, 160
7.82, 160
7.86, 160
12.24, 160
12.28, 160
12.32, 160
12.36, 160
12.39, 160
12.42, 160
12.45, 160
12.48, 160
12.51, 160
12.54, 160
12.57, 160
12.60, 160
12.63, 160
14.73, 160
14.76, 160
14.86, 160
14.89, 160
14.93, 160
14.96, 160
17.29, 160
17.32, 160
17.35, 160
17.39, 160
17.41, 160
17.44, 160
17.47, 160
17.50, 160
17.53, 160
17.57, 160
17.61, 160
17.64, 160
17.70, 160
17.73, 160
18.08, 160
18.12, 160
18.14, 160
18.18, 160
18.29, 160
18.33, 160
18.37, 160
22.54, 160
22.58, 160
22.61, 160
24.00, 160
24.03, 160
24.05, 160
24.08, 160
24.11, 160
24.14, 160
24.17, 160
24.21, 160
24.25, 160
24.29, 160
24.32, 160
24.34, 160
24.37, 160
24.40, 160
24.44, 160
27.04, 160
27.07, 160
27.11, 160
27.15, 160
27.19, 160
27.22, 160
27.25, 160
27.28, 160
27.32, 160
27.35, 160
27.38, 160
27.41, 160
27.44, 160
27.47, 160
27.52, 160
27.54, 160
27.57, 160
27.61, 160
27.64, 160
27.67, 160
27.69, 160
27.72, 160
27.75, 160
27.79, 160
27.82, 160
28.07, 160
34.86, 160
34.89, 160
34.93, 160
34.96, 160
34.99, 160
35.03, 160
35.06, 160
35.10, 160
35.14, 160
35.17, 160
35.20, 160
35.25, 160
35.28, 160
57.60, 160
57.63, 160
57.66, 160
57.69, 160
71.57, 160
71.60, 160
71.63, 160
71.78, 160
71.82, 160
71.86, 160
71.90, 160
71.93, 160
71.96, 160
71.99, 160
72.02, 160
72.05, 160
72.09, 160
72.12, 160
72.16, 160
72.19, 160
72.23, 160
72.26, 160
72.29, 160
72.32, 160
72.35, 160
72.38, 160
72.42, 160
72.45, 160
73.45, 160
73.48, 160
73.51, 160
73.53, 160
73.57, 160
73.60, 160
73.63, 160
73.67, 160
73.70, 160
73.73, 160
73.77, 160
73.80, 160
73.83, 160
73.87, 160
73.91, 160
77.83, 160
77.87, 160
77.90, 160
77.94, 160
77.98, 160
78.01, 160
78.04, 160
78.07, 160
78.10, 160
78.13, 160
79.58, 160
79.61, 160
79.65, 160
79.69, 160
79.72, 160
79.76, 160
79.79, 160
79.82, 160
79.86, 160
79.89, 160
79.93, 160
79.95, 160
79.98, 160
80.02, 160
80.05, 160
80.59, 160
80.62, 160
80.66, 160
80.68, 160
80.71, 160
80.74, 160
80.77, 160
80.81, 160
80.84, 160
80.87, 160
81.04, 160
81.08, 160
81.10, 160
81.13, 160
92.25, 160
92.29, 160
92.31, 160
92.33, 160
92.36, 160
92.40, 160
92.43, 160
92.50, 160
92.53, 160
92.55, 160
92.59, 160
93.50, 160
93.53, 160
93.57, 160
93.60, 160
93.86, 160
93.94, 160
93.98, 160
94.02, 160
94.05, 160
94.08, 160
94.11, 160
94.14, 160
94.17, 160
94.20, 160
96.04, 160
96.08, 160
96.11, 160
96.15, 160
96.18, 160
96.22, 160
96.25, 160
96.28, 160
96.31, 160
96.34, 160
96.37, 160
96.41, 160
96.44, 160
96.50, 160
96.53, 160
103.74, 160
103.78, 160
103.81, 160
103.84, 160
103.87, 160
103.90, 160
105.11, 160
105.14, 160
105.28, 160
105.32, 160
105.35, 160
105.39, 160
105.43, 160
105.46, 160
105.50, 160
105.53, 160
105.56, 160
105.59, 160
105.62, 160
105.65, 160
105.68, 160
105.72, 160
105.75, 160
105.77, 160
105.80, 160
105.83, 160
105.86, 160
105.90, 160
105.93, 160
105.95, 160
105.98, 160
106.01, 160
106.05, 160
106.08, 160
106.11, 160
106.15, 160
120.97, 160
121.01, 160
121.05, 160
121.08, 160
121.12, 160
121.35, 160
121.38, 160
121.41, 160
121.44, 160
121.47, 160
121.50, 160
121.53, 160
121.56, 160
121.59, 160
121.62, 160
121.66, 160
121.70, 160
121.73, 160
121.77, 160
121.79, 160
121.82, 160
121.85, 160
121.88, 160
121.91, 160
121.94, 160
121.98, 160
122.01, 160
122.04, 160
122.07, 160
122.10, 160
122.13, 160
122.17, 160
122.19, 160
122.24, 160
124.82, 160
124.85, 160
127.55, 160
127.58, 160
127.61, 160
127.64, 160
127.68, 160
127.71, 160
127.75, 160
127.78, 160
127.81, 160
127.84, 160
127.88, 160
127.91, 160
127.93, 160
127.96, 160
127.99, 160
128.02, 160
128.05, 160
128.08, 160
128.12, 160
128.15, 160
128.18, 160
128.22, 160
128.25, 160
128.28, 160
128.31, 160
128.35, 160
128.38, 160
130.95, 160
132.65, 160
132.68, 160
132.71, 160
132.74, 160
132.76, 160
132.79, 160
132.82, 160
133.00, 160
133.03, 160
133.07, 160
133.10, 160
133.13, 160
133.16, 160
133.19, 160
133.49, 160
133.52, 160
133.55, 160
133.59, 160
133.62, 160
133.65, 160
133.68, 160
133.72, 160
133.75, 160
133.79, 160
133.82, 160
133.85, 160
133.88, 160
133.91, 160
133.95, 160
133.98, 160
134.01, 160
134.04, 160
134.07, 160
134.11, 160
134.15, 160
134.18, 160
134.21, 160
134.23, 160
134.99, 160
135.02, 160
135.05, 160
135.09, 160
135.13, 160
135.15, 160
135.19, 160
135.21, 160
135.24, 160
135.27, 160
135.31, 160
135.35, 160
135.38, 160
138.26, 160
154.52, 160
154.55, 160
155.17, 160
155.21, 160
155.39, 160
155.42, 160
155.46, 160
155.49, 160
155.53, 160
155.57, 160
155.61, 160
155.63, 160
155.66, 160
155.69, 160
155.72, 160
155.76, 160
157.36, 160
157.38, 160
157.41, 160
157.45, 160
157.48, 160
157.51, 160
157.55, 160
157.59, 160
157.62, 160
157.65, 160
157.68, 160
176.07, 160
176.10, 160
176.47, 160
176.50, 160
176.53, 160
176.56, 160
176.59, 160
176.62, 160
176.74, 160
176.77, 160
176.80, 160
176.83, 160
176.86, 160
176.89, 160
176.93, 160
176.96, 160
177.00, 160
177.02, 160
178.71, 160
178.75, 160
178.77, 160
178.80, 160
178.92, 160
178.95, 160
178.99, 160
179.02, 160
179.07, 160
179.10, 160
179.13, 160
179.16, 160
179.19, 160
179.22, 160
179.26, 160
179.28, 160
179.31, 160
179.34, 160
179.37, 160
179.40, 160
179.43, 160
179.46, 160
179.50, 160
179.53, 160
179.56, 160
179.59, 160
179.62, 160
179.66, 160
179.70, 160
179.73, 160
179.77, 160
179.81, 160
179.84, 160
180.41, 160
180.45, 160
180.48, 160
180.51, 160
180.53, 160
180.56, 160
180.59, 160
180.66, 160
180.69, 160
180.72, 160
180.75, 160
180.78, 160
180.81, 160
182.69, 160
182.73, 160
182.77, 160
182.81, 160
182.85, 160
182.89, 160
182.92, 160
182.96, 160
183.00, 160
183.04, 160
183.08, 160
183.12, 160
183.27, 160
183.30, 160
183.34, 160
183.38, 160
183.41, 160
183.45, 160
183.49, 160
183.53, 160
183.96, 160
184.95, 160
184.97, 160
185.00, 160
185.03, 160
185.07, 160
185.09, 160
185.12, 160
185.16, 160
185.20, 160
185.22, 160
185.25, 160
185.27, 160
185.33, 160
185.36, 160
185.39, 160
185.52, 160
185.54, 160
185.60, 160
185.63, 160
185.66, 160
185.69, 160
185.72, 160
185.75, 160
185.78, 160
185.81, 160
185.85, 160
185.88, 160
185.91, 160
185.93, 160
185.97, 160
185.99, 160
194.61, 160
194.65, 160
194.85, 160
194.88, 160
195.63, 160
195.66, 160
195.70, 160
195.73, 160
195.77, 160
195.80, 160
195.83, 160
195.85, 160
195.88, 160
195.91, 160
195.95, 160
195.98, 160
196.02, 160
196.05, 160
196.09, 160
196.13, 160
196.17, 160
196.19, 160
196.22, 160
196.25, 160
196.28, 160
196.31, 160
196.34, 160
196.37, 160
201.47, 160
201.51, 160
201.54, 160
201.57, 160
201.60, 160
201.63, 160
201.67, 160
201.78, 160
201.82, 160
201.85, 160
201.88, 160
201.91, 160
201.95, 160
201.98, 160
202.02, 160
202.05, 160
202.08, 160
202.11, 160
202.15, 160
202.18, 160
202.21, 160
202.24, 160
202.27, 160
202.30, 160
210.36, 160
210.39, 160
210.41, 160
210.55, 160
210.58, 160
210.60, 160
210.64, 160
210.67, 160
210.71, 160
210.74, 160
210.78, 160
210.81, 160
210.84, 160
210.89, 160
210.93, 160
214.24, 160
214.27, 160
214.30, 160
214.33, 160
214.36, 160
214.39, 160
214.43, 160
214.46, 160
214.49, 160
214.51, 160
214.55, 160
214.79, 160
214.83, 160
214.85, 160
214.88, 160
214.90, 160
214.93, 160
214.96, 160
214.99, 160
215.03, 160
215.05, 160
215.08, 160
215.11, 160
218.67, 160
218.70, 160
218.73, 160
233.55, 160
233.59, 160
233.62, 160
233.65, 160
233.68, 160
233.72, 160
233.75, 160
233.79, 160
233.82, 160
233.85, 160
233.89, 160
233.92, 160
234.34, 160
234.36, 160
234.40, 160
234.47, 160
234.50, 160
234.56, 160
234.59, 160
234.62, 160
234.65, 160
234.69, 160
234.72, 160
234.75, 160
234.78, 160
235.59, 160
235.62, 160
235.65, 160
235.68, 160
235.72, 160
235.75, 160
235.79, 160
235.81, 160
235.85, 160
236.22, 160
236.25, 160
236.29, 160
236.32, 160
236.35, 160
236.38, 160
236.41, 160
236.83, 160
236.87, 160
236.89, 160
236.92, 160
238.18, 160
238.21, 160
239.69, 160
239.72, 160
239.75, 160
239.78, 160
239.82, 160
239.85, 160
239.89, 160
239.92, 160
239.95, 160
242.24, 160
242.27, 160
242.29, 160
242.33, 160
242.36, 160
242.39, 160
242.42, 160
242.46, 160
242.49, 160
242.53, 160
242.56, 160
242.58, 160
242.68, 160
243.08, 160
243.12, 160
243.15, 160
245.25, 160
245.29, 160
245.33, 160
245.36, 160
245.49, 160
245.52, 160
245.55, 160
245.58, 160
245.61, 160
245.64, 160
245.67, 160
245.70, 160
245.73, 160
245.76, 160
245.80, 160
245.83, 160
245.86, 160
245.89, 160
252.12, 160
252.15, 160
252.17, 160
252.21, 160
252.23, 160
252.26, 160
252.29, 160
252.32, 160
252.34, 160
252.37, 160
252.41, 160
252.44, 160
252.47, 160
254.28, 160
254.44, 160
254.47, 160
254.50, 160
254.53, 160
254.57, 160
257.52, 160
257.56, 160
257.59, 160
257.62, 160
258.66, 160
258.69, 160
258.72, 160
258.75, 160
258.78, 160
258.83, 160
258.86, 160
258.90, 160
258.92, 160
258.96, 160
258.98, 160
259.01, 160
259.05, 160
259.08, 160
259.13, 160
259.16, 160
259.22, 160
266.67, 160
266.70, 160
266.73, 160
266.77, 160
266.80, 160
266.83, 160
266.87, 160
266.89, 160
266.92, 160
269.53, 160
269.56, 160
269.60, 160
269.64, 160
269.67, 160
269.70, 160
269.73, 160
269.76, 160
269.79, 160
269.83, 160
269.86, 160
269.90, 160
269.92, 160
269.95, 160
270.30, 160
270.33, 160
270.36, 160
270.39, 160
270.42, 160
270.45, 160
270.48, 160
270.51, 160
270.55, 160
270.57, 160
270.61, 160
271.50, 160
271.54, 160
271.56, 160
271.59, 160
271.62, 160
271.66, 160
271.69, 160
271.72, 160
271.75, 160
271.79, 160
271.81, 160
271.95, 160
272.07, 160
272.11, 160
272.13, 160
272.17, 160
272.21, 160
272.24, 160
272.33, 160
272.36, 160
272.39, 160
272.42, 160
272.45, 160
274.92, 160
274.95, 160
274.99, 160
275.02, 160
275.05, 160
275.08, 160
275.12, 160
275.15, 160
275.18, 160
275.21, 160
275.25, 160
275.27, 160
275.31, 160
275.34, 160
275.37, 160
275.41, 160
275.44, 160
275.48, 160
275.51, 160
275.54, 160
275.58, 160
275.61, 160
275.64, 160
275.67, 160
275.70, 160
275.73, 160
275.86, 160
275.90, 160
275.98, 160
276.01, 160
276.05, 160
276.48, 160
276.52, 160
276.55, 160
276.58, 160
276.61, 160
276.64, 160
276.67, 160
279.72, 160
280.44, 160
280.87, 160
280.90, 160
280.93, 160
282.59, 160
282.62, 160
282.65, 160
282.68, 160
282.72, 160
283.29, 160
283.32, 160
283.35, 160
283.39, 160
283.42, 160
283.44, 160
286.14, 160
286.17, 160
286.20, 160
286.26, 160
286.30, 160
286.33, 160
286.36, 160
286.39, 160
286.43, 160
286.46, 160
286.50, 160
286.56, 160
286.60, 160
286.63, 160
286.66, 160
286.69, 160
286.72, 160
286.76, 160
286.79, 160
286.83, 160
286.86, 160
286.88, 160
286.91, 160
296.57, 160
296.61, 160
296.63, 160
296.66, 160
296.69, 160
298.42, 160
298.99, 160
299.01, 160
299.04, 160
299.07, 160
299.09, 160
299.12, 160
299.15, 160
299.19, 160
299.22, 160
299.26, 160
299.29, 160
299.32, 160
299.35, 160
299.38, 160
299.41, 160
299.45, 160
299.49, 160
300.21, 160
307.73, 160
308.39, 160
308.43, 160
308.46, 160
308.49, 160
320.26, 160
320.29, 160
320.32, 160
320.35, 160
320.39, 160
320.42, 160
320.46, 160
320.48, 160
320.51, 160
320.54, 160
320.57, 160
320.60, 160
320.64, 160
320.67, 160
320.71, 160
320.74, 160
320.77, 160
320.80, 160
320.83, 160
320.87, 160
320.90, 160
320.93, 160
320.96, 160
320.99, 160
321.02, 160
321.05, 160
321.69, 160
322.23, 160
322.26, 160
322.30, 160
322.34, 160
322.37, 160
322.40, 160
322.43, 160
322.47, 160
322.50, 160
322.53, 160
322.56, 160
322.59, 160
322.63, 160
322.66, 160
322.69, 160
322.73, 160
322.76, 160
322.80, 160
322.83, 160
322.86, 160
322.89, 160
326.52, 160
326.55, 160
326.58, 160
332.41, 160
332.71, 160
332.73, 160
332.76, 160
332.79, 160
332.83, 160
332.86, 160
332.93, 160
332.96, 160
333.00, 160
333.03, 160
333.06, 160
333.78, 160
333.81, 160
333.85, 160
333.88, 160
335.71, 160
335.73, 160
335.76, 160
335.80, 160
335.83, 160
335.87, 160
335.90, 160
335.94, 160
335.96, 160
335.99, 160
336.03, 160
336.06, 160
336.10, 160
336.13, 160
336.16, 160
336.19, 160
336.22, 160
336.24, 160
336.28, 160
336.31, 160
336.35, 160
336.38, 160
336.41, 160
336.43, 160
336.46, 160
336.69, 160
336.72, 160
336.75, 160
336.86, 160
336.89, 160
336.93, 160
336.95, 160
337.01, 160
337.11, 160
337.14, 160
337.17, 160
337.20, 160
337.23, 160
337.26, 160
337.89, 160
337.93, 160
337.97, 160
338.00, 160
338.32, 160
338.36, 160
338.39, 160
338.43, 160
338.46, 160
339.00, 160
339.03, 160
339.07, 160
339.10, 160
339.13, 160
339.16, 160
339.19, 160
339.22, 160
339.26, 160
339.29, 160
339.32, 160
339.35, 160
339.38, 160
339.41, 160
339.43, 160
339.47, 160
339.50, 160
339.53, 160
339.57, 160
339.60, 160
339.63, 160
339.66, 160
339.70, 160
339.73, 160
339.76, 160
339.80, 160
339.82, 160
339.85, 160
339.89, 160
348.00, 160
348.03, 160
348.07, 160
348.10, 160
348.13, 160
349.61, 160
349.64, 160
349.67, 160
349.71, 160
350.19, 160
350.50, 160
350.90, 160
350.93, 160
350.96, 160
350.98, 160
351.01, 160
354.24, 160
354.52, 160
354.55, 160
364.77, 160
364.80, 160
364.83, 160
364.86, 160
364.89, 160
364.92, 160
364.95, 160
364.99, 160
365.02, 160
365.06, 160
365.09, 160
365.12, 160
365.15, 160
365.19, 160
365.31, 160
365.35, 160
365.39, 160
365.42, 160
365.45, 160
365.48, 160
365.51, 160
366.26, 160
366.30, 160
366.33, 160
366.36, 160
366.39, 160
366.42, 160
366.45, 160
366.48, 160
366.51, 160
366.55, 160
366.58, 160
366.62, 160
366.65, 160
366.68, 160
369.90, 160
369.94, 160
369.97, 160
370.01, 160
370.04, 160
370.07, 160
370.11, 160
370.14, 160
370.17, 160
370.20, 160
370.23, 160
370.27, 160
370.30, 160
370.60, 160
371.58, 160
371.62, 160
371.73, 160
371.76, 160
372.65, 160
372.68, 160
372.72, 160
372.74, 160
372.77, 160
372.80, 160
372.83, 160
372.86, 160
373.00, 160
373.03, 160
373.07, 160
373.10, 160
373.13, 160
373.16, 160
373.19, 160
373.22, 160
373.26, 160
373.29, 160
373.59, 160
376.02, 160
376.05, 160
376.08, 160
376.11, 160
382.76, 160
382.80, 160
382.82, 160
382.97, 160
383.00, 160
383.04, 160
383.07, 160
383.10, 160
383.13, 160
404.19, 160
404.22, 160
404.25, 160
404.28, 160
404.32, 160
404.36, 160
414.08, 160
415.63, 160
415.65, 160
415.69, 160
