0.25, 165
0.28, 164
0.31, 164
0.34, 164
0.37, 164
0.40, 164
0.44, 164
0.47, 164
0.52, 164
0.55, 163
0.59, 162
1.13, 162
1.16, 162
1.22, 162
1.26, 162
1.29, 162
1.33, 162
1.36, 162
1.39, 162
1.42, 162
1.46, 162
1.49, 162
1.52, 162
1.55, 162
1.58, 162
1.61, 162
1.64, 162
1.68, 161
1.71, 161
1.74, 161
1.77, 161
2.92, 161
2.96, 161
2.98, 161
3.01, 161
3.63, 161
3.66, 161
4.52, 161
4.55, 161
4.58, 161
4.73, 161
4.76, 161
4.79, 161
4.82, 161
4.86, 161
4.89, 161
4.91, 161
4.95, 161
4.99, 161
5.02, 161
5.06, 161
5.09, 161
5.12, 161
5.15, 161
5.19, 161
5.22, 161
5.25, 161
5.28, 161
5.74, 161
5.77, 161
7.20, 160
7.23, 160
7.28, 160
7.31, 160
7.61, 160
7.64, 160
7.68, 160
7.70, 160
7.73, 160
7.77, 160
12.13, 160
12.17, 160
12.20, 160
12.24, 160
12.28, 160
12.31, 160
12.34, 160
12.38, 160
12.41, 160
12.44, 160
12.47, 160
12.50, 160
12.53, 160
14.65, 160
14.68, 160
14.79, 160
14.83, 160
14.86, 160
14.90, 160
17.18, 160
17.21, 160
17.25, 160
17.28, 160
17.31, 160
17.33, 160
17.36, 160
17.40, 160
17.43, 160
17.46, 160
17.50, 160
17.53, 160
17.59, 160
17.62, 160
17.96, 160
17.99, 160
18.02, 160
18.06, 160
18.16, 160
18.21, 160
18.24, 160
22.29, 160
22.32, 160
22.35, 160
23.73, 160
23.76, 160
23.78, 160
23.82, 160
23.84, 160
23.87, 160
23.91, 160
23.94, 160
23.97, 160
24.00, 160
24.03, 160
24.06, 160
24.09, 160
24.12, 160
24.15, 160
26.75, 160
26.78, 160
26.82, 160
26.85, 160
26.89, 160
26.91, 160
26.94, 160
26.97, 160
27.01, 160
27.04, 160
27.07, 160
27.10, 160
27.13, 160
27.17, 160
27.21, 160
27.23, 160
27.26, 160
27.28, 160
27.32, 160
27.35, 160
27.39, 160
27.41, 160
27.44, 160
27.48, 160
27.51, 160
27.77, 160
34.55, 160
34.58, 160
34.61, 160
34.65, 160
34.68, 160
34.72, 160
34.75, 160
34.79, 160
34.82, 160
34.85, 160
34.88, 160
34.92, 160
34.96, 160
56.83, 160
56.86, 160
56.89, 160
56.93, 160
