0.25, 165
0.27, 164
0.30, 164
0.33, 164
0.35, 164
0.38, 164
0.41, 164
0.43, 164
0.48, 164
0.51, 163
0.54, 162
1.02, 162
1.06, 162
1.11, 162
1.14, 162
1.17, 162
1.20, 162
1.23, 162
1.26, 162
1.28, 162
1.32, 162
1.34, 162
1.37, 162
1.41, 162
1.43, 162
1.46, 162
1.49, 162
1.52, 161
1.55, 161
1.58, 161
1.61, 161
2.68, 161
2.71, 161
2.73, 161
2.76, 161
3.31, 161
3.34, 161
4.10, 161
4.12, 161
4.16, 161
4.29, 161
4.32, 161
4.34, 161
4.37, 161
4.40, 161
4.43, 161
4.46, 161
4.49, 161
4.52, 161
4.55, 161
4.58, 161
4.61, 161
4.63, 161
4.67, 161
4.70, 161
4.72, 161
4.76, 161
4.78, 161
5.23, 161
5.26, 161
6.53, 160
6.55, 160
6.59, 160
6.63, 160
6.88, 160
6.91, 160
6.94, 160
6.96, 160
6.99, 160
7.02, 160
10.90, 160
10.93, 160
10.97, 160
11.00, 160
11.03, 160
11.06, 160
11.09, 160
11.11, 160
11.15, 160
11.17, 160
11.20, 160
11.22, 160
11.25, 160
13.08, 160
13.10, 160
13.19, 160
13.21, 160
13.24, 160
13.27, 160
15.24, 160
15.27, 160
15.30, 160
15.33, 160
15.36, 160
15.39, 160
15.42, 160
15.45, 160
15.47, 160
15.50, 160
15.53, 160
15.56, 160
15.61, 160
15.64, 160
15.95, 160
15.98, 160
16.00, 160
16.03, 160
16.12, 160
16.16, 160
16.18, 160
19.65, 160
19.68, 160
19.71, 160
20.90, 160
20.93, 160
20.95, 160
20.98, 160
21.00, 160
21.02, 160
21.05, 160
21.08, 160
21.11, 160
21.14, 160
21.16, 160
21.19, 160
21.22, 160
21.24, 160
21.27, 160
23.57, 160
23.59, 160
23.63, 160
23.66, 160
23.70, 160
23.72, 160
23.74, 160
23.78, 160
23.81, 160
23.83, 160
23.86, 160
23.88, 160
23.92, 160
23.94, 160
23.98, 160
24.00, 160
24.03, 160
24.06, 160
24.09, 160
24.11, 160
24.14, 160
24.16, 160
24.19, 160
24.22, 160
24.24, 160
24.47, 160
30.26, 160
30.29, 160
30.32, 160
30.34, 160
30.37, 160
30.40, 160
30.43, 160
30.46, 160
30.49, 160
30.52, 160
30.55, 160
30.58, 160
30.61, 160
51.47, 160
51.50, 160
51.52, 160
51.56, 160
64.92, 160
64.96, 160
65.00, 160
65.15, 160
65.18, 160
65.21, 160
65.24, 160
65.27, 160
65.31, 160
65.34, 160
65.37, 160
65.40, 160
65.43, 160
65.46, 160
65.50, 160
65.53, 160
65.56, 160
65.59, 160
65.61, 160
65.65, 160
65.68, 160
65.71, 160
65.74, 160
65.77, 160
66.72, 160
66.74, 160
66.77, 160
66.80, 160
66.83, 160
66.86, 160
66.89, 160
66.92, 160
66.95, 160
66.98, 160
67.02, 160
67.04, 160
67.07, 160
67.10, 160
67.13, 160
70.89, 160
70.92, 160
70.95, 160
70.98, 160
71.01, 160
71.03, 160
71.07, 160
71.09, 160
71.12, 160
71.15, 160
72.53, 160
72.55, 160
72.59, 160
72.62, 160
72.66, 160
72.69, 160
72.72, 160
72.75, 160
72.78, 160
72.82, 160
72.85, 160
72.88, 160
72.91, 160
72.95, 160
72.97, 160
73.49, 160
73.51, 160
73.55, 160
73.58, 160
73.61, 160
73.63, 160
73.66, 160
73.69, 160
73.73, 160
73.76, 160
73.91, 160
73.95, 160
73.97, 160
74.01, 160
84.76, 160
84.80, 160
84.82, 160
84.84, 160
84.87, 160
84.91, 160
84.95, 160
85.01, 160
85.04, 160
85.08, 160
85.11, 160
86.04, 160
86.07, 160
86.10, 160
86.13, 160
86.39, 160
86.47, 160
86.50, 160
86.53, 160
86.56, 160
86.60, 160
86.64, 160
86.67, 160
86.69, 160
86.72, 160
88.53, 160
88.56, 160
88.59, 160
88.62, 160
88.65, 160
88.68, 160
88.70, 160
88.73, 160
88.76, 160
88.79, 160
88.83, 160
88.86, 160
88.89, 160
88.96, 160
88.98, 160
95.97, 160
96.00, 160
96.03, 160
96.06, 160
96.09, 160
96.12, 160
97.32, 160
97.35, 160
97.51, 160
97.55, 160
97.58, 160
97.62, 160
97.66, 160
97.70, 160
97.73, 160
97.77, 160
97.80, 160
97.83, 160
97.87, 160
97.90, 160
97.93, 160
97.96, 160
97.99, 160
98.01, 160
98.04, 160
98.08, 160
98.11, 160
98.14, 160
98.17, 160
98.20, 160
98.22, 160
98.25, 160
98.28, 160
98.32, 160
98.35, 160
98.38, 160
112.81, 160
112.84, 160
112.87, 160
112.90, 160
112.93, 160
113.15, 160
113.18, 160
113.21, 160
113.24, 160
113.27, 160
113.29, 160
113.33, 160
113.36, 160
113.39, 160
113.42, 160
113.46, 160
113.50, 160
113.54, 160
113.57, 160
113.60, 160
113.63, 160
113.66, 160
113.69, 160
113.72, 160
113.75, 160
113.79, 160
113.82, 160
113.85, 160
113.88, 160
113.91, 160
113.94, 160
113.98, 160
114.01, 160
114.04, 160
116.53, 160
116.57, 160
119.09, 160
119.13, 160
119.17, 160
119.20, 160
119.23, 160
119.26, 160
119.29, 160
119.32, 160
119.35, 160
119.39, 160
119.42, 160
119.45, 160
119.48, 160
119.51, 160
119.53, 160
119.56, 160
119.60, 160
119.63, 160
119.67, 160
119.70, 160
119.73, 160
119.76, 160
119.79, 160
119.82, 160
119.85, 160
119.89, 160
119.92, 160
122.28, 160
123.90, 160
123.93, 160
123.96, 160
123.99, 160
124.01, 160
124.03, 160
124.06, 160
124.24, 160
124.27, 160
124.30, 160
124.34, 160
124.37, 160
124.40, 160
124.43, 160
124.74, 160
124.77, 160
124.81, 160
124.84, 160
124.89, 160
124.92, 160
124.96, 160
124.99, 160
125.03, 160
125.06, 160
125.09, 160
125.13, 160
125.16, 160
125.19, 160
125.22, 160
125.25, 160
125.29, 160
125.32, 160
125.36, 160
125.39, 160
125.43, 160
125.46, 160
125.49, 160
125.52, 160
126.24, 160
126.27, 160
126.30, 160
126.33, 160
126.37, 160
126.40, 160
126.43, 160
126.46, 160
126.49, 160
126.52, 160
126.55, 160
126.58, 160
126.62, 160
129.43, 160
145.16, 160
145.19, 160
145.77, 160
145.81, 160
146.00, 160
146.02, 160
146.05, 160
146.09, 160
146.13, 160
146.16, 160
146.20, 160
146.22, 160
146.25, 160
146.27, 160
146.31, 160
146.34, 160
147.92, 160
147.95, 160
147.98, 160
148.02, 160
148.04, 160
148.07, 160
148.10, 160
148.14, 160
148.17, 160
148.19, 160
148.22, 160
166.11, 160
166.13, 160
166.49, 160
166.53, 160
166.55, 160
166.58, 160
166.61, 160
166.64, 160
166.75, 160
166.79, 160
166.82, 160
166.85, 160
166.88, 160
166.91, 160
166.95, 160
166.98, 160
167.00, 160
167.03, 160
168.66, 160
168.69, 160
168.72, 160
168.75, 160
168.86, 160
168.90, 160
168.93, 160
168.96, 160
169.02, 160
169.04, 160
169.07, 160
169.11, 160
169.14, 160
169.17, 160
169.20, 160
169.22, 160
169.26, 160
169.29, 160
169.32, 160
169.34, 160
169.37, 160
169.40, 160
169.43, 160
169.47, 160
169.49, 160
169.53, 160
169.56, 160
169.61, 160
169.64, 160
169.67, 160
169.70, 160
169.74, 160
169.77, 160
170.31, 160
170.34, 160
170.37, 160
170.40, 160
170.42, 160
170.45, 160
170.48, 160
170.54, 160
170.57, 160
170.60, 160
170.63, 160
170.66, 160
170.69, 160
172.44, 160
172.47, 160
172.51, 160
172.55, 160
172.58, 160
172.63, 160
172.66, 160
172.68, 160
172.72, 160
172.77, 160
172.80, 160
172.83, 160
172.96, 160
173.00, 160
173.03, 160
173.06, 160
173.09, 160
173.13, 160
173.16, 160
173.19, 160
173.59, 160
174.56, 160
174.59, 160
174.62, 160
174.65, 160
174.69, 160
174.72, 160
174.75, 160
174.78, 160
174.81, 160
174.84, 160
174.87, 160
174.90, 160
174.96, 160
174.98, 160
175.01, 160
175.15, 160
175.17, 160
175.24, 160
175.27, 160
175.30, 160
175.32, 160
175.36, 160
175.39, 160
175.42, 160
175.45, 160
175.49, 160
175.52, 160
175.55, 160
175.58, 160
175.61, 160
175.64, 160
183.95, 160
183.98, 160
184.17, 160
184.20, 160
184.95, 160
184.98, 160
185.01, 160
185.05, 160
185.08, 160
185.11, 160
185.13, 160
185.16, 160
185.18, 160
185.21, 160
185.24, 160
185.27, 160
185.31, 160
185.33, 160
185.37, 160
185.41, 160
185.45, 160
185.47, 160
185.50, 160
185.53, 160
185.57, 160
185.60, 160
185.63, 160
185.65, 160
190.57, 160
190.61, 160
190.64, 160
190.68, 160
190.71, 160
190.73, 160
190.77, 160
190.88, 160
190.91, 160
190.95, 160
190.98, 160
191.02, 160
191.06, 160
191.09, 160
191.12, 160
191.15, 160
191.19, 160
191.22, 160
191.26, 160
191.29, 160
191.32, 160
191.35, 160
191.38, 160
191.41, 160
199.31, 160
199.34, 160
199.37, 160
199.50, 160
199.53, 160
199.56, 160
199.59, 160
199.62, 160
199.65, 160
199.68, 160
199.71, 160
199.74, 160
199.77, 160
199.81, 160
199.85, 160
203.06, 160
203.09, 160
203.12, 160
203.14, 160
203.17, 160
203.20, 160
203.22, 160
203.25, 160
203.29, 160
203.32, 160
203.36, 160
203.59, 160
203.62, 160
203.65, 160
203.67, 160
203.70, 160
203.73, 160
203.76, 160
203.78, 160
203.82, 160
203.84, 160
203.87, 160
203.90, 160
207.40, 160
207.44, 160
207.47, 160
221.68, 160
221.71, 160
221.75, 160
221.78, 160
221.80, 160
221.84, 160
221.87, 160
221.91, 160
221.94, 160
221.97, 160
222.01, 160
222.03, 160
222.43, 160
222.46, 160
222.49, 160
222.55, 160
222.58, 160
222.65, 160
222.68, 160
222.71, 160
222.74, 160
222.77, 160
222.80, 160
222.83, 160
222.85, 160
223.65, 160
223.69, 160
223.72, 160
223.75, 160
223.78, 160
223.82, 160
223.85, 160
223.87, 160
223.90, 160
224.27, 160
224.30, 160
224.33, 160
224.36, 160
224.39, 160
224.42, 160
224.46, 160
224.86, 160
224.89, 160
224.92, 160
224.95, 160
226.15, 160
226.18, 160
227.62, 160
227.65, 160
227.69, 160
227.72, 160
227.75, 160
227.79, 160
227.83, 160
227.86, 160
227.89, 160
230.18, 160
230.21, 160
230.24, 160
230.27, 160
230.31, 160
230.33, 160
230.37, 160
230.40, 160
230.43, 160
230.46, 160
230.49, 160
230.52, 160
230.62, 160
231.02, 160
231.06, 160
231.08, 160
233.16, 160
233.20, 160
233.22, 160
233.26, 160
233.39, 160
233.42, 160
233.45, 160
233.48, 160
233.51, 160
233.54, 160
233.57, 160
233.61, 160
233.64, 160
233.67, 160
233.71, 160
233.74, 160
233.77, 160
233.80, 160
239.88, 160
239.92, 160
239.95, 160
239.98, 160
240.01, 160
240.04, 160
240.07, 160
240.10, 160
240.12, 160
240.15, 160
240.19, 160
240.23, 160
240.25, 160
242.05, 160
242.20, 160
242.24, 160
242.27, 160
242.30, 160
242.34, 160
245.26, 160
245.30, 160
245.33, 160
245.36, 160
246.40, 160
246.42, 160
246.45, 160
246.50, 160
246.54, 160
246.58, 160
246.60, 160
246.64, 160
246.67, 160
246.70, 160
246.72, 160
246.76, 160
246.79, 160
246.82, 160
246.86, 160
246.89, 160
246.96, 160
254.09, 160
254.12, 160
254.15, 160
254.18, 160
254.21, 160
254.25, 160
254.29, 160
254.32, 160
254.35, 160
256.85, 160
256.88, 160
256.92, 160
256.95, 160
256.98, 160
257.01, 160
257.04, 160
257.07, 160
257.09, 160
257.13, 160
257.16, 160
257.19, 160
257.22, 160
257.25, 160
257.59, 160
257.62, 160
257.65, 160
257.68, 160
257.71, 160
257.74, 160
257.77, 160
257.80, 160
257.84, 160
257.86, 160
257.90, 160
258.77, 160
258.80, 160
258.83, 160
258.86, 160
258.89, 160
258.93, 160
258.96, 160
258.99, 160
259.02, 160
259.05, 160
259.08, 160
259.21, 160
259.32, 160
259.35, 160
259.38, 160
259.41, 160
259.45, 160
259.48, 160
259.55, 160
259.58, 160
259.61, 160
259.64, 160
259.67, 160
262.09, 160
262.13, 160
262.16, 160
262.20, 160
262.23, 160
262.27, 160
262.30, 160
262.33, 160
262.36, 160
262.39, 160
262.43, 160
262.46, 160
262.49, 160
262.53, 160
262.56, 160
262.60, 160
262.64, 160
262.68, 160
262.71, 160
262.74, 160
262.78, 160
262.81, 160
262.84, 160
262.87, 160
262.90, 160
262.93, 160
263.07, 160
263.11, 160
263.19, 160
263.22, 160
263.25, 160
263.67, 160
263.71, 160
263.75, 160
263.78, 160
263.81, 160
263.84, 160
263.87, 160
266.75, 160
267.45, 160
267.88, 160
267.91, 160
267.95, 160
269.54, 160
269.57, 160
269.60, 160
269.63, 160
269.66, 160
270.22, 160
270.25, 160
270.29, 160
270.32, 160
270.36, 160
270.38, 160
272.87, 160
272.90, 160
272.93, 160
272.98, 160
273.02, 160
273.05, 160
273.09, 160
273.12, 160
273.15, 160
273.18, 160
273.21, 160
273.28, 160
273.31, 160
273.34, 160
273.38, 160
273.41, 160
273.43, 160
273.47, 160
273.51, 160
273.54, 160
273.57, 160
273.60, 160
273.63, 160
283.04, 160
283.08, 160
283.11, 160
283.14, 160
283.17, 160
284.88, 160
285.43, 160
285.46, 160
285.49, 160
285.52, 160
285.54, 160
285.58, 160
285.60, 160
285.64, 160
285.67, 160
285.70, 160
285.74, 160
285.77, 160
285.80, 160
285.83, 160
285.86, 160
285.90, 160
285.93, 160
286.63, 160
294.05, 160
294.70, 160
294.73, 160
294.76, 160
294.79, 160
306.21, 160
306.25, 160
306.28, 160
306.31, 160
306.35, 160
306.38, 160
306.41, 160
306.44, 160
306.47, 160
306.50, 160
306.53, 160
306.56, 160
306.59, 160
306.63, 160
306.67, 160
306.69, 160
306.72, 160
306.76, 160
306.79, 160
306.82, 160
306.85, 160
306.87, 160
306.90, 160
306.93, 160
306.97, 160
307.00, 160
307.59, 160
308.08, 160
308.11, 160
308.14, 160
308.18, 160
308.21, 160
308.24, 160
308.27, 160
308.30, 160
308.33, 160
308.36, 160
308.39, 160
308.42, 160
308.45, 160
308.48, 160
308.51, 160
308.55, 160
308.59, 160
308.62, 160
308.66, 160
308.68, 160
308.72, 160
312.28, 160
312.31, 160
312.34, 160
318.05, 160
318.33, 160
318.36, 160
318.39, 160
318.42, 160
318.46, 160
318.48, 160
318.55, 160
318.58, 160
318.61, 160
318.64, 160
318.68, 160
319.36, 160
319.39, 160
319.42, 160
319.46, 160
321.19, 160
321.22, 160
321.24, 160
321.27, 160
321.30, 160
321.34, 160
321.37, 160
321.39, 160
321.42, 160
321.44, 160
321.48, 160
321.51, 160
321.55, 160
321.58, 160
321.61, 160
321.64, 160
321.67, 160
321.70, 160
321.74, 160
321.77, 160
321.80, 160
321.83, 160
321.86, 160
321.88, 160
321.91, 160
322.13, 160
322.16, 160
322.19, 160
322.28, 160
322.31, 160
322.34, 160
322.37, 160
322.44, 160
322.53, 160
322.56, 160
322.59, 160
322.62, 160
322.65, 160
322.69, 160
323.33, 160
323.36, 160
323.40, 160
323.43, 160
323.75, 160
323.79, 160
323.83, 160
323.86, 160
323.89, 160
324.41, 160
324.43, 160
324.47, 160
324.50, 160
324.53, 160
324.56, 160
324.59, 160
324.63, 160
324.66, 160
324.68, 160
324.71, 160
324.74, 160
324.77, 160
324.80, 160
324.83, 160
324.86, 160
324.89, 160
324.93, 160
324.96, 160
325.00, 160
325.03, 160
325.07, 160
325.10, 160
325.13, 160
325.16, 160
325.19, 160
325.22, 160
325.25, 160
325.28, 160
333.22, 160
333.25, 160
333.28, 160
333.31, 160
333.34, 160
334.78, 160
334.81, 160
334.85, 160
334.89, 160
335.38, 160
335.68, 160
336.07, 160
336.10, 160
336.13, 160
336.16, 160
336.19, 160
339.26, 160
339.54, 160
339.57, 160
349.39, 160
349.42, 160
349.45, 160
349.48, 160
349.51, 160
349.55, 160
349.57, 160
349.61, 160
349.64, 160
349.67, 160
349.69, 160
349.72, 160
349.75, 160
349.78, 160
349.90, 160
349.93, 160
349.97, 160
350.00, 160
350.03, 160
350.06, 160
350.09, 160
350.80, 160
350.83, 160
350.86, 160
350.89, 160
350.92, 160
350.96, 160
350.99, 160
351.03, 160
351.05, 160
351.09, 160
351.12, 160
351.15, 160
351.19, 160
351.21, 160
354.35, 160
354.38, 160
354.40, 160
354.43, 160
354.46, 160
354.49, 160
354.52, 160
354.56, 160
354.59, 160
354.61, 160
354.65, 160
354.68, 160
354.72, 160
354.99, 160
355.95, 160
355.99, 160
356.09, 160
356.12, 160
357.05, 160
357.07, 160
357.10, 160
357.13, 160
357.15, 160
357.18, 160
357.21, 160
357.24, 160
357.36, 160
357.39, 160
357.43, 160
357.46, 160
357.49, 160
357.52, 160
357.55, 160
357.58, 160
357.61, 160
357.64, 160
357.93, 160
360.29, 160
360.32, 160
360.35, 160
360.38, 160
366.87, 160
366.90, 160
366.92, 160
367.07, 160
367.11, 160
367.14, 160
367.17, 160
367.20, 160
367.22, 160
387.65, 160
387.67, 160
387.70, 160
387.73, 160
387.76, 160
387.79, 160
397.43, 160
398.85, 160
398.88, 160
398.91, 160
422.61, 160
422.64, 160
422.67, 160
422.70, 160
422.73, 160
422.76, 160
422.79, 160
422.97, 160
423.00, 160
423.03, 160
423.06, 160
423.09, 160
423.12, 160
423.14, 160
423.18, 160
423.22, 160
423.61, 160
423.64, 160
423.67, 160
425.18, 160
425.20, 160
425.23, 160
425.70, 160
428.52, 160
428.55, 160
428.58, 160
428.61, 160
428.64, 160
428.70, 160
428.73, 160
428.75, 160
428.79, 160
428.82, 160
428.84, 160
428.87, 160
428.91, 160
428.94, 160
428.97, 160
429.01, 160
429.04, 160
429.07, 160
429.09, 160
429.13, 160
429.16, 160
429.19, 160
429.22, 160
429.25, 160
429.28, 160
429.31, 160
429.34, 160
429.38, 160
429.41, 160
429.44, 160
429.47, 160
429.50, 160
429.52, 160
429.56, 160
429.59, 160
429.62, 160
429.65, 160
429.69, 160
430.07, 160
430.10, 160
430.13, 160
430.16, 160
430.19, 160
430.21, 160
430.24, 160
430.28, 160
430.31, 160
430.34, 160
430.37, 160
430.40, 160
430.43, 160
430.45, 160
430.49, 160
430.52, 160
430.56, 160
430.59, 160
430.63, 160
430.66, 160
430.70, 160
430.73, 160
432.11, 160
432.13, 160
432.16, 160
432.19, 160
432.22, 160
432.25, 160
432.28, 160
432.32, 160
432.35, 160
432.39, 160
432.59, 160
432.61, 160
432.64, 160
432.68, 160
432.71, 160
434.11, 160
434.14, 160
434.16, 160
434.22, 160
434.25, 160
434.28, 160
434.31, 160
434.92, 160
434.95, 160
434.97, 160
435.00, 160
435.03, 160
435.05, 160
435.09, 160
435.12, 160
435.14, 160
435.17, 160
435.20, 160
435.23, 160
435.26, 160
435.29, 160
435.33, 160
435.36, 160
435.39, 160
435.42, 160
435.44, 160
435.47, 160
435.50, 160
450.16, 160
450.20, 160
450.22, 160
450.52, 160
460.92, 160
460.95, 160
460.99, 160
461.02, 160
461.05, 160
461.08, 160
461.18, 160
461.21, 160
461.24, 160
461.27, 160
463.53, 160
463.56, 160
463.59, 160
463.63, 160
463.66, 160
463.70, 160
463.73, 160
463.77, 160
463.79, 160
463.82, 160
463.85, 160
464.08, 160
464.10, 160
464.17, 160
464.20, 160
464.23, 160
464.26, 160
464.29, 160
464.32, 160
464.36, 160
464.39, 160
464.43, 160
464.49, 160
464.52, 160
464.55, 160
464.58, 160
464.61, 160
464.64, 160
464.66, 160
464.70, 160
464.73, 160
467.06, 160
467.09, 160
467.13, 160
467.16, 160
467.19, 160
467.65, 160
467.68, 160
467.71, 160
467.73, 160
467.76, 160
467.79, 160
467.82, 160
467.85, 160
467.89, 160
467.91, 160
467.94, 160
467.97, 160
468.00, 160
468.03, 160
468.06, 160
468.09, 160
468.12, 160
468.15, 160
468.18, 160
468.21, 160
469.13, 160
469.16, 160
469.19, 160
469.22, 160
469.67, 160
469.70, 160
469.73, 160
469.77, 160
469.80, 160
469.83, 160
469.86, 160
469.90, 160
469.93, 160
469.97, 160
469.99, 160
470.03, 160
470.06, 160
471.24, 160
478.33, 160
478.36, 160
478.39, 160
478.41, 160
478.45, 160
478.48, 160
478.51, 160
478.55, 160
478.58, 160
482.26, 160
482.29, 160
482.32, 160
484.97, 160
485.01, 160
485.04, 160
485.07, 160
485.11, 160
485.14, 160
485.17, 160
485.19, 160
485.22, 160
485.25, 160
485.28, 160
485.95, 160
485.98, 160
486.01, 160
486.04, 160
486.06, 160
486.10, 160
486.13, 160
487.95, 160
487.97, 160
488.00, 160
488.03, 160
488.06, 160
488.19, 160
488.22, 160
488.25, 160
488.36, 160
488.39, 160
488.42, 160
488.47, 160
488.50, 160
488.53, 160
488.97, 160
489.00, 160
489.03, 160
489.07, 160
489.10, 160
489.13, 160
489.17, 160
489.80, 160
489.83, 160
489.86, 160
489.89, 160
489.92, 160
489.96, 160
490.00, 160
490.03, 160
490.06, 160
490.10, 160
490.13, 160
490.16, 160
490.20, 160
490.22, 160
490.26, 160
490.28, 160
490.31, 160
490.34, 160
490.49, 160
490.52, 160
490.56, 160
490.58, 160
490.62, 160
490.64, 160
490.68, 160
490.71, 160
490.74, 160
490.77, 160
490.79, 160
490.82, 160
490.84, 160
490.87, 160
490.91, 160
491.24, 160
491.27, 160
491.30, 160
491.33, 160
491.36, 160
491.39, 160
491.41, 160
491.44, 160
491.47, 160
491.51, 160
491.54, 160
491.58, 160
491.62, 160
491.65, 160
491.68, 160
491.71, 160
494.40, 160
494.43, 160
494.46, 160
494.49, 160
494.52, 160
494.54, 160
494.92, 160
494.95, 160
500.94, 160
500.97, 160
504.96, 160
504.99, 160
505.02, 160
524.29, 160
524.32, 160
526.07, 160
526.10, 160
526.13, 160
526.17, 160
526.20, 160
526.24, 160
526.27, 160
526.31, 160
526.34, 160
526.37, 160
526.40, 160
526.43, 160
526.47, 160
526.50, 160
526.53, 160
526.57, 160
526.60, 160
526.63, 160
527.74, 160
527.77, 160
527.79, 160
527.82, 160
527.85, 160
527.88, 160
527.91, 160
527.93, 160
527.96, 160
528.00, 160
528.03, 160
528.06, 160
528.09, 160
528.12, 160
528.16, 160
528.19, 160
528.22, 160
528.61, 160
528.64, 160
528.67, 160
528.70, 160
529.08, 160
529.48, 160
529.51, 160
529.55, 160
529.58, 160
529.60, 160
529.63, 160
529.66, 160
529.69, 160
529.72, 160
529.75, 160
529.79, 160
529.82, 160
529.85, 160
529.88, 160
536.15, 160
536.19, 160
536.22, 160
536.26, 160
536.31, 160
536.35, 160
536.38, 160
536.41, 160
536.44, 160
536.56, 160
536.59, 160
537.03, 160
537.06, 160
537.10, 160
537.14, 160
537.17, 160
537.20, 160
537.23, 160
537.26, 160
537.29, 160
537.32, 160
537.36, 160
537.39, 160
537.42, 160
537.45, 160
537.48, 160
537.51, 160
538.47, 160
538.51, 160
538.54, 160
538.57, 160
538.61, 160
538.65, 160
538.67, 160
538.70, 160
538.73, 160
538.76, 160
538.79, 160
538.82, 160
538.86, 160
538.89, 160
538.92, 160
538.95, 160
541.67, 160
541.91, 160
541.95, 160
541.98, 160
542.01, 160
542.04, 160
542.08, 160
542.12, 160
545.21, 160
545.24, 160
545.27, 160
545.29, 160
545.33, 160
545.36, 160
545.39, 160
545.43, 160
545.46, 160
545.49, 160
545.87, 160
545.90, 160
545.93, 160
547.08, 160
547.12, 160
547.15, 160
547.18, 160
547.21, 160
547.24, 160
547.28, 160
547.31, 160
547.34, 160
549.22, 160
549.25, 160
549.44, 160
549.59, 160
549.62, 160
549.65, 160
549.68, 160
549.71, 160
549.75, 160
549.78, 160
549.81, 160
549.84, 160
549.92, 160
549.96, 160
549.98, 160
550.02, 160
550.05, 160
550.09, 160
550.12, 160
550.15, 160
550.19, 160
550.22, 160
550.25, 160
550.28, 160
550.31, 160
550.33, 160
550.37, 160
550.40, 160
550.43, 160
551.10, 160
551.13, 160
551.15, 160
551.18, 160
551.21, 160
551.25, 160
551.27, 160
551.42, 160
551.46, 160
552.04, 160
552.17, 160
552.21, 160
552.24, 160
552.40, 160
552.43, 160
552.46, 160
552.49, 160
552.51, 160
552.55, 160
552.58, 160
554.33, 160
554.35, 160
554.38, 160
554.41, 160
554.44, 160
576.72, 160
576.75, 160
576.78, 160
576.80, 160
576.83, 160
576.86, 160
576.88, 160
576.92, 160
583.92, 160
583.95, 160
583.98, 160
584.01, 160
584.04, 160
584.07, 160
585.11, 160
585.14, 160
585.17, 160
593.77, 160
593.81, 160
593.84, 160
593.87, 160
593.91, 160
593.93, 160
593.97, 160
594.00, 160
594.04, 160
594.07, 160
594.11, 160
594.14, 160
597.27, 160
597.30, 160
597.33, 160
597.35, 160
597.38, 160
597.41, 160
597.45, 160
597.48, 160
597.51, 160
597.53, 160
