0.23, 165
0.26, 164
0.28, 164
0.31, 164
0.34, 164
0.37, 164
0.40, 164
0.42, 164
0.47, 164
0.50, 163
0.53, 162
1.00, 162
1.04, 162
1.09, 162
1.12, 162
1.15, 162
1.18, 162
1.21, 162
1.24, 162
1.26, 162
1.29, 162
1.31, 162
1.34, 162
1.38, 162
1.40, 162
1.43, 162
1.46, 162
1.49, 161
1.52, 161
1.55, 161
1.57, 161
2.60, 161
2.63, 161
2.65, 161
2.68, 161
3.21, 161
3.24, 161
3.97, 161
4.00, 161
4.03, 161
4.15, 161
4.19, 161
4.22, 161
4.24, 161
4.27, 161
4.30, 161
4.33, 161
4.36, 161
4.39, 161
4.42, 161
4.45, 161
4.47, 161
4.50, 161
4.53, 161
4.56, 161
4.58, 161
4.62, 161
4.64, 161
5.03, 161
5.06, 161
6.27, 160
6.30, 160
6.34, 160
6.37, 160
6.62, 160
6.64, 160
6.67, 160
6.69, 160
6.73, 160
6.76, 160
10.55, 160
10.58, 160
10.61, 160
10.64, 160
10.67, 160
10.70, 160
10.72, 160
10.75, 160
10.78, 160
10.81, 160
10.83, 160
10.86, 160
10.88, 160
12.74, 160
12.76, 160
12.84, 160
12.87, 160
12.90, 160
12.92, 160
14.95, 160
14.97, 160
15.01, 160
15.04, 160
15.06, 160
15.09, 160
15.11, 160
15.14, 160
15.17, 160
15.20, 160
15.23, 160
15.26, 160
15.32, 160
15.34, 160
15.65, 160
15.68, 160
15.70, 160
15.73, 160
15.82, 160
15.86, 160
15.89, 160
19.43, 160
19.46, 160
19.49, 160
20.69, 160
20.71, 160
20.74, 160
20.76, 160
20.79, 160
20.81, 160
20.84, 160
20.87, 160
20.90, 160
20.92, 160
20.95, 160
20.98, 160
21.01, 160
21.03, 160
21.06, 160
23.33, 160
23.36, 160
23.39, 160
23.42, 160
23.46, 160
23.48, 160
23.51, 160
23.54, 160
23.57, 160
23.60, 160
23.63, 160
23.65, 160
23.68, 160
23.71, 160
23.75, 160
23.77, 160
23.79, 160
23.82, 160
23.85, 160
23.88, 160
23.90, 160
23.92, 160
23.95, 160
23.98, 160
24.01, 160
24.23, 160
30.08, 160
30.11, 160
30.14, 160
30.17, 160
30.20, 160
30.23, 160
30.26, 160
30.29, 160
30.32, 160
30.35, 160
30.38, 160
30.42, 160
30.45, 160
49.73, 160
49.75, 160
49.78, 160
49.81, 160
61.72, 160
61.75, 160
61.78, 160
61.91, 160
61.93, 160
61.96, 160
61.99, 160
62.02, 160
62.05, 160
62.07, 160
62.10, 160
62.13, 160
62.15, 160
62.18, 160
62.21, 160
62.24, 160
62.26, 160
62.29, 160
62.32, 160
62.34, 160
62.37, 160
62.39, 160
62.42, 160
62.45, 160
63.32, 160
63.34, 160
63.37, 160
63.39, 160
63.42, 160
63.45, 160
63.48, 160
63.51, 160
63.53, 160
63.56, 160
63.59, 160
63.62, 160
63.65, 160
63.68, 160
63.71, 160
67.09, 160
67.12, 160
67.14, 160
67.17, 160
67.20, 160
67.23, 160
67.26, 160
67.28, 160
67.31, 160
67.34, 160
68.55, 160
68.58, 160
68.61, 160
68.64, 160
68.67, 160
68.70, 160
68.73, 160
68.75, 160
68.78, 160
68.81, 160
68.84, 160
68.86, 160
68.89, 160
68.92, 160
68.94, 160
69.40, 160
69.43, 160
69.45, 160
69.48, 160
69.50, 160
69.53, 160
69.55, 160
69.58, 160
69.61, 160
69.63, 160
69.78, 160
69.81, 160
69.83, 160
69.86, 160
79.33, 160
79.36, 160
79.38, 160
79.40, 160
79.42, 160
79.45, 160
79.48, 160
79.55, 160
79.57, 160
79.60, 160
79.62, 160
80.44, 160
80.46, 160
80.49, 160
80.52, 160
80.74, 160
80.81, 160
80.84, 160
80.87, 160
80.90, 160
80.92, 160
80.96, 160
80.99, 160
81.01, 160
81.03, 160
82.65, 160
82.68, 160
82.71, 160
82.73, 160
82.76, 160
82.80, 160
82.82, 160
82.85, 160
82.88, 160
82.90, 160
82.93, 160
82.96, 160
82.98, 160
83.04, 160
83.06, 160
89.47, 160
89.49, 160
89.52, 160
89.55, 160
89.57, 160
89.60, 160
90.65, 160
90.68, 160
90.82, 160
90.85, 160
90.88, 160
90.91, 160
90.94, 160
90.97, 160
91.00, 160
91.03, 160
91.05, 160
91.08, 160
91.10, 160
91.13, 160
91.16, 160
91.19, 160
91.21, 160
91.24, 160
91.27, 160
91.30, 160
91.32, 160
91.35, 160
91.38, 160
91.40, 160
91.42, 160
91.45, 160
91.48, 160
91.51, 160
91.54, 160
91.56, 160
104.46, 160
104.50, 160
104.52, 160
104.55, 160
104.58, 160
104.78, 160
104.81, 160
104.83, 160
104.86, 160
104.88, 160
104.91, 160
104.94, 160
104.97, 160
104.99, 160
105.02, 160
105.05, 160
105.08, 160
105.11, 160
105.14, 160
105.17, 160
105.19, 160
105.21, 160
105.23, 160
105.26, 160
105.29, 160
105.32, 160
105.35, 160
105.38, 160
105.40, 160
105.43, 160
105.46, 160
105.49, 160
105.51, 160
105.54, 160
107.79, 160
107.82, 160
110.15, 160
110.18, 160
110.21, 160
110.24, 160
110.26, 160
110.29, 160
110.32, 160
110.35, 160
110.37, 160
110.41, 160
110.44, 160
110.46, 160
110.49, 160
110.51, 160
110.54, 160
110.56, 160
110.60, 160
110.62, 160
110.65, 160
110.68, 160
110.71, 160
110.74, 160
110.77, 160
110.80, 160
110.83, 160
110.86, 160
110.89, 160
113.01, 160
114.50, 160
114.52, 160
114.55, 160
114.58, 160
114.60, 160
114.62, 160
114.65, 160
114.81, 160
114.84, 160
114.87, 160
114.90, 160
114.93, 160
114.95, 160
114.98, 160
115.24, 160
115.27, 160
115.30, 160
115.33, 160
115.37, 160
115.39, 160
115.42, 160
115.44, 160
115.47, 160
115.50, 160
115.52, 160
115.55, 160
115.58, 160
115.60, 160
115.63, 160
115.66, 160
115.69, 160
115.71, 160
115.74, 160
115.77, 160
115.80, 160
115.83, 160
115.85, 160
115.87, 160
116.49, 160
116.52, 160
116.55, 160
116.58, 160
116.62, 160
116.64, 160
116.67, 160
116.70, 160
116.72, 160
116.75, 160
116.78, 160
116.81, 160
116.84, 160
119.33, 160
133.36, 160
133.39, 160
133.92, 160
133.96, 160
134.12, 160
134.15, 160
134.18, 160
134.21, 160
134.24, 160
134.27, 160
134.30, 160
134.32, 160
134.35, 160
134.37, 160
134.40, 160
134.43, 160
135.82, 160
135.84, 160
135.87, 160
135.90, 160
135.93, 160
135.96, 160
135.98, 160
136.01, 160
136.04, 160
136.06, 160
136.08, 160
151.92, 160
151.95, 160
152.27, 160
152.30, 160
152.33, 160
152.35, 160
152.38, 160
152.41, 160
152.51, 160
152.54, 160
152.57, 160
152.60, 160
152.63, 160
152.65, 160
152.68, 160
152.71, 160
152.73, 160
152.76, 160
154.19, 160
154.22, 160
154.25, 160
154.28, 160
154.39, 160
154.42, 160
154.45, 160
154.48, 160
154.52, 160
154.55, 160
154.58, 160
154.61, 160
154.63, 160
154.66, 160
154.69, 160
154.71, 160
154.74, 160
154.77, 160
154.80, 160
154.82, 160
154.85, 160
154.88, 160
154.91, 160
154.94, 160
154.97, 160
155.00, 160
155.03, 160
155.06, 160
155.09, 160
155.12, 160
155.16, 160
155.19, 160
155.21, 160
155.71, 160
155.74, 160
155.77, 160
155.80, 160
155.82, 160
155.84, 160
155.86, 160
155.92, 160
155.95, 160
155.97, 160
156.00, 160
156.03, 160
156.06, 160
157.67, 160
157.70, 160
157.73, 160
157.76, 160
157.80, 160
157.84, 160
157.87, 160
157.89, 160
157.92, 160
157.96, 160
157.98, 160
158.01, 160
158.14, 160
158.17, 160
158.20, 160
158.23, 160
158.25, 160
158.29, 160
158.32, 160
158.36, 160
158.71, 160
159.57, 160
159.59, 160
159.62, 160
159.65, 160
159.68, 160
159.70, 160
159.73, 160
159.76, 160
159.79, 160
159.81, 160
159.84, 160
159.86, 160
159.92, 160
159.94, 160
159.97, 160
160.08, 160
160.10, 160
160.16, 160
160.18, 160
160.21, 160
160.24, 160
160.26, 160
160.29, 160
160.32, 160
160.35, 160
160.38, 160
160.41, 160
160.44, 160
160.46, 160
160.49, 160
160.51, 160
167.87, 160
167.90, 160
168.08, 160
168.10, 160
168.74, 160
168.77, 160
168.81, 160
168.83, 160
168.86, 160
168.89, 160
168.92, 160
168.94, 160
168.96, 160
168.98, 160
169.01, 160
169.04, 160
169.07, 160
169.09, 160
169.13, 160
169.16, 160
169.19, 160
169.21, 160
169.24, 160
169.27, 160
169.29, 160
169.32, 160
169.35, 160
169.37, 160
173.73, 160
173.76, 160
173.79, 160
173.82, 160
173.84, 160
173.87, 160
173.90, 160
174.00, 160
174.03, 160
174.05, 160
174.08, 160
174.11, 160
174.14, 160
174.17, 160
174.20, 160
174.23, 160
174.26, 160
174.29, 160
174.32, 160
174.34, 160
174.37, 160
174.40, 160
174.43, 160
174.45, 160
181.51, 160
181.54, 160
181.56, 160
181.68, 160
181.70, 160
181.73, 160
181.75, 160
181.78, 160
181.81, 160
181.84, 160
181.87, 160
181.89, 160
181.92, 160
181.96, 160
181.99, 160
184.84, 160
184.87, 160
184.89, 160
184.92, 160
184.94, 160
184.97, 160
185.00, 160
185.02, 160
185.05, 160
185.08, 160
185.11, 160
185.32, 160
185.35, 160
185.37, 160
185.40, 160
185.42, 160
185.45, 160
185.47, 160
185.49, 160
185.52, 160
185.55, 160
185.58, 160
185.60, 160
188.72, 160
188.75, 160
188.78, 160
201.45, 160
201.48, 160
201.51, 160
201.54, 160
201.56, 160
201.59, 160
201.62, 160
201.66, 160
201.69, 160
201.71, 160
201.74, 160
201.77, 160
202.13, 160
202.16, 160
202.19, 160
202.24, 160
202.26, 160
202.32, 160
202.35, 160
202.37, 160
202.40, 160
202.43, 160
202.45, 160
202.48, 160
202.50, 160
203.22, 160
203.25, 160
203.28, 160
203.31, 160
203.33, 160
203.37, 160
203.40, 160
203.42, 160
203.45, 160
203.77, 160
203.80, 160
203.83, 160
203.85, 160
203.88, 160
203.91, 160
203.93, 160
204.30, 160
204.33, 160
204.35, 160
204.38, 160
205.47, 160
205.50, 160
206.78, 160
206.81, 160
206.84, 160
206.87, 160
206.90, 160
206.94, 160
206.97, 160
207.00, 160
207.02, 160
209.02, 160
209.04, 160
209.07, 160
209.10, 160
209.13, 160
209.16, 160
209.19, 160
209.22, 160
209.24, 160
209.27, 160
209.30, 160
209.32, 160
209.41, 160
209.76, 160
209.79, 160
209.81, 160
211.67, 160
211.70, 160
211.73, 160
211.76, 160
211.87, 160
211.90, 160
211.93, 160
211.95, 160
211.98, 160
212.01, 160
212.04, 160
212.06, 160
212.09, 160
212.12, 160
212.15, 160
212.18, 160
212.20, 160
212.24, 160
217.65, 160
217.68, 160
217.71, 160
217.74, 160
217.76, 160
217.78, 160
217.81, 160
217.84, 160
217.86, 160
217.89, 160
217.92, 160
217.95, 160
217.97, 160
219.57, 160
219.71, 160
219.74, 160
219.77, 160
219.80, 160
219.83, 160
222.40, 160
222.44, 160
222.46, 160
222.49, 160
223.39, 160
223.41, 160
223.44, 160
223.47, 160
223.50, 160
223.53, 160
223.56, 160
223.59, 160
223.61, 160
223.64, 160
223.67, 160
223.69, 160
223.72, 160
223.75, 160
223.79, 160
223.82, 160
223.88, 160
230.26, 160
230.29, 160
230.31, 160
230.34, 160
230.37, 160
230.40, 160
230.43, 160
230.45, 160
230.48, 160
232.69, 160
232.71, 160
232.74, 160
232.77, 160
232.81, 160
232.83, 160
232.86, 160
232.88, 160
232.91, 160
232.94, 160
232.97, 160
233.00, 160
233.02, 160
233.04, 160
233.34, 160
233.37, 160
233.40, 160
233.42, 160
233.45, 160
233.48, 160
233.51, 160
233.54, 160
233.57, 160
233.59, 160
233.62, 160
234.40, 160
234.43, 160
234.46, 160
234.48, 160
234.51, 160
234.54, 160
234.57, 160
234.60, 160
234.62, 160
234.65, 160
234.68, 160
234.79, 160
234.89, 160
234.93, 160
234.95, 160
234.98, 160
235.01, 160
235.03, 160
235.11, 160
235.14, 160
235.16, 160
235.19, 160
235.21, 160
237.35, 160
237.38, 160
237.40, 160
237.43, 160
237.46, 160
237.49, 160
237.52, 160
237.54, 160
237.57, 160
237.59, 160
237.62, 160
237.65, 160
237.68, 160
237.70, 160
237.74, 160
237.76, 160
237.80, 160
237.84, 160
237.87, 160
237.89, 160
237.93, 160
237.96, 160
237.99, 160
238.01, 160
238.04, 160
238.07, 160
238.19, 160
238.22, 160
238.30, 160
238.33, 160
238.36, 160
238.74, 160
238.78, 160
238.80, 160
238.83, 160
238.86, 160
238.89, 160
238.92, 160
241.56, 160
242.19, 160
242.56, 160
242.58, 160
242.61, 160
244.02, 160
244.05, 160
244.08, 160
244.11, 160
244.14, 160
244.63, 160
244.66, 160
244.69, 160
244.72, 160
244.75, 160
244.77, 160
247.08, 160
247.10, 160
247.13, 160
247.18, 160
247.21, 160
247.23, 160
247.26, 160
247.29, 160
247.34, 160
247.39, 160
247.44, 160
247.50, 160
247.53, 160
247.56, 160
247.59, 160
247.62, 160
247.64, 160
247.67, 160
247.70, 160
247.73, 160
247.76, 160
247.77, 160
247.80, 160
256.21, 160
256.24, 160
256.27, 160
256.30, 160
256.32, 160
257.83, 160
258.33, 160
258.35, 160
258.37, 160
258.40, 160
258.42, 160
258.45, 160
258.48, 160
258.50, 160
258.53, 160
258.56, 160
258.59, 160
258.62, 160
258.64, 160
258.67, 160
258.70, 160
258.73, 160
258.76, 160
259.39, 160
265.94, 160
266.53, 160
266.56, 160
266.59, 160
266.62, 160
276.88, 160
276.91, 160
276.93, 160
276.96, 160
276.99, 160
277.02, 160
277.05, 160
277.07, 160
277.10, 160
277.12, 160
277.15, 160
277.18, 160
277.21, 160
277.24, 160
277.27, 160
277.31, 160
277.35, 160
277.38, 160
277.41, 160
277.44, 160
277.47, 160
277.49, 160
277.51, 160
277.54, 160
277.56, 160
277.59, 160
278.14, 160
278.57, 160
278.60, 160
278.63, 160
278.66, 160
278.69, 160
278.72, 160
278.75, 160
278.78, 160
278.81, 160
278.83, 160
278.86, 160
278.89, 160
278.91, 160
278.94, 160
278.97, 160
279.00, 160
279.03, 160
279.06, 160
279.09, 160
279.11, 160
279.14, 160
282.33, 160
282.35, 160
282.38, 160
287.49, 160
287.74, 160
287.77, 160
287.80, 160
287.82, 160
287.85, 160
287.88, 160
287.93, 160
287.96, 160
287.98, 160
288.01, 160
288.05, 160
288.69, 160
288.72, 160
288.75, 160
288.78, 160
290.36, 160
290.38, 160
290.40, 160
290.43, 160
290.47, 160
290.50, 160
290.52, 160
290.55, 160
290.57, 160
290.60, 160
290.63, 160
290.66, 160
290.69, 160
290.71, 160
290.74, 160
290.77, 160
290.80, 160
290.82, 160
290.85, 160
290.88, 160
290.91, 160
290.94, 160
290.97, 160
290.99, 160
291.02, 160
291.22, 160
291.24, 160
291.27, 160
291.36, 160
291.39, 160
291.42, 160
291.44, 160
291.50, 160
291.58, 160
291.61, 160
291.63, 160
291.66, 160
291.69, 160
291.72, 160
292.28, 160
292.31, 160
292.34, 160
292.37, 160
292.64, 160
292.67, 160
292.71, 160
292.73, 160
292.76, 160
293.23, 160
293.25, 160
293.28, 160
293.31, 160
293.34, 160
293.37, 160
293.39, 160
293.42, 160
293.45, 160
293.48, 160
293.51, 160
293.54, 160
293.56, 160
293.58, 160
293.61, 160
293.64, 160
293.67, 160
293.70, 160
293.73, 160
293.76, 160
293.79, 160
293.82, 160
293.85, 160
293.88, 160
293.90, 160
293.93, 160
293.95, 160
293.98, 160
294.01, 160
301.06, 160
301.09, 160
301.12, 160
301.14, 160
301.17, 160
302.46, 160
302.49, 160
302.51, 160
302.55, 160
302.99, 160
303.26, 160
303.63, 160
303.65, 160
303.68, 160
303.70, 160
303.73, 160
306.46, 160
306.70, 160
306.73, 160
315.65, 160
315.67, 160
315.70, 160
315.73, 160
315.75, 160
315.78, 160
315.81, 160
315.84, 160
315.87, 160
315.91, 160
315.93, 160
315.96, 160
315.98, 160
316.01, 160
316.12, 160
316.15, 160
316.19, 160
316.21, 160
316.24, 160
316.27, 160
316.30, 160
316.92, 160
316.95, 160
316.98, 160
317.00, 160
317.03, 160
317.05, 160
317.08, 160
317.11, 160
317.14, 160
317.17, 160
317.20, 160
317.23, 160
317.25, 160
317.28, 160
320.07, 160
320.10, 160
320.12, 160
320.15, 160
320.18, 160
320.21, 160
320.24, 160
320.27, 160
320.30, 160
320.32, 160
320.35, 160
320.38, 160
320.41, 160
320.65, 160
321.50, 160
321.53, 160
321.62, 160
321.65, 160
322.44, 160
322.47, 160
322.49, 160
322.52, 160
322.54, 160
322.57, 160
322.60, 160
322.63, 160
322.74, 160
322.77, 160
322.80, 160
322.83, 160
322.86, 160
322.88, 160
322.91, 160
322.94, 160
322.96, 160
322.99, 160
323.25, 160
325.35, 160
325.38, 160
325.41, 160
325.43, 160
331.24, 160
331.27, 160
331.29, 160
331.43, 160
331.46, 160
331.48, 160
331.50, 160
331.53, 160
331.56, 160
349.84, 160
349.87, 160
349.89, 160
349.92, 160
349.95, 160
349.98, 160
358.64, 160
359.91, 160
359.93, 160
359.96, 160
381.35, 160
381.38, 160
381.40, 160
381.43, 160
381.45, 160
381.48, 160
381.51, 160
381.66, 160
381.68, 160
381.71, 160
381.74, 160
381.77, 160
381.80, 160
381.82, 160
381.86, 160
381.89, 160
382.25, 160
382.28, 160
382.31, 160
383.70, 160
383.73, 160
383.75, 160
384.18, 160
386.80, 160
386.83, 160
386.86, 160
386.88, 160
386.91, 160
386.96, 160
386.98, 160
387.01, 160
387.04, 160
387.07, 160
387.10, 160
387.13, 160
387.16, 160
387.19, 160
387.22, 160
387.25, 160
387.28, 160
387.31, 160
387.33, 160
387.36, 160
387.39, 160
387.41, 160
387.44, 160
387.47, 160
387.49, 160
387.53, 160
387.55, 160
387.58, 160
387.61, 160
387.63, 160
387.67, 160
387.69, 160
387.72, 160
387.75, 160
387.77, 160
387.80, 160
387.83, 160
387.86, 160
388.22, 160
388.25, 160
388.27, 160
388.31, 160
388.33, 160
388.36, 160
388.38, 160
388.41, 160
388.44, 160
388.47, 160
388.50, 160
388.53, 160
388.55, 160
388.58, 160
388.62, 160
388.64, 160
388.68, 160
388.71, 160
388.74, 160
388.77, 160
388.80, 160
388.83, 160
390.05, 160
390.08, 160
390.11, 160
390.13, 160
390.16, 160
390.18, 160
390.21, 160
390.24, 160
390.27, 160
390.30, 160
390.48, 160
390.51, 160
390.53, 160
390.56, 160
390.59, 160
391.85, 160
391.88, 160
391.90, 160
391.95, 160
391.99, 160
392.03, 160
392.06, 160
392.77, 160
392.80, 160
392.83, 160
392.86, 160
392.89, 160
392.91, 160
392.95, 160
392.98, 160
393.01, 160
393.05, 160
393.08, 160
393.11, 160
393.14, 160
393.17, 160
393.21, 160
393.24, 160
393.27, 160
393.30, 160
393.33, 160
393.36, 160
393.39, 160
407.33, 160
407.36, 160
407.40, 160
407.68, 160
417.29, 160
417.32, 160
417.35, 160
417.37, 160
417.40, 160
417.42, 160
417.50, 160
417.53, 160
417.55, 160
417.58, 160
419.68, 160
419.71, 160
419.74, 160
419.77, 160
419.80, 160
419.83, 160
419.86, 160
419.89, 160
419.92, 160
419.95, 160
419.97, 160
420.20, 160
420.22, 160
420.28, 160
420.31, 160
420.34, 160
420.37, 160
420.40, 160
420.42, 160
420.45, 160
420.48, 160
420.52, 160
420.58, 160
420.61, 160
420.64, 160
420.67, 160
420.69, 160
420.72, 160
420.74, 160
420.78, 160
420.80, 160
422.91, 160
422.94, 160
422.97, 160
423.00, 160
423.02, 160
423.46, 160
423.49, 160
423.52, 160
423.55, 160
423.58, 160
423.61, 160
423.64, 160
423.67, 160
423.70, 160
423.73, 160
423.75, 160
423.78, 160
423.81, 160
423.84, 160
423.87, 160
423.89, 160
423.92, 160
423.95, 160
423.97, 160
424.00, 160
424.84, 160
424.87, 160
424.89, 160
424.92, 160
425.34, 160
425.37, 160
425.39, 160
425.42, 160
425.45, 160
425.48, 160
425.51, 160
425.54, 160
425.57, 160
425.61, 160
425.64, 160
425.66, 160
425.69, 160
426.97, 160
433.82, 160
433.84, 160
433.87, 160
433.90, 160
433.93, 160
433.96, 160
433.99, 160
434.03, 160
434.06, 160
437.64, 160
437.68, 160
437.71, 160
440.24, 160
440.27, 160
440.31, 160
440.35, 160
440.38, 160
440.41, 160
440.44, 160
440.46, 160
440.49, 160
440.52, 160
440.55, 160
441.16, 160
441.20, 160
441.23, 160
441.26, 160
441.28, 160
441.32, 160
441.35, 160
443.00, 160
443.02, 160
443.04, 160
443.07, 160
443.11, 160
443.22, 160
443.25, 160
443.28, 160
443.38, 160
443.41, 160
443.43, 160
443.46, 160
443.49, 160
443.52, 160
443.95, 160
443.97, 160
444.00, 160
444.03, 160
444.06, 160
444.10, 160
444.12, 160
444.71, 160
444.74, 160
444.77, 160
444.80, 160
444.83, 160
444.86, 160
444.90, 160
444.93, 160
444.96, 160
444.99, 160
445.03, 160
445.05, 160
445.08, 160
445.10, 160
445.14, 160
445.16, 160
445.19, 160
445.22, 160
445.36, 160
445.39, 160
445.42, 160
445.45, 160
445.47, 160
445.50, 160
445.53, 160
445.56, 160
445.59, 160
445.62, 160
445.65, 160
445.67, 160
445.69, 160
445.72, 160
445.74, 160
446.04, 160
446.06, 160
446.09, 160
446.11, 160
446.14, 160
446.18, 160
446.20, 160
446.23, 160
446.27, 160
446.30, 160
446.34, 160
446.37, 160
446.40, 160
446.43, 160
446.46, 160
446.48, 160
448.88, 160
448.90, 160
448.93, 160
448.95, 160
448.98, 160
449.01, 160
449.37, 160
449.39, 160
454.80, 160
454.83, 160
458.50, 160
458.53, 160
458.56, 160
476.29, 160
476.32, 160
477.91, 160
477.93, 160
477.96, 160
477.99, 160
478.02, 160
478.05, 160
478.08, 160
478.11, 160
478.14, 160
478.16, 160
478.19, 160
478.22, 160
478.25, 160
478.28, 160
478.31, 160
478.35, 160
478.38, 160
478.42, 160
479.42, 160
479.45, 160
479.47, 160
479.50, 160
479.52, 160
479.55, 160
479.57, 160
479.60, 160
479.62, 160
479.66, 160
479.69, 160
479.72, 160
479.76, 160
479.78, 160
479.83, 160
479.86, 160
479.88, 160
480.25, 160
480.27, 160
480.30, 160
480.33, 160
480.70, 160
481.07, 160
481.10, 160
481.13, 160
481.16, 160
481.18, 160
481.21, 160
481.24, 160
481.27, 160
481.30, 160
481.33, 160
481.35, 160
481.38, 160
481.40, 160
481.43, 160
487.13, 160
487.16, 160
487.19, 160
487.22, 160
487.27, 160
487.30, 160
487.33, 160
487.36, 160
487.38, 160
487.49, 160
487.52, 160
488.06, 160
488.11, 160
488.16, 160
488.20, 160
488.25, 160
488.29, 160
488.32, 160
488.36, 160
488.39, 160
488.43, 160
488.47, 160
488.51, 160
488.55, 160
488.58, 160
488.61, 160
488.66, 160
489.80, 160
489.83, 160
489.86, 160
489.89, 160
489.93, 160
489.95, 160
489.98, 160
490.01, 160
490.04, 160
490.06, 160
490.10, 160
490.12, 160
490.15, 160
490.18, 160
490.21, 160
490.24, 160
493.25, 160
493.54, 160
493.58, 160
493.62, 160
493.66, 160
493.68, 160
493.73, 160
493.77, 160
496.79, 160
496.82, 160
496.84, 160
496.86, 160
496.89, 160
496.92, 160
496.95, 160
496.98, 160
497.02, 160
497.05, 160
497.41, 160
497.44, 160
497.47, 160
498.54, 160
498.57, 160
498.60, 160
498.64, 160
498.66, 160
498.69, 160
498.73, 160
498.76, 160
498.79, 160
500.60, 160
500.63, 160
500.82, 160
500.96, 160
500.98, 160
501.01, 160
501.04, 160
501.07, 160
501.10, 160
501.13, 160
501.15, 160
501.18, 160
501.27, 160
501.29, 160
501.32, 160
501.35, 160
501.38, 160
501.42, 160
501.45, 160
501.49, 160
501.52, 160
501.55, 160
501.58, 160
501.60, 160
501.63, 160
501.66, 160
501.69, 160
501.73, 160
501.76, 160
502.40, 160
502.43, 160
502.46, 160
502.48, 160
502.51, 160
502.55, 160
502.58, 160
502.74, 160
502.77, 160
503.33, 160
503.45, 160
503.48, 160
503.51, 160
503.66, 160
503.69, 160
503.72, 160
503.74, 160
503.77, 160
503.81, 160
503.84, 160
505.44, 160
505.47, 160
505.49, 160
505.52, 160
505.54, 160
527.18, 160
527.21, 160
527.24, 160
527.26, 160
527.29, 160
527.32, 160
527.34, 160
527.38, 160
534.49, 160
534.52, 160
534.56, 160
534.59, 160
534.63, 160
534.66, 160
535.76, 160
535.79, 160
535.82, 160
