0.26, 165
0.29, 164
0.31, 164
0.34, 164
0.37, 164
0.40, 164
0.43, 164
0.47, 164
0.52, 164
0.55, 163
0.59, 162
1.09, 162
1.12, 162
1.18, 162
1.22, 162
1.25, 162
1.28, 162
1.31, 162
1.34, 162
1.37, 162
1.40, 162
1.43, 162
1.47, 162
1.50, 162
1.53, 162
1.56, 162
1.59, 162
1.62, 161
1.66, 161
1.69, 161
1.71, 161
2.85, 161
2.88, 161
2.91, 161
2.94, 161
3.55, 161
3.58, 161
4.41, 161
4.45, 161
4.48, 161
4.62, 161
4.66, 161
4.69, 161
4.72, 161
4.75, 161
4.78, 161
4.81, 161
4.85, 161
4.88, 161
4.92, 161
4.95, 161
4.98, 161
5.01, 161
5.04, 161
5.07, 161
5.10, 161
5.14, 161
5.17, 161
5.59, 161
5.61, 161
6.94, 160
6.97, 160
7.00, 160
7.04, 160
7.29, 160
7.32, 160
7.35, 160
7.38, 160
7.41, 160
7.45, 160
11.57, 160
11.61, 160
11.64, 160
11.67, 160
11.71, 160
11.73, 160
11.76, 160
11.79, 160
11.82, 160
11.86, 160
11.88, 160
11.91, 160
11.94, 160
13.94, 160
13.97, 160
14.07, 160
14.10, 160
14.13, 160
14.16, 160
16.45, 160
16.48, 160
16.52, 160
16.55, 160
16.58, 160
16.61, 160
16.64, 160
16.68, 160
16.70, 160
16.73, 160
16.77, 160
16.81, 160
16.87, 160
16.90, 160
17.23, 160
17.27, 160
17.30, 160
17.34, 160
17.45, 160
17.49, 160
17.52, 160
21.51, 160
21.54, 160
21.58, 160
22.93, 160
22.96, 160
22.98, 160
23.02, 160
23.04, 160
23.07, 160
23.11, 160
23.14, 160
23.17, 160
23.20, 160
23.23, 160
23.25, 160
23.28, 160
23.31, 160
23.35, 160
25.93, 160
25.96, 160
26.00, 160
26.03, 160
26.07, 160
26.10, 160
26.12, 160
26.15, 160
26.19, 160
26.21, 160
26.24, 160
26.27, 160
26.30, 160
26.34, 160
26.37, 160
26.39, 160
26.43, 160
26.46, 160
26.49, 160
26.52, 160
26.55, 160
26.57, 160
26.60, 160
26.63, 160
26.66, 160
26.91, 160
33.42, 160
33.46, 160
33.49, 160
33.52, 160
33.55, 160
33.58, 160
33.61, 160
33.65, 160
33.69, 160
33.72, 160
33.75, 160
33.79, 160
33.82, 160
55.25, 160
55.28, 160
55.31, 160
55.35, 160
