0.26, 165
0.28, 164
0.31, 164
0.34, 164
0.36, 164
0.39, 164
0.43, 164
0.46, 164
0.51, 164
0.55, 163
0.58, 162
1.07, 162
1.11, 162
1.17, 162
1.20, 162
1.23, 162
1.27, 162
1.30, 162
1.33, 162
1.36, 162
1.39, 162
1.42, 162
1.45, 162
1.49, 162
1.52, 162
1.55, 162
1.59, 162
1.62, 161
1.65, 161
1.68, 161
1.71, 161
2.83, 161
2.86, 161
2.89, 161
2.92, 161
3.50, 161
3.53, 161
4.32, 161
4.34, 161
4.38, 161
4.52, 161
4.55, 161
4.58, 161
4.61, 161
4.65, 161
4.68, 161
4.70, 161
4.74, 161
4.77, 161
4.80, 161
4.84, 161
4.86, 161
4.89, 161
4.92, 161
4.95, 161
4.98, 161
5.01, 161
5.04, 161
5.46, 161
5.49, 161
6.82, 160
6.84, 160
6.88, 160
6.92, 160
7.19, 160
7.22, 160
7.25, 160
7.28, 160
7.31, 160
7.35, 160
11.57, 160
11.61, 160
11.64, 160
11.68, 160
11.71, 160
11.74, 160
11.77, 160
11.80, 160
11.83, 160
11.87, 160
11.90, 160
11.93, 160
11.96, 160
14.05, 160
14.08, 160
14.18, 160
14.22, 160
14.25, 160
14.28, 160
16.53, 160
16.56, 160
16.60, 160
16.63, 160
16.66, 160
16.69, 160
16.72, 160
16.76, 160
16.78, 160
16.81, 160
16.86, 160
16.89, 160
16.95, 160
16.98, 160
17.32, 160
17.35, 160
17.37, 160
17.41, 160
17.52, 160
17.55, 160
17.59, 160
21.53, 160
21.57, 160
21.60, 160
22.89, 160
22.91, 160
22.93, 160
22.97, 160
23.00, 160
23.02, 160
23.06, 160
23.09, 160
23.12, 160
23.16, 160
23.19, 160
23.22, 160
23.25, 160
23.28, 160
23.31, 160
25.74, 160
25.77, 160
25.81, 160
25.85, 160
25.88, 160
25.91, 160
25.93, 160
25.97, 160
26.00, 160
26.03, 160
26.06, 160
26.08, 160
26.12, 160
26.15, 160
26.18, 160
26.20, 160
26.23, 160
26.26, 160
26.29, 160
26.32, 160
26.35, 160
26.37, 160
26.40, 160
26.43, 160
26.46, 160
26.70, 160
33.11, 160
33.15, 160
33.18, 160
33.21, 160
33.25, 160
33.28, 160
33.32, 160
33.35, 160
33.39, 160
33.42, 160
33.46, 160
33.49, 160
33.52, 160
55.01, 160
55.04, 160
55.07, 160
55.10, 160
68.63, 160
68.67, 160
68.69, 160
68.83, 160
68.86, 160
68.89, 160
68.93, 160
68.96, 160
69.00, 160
69.03, 160
69.06, 160
69.09, 160
69.12, 160
69.15, 160
69.19, 160
69.21, 160
69.25, 160
69.28, 160
69.31, 160
69.34, 160
69.36, 160
69.41, 160
69.44, 160
69.47, 160
70.44, 160
70.47, 160
70.50, 160
70.52, 160
70.55, 160
70.58, 160
70.61, 160
70.64, 160
70.68, 160
70.71, 160
70.74, 160
70.77, 160
70.80, 160
70.83, 160
70.87, 160
74.59, 160
74.63, 160
74.66, 160
74.68, 160
74.71, 160
74.73, 160
74.77, 160
74.79, 160
74.82, 160
74.85, 160
76.17, 160
76.19, 160
76.23, 160
76.26, 160
76.29, 160
76.33, 160
76.36, 160
76.38, 160
76.41, 160
76.44, 160
76.47, 160
76.50, 160
76.53, 160
76.56, 160
76.59, 160
77.07, 160
77.10, 160
77.13, 160
77.16, 160
77.18, 160
77.22, 160
77.24, 160
77.28, 160
77.31, 160
77.33, 160
77.50, 160
77.53, 160
77.56, 160
77.58, 160
88.13, 160
88.16, 160
88.19, 160
88.21, 160
88.24, 160
88.27, 160
88.30, 160
88.37, 160
88.40, 160
88.42, 160
88.46, 160
89.37, 160
89.40, 160
89.43, 160
89.46, 160
89.70, 160
89.78, 160
89.81, 160
89.85, 160
89.88, 160
89.91, 160
89.95, 160
89.98, 160
90.00, 160
90.03, 160
91.89, 160
91.92, 160
91.95, 160
91.99, 160
92.02, 160
92.06, 160
92.09, 160
92.12, 160
92.15, 160
92.18, 160
92.21, 160
92.25, 160
92.28, 160
92.34, 160
92.36, 160
99.40, 160
99.43, 160
99.47, 160
99.50, 160
99.53, 160
99.56, 160
100.71, 160
100.75, 160
100.89, 160
100.92, 160
100.95, 160
100.99, 160
101.03, 160
101.07, 160
101.11, 160
101.14, 160
101.17, 160
101.19, 160
101.22, 160
101.25, 160
101.29, 160
101.32, 160
101.35, 160
101.38, 160
101.41, 160
101.44, 160
101.47, 160
101.51, 160
101.54, 160
101.57, 160
101.59, 160
101.62, 160
101.66, 160
101.69, 160
101.72, 160
101.75, 160
115.78, 160
115.82, 160
115.84, 160
115.88, 160
115.91, 160
116.14, 160
116.17, 160
116.20, 160
116.23, 160
116.25, 160
116.28, 160
116.31, 160
116.34, 160
116.37, 160
116.40, 160
116.44, 160
116.48, 160
116.51, 160
116.54, 160
116.57, 160
116.60, 160
116.62, 160
116.64, 160
116.67, 160
116.70, 160
116.73, 160
116.77, 160
116.81, 160
116.83, 160
116.87, 160
116.89, 160
116.93, 160
116.96, 160
117.00, 160
119.52, 160
119.55, 160
122.14, 160
122.17, 160
122.21, 160
122.24, 160
122.26, 160
122.29, 160
122.32, 160
122.35, 160
122.38, 160
122.42, 160
122.45, 160
122.48, 160
122.50, 160
122.53, 160
122.55, 160
122.58, 160
122.61, 160
122.64, 160
122.68, 160
122.70, 160
122.73, 160
122.77, 160
122.80, 160
122.83, 160
122.86, 160
122.90, 160
122.93, 160
125.34, 160
126.95, 160
126.98, 160
127.01, 160
127.04, 160
127.06, 160
127.09, 160
127.13, 160
127.29, 160
127.31, 160
127.35, 160
127.38, 160
127.41, 160
127.44, 160
127.47, 160
127.75, 160
127.78, 160
127.81, 160
127.84, 160
127.87, 160
127.90, 160
127.93, 160
127.97, 160
128.01, 160
128.04, 160
128.06, 160
128.09, 160
128.12, 160
128.15, 160
128.18, 160
128.21, 160
128.24, 160
128.27, 160
128.29, 160
128.33, 160
128.36, 160
128.39, 160
128.42, 160
128.44, 160
129.13, 160
129.16, 160
129.20, 160
129.23, 160
129.27, 160
129.30, 160
129.33, 160
129.36, 160
129.39, 160
129.42, 160
129.46, 160
129.49, 160
129.53, 160
132.21, 160
147.96, 160
147.99, 160
148.60, 160
148.64, 160
148.81, 160
148.84, 160
148.88, 160
148.91, 160
148.95, 160
148.97, 160
149.01, 160
149.03, 160
149.06, 160
149.08, 160
149.12, 160
149.15, 160
150.66, 160
150.69, 160
150.72, 160
150.76, 160
150.78, 160
150.81, 160
150.85, 160
150.88, 160
150.91, 160
150.94, 160
150.97, 160
168.67, 160
168.70, 160
169.05, 160
169.08, 160
169.11, 160
169.14, 160
169.17, 160
169.20, 160
169.31, 160
169.35, 160
169.38, 160
169.41, 160
169.44, 160
169.47, 160
169.50, 160
169.53, 160
169.57, 160
169.59, 160
171.24, 160
171.28, 160
171.30, 160
171.33, 160
171.45, 160
171.48, 160
171.52, 160
171.54, 160
171.60, 160
171.62, 160
171.66, 160
171.69, 160
171.72, 160
171.75, 160
171.78, 160
171.80, 160
171.84, 160
171.87, 160
171.90, 160
171.93, 160
171.96, 160
171.99, 160
172.03, 160
172.06, 160
172.09, 160
172.12, 160
172.15, 160
172.19, 160
172.22, 160
172.26, 160
172.29, 160
172.32, 160
172.36, 160
172.92, 160
172.95, 160
172.99, 160
173.02, 160
173.04, 160
173.07, 160
173.09, 160
173.16, 160
173.19, 160
173.22, 160
173.25, 160
173.29, 160
173.32, 160
175.13, 160
175.16, 160
175.20, 160
175.23, 160
175.27, 160
175.31, 160
175.34, 160
175.37, 160
175.40, 160
175.44, 160
175.47, 160
175.51, 160
175.64, 160
175.67, 160
175.71, 160
175.74, 160
175.77, 160
175.80, 160
175.84, 160
175.88, 160
176.28, 160
177.20, 160
177.22, 160
177.25, 160
177.28, 160
177.31, 160
177.34, 160
177.37, 160
177.40, 160
177.43, 160
177.46, 160
177.49, 160
177.51, 160
177.57, 160
177.60, 160
177.62, 160
177.75, 160
177.78, 160
177.84, 160
177.87, 160
177.90, 160
177.92, 160
177.96, 160
177.98, 160
178.02, 160
178.05, 160
178.08, 160
178.11, 160
178.14, 160
178.16, 160
178.20, 160
178.22, 160
186.29, 160
186.32, 160
186.51, 160
186.54, 160
187.24, 160
187.27, 160
187.30, 160
187.33, 160
187.36, 160
187.39, 160
187.42, 160
187.44, 160
187.46, 160
187.49, 160
187.52, 160
187.55, 160
187.59, 160
187.61, 160
187.65, 160
187.70, 160
187.73, 160
187.75, 160
187.78, 160
187.81, 160
187.84, 160
187.87, 160
187.90, 160
187.93, 160
192.87, 160
192.91, 160
192.94, 160
192.97, 160
193.00, 160
193.03, 160
193.07, 160
193.18, 160
193.22, 160
193.25, 160
193.28, 160
193.32, 160
193.35, 160
193.39, 160
193.43, 160
193.45, 160
193.48, 160
193.52, 160
193.55, 160
193.59, 160
193.62, 160
193.65, 160
193.68, 160
193.71, 160
201.67, 160
201.71, 160
201.73, 160
201.86, 160
201.89, 160
201.91, 160
201.95, 160
201.98, 160
202.01, 160
202.04, 160
202.07, 160
202.09, 160
202.13, 160
202.16, 160
202.20, 160
205.29, 160
205.32, 160
205.35, 160
205.37, 160
205.40, 160
205.43, 160
205.45, 160
205.48, 160
205.52, 160
205.55, 160
205.59, 160
205.80, 160
205.84, 160
205.86, 160
205.89, 160
205.91, 160
205.94, 160
205.96, 160
205.99, 160
206.03, 160
206.06, 160
206.09, 160
206.12, 160
209.54, 160
209.57, 160
209.60, 160
223.68, 160
223.72, 160
223.75, 160
223.78, 160
223.80, 160
223.83, 160
223.87, 160
223.91, 160
223.94, 160
223.97, 160
224.00, 160
224.02, 160
224.44, 160
224.46, 160
224.50, 160
224.55, 160
224.58, 160
224.65, 160
224.68, 160
224.71, 160
224.74, 160
224.78, 160
224.81, 160
224.84, 160
224.86, 160
225.63, 160
225.66, 160
225.69, 160
225.73, 160
225.76, 160
225.79, 160
225.83, 160
225.85, 160
225.89, 160
226.24, 160
226.27, 160
226.30, 160
226.33, 160
226.36, 160
226.39, 160
226.42, 160
226.82, 160
226.84, 160
226.87, 160
226.90, 160
228.07, 160
228.11, 160
229.56, 160
229.59, 160
229.63, 160
229.67, 160
229.70, 160
229.73, 160
229.77, 160
229.79, 160
229.82, 160
232.02, 160
232.05, 160
232.08, 160
232.11, 160
232.14, 160
232.16, 160
232.19, 160
232.23, 160
232.26, 160
232.30, 160
232.32, 160
232.35, 160
232.45, 160
232.83, 160
232.86, 160
232.89, 160
234.93, 160
234.97, 160
234.99, 160
235.03, 160
235.15, 160
235.18, 160
235.21, 160
235.24, 160
235.27, 160
235.30, 160
235.32, 160
235.36, 160
235.39, 160
235.42, 160
235.45, 160
235.47, 160
235.50, 160
235.54, 160
