0.27, 165
0.30, 164
0.33, 164
0.36, 164
0.39, 164
0.42, 164
0.46, 164
0.49, 164
0.55, 164
0.58, 163
0.62, 162
1.17, 162
1.21, 162
1.27, 162
1.30, 162
1.33, 162
1.37, 162
1.40, 162
1.43, 162
1.46, 162
1.49, 162
1.52, 162
1.55, 162
1.59, 162
1.62, 162
1.66, 162
1.69, 162
1.72, 161
1.76, 161
1.79, 161
1.83, 161
3.04, 161
3.07, 161
3.10, 161
3.14, 161
3.76, 161
3.80, 161
4.64, 161
4.68, 161
4.71, 161
4.87, 161
4.90, 161
4.93, 161
4.97, 161
5.01, 161
5.05, 161
5.08, 161
5.11, 161
5.15, 161
5.18, 161
5.22, 161
5.25, 161
5.28, 161
5.32, 161
5.35, 161
5.38, 161
5.41, 161
5.44, 161
5.90, 161
5.93, 161
7.34, 160
7.37, 160
7.41, 160
7.45, 160
7.73, 160
7.76, 160
7.79, 160
7.81, 160
7.85, 160
7.89, 160
12.26, 160
12.29, 160
12.33, 160
12.37, 160
12.41, 160
12.44, 160
12.47, 160
12.50, 160
12.53, 160
12.56, 160
12.59, 160
12.62, 160
12.65, 160
14.77, 160
14.79, 160
14.90, 160
14.93, 160
14.96, 160
14.99, 160
17.31, 160
17.34, 160
17.37, 160
17.41, 160
17.44, 160
17.47, 160
17.51, 160
17.55, 160
17.58, 160
17.61, 160
17.65, 160
17.69, 160
17.76, 160
17.79, 160
18.15, 160
18.19, 160
18.21, 160
18.25, 160
18.37, 160
18.41, 160
18.44, 160
22.54, 160
22.57, 160
22.61, 160
23.99, 160
24.02, 160
24.05, 160
24.08, 160
24.11, 160
24.14, 160
24.17, 160
24.21, 160
24.24, 160
24.27, 160
24.30, 160
24.33, 160
24.36, 160
24.39, 160
24.42, 160
26.99, 160
27.02, 160
27.06, 160
27.10, 160
27.14, 160
27.16, 160
27.19, 160
27.23, 160
27.26, 160
27.29, 160
27.33, 160
27.36, 160
27.39, 160
27.43, 160
27.47, 160
27.49, 160
27.52, 160
27.55, 160
27.58, 160
27.61, 160
27.65, 160
27.68, 160
27.70, 160
27.74, 160
27.77, 160
28.03, 160
34.86, 160
34.91, 160
34.94, 160
34.97, 160
35.00, 160
35.03, 160
35.06, 160
35.10, 160
35.14, 160
35.17, 160
35.20, 160
35.24, 160
35.27, 160
57.74, 160
57.77, 160
57.81, 160
57.84, 160
71.66, 160
71.69, 160
71.73, 160
71.87, 160
71.90, 160
71.94, 160
71.97, 160
72.00, 160
72.04, 160
72.07, 160
72.10, 160
72.13, 160
72.16, 160
72.19, 160
72.23, 160
72.26, 160
72.29, 160
72.32, 160
72.35, 160
72.38, 160
72.40, 160
72.43, 160
72.47, 160
72.50, 160
73.49, 160
73.53, 160
73.56, 160
73.59, 160
73.62, 160
73.65, 160
73.68, 160
73.71, 160
73.74, 160
73.77, 160
73.81, 160
73.84, 160
73.87, 160
73.90, 160
73.93, 160
77.85, 160
77.88, 160
77.92, 160
77.95, 160
77.99, 160
78.01, 160
78.05, 160
78.08, 160
78.11, 160
78.14, 160
79.57, 160
79.60, 160
79.64, 160
79.67, 160
79.71, 160
79.74, 160
79.77, 160
79.80, 160
79.84, 160
79.87, 160
79.91, 160
79.93, 160
79.96, 160
79.99, 160
80.02, 160
80.56, 160
80.59, 160
80.62, 160
80.65, 160
80.68, 160
80.71, 160
80.74, 160
80.77, 160
80.80, 160
80.83, 160
81.00, 160
81.03, 160
81.06, 160
81.09, 160
92.12, 160
92.15, 160
92.18, 160
92.20, 160
92.23, 160
92.26, 160
92.29, 160
92.36, 160
92.39, 160
92.42, 160
92.46, 160
93.38, 160
93.41, 160
93.44, 160
93.47, 160
93.73, 160
93.81, 160
93.84, 160
93.87, 160
93.90, 160
93.94, 160
93.97, 160
94.00, 160
94.02, 160
94.05, 160
95.94, 160
95.97, 160
96.01, 160
96.04, 160
96.07, 160
96.11, 160
96.14, 160
96.18, 160
96.21, 160
96.24, 160
96.28, 160
96.31, 160
96.34, 160
96.40, 160
96.43, 160
103.82, 160
103.85, 160
103.88, 160
103.91, 160
103.94, 160
103.97, 160
105.23, 160
105.27, 160
105.43, 160
105.47, 160
105.50, 160
105.54, 160
105.58, 160
105.61, 160
105.64, 160
105.68, 160
105.71, 160
105.74, 160
105.77, 160
105.80, 160
105.83, 160
105.87, 160
105.89, 160
105.92, 160
105.96, 160
105.98, 160
106.01, 160
106.04, 160
106.08, 160
106.10, 160
106.13, 160
106.16, 160
106.19, 160
106.23, 160
106.26, 160
106.29, 160
121.06, 160
121.10, 160
121.12, 160
121.16, 160
121.19, 160
121.42, 160
121.45, 160
121.49, 160
121.52, 160
121.55, 160
121.58, 160
121.61, 160
121.64, 160
121.68, 160
121.71, 160
121.74, 160
121.78, 160
121.82, 160
121.85, 160
121.88, 160
121.91, 160
121.93, 160
121.96, 160
121.99, 160
122.02, 160
122.05, 160
122.09, 160
122.13, 160
122.16, 160
122.19, 160
122.22, 160
122.26, 160
122.28, 160
122.32, 160
124.91, 160
124.93, 160
127.58, 160
127.62, 160
127.65, 160
127.68, 160
127.71, 160
127.74, 160
127.78, 160
127.81, 160
127.84, 160
127.88, 160
127.92, 160
127.95, 160
127.98, 160
128.01, 160
128.03, 160
128.06, 160
128.10, 160
128.13, 160
128.17, 160
128.20, 160
128.24, 160
128.27, 160
128.31, 160
128.34, 160
128.38, 160
128.42, 160
128.46, 160
130.97, 160
132.74, 160
132.78, 160
132.81, 160
132.84, 160
132.87, 160
132.90, 160
132.93, 160
133.11, 160
133.14, 160
133.17, 160
133.21, 160
133.24, 160
133.27, 160
133.31, 160
133.61, 160
133.65, 160
133.68, 160
133.72, 160
133.77, 160
133.79, 160
133.83, 160
133.85, 160
133.89, 160
133.92, 160
133.96, 160
133.99, 160
134.01, 160
134.05, 160
134.08, 160
134.12, 160
134.15, 160
134.18, 160
134.22, 160
134.26, 160
134.30, 160
134.33, 160
134.36, 160
134.38, 160
135.11, 160
135.15, 160
135.18, 160
135.22, 160
135.26, 160
135.29, 160
135.32, 160
135.35, 160
135.38, 160
135.41, 160
135.45, 160
135.48, 160
135.51, 160
138.40, 160
154.88, 160
154.92, 160
155.54, 160
155.58, 160
155.76, 160
155.79, 160
155.83, 160
155.86, 160
155.90, 160
155.93, 160
155.96, 160
155.98, 160
156.01, 160
156.04, 160
156.07, 160
156.11, 160
157.72, 160
157.75, 160
157.77, 160
157.81, 160
157.84, 160
157.87, 160
157.90, 160
157.93, 160
157.96, 160
157.98, 160
158.02, 160
176.36, 160
176.39, 160
176.76, 160
176.80, 160
176.83, 160
176.86, 160
176.90, 160
176.93, 160
177.05, 160
177.08, 160
177.12, 160
177.16, 160
177.20, 160
177.23, 160
177.26, 160
177.29, 160
177.32, 160
177.35, 160
179.02, 160
179.06, 160
179.08, 160
179.12, 160
179.24, 160
179.27, 160
179.30, 160
179.33, 160
179.39, 160
179.41, 160
179.45, 160
179.48, 160
179.51, 160
179.54, 160
179.58, 160
179.60, 160
179.63, 160
179.67, 160
179.70, 160
179.72, 160
179.76, 160
179.79, 160
179.83, 160
179.86, 160
179.89, 160
179.92, 160
179.95, 160
179.99, 160
180.02, 160
180.05, 160
180.09, 160
180.13, 160
180.16, 160
180.72, 160
180.76, 160
180.79, 160
180.82, 160
180.84, 160
180.86, 160
180.89, 160
180.95, 160
180.99, 160
181.02, 160
181.05, 160
181.09, 160
181.11, 160
182.93, 160
182.97, 160
183.00, 160
183.04, 160
183.08, 160
183.12, 160
183.15, 160
183.18, 160
183.22, 160
183.26, 160
183.29, 160
183.32, 160
183.46, 160
183.50, 160
183.53, 160
183.56, 160
183.60, 160
183.63, 160
183.67, 160
183.71, 160
184.12, 160
185.11, 160
185.14, 160
185.17, 160
185.20, 160
185.23, 160
185.26, 160
185.29, 160
185.32, 160
185.35, 160
185.37, 160
185.40, 160
185.43, 160
185.49, 160
185.52, 160
185.55, 160
185.67, 160
185.70, 160
185.77, 160
185.80, 160
185.84, 160
185.86, 160
185.89, 160
185.92, 160
185.95, 160
185.98, 160
186.02, 160
186.06, 160
186.09, 160
186.11, 160
186.14, 160
186.17, 160
194.75, 160
194.80, 160
195.01, 160
195.04, 160
195.79, 160
195.83, 160
195.86, 160
195.90, 160
195.93, 160
195.96, 160
195.99, 160
196.01, 160
196.04, 160
196.07, 160
196.10, 160
196.13, 160
196.17, 160
196.20, 160
196.23, 160
196.27, 160
196.31, 160
196.33, 160
196.36, 160
196.39, 160
196.42, 160
196.45, 160
196.48, 160
196.51, 160
201.69, 160
201.73, 160
201.77, 160
201.80, 160
201.83, 160
201.86, 160
201.89, 160
202.01, 160
202.04, 160
202.07, 160
202.11, 160
202.14, 160
202.18, 160
202.21, 160
202.24, 160
202.27, 160
202.31, 160
202.34, 160
202.37, 160
202.40, 160
202.43, 160
202.46, 160
202.50, 160
202.54, 160
210.81, 160
210.85, 160
210.88, 160
211.00, 160
211.03, 160
211.06, 160
211.09, 160
211.13, 160
211.16, 160
211.19, 160
211.22, 160
211.26, 160
211.29, 160
211.33, 160
211.37, 160
214.60, 160
214.63, 160
214.67, 160
214.69, 160
214.72, 160
214.75, 160
214.78, 160
214.81, 160
214.84, 160
214.87, 160
214.91, 160
215.15, 160
215.19, 160
215.21, 160
215.24, 160
215.26, 160
215.29, 160
215.32, 160
215.35, 160
215.38, 160
215.42, 160
215.45, 160
215.48, 160
219.10, 160
219.14, 160
219.17, 160
234.02, 160
234.06, 160
234.09, 160
234.13, 160
234.15, 160
234.19, 160
234.22, 160
234.27, 160
234.30, 160
234.34, 160
234.37, 160
234.40, 160
234.85, 160
234.88, 160
234.92, 160
234.98, 160
235.01, 160
235.07, 160
235.11, 160
235.14, 160
235.16, 160
235.19, 160
235.22, 160
235.25, 160
235.27, 160
236.06, 160
236.10, 160
236.13, 160
236.16, 160
236.19, 160
236.23, 160
236.26, 160
236.29, 160
236.32, 160
236.69, 160
236.72, 160
236.76, 160
236.79, 160
236.82, 160
236.85, 160
236.88, 160
237.30, 160
237.34, 160
237.36, 160
237.40, 160
238.67, 160
238.70, 160
240.15, 160
240.19, 160
240.22, 160
240.26, 160
240.29, 160
240.32, 160
240.36, 160
240.39, 160
240.41, 160
242.71, 160
242.74, 160
242.77, 160
242.80, 160
242.84, 160
242.87, 160
242.90, 160
242.94, 160
242.96, 160
243.00, 160
243.03, 160
243.06, 160
243.16, 160
243.56, 160
243.60, 160
243.63, 160
245.76, 160
245.80, 160
245.83, 160
245.87, 160
246.00, 160
246.04, 160
246.07, 160
246.09, 160
246.13, 160
246.16, 160
246.18, 160
246.22, 160
246.26, 160
246.29, 160
246.32, 160
246.35, 160
246.38, 160
246.41, 160
252.81, 160
252.84, 160
252.87, 160
252.90, 160
252.93, 160
252.95, 160
252.99, 160
253.02, 160
253.05, 160
253.09, 160
253.12, 160
253.15, 160
253.18, 160
255.03, 160
255.19, 160
255.23, 160
255.26, 160
255.30, 160
255.34, 160
258.38, 160
258.42, 160
258.44, 160
258.48, 160
259.54, 160
259.56, 160
259.60, 160
259.63, 160
259.67, 160
259.72, 160
259.75, 160
259.78, 160
259.81, 160
259.84, 160
259.87, 160
259.91, 160
259.94, 160
259.97, 160
260.02, 160
260.05, 160
260.12, 160
267.48, 160
267.50, 160
267.53, 160
267.56, 160
267.60, 160
267.63, 160
267.66, 160
267.69, 160
267.72, 160
270.29, 160
270.33, 160
270.37, 160
270.40, 160
270.43, 160
270.46, 160
270.49, 160
270.52, 160
270.55, 160
270.58, 160
270.61, 160
270.65, 160
270.68, 160
270.70, 160
271.04, 160
271.08, 160
271.11, 160
271.14, 160
271.17, 160
271.20, 160
271.23, 160
271.26, 160
271.30, 160
271.32, 160
271.36, 160
272.24, 160
272.28, 160
272.30, 160
272.33, 160
272.37, 160
272.41, 160
272.44, 160
272.47, 160
272.50, 160
272.54, 160
272.57, 160
272.71, 160
272.84, 160
272.88, 160
272.91, 160
272.95, 160
272.98, 160
273.01, 160
273.11, 160
273.14, 160
273.17, 160
273.21, 160
273.24, 160
275.80, 160
275.84, 160
275.87, 160
275.91, 160
275.94, 160
275.97, 160
276.00, 160
276.03, 160
276.06, 160
276.09, 160
276.13, 160
276.16, 160
276.19, 160
276.22, 160
276.26, 160
276.30, 160
276.34, 160
276.38, 160
276.41, 160
276.44, 160
276.48, 160
276.51, 160
276.54, 160
276.57, 160
276.61, 160
276.64, 160
276.78, 160
276.82, 160
276.90, 160
276.94, 160
276.98, 160
277.43, 160
277.46, 160
277.50, 160
277.53, 160
277.56, 160
277.60, 160
277.63, 160
280.65, 160
281.37, 160
281.81, 160
281.84, 160
281.87, 160
283.57, 160
283.60, 160
283.63, 160
283.66, 160
283.70, 160
284.29, 160
284.32, 160
284.35, 160
284.38, 160
284.41, 160
284.44, 160
287.12, 160
287.15, 160
287.18, 160
287.24, 160
287.27, 160
287.30, 160
287.33, 160
287.37, 160
287.41, 160
287.44, 160
287.48, 160
287.55, 160
287.58, 160
287.61, 160
287.64, 160
287.67, 160
287.70, 160
287.73, 160
287.76, 160
287.81, 160
287.84, 160
287.86, 160
287.89, 160
297.53, 160
297.57, 160
297.60, 160
297.63, 160
297.67, 160
299.40, 160
299.99, 160
300.01, 160
300.04, 160
300.07, 160
300.10, 160
300.13, 160
300.16, 160
300.19, 160
300.22, 160
300.26, 160
300.29, 160
300.32, 160
300.35, 160
300.39, 160
300.42, 160
300.45, 160
300.49, 160
301.21, 160
308.05, 160
308.64, 160
308.66, 160
308.70, 160
308.72, 160
318.81, 160
318.84, 160
318.86, 160
318.89, 160
318.92, 160
318.95, 160
318.97, 160
319.00, 160
319.02, 160
319.05, 160
319.07, 160
319.10, 160
319.13, 160
319.16, 160
319.19, 160
319.21, 160
319.24, 160
319.27, 160
319.30, 160
319.33, 160
319.36, 160
319.38, 160
319.40, 160
319.43, 160
319.45, 160
319.47, 160
320.01, 160
320.44, 160
320.47, 160
320.50, 160
320.53, 160
320.55, 160
320.58, 160
320.61, 160
320.64, 160
320.67, 160
320.69, 160
320.72, 160
320.74, 160
320.77, 160
320.80, 160
320.83, 160
320.85, 160
320.89, 160
320.92, 160
320.95, 160
320.97, 160
321.00, 160
324.16, 160
324.19, 160
324.22, 160
329.29, 160
329.55, 160
329.57, 160
329.60, 160
329.62, 160
329.65, 160
329.68, 160
329.73, 160
329.76, 160
329.79, 160
329.82, 160
329.85, 160
330.47, 160
330.49, 160
330.52, 160
330.55, 160
332.11, 160
332.13, 160
332.16, 160
332.19, 160
332.22, 160
332.25, 160
332.28, 160
332.30, 160
332.33, 160
332.35, 160
332.38, 160
332.41, 160
332.44, 160
332.47, 160
332.49, 160
332.52, 160
332.55, 160
332.57, 160
332.61, 160
332.64, 160
332.67, 160
332.70, 160
332.72, 160
332.75, 160
332.77, 160
332.97, 160
333.00, 160
333.03, 160
333.12, 160
333.15, 160
333.18, 160
333.20, 160
333.26, 160
333.35, 160
333.38, 160
333.40, 160
333.43, 160
333.46, 160
333.49, 160
334.06, 160
334.08, 160
334.12, 160
334.14, 160
334.43, 160
334.46, 160
334.50, 160
334.52, 160
334.55, 160
335.01, 160
335.04, 160
335.07, 160
335.09, 160
335.12, 160
335.15, 160
335.17, 160
335.20, 160
335.23, 160
335.26, 160
335.28, 160
335.31, 160
335.33, 160
335.35, 160
335.38, 160
335.41, 160
335.43, 160
335.46, 160
335.49, 160
335.52, 160
335.55, 160
335.58, 160
335.61, 160
335.63, 160
335.66, 160
335.68, 160
335.71, 160
335.73, 160
335.76, 160
342.69, 160
342.72, 160
342.74, 160
342.77, 160
342.79, 160
344.04, 160
344.07, 160
344.10, 160
344.13, 160
344.54, 160
344.81, 160
345.15, 160
345.18, 160
345.20, 160
345.23, 160
345.25, 160
347.93, 160
348.17, 160
348.20, 160
356.86, 160
356.89, 160
356.92, 160
356.94, 160
356.97, 160
357.00, 160
357.02, 160
357.05, 160
357.08, 160
357.11, 160
357.13, 160
357.16, 160
357.18, 160
357.21, 160
357.32, 160
357.35, 160
357.38, 160
357.40, 160
357.43, 160
357.46, 160
357.49, 160
358.10, 160
358.13, 160
358.16, 160
358.18, 160
358.21, 160
358.23, 160
358.26, 160
358.29, 160
358.31, 160
358.34, 160
358.37, 160
358.40, 160
358.43, 160
358.46, 160
