0.25, 165
0.28, 164
0.30, 164
0.33, 164
0.36, 164
0.39, 164
0.42, 164
0.45, 164
0.50, 164
0.53, 163
0.56, 162
1.10, 162
1.14, 162
1.19, 162
1.23, 162
1.26, 162
1.29, 162
1.32, 162
1.36, 162
1.39, 162
1.42, 162
1.45, 162
1.48, 162
1.52, 162
1.54, 162
1.57, 162
1.60, 162
1.63, 161
1.67, 161
1.69, 161
1.72, 161
2.89, 161
2.92, 161
2.95, 161
2.98, 161
3.62, 161
3.65, 161
4.47, 161
4.50, 161
4.53, 161
4.68, 161
4.71, 161
4.74, 161
4.77, 161
4.80, 161
4.84, 161
4.86, 161
4.90, 161
4.94, 161
4.98, 161
5.01, 161
5.03, 161
5.06, 161
5.09, 161
5.13, 161
5.16, 161
5.20, 161
5.23, 161
5.67, 161
5.70, 161
7.08, 160
7.11, 160
7.15, 160
7.19, 160
7.47, 160
7.50, 160
7.53, 160
7.56, 160
7.59, 160
7.63, 160
11.87, 160
11.90, 160
11.93, 160
11.97, 160
12.01, 160
12.04, 160
12.07, 160
12.10, 160
12.13, 160
12.16, 160
12.19, 160
12.22, 160
12.25, 160
14.33, 160
14.36, 160
14.46, 160
14.49, 160
14.52, 160
14.55, 160
16.75, 160
16.79, 160
16.82, 160
16.85, 160
16.88, 160
16.92, 160
16.94, 160
16.98, 160
17.01, 160
17.04, 160
17.08, 160
17.11, 160
17.17, 160
17.20, 160
17.53, 160
17.56, 160
17.58, 160
17.61, 160
17.72, 160
17.76, 160
17.79, 160
21.66, 160
21.69, 160
21.72, 160
23.05, 160
23.07, 160
23.10, 160
23.13, 160
23.16, 160
23.18, 160
23.21, 160
23.25, 160
23.28, 160
23.31, 160
23.34, 160
23.36, 160
23.39, 160
23.42, 160
23.45, 160
26.03, 160
26.05, 160
26.09, 160
26.12, 160
26.16, 160
26.19, 160
26.22, 160
26.25, 160
26.28, 160
26.32, 160
26.34, 160
26.37, 160
26.41, 160
26.44, 160
26.47, 160
26.50, 160
26.52, 160
26.56, 160
26.59, 160
26.62, 160
26.65, 160
26.68, 160
26.70, 160
26.74, 160
26.77, 160
27.02, 160
33.67, 160
33.70, 160
33.74, 160
33.77, 160
33.81, 160
33.84, 160
33.87, 160
33.92, 160
33.95, 160
33.98, 160
34.02, 160
34.05, 160
34.08, 160
55.43, 160
55.46, 160
55.49, 160
55.53, 160
