0.24, 165
0.26, 164
0.29, 164
0.32, 164
0.35, 164
0.37, 164
0.40, 164
0.43, 164
0.48, 164
0.51, 163
0.54, 162
1.03, 162
1.06, 162
1.12, 162
1.15, 162
1.18, 162
1.21, 162
1.24, 162
1.27, 162
1.29, 162
1.32, 162
1.34, 162
1.37, 162
1.40, 162
1.43, 162
1.46, 162
1.48, 162
1.51, 161
1.55, 161
1.57, 161
1.60, 161
2.64, 161
2.67, 161
2.70, 161
2.73, 161
3.27, 161
3.30, 161
4.04, 161
4.07, 161
4.10, 161
4.23, 161
4.26, 161
4.29, 161
4.32, 161
4.35, 161
4.38, 161
4.41, 161
4.44, 161
4.47, 161
4.50, 161
4.54, 161
4.56, 161
4.59, 161
4.61, 161
4.64, 161
4.67, 161
4.70, 161
4.73, 161
5.14, 161
5.16, 161
6.47, 160
6.50, 160
6.54, 160
6.57, 160
6.83, 160
6.86, 160
6.89, 160
6.91, 160
6.94, 160
6.97, 160
10.88, 160
10.91, 160
10.95, 160
10.98, 160
11.02, 160
11.04, 160
11.07, 160
11.09, 160
11.12, 160
11.15, 160
11.18, 160
11.20, 160
11.23, 160
13.05, 160
13.07, 160
13.16, 160
13.19, 160
13.21, 160
13.25, 160
15.27, 160
15.30, 160
15.33, 160
15.36, 160
15.38, 160
15.41, 160
15.43, 160
15.47, 160
15.49, 160
15.52, 160
15.56, 160
15.59, 160
15.64, 160
15.67, 160
15.98, 160
16.01, 160
16.03, 160
16.06, 160
16.16, 160
16.20, 160
16.23, 160
19.71, 160
19.74, 160
19.76, 160
20.96, 160
20.99, 160
21.01, 160
21.04, 160
21.06, 160
21.08, 160
21.11, 160
21.14, 160
21.17, 160
21.20, 160
21.22, 160
21.25, 160
21.27, 160
21.30, 160
21.33, 160
23.58, 160
23.60, 160
23.64, 160
23.67, 160
23.70, 160
23.72, 160
23.75, 160
23.78, 160
23.81, 160
23.84, 160
23.86, 160
23.89, 160
23.92, 160
23.95, 160
23.98, 160
24.00, 160
24.03, 160
24.06, 160
24.09, 160
24.12, 160
24.14, 160
24.16, 160
24.19, 160
24.22, 160
24.25, 160
24.47, 160
30.29, 160
30.32, 160
30.35, 160
30.38, 160
30.41, 160
30.44, 160
30.48, 160
30.51, 160
30.54, 160
30.57, 160
30.60, 160
30.63, 160
30.65, 160
49.61, 160
49.64, 160
49.66, 160
49.69, 160
61.38, 160
61.41, 160
61.44, 160
61.57, 160
61.60, 160
61.63, 160
61.66, 160
61.68, 160
61.71, 160
61.74, 160
61.77, 160
61.79, 160
61.83, 160
61.85, 160
61.89, 160
61.91, 160
61.93, 160
61.96, 160
61.99, 160
62.01, 160
62.04, 160
62.07, 160
62.09, 160
62.12, 160
62.99, 160
63.01, 160
63.03, 160
63.06, 160
63.08, 160
63.11, 160
63.14, 160
63.17, 160
63.19, 160
63.22, 160
63.25, 160
63.28, 160
63.30, 160
63.33, 160
63.36, 160
66.72, 160
66.75, 160
66.78, 160
66.80, 160
66.83, 160
66.85, 160
66.88, 160
66.90, 160
66.92, 160
66.95, 160
68.18, 160
68.20, 160
68.23, 160
68.26, 160
68.29, 160
68.32, 160
68.35, 160
68.37, 160
68.40, 160
68.43, 160
68.46, 160
68.49, 160
68.52, 160
68.55, 160
68.57, 160
69.02, 160
69.04, 160
69.07, 160
69.09, 160
69.12, 160
69.15, 160
69.17, 160
69.20, 160
69.22, 160
69.25, 160
69.39, 160
69.42, 160
69.45, 160
69.47, 160
78.81, 160
78.85, 160
78.87, 160
78.89, 160
78.91, 160
78.94, 160
78.97, 160
79.03, 160
79.06, 160
79.09, 160
79.11, 160
79.92, 160
79.95, 160
79.97, 160
80.00, 160
80.22, 160
80.29, 160
80.32, 160
80.35, 160
80.37, 160
80.40, 160
80.44, 160
80.47, 160
80.49, 160
80.51, 160
82.11, 160
82.14, 160
82.17, 160
82.19, 160
82.22, 160
82.25, 160
82.27, 160
82.30, 160
82.33, 160
82.35, 160
82.38, 160
82.41, 160
82.43, 160
82.49, 160
82.51, 160
88.68, 160
88.71, 160
88.74, 160
88.77, 160
88.79, 160
88.81, 160
89.86, 160
89.89, 160
90.02, 160
90.05, 160
90.08, 160
90.11, 160
90.14, 160
90.18, 160
90.21, 160
90.24, 160
90.26, 160
90.29, 160
90.31, 160
90.34, 160
90.37, 160
90.39, 160
90.42, 160
90.44, 160
90.47, 160
90.50, 160
90.52, 160
90.56, 160
90.58, 160
90.61, 160
90.63, 160
90.66, 160
90.69, 160
90.72, 160
90.75, 160
90.78, 160
103.41, 160
103.44, 160
103.46, 160
103.49, 160
103.52, 160
103.72, 160
103.74, 160
103.77, 160
103.79, 160
103.82, 160
103.84, 160
103.87, 160
103.90, 160
103.92, 160
103.95, 160
103.98, 160
104.01, 160
104.04, 160
104.07, 160
104.10, 160
104.12, 160
104.15, 160
104.17, 160
104.19, 160
104.22, 160
104.25, 160
104.27, 160
104.30, 160
104.33, 160
104.35, 160
104.38, 160
104.41, 160
104.44, 160
104.47, 160
106.71, 160
106.74, 160
109.03, 160
109.06, 160
109.09, 160
109.11, 160
109.14, 160
109.16, 160
109.20, 160
109.22, 160
109.24, 160
109.27, 160
109.31, 160
109.34, 160
109.37, 160
109.40, 160
109.42, 160
109.45, 160
109.48, 160
109.50, 160
109.53, 160
109.56, 160
109.59, 160
109.62, 160
109.64, 160
109.67, 160
109.70, 160
109.74, 160
109.76, 160
111.89, 160
113.33, 160
113.36, 160
113.38, 160
113.41, 160
113.43, 160
113.46, 160
113.48, 160
113.64, 160
113.66, 160
113.69, 160
113.72, 160
113.75, 160
113.77, 160
113.80, 160
114.06, 160
114.09, 160
114.11, 160
114.14, 160
114.18, 160
114.20, 160
114.23, 160
114.25, 160
114.28, 160
114.31, 160
114.33, 160
114.36, 160
114.38, 160
114.41, 160
114.44, 160
114.47, 160
114.49, 160
114.52, 160
114.55, 160
114.58, 160
114.61, 160
114.63, 160
114.66, 160
114.68, 160
115.30, 160
115.33, 160
115.36, 160
115.39, 160
115.43, 160
115.46, 160
115.48, 160
115.51, 160
115.54, 160
115.56, 160
115.59, 160
115.62, 160
115.65, 160
118.11, 160
131.94, 160
131.97, 160
132.50, 160
132.53, 160
132.69, 160
132.71, 160
132.74, 160
132.77, 160
132.80, 160
132.83, 160
132.86, 160
132.88, 160
132.91, 160
132.93, 160
132.96, 160
132.99, 160
134.34, 160
134.36, 160
134.39, 160
134.42, 160
134.45, 160
134.47, 160
134.50, 160
134.53, 160
134.55, 160
134.58, 160
134.61, 160
150.52, 160
150.55, 160
150.86, 160
150.89, 160
150.92, 160
150.95, 160
150.97, 160
151.00, 160
151.10, 160
151.13, 160
151.16, 160
151.19, 160
151.22, 160
151.24, 160
151.27, 160
151.29, 160
151.32, 160
151.35, 160
152.80, 160
152.83, 160
152.85, 160
152.88, 160
152.98, 160
153.01, 160
153.04, 160
153.06, 160
153.12, 160
153.15, 160
153.18, 160
153.21, 160
153.24, 160
153.26, 160
153.29, 160
153.31, 160
153.34, 160
153.37, 160
153.40, 160
153.42, 160
153.45, 160
153.47, 160
153.50, 160
153.53, 160
153.56, 160
153.59, 160
153.62, 160
153.65, 160
153.68, 160
153.71, 160
153.74, 160
153.77, 160
153.80, 160
154.30, 160
154.32, 160
154.35, 160
154.38, 160
154.40, 160
154.42, 160
154.44, 160
154.50, 160
154.53, 160
154.55, 160
154.58, 160
154.62, 160
154.64, 160
156.33, 160
156.36, 160
156.39, 160
156.42, 160
156.45, 160
156.49, 160
156.52, 160
156.54, 160
156.58, 160
156.61, 160
156.64, 160
156.67, 160
156.80, 160
156.83, 160
156.86, 160
156.88, 160
156.91, 160
156.95, 160
156.98, 160
157.01, 160
157.38, 160
158.26, 160
158.29, 160
158.31, 160
158.34, 160
158.37, 160
158.40, 160
158.43, 160
158.46, 160
158.49, 160
158.51, 160
158.53, 160
158.56, 160
158.62, 160
158.64, 160
158.67, 160
158.78, 160
158.81, 160
158.86, 160
158.89, 160
158.92, 160
158.94, 160
158.97, 160
159.00, 160
159.03, 160
159.06, 160
159.09, 160
159.12, 160
159.15, 160
159.17, 160
159.20, 160
159.22, 160
166.87, 160
166.91, 160
167.09, 160
167.12, 160
167.79, 160
167.82, 160
167.86, 160
167.89, 160
167.92, 160
167.95, 160
167.97, 160
167.99, 160
168.02, 160
168.05, 160
168.08, 160
168.11, 160
168.14, 160
168.17, 160
168.20, 160
168.24, 160
168.27, 160
168.29, 160
168.32, 160
168.35, 160
168.38, 160
168.40, 160
168.43, 160
168.46, 160
172.98, 160
173.01, 160
173.04, 160
173.06, 160
173.09, 160
173.12, 160
173.14, 160
173.24, 160
173.27, 160
173.30, 160
173.33, 160
173.36, 160
173.39, 160
173.42, 160
173.45, 160
173.48, 160
173.51, 160
173.54, 160
173.57, 160
173.60, 160
173.63, 160
173.65, 160
173.68, 160
173.70, 160
180.82, 160
180.85, 160
180.87, 160
180.98, 160
181.00, 160
181.03, 160
181.06, 160
181.08, 160
181.11, 160
181.14, 160
181.17, 160
181.19, 160
181.22, 160
181.26, 160
181.29, 160
184.13, 160
184.16, 160
184.18, 160
184.20, 160
184.23, 160
184.25, 160
184.28, 160
184.31, 160
184.35, 160
184.37, 160
184.40, 160
184.61, 160
184.64, 160
184.66, 160
184.68, 160
184.71, 160
184.74, 160
184.76, 160
184.78, 160
184.81, 160
184.84, 160
184.86, 160
184.89, 160
187.98, 160
188.00, 160
188.03, 160
200.76, 160
200.79, 160
200.82, 160
200.85, 160
200.87, 160
200.90, 160
200.93, 160
200.97, 160
201.00, 160
201.02, 160
201.05, 160
201.07, 160
201.43, 160
201.46, 160
201.49, 160
201.55, 160
201.57, 160
201.63, 160
201.66, 160
201.68, 160
201.71, 160
201.74, 160
201.76, 160
201.79, 160
201.81, 160
202.50, 160
202.53, 160
202.56, 160
202.58, 160
202.61, 160
202.64, 160
202.67, 160
202.70, 160
202.72, 160
203.04, 160
203.06, 160
203.10, 160
203.12, 160
203.15, 160
203.18, 160
203.20, 160
203.57, 160
203.60, 160
203.62, 160
203.65, 160
204.75, 160
204.78, 160
206.07, 160
206.10, 160
206.12, 160
206.16, 160
206.19, 160
206.22, 160
206.25, 160
206.27, 160
206.30, 160
208.28, 160
208.31, 160
208.33, 160
208.36, 160
208.39, 160
208.42, 160
208.45, 160
208.48, 160
208.51, 160
208.54, 160
208.57, 160
208.59, 160
208.67, 160
209.02, 160
209.05, 160
209.08, 160
210.89, 160
210.92, 160
210.94, 160
210.97, 160
211.08, 160
211.11, 160
211.13, 160
211.16, 160
211.18, 160
211.21, 160
211.23, 160
211.26, 160
211.29, 160
211.31, 160
211.34, 160
211.37, 160
211.39, 160
211.42, 160
216.85, 160
216.88, 160
216.91, 160
216.94, 160
216.96, 160
216.98, 160
217.01, 160
217.04, 160
217.06, 160
217.09, 160
217.12, 160
217.16, 160
217.18, 160
218.75, 160
218.88, 160
218.91, 160
218.93, 160
218.96, 160
218.99, 160
221.57, 160
221.60, 160
221.63, 160
221.66, 160
222.57, 160
222.59, 160
222.62, 160
222.65, 160
222.68, 160
222.72, 160
222.74, 160
222.78, 160
222.81, 160
222.83, 160
222.86, 160
222.88, 160
222.91, 160
222.94, 160
222.98, 160
223.01, 160
223.07, 160
229.52, 160
229.55, 160
229.57, 160
229.60, 160
229.63, 160
229.66, 160
229.69, 160
229.72, 160
229.74, 160
231.93, 160
231.95, 160
231.98, 160
232.01, 160
232.04, 160
232.07, 160
232.09, 160
232.12, 160
232.14, 160
232.17, 160
232.20, 160
232.23, 160
232.26, 160
232.28, 160
232.57, 160
232.60, 160
232.63, 160
232.65, 160
232.68, 160
232.72, 160
232.75, 160
232.77, 160
232.80, 160
232.83, 160
232.86, 160
233.62, 160
233.65, 160
233.68, 160
233.70, 160
233.73, 160
233.76, 160
233.80, 160
233.83, 160
233.85, 160
233.88, 160
233.90, 160
234.01, 160
234.11, 160
234.14, 160
234.17, 160
234.19, 160
234.22, 160
234.25, 160
234.32, 160
234.35, 160
234.37, 160
234.40, 160
234.43, 160
236.59, 160
236.62, 160
236.65, 160
236.68, 160
236.71, 160
236.74, 160
236.76, 160
236.79, 160
236.82, 160
236.84, 160
236.87, 160
236.90, 160
236.93, 160
236.95, 160
236.99, 160
237.01, 160
237.05, 160
237.08, 160
237.10, 160
237.13, 160
237.16, 160
237.19, 160
237.21, 160
237.24, 160
237.26, 160
237.29, 160
237.40, 160
237.44, 160
237.51, 160
237.54, 160
237.57, 160
237.94, 160
237.97, 160
238.00, 160
238.03, 160
238.06, 160
238.09, 160
238.11, 160
240.93, 160
241.57, 160
241.95, 160
241.97, 160
242.00, 160
243.52, 160
243.55, 160
243.57, 160
243.60, 160
243.63, 160
244.16, 160
244.19, 160
244.22, 160
244.26, 160
244.29, 160
244.31, 160
246.71, 160
246.73, 160
246.76, 160
246.81, 160
246.83, 160
246.86, 160
246.89, 160
246.92, 160
246.95, 160
246.98, 160
247.01, 160
247.06, 160
247.10, 160
247.13, 160
247.15, 160
247.18, 160
247.21, 160
247.24, 160
247.27, 160
247.30, 160
247.33, 160
247.35, 160
247.38, 160
256.02, 160
256.05, 160
256.08, 160
256.10, 160
256.13, 160
257.95, 160
258.50, 160
258.53, 160
258.55, 160
258.58, 160
258.60, 160
258.64, 160
258.66, 160
258.69, 160
258.72, 160
258.75, 160
258.79, 160
258.82, 160
258.84, 160
258.87, 160
258.90, 160
258.93, 160
258.97, 160
259.65, 160
267.16, 160
267.82, 160
267.85, 160
267.89, 160
267.92, 160
279.66, 160
279.69, 160
279.73, 160
279.76, 160
279.80, 160
279.83, 160
279.86, 160
279.89, 160
279.92, 160
279.95, 160
279.98, 160
280.01, 160
280.04, 160
280.07, 160
280.11, 160
280.14, 160
280.18, 160
280.21, 160
280.23, 160
280.27, 160
280.30, 160
280.32, 160
280.35, 160
280.38, 160
280.40, 160
280.43, 160
281.05, 160
281.54, 160
281.57, 160
281.60, 160
281.64, 160
281.67, 160
281.71, 160
281.74, 160
281.77, 160
281.81, 160
281.83, 160
281.86, 160
281.89, 160
281.92, 160
281.95, 160
281.99, 160
282.02, 160
282.07, 160
282.11, 160
282.14, 160
282.16, 160
282.20, 160
285.81, 160
285.84, 160
285.87, 160
291.79, 160
292.09, 160
292.12, 160
292.15, 160
292.18, 160
292.21, 160
292.24, 160
292.30, 160
292.34, 160
292.37, 160
292.40, 160
292.44, 160
293.17, 160
293.21, 160
293.24, 160
293.28, 160
295.11, 160
295.14, 160
295.17, 160
295.21, 160
295.24, 160
295.28, 160
295.31, 160
295.34, 160
295.36, 160
295.39, 160
295.43, 160
295.46, 160
295.50, 160
295.53, 160
295.56, 160
295.59, 160
295.62, 160
295.65, 160
295.69, 160
295.72, 160
295.75, 160
295.78, 160
295.81, 160
295.83, 160
295.86, 160
296.09, 160
296.12, 160
296.15, 160
296.24, 160
296.28, 160
296.31, 160
296.34, 160
296.41, 160
296.51, 160
296.53, 160
296.57, 160
296.60, 160
296.63, 160
296.67, 160
297.30, 160
297.33, 160
297.37, 160
297.41, 160
297.74, 160
297.78, 160
297.82, 160
297.85, 160
297.88, 160
298.42, 160
298.45, 160
298.49, 160
298.52, 160
298.55, 160
298.59, 160
298.62, 160
298.65, 160
298.68, 160
298.71, 160
298.74, 160
298.77, 160
298.79, 160
298.82, 160
298.85, 160
298.88, 160
298.91, 160
298.95, 160
298.99, 160
299.02, 160
299.05, 160
299.09, 160
299.12, 160
299.15, 160
299.18, 160
299.21, 160
299.23, 160
299.27, 160
299.30, 160
307.58, 160
307.62, 160
307.65, 160
307.69, 160
307.72, 160
309.25, 160
309.28, 160
309.31, 160
309.36, 160
309.85, 160
310.16, 160
310.54, 160
310.57, 160
310.60, 160
310.62, 160
310.66, 160
313.88, 160
314.16, 160
314.20, 160
324.54, 160
324.58, 160
324.61, 160
324.64, 160
324.67, 160
324.71, 160
324.74, 160
324.78, 160
324.81, 160
324.85, 160
324.87, 160
324.91, 160
324.93, 160
324.97, 160
325.09, 160
325.12, 160
325.16, 160
325.19, 160
325.22, 160
325.25, 160
325.28, 160
326.01, 160
326.05, 160
326.08, 160
326.11, 160
326.14, 160
326.16, 160
326.19, 160
326.23, 160
326.25, 160
326.29, 160
326.32, 160
326.35, 160
326.38, 160
326.42, 160
329.54, 160
329.58, 160
329.60, 160
329.64, 160
329.66, 160
329.70, 160
329.73, 160
329.76, 160
329.79, 160
329.82, 160
329.85, 160
329.88, 160
329.91, 160
330.18, 160
331.16, 160
331.19, 160
331.30, 160
331.33, 160
332.22, 160
332.25, 160
332.28, 160
332.31, 160
332.34, 160
332.37, 160
332.40, 160
332.44, 160
332.56, 160
332.59, 160
332.63, 160
332.66, 160
332.69, 160
332.72, 160
332.76, 160
332.79, 160
332.82, 160
332.85, 160
333.14, 160
335.52, 160
335.55, 160
335.58, 160
335.61, 160
342.15, 160
342.18, 160
342.21, 160
342.36, 160
342.39, 160
342.42, 160
342.45, 160
342.48, 160
342.51, 160
