0.27, 165
0.30, 164
0.33, 164
0.36, 164
0.38, 164
0.41, 164
0.45, 164
0.48, 164
0.54, 164
0.57, 163
0.61, 162
1.14, 162
1.18, 162
1.24, 162
1.28, 162
1.31, 162
1.34, 162
1.37, 162
1.41, 162
1.43, 162
1.47, 162
1.50, 162
1.53, 162
1.56, 162
1.59, 162
1.62, 162
1.65, 162
1.68, 161
1.72, 161
1.75, 161
1.79, 161
2.99, 161
3.04, 161
3.07, 161
3.11, 161
3.74, 161
3.77, 161
4.66, 161
4.70, 161
4.73, 161
4.89, 161
4.92, 161
4.96, 161
4.99, 161
5.02, 161
5.06, 161
5.09, 161
5.13, 161
5.16, 161
5.20, 161
5.23, 161
5.26, 161
5.29, 161
5.32, 161
5.35, 161
5.39, 161
5.42, 161
5.46, 161
5.91, 161
5.94, 161
7.36, 160
7.39, 160
7.44, 160
7.48, 160
7.76, 160
7.79, 160
7.83, 160
7.86, 160
7.89, 160
7.93, 160
12.29, 160
12.33, 160
12.37, 160
12.40, 160
12.44, 160
12.48, 160
12.51, 160
12.54, 160
12.58, 160
12.61, 160
12.64, 160
12.67, 160
12.70, 160
14.86, 160
14.89, 160
14.99, 160
15.02, 160
15.05, 160
15.08, 160
17.52, 160
17.55, 160
17.60, 160
17.63, 160
17.66, 160
17.69, 160
17.72, 160
17.76, 160
17.79, 160
17.83, 160
17.87, 160
17.91, 160
17.96, 160
17.99, 160
18.36, 160
18.40, 160
18.42, 160
18.46, 160
18.57, 160
18.61, 160
18.65, 160
22.87, 160
22.90, 160
22.94, 160
24.38, 160
24.41, 160
24.44, 160
24.47, 160
24.49, 160
24.52, 160
24.56, 160
24.59, 160
24.63, 160
24.66, 160
24.70, 160
24.73, 160
24.76, 160
24.79, 160
24.83, 160
27.52, 160
27.55, 160
27.60, 160
27.63, 160
27.67, 160
27.70, 160
27.73, 160
27.77, 160
27.80, 160
27.84, 160
27.87, 160
27.89, 160
27.93, 160
27.96, 160
28.00, 160
28.03, 160
28.06, 160
28.09, 160
28.13, 160
28.15, 160
28.19, 160
28.22, 160
28.25, 160
28.28, 160
28.32, 160
28.59, 160
35.32, 160
35.36, 160
35.40, 160
35.42, 160
35.46, 160
35.49, 160
35.52, 160
35.56, 160
35.59, 160
35.63, 160
35.67, 160
35.70, 160
35.74, 160
57.84, 160
57.87, 160
57.90, 160
57.93, 160
72.17, 160
72.20, 160
72.24, 160
72.38, 160
72.41, 160
72.45, 160
72.48, 160
72.51, 160
72.54, 160
72.57, 160
72.61, 160
72.64, 160
72.68, 160
72.71, 160
72.75, 160
72.78, 160
72.82, 160
72.84, 160
72.87, 160
72.90, 160
72.93, 160
72.96, 160
72.99, 160
73.02, 160
74.04, 160
74.06, 160
74.09, 160
74.12, 160
74.17, 160
74.20, 160
74.23, 160
74.27, 160
74.29, 160
74.32, 160
74.36, 160
74.39, 160
74.43, 160
74.45, 160
74.49, 160
78.49, 160
78.52, 160
78.55, 160
78.58, 160
78.61, 160
78.63, 160
78.65, 160
78.68, 160
78.71, 160
78.73, 160
80.13, 160
80.16, 160
80.20, 160
80.23, 160
80.27, 160
80.31, 160
80.35, 160
80.38, 160
80.41, 160
80.45, 160
80.48, 160
80.51, 160
80.54, 160
80.57, 160
80.60, 160
81.13, 160
81.15, 160
81.18, 160
81.21, 160
81.24, 160
81.27, 160
81.29, 160
81.33, 160
81.36, 160
81.39, 160
81.55, 160
81.59, 160
81.61, 160
81.64, 160
92.28, 160
92.32, 160
92.34, 160
92.37, 160
92.39, 160
92.43, 160
92.46, 160
92.53, 160
92.56, 160
92.59, 160
92.62, 160
93.58, 160
93.61, 160
93.65, 160
93.68, 160
93.92, 160
94.01, 160
94.04, 160
94.08, 160
94.11, 160
94.14, 160
94.18, 160
94.21, 160
94.23, 160
94.26, 160
96.15, 160
96.18, 160
96.21, 160
96.24, 160
96.28, 160
96.32, 160
96.34, 160
96.38, 160
96.41, 160
96.44, 160
96.47, 160
96.50, 160
96.54, 160
96.60, 160
96.63, 160
103.90, 160
103.93, 160
103.96, 160
104.00, 160
104.03, 160
104.06, 160
105.29, 160
105.33, 160
105.48, 160
105.51, 160
105.55, 160
105.58, 160
105.62, 160
105.66, 160
105.70, 160
105.73, 160
105.76, 160
105.79, 160
105.82, 160
105.85, 160
105.88, 160
105.92, 160
105.95, 160
105.97, 160
106.00, 160
106.04, 160
106.07, 160
106.10, 160
106.13, 160
106.16, 160
106.18, 160
106.22, 160
106.26, 160
106.29, 160
106.32, 160
106.36, 160
121.18, 160
121.22, 160
121.25, 160
121.29, 160
121.33, 160
121.56, 160
121.59, 160
121.63, 160
121.66, 160
121.69, 160
121.73, 160
121.76, 160
121.79, 160
121.83, 160
121.85, 160
121.89, 160
121.93, 160
121.97, 160
122.01, 160
122.05, 160
122.08, 160
122.10, 160
122.13, 160
122.16, 160
122.18, 160
122.22, 160
122.25, 160
122.29, 160
122.31, 160
122.34, 160
122.38, 160
122.42, 160
122.45, 160
122.49, 160
125.09, 160
125.13, 160
127.91, 160
127.94, 160
127.98, 160
128.01, 160
128.04, 160
128.08, 160
128.12, 160
128.15, 160
128.18, 160
128.22, 160
128.26, 160
128.29, 160
128.32, 160
128.35, 160
128.37, 160
128.40, 160
128.44, 160
128.47, 160
128.51, 160
128.55, 160
128.58, 160
128.62, 160
128.65, 160
128.68, 160
128.72, 160
128.76, 160
128.79, 160
131.37, 160
133.10, 160
133.13, 160
133.16, 160
133.19, 160
133.22, 160
133.24, 160
133.28, 160
133.47, 160
133.49, 160
133.53, 160
133.57, 160
133.60, 160
133.63, 160
133.66, 160
133.98, 160
134.01, 160
134.04, 160
134.08, 160
134.13, 160
134.16, 160
134.19, 160
134.22, 160
134.26, 160
134.29, 160
134.32, 160
134.35, 160
134.38, 160
134.42, 160
134.46, 160
134.49, 160
134.52, 160
134.56, 160
134.58, 160
134.62, 160
134.65, 160
134.69, 160
134.72, 160
134.74, 160
135.47, 160
135.50, 160
135.53, 160
135.57, 160
135.62, 160
135.65, 160
135.68, 160
135.71, 160
135.74, 160
135.77, 160
135.81, 160
135.85, 160
135.89, 160
138.87, 160
155.53, 160
155.56, 160
156.18, 160
156.22, 160
156.40, 160
156.43, 160
156.47, 160
156.50, 160
156.55, 160
156.58, 160
156.62, 160
156.65, 160
156.68, 160
156.70, 160
156.74, 160
156.77, 160
158.41, 160
158.44, 160
158.48, 160
158.51, 160
158.55, 160
158.58, 160
158.61, 160
158.65, 160
158.68, 160
158.70, 160
158.74, 160
177.13, 160
177.16, 160
177.52, 160
177.56, 160
177.59, 160
177.63, 160
177.66, 160
177.69, 160
177.80, 160
177.84, 160
177.87, 160
177.90, 160
177.94, 160
177.97, 160
178.00, 160
178.04, 160
178.07, 160
178.09, 160
179.79, 160
179.82, 160
179.84, 160
179.88, 160
180.00, 160
180.04, 160
180.07, 160
180.09, 160
180.15, 160
180.18, 160
180.21, 160
180.24, 160
180.27, 160
180.30, 160
180.34, 160
180.36, 160
180.39, 160
180.42, 160
180.45, 160
180.48, 160
180.52, 160
180.55, 160
180.58, 160
180.62, 160
180.65, 160
180.69, 160
180.72, 160
180.76, 160
180.80, 160
180.83, 160
180.87, 160
180.91, 160
180.94, 160
181.53, 160
181.56, 160
181.60, 160
181.62, 160
181.65, 160
181.68, 160
181.72, 160
181.78, 160
181.81, 160
181.84, 160
181.87, 160
181.91, 160
181.94, 160
183.82, 160
183.85, 160
183.89, 160
183.93, 160
183.97, 160
184.01, 160
184.04, 160
184.07, 160
184.11, 160
184.15, 160
184.18, 160
184.22, 160
184.36, 160
184.40, 160
184.43, 160
184.46, 160
184.49, 160
184.53, 160
184.56, 160
184.60, 160
185.00, 160
185.98, 160
186.01, 160
186.04, 160
186.08, 160
186.11, 160
186.14, 160
186.18, 160
186.21, 160
186.24, 160
186.26, 160
186.29, 160
186.32, 160
186.38, 160
186.42, 160
186.45, 160
186.59, 160
186.62, 160
186.68, 160
186.71, 160
186.74, 160
186.76, 160
186.80, 160
186.83, 160
186.87, 160
186.90, 160
186.94, 160
186.97, 160
187.01, 160
187.03, 160
187.06, 160
187.09, 160
195.91, 160
195.95, 160
196.17, 160
196.20, 160
197.00, 160
197.04, 160
197.08, 160
197.12, 160
197.16, 160
197.19, 160
197.22, 160
197.25, 160
197.28, 160
197.31, 160
197.35, 160
197.38, 160
197.42, 160
197.44, 160
197.48, 160
197.52, 160
197.56, 160
197.59, 160
197.62, 160
197.65, 160
197.69, 160
197.72, 160
197.75, 160
197.78, 160
202.98, 160
203.02, 160
203.05, 160
203.08, 160
203.11, 160
203.15, 160
203.18, 160
203.29, 160
203.33, 160
203.36, 160
203.39, 160
203.43, 160
203.47, 160
203.50, 160
203.54, 160
203.57, 160
203.60, 160
203.64, 160
203.67, 160
203.70, 160
203.73, 160
203.77, 160
203.80, 160
203.83, 160
212.20, 160
212.24, 160
212.26, 160
212.39, 160
212.42, 160
212.45, 160
212.48, 160
212.52, 160
212.55, 160
212.58, 160
212.62, 160
212.65, 160
212.68, 160
212.72, 160
212.76, 160
216.17, 160
216.20, 160
216.23, 160
216.25, 160
216.28, 160
216.31, 160
216.34, 160
216.38, 160
216.41, 160
216.44, 160
216.48, 160
216.72, 160
216.75, 160
216.78, 160
216.80, 160
216.83, 160
216.86, 160
216.89, 160
216.92, 160
216.96, 160
216.99, 160
217.02, 160
217.04, 160
220.74, 160
220.77, 160
220.80, 160
235.61, 160
235.65, 160
235.69, 160
235.72, 160
235.75, 160
235.79, 160
235.82, 160
235.87, 160
235.90, 160
235.93, 160
235.97, 160
236.00, 160
236.43, 160
236.46, 160
236.49, 160
236.56, 160
236.59, 160
236.65, 160
236.69, 160
236.72, 160
236.75, 160
236.78, 160
236.81, 160
236.84, 160
236.87, 160
237.73, 160
237.77, 160
237.80, 160
237.84, 160
237.87, 160
237.91, 160
237.95, 160
237.97, 160
238.01, 160
238.42, 160
238.45, 160
238.49, 160
238.52, 160
238.56, 160
238.59, 160
238.62, 160
239.06, 160
239.10, 160
239.12, 160
239.16, 160
240.44, 160
240.48, 160
241.95, 160
241.98, 160
242.01, 160
242.05, 160
242.08, 160
242.12, 160
242.15, 160
242.18, 160
242.21, 160
244.56, 160
244.59, 160
244.63, 160
244.66, 160
244.69, 160
244.72, 160
244.76, 160
244.79, 160
244.82, 160
244.86, 160
244.89, 160
244.91, 160
245.01, 160
245.42, 160
245.45, 160
245.48, 160
247.68, 160
247.72, 160
247.75, 160
247.79, 160
247.92, 160
247.96, 160
247.99, 160
248.02, 160
248.05, 160
248.08, 160
248.12, 160
248.15, 160
248.19, 160
248.22, 160
248.26, 160
248.29, 160
248.33, 160
248.36, 160
254.83, 160
254.86, 160
254.89, 160
254.93, 160
254.96, 160
254.99, 160
255.02, 160
255.05, 160
255.08, 160
255.11, 160
255.14, 160
255.18, 160
255.20, 160
257.08, 160
257.24, 160
257.28, 160
257.31, 160
257.35, 160
257.39, 160
260.40, 160
260.44, 160
260.47, 160
260.50, 160
261.56, 160
261.59, 160
261.62, 160
261.66, 160
261.69, 160
261.73, 160
261.76, 160
261.81, 160
261.83, 160
261.87, 160
261.90, 160
261.93, 160
261.97, 160
262.00, 160
262.05, 160
262.08, 160
262.15, 160
269.75, 160
269.78, 160
269.80, 160
269.83, 160
269.87, 160
269.91, 160
269.94, 160
269.97, 160
270.00, 160
272.62, 160
272.65, 160
272.69, 160
272.72, 160
272.76, 160
272.79, 160
272.82, 160
272.86, 160
272.88, 160
272.93, 160
272.96, 160
273.00, 160
273.03, 160
273.05, 160
273.40, 160
273.43, 160
273.47, 160
273.50, 160
273.53, 160
273.56, 160
273.59, 160
273.62, 160
273.66, 160
273.69, 160
273.73, 160
274.63, 160
274.66, 160
274.69, 160
274.71, 160
274.75, 160
274.79, 160
274.82, 160
274.85, 160
274.88, 160
274.91, 160
274.94, 160
275.07, 160
275.19, 160
275.23, 160
275.26, 160
275.29, 160
275.33, 160
275.36, 160
275.45, 160
275.48, 160
275.51, 160
275.55, 160
275.58, 160
278.12, 160
278.16, 160
278.19, 160
278.22, 160
278.25, 160
278.29, 160
278.32, 160
278.35, 160
278.38, 160
278.41, 160
278.45, 160
278.48, 160
278.51, 160
278.54, 160
278.58, 160
278.61, 160
278.65, 160
278.68, 160
278.71, 160
278.74, 160
278.78, 160
278.81, 160
278.85, 160
278.88, 160
278.91, 160
278.94, 160
279.07, 160
279.11, 160
279.19, 160
279.22, 160
279.26, 160
279.71, 160
279.74, 160
279.77, 160
279.81, 160
279.84, 160
279.88, 160
279.91, 160
283.04, 160
283.75, 160
284.20, 160
284.22, 160
284.25, 160
285.98, 160
286.02, 160
286.05, 160
286.08, 160
286.11, 160
286.67, 160
286.70, 160
286.73, 160
286.76, 160
286.80, 160
286.82, 160
289.56, 160
289.59, 160
289.62, 160
289.68, 160
289.71, 160
289.74, 160
289.78, 160
289.81, 160
289.84, 160
289.87, 160
289.90, 160
289.97, 160
290.00, 160
290.04, 160
290.08, 160
290.11, 160
290.14, 160
290.18, 160
290.21, 160
290.25, 160
290.28, 160
290.30, 160
290.33, 160
300.05, 160
300.09, 160
300.12, 160
300.15, 160
300.18, 160
301.94, 160
302.54, 160
302.57, 160
302.60, 160
302.63, 160
302.66, 160
302.69, 160
302.72, 160
302.75, 160
302.78, 160
302.81, 160
302.85, 160
302.89, 160
302.92, 160
302.96, 160
302.99, 160
303.03, 160
303.06, 160
303.81, 160
311.48, 160
312.16, 160
312.19, 160
312.23, 160
312.26, 160
324.07, 160
324.10, 160
324.13, 160
324.17, 160
324.21, 160
324.23, 160
324.26, 160
324.29, 160
324.31, 160
324.34, 160
324.37, 160
324.40, 160
324.44, 160
324.47, 160
324.51, 160
324.55, 160
324.58, 160
324.61, 160
324.64, 160
324.68, 160
324.71, 160
324.73, 160
324.76, 160
324.79, 160
324.82, 160
324.85, 160
325.48, 160
325.99, 160
326.01, 160
326.04, 160
326.09, 160
326.11, 160
326.14, 160
326.18, 160
326.21, 160
326.24, 160
326.27, 160
326.30, 160
326.34, 160
326.37, 160
326.41, 160
326.44, 160
326.47, 160
326.51, 160
326.54, 160
326.57, 160
326.60, 160
326.63, 160
330.32, 160
330.35, 160
330.39, 160
336.30, 160
336.59, 160
336.63, 160
336.66, 160
336.69, 160
336.72, 160
336.76, 160
336.83, 160
336.86, 160
336.89, 160
336.92, 160
336.95, 160
337.67, 160
337.70, 160
337.74, 160
337.77, 160
339.59, 160
339.62, 160
339.65, 160
339.68, 160
339.72, 160
339.76, 160
339.79, 160
339.83, 160
339.85, 160
339.88, 160
339.92, 160
339.95, 160
339.99, 160
340.02, 160
340.05, 160
340.08, 160
340.11, 160
340.14, 160
340.19, 160
340.22, 160
340.26, 160
340.29, 160
340.32, 160
340.34, 160
340.38, 160
340.62, 160
340.66, 160
340.69, 160
340.78, 160
340.82, 160
340.85, 160
340.88, 160
340.95, 160
341.06, 160
341.09, 160
341.12, 160
341.15, 160
341.18, 160
341.22, 160
341.92, 160
341.95, 160
341.99, 160
342.02, 160
342.34, 160
342.38, 160
342.41, 160
342.44, 160
342.47, 160
343.01, 160
343.04, 160
343.08, 160
343.11, 160
343.14, 160
343.17, 160
343.20, 160
343.24, 160
343.28, 160
343.32, 160
343.34, 160
343.38, 160
343.41, 160
343.43, 160
343.46, 160
343.49, 160
343.53, 160
343.56, 160
343.60, 160
343.64, 160
343.67, 160
343.70, 160
343.74, 160
343.77, 160
343.80, 160
343.83, 160
343.86, 160
343.89, 160
343.93, 160
352.12, 160
352.15, 160
352.18, 160
352.21, 160
352.24, 160
353.70, 160
353.73, 160
353.76, 160
353.80, 160
354.30, 160
354.63, 160
355.06, 160
355.09, 160
355.12, 160
355.15, 160
355.18, 160
358.45, 160
358.75, 160
358.79, 160
369.19, 160
369.22, 160
369.25, 160
369.28, 160
369.31, 160
369.36, 160
369.39, 160
369.43, 160
369.47, 160
369.50, 160
369.53, 160
369.56, 160
369.58, 160
369.62, 160
369.76, 160
369.79, 160
369.84, 160
369.87, 160
369.90, 160
369.93, 160
369.96, 160
370.71, 160
370.74, 160
370.77, 160
370.80, 160
370.83, 160
370.87, 160
370.90, 160
370.94, 160
370.96, 160
371.00, 160
371.03, 160
371.07, 160
371.10, 160
371.13, 160
374.45, 160
374.49, 160
374.51, 160
374.55, 160
374.58, 160
374.61, 160
374.64, 160
374.67, 160
374.71, 160
374.74, 160
374.77, 160
374.81, 160
374.84, 160
375.12, 160
376.08, 160
376.11, 160
376.22, 160
376.25, 160
377.22, 160
377.25, 160
377.29, 160
377.32, 160
377.34, 160
377.38, 160
377.41, 160
377.44, 160
377.56, 160
377.60, 160
377.64, 160
377.67, 160
377.71, 160
377.74, 160
377.77, 160
377.80, 160
377.83, 160
377.86, 160
378.17, 160
380.65, 160
380.68, 160
380.71, 160
380.73, 160
387.57, 160
387.60, 160
387.63, 160
387.77, 160
387.81, 160
387.84, 160
387.87, 160
387.90, 160
387.93, 160
409.34, 160
409.37, 160
409.40, 160
409.42, 160
409.46, 160
409.49, 160
419.42, 160
420.94, 160
420.97, 160
421.00, 160
446.10, 160
446.14, 160
446.17, 160
446.20, 160
446.22, 160
446.25, 160
446.29, 160
446.47, 160
446.49, 160
446.53, 160
446.57, 160
446.60, 160
446.64, 160
446.67, 160
446.71, 160
446.74, 160
447.14, 160
447.17, 160
447.20, 160
448.81, 160
448.83, 160
448.86, 160
449.37, 160
452.40, 160
452.44, 160
452.47, 160
452.51, 160
452.54, 160
452.59, 160
452.62, 160
452.66, 160
452.69, 160
452.73, 160
452.76, 160
452.79, 160
452.83, 160
452.86, 160
452.89, 160
452.93, 160
452.96, 160
453.00, 160
453.03, 160
453.06, 160
453.09, 160
453.12, 160
453.16, 160
453.19, 160
453.22, 160
453.26, 160
453.28, 160
453.32, 160
453.36, 160
453.40, 160
453.43, 160
453.47, 160
453.49, 160
453.52, 160
453.55, 160
453.59, 160
453.62, 160
453.65, 160
454.07, 160
454.10, 160
454.13, 160
454.17, 160
454.20, 160
454.23, 160
454.27, 160
454.30, 160
454.34, 160
454.37, 160
454.40, 160
454.44, 160
454.47, 160
454.50, 160
454.53, 160
454.57, 160
454.61, 160
454.65, 160
454.69, 160
454.72, 160
454.75, 160
454.79, 160
456.26, 160
456.29, 160
456.33, 160
456.36, 160
456.38, 160
456.42, 160
456.45, 160
456.49, 160
456.52, 160
456.56, 160
456.77, 160
456.80, 160
456.83, 160
456.86, 160
456.89, 160
458.34, 160
458.36, 160
458.39, 160
458.44, 160
458.48, 160
458.51, 160
458.55, 160
459.21, 160
459.24, 160
459.27, 160
459.30, 160
459.32, 160
459.35, 160
459.39, 160
459.42, 160
459.45, 160
459.49, 160
459.52, 160
459.55, 160
459.58, 160
459.61, 160
459.64, 160
459.67, 160
459.71, 160
459.74, 160
459.76, 160
459.80, 160
459.83, 160
475.25, 160
475.29, 160
475.32, 160
475.64, 160
