0.27, 165
0.29, 164
0.32, 164
0.35, 164
0.37, 164
0.40, 164
0.43, 164
0.46, 164
0.51, 164
0.55, 163
0.58, 162
1.12, 162
1.15, 162
1.21, 162
1.25, 162
1.29, 162
1.33, 162
1.36, 162
1.40, 162
1.42, 162
1.45, 162
1.48, 162
1.51, 162
1.55, 162
1.58, 162
1.61, 162
1.65, 162
1.68, 161
1.71, 161
1.74, 161
1.77, 161
2.95, 161
2.98, 161
3.01, 161
3.05, 161
3.68, 161
3.71, 161
4.53, 161
4.56, 161
4.59, 161
4.73, 161
4.76, 161
4.80, 161
4.83, 161
4.87, 161
4.90, 161
4.93, 161
4.97, 161
5.01, 161
5.04, 161
5.08, 161
5.10, 161
5.13, 161
5.16, 161
5.20, 161
5.23, 161
5.26, 161
5.29, 161
5.73, 161
5.75, 161
7.12, 160
7.15, 160
7.19, 160
7.22, 160
7.50, 160
7.53, 160
7.56, 160
7.58, 160
7.61, 160
7.65, 160
11.96, 160
12.00, 160
12.04, 160
12.08, 160
12.11, 160
12.15, 160
12.18, 160
12.21, 160
12.24, 160
12.28, 160
12.31, 160
12.34, 160
12.37, 160
14.47, 160
14.50, 160
14.60, 160
14.63, 160
14.66, 160
14.68, 160
17.00, 160
17.03, 160
17.07, 160
17.11, 160
17.14, 160
17.17, 160
17.20, 160
17.23, 160
17.26, 160
17.29, 160
17.33, 160
17.37, 160
17.43, 160
17.47, 160
17.81, 160
17.84, 160
17.87, 160
17.90, 160
18.01, 160
18.05, 160
18.08, 160
22.19, 160
22.22, 160
22.26, 160
23.61, 160
23.64, 160
23.67, 160
23.70, 160
23.72, 160
23.75, 160
23.78, 160
23.81, 160
23.85, 160
23.88, 160
23.91, 160
23.93, 160
23.96, 160
24.00, 160
24.03, 160
26.59, 160
26.62, 160
26.66, 160
26.69, 160
26.72, 160
26.75, 160
26.77, 160
26.81, 160
26.85, 160
26.88, 160
26.90, 160
26.93, 160
26.97, 160
27.00, 160
27.04, 160
27.06, 160
27.09, 160
27.12, 160
27.16, 160
27.18, 160
27.22, 160
27.24, 160
27.26, 160
27.30, 160
27.33, 160
27.59, 160
34.14, 160
34.17, 160
34.20, 160
34.24, 160
34.26, 160
34.29, 160
34.33, 160
34.37, 160
34.40, 160
34.42, 160
34.46, 160
34.49, 160
34.52, 160
55.93, 160
55.96, 160
56.00, 160
56.03, 160
69.21, 160
69.25, 160
69.28, 160
69.43, 160
69.46, 160
69.50, 160
69.54, 160
69.57, 160
69.60, 160
69.63, 160
69.67, 160
69.71, 160
69.73, 160
69.76, 160
69.80, 160
69.83, 160
69.86, 160
69.89, 160
69.92, 160
69.95, 160
69.98, 160
70.01, 160
70.05, 160
70.08, 160
71.06, 160
71.09, 160
71.12, 160
71.15, 160
71.19, 160
71.21, 160
71.25, 160
71.28, 160
71.31, 160
71.34, 160
71.37, 160
71.41, 160
71.44, 160
71.47, 160
71.51, 160
75.39, 160
75.43, 160
75.46, 160
75.49, 160
75.53, 160
75.55, 160
75.58, 160
75.61, 160
75.63, 160
75.66, 160
77.05, 160
77.08, 160
77.11, 160
77.14, 160
77.18, 160
77.21, 160
77.24, 160
77.27, 160
77.30, 160
77.33, 160
77.36, 160
77.39, 160
77.42, 160
77.45, 160
77.48, 160
77.99, 160
78.02, 160
78.05, 160
78.08, 160
78.11, 160
78.14, 160
78.16, 160
78.20, 160
78.23, 160
78.26, 160
78.42, 160
78.45, 160
78.47, 160
78.51, 160
88.97, 160
89.01, 160
89.03, 160
89.05, 160
89.07, 160
89.11, 160
89.14, 160
89.21, 160
89.24, 160
89.27, 160
89.29, 160
90.17, 160
90.21, 160
90.24, 160
90.27, 160
90.52, 160
90.60, 160
90.63, 160
90.67, 160
90.70, 160
90.73, 160
90.77, 160
90.80, 160
90.82, 160
90.85, 160
92.67, 160
92.70, 160
92.73, 160
92.76, 160
92.79, 160
92.83, 160
92.86, 160
92.89, 160
92.92, 160
92.94, 160
92.97, 160
93.00, 160
93.03, 160
93.09, 160
93.11, 160
100.10, 160
100.13, 160
100.16, 160
100.19, 160
100.22, 160
100.25, 160
101.45, 160
101.48, 160
101.63, 160
101.66, 160
101.70, 160
101.73, 160
101.77, 160
101.80, 160
101.84, 160
101.87, 160
101.90, 160
101.93, 160
101.96, 160
101.99, 160
102.03, 160
102.07, 160
102.09, 160
102.13, 160
102.16, 160
102.19, 160
102.23, 160
102.26, 160
102.29, 160
102.32, 160
102.35, 160
102.38, 160
102.42, 160
102.46, 160
102.48, 160
102.52, 160
116.61, 160
116.65, 160
116.68, 160
116.71, 160
116.73, 160
116.95, 160
116.98, 160
117.01, 160
117.04, 160
117.07, 160
117.10, 160
117.12, 160
117.15, 160
117.18, 160
117.21, 160
117.24, 160
117.27, 160
117.30, 160
117.34, 160
117.36, 160
117.39, 160
117.41, 160
117.44, 160
117.47, 160
117.50, 160
117.53, 160
117.56, 160
117.60, 160
117.62, 160
117.66, 160
117.69, 160
117.72, 160
117.75, 160
117.78, 160
