0.25, 165
0.28, 164
0.31, 164
0.34, 164
0.37, 164
0.40, 164
0.43, 164
0.47, 164
0.53, 164
0.56, 163
0.60, 162
1.16, 162
1.20, 162
1.26, 162
1.30, 162
1.34, 162
1.37, 162
1.41, 162
1.46, 162
1.49, 162
1.53, 162
1.57, 162
1.60, 162
1.64, 162
1.67, 162
1.70, 162
1.75, 162
1.79, 161
1.83, 161
1.86, 161
1.90, 161
3.13, 161
3.16, 161
3.19, 161
3.23, 161
3.88, 161
3.91, 161
4.80, 161
4.83, 161
4.86, 161
5.02, 161
5.06, 161
5.10, 161
5.13, 161
5.16, 161
5.20, 161
5.23, 161
5.26, 161
5.30, 161
5.33, 161
5.37, 161
5.40, 161
5.44, 161
5.47, 161
5.51, 161
5.54, 161
5.57, 161
5.61, 161
6.08, 161
6.11, 161
7.59, 160
7.62, 160
7.67, 160
7.71, 160
8.01, 160
8.05, 160
8.08, 160
8.12, 160
8.15, 160
8.20, 160
12.73, 160
12.77, 160
12.81, 160
12.85, 160
12.88, 160
12.91, 160
12.95, 160
12.98, 160
13.02, 160
13.05, 160
13.08, 160
13.12, 160
13.15, 160
15.38, 160
15.40, 160
15.50, 160
15.54, 160
15.57, 160
15.60, 160
18.01, 160
18.05, 160
18.09, 160
18.12, 160
18.15, 160
18.18, 160
18.21, 160
18.24, 160
18.27, 160
18.31, 160
18.35, 160
18.39, 160
18.46, 160
18.49, 160
18.86, 160
18.89, 160
18.92, 160
18.95, 160
19.07, 160
19.12, 160
19.16, 160
23.48, 160
23.52, 160
23.56, 160
25.07, 160
25.10, 160
25.13, 160
25.17, 160
25.19, 160
25.22, 160
25.26, 160
25.29, 160
25.33, 160
25.37, 160
25.40, 160
25.42, 160
25.46, 160
25.49, 160
25.53, 160
28.22, 160
28.26, 160
28.30, 160
28.34, 160
28.38, 160
28.40, 160
28.43, 160
28.47, 160
28.50, 160
28.53, 160
28.57, 160
28.60, 160
28.64, 160
28.67, 160
28.71, 160
28.74, 160
28.77, 160
28.80, 160
28.84, 160
28.87, 160
28.90, 160
28.93, 160
28.96, 160
29.00, 160
29.03, 160
29.29, 160
36.33, 160
36.36, 160
36.40, 160
36.43, 160
36.48, 160
36.52, 160
36.55, 160
36.59, 160
36.62, 160
36.66, 160
36.69, 160
36.73, 160
36.76, 160
60.34, 160
60.37, 160
60.40, 160
60.44, 160
75.08, 160
75.11, 160
75.15, 160
75.29, 160
75.33, 160
75.37, 160
75.41, 160
75.44, 160
75.47, 160
75.50, 160
75.54, 160
75.57, 160
75.60, 160
75.63, 160
75.67, 160
75.70, 160
75.73, 160
75.77, 160
75.80, 160
75.83, 160
75.86, 160
75.89, 160
75.93, 160
75.96, 160
77.01, 160
77.03, 160
77.06, 160
77.09, 160
77.12, 160
77.16, 160
77.20, 160
77.23, 160
77.26, 160
77.30, 160
77.33, 160
77.37, 160
77.40, 160
77.44, 160
77.47, 160
81.63, 160
81.66, 160
81.69, 160
81.72, 160
81.76, 160
81.79, 160
81.82, 160
81.85, 160
81.88, 160
81.91, 160
83.38, 160
83.41, 160
83.44, 160
83.47, 160
83.51, 160
83.56, 160
83.59, 160
83.62, 160
83.66, 160
83.69, 160
83.72, 160
83.75, 160
83.78, 160
83.81, 160
83.84, 160
84.39, 160
84.42, 160
84.46, 160
84.49, 160
84.52, 160
84.55, 160
84.58, 160
84.61, 160
84.64, 160
84.68, 160
84.85, 160
84.88, 160
84.91, 160
84.94, 160
96.42, 160
96.46, 160
96.49, 160
96.52, 160
96.54, 160
96.59, 160
96.63, 160
96.70, 160
96.74, 160
96.77, 160
96.80, 160
97.79, 160
97.82, 160
97.86, 160
97.89, 160
98.14, 160
98.23, 160
98.26, 160
98.30, 160
98.33, 160
98.36, 160
98.41, 160
98.44, 160
98.46, 160
98.49, 160
100.46, 160
100.50, 160
100.53, 160
100.56, 160
100.59, 160
100.63, 160
100.66, 160
100.69, 160
100.72, 160
100.75, 160
100.79, 160
100.83, 160
100.86, 160
100.94, 160
100.96, 160
108.44, 160
108.48, 160
108.51, 160
108.54, 160
108.57, 160
108.61, 160
109.92, 160
109.95, 160
110.11, 160
110.15, 160
110.19, 160
110.23, 160
110.27, 160
110.31, 160
110.35, 160
110.38, 160
110.41, 160
110.44, 160
110.47, 160
110.50, 160
110.54, 160
110.57, 160
110.61, 160
110.64, 160
110.68, 160
110.71, 160
110.74, 160
110.77, 160
110.80, 160
110.83, 160
110.85, 160
110.89, 160
110.92, 160
110.96, 160
111.00, 160
111.03, 160
126.54, 160
126.58, 160
126.61, 160
126.65, 160
126.68, 160
126.92, 160
126.96, 160
126.99, 160
127.02, 160
127.05, 160
127.08, 160
127.11, 160
127.14, 160
127.17, 160
127.20, 160
127.24, 160
127.28, 160
127.32, 160
127.36, 160
127.39, 160
127.42, 160
127.45, 160
127.48, 160
127.51, 160
127.54, 160
127.57, 160
127.61, 160
127.64, 160
127.67, 160
127.71, 160
127.74, 160
127.77, 160
127.80, 160
127.84, 160
130.54, 160
130.57, 160
133.41, 160
133.45, 160
133.48, 160
133.51, 160
133.55, 160
133.58, 160
133.63, 160
133.66, 160
133.69, 160
133.73, 160
133.76, 160
133.79, 160
133.82, 160
133.85, 160
133.88, 160
133.91, 160
133.95, 160
133.98, 160
134.02, 160
134.06, 160
134.09, 160
134.13, 160
134.16, 160
134.20, 160
134.23, 160
134.27, 160
134.31, 160
136.92, 160
138.75, 160
138.78, 160
138.82, 160
138.85, 160
138.87, 160
138.90, 160
138.94, 160
139.15, 160
139.18, 160
139.22, 160
139.25, 160
139.28, 160
139.32, 160
139.35, 160
139.67, 160
139.71, 160
139.74, 160
139.77, 160
139.81, 160
139.84, 160
139.87, 160
139.91, 160
139.95, 160
139.99, 160
140.02, 160
140.05, 160
140.08, 160
140.12, 160
140.15, 160
140.18, 160
140.21, 160
140.24, 160
140.27, 160
140.31, 160
140.35, 160
140.38, 160
140.41, 160
140.44, 160
141.19, 160
141.22, 160
141.26, 160
141.30, 160
141.34, 160
141.37, 160
141.40, 160
141.43, 160
141.47, 160
141.50, 160
141.53, 160
141.57, 160
141.60, 160
144.64, 160
161.71, 160
161.75, 160
162.37, 160
162.41, 160
162.61, 160
162.64, 160
162.67, 160
162.71, 160
162.74, 160
162.78, 160
162.81, 160
162.84, 160
162.87, 160
162.89, 160
162.93, 160
162.97, 160
164.63, 160
164.66, 160
164.69, 160
164.72, 160
164.75, 160
164.79, 160
164.82, 160
164.86, 160
164.90, 160
164.92, 160
164.96, 160
184.23, 160
184.26, 160
184.65, 160
184.69, 160
184.72, 160
184.75, 160
184.78, 160
184.81, 160
184.93, 160
184.97, 160
185.00, 160
185.04, 160
185.07, 160
185.11, 160
185.14, 160
185.17, 160
185.20, 160
185.23, 160
186.95, 160
186.99, 160
187.01, 160
187.05, 160
187.17, 160
187.20, 160
187.23, 160
187.26, 160
187.32, 160
187.35, 160
187.39, 160
187.42, 160
187.45, 160
187.49, 160
187.52, 160
187.54, 160
187.58, 160
187.61, 160
187.64, 160
187.67, 160
187.70, 160
187.74, 160
187.77, 160
187.81, 160
187.84, 160
187.88, 160
187.91, 160
187.95, 160
187.99, 160
188.02, 160
188.06, 160
188.09, 160
188.13, 160
188.75, 160
188.78, 160
188.82, 160
188.85, 160
188.88, 160
188.91, 160
188.94, 160
189.01, 160
189.05, 160
189.08, 160
189.11, 160
189.15, 160
189.18, 160
191.09, 160
191.13, 160
191.16, 160
191.20, 160
191.24, 160
191.29, 160
191.32, 160
191.36, 160
191.39, 160
191.43, 160
191.47, 160
191.51, 160
191.64, 160
191.68, 160
191.71, 160
191.75, 160
191.78, 160
191.83, 160
191.86, 160
191.90, 160
192.33, 160
193.36, 160
193.39, 160
193.42, 160
193.46, 160
193.49, 160
193.53, 160
193.57, 160
193.60, 160
193.64, 160
193.66, 160
193.69, 160
193.72, 160
193.79, 160
193.82, 160
193.85, 160
194.00, 160
194.03, 160
194.10, 160
194.13, 160
194.16, 160
194.19, 160
194.23, 160
194.26, 160
194.30, 160
194.33, 160
194.37, 160
194.40, 160
194.44, 160
194.46, 160
194.49, 160
194.52, 160
203.41, 160
203.44, 160
203.65, 160
203.68, 160
204.44, 160
204.48, 160
204.52, 160
204.55, 160
204.58, 160
204.61, 160
204.65, 160
204.67, 160
204.70, 160
204.74, 160
204.78, 160
204.81, 160
204.84, 160
204.87, 160
204.91, 160
204.95, 160
204.99, 160
205.02, 160
205.05, 160
205.09, 160
205.12, 160
205.15, 160
205.18, 160
205.21, 160
210.49, 160
210.53, 160
210.56, 160
210.59, 160
210.62, 160
210.65, 160
210.68, 160
210.80, 160
210.83, 160
210.86, 160
210.90, 160
210.94, 160
210.98, 160
211.02, 160
211.05, 160
211.08, 160
211.12, 160
211.15, 160
211.19, 160
211.22, 160
211.25, 160
211.28, 160
211.32, 160
211.35, 160
219.88, 160
219.92, 160
219.95, 160
220.08, 160
220.11, 160
220.14, 160
220.18, 160
220.21, 160
220.24, 160
220.28, 160
220.31, 160
220.34, 160
220.37, 160
220.41, 160
220.45, 160
223.87, 160
223.90, 160
223.93, 160
223.96, 160
223.99, 160
224.03, 160
224.06, 160
224.10, 160
224.14, 160
224.16, 160
224.20, 160
224.46, 160
224.50, 160
224.53, 160
224.56, 160
224.59, 160
224.62, 160
224.65, 160
224.68, 160
224.72, 160
224.75, 160
224.78, 160
224.81, 160
228.55, 160
228.59, 160
228.62, 160
243.83, 160
243.87, 160
243.91, 160
243.94, 160
243.97, 160
244.00, 160
244.04, 160
244.08, 160
244.12, 160
244.15, 160
244.19, 160
244.22, 160
244.65, 160
244.68, 160
244.72, 160
244.78, 160
244.81, 160
244.88, 160
244.91, 160
244.94, 160
244.97, 160
245.00, 160
245.04, 160
245.07, 160
245.09, 160
245.94, 160
245.97, 160
246.01, 160
246.04, 160
246.08, 160
246.12, 160
246.15, 160
246.19, 160
246.22, 160
246.61, 160
246.65, 160
246.69, 160
246.73, 160
246.76, 160
246.80, 160
246.83, 160
247.29, 160
247.33, 160
247.36, 160
247.40, 160
248.77, 160
248.80, 160
250.37, 160
250.40, 160
250.44, 160
250.47, 160
250.51, 160
250.55, 160
250.59, 160
250.62, 160
250.66, 160
253.15, 160
253.18, 160
253.21, 160
253.24, 160
253.28, 160
253.32, 160
253.35, 160
253.39, 160
253.42, 160
253.45, 160
253.48, 160
253.51, 160
253.62, 160
254.04, 160
254.09, 160
254.12, 160
256.34, 160
256.38, 160
256.41, 160
256.44, 160
256.57, 160
256.60, 160
256.63, 160
256.66, 160
256.70, 160
256.73, 160
256.77, 160
256.80, 160
256.83, 160
256.86, 160
256.90, 160
256.93, 160
256.96, 160
257.00, 160
263.63, 160
263.67, 160
263.70, 160
263.73, 160
263.77, 160
263.80, 160
263.83, 160
263.86, 160
263.89, 160
263.92, 160
263.95, 160
263.99, 160
264.02, 160
265.91, 160
266.08, 160
266.11, 160
266.14, 160
266.17, 160
266.21, 160
269.36, 160
269.40, 160
269.43, 160
269.46, 160
270.53, 160
270.56, 160
270.60, 160
270.64, 160
270.68, 160
270.72, 160
270.75, 160
270.80, 160
270.82, 160
270.86, 160
270.89, 160
270.92, 160
270.95, 160
270.99, 160
271.04, 160
271.07, 160
271.15, 160
278.83, 160
278.86, 160
278.89, 160
278.92, 160
278.96, 160
278.99, 160
279.03, 160
279.06, 160
279.09, 160
281.77, 160
281.80, 160
281.84, 160
281.87, 160
281.90, 160
281.93, 160
281.96, 160
281.99, 160
282.03, 160
282.07, 160
282.10, 160
282.13, 160
282.16, 160
282.19, 160
282.55, 160
282.58, 160
282.61, 160
282.65, 160
282.68, 160
282.72, 160
282.76, 160
282.80, 160
282.83, 160
282.87, 160
282.90, 160
283.86, 160
283.90, 160
283.93, 160
283.97, 160
284.01, 160
284.05, 160
284.08, 160
284.11, 160
284.14, 160
284.17, 160
284.20, 160
284.34, 160
284.47, 160
284.51, 160
284.54, 160
284.58, 160
284.62, 160
284.65, 160
284.74, 160
284.77, 160
284.80, 160
284.83, 160
284.87, 160
287.56, 160
287.59, 160
287.62, 160
287.66, 160
287.70, 160
287.74, 160
287.77, 160
287.80, 160
287.83, 160
287.86, 160
287.90, 160
287.93, 160
287.96, 160
287.99, 160
288.03, 160
288.07, 160
288.11, 160
288.15, 160
288.18, 160
288.22, 160
288.26, 160
288.29, 160
288.32, 160
288.35, 160
288.38, 160
288.42, 160
288.56, 160
288.60, 160
288.69, 160
288.72, 160
288.75, 160
289.21, 160
289.25, 160
289.28, 160
289.31, 160
289.34, 160
289.39, 160
289.42, 160
292.62, 160
293.43, 160
293.90, 160
293.93, 160
293.96, 160
295.76, 160
295.79, 160
295.83, 160
295.86, 160
295.89, 160
296.52, 160
296.55, 160
296.59, 160
296.62, 160
296.66, 160
296.69, 160
299.59, 160
299.62, 160
299.65, 160
299.72, 160
299.75, 160
299.78, 160
299.82, 160
299.85, 160
299.89, 160
299.92, 160
299.96, 160
300.02, 160
300.06, 160
300.09, 160
300.13, 160
300.16, 160
300.18, 160
300.22, 160
300.25, 160
300.29, 160
300.32, 160
300.34, 160
300.38, 160
310.51, 160
310.55, 160
310.58, 160
310.61, 160
310.65, 160
312.46, 160
313.08, 160
313.11, 160
313.14, 160
313.17, 160
313.19, 160
313.23, 160
313.26, 160
313.29, 160
313.32, 160
313.36, 160
313.40, 160
313.42, 160
313.45, 160
313.49, 160
313.52, 160
313.56, 160
313.59, 160
314.34, 160
322.27, 160
323.00, 160
323.03, 160
323.07, 160
323.10, 160
335.44, 160
335.47, 160
335.50, 160
335.54, 160
335.58, 160
335.61, 160
335.64, 160
335.67, 160
335.71, 160
335.74, 160
335.77, 160
335.80, 160
335.84, 160
335.88, 160
335.92, 160
335.95, 160
335.99, 160
336.03, 160
336.06, 160
336.10, 160
336.14, 160
336.16, 160
336.19, 160
336.22, 160
336.25, 160
336.28, 160
336.99, 160
337.53, 160
337.56, 160
337.59, 160
337.63, 160
337.66, 160
337.70, 160
337.73, 160
337.77, 160
337.81, 160
337.84, 160
337.87, 160
337.90, 160
337.93, 160
337.97, 160
338.00, 160
338.03, 160
338.07, 160
338.11, 160
338.15, 160
338.17, 160
338.21, 160
342.08, 160
342.11, 160
342.14, 160
348.36, 160
348.65, 160
348.68, 160
348.71, 160
348.74, 160
348.78, 160
348.81, 160
348.88, 160
348.91, 160
348.94, 160
348.98, 160
349.01, 160
349.81, 160
349.84, 160
349.87, 160
349.91, 160
351.88, 160
351.90, 160
351.93, 160
351.97, 160
352.01, 160
352.05, 160
352.08, 160
352.11, 160
352.14, 160
352.17, 160
352.21, 160
352.24, 160
352.29, 160
352.32, 160
352.36, 160
352.39, 160
352.42, 160
352.44, 160
352.49, 160
352.52, 160
352.56, 160
352.60, 160
352.63, 160
352.66, 160
352.69, 160
352.93, 160
352.96, 160
353.00, 160
353.09, 160
353.12, 160
353.16, 160
353.19, 160
353.26, 160
353.36, 160
353.39, 160
353.43, 160
353.46, 160
353.49, 160
353.53, 160
354.20, 160
354.24, 160
354.28, 160
354.32, 160
354.65, 160
354.69, 160
354.73, 160
354.77, 160
354.80, 160
355.36, 160
355.38, 160
355.42, 160
355.45, 160
355.49, 160
355.52, 160
355.55, 160
355.58, 160
355.62, 160
355.65, 160
355.68, 160
355.71, 160
355.74, 160
355.76, 160
355.79, 160
355.82, 160
355.86, 160
355.90, 160
355.94, 160
355.97, 160
356.01, 160
356.04, 160
356.08, 160
356.11, 160
356.14, 160
356.18, 160
356.20, 160
356.23, 160
356.27, 160
364.95, 160
364.98, 160
365.01, 160
365.05, 160
365.08, 160
366.68, 160
366.72, 160
366.75, 160
366.79, 160
367.33, 160
367.68, 160
368.11, 160
368.14, 160
368.17, 160
368.20, 160
368.23, 160
371.55, 160
371.85, 160
371.88, 160
382.74, 160
382.78, 160
382.81, 160
382.84, 160
382.87, 160
382.91, 160
382.94, 160
382.98, 160
383.02, 160
383.06, 160
383.09, 160
383.12, 160
383.15, 160
383.19, 160
383.31, 160
383.34, 160
383.38, 160
383.41, 160
383.44, 160
383.48, 160
383.51, 160
384.27, 160
384.30, 160
384.34, 160
384.37, 160
384.41, 160
384.44, 160
384.47, 160
384.51, 160
384.53, 160
384.57, 160
384.60, 160
384.64, 160
384.67, 160
384.70, 160
388.04, 160
388.08, 160
388.11, 160
388.14, 160
388.17, 160
388.20, 160
388.24, 160
388.27, 160
388.31, 160
388.34, 160
388.38, 160
388.42, 160
388.45, 160
388.74, 160
389.78, 160
389.82, 160
389.93, 160
389.96, 160
390.93, 160
390.96, 160
391.00, 160
391.02, 160
391.05, 160
391.09, 160
391.12, 160
391.15, 160
391.28, 160
391.31, 160
391.35, 160
391.38, 160
391.42, 160
391.46, 160
391.49, 160
391.52, 160
391.56, 160
391.59, 160
391.90, 160
394.52, 160
394.55, 160
394.58, 160
394.61, 160
400.88, 160
400.91, 160
400.94, 160
401.09, 160
401.12, 160
401.15, 160
401.17, 160
401.21, 160
401.23, 160
