0.26, 165
0.29, 164
0.32, 164
0.36, 164
0.38, 164
0.41, 164
0.45, 164
0.47, 164
0.53, 164
0.56, 163
0.60, 162
1.16, 162
1.20, 162
1.26, 162
1.30, 162
1.33, 162
1.37, 162
1.41, 162
1.45, 162
1.48, 162
1.51, 162
1.54, 162
1.57, 162
1.61, 162
1.64, 162
1.67, 162
1.71, 162
1.74, 161
1.78, 161
1.81, 161
1.85, 161
3.07, 161
3.10, 161
3.13, 161
3.17, 161
3.81, 161
3.84, 161
4.71, 161
4.74, 161
4.77, 161
4.93, 161
4.97, 161
5.01, 161
5.04, 161
5.07, 161
5.11, 161
5.14, 161
5.18, 161
5.22, 161
5.25, 161
5.29, 161
5.32, 161
5.35, 161
5.38, 161
5.42, 161
5.45, 161
5.49, 161
5.52, 161
5.99, 161
6.02, 161
7.50, 160
7.53, 160
7.58, 160
7.62, 160
7.88, 160
7.92, 160
7.96, 160
7.99, 160
8.03, 160
8.06, 160
12.40, 160
12.44, 160
12.47, 160
12.51, 160
12.55, 160
12.58, 160
12.61, 160
12.63, 160
12.67, 160
12.70, 160
12.72, 160
12.75, 160
12.79, 160
14.94, 160
14.97, 160
15.07, 160
15.10, 160
15.13, 160
15.16, 160
17.46, 160
17.50, 160
17.53, 160
17.57, 160
17.60, 160
17.63, 160
17.66, 160
17.69, 160
17.72, 160
17.75, 160
17.80, 160
17.84, 160
17.89, 160
17.92, 160
18.26, 160
18.29, 160
18.32, 160
18.35, 160
18.46, 160
18.50, 160
18.53, 160
22.74, 160
22.78, 160
22.82, 160
24.27, 160
24.30, 160
24.32, 160
24.36, 160
24.38, 160
24.41, 160
24.45, 160
24.49, 160
24.52, 160
24.56, 160
24.59, 160
24.61, 160
24.64, 160
24.67, 160
24.71, 160
27.34, 160
27.36, 160
27.41, 160
27.45, 160
27.49, 160
27.51, 160
27.54, 160
27.57, 160
27.60, 160
27.63, 160
27.67, 160
27.70, 160
27.73, 160
27.77, 160
27.82, 160
27.84, 160
27.87, 160
27.90, 160
27.94, 160
27.97, 160
28.00, 160
28.03, 160
28.06, 160
28.09, 160
28.13, 160
28.38, 160
35.34, 160
35.38, 160
35.42, 160
35.46, 160
35.49, 160
35.53, 160
35.56, 160
35.60, 160
35.64, 160
35.67, 160
35.71, 160
35.75, 160
35.78, 160
58.11, 160
58.14, 160
58.17, 160
58.21, 160
72.06, 160
72.09, 160
72.13, 160
72.26, 160
72.29, 160
72.33, 160
72.37, 160
72.40, 160
72.44, 160
72.47, 160
72.51, 160
72.54, 160
72.57, 160
72.60, 160
72.64, 160
72.67, 160
72.70, 160
72.73, 160
72.76, 160
72.79, 160
72.82, 160
72.86, 160
72.89, 160
72.92, 160
73.96, 160
73.99, 160
74.02, 160
74.05, 160
74.08, 160
74.12, 160
74.15, 160
74.18, 160
74.21, 160
74.24, 160
74.28, 160
74.31, 160
74.35, 160
74.39, 160
74.43, 160
78.30, 160
78.33, 160
78.36, 160
78.39, 160
78.42, 160
78.45, 160
78.47, 160
78.50, 160
78.53, 160
78.56, 160
79.96, 160
79.99, 160
80.04, 160
80.07, 160
80.11, 160
80.15, 160
80.18, 160
80.21, 160
80.24, 160
80.27, 160
80.30, 160
80.32, 160
80.36, 160
80.39, 160
80.42, 160
80.95, 160
80.97, 160
81.01, 160
81.04, 160
81.06, 160
81.10, 160
81.13, 160
81.16, 160
81.20, 160
81.23, 160
81.39, 160
81.42, 160
81.45, 160
81.48, 160
92.47, 160
92.51, 160
92.53, 160
92.55, 160
92.58, 160
92.62, 160
92.66, 160
92.73, 160
92.76, 160
92.79, 160
92.82, 160
93.75, 160
93.78, 160
93.81, 160
93.84, 160
94.12, 160
94.20, 160
94.23, 160
94.26, 160
94.30, 160
94.34, 160
94.38, 160
94.42, 160
94.45, 160
94.48, 160
96.39, 160
96.43, 160
96.47, 160
96.49, 160
96.53, 160
96.57, 160
96.60, 160
96.63, 160
96.66, 160
96.69, 160
96.73, 160
96.76, 160
96.80, 160
96.87, 160
96.90, 160
104.31, 160
104.34, 160
104.37, 160
104.40, 160
104.42, 160
104.45, 160
105.70, 160
105.73, 160
105.88, 160
105.92, 160
105.96, 160
106.00, 160
106.04, 160
106.08, 160
106.13, 160
106.16, 160
106.19, 160
106.22, 160
106.25, 160
106.28, 160
106.32, 160
106.35, 160
106.38, 160
106.41, 160
106.45, 160
106.48, 160
106.51, 160
106.55, 160
106.58, 160
106.61, 160
106.64, 160
106.67, 160
106.71, 160
106.74, 160
106.78, 160
106.81, 160
121.74, 160
121.77, 160
121.80, 160
121.83, 160
121.87, 160
122.09, 160
122.12, 160
122.15, 160
122.18, 160
122.21, 160
122.24, 160
122.27, 160
122.30, 160
122.34, 160
122.37, 160
122.41, 160
122.44, 160
122.48, 160
122.51, 160
122.54, 160
122.57, 160
122.60, 160
122.63, 160
122.66, 160
122.70, 160
122.73, 160
122.77, 160
122.80, 160
122.83, 160
122.86, 160
122.90, 160
122.94, 160
122.98, 160
123.02, 160
125.72, 160
125.76, 160
128.58, 160
128.62, 160
128.66, 160
128.69, 160
128.73, 160
128.76, 160
128.79, 160
128.82, 160
128.85, 160
128.88, 160
128.92, 160
128.95, 160
128.98, 160
129.00, 160
129.03, 160
129.07, 160
129.10, 160
129.13, 160
129.17, 160
129.20, 160
129.23, 160
129.26, 160
129.29, 160
129.33, 160
129.37, 160
129.41, 160
129.44, 160
131.98, 160
133.76, 160
133.79, 160
133.83, 160
133.87, 160
133.89, 160
133.92, 160
133.95, 160
134.13, 160
134.17, 160
134.20, 160
134.24, 160
134.27, 160
134.30, 160
134.33, 160
134.65, 160
134.68, 160
134.72, 160
134.75, 160
134.79, 160
134.81, 160
134.85, 160
134.88, 160
134.92, 160
134.95, 160
134.98, 160
135.02, 160
135.05, 160
135.08, 160
135.11, 160
135.14, 160
135.17, 160
135.20, 160
135.23, 160
135.27, 160
135.31, 160
135.34, 160
135.37, 160
135.40, 160
136.14, 160
136.18, 160
136.22, 160
136.25, 160
136.30, 160
136.33, 160
136.37, 160
136.40, 160
136.43, 160
136.46, 160
136.49, 160
136.53, 160
136.57, 160
139.50, 160
155.79, 160
155.83, 160
156.44, 160
156.48, 160
156.65, 160
156.68, 160
156.72, 160
156.76, 160
156.79, 160
156.83, 160
156.86, 160
156.88, 160
156.91, 160
156.94, 160
156.97, 160
157.00, 160
158.65, 160
158.68, 160
158.71, 160
158.75, 160
158.77, 160
158.80, 160
158.84, 160
158.87, 160
158.90, 160
158.93, 160
158.96, 160
177.79, 160
177.83, 160
178.21, 160
178.25, 160
178.28, 160
178.31, 160
178.33, 160
178.37, 160
178.49, 160
178.53, 160
178.57, 160
178.60, 160
178.64, 160
178.67, 160
178.70, 160
178.73, 160
178.76, 160
178.79, 160
180.58, 160
180.62, 160
180.65, 160
180.68, 160
180.80, 160
180.83, 160
180.87, 160
180.90, 160
180.96, 160
180.99, 160
181.02, 160
181.06, 160
181.08, 160
181.11, 160
181.15, 160
181.17, 160
181.21, 160
181.25, 160
181.28, 160
181.31, 160
181.34, 160
181.37, 160
181.41, 160
181.44, 160
181.46, 160
181.49, 160
181.53, 160
181.56, 160
181.60, 160
181.64, 160
181.68, 160
181.72, 160
181.75, 160
182.32, 160
182.35, 160
182.39, 160
182.42, 160
182.45, 160
182.48, 160
182.51, 160
182.57, 160
182.60, 160
182.62, 160
182.65, 160
182.69, 160
182.71, 160
184.64, 160
184.67, 160
184.71, 160
184.75, 160
184.79, 160
184.83, 160
184.86, 160
184.89, 160
184.93, 160
184.98, 160
185.02, 160
185.06, 160
185.20, 160
185.23, 160
185.27, 160
185.30, 160
185.34, 160
185.38, 160
185.42, 160
185.45, 160
185.88, 160
186.89, 160
186.91, 160
186.95, 160
186.98, 160
187.01, 160
187.05, 160
187.08, 160
187.11, 160
187.14, 160
187.16, 160
187.19, 160
187.21, 160
187.28, 160
187.31, 160
187.34, 160
187.47, 160
187.50, 160
187.56, 160
187.59, 160
187.62, 160
187.65, 160
187.68, 160
187.72, 160
187.75, 160
187.79, 160
187.83, 160
187.86, 160
187.89, 160
187.91, 160
187.94, 160
187.97, 160
196.65, 160
196.69, 160
196.91, 160
196.94, 160
197.69, 160
197.72, 160
197.76, 160
197.80, 160
197.84, 160
197.87, 160
197.89, 160
197.92, 160
197.94, 160
197.97, 160
198.00, 160
198.03, 160
198.07, 160
198.10, 160
198.14, 160
198.18, 160
198.21, 160
198.24, 160
198.27, 160
198.30, 160
198.33, 160
198.36, 160
198.39, 160
198.42, 160
203.42, 160
203.46, 160
203.49, 160
203.52, 160
203.55, 160
203.58, 160
203.61, 160
203.72, 160
203.76, 160
203.79, 160
203.83, 160
203.87, 160
203.91, 160
203.95, 160
203.98, 160
204.01, 160
204.04, 160
204.07, 160
204.12, 160
204.15, 160
204.19, 160
204.23, 160
204.26, 160
204.29, 160
212.56, 160
212.60, 160
212.63, 160
212.75, 160
212.78, 160
212.81, 160
212.84, 160
212.88, 160
212.91, 160
212.94, 160
212.97, 160
213.00, 160
213.03, 160
213.08, 160
213.11, 160
216.40, 160
216.44, 160
216.47, 160
216.49, 160
216.52, 160
216.55, 160
216.58, 160
216.61, 160
216.65, 160
216.68, 160
216.72, 160
216.96, 160
216.99, 160
217.02, 160
217.05, 160
217.08, 160
217.11, 160
217.13, 160
217.16, 160
217.20, 160
217.23, 160
217.26, 160
217.29, 160
220.87, 160
220.90, 160
220.93, 160
235.64, 160
235.68, 160
235.71, 160
235.74, 160
235.76, 160
235.79, 160
235.83, 160
235.87, 160
235.90, 160
235.93, 160
235.96, 160
235.99, 160
236.40, 160
236.43, 160
236.46, 160
236.52, 160
236.55, 160
236.62, 160
236.66, 160
236.68, 160
236.71, 160
236.74, 160
236.77, 160
236.80, 160
236.83, 160
237.63, 160
237.66, 160
237.70, 160
237.72, 160
237.75, 160
237.79, 160
237.82, 160
237.86, 160
237.88, 160
238.25, 160
238.28, 160
238.31, 160
238.34, 160
238.38, 160
238.41, 160
238.45, 160
238.86, 160
238.90, 160
238.93, 160
238.96, 160
240.18, 160
240.21, 160
241.67, 160
241.70, 160
241.73, 160
241.77, 160
241.80, 160
241.84, 160
241.87, 160
241.91, 160
241.94, 160
244.19, 160
244.22, 160
244.24, 160
244.27, 160
244.31, 160
244.34, 160
244.37, 160
244.42, 160
244.45, 160
244.48, 160
244.51, 160
244.54, 160
244.64, 160
245.02, 160
245.06, 160
245.08, 160
247.15, 160
247.19, 160
247.22, 160
247.26, 160
247.38, 160
247.41, 160
247.44, 160
247.47, 160
247.50, 160
247.52, 160
247.55, 160
247.58, 160
247.62, 160
247.65, 160
247.69, 160
247.72, 160
247.75, 160
247.79, 160
254.03, 160
254.06, 160
254.09, 160
254.12, 160
254.15, 160
254.17, 160
254.20, 160
254.24, 160
254.26, 160
254.30, 160
254.33, 160
254.36, 160
254.39, 160
256.19, 160
256.34, 160
256.38, 160
256.41, 160
256.44, 160
256.47, 160
259.41, 160
259.45, 160
259.47, 160
259.50, 160
260.55, 160
260.57, 160
260.60, 160
260.64, 160
260.67, 160
260.71, 160
260.74, 160
260.78, 160
260.80, 160
260.84, 160
260.87, 160
260.90, 160
260.93, 160
260.95, 160
261.00, 160
261.03, 160
261.10, 160
268.54, 160
268.57, 160
268.59, 160
268.63, 160
268.66, 160
268.70, 160
268.73, 160
268.76, 160
268.79, 160
271.32, 160
271.35, 160
271.38, 160
271.41, 160
271.44, 160
271.47, 160
271.50, 160
271.52, 160
271.55, 160
271.59, 160
271.61, 160
271.65, 160
271.67, 160
271.70, 160
272.05, 160
272.08, 160
272.11, 160
272.14, 160
272.17, 160
272.20, 160
272.23, 160
272.27, 160
272.30, 160
272.33, 160
272.37, 160
273.25, 160
273.28, 160
273.31, 160
273.34, 160
273.37, 160
273.41, 160
273.44, 160
273.47, 160
273.50, 160
273.53, 160
273.56, 160
273.70, 160
273.81, 160
273.85, 160
273.88, 160
273.91, 160
273.94, 160
273.97, 160
274.05, 160
274.08, 160
274.11, 160
274.14, 160
274.17, 160
276.62, 160
276.66, 160
276.69, 160
276.72, 160
276.75, 160
276.78, 160
276.81, 160
276.83, 160
276.87, 160
276.89, 160
276.93, 160
276.96, 160
276.98, 160
277.02, 160
277.05, 160
277.09, 160
277.13, 160
277.16, 160
277.19, 160
277.22, 160
277.25, 160
277.28, 160
277.32, 160
277.35, 160
277.38, 160
277.41, 160
277.54, 160
277.58, 160
277.66, 160
277.69, 160
277.72, 160
278.16, 160
278.20, 160
278.23, 160
278.26, 160
278.30, 160
278.33, 160
278.36, 160
281.36, 160
282.08, 160
282.53, 160
282.57, 160
282.60, 160
284.23, 160
284.27, 160
284.30, 160
284.33, 160
284.37, 160
284.95, 160
284.97, 160
285.01, 160
285.04, 160
285.07, 160
285.10, 160
287.77, 160
287.80, 160
287.84, 160
287.89, 160
287.92, 160
287.95, 160
287.98, 160
288.01, 160
288.05, 160
288.08, 160
288.11, 160
288.18, 160
288.21, 160
288.24, 160
288.27, 160
288.30, 160
288.33, 160
288.36, 160
288.39, 160
288.43, 160
288.47, 160
288.49, 160
288.53, 160
298.27, 160
298.31, 160
298.34, 160
298.37, 160
298.41, 160
