0.22, 165
0.25, 164
0.27, 164
0.30, 164
0.32, 164
0.35, 164
0.37, 164
0.40, 164
0.44, 164
0.47, 163
0.50, 162
0.96, 162
0.99, 162
1.04, 162
1.08, 162
1.10, 162
1.13, 162
1.17, 162
1.20, 162
1.22, 162
1.25, 162
1.28, 162
1.31, 162
1.34, 162
1.36, 162
1.39, 162
1.42, 162
1.45, 161
1.48, 161
1.50, 161
1.53, 161
2.53, 161
2.56, 161
2.58, 161
2.61, 161
3.15, 161
3.18, 161
3.89, 161
3.91, 161
3.94, 161
4.07, 161
4.09, 161
4.13, 161
4.15, 161
4.18, 161
4.21, 161
4.23, 161
4.27, 161
4.30, 161
4.33, 161
4.36, 161
4.38, 161
4.40, 161
4.43, 161
4.46, 161
4.49, 161
4.51, 161
4.54, 161
4.93, 161
4.95, 161
6.15, 160
6.18, 160
6.22, 160
6.25, 160
6.48, 160
6.51, 160
6.54, 160
6.56, 160
6.59, 160
6.62, 160
10.44, 160
10.47, 160
10.51, 160
10.54, 160
10.57, 160
10.60, 160
10.63, 160
10.66, 160
10.68, 160
10.71, 160
10.74, 160
10.77, 160
10.79, 160
12.61, 160
12.63, 160
12.71, 160
12.74, 160
12.77, 160
12.80, 160
14.82, 160
14.85, 160
14.88, 160
14.91, 160
14.93, 160
14.96, 160
14.99, 160
15.02, 160
15.04, 160
15.07, 160
15.10, 160
15.13, 160
15.18, 160
15.22, 160
15.51, 160
15.54, 160
15.56, 160
15.60, 160
15.69, 160
15.73, 160
15.76, 160
19.22, 160
19.25, 160
19.28, 160
20.46, 160
20.49, 160
20.51, 160
20.54, 160
20.56, 160
20.58, 160
20.61, 160
20.64, 160
20.67, 160
20.70, 160
20.72, 160
20.75, 160
20.77, 160
20.80, 160
20.83, 160
23.06, 160
23.09, 160
23.12, 160
23.16, 160
23.19, 160
23.21, 160
23.24, 160
23.27, 160
23.30, 160
23.32, 160
23.35, 160
23.37, 160
23.40, 160
23.43, 160
23.47, 160
23.49, 160
23.52, 160
23.55, 160
23.57, 160
23.60, 160
23.63, 160
23.65, 160
23.67, 160
23.70, 160
23.73, 160
23.95, 160
29.80, 160
29.83, 160
29.87, 160
29.89, 160
29.92, 160
29.95, 160
29.98, 160
30.02, 160
30.05, 160
30.08, 160
30.11, 160
30.15, 160
30.18, 160
49.25, 160
49.27, 160
49.30, 160
49.33, 160
61.06, 160
61.09, 160
61.12, 160
61.24, 160
61.27, 160
61.30, 160
61.33, 160
61.36, 160
61.39, 160
61.41, 160
61.44, 160
61.47, 160
61.49, 160
61.52, 160
61.55, 160
61.57, 160
61.60, 160
61.63, 160
61.66, 160
61.68, 160
61.71, 160
61.73, 160
61.76, 160
61.79, 160
62.65, 160
62.68, 160
62.70, 160
62.73, 160
62.75, 160
62.78, 160
62.81, 160
62.84, 160
62.87, 160
62.89, 160
62.92, 160
62.95, 160
62.98, 160
63.00, 160
63.04, 160
66.30, 160
66.33, 160
66.36, 160
66.38, 160
66.41, 160
66.43, 160
66.46, 160
66.48, 160
66.50, 160
66.53, 160
67.74, 160
67.76, 160
67.79, 160
67.82, 160
67.85, 160
67.88, 160
67.91, 160
67.93, 160
67.96, 160
67.99, 160
68.02, 160
68.04, 160
68.07, 160
68.09, 160
68.12, 160
68.57, 160
68.60, 160
68.62, 160
68.65, 160
68.67, 160
68.70, 160
68.72, 160
68.75, 160
68.77, 160
68.80, 160
68.95, 160
68.97, 160
69.00, 160
69.02, 160
78.30, 160
78.33, 160
78.35, 160
78.37, 160
78.40, 160
78.43, 160
78.45, 160
78.51, 160
78.54, 160
78.56, 160
78.59, 160
79.38, 160
79.41, 160
79.44, 160
79.46, 160
79.68, 160
79.75, 160
79.78, 160
79.81, 160
79.84, 160
79.87, 160
79.90, 160
79.93, 160
79.95, 160
79.97, 160
81.57, 160
81.60, 160
81.63, 160
81.66, 160
81.69, 160
81.72, 160
81.74, 160
81.77, 160
81.80, 160
81.82, 160
81.85, 160
81.88, 160
81.91, 160
81.96, 160
81.98, 160
88.20, 160
88.22, 160
88.25, 160
88.27, 160
88.30, 160
88.32, 160
89.37, 160
89.40, 160
89.52, 160
89.55, 160
89.58, 160
89.61, 160
89.65, 160
89.68, 160
89.71, 160
89.74, 160
89.77, 160
89.80, 160
89.82, 160
89.85, 160
89.88, 160
89.91, 160
89.93, 160
89.96, 160
89.99, 160
90.01, 160
90.04, 160
90.06, 160
90.09, 160
90.12, 160
90.14, 160
90.16, 160
90.19, 160
90.22, 160
90.25, 160
90.28, 160
103.03, 160
103.06, 160
103.08, 160
103.11, 160
103.14, 160
103.34, 160
103.36, 160
103.39, 160
103.41, 160
103.44, 160
103.46, 160
103.49, 160
103.52, 160
103.54, 160
103.57, 160
103.60, 160
103.64, 160
103.66, 160
103.69, 160
103.72, 160
103.74, 160
103.76, 160
103.79, 160
103.81, 160
103.84, 160
103.87, 160
103.90, 160
103.93, 160
103.95, 160
103.99, 160
104.01, 160
104.05, 160
104.07, 160
104.10, 160
106.34, 160
106.37, 160
108.68, 160
108.71, 160
108.74, 160
108.76, 160
108.79, 160
108.81, 160
108.85, 160
108.87, 160
108.89, 160
108.92, 160
108.95, 160
108.98, 160
109.00, 160
109.03, 160
109.05, 160
109.08, 160
109.11, 160
109.14, 160
109.17, 160
109.19, 160
109.22, 160
109.25, 160
109.28, 160
109.31, 160
109.33, 160
109.37, 160
109.40, 160
111.54, 160
113.03, 160
113.05, 160
113.08, 160
113.10, 160
113.13, 160
113.15, 160
113.18, 160
113.34, 160
113.36, 160
113.39, 160
113.42, 160
113.45, 160
113.47, 160
113.50, 160
113.77, 160
113.80, 160
113.82, 160
113.85, 160
113.89, 160
113.91, 160
113.94, 160
113.96, 160
114.00, 160
114.03, 160
114.05, 160
114.08, 160
114.11, 160
114.14, 160
114.16, 160
114.19, 160
114.22, 160
114.25, 160
114.28, 160
114.31, 160
114.35, 160
114.37, 160
114.40, 160
114.42, 160
115.04, 160
115.07, 160
115.10, 160
115.13, 160
115.16, 160
115.19, 160
115.22, 160
115.24, 160
115.27, 160
115.29, 160
115.32, 160
115.35, 160
115.38, 160
117.87, 160
131.72, 160
131.75, 160
132.27, 160
132.30, 160
132.46, 160
132.49, 160
132.51, 160
132.55, 160
132.58, 160
132.60, 160
132.63, 160
132.65, 160
132.68, 160
132.70, 160
132.74, 160
132.77, 160
134.13, 160
134.16, 160
134.18, 160
134.22, 160
134.24, 160
134.27, 160
134.30, 160
134.33, 160
134.35, 160
134.37, 160
134.40, 160
150.11, 160
150.13, 160
150.45, 160
150.48, 160
150.50, 160
150.53, 160
150.55, 160
150.58, 160
150.68, 160
150.71, 160
150.74, 160
150.76, 160
150.79, 160
150.82, 160
150.84, 160
150.87, 160
150.90, 160
150.92, 160
152.35, 160
152.38, 160
152.40, 160
152.43, 160
152.53, 160
152.56, 160
152.58, 160
152.61, 160
152.66, 160
152.68, 160
152.72, 160
152.74, 160
152.77, 160
152.79, 160
152.82, 160
152.84, 160
152.87, 160
152.90, 160
152.93, 160
152.95, 160
152.97, 160
153.00, 160
153.03, 160
153.06, 160
153.08, 160
153.11, 160
153.14, 160
153.17, 160
153.20, 160
153.23, 160
153.26, 160
153.29, 160
153.32, 160
153.80, 160
153.83, 160
153.86, 160
153.88, 160
153.90, 160
153.93, 160
153.95, 160
154.00, 160
154.03, 160
154.06, 160
154.08, 160
154.11, 160
154.14, 160
155.70, 160
155.73, 160
155.76, 160
155.80, 160
155.83, 160
155.86, 160
155.89, 160
155.92, 160
155.95, 160
155.98, 160
156.01, 160
156.04, 160
156.16, 160
156.19, 160
156.22, 160
156.25, 160
156.28, 160
156.31, 160
156.35, 160
156.38, 160
156.76, 160
157.68, 160
157.71, 160
157.74, 160
157.77, 160
157.80, 160
157.83, 160
157.86, 160
157.88, 160
157.91, 160
157.93, 160
157.96, 160
157.99, 160
158.05, 160
158.08, 160
158.10, 160
158.21, 160
158.24, 160
158.29, 160
158.32, 160
158.35, 160
158.37, 160
158.40, 160
158.43, 160
158.46, 160
158.48, 160
158.52, 160
158.54, 160
158.57, 160
158.59, 160
158.63, 160
158.65, 160
165.92, 160
165.95, 160
166.12, 160
166.15, 160
166.79, 160
166.82, 160
166.85, 160
166.88, 160
166.91, 160
166.94, 160
166.96, 160
166.98, 160
167.00, 160
167.03, 160
167.06, 160
167.09, 160
167.12, 160
167.14, 160
167.17, 160
167.21, 160
167.24, 160
167.26, 160
167.29, 160
167.32, 160
167.34, 160
167.37, 160
167.39, 160
167.42, 160
171.77, 160
171.80, 160
171.83, 160
171.87, 160
171.89, 160
171.92, 160
171.94, 160
172.04, 160
172.07, 160
172.10, 160
172.13, 160
172.15, 160
172.19, 160
172.21, 160
172.25, 160
172.28, 160
172.30, 160
172.33, 160
172.36, 160
172.39, 160
172.41, 160
172.44, 160
172.48, 160
172.50, 160
179.48, 160
179.51, 160
179.53, 160
179.64, 160
179.67, 160
179.69, 160
179.72, 160
179.74, 160
179.77, 160
179.80, 160
179.83, 160
179.85, 160
179.88, 160
179.91, 160
179.94, 160
182.73, 160
182.75, 160
182.78, 160
182.80, 160
182.82, 160
182.85, 160
182.88, 160
182.90, 160
182.93, 160
182.96, 160
182.99, 160
183.20, 160
183.23, 160
183.25, 160
183.27, 160
183.29, 160
183.32, 160
183.34, 160
183.36, 160
183.39, 160
183.42, 160
183.44, 160
183.47, 160
186.52, 160
186.55, 160
186.58, 160
199.35, 160
199.38, 160
199.40, 160
199.43, 160
199.46, 160
199.48, 160
199.51, 160
199.55, 160
199.57, 160
199.60, 160
199.63, 160
199.66, 160
200.02, 160
200.04, 160
200.07, 160
200.12, 160
200.15, 160
200.20, 160
200.23, 160
200.26, 160
200.28, 160
200.31, 160
200.33, 160
200.36, 160
200.38, 160
201.09, 160
201.12, 160
201.15, 160
201.18, 160
201.20, 160
201.24, 160
201.27, 160
201.29, 160
201.32, 160
201.63, 160
201.66, 160
201.69, 160
201.71, 160
201.74, 160
201.77, 160
201.79, 160
202.16, 160
202.19, 160
202.22, 160
202.25, 160
203.32, 160
203.35, 160
204.62, 160
204.65, 160
204.67, 160
204.71, 160
204.74, 160
204.77, 160
204.80, 160
204.82, 160
204.84, 160
206.86, 160
206.89, 160
206.91, 160
206.94, 160
206.97, 160
207.00, 160
207.02, 160
207.05, 160
207.08, 160
207.11, 160
207.14, 160
207.16, 160
207.25, 160
207.60, 160
207.63, 160
207.66, 160
209.48, 160
209.51, 160
209.54, 160
209.57, 160
209.68, 160
209.71, 160
209.74, 160
209.76, 160
209.79, 160
209.82, 160
209.84, 160
209.87, 160
209.90, 160
209.92, 160
209.95, 160
209.98, 160
210.00, 160
210.03, 160
215.45, 160
215.48, 160
215.50, 160
215.53, 160
215.55, 160
215.57, 160
215.60, 160
215.63, 160
215.65, 160
215.68, 160
215.71, 160
215.74, 160
215.76, 160
217.49, 160
217.64, 160
217.67, 160
217.70, 160
217.73, 160
217.77, 160
220.35, 160
220.38, 160
220.40, 160
220.43, 160
221.35, 160
221.37, 160
221.40, 160
221.44, 160
221.47, 160
221.51, 160
221.54, 160
221.58, 160
221.60, 160
221.63, 160
221.66, 160
221.68, 160
221.71, 160
221.74, 160
221.79, 160
221.81, 160
221.87, 160
228.14, 160
228.17, 160
228.19, 160
228.22, 160
228.25, 160
228.28, 160
228.31, 160
228.33, 160
228.36, 160
230.56, 160
230.59, 160
230.62, 160
230.64, 160
230.67, 160
230.70, 160
230.72, 160
230.75, 160
230.77, 160
230.80, 160
230.83, 160
230.86, 160
230.88, 160
230.91, 160
231.21, 160
231.23, 160
231.26, 160
231.29, 160
231.31, 160
231.35, 160
231.37, 160
231.41, 160
231.43, 160
231.46, 160
231.49, 160
232.26, 160
232.29, 160
232.32, 160
232.34, 160
232.37, 160
232.40, 160
232.43, 160
232.46, 160
232.48, 160
232.51, 160
232.53, 160
232.65, 160
232.76, 160
232.79, 160
232.81, 160
232.84, 160
232.87, 160
232.89, 160
232.97, 160
233.00, 160
233.02, 160
233.05, 160
233.07, 160
235.23, 160
235.26, 160
235.29, 160
235.32, 160
235.35, 160
235.38, 160
235.40, 160
235.42, 160
235.45, 160
235.47, 160
235.51, 160
235.53, 160
235.56, 160
235.58, 160
235.61, 160
235.64, 160
235.68, 160
235.71, 160
235.74, 160
235.77, 160
235.80, 160
235.83, 160
235.85, 160
235.88, 160
235.91, 160
235.94, 160
236.05, 160
236.08, 160
236.16, 160
236.19, 160
236.22, 160
236.60, 160
236.63, 160
236.67, 160
236.70, 160
236.72, 160
236.76, 160
236.78, 160
239.49, 160
240.13, 160
240.50, 160
240.53, 160
240.56, 160
241.97, 160
241.99, 160
242.02, 160
242.05, 160
242.07, 160
242.57, 160
242.59, 160
242.62, 160
242.65, 160
242.68, 160
242.70, 160
245.01, 160
245.04, 160
245.07, 160
245.11, 160
245.14, 160
245.17, 160
245.20, 160
245.22, 160
245.25, 160
245.28, 160
245.31, 160
245.37, 160
245.39, 160
245.42, 160
245.45, 160
245.48, 160
245.50, 160
245.53, 160
245.56, 160
245.59, 160
245.62, 160
245.64, 160
245.68, 160
254.02, 160
254.05, 160
254.08, 160
254.10, 160
254.13, 160
255.63, 160
256.13, 160
256.15, 160
256.18, 160
256.20, 160
256.22, 160
256.25, 160
256.28, 160
256.30, 160
256.33, 160
256.37, 160
256.39, 160
256.42, 160
256.44, 160
256.48, 160
256.50, 160
256.54, 160
256.57, 160
257.22, 160
263.75, 160
264.33, 160
264.35, 160
264.39, 160
264.41, 160
274.62, 160
274.65, 160
274.67, 160
274.70, 160
274.73, 160
274.76, 160
274.78, 160
274.80, 160
274.83, 160
274.85, 160
274.88, 160
274.91, 160
274.94, 160
274.96, 160
274.99, 160
275.02, 160
275.04, 160
275.07, 160
275.10, 160
275.13, 160
275.16, 160
275.18, 160
275.20, 160
275.23, 160
275.25, 160
275.28, 160
275.82, 160
276.31, 160
276.33, 160
276.37, 160
276.41, 160
276.43, 160
276.46, 160
276.49, 160
276.53, 160
276.56, 160
276.59, 160
276.64, 160
276.67, 160
276.70, 160
276.73, 160
276.76, 160
276.80, 160
276.83, 160
276.86, 160
276.89, 160
276.92, 160
276.95, 160
280.27, 160
280.30, 160
280.33, 160
285.42, 160
285.68, 160
285.70, 160
285.73, 160
285.75, 160
285.78, 160
285.81, 160
285.86, 160
285.89, 160
285.91, 160
285.94, 160
285.97, 160
286.60, 160
286.63, 160
286.66, 160
286.69, 160
288.25, 160
288.28, 160
288.30, 160
288.33, 160
288.36, 160
288.39, 160
288.41, 160
288.45, 160
288.47, 160
288.50, 160
288.53, 160
288.56, 160
288.59, 160
288.62, 160
288.64, 160
288.67, 160
288.69, 160
288.72, 160
288.75, 160
288.78, 160
288.81, 160
288.84, 160
288.87, 160
288.89, 160
288.92, 160
289.13, 160
289.16, 160
289.19, 160
289.27, 160
289.30, 160
289.33, 160
289.35, 160
289.41, 160
289.50, 160
289.53, 160
289.56, 160
289.59, 160
289.61, 160
289.64, 160
290.21, 160
290.24, 160
290.27, 160
290.30, 160
290.57, 160
290.61, 160
290.64, 160
290.67, 160
290.70, 160
291.17, 160
291.20, 160
291.23, 160
291.26, 160
291.29, 160
291.32, 160
291.34, 160
291.37, 160
291.40, 160
291.43, 160
291.46, 160
291.48, 160
291.51, 160
291.53, 160
291.56, 160
291.59, 160
291.61, 160
291.65, 160
291.68, 160
291.71, 160
291.73, 160
291.76, 160
291.79, 160
291.82, 160
291.85, 160
291.88, 160
291.90, 160
291.93, 160
291.95, 160
299.08, 160
299.11, 160
299.14, 160
299.17, 160
299.20, 160
300.52, 160
300.54, 160
300.57, 160
300.61, 160
301.04, 160
301.32, 160
301.68, 160
301.70, 160
301.73, 160
301.75, 160
301.78, 160
304.60, 160
304.85, 160
304.88, 160
313.99, 160
314.02, 160
314.05, 160
314.07, 160
314.10, 160
314.13, 160
314.16, 160
314.19, 160
314.22, 160
314.25, 160
314.28, 160
314.30, 160
314.33, 160
314.36, 160
314.46, 160
314.49, 160
314.52, 160
314.55, 160
314.57, 160
314.60, 160
314.63, 160
315.27, 160
315.30, 160
315.33, 160
315.36, 160
315.38, 160
315.41, 160
315.44, 160
315.47, 160
315.49, 160
315.53, 160
315.56, 160
315.59, 160
315.62, 160
315.64, 160
318.53, 160
318.56, 160
318.59, 160
318.62, 160
318.64, 160
318.67, 160
318.70, 160
318.73, 160
318.76, 160
318.78, 160
318.81, 160
318.84, 160
318.87, 160
319.10, 160
319.95, 160
319.98, 160
320.07, 160
320.09, 160
320.89, 160
320.91, 160
320.94, 160
320.96, 160
320.98, 160
321.01, 160
321.04, 160
321.07, 160
321.17, 160
321.20, 160
321.23, 160
321.26, 160
321.29, 160
321.31, 160
321.34, 160
321.37, 160
321.39, 160
321.42, 160
321.69, 160
323.80, 160
323.83, 160
323.86, 160
323.88, 160
329.68, 160
329.71, 160
329.74, 160
329.86, 160
329.89, 160
329.92, 160
329.94, 160
329.97, 160
330.00, 160
349.01, 160
349.04, 160
349.06, 160
349.09, 160
349.12, 160
349.15, 160
357.82, 160
359.12, 160
359.15, 160
359.18, 160
