0.26, 165
0.28, 164
0.31, 164
0.34, 164
0.36, 164
0.39, 164
0.42, 164
0.44, 164
0.50, 164
0.53, 163
0.56, 162
1.07, 162
1.10, 162
1.16, 162
1.19, 162
1.23, 162
1.26, 162
1.29, 162
1.32, 162
1.35, 162
1.38, 162
1.41, 162
1.44, 162
1.48, 162
1.50, 162
1.53, 162
1.56, 162
1.60, 161
1.63, 161
1.66, 161
1.69, 161
2.84, 161
2.87, 161
2.91, 161
2.94, 161
3.55, 161
3.58, 161
4.41, 161
4.44, 161
4.47, 161
4.61, 161
4.65, 161
4.68, 161
4.71, 161
4.74, 161
4.78, 161
4.80, 161
4.84, 161
4.87, 161
4.90, 161
4.93, 161
4.96, 161
4.99, 161
5.02, 161
5.05, 161
5.08, 161
5.12, 161
5.15, 161
5.60, 161
5.63, 161
7.00, 160
7.03, 160
7.07, 160
7.11, 160
7.37, 160
7.40, 160
7.44, 160
7.46, 160
7.50, 160
7.53, 160
11.79, 160
11.82, 160
11.86, 160
11.90, 160
11.93, 160
11.96, 160
11.99, 160
12.02, 160
12.05, 160
12.09, 160
12.12, 160
12.15, 160
12.18, 160
14.23, 160
14.26, 160
14.35, 160
14.38, 160
14.42, 160
14.45, 160
16.70, 160
16.73, 160
16.76, 160
16.79, 160
16.82, 160
16.85, 160
16.88, 160
16.91, 160
16.94, 160
16.97, 160
17.01, 160
17.05, 160
17.11, 160
17.14, 160
17.48, 160
17.52, 160
17.54, 160
17.58, 160
17.69, 160
17.73, 160
17.76, 160
21.68, 160
21.72, 160
21.75, 160
23.04, 160
23.07, 160
23.09, 160
23.12, 160
23.15, 160
23.17, 160
23.20, 160
23.23, 160
23.27, 160
23.30, 160
23.33, 160
23.35, 160
23.38, 160
23.42, 160
23.45, 160
25.91, 160
25.94, 160
25.97, 160
26.01, 160
26.05, 160
26.07, 160
26.09, 160
26.13, 160
26.16, 160
26.19, 160
26.22, 160
26.25, 160
26.28, 160
26.32, 160
26.36, 160
26.38, 160
26.42, 160
26.45, 160
26.48, 160
26.51, 160
26.54, 160
26.56, 160
26.59, 160
26.62, 160
26.65, 160
26.91, 160
33.60, 160
33.63, 160
33.66, 160
33.70, 160
33.73, 160
33.76, 160
33.79, 160
33.83, 160
33.87, 160
33.90, 160
33.93, 160
33.96, 160
33.99, 160
55.47, 160
55.50, 160
55.53, 160
55.56, 160
68.96, 160
69.00, 160
69.04, 160
69.18, 160
69.21, 160
69.25, 160
69.28, 160
69.32, 160
69.35, 160
69.38, 160
69.42, 160
69.45, 160
69.48, 160
69.51, 160
69.55, 160
69.58, 160
69.62, 160
69.65, 160
69.67, 160
69.71, 160
69.73, 160
69.76, 160
69.80, 160
69.83, 160
70.77, 160
70.80, 160
70.82, 160
70.85, 160
70.88, 160
70.91, 160
70.95, 160
70.97, 160
71.00, 160
71.03, 160
71.07, 160
71.10, 160
71.13, 160
71.16, 160
71.20, 160
74.87, 160
74.90, 160
74.94, 160
74.97, 160
75.00, 160
75.03, 160
75.06, 160
75.09, 160
75.13, 160
75.16, 160
76.50, 160
76.54, 160
76.58, 160
76.60, 160
76.64, 160
76.68, 160
76.70, 160
76.74, 160
76.77, 160
76.80, 160
76.83, 160
76.85, 160
76.89, 160
76.92, 160
76.94, 160
77.43, 160
77.46, 160
77.49, 160
77.52, 160
77.55, 160
77.58, 160
77.60, 160
77.64, 160
77.67, 160
77.70, 160
77.85, 160
77.89, 160
77.92, 160
77.95, 160
88.63, 160
88.67, 160
88.70, 160
88.72, 160
88.75, 160
88.78, 160
88.81, 160
88.88, 160
88.91, 160
88.94, 160
88.96, 160
89.86, 160
89.89, 160
89.92, 160
89.96, 160
90.21, 160
90.28, 160
90.32, 160
90.35, 160
90.37, 160
90.40, 160
90.44, 160
90.47, 160
90.49, 160
90.52, 160
92.37, 160
92.40, 160
92.43, 160
92.45, 160
92.48, 160
92.52, 160
92.55, 160
92.58, 160
92.61, 160
92.64, 160
92.68, 160
92.71, 160
92.74, 160
92.80, 160
92.82, 160
99.68, 160
99.70, 160
99.73, 160
99.76, 160
99.79, 160
99.82, 160
100.98, 160
101.02, 160
101.16, 160
101.19, 160
101.23, 160
101.26, 160
101.29, 160
101.33, 160
101.37, 160
101.40, 160
101.43, 160
101.46, 160
101.49, 160
101.52, 160
101.55, 160
101.58, 160
101.61, 160
101.64, 160
101.67, 160
101.70, 160
101.73, 160
101.76, 160
101.79, 160
101.82, 160
101.85, 160
101.88, 160
101.91, 160
101.95, 160
101.98, 160
102.01, 160
116.34, 160
116.38, 160
116.41, 160
116.44, 160
116.48, 160
116.70, 160
116.73, 160
116.76, 160
116.79, 160
116.82, 160
116.84, 160
116.87, 160
116.90, 160
116.93, 160
116.96, 160
117.00, 160
117.04, 160
117.07, 160
117.11, 160
117.14, 160
117.16, 160
117.19, 160
117.21, 160
117.25, 160
117.28, 160
117.31, 160
117.34, 160
117.38, 160
117.41, 160
117.43, 160
117.46, 160
117.50, 160
117.53, 160
117.57, 160
120.09, 160
120.12, 160
122.66, 160
122.70, 160
122.74, 160
122.76, 160
122.79, 160
122.81, 160
122.85, 160
122.87, 160
122.90, 160
122.94, 160
122.97, 160
123.00, 160
123.03, 160
123.06, 160
123.08, 160
123.11, 160
123.15, 160
123.17, 160
123.20, 160
123.23, 160
123.26, 160
123.29, 160
123.33, 160
123.36, 160
123.39, 160
123.43, 160
123.46, 160
125.86, 160
127.49, 160
127.52, 160
127.55, 160
127.58, 160
127.60, 160
127.63, 160
127.66, 160
127.86, 160
127.89, 160
127.92, 160
127.96, 160
127.99, 160
128.02, 160
128.05, 160
128.33, 160
128.36, 160
128.39, 160
128.43, 160
128.47, 160
128.50, 160
128.53, 160
128.56, 160
128.59, 160
128.62, 160
128.65, 160
128.69, 160
128.71, 160
128.75, 160
128.78, 160
128.81, 160
128.84, 160
128.87, 160
128.90, 160
128.94, 160
128.98, 160
129.01, 160
129.04, 160
129.07, 160
129.80, 160
129.84, 160
129.87, 160
129.90, 160
129.94, 160
129.98, 160
130.00, 160
130.03, 160
130.06, 160
130.10, 160
130.13, 160
130.16, 160
130.21, 160
133.08, 160
148.67, 160
148.70, 160
149.25, 160
149.29, 160
149.46, 160
149.49, 160
149.52, 160
149.55, 160
149.59, 160
149.62, 160
149.65, 160
149.67, 160
149.70, 160
149.72, 160
149.75, 160
149.79, 160
151.28, 160
151.30, 160
151.33, 160
151.36, 160
151.39, 160
151.43, 160
151.46, 160
151.49, 160
151.52, 160
151.55, 160
151.58, 160
169.44, 160
169.47, 160
169.83, 160
169.86, 160
169.88, 160
169.92, 160
169.94, 160
169.97, 160
170.09, 160
170.12, 160
170.15, 160
170.18, 160
170.21, 160
170.24, 160
170.27, 160
170.30, 160
170.33, 160
170.36, 160
171.96, 160
171.99, 160
172.02, 160
172.05, 160
172.17, 160
172.20, 160
172.24, 160
172.27, 160
172.32, 160
172.35, 160
172.38, 160
172.41, 160
172.44, 160
172.47, 160
172.50, 160
172.52, 160
172.55, 160
172.58, 160
172.62, 160
172.64, 160
172.67, 160
172.71, 160
172.74, 160
172.77, 160
172.80, 160
172.83, 160
172.86, 160
172.90, 160
172.94, 160
172.97, 160
173.00, 160
173.03, 160
173.07, 160
173.64, 160
173.67, 160
173.70, 160
173.73, 160
173.76, 160
173.78, 160
173.81, 160
173.88, 160
173.91, 160
173.94, 160
173.97, 160
174.01, 160
174.04, 160
175.82, 160
175.85, 160
175.89, 160
175.92, 160
175.96, 160
175.99, 160
176.02, 160
176.05, 160
176.09, 160
176.13, 160
176.16, 160
176.19, 160
176.33, 160
176.36, 160
176.39, 160
176.42, 160
176.45, 160
176.49, 160
176.52, 160
176.55, 160
176.95, 160
177.90, 160
177.92, 160
177.95, 160
177.98, 160
178.02, 160
178.05, 160
178.08, 160
178.11, 160
178.14, 160
178.17, 160
178.19, 160
178.21, 160
178.27, 160
178.30, 160
178.33, 160
178.45, 160
178.48, 160
178.54, 160
178.58, 160
178.61, 160
178.64, 160
178.67, 160
178.70, 160
178.73, 160
178.76, 160
178.80, 160
178.83, 160
178.86, 160
178.89, 160
178.91, 160
178.94, 160
