0.27, 165
0.30, 164
0.32, 164
0.35, 164
0.39, 164
0.42, 164
0.46, 164
0.49, 164
0.55, 164
0.58, 163
0.62, 162
1.16, 162
1.19, 162
1.25, 162
1.28, 162
1.32, 162
1.35, 162
1.38, 162
1.42, 162
1.44, 162
1.47, 162
1.50, 162
1.53, 162
1.57, 162
1.60, 162
1.63, 162
1.66, 162
1.69, 161
1.73, 161
1.76, 161
1.79, 161
2.97, 161
3.01, 161
3.04, 161
3.07, 161
3.67, 161
3.70, 161
4.53, 161
4.56, 161
4.59, 161
4.74, 161
4.77, 161
4.80, 161
4.84, 161
4.87, 161
4.90, 161
4.93, 161
4.97, 161
5.01, 161
5.04, 161
5.08, 161
5.10, 161
5.14, 161
5.17, 161
5.20, 161
5.23, 161
5.27, 161
5.30, 161
5.75, 161
5.78, 161
7.20, 160
7.22, 160
7.26, 160
7.30, 160
7.58, 160
7.61, 160
7.65, 160
7.67, 160
7.71, 160
7.74, 160
12.01, 160
12.05, 160
12.09, 160
12.13, 160
12.16, 160
12.19, 160
12.23, 160
12.26, 160
12.29, 160
12.32, 160
12.34, 160
12.37, 160
12.40, 160
14.48, 160
14.51, 160
14.60, 160
14.64, 160
14.67, 160
14.70, 160
16.99, 160
17.03, 160
17.07, 160
17.11, 160
17.13, 160
17.16, 160
17.19, 160
17.22, 160
17.25, 160
17.28, 160
17.33, 160
17.36, 160
17.42, 160
17.45, 160
17.79, 160
17.83, 160
17.86, 160
17.89, 160
18.00, 160
18.04, 160
18.07, 160
22.19, 160
22.23, 160
22.27, 160
23.69, 160
23.72, 160
23.74, 160
23.78, 160
23.81, 160
23.83, 160
23.87, 160
23.91, 160
23.94, 160
23.97, 160
24.00, 160
24.02, 160
24.05, 160
24.09, 160
24.12, 160
26.68, 160
26.71, 160
26.75, 160
26.79, 160
26.82, 160
26.85, 160
26.87, 160
26.91, 160
26.94, 160
26.98, 160
27.01, 160
27.04, 160
27.08, 160
27.11, 160
27.15, 160
27.17, 160
27.20, 160
27.23, 160
27.27, 160
27.30, 160
27.33, 160
27.36, 160
27.38, 160
27.42, 160
27.45, 160
27.71, 160
34.37, 160
34.40, 160
34.44, 160
34.47, 160
34.50, 160
34.53, 160
34.56, 160
34.61, 160
34.64, 160
34.67, 160
34.70, 160
34.74, 160
34.77, 160
56.39, 160
56.42, 160
56.45, 160
56.49, 160
69.93, 160
69.96, 160
69.99, 160
70.14, 160
70.17, 160
70.21, 160
70.24, 160
70.27, 160
70.30, 160
70.33, 160
70.37, 160
70.40, 160
70.43, 160
70.46, 160
70.50, 160
70.52, 160
70.55, 160
70.58, 160
70.61, 160
70.64, 160
70.67, 160
70.70, 160
70.73, 160
70.76, 160
71.80, 160
71.83, 160
71.86, 160
71.88, 160
71.92, 160
71.95, 160
71.98, 160
72.01, 160
72.05, 160
72.08, 160
72.12, 160
72.15, 160
72.18, 160
72.21, 160
72.25, 160
76.02, 160
76.05, 160
76.09, 160
76.11, 160
76.14, 160
76.16, 160
76.19, 160
76.22, 160
76.25, 160
76.28, 160
77.71, 160
77.74, 160
77.78, 160
77.81, 160
77.85, 160
77.88, 160
77.91, 160
77.94, 160
77.97, 160
78.01, 160
78.04, 160
78.07, 160
78.10, 160
78.13, 160
78.16, 160
78.67, 160
78.69, 160
78.72, 160
78.75, 160
78.78, 160
78.81, 160
78.84, 160
78.87, 160
78.90, 160
78.93, 160
79.09, 160
79.12, 160
79.15, 160
79.18, 160
89.77, 160
89.81, 160
89.83, 160
89.85, 160
89.87, 160
89.91, 160
89.94, 160
90.00, 160
90.03, 160
90.06, 160
90.09, 160
90.98, 160
91.01, 160
91.04, 160
91.07, 160
91.31, 160
91.39, 160
91.43, 160
91.46, 160
91.49, 160
91.53, 160
91.56, 160
91.59, 160
91.61, 160
91.64, 160
93.51, 160
93.54, 160
93.57, 160
93.60, 160
93.63, 160
93.67, 160
93.69, 160
93.73, 160
93.76, 160
93.80, 160
93.83, 160
93.86, 160
93.90, 160
93.96, 160
93.99, 160
100.99, 160
101.02, 160
101.05, 160
101.09, 160
101.12, 160
101.15, 160
102.34, 160
102.38, 160
102.52, 160
102.56, 160
102.59, 160
102.63, 160
102.66, 160
102.70, 160
102.74, 160
102.77, 160
102.80, 160
102.83, 160
102.86, 160
102.88, 160
102.92, 160
102.95, 160
102.98, 160
103.01, 160
103.04, 160
103.07, 160
103.10, 160
103.14, 160
103.16, 160
103.19, 160
103.22, 160
103.25, 160
103.28, 160
103.32, 160
103.35, 160
103.38, 160
117.98, 160
118.02, 160
118.05, 160
118.08, 160
118.11, 160
118.33, 160
118.36, 160
118.39, 160
118.42, 160
118.45, 160
118.48, 160
118.51, 160
118.54, 160
118.57, 160
118.60, 160
118.63, 160
118.67, 160
118.70, 160
118.73, 160
118.76, 160
118.79, 160
118.81, 160
118.83, 160
118.86, 160
118.88, 160
118.91, 160
118.94, 160
118.98, 160
119.01, 160
119.04, 160
119.07, 160
119.11, 160
119.13, 160
119.17, 160
121.77, 160
121.80, 160
124.42, 160
124.45, 160
124.49, 160
124.51, 160
124.54, 160
124.57, 160
124.61, 160
124.64, 160
124.66, 160
124.70, 160
124.74, 160
124.76, 160
124.79, 160
124.82, 160
124.84, 160
124.87, 160
124.91, 160
124.94, 160
124.98, 160
125.01, 160
125.04, 160
125.07, 160
125.10, 160
125.13, 160
125.17, 160
125.20, 160
125.24, 160
127.76, 160
129.46, 160
129.49, 160
129.52, 160
129.55, 160
129.57, 160
129.60, 160
129.64, 160
129.81, 160
129.84, 160
129.88, 160
129.91, 160
129.94, 160
129.97, 160
130.00, 160
130.31, 160
130.34, 160
130.37, 160
130.40, 160
130.45, 160
130.48, 160
130.51, 160
130.54, 160
130.58, 160
130.62, 160
130.65, 160
130.69, 160
130.72, 160
130.75, 160
130.78, 160
130.81, 160
130.84, 160
130.87, 160
130.91, 160
130.96, 160
131.00, 160
131.04, 160
131.07, 160
131.09, 160
131.82, 160
131.85, 160
131.89, 160
131.93, 160
131.98, 160
132.00, 160
132.04, 160
132.06, 160
132.09, 160
132.12, 160
132.15, 160
132.19, 160
132.23, 160
135.10, 160
151.02, 160
151.05, 160
151.67, 160
151.71, 160
151.90, 160
151.93, 160
151.96, 160
152.00, 160
152.03, 160
152.06, 160
152.09, 160
152.11, 160
152.14, 160
152.17, 160
152.20, 160
152.23, 160
153.60, 160
153.62, 160
153.65, 160
153.68, 160
153.70, 160
153.73, 160
153.76, 160
153.78, 160
153.81, 160
153.84, 160
153.86, 160
172.46, 160
172.49, 160
172.84, 160
172.87, 160
172.90, 160
172.92, 160
172.95, 160
172.98, 160
173.10, 160
173.13, 160
173.16, 160
173.20, 160
173.23, 160
173.27, 160
173.31, 160
173.34, 160
173.37, 160
173.40, 160
175.06, 160
175.10, 160
175.12, 160
175.15, 160
175.27, 160
175.31, 160
175.35, 160
175.39, 160
175.45, 160
175.47, 160
175.50, 160
175.53, 160
175.56, 160
175.59, 160
175.62, 160
175.64, 160
175.67, 160
175.70, 160
175.73, 160
175.75, 160
175.78, 160
175.82, 160
175.85, 160
175.88, 160
175.90, 160
175.94, 160
175.97, 160
176.01, 160
176.04, 160
176.07, 160
176.11, 160
176.14, 160
176.17, 160
176.75, 160
176.78, 160
176.81, 160
176.85, 160
176.87, 160
176.90, 160
176.93, 160
176.99, 160
177.02, 160
177.05, 160
177.08, 160
177.12, 160
177.15, 160
178.99, 160
179.02, 160
179.06, 160
179.09, 160
179.13, 160
179.17, 160
179.20, 160
179.23, 160
179.27, 160
179.31, 160
179.34, 160
179.37, 160
179.51, 160
179.54, 160
179.57, 160
179.60, 160
179.64, 160
179.68, 160
179.71, 160
179.75, 160
180.15, 160
181.08, 160
181.13, 160
181.16, 160
181.19, 160
181.23, 160
181.26, 160
181.29, 160
181.32, 160
181.35, 160
181.37, 160
181.40, 160
181.43, 160
181.49, 160
181.52, 160
181.54, 160
181.68, 160
181.71, 160
181.77, 160
181.80, 160
181.83, 160
181.86, 160
181.89, 160
181.92, 160
181.95, 160
181.99, 160
182.02, 160
182.05, 160
182.08, 160
182.11, 160
182.14, 160
182.16, 160
190.42, 160
190.45, 160
190.65, 160
190.68, 160
191.39, 160
191.41, 160
191.45, 160
191.48, 160
191.51, 160
191.54, 160
191.57, 160
191.60, 160
191.62, 160
191.65, 160
191.68, 160
191.72, 160
191.76, 160
191.79, 160
191.82, 160
191.87, 160
191.90, 160
191.93, 160
191.96, 160
191.99, 160
192.02, 160
192.04, 160
192.08, 160
192.10, 160
196.97, 160
197.01, 160
197.04, 160
197.07, 160
197.10, 160
197.13, 160
197.16, 160
197.26, 160
197.29, 160
197.31, 160
197.34, 160
197.37, 160
197.40, 160
197.43, 160
197.47, 160
197.50, 160
197.53, 160
197.56, 160
197.60, 160
197.63, 160
197.67, 160
197.70, 160
197.73, 160
197.76, 160
206.12, 160
206.16, 160
206.19, 160
206.33, 160
206.36, 160
206.38, 160
206.42, 160
206.46, 160
206.50, 160
206.53, 160
206.57, 160
206.60, 160
206.63, 160
206.67, 160
206.71, 160
210.16, 160
210.19, 160
210.23, 160
210.25, 160
210.28, 160
210.32, 160
210.35, 160
210.38, 160
210.42, 160
210.45, 160
210.49, 160
210.74, 160
210.77, 160
210.80, 160
210.83, 160
210.86, 160
210.89, 160
210.91, 160
210.94, 160
210.98, 160
211.01, 160
211.04, 160
211.08, 160
214.85, 160
214.88, 160
214.92, 160
229.76, 160
229.80, 160
229.83, 160
229.86, 160
229.89, 160
229.93, 160
229.97, 160
230.01, 160
230.04, 160
230.07, 160
230.10, 160
230.13, 160
230.54, 160
230.57, 160
230.61, 160
230.68, 160
230.71, 160
230.77, 160
230.81, 160
230.84, 160
230.87, 160
230.91, 160
230.94, 160
230.97, 160
231.00, 160
231.84, 160
231.87, 160
231.91, 160
231.94, 160
231.97, 160
232.01, 160
232.04, 160
232.07, 160
232.10, 160
232.47, 160
232.50, 160
232.53, 160
232.57, 160
232.60, 160
232.64, 160
232.67, 160
233.10, 160
233.13, 160
233.16, 160
233.20, 160
234.47, 160
234.51, 160
235.98, 160
236.02, 160
236.05, 160
236.09, 160
236.13, 160
236.16, 160
236.20, 160
236.23, 160
236.26, 160
238.64, 160
238.67, 160
238.70, 160
238.74, 160
238.77, 160
238.80, 160
238.84, 160
238.89, 160
238.92, 160
238.95, 160
238.99, 160
239.02, 160
239.13, 160
239.57, 160
239.61, 160
239.64, 160
241.90, 160
241.94, 160
241.97, 160
242.01, 160
242.15, 160
242.18, 160
242.21, 160
242.24, 160
242.27, 160
242.30, 160
242.34, 160
242.37, 160
242.40, 160
242.44, 160
242.47, 160
242.51, 160
242.54, 160
242.58, 160
248.92, 160
248.96, 160
249.00, 160
249.04, 160
249.07, 160
249.09, 160
249.12, 160
249.15, 160
249.17, 160
249.21, 160
249.24, 160
249.28, 160
249.31, 160
251.23, 160
251.39, 160
251.43, 160
251.45, 160
251.49, 160
251.52, 160
254.65, 160
254.69, 160
254.71, 160
254.75, 160
255.80, 160
255.83, 160
255.86, 160
255.91, 160
255.95, 160
255.99, 160
256.02, 160
256.05, 160
256.08, 160
256.11, 160
256.13, 160
256.16, 160
256.19, 160
256.22, 160
256.28, 160
256.31, 160
256.37, 160
263.86, 160
263.89, 160
263.92, 160
263.95, 160
263.98, 160
264.02, 160
264.06, 160
264.08, 160
264.12, 160
266.79, 160
266.82, 160
266.86, 160
266.89, 160
266.93, 160
266.95, 160
266.98, 160
267.01, 160
267.04, 160
267.08, 160
267.11, 160
267.14, 160
267.17, 160
267.20, 160
267.55, 160
267.58, 160
267.62, 160
267.65, 160
267.68, 160
267.71, 160
267.74, 160
267.77, 160
267.81, 160
267.83, 160
267.87, 160
268.74, 160
268.78, 160
268.81, 160
268.83, 160
268.86, 160
268.90, 160
268.93, 160
268.96, 160
268.99, 160
269.03, 160
269.06, 160
269.21, 160
269.32, 160
269.36, 160
269.39, 160
269.42, 160
269.46, 160
269.49, 160
269.58, 160
269.61, 160
269.64, 160
269.67, 160
269.71, 160
272.28, 160
272.32, 160
272.35, 160
272.38, 160
272.41, 160
272.45, 160
272.48, 160
272.50, 160
272.53, 160
272.56, 160
272.60, 160
272.63, 160
272.66, 160
272.69, 160
272.73, 160
272.76, 160
272.80, 160
272.83, 160
272.86, 160
272.89, 160
272.93, 160
272.96, 160
272.99, 160
273.03, 160
273.06, 160
273.09, 160
273.22, 160
273.26, 160
273.35, 160
273.39, 160
273.43, 160
273.87, 160
273.90, 160
273.93, 160
273.96, 160
273.99, 160
274.03, 160
274.05, 160
277.05, 160
277.76, 160
278.18, 160
278.21, 160
278.25, 160
279.93, 160
279.96, 160
279.99, 160
280.02, 160
280.05, 160
280.64, 160
280.67, 160
280.70, 160
280.74, 160
280.77, 160
280.80, 160
283.48, 160
283.51, 160
283.54, 160
283.60, 160
283.63, 160
283.66, 160
283.70, 160
283.73, 160
283.77, 160
283.80, 160
283.84, 160
283.90, 160
283.93, 160
283.96, 160
284.00, 160
284.04, 160
284.07, 160
284.10, 160
284.13, 160
284.17, 160
284.20, 160
284.22, 160
284.25, 160
294.43, 160
294.47, 160
294.50, 160
294.53, 160
294.56, 160
296.38, 160
296.97, 160
297.00, 160
297.03, 160
297.06, 160
297.09, 160
297.12, 160
297.15, 160
297.19, 160
297.21, 160
297.25, 160
297.28, 160
297.31, 160
297.34, 160
297.37, 160
297.40, 160
297.44, 160
297.47, 160
298.21, 160
