0.28, 165
0.30, 164
0.33, 164
0.36, 164
0.39, 164
0.42, 164
0.45, 164
0.48, 164
0.54, 164
0.57, 163
0.60, 162
1.15, 162
1.19, 162
1.25, 162
1.28, 162
1.32, 162
1.35, 162
1.38, 162
1.42, 162
1.45, 162
1.48, 162
1.51, 162
1.54, 162
1.58, 162
1.61, 162
1.65, 162
1.69, 162
1.72, 161
1.76, 161
1.79, 161
1.82, 161
3.02, 161
3.06, 161
3.09, 161
3.12, 161
3.76, 161
3.79, 161
4.64, 161
4.68, 161
4.71, 161
4.87, 161
4.90, 161
4.93, 161
4.96, 161
5.00, 161
5.03, 161
5.06, 161
5.09, 161
5.13, 161
5.17, 161
5.21, 161
5.24, 161
5.27, 161
5.31, 161
5.34, 161
5.37, 161
5.40, 161
5.43, 161
5.88, 161
5.91, 161
7.33, 160
7.36, 160
7.40, 160
7.44, 160
7.72, 160
7.75, 160
7.78, 160
7.81, 160
7.85, 160
7.88, 160
12.39, 160
12.42, 160
12.46, 160
12.50, 160
12.54, 160
12.57, 160
12.60, 160
12.63, 160
12.66, 160
12.70, 160
12.73, 160
12.76, 160
12.79, 160
14.95, 160
14.98, 160
15.08, 160
15.11, 160
15.15, 160
15.19, 160
17.55, 160
17.58, 160
17.62, 160
17.65, 160
17.68, 160
17.71, 160
17.74, 160
17.78, 160
17.81, 160
17.85, 160
17.89, 160
17.92, 160
17.98, 160
18.01, 160
18.38, 160
18.41, 160
18.44, 160
18.47, 160
18.59, 160
18.63, 160
18.66, 160
22.86, 160
22.90, 160
22.93, 160
24.32, 160
24.35, 160
24.37, 160
24.41, 160
24.43, 160
24.46, 160
24.50, 160
24.53, 160
24.56, 160
24.60, 160
24.63, 160
24.66, 160
24.69, 160
24.72, 160
24.76, 160
27.46, 160
27.48, 160
27.53, 160
27.57, 160
27.60, 160
27.63, 160
27.65, 160
27.69, 160
27.72, 160
27.75, 160
27.78, 160
27.81, 160
27.84, 160
27.87, 160
27.91, 160
27.94, 160
27.97, 160
28.00, 160
28.04, 160
28.07, 160
28.10, 160
28.13, 160
28.16, 160
28.19, 160
28.22, 160
28.48, 160
35.29, 160
35.32, 160
35.36, 160
35.39, 160
35.43, 160
35.46, 160
35.50, 160
35.53, 160
35.57, 160
35.60, 160
35.63, 160
35.67, 160
35.70, 160
58.21, 160
58.24, 160
58.27, 160
58.30, 160
71.27, 160
71.31, 160
71.35, 160
71.50, 160
71.53, 160
71.57, 160
71.60, 160
71.64, 160
71.67, 160
71.71, 160
71.75, 160
71.78, 160
71.81, 160
71.84, 160
71.88, 160
71.91, 160
71.94, 160
71.97, 160
72.00, 160
72.03, 160
72.06, 160
72.09, 160
72.12, 160
72.15, 160
73.17, 160
73.19, 160
73.22, 160
73.25, 160
73.28, 160
73.32, 160
73.35, 160
73.38, 160
73.41, 160
73.44, 160
73.48, 160
73.51, 160
73.54, 160
73.57, 160
73.61, 160
77.52, 160
77.55, 160
77.58, 160
77.60, 160
77.63, 160
77.65, 160
77.68, 160
77.70, 160
77.72, 160
77.75, 160
79.02, 160
79.04, 160
79.08, 160
79.10, 160
79.14, 160
79.17, 160
79.20, 160
79.23, 160
79.26, 160
79.28, 160
79.31, 160
79.33, 160
79.36, 160
79.40, 160
79.42, 160
79.91, 160
79.93, 160
79.96, 160
79.99, 160
80.02, 160
80.05, 160
80.07, 160
80.11, 160
80.14, 160
80.17, 160
80.32, 160
80.35, 160
80.38, 160
80.41, 160
90.75, 160
90.79, 160
90.82, 160
90.84, 160
90.87, 160
90.90, 160
90.93, 160
91.00, 160
91.03, 160
91.06, 160
91.09, 160
91.97, 160
92.00, 160
92.04, 160
92.07, 160
92.30, 160
92.38, 160
92.41, 160
92.44, 160
92.47, 160
92.50, 160
92.54, 160
92.57, 160
92.59, 160
92.61, 160
94.36, 160
94.39, 160
94.42, 160
94.44, 160
94.48, 160
94.51, 160
94.54, 160
94.57, 160
94.60, 160
94.63, 160
94.67, 160
94.70, 160
94.73, 160
94.78, 160
94.80, 160
101.53, 160
101.56, 160
101.60, 160
101.62, 160
101.65, 160
101.67, 160
102.74, 160
102.77, 160
102.91, 160
102.94, 160
102.97, 160
103.01, 160
103.04, 160
103.07, 160
103.11, 160
103.14, 160
103.16, 160
103.19, 160
103.22, 160
103.24, 160
103.27, 160
103.30, 160
103.33, 160
103.35, 160
103.38, 160
103.41, 160
103.44, 160
103.47, 160
103.50, 160
103.53, 160
103.56, 160
103.59, 160
103.62, 160
103.65, 160
103.67, 160
103.70, 160
117.19, 160
117.22, 160
117.25, 160
117.28, 160
117.30, 160
117.50, 160
117.53, 160
117.55, 160
117.58, 160
117.60, 160
117.63, 160
117.66, 160
117.68, 160
117.71, 160
117.73, 160
117.76, 160
117.80, 160
117.83, 160
117.85, 160
117.88, 160
117.90, 160
117.93, 160
117.96, 160
117.99, 160
118.01, 160
118.04, 160
118.07, 160
118.10, 160
118.12, 160
118.15, 160
118.18, 160
118.21, 160
118.24, 160
118.27, 160
120.46, 160
120.48, 160
122.78, 160
122.81, 160
122.84, 160
122.87, 160
122.89, 160
122.92, 160
122.95, 160
122.97, 160
123.00, 160
123.03, 160
123.06, 160
123.08, 160
123.11, 160
123.13, 160
123.16, 160
123.19, 160
123.22, 160
123.25, 160
123.28, 160
123.31, 160
123.33, 160
123.36, 160
123.39, 160
123.42, 160
123.44, 160
123.48, 160
123.51, 160
125.59, 160
127.06, 160
127.09, 160
127.11, 160
127.14, 160
127.16, 160
127.18, 160
127.21, 160
127.38, 160
127.40, 160
127.43, 160
127.46, 160
127.49, 160
127.51, 160
127.54, 160
127.80, 160
127.83, 160
127.86, 160
127.88, 160
127.92, 160
127.94, 160
127.97, 160
128.00, 160
128.03, 160
128.07, 160
128.09, 160
128.12, 160
128.15, 160
128.17, 160
128.20, 160
128.23, 160
128.26, 160
128.28, 160
128.31, 160
128.34, 160
128.37, 160
128.40, 160
128.42, 160
128.44, 160
129.06, 160
129.09, 160
129.12, 160
129.15, 160
129.18, 160
129.21, 160
129.24, 160
129.26, 160
129.29, 160
129.32, 160
129.35, 160
129.38, 160
129.41, 160
132.06, 160
146.87, 160
146.91, 160
147.47, 160
147.50, 160
147.67, 160
147.70, 160
147.73, 160
147.77, 160
147.80, 160
147.83, 160
147.86, 160
147.88, 160
147.91, 160
147.93, 160
147.96, 160
147.99, 160
149.37, 160
149.39, 160
149.42, 160
149.46, 160
149.49, 160
149.52, 160
149.55, 160
149.58, 160
149.60, 160
149.63, 160
149.66, 160
166.45, 160
166.47, 160
166.81, 160
166.84, 160
166.87, 160
166.90, 160
166.93, 160
166.96, 160
167.07, 160
167.10, 160
167.13, 160
167.16, 160
167.20, 160
167.22, 160
167.25, 160
167.28, 160
167.31, 160
167.33, 160
168.86, 160
168.89, 160
168.92, 160
168.94, 160
169.06, 160
169.08, 160
169.12, 160
169.14, 160
169.20, 160
169.23, 160
169.26, 160
169.29, 160
169.31, 160
169.34, 160
169.38, 160
169.40, 160
169.43, 160
169.46, 160
169.48, 160
169.51, 160
169.54, 160
169.57, 160
169.60, 160
169.63, 160
169.66, 160
169.69, 160
169.72, 160
169.75, 160
169.79, 160
169.82, 160
169.85, 160
169.88, 160
169.91, 160
170.46, 160
170.49, 160
170.52, 160
170.55, 160
170.57, 160
170.60, 160
170.63, 160
170.69, 160
170.71, 160
170.74, 160
170.78, 160
170.81, 160
170.84, 160
172.54, 160
172.57, 160
172.60, 160
172.63, 160
172.67, 160
172.71, 160
172.74, 160
172.77, 160
172.80, 160
172.84, 160
172.87, 160
172.91, 160
173.03, 160
173.05, 160
173.09, 160
173.12, 160
173.15, 160
173.18, 160
173.22, 160
173.25, 160
173.64, 160
174.56, 160
174.58, 160
174.61, 160
174.64, 160
174.67, 160
174.69, 160
174.72, 160
174.75, 160
174.78, 160
174.80, 160
174.82, 160
174.84, 160
174.90, 160
174.93, 160
174.95, 160
175.06, 160
175.08, 160
175.14, 160
175.16, 160
175.19, 160
175.21, 160
175.24, 160
175.27, 160
175.30, 160
175.32, 160
175.35, 160
175.38, 160
175.41, 160
175.43, 160
175.46, 160
175.48, 160
182.91, 160
182.94, 160
183.13, 160
183.15, 160
183.79, 160
183.82, 160
183.85, 160
183.88, 160
183.91, 160
183.93, 160
183.96, 160
183.98, 160
184.00, 160
184.03, 160
184.05, 160
184.08, 160
184.11, 160
184.14, 160
184.18, 160
184.22, 160
184.25, 160
184.27, 160
184.30, 160
184.33, 160
184.36, 160
184.38, 160
184.41, 160
184.44, 160
189.06, 160
189.09, 160
189.12, 160
189.15, 160
189.18, 160
189.20, 160
189.23, 160
189.33, 160
189.36, 160
189.38, 160
189.41, 160
189.44, 160
189.47, 160
189.50, 160
189.53, 160
189.56, 160
189.59, 160
189.62, 160
189.65, 160
189.68, 160
189.70, 160
189.73, 160
189.76, 160
189.78, 160
197.31, 160
197.35, 160
197.37, 160
197.50, 160
197.52, 160
197.55, 160
197.58, 160
197.61, 160
197.63, 160
197.66, 160
197.69, 160
197.72, 160
197.75, 160
197.78, 160
197.82, 160
200.80, 160
200.83, 160
200.86, 160
200.89, 160
200.91, 160
200.95, 160
200.97, 160
201.00, 160
201.03, 160
201.06, 160
201.09, 160
201.31, 160
201.34, 160
201.37, 160
201.39, 160
201.42, 160
201.44, 160
201.46, 160
201.50, 160
201.53, 160
201.56, 160
201.60, 160
201.62, 160
204.92, 160
204.95, 160
204.98, 160
218.57, 160
218.60, 160
218.64, 160
218.67, 160
218.70, 160
218.73, 160
218.76, 160
218.79, 160
218.82, 160
218.85, 160
218.89, 160
218.91, 160
219.30, 160
219.33, 160
219.37, 160
219.43, 160
219.46, 160
219.53, 160
219.56, 160
219.59, 160
219.62, 160
219.65, 160
219.67, 160
219.70, 160
219.72, 160
220.46, 160
220.50, 160
220.53, 160
220.56, 160
220.59, 160
220.63, 160
220.66, 160
220.69, 160
220.72, 160
221.08, 160
221.11, 160
221.15, 160
221.18, 160
221.21, 160
221.24, 160
221.28, 160
221.71, 160
221.74, 160
221.77, 160
221.80, 160
223.01, 160
223.05, 160
224.49, 160
224.53, 160
224.55, 160
224.60, 160
224.64, 160
224.68, 160
224.71, 160
224.74, 160
224.76, 160
227.05, 160
227.08, 160
227.11, 160
227.14, 160
227.17, 160
227.19, 160
227.22, 160
227.25, 160
227.28, 160
227.31, 160
227.34, 160
227.36, 160
227.46, 160
227.85, 160
227.89, 160
227.92, 160
229.92, 160
229.96, 160
229.99, 160
230.02, 160
230.14, 160
230.17, 160
230.21, 160
230.23, 160
230.26, 160
230.29, 160
230.31, 160
230.34, 160
230.37, 160
230.40, 160
230.43, 160
230.46, 160
230.49, 160
230.52, 160
236.42, 160
236.45, 160
236.50, 160
236.54, 160
236.56, 160
236.58, 160
236.61, 160
236.65, 160
236.67, 160
236.70, 160
236.73, 160
236.77, 160
236.79, 160
238.53, 160
238.68, 160
238.71, 160
238.73, 160
238.76, 160
238.80, 160
241.57, 160
241.61, 160
241.64, 160
241.66, 160
242.65, 160
242.67, 160
242.70, 160
242.75, 160
242.78, 160
242.82, 160
242.85, 160
242.88, 160
242.91, 160
242.94, 160
242.97, 160
243.00, 160
243.03, 160
243.05, 160
243.10, 160
243.12, 160
243.18, 160
250.15, 160
250.17, 160
250.20, 160
250.23, 160
250.26, 160
250.29, 160
250.31, 160
250.34, 160
250.36, 160
252.64, 160
252.67, 160
252.70, 160
252.73, 160
252.77, 160
252.79, 160
252.82, 160
252.85, 160
252.87, 160
252.90, 160
252.93, 160
252.96, 160
252.99, 160
253.01, 160
253.34, 160
253.37, 160
253.40, 160
253.43, 160
253.46, 160
253.49, 160
253.52, 160
253.55, 160
253.58, 160
253.61, 160
253.64, 160
254.46, 160
254.49, 160
254.52, 160
254.54, 160
254.57, 160
254.60, 160
254.63, 160
254.66, 160
254.68, 160
254.71, 160
254.73, 160
254.85, 160
254.95, 160
254.98, 160
255.01, 160
255.03, 160
255.06, 160
255.09, 160
255.16, 160
255.19, 160
255.21, 160
255.24, 160
255.26, 160
257.38, 160
257.41, 160
257.44, 160
257.47, 160
257.50, 160
257.53, 160
257.56, 160
257.58, 160
257.61, 160
257.63, 160
257.66, 160
257.69, 160
257.71, 160
257.74, 160
257.77, 160
257.80, 160
257.83, 160
257.86, 160
257.89, 160
257.92, 160
257.95, 160
257.97, 160
258.00, 160
258.03, 160
258.06, 160
258.09, 160
258.20, 160
258.24, 160
258.30, 160
258.33, 160
258.36, 160
258.75, 160
258.78, 160
258.81, 160
258.83, 160
258.86, 160
258.89, 160
258.91, 160
261.55, 160
262.18, 160
262.55, 160
262.58, 160
262.61, 160
264.02, 160
264.04, 160
264.07, 160
264.10, 160
264.13, 160
264.62, 160
264.64, 160
264.67, 160
264.70, 160
264.73, 160
264.75, 160
267.10, 160
267.13, 160
267.15, 160
267.20, 160
267.23, 160
267.26, 160
267.28, 160
267.31, 160
267.34, 160
267.37, 160
267.40, 160
267.46, 160
267.49, 160
267.52, 160
267.55, 160
267.58, 160
267.60, 160
267.63, 160
267.66, 160
267.69, 160
267.72, 160
267.74, 160
267.77, 160
276.13, 160
276.16, 160
276.19, 160
276.21, 160
276.24, 160
277.74, 160
278.24, 160
278.26, 160
278.29, 160
278.32, 160
278.34, 160
278.37, 160
278.39, 160
278.42, 160
278.45, 160
278.48, 160
278.51, 160
278.53, 160
278.56, 160
278.59, 160
278.62, 160
278.65, 160
278.68, 160
279.30, 160
285.82, 160
286.41, 160
286.43, 160
286.47, 160
286.50, 160
296.64, 160
296.66, 160
296.69, 160
296.72, 160
296.75, 160
296.77, 160
296.80, 160
296.82, 160
296.84, 160
296.87, 160
296.90, 160
296.92, 160
296.95, 160
296.98, 160
297.01, 160
297.04, 160
297.07, 160
297.10, 160
297.12, 160
297.15, 160
297.18, 160
297.20, 160
297.23, 160
297.25, 160
297.27, 160
297.30, 160
297.85, 160
298.28, 160
298.31, 160
298.33, 160
298.37, 160
298.39, 160
298.42, 160
298.45, 160
298.48, 160
298.51, 160
298.53, 160
298.56, 160
298.59, 160
298.61, 160
298.64, 160
298.67, 160
298.70, 160
298.73, 160
298.76, 160
298.79, 160
298.81, 160
298.84, 160
301.97, 160
302.00, 160
302.03, 160
307.09, 160
307.35, 160
307.37, 160
307.40, 160
307.42, 160
307.45, 160
307.48, 160
307.53, 160
307.56, 160
307.59, 160
307.62, 160
307.65, 160
308.27, 160
308.29, 160
308.32, 160
308.35, 160
309.91, 160
309.94, 160
309.97, 160
309.99, 160
310.02, 160
310.05, 160
310.08, 160
310.11, 160
310.13, 160
310.16, 160
310.19, 160
310.21, 160
310.25, 160
310.27, 160
310.30, 160
310.33, 160
310.36, 160
310.39, 160
310.42, 160
310.45, 160
310.48, 160
310.50, 160
310.53, 160
310.55, 160
310.58, 160
310.77, 160
310.80, 160
310.83, 160
310.91, 160
310.94, 160
310.97, 160
310.99, 160
311.05, 160
311.13, 160
311.15, 160
311.18, 160
311.21, 160
311.23, 160
311.26, 160
311.83, 160
311.86, 160
311.89, 160
311.92, 160
312.22, 160
312.25, 160
312.29, 160
312.32, 160
312.35, 160
312.85, 160
312.88, 160
312.91, 160
312.94, 160
312.97, 160
313.00, 160
313.03, 160
313.06, 160
313.10, 160
313.12, 160
313.15, 160
313.19, 160
313.21, 160
313.24, 160
313.26, 160
313.29, 160
313.32, 160
313.36, 160
313.39, 160
313.42, 160
313.45, 160
313.48, 160
313.51, 160
313.54, 160
313.57, 160
313.60, 160
313.62, 160
313.65, 160
313.68, 160
320.69, 160
320.73, 160
320.75, 160
320.78, 160
320.81, 160
322.07, 160
322.10, 160
322.13, 160
322.16, 160
322.57, 160
322.83, 160
323.17, 160
323.20, 160
323.22, 160
323.24, 160
323.27, 160
325.99, 160
326.22, 160
326.25, 160
335.01, 160
335.04, 160
335.07, 160
335.10, 160
335.12, 160
335.15, 160
335.18, 160
335.21, 160
335.25, 160
335.27, 160
335.30, 160
335.32, 160
335.35, 160
335.38, 160
335.48, 160
335.51, 160
335.54, 160
335.57, 160
335.60, 160
335.62, 160
335.65, 160
336.27, 160
336.30, 160
336.33, 160
336.36, 160
336.39, 160
336.41, 160
336.44, 160
336.47, 160
336.49, 160
336.52, 160
336.55, 160
336.59, 160
336.61, 160
336.64, 160
339.38, 160
339.41, 160
339.43, 160
339.46, 160
339.49, 160
339.52, 160
339.54, 160
339.57, 160
339.60, 160
339.63, 160
339.66, 160
339.68, 160
339.71, 160
339.95, 160
340.79, 160
340.82, 160
340.90, 160
340.93, 160
341.73, 160
341.75, 160
341.78, 160
341.80, 160
341.83, 160
341.85, 160
341.88, 160
341.91, 160
342.02, 160
342.05, 160
342.09, 160
342.11, 160
342.14, 160
342.17, 160
342.19, 160
342.22, 160
342.24, 160
342.27, 160
342.52, 160
344.61, 160
344.64, 160
344.66, 160
344.68, 160
350.38, 160
350.41, 160
350.43, 160
350.56, 160
350.59, 160
350.62, 160
350.64, 160
350.66, 160
350.69, 160
368.78, 160
368.81, 160
368.83, 160
368.86, 160
368.89, 160
368.92, 160
377.49, 160
378.74, 160
378.76, 160
378.79, 160
399.85, 160
399.88, 160
399.91, 160
399.94, 160
399.96, 160
399.99, 160
400.02, 160
400.17, 160
400.19, 160
400.22, 160
400.25, 160
400.28, 160
400.31, 160
400.33, 160
400.36, 160
400.39, 160
400.74, 160
400.77, 160
400.80, 160
402.16, 160
402.18, 160
402.21, 160
402.63, 160
405.22, 160
405.25, 160
405.28, 160
405.30, 160
405.33, 160
405.38, 160
405.40, 160
405.43, 160
405.46, 160
405.49, 160
405.51, 160
405.54, 160
405.57, 160
405.61, 160
405.63, 160
405.66, 160
405.69, 160
405.72, 160
405.74, 160
405.78, 160
405.80, 160
405.83, 160
405.85, 160
405.88, 160
405.91, 160
405.95, 160
405.97, 160
406.01, 160
406.04, 160
406.06, 160
406.09, 160
406.12, 160
406.14, 160
406.17, 160
406.20, 160
406.23, 160
406.26, 160
406.28, 160
406.63, 160
406.65, 160
406.68, 160
406.71, 160
406.73, 160
406.75, 160
406.78, 160
406.81, 160
406.84, 160
406.87, 160
406.90, 160
406.92, 160
406.95, 160
406.98, 160
407.01, 160
407.04, 160
407.07, 160
407.10, 160
407.13, 160
407.17, 160
407.20, 160
407.23, 160
408.44, 160
408.46, 160
408.49, 160
408.51, 160
408.54, 160
408.56, 160
408.59, 160
408.62, 160
408.65, 160
408.68, 160
408.86, 160
408.88, 160
408.90, 160
408.93, 160
408.96, 160
410.17, 160
410.19, 160
410.22, 160
410.27, 160
410.29, 160
410.32, 160
410.35, 160
410.90, 160
410.92, 160
410.95, 160
410.97, 160
411.00, 160
411.02, 160
411.05, 160
411.08, 160
411.10, 160
411.13, 160
411.16, 160
411.20, 160
411.22, 160
411.25, 160
411.28, 160
411.31, 160
411.34, 160
411.36, 160
411.38, 160
411.41, 160
411.44, 160
424.36, 160
424.39, 160
424.43, 160
424.69, 160
434.08, 160
434.11, 160
434.14, 160
434.16, 160
434.18, 160
434.21, 160
434.29, 160
434.32, 160
434.34, 160
434.37, 160
436.34, 160
436.37, 160
436.40, 160
436.43, 160
436.46, 160
436.49, 160
436.51, 160
436.55, 160
436.57, 160
436.60, 160
436.63, 160
436.84, 160
436.86, 160
436.92, 160
436.95, 160
436.98, 160
437.01, 160
437.04, 160
437.07, 160
437.10, 160
437.13, 160
437.16, 160
437.23, 160
437.25, 160
437.28, 160
437.31, 160
437.33, 160
437.35, 160
437.38, 160
437.41, 160
437.43, 160
439.51, 160
439.54, 160
439.57, 160
439.59, 160
439.62, 160
440.03, 160
440.06, 160
440.08, 160
440.11, 160
440.14, 160
440.17, 160
440.19, 160
440.22, 160
440.25, 160
440.28, 160
440.30, 160
440.33, 160
440.36, 160
440.38, 160
440.41, 160
440.43, 160
440.46, 160
440.49, 160
440.51, 160
440.54, 160
441.35, 160
441.38, 160
441.40, 160
441.43, 160
441.83, 160
441.86, 160
441.88, 160
441.92, 160
441.94, 160
441.97, 160
442.00, 160
442.04, 160
442.06, 160
442.10, 160
442.12, 160
442.15, 160
442.18, 160
443.24, 160
449.61, 160
449.64, 160
449.66, 160
449.69, 160
449.72, 160
449.74, 160
449.77, 160
449.80, 160
449.83, 160
453.13, 160
453.16, 160
453.19, 160
455.53, 160
455.56, 160
455.59, 160
455.62, 160
455.65, 160
455.68, 160
455.71, 160
455.73, 160
455.76, 160
455.78, 160
455.81, 160
456.40, 160
456.43, 160
456.46, 160
456.49, 160
456.51, 160
456.54, 160
456.56, 160
458.14, 160
458.16, 160
458.19, 160
458.22, 160
458.25, 160
458.36, 160
458.38, 160
458.41, 160
458.51, 160
458.54, 160
458.57, 160
458.60, 160
458.63, 160
458.66, 160
459.07, 160
459.09, 160
459.12, 160
459.15, 160
459.18, 160
459.21, 160
459.24, 160
459.82, 160
459.85, 160
459.87, 160
459.90, 160
459.93, 160
459.96, 160
459.99, 160
460.02, 160
460.05, 160
460.08, 160
460.11, 160
460.13, 160
460.16, 160
460.19, 160
460.22, 160
460.24, 160
460.27, 160
460.29, 160
460.43, 160
460.46, 160
460.49, 160
460.52, 160
460.54, 160
460.56, 160
460.59, 160
460.62, 160
460.65, 160
460.67, 160
460.70, 160
460.72, 160
460.74, 160
460.77, 160
460.80, 160
461.09, 160
461.11, 160
461.14, 160
461.16, 160
461.19, 160
461.22, 160
461.24, 160
461.26, 160
461.29, 160
461.32, 160
461.35, 160
461.38, 160
461.41, 160
461.44, 160
461.47, 160
461.49, 160
463.83, 160
463.85, 160
463.88, 160
463.90, 160
463.93, 160
463.95, 160
464.29, 160
464.31, 160
469.59, 160
469.62, 160
473.15, 160
473.18, 160
473.21, 160
