0.26, 165
0.29, 164
0.31, 164
0.34, 164
0.37, 164
0.40, 164
0.43, 164
0.46, 164
0.51, 164
0.54, 163
0.58, 162
1.11, 162
1.15, 162
1.21, 162
1.23, 162
1.27, 162
1.30, 162
1.34, 162
1.37, 162
1.40, 162
1.43, 162
1.46, 162
1.49, 162
1.53, 162
1.55, 162
1.58, 162
1.62, 162
1.65, 161
1.69, 161
1.72, 161
1.75, 161
2.90, 161
2.93, 161
2.96, 161
2.99, 161
3.58, 161
3.61, 161
4.42, 161
4.45, 161
4.49, 161
4.63, 161
4.66, 161
4.69, 161
4.72, 161
4.75, 161
4.79, 161
4.82, 161
4.85, 161
4.88, 161
4.91, 161
4.94, 161
4.97, 161
5.01, 161
5.04, 161
5.07, 161
5.10, 161
5.13, 161
5.16, 161
5.60, 161
5.63, 161
6.96, 160
6.99, 160
7.03, 160
7.06, 160
7.34, 160
7.37, 160
7.40, 160
7.43, 160
7.46, 160
7.49, 160
11.77, 160
11.80, 160
11.83, 160
11.87, 160
11.90, 160
11.93, 160
11.95, 160
11.98, 160
12.01, 160
12.03, 160
12.06, 160
12.09, 160
12.11, 160
14.22, 160
14.25, 160
14.35, 160
14.38, 160
14.41, 160
14.44, 160
16.65, 160
16.68, 160
16.72, 160
16.76, 160
16.78, 160
16.82, 160
16.85, 160
16.88, 160
16.91, 160
16.95, 160
16.99, 160
17.02, 160
17.08, 160
17.11, 160
17.45, 160
17.49, 160
17.51, 160
17.54, 160
17.64, 160
17.68, 160
17.71, 160
21.62, 160
21.65, 160
21.68, 160
22.98, 160
23.01, 160
23.03, 160
23.06, 160
23.08, 160
23.11, 160
23.14, 160
23.18, 160
23.21, 160
23.24, 160
23.27, 160
23.29, 160
23.32, 160
23.35, 160
23.39, 160
25.80, 160
25.83, 160
25.86, 160
25.90, 160
25.93, 160
25.95, 160
25.98, 160
26.01, 160
26.04, 160
26.07, 160
26.10, 160
26.12, 160
26.16, 160
26.19, 160
26.24, 160
26.26, 160
26.29, 160
26.32, 160
26.36, 160
26.39, 160
26.42, 160
26.45, 160
26.48, 160
26.51, 160
26.54, 160
26.80, 160
33.57, 160
33.61, 160
33.64, 160
33.67, 160
33.71, 160
33.75, 160
33.78, 160
33.82, 160
33.86, 160
33.90, 160
33.93, 160
33.97, 160
34.00, 160
55.44, 160
55.47, 160
55.50, 160
55.53, 160
68.91, 160
68.94, 160
68.98, 160
69.11, 160
69.14, 160
69.18, 160
69.21, 160
69.23, 160
69.27, 160
69.30, 160
69.34, 160
69.36, 160
69.39, 160
69.42, 160
69.46, 160
69.49, 160
69.52, 160
69.55, 160
69.58, 160
69.61, 160
69.63, 160
69.67, 160
69.70, 160
69.73, 160
70.72, 160
70.75, 160
70.78, 160
70.80, 160
70.84, 160
70.87, 160
70.90, 160
70.94, 160
70.97, 160
71.00, 160
71.04, 160
71.06, 160
71.09, 160
71.12, 160
71.16, 160
74.81, 160
74.84, 160
74.87, 160
74.89, 160
74.92, 160
74.94, 160
74.97, 160
74.99, 160
75.02, 160
75.05, 160
76.38, 160
76.41, 160
76.44, 160
76.47, 160
76.51, 160
76.54, 160
76.57, 160
76.60, 160
76.64, 160
76.68, 160
76.70, 160
76.73, 160
76.75, 160
76.78, 160
76.81, 160
77.30, 160
77.33, 160
77.36, 160
77.39, 160
77.42, 160
77.45, 160
77.48, 160
77.51, 160
77.54, 160
77.57, 160
77.73, 160
77.77, 160
77.80, 160
77.83, 160
88.13, 160
88.17, 160
88.19, 160
88.22, 160
88.24, 160
88.28, 160
88.31, 160
88.38, 160
88.40, 160
88.43, 160
88.46, 160
89.34, 160
89.37, 160
89.40, 160
89.44, 160
89.68, 160
89.75, 160
89.78, 160
89.82, 160
89.84, 160
89.88, 160
89.92, 160
89.94, 160
89.97, 160
90.00, 160
91.78, 160
91.81, 160
91.84, 160
91.87, 160
91.91, 160
91.94, 160
91.97, 160
92.00, 160
92.02, 160
92.05, 160
92.08, 160
92.11, 160
92.15, 160
92.21, 160
92.23, 160
99.23, 160
99.26, 160
99.29, 160
99.32, 160
99.34, 160
99.38, 160
100.57, 160
100.60, 160
100.75, 160
100.78, 160
100.82, 160
100.86, 160
100.89, 160
100.93, 160
100.97, 160
101.00, 160
101.02, 160
101.05, 160
101.09, 160
101.12, 160
101.15, 160
101.18, 160
101.21, 160
101.23, 160
101.27, 160
101.29, 160
101.32, 160
101.35, 160
101.38, 160
101.41, 160
101.43, 160
101.46, 160
101.49, 160
101.52, 160
101.55, 160
101.58, 160
116.49, 160
116.53, 160
116.56, 160
116.59, 160
116.62, 160
116.86, 160
116.90, 160
116.92, 160
116.96, 160
116.99, 160
117.02, 160
117.05, 160
117.08, 160
117.12, 160
117.14, 160
117.18, 160
117.21, 160
117.25, 160
117.29, 160
117.32, 160
117.35, 160
117.37, 160
117.40, 160
117.43, 160
117.46, 160
117.50, 160
117.53, 160
117.57, 160
117.60, 160
117.63, 160
117.67, 160
117.71, 160
117.74, 160
117.78, 160
120.54, 160
120.57, 160
123.25, 160
123.29, 160
123.32, 160
123.36, 160
123.39, 160
123.42, 160
123.45, 160
123.48, 160
123.51, 160
123.54, 160
123.58, 160
123.61, 160
123.63, 160
123.66, 160
123.69, 160
123.72, 160
123.75, 160
123.78, 160
123.81, 160
123.85, 160
123.88, 160
123.92, 160
123.95, 160
123.98, 160
124.02, 160
124.08, 160
124.12, 160
126.67, 160
128.35, 160
128.38, 160
128.41, 160
128.44, 160
128.47, 160
128.49, 160
128.52, 160
128.71, 160
128.74, 160
128.77, 160
128.81, 160
128.84, 160
128.86, 160
128.89, 160
129.18, 160
129.21, 160
129.24, 160
129.28, 160
129.32, 160
129.35, 160
129.38, 160
129.41, 160
129.45, 160
129.48, 160
129.51, 160
129.55, 160
129.58, 160
129.61, 160
129.64, 160
129.67, 160
129.70, 160
129.73, 160
129.76, 160
129.79, 160
129.83, 160
129.86, 160
129.89, 160
129.91, 160
130.56, 160
130.59, 160
130.62, 160
130.65, 160
130.69, 160
130.72, 160
130.74, 160
130.77, 160
130.80, 160
130.82, 160
130.85, 160
130.88, 160
130.92, 160
133.46, 160
147.53, 160
147.57, 160
148.09, 160
148.12, 160
148.28, 160
148.30, 160
148.33, 160
148.36, 160
148.39, 160
148.42, 160
148.45, 160
148.47, 160
148.49, 160
148.52, 160
148.55, 160
148.58, 160
149.96, 160
149.99, 160
150.01, 160
150.04, 160
150.07, 160
150.09, 160
150.12, 160
150.15, 160
150.18, 160
150.21, 160
150.24, 160
166.04, 160
166.07, 160
166.38, 160
166.41, 160
166.43, 160
166.46, 160
166.48, 160
166.51, 160
166.61, 160
166.64, 160
166.67, 160
166.70, 160
166.73, 160
166.75, 160
166.78, 160
166.81, 160
166.84, 160
166.86, 160
168.32, 160
168.36, 160
168.38, 160
168.41, 160
168.52, 160
168.54, 160
168.57, 160
168.60, 160
168.65, 160
168.67, 160
168.70, 160
168.73, 160
168.75, 160
168.78, 160
168.81, 160
168.83, 160
168.86, 160
168.89, 160
168.92, 160
168.94, 160
168.97, 160
169.00, 160
169.03, 160
169.06, 160
169.08, 160
169.11, 160
169.14, 160
169.17, 160
169.20, 160
169.23, 160
169.27, 160
169.29, 160
169.32, 160
169.82, 160
169.84, 160
169.88, 160
169.90, 160
169.92, 160
169.94, 160
169.97, 160
170.03, 160
170.05, 160
170.08, 160
170.11, 160
170.14, 160
170.16, 160
171.76, 160
171.79, 160
171.82, 160
171.85, 160
171.88, 160
171.92, 160
171.95, 160
171.97, 160
172.00, 160
172.03, 160
172.06, 160
172.09, 160
172.22, 160
172.24, 160
172.27, 160
172.30, 160
172.33, 160
172.36, 160
172.39, 160
172.42, 160
172.79, 160
173.65, 160
173.67, 160
173.70, 160
173.72, 160
173.75, 160
173.78, 160
173.80, 160
173.83, 160
173.86, 160
173.88, 160
173.90, 160
173.93, 160
173.98, 160
174.01, 160
174.03, 160
174.14, 160
174.17, 160
174.22, 160
174.25, 160
174.28, 160
174.30, 160
174.33, 160
174.35, 160
174.38, 160
174.41, 160
174.44, 160
174.47, 160
174.50, 160
174.52, 160
174.55, 160
174.57, 160
181.86, 160
181.89, 160
182.06, 160
182.08, 160
182.74, 160
182.76, 160
182.80, 160
182.83, 160
182.85, 160
182.88, 160
182.91, 160
182.93, 160
182.95, 160
182.98, 160
183.01, 160
183.04, 160
183.06, 160
183.09, 160
183.12, 160
183.16, 160
183.18, 160
183.21, 160
183.23, 160
183.27, 160
183.29, 160
183.32, 160
183.35, 160
183.37, 160
187.72, 160
187.75, 160
187.78, 160
187.81, 160
187.83, 160
187.86, 160
187.88, 160
187.98, 160
188.01, 160
188.04, 160
188.07, 160
188.09, 160
188.13, 160
188.16, 160
188.19, 160
188.22, 160
188.25, 160
188.27, 160
188.31, 160
188.33, 160
188.36, 160
188.39, 160
188.41, 160
188.44, 160
195.44, 160
195.47, 160
195.49, 160
195.61, 160
195.63, 160
195.66, 160
195.69, 160
195.71, 160
195.74, 160
195.77, 160
195.79, 160
195.82, 160
195.85, 160
195.89, 160
195.92, 160
198.73, 160
198.76, 160
198.78, 160
198.80, 160
198.83, 160
198.86, 160
198.88, 160
198.91, 160
198.94, 160
198.96, 160
198.99, 160
199.20, 160
199.23, 160
199.25, 160
199.28, 160
199.30, 160
199.32, 160
199.35, 160
199.37, 160
199.40, 160
199.43, 160
199.46, 160
199.48, 160
202.60, 160
202.63, 160
202.66, 160
215.33, 160
215.37, 160
215.39, 160
215.43, 160
215.46, 160
215.48, 160
215.51, 160
215.55, 160
215.57, 160
215.60, 160
215.63, 160
215.66, 160
216.01, 160
216.03, 160
216.06, 160
216.11, 160
216.14, 160
216.20, 160
216.23, 160
216.25, 160
216.28, 160
216.31, 160
216.34, 160
216.37, 160
216.39, 160
217.09, 160
217.12, 160
217.15, 160
217.18, 160
217.21, 160
217.24, 160
217.27, 160
217.29, 160
217.32, 160
217.64, 160
217.66, 160
217.69, 160
217.72, 160
217.75, 160
217.78, 160
217.81, 160
218.18, 160
218.21, 160
218.23, 160
218.26, 160
219.34, 160
219.37, 160
220.67, 160
220.70, 160
220.73, 160
220.76, 160
220.79, 160
220.82, 160
220.85, 160
220.88, 160
220.90, 160
222.91, 160
222.94, 160
222.96, 160
222.99, 160
223.02, 160
223.04, 160
223.07, 160
223.10, 160
223.13, 160
223.16, 160
223.19, 160
223.21, 160
223.29, 160
223.64, 160
223.68, 160
223.70, 160
225.54, 160
225.57, 160
225.60, 160
225.63, 160
225.74, 160
225.77, 160
225.80, 160
225.82, 160
225.85, 160
225.88, 160
225.90, 160
225.93, 160
225.96, 160
225.98, 160
226.01, 160
226.04, 160
226.06, 160
226.09, 160
231.49, 160
231.52, 160
231.54, 160
231.57, 160
231.60, 160
231.62, 160
231.65, 160
231.67, 160
231.69, 160
231.72, 160
231.75, 160
231.78, 160
231.81, 160
233.38, 160
233.52, 160
233.55, 160
233.58, 160
233.60, 160
233.64, 160
236.19, 160
236.23, 160
236.25, 160
236.28, 160
237.17, 160
237.20, 160
237.22, 160
237.26, 160
237.29, 160
237.32, 160
237.35, 160
237.39, 160
237.41, 160
237.44, 160
237.46, 160
237.49, 160
237.52, 160
237.55, 160
237.59, 160
237.61, 160
237.68, 160
244.00, 160
244.03, 160
244.05, 160
244.08, 160
244.11, 160
244.14, 160
244.16, 160
244.19, 160
244.21, 160
246.45, 160
246.47, 160
246.51, 160
246.53, 160
246.56, 160
246.59, 160
246.61, 160
246.64, 160
246.67, 160
246.70, 160
246.72, 160
246.75, 160
246.78, 160
246.80, 160
247.09, 160
247.12, 160
247.15, 160
247.17, 160
247.20, 160
247.23, 160
247.26, 160
247.29, 160
247.31, 160
247.34, 160
247.37, 160
248.15, 160
248.18, 160
248.20, 160
248.22, 160
248.25, 160
248.28, 160
248.31, 160
248.34, 160
248.37, 160
248.40, 160
248.42, 160
248.53, 160
248.64, 160
248.67, 160
248.69, 160
248.72, 160
248.75, 160
248.78, 160
248.88, 160
248.91, 160
248.94, 160
248.98, 160
249.01, 160
251.41, 160
251.45, 160
251.47, 160
251.50, 160
251.53, 160
251.56, 160
251.58, 160
251.61, 160
251.63, 160
251.66, 160
251.69, 160
251.71, 160
251.74, 160
251.77, 160
251.80, 160
251.83, 160
251.86, 160
251.89, 160
251.92, 160
251.95, 160
251.98, 160
252.01, 160
252.04, 160
252.07, 160
252.09, 160
252.12, 160
252.24, 160
252.28, 160
252.36, 160
252.39, 160
252.42, 160
252.81, 160
252.85, 160
252.88, 160
252.91, 160
252.93, 160
252.97, 160
253.00, 160
256.01, 160
256.75, 160
257.20, 160
257.23, 160
257.27, 160
258.96, 160
258.99, 160
259.02, 160
259.05, 160
259.07, 160
259.58, 160
259.61, 160
259.64, 160
259.67, 160
259.71, 160
259.74, 160
262.35, 160
262.38, 160
262.41, 160
262.46, 160
262.49, 160
262.52, 160
262.55, 160
262.58, 160
262.61, 160
262.65, 160
262.68, 160
262.75, 160
262.78, 160
262.81, 160
262.85, 160
262.88, 160
262.90, 160
262.94, 160
262.96, 160
263.00, 160
263.03, 160
263.05, 160
263.09, 160
272.46, 160
272.50, 160
272.52, 160
272.55, 160
272.59, 160
274.33, 160
274.87, 160
274.90, 160
274.93, 160
274.96, 160
274.98, 160
275.01, 160
275.04, 160
275.07, 160
275.10, 160
275.14, 160
275.17, 160
275.20, 160
275.23, 160
275.27, 160
275.30, 160
275.33, 160
275.37, 160
276.09, 160
282.97, 160
283.55, 160
283.58, 160
283.61, 160
283.64, 160
293.69, 160
293.71, 160
293.74, 160
293.77, 160
293.80, 160
293.82, 160
293.85, 160
293.87, 160
293.89, 160
293.92, 160
293.95, 160
293.97, 160
294.00, 160
294.03, 160
294.06, 160
294.09, 160
294.11, 160
294.14, 160
294.17, 160
294.20, 160
294.23, 160
294.25, 160
294.27, 160
294.30, 160
294.32, 160
294.34, 160
294.87, 160
295.31, 160
295.33, 160
295.36, 160
295.40, 160
295.43, 160
295.46, 160
295.48, 160
295.52, 160
295.54, 160
295.57, 160
295.59, 160
295.62, 160
295.65, 160
295.67, 160
295.70, 160
295.74, 160
295.77, 160
295.81, 160
295.83, 160
295.86, 160
295.89, 160
299.01, 160
299.03, 160
299.06, 160
304.09, 160
304.34, 160
304.37, 160
304.39, 160
304.42, 160
304.45, 160
304.48, 160
304.53, 160
304.56, 160
304.58, 160
304.61, 160
304.64, 160
305.26, 160
305.29, 160
305.32, 160
305.35, 160
306.90, 160
306.92, 160
306.94, 160
306.97, 160
307.00, 160
307.03, 160
307.06, 160
307.08, 160
307.11, 160
307.13, 160
307.17, 160
307.19, 160
307.23, 160
307.26, 160
307.28, 160
307.32, 160
307.34, 160
307.36, 160
307.40, 160
307.42, 160
307.45, 160
307.48, 160
307.50, 160
307.52, 160
307.55, 160
307.74, 160
307.77, 160
307.79, 160
307.88, 160
307.90, 160
307.94, 160
307.96, 160
308.01, 160
308.09, 160
308.12, 160
308.15, 160
308.17, 160
308.20, 160
308.23, 160
308.79, 160
308.84, 160
308.87, 160
308.90, 160
309.17, 160
309.20, 160
309.23, 160
309.26, 160
309.29, 160
309.75, 160
309.77, 160
309.80, 160
309.83, 160
309.86, 160
309.88, 160
309.91, 160
309.94, 160
309.97, 160
310.00, 160
310.03, 160
310.05, 160
310.08, 160
310.10, 160
310.12, 160
310.15, 160
310.18, 160
310.21, 160
310.24, 160
310.27, 160
310.29, 160
310.32, 160
310.35, 160
310.39, 160
310.41, 160
310.44, 160
310.46, 160
310.49, 160
310.52, 160
317.51, 160
317.54, 160
317.57, 160
317.60, 160
317.62, 160
318.87, 160
318.90, 160
318.92, 160
318.96, 160
319.37, 160
319.65, 160
319.99, 160
320.02, 160
320.04, 160
320.07, 160
320.09, 160
322.78, 160
323.02, 160
323.05, 160
331.82, 160
331.85, 160
331.87, 160
331.90, 160
331.93, 160
331.96, 160
331.98, 160
332.01, 160
332.04, 160
332.07, 160
332.09, 160
332.12, 160
332.14, 160
332.18, 160
332.28, 160
332.31, 160
332.35, 160
332.37, 160
332.40, 160
332.42, 160
332.45, 160
333.07, 160
333.10, 160
333.13, 160
333.15, 160
333.18, 160
333.20, 160
333.23, 160
333.26, 160
333.28, 160
333.31, 160
333.34, 160
333.37, 160
333.39, 160
333.42, 160
336.14, 160
336.17, 160
336.19, 160
336.22, 160
336.24, 160
336.27, 160
336.30, 160
336.33, 160
336.36, 160
336.38, 160
336.41, 160
336.44, 160
336.47, 160
336.71, 160
337.53, 160
337.56, 160
337.65, 160
337.68, 160
338.47, 160
338.50, 160
338.54, 160
338.56, 160
338.59, 160
338.62, 160
338.65, 160
338.68, 160
338.79, 160
338.82, 160
338.85, 160
338.88, 160
338.91, 160
338.94, 160
338.96, 160
338.99, 160
339.02, 160
339.04, 160
339.30, 160
341.37, 160
341.40, 160
341.43, 160
341.45, 160
347.22, 160
347.25, 160
347.27, 160
347.40, 160
347.43, 160
347.46, 160
347.48, 160
347.51, 160
347.53, 160
365.72, 160
365.74, 160
365.77, 160
365.80, 160
365.82, 160
365.85, 160
374.31, 160
375.56, 160
375.58, 160
375.61, 160
396.72, 160
396.75, 160
396.78, 160
396.81, 160
396.83, 160
396.85, 160
396.89, 160
397.04, 160
397.07, 160
397.10, 160
397.12, 160
397.15, 160
397.18, 160
397.21, 160
397.24, 160
397.27, 160
397.61, 160
397.64, 160
397.67, 160
399.00, 160
399.02, 160
399.04, 160
399.47, 160
401.97, 160
402.00, 160
402.03, 160
402.05, 160
402.08, 160
402.13, 160
402.15, 160
402.18, 160
402.21, 160
402.24, 160
402.26, 160
402.29, 160
402.32, 160
402.35, 160
402.38, 160
402.41, 160
402.43, 160
402.46, 160
402.49, 160
402.51, 160
402.54, 160
402.57, 160
402.59, 160
402.62, 160
402.64, 160
402.68, 160
402.70, 160
402.73, 160
402.76, 160
402.79, 160
402.81, 160
402.84, 160
402.86, 160
402.89, 160
402.92, 160
402.94, 160
402.97, 160
403.00, 160
403.34, 160
403.37, 160
403.39, 160
403.42, 160
403.45, 160
403.47, 160
403.50, 160
403.53, 160
403.56, 160
403.59, 160
403.61, 160
403.64, 160
403.67, 160
403.69, 160
403.73, 160
403.76, 160
403.79, 160
403.82, 160
403.85, 160
403.88, 160
403.91, 160
403.94, 160
405.13, 160
405.16, 160
405.18, 160
405.21, 160
405.23, 160
405.26, 160
405.29, 160
405.32, 160
405.35, 160
405.38, 160
405.55, 160
405.58, 160
405.60, 160
405.63, 160
405.66, 160
406.86, 160
406.88, 160
406.90, 160
406.96, 160
406.99, 160
407.02, 160
407.04, 160
407.60, 160
407.63, 160
407.65, 160
407.68, 160
407.70, 160
407.73, 160
407.76, 160
407.79, 160
407.81, 160
407.84, 160
407.87, 160
407.89, 160
407.92, 160
407.95, 160
407.98, 160
408.01, 160
408.04, 160
408.06, 160
408.08, 160
408.11, 160
408.14, 160
420.97, 160
421.00, 160
421.03, 160
421.30, 160
430.50, 160
430.52, 160
430.55, 160
430.57, 160
430.59, 160
430.62, 160
430.70, 160
430.73, 160
430.75, 160
430.78, 160
432.77, 160
432.80, 160
432.83, 160
432.86, 160
432.89, 160
432.91, 160
432.94, 160
432.97, 160
432.99, 160
433.02, 160
433.05, 160
433.26, 160
433.28, 160
433.34, 160
433.36, 160
433.39, 160
433.42, 160
433.45, 160
433.47, 160
433.50, 160
433.54, 160
433.57, 160
433.63, 160
433.66, 160
433.68, 160
433.71, 160
433.74, 160
433.76, 160
433.79, 160
433.82, 160
433.85, 160
435.88, 160
435.90, 160
435.93, 160
435.96, 160
435.98, 160
436.40, 160
436.43, 160
436.46, 160
436.49, 160
436.51, 160
436.54, 160
436.56, 160
436.60, 160
436.63, 160
436.66, 160
436.69, 160
436.71, 160
436.74, 160
436.77, 160
436.79, 160
436.82, 160
436.85, 160
436.88, 160
436.90, 160
436.93, 160
437.74, 160
437.76, 160
437.79, 160
437.82, 160
438.22, 160
438.25, 160
438.27, 160
438.30, 160
438.33, 160
438.36, 160
438.39, 160
438.43, 160
438.45, 160
438.49, 160
438.51, 160
438.54, 160
438.57, 160
439.62, 160
445.93, 160
445.95, 160
445.98, 160
446.01, 160
446.04, 160
446.07, 160
446.09, 160
446.13, 160
446.15, 160
449.60, 160
449.64, 160
449.67, 160
452.02, 160
452.06, 160
452.09, 160
452.12, 160
452.16, 160
452.19, 160
452.22, 160
452.24, 160
452.27, 160
452.30, 160
452.33, 160
452.95, 160
452.98, 160
453.01, 160
453.04, 160
453.06, 160
453.09, 160
453.12, 160
454.79, 160
454.81, 160
454.83, 160
454.86, 160
454.89, 160
455.00, 160
455.03, 160
455.05, 160
455.15, 160
455.19, 160
455.21, 160
455.25, 160
455.27, 160
455.30, 160
455.71, 160
455.73, 160
455.76, 160
455.79, 160
455.82, 160
455.85, 160
455.88, 160
456.46, 160
456.49, 160
456.51, 160
456.54, 160
456.57, 160
456.60, 160
456.63, 160
456.66, 160
456.69, 160
456.72, 160
456.76, 160
456.78, 160
456.81, 160
456.83, 160
456.86, 160
456.89, 160
456.92, 160
456.94, 160
457.07, 160
457.10, 160
457.13, 160
457.15, 160
457.18, 160
457.21, 160
457.23, 160
457.26, 160
457.29, 160
457.32, 160
457.34, 160
457.37, 160
457.39, 160
457.41, 160
457.44, 160
457.73, 160
457.76, 160
457.78, 160
457.81, 160
457.84, 160
457.87, 160
457.89, 160
457.92, 160
457.95, 160
457.98, 160
458.02, 160
458.04, 160
458.08, 160
458.10, 160
458.13, 160
458.16, 160
460.61, 160
460.64, 160
460.67, 160
460.69, 160
460.71, 160
460.74, 160
461.11, 160
461.13, 160
466.65, 160
466.68, 160
470.29, 160
470.31, 160
470.34, 160
487.91, 160
487.95, 160
489.56, 160
489.58, 160
489.61, 160
489.64, 160
489.67, 160
489.71, 160
489.73, 160
489.77, 160
489.79, 160
489.82, 160
489.84, 160
489.87, 160
489.90, 160
489.93, 160
489.96, 160
489.99, 160
490.02, 160
490.05, 160
491.03, 160
491.05, 160
491.08, 160
491.10, 160
491.12, 160
491.15, 160
491.17, 160
491.19, 160
491.22, 160
491.26, 160
491.29, 160
491.32, 160
491.35, 160
491.37, 160
491.41, 160
491.44, 160
491.47, 160
491.82, 160
491.84, 160
491.87, 160
491.90, 160
492.25, 160
492.63, 160
492.66, 160
492.69, 160
492.71, 160
492.73, 160
492.76, 160
492.79, 160
492.81, 160
492.84, 160
492.87, 160
492.89, 160
492.92, 160
492.94, 160
492.97, 160
498.69, 160
498.72, 160
498.75, 160
498.78, 160
498.83, 160
498.86, 160
498.89, 160
498.93, 160
498.95, 160
499.06, 160
499.09, 160
499.50, 160
499.53, 160
499.56, 160
499.60, 160
499.63, 160
499.65, 160
499.68, 160
499.71, 160
499.73, 160
499.76, 160
499.79, 160
499.82, 160
499.86, 160
499.89, 160
499.91, 160
499.94, 160
500.83, 160
500.85, 160
500.89, 160
500.92, 160
500.95, 160
500.98, 160
501.01, 160
501.04, 160
501.06, 160
501.09, 160
501.12, 160
501.14, 160
501.18, 160
501.21, 160
501.24, 160
501.26, 160
503.74, 160
503.97, 160
504.00, 160
504.02, 160
504.05, 160
504.08, 160
504.12, 160
504.15, 160
506.98, 160
507.01, 160
507.03, 160
507.05, 160
507.08, 160
507.10, 160
507.13, 160
507.16, 160
507.19, 160
507.22, 160
507.57, 160
507.59, 160
507.62, 160
508.67, 160
508.69, 160
508.72, 160
508.75, 160
508.77, 160
508.80, 160
508.83, 160
508.86, 160
508.88, 160
510.58, 160
510.62, 160
510.80, 160
510.93, 160
510.95, 160
510.98, 160
511.01, 160
511.04, 160
511.07, 160
511.09, 160
511.12, 160
511.14, 160
511.22, 160
511.25, 160
511.28, 160
511.31, 160
511.34, 160
511.37, 160
511.40, 160
511.43, 160
511.47, 160
511.49, 160
511.52, 160
511.55, 160
511.57, 160
511.60, 160
511.63, 160
511.67, 160
511.69, 160
512.28, 160
512.31, 160
512.34, 160
512.37, 160
512.40, 160
512.43, 160
512.46, 160
512.62, 160
512.66, 160
513.44, 160
513.57, 160
513.61, 160
513.64, 160
513.80, 160
513.83, 160
513.87, 160
513.89, 160
513.92, 160
513.95, 160
513.99, 160
515.76, 160
515.79, 160
515.82, 160
515.84, 160
515.87, 160
536.55, 160
536.58, 160
536.60, 160
536.62, 160
536.65, 160
536.67, 160
536.70, 160
536.73, 160
