0.26, 165
0.29, 164
0.31, 164
0.35, 164
0.37, 164
0.40, 164
0.43, 164
0.46, 164
0.51, 164
0.54, 163
0.58, 162
1.09, 162
1.13, 162
1.19, 162
1.22, 162
1.26, 162
1.29, 162
1.32, 162
1.36, 162
1.38, 162
1.41, 162
1.44, 162
1.47, 162
1.51, 162
1.54, 162
1.57, 162
1.60, 162
1.64, 161
1.67, 161
1.70, 161
1.73, 161
2.85, 161
2.88, 161
2.91, 161
2.94, 161
3.53, 161
3.56, 161
4.37, 161
4.40, 161
4.43, 161
4.57, 161
4.60, 161
4.63, 161
4.66, 161
4.69, 161
4.72, 161
4.76, 161
4.79, 161
4.82, 161
4.86, 161
4.89, 161
4.92, 161
4.95, 161
4.98, 161
5.01, 161
5.04, 161
5.07, 161
5.11, 161
5.53, 161
5.56, 161
6.93, 160
6.96, 160
7.00, 160
7.04, 160
7.32, 160
7.35, 160
7.39, 160
7.41, 160
7.44, 160
7.48, 160
11.69, 160
11.72, 160
11.76, 160
11.80, 160
11.83, 160
11.87, 160
11.89, 160
11.93, 160
11.96, 160
11.99, 160
12.02, 160
12.06, 160
12.09, 160
14.19, 160
14.21, 160
14.31, 160
14.34, 160
14.37, 160
14.40, 160
16.65, 160
16.69, 160
16.73, 160
16.76, 160
16.79, 160
16.82, 160
16.85, 160
16.88, 160
16.91, 160
16.95, 160
16.99, 160
17.02, 160
17.08, 160
17.11, 160
17.46, 160
17.50, 160
17.52, 160
17.56, 160
17.66, 160
17.71, 160
17.74, 160
21.74, 160
21.78, 160
21.81, 160
23.16, 160
23.19, 160
23.22, 160
23.25, 160
23.28, 160
23.30, 160
23.34, 160
23.37, 160
23.40, 160
23.44, 160
23.47, 160
23.49, 160
23.53, 160
23.56, 160
23.60, 160
26.12, 160
26.15, 160
26.19, 160
26.23, 160
26.26, 160
26.28, 160
26.31, 160
26.34, 160
26.37, 160
26.40, 160
26.43, 160
26.47, 160
26.50, 160
26.53, 160
26.57, 160
26.60, 160
26.63, 160
26.65, 160
26.69, 160
26.71, 160
26.74, 160
26.77, 160
26.79, 160
26.83, 160
26.86, 160
27.10, 160
33.65, 160
33.68, 160
33.71, 160
33.74, 160
33.77, 160
33.81, 160
33.84, 160
33.88, 160
33.92, 160
33.95, 160
33.98, 160
34.02, 160
34.05, 160
55.56, 160
55.59, 160
55.61, 160
55.65, 160
69.04, 160
69.07, 160
69.10, 160
69.24, 160
69.27, 160
69.31, 160
69.34, 160
69.38, 160
69.41, 160
69.44, 160
69.47, 160
69.50, 160
69.53, 160
69.56, 160
69.60, 160
69.62, 160
69.65, 160
69.68, 160
69.71, 160
69.74, 160
69.77, 160
69.80, 160
69.83, 160
69.87, 160
70.85, 160
70.87, 160
70.90, 160
70.93, 160
70.96, 160
70.99, 160
71.02, 160
71.05, 160
71.08, 160
71.11, 160
71.15, 160
71.17, 160
71.20, 160
71.24, 160
71.27, 160
75.03, 160
75.07, 160
75.10, 160
75.13, 160
75.16, 160
75.19, 160
75.22, 160
75.25, 160
75.27, 160
75.30, 160
76.64, 160
76.67, 160
76.71, 160
76.74, 160
76.78, 160
76.81, 160
76.84, 160
76.87, 160
76.90, 160
76.93, 160
76.97, 160
76.99, 160
77.02, 160
77.05, 160
77.08, 160
77.59, 160
77.62, 160
77.65, 160
77.68, 160
77.71, 160
77.74, 160
77.77, 160
77.80, 160
77.84, 160
77.86, 160
78.03, 160
78.06, 160
78.09, 160
78.12, 160
88.75, 160
88.79, 160
88.82, 160
88.84, 160
88.87, 160
88.90, 160
88.93, 160
89.00, 160
89.03, 160
89.06, 160
89.09, 160
90.01, 160
90.04, 160
90.08, 160
90.11, 160
90.36, 160
90.44, 160
90.47, 160
90.51, 160
90.54, 160
90.57, 160
90.61, 160
90.64, 160
90.67, 160
90.70, 160
92.51, 160
92.54, 160
92.57, 160
92.60, 160
92.64, 160
92.67, 160
92.70, 160
92.73, 160
92.77, 160
92.79, 160
92.83, 160
92.86, 160
92.89, 160
92.95, 160
92.98, 160
100.03, 160
100.07, 160
100.10, 160
100.13, 160
100.16, 160
100.19, 160
101.37, 160
101.40, 160
101.55, 160
101.58, 160
101.61, 160
101.65, 160
101.68, 160
101.72, 160
101.76, 160
101.79, 160
101.82, 160
101.85, 160
101.88, 160
101.91, 160
101.94, 160
101.97, 160
101.99, 160
102.01, 160
102.05, 160
102.07, 160
102.11, 160
102.14, 160
102.16, 160
102.19, 160
102.22, 160
102.25, 160
102.28, 160
102.31, 160
102.34, 160
102.37, 160
116.99, 160
117.02, 160
117.06, 160
117.09, 160
117.12, 160
117.36, 160
117.39, 160
117.42, 160
117.45, 160
117.48, 160
117.51, 160
117.55, 160
117.57, 160
117.61, 160
117.64, 160
117.67, 160
117.71, 160
117.75, 160
117.78, 160
117.81, 160
117.84, 160
117.86, 160
117.89, 160
117.92, 160
117.95, 160
117.98, 160
118.02, 160
118.05, 160
118.08, 160
118.11, 160
118.14, 160
118.18, 160
118.21, 160
118.24, 160
120.75, 160
120.78, 160
123.42, 160
123.45, 160
123.49, 160
123.53, 160
123.57, 160
123.60, 160
123.64, 160
123.66, 160
123.70, 160
123.73, 160
123.77, 160
123.79, 160
123.82, 160
123.85, 160
123.87, 160
123.90, 160
123.94, 160
123.96, 160
124.00, 160
124.03, 160
124.06, 160
124.09, 160
124.13, 160
124.16, 160
124.19, 160
124.23, 160
124.27, 160
126.64, 160
128.34, 160
128.37, 160
128.40, 160
128.43, 160
128.45, 160
128.48, 160
128.51, 160
128.69, 160
128.72, 160
128.75, 160
128.78, 160
128.81, 160
128.84, 160
128.88, 160
129.17, 160
129.21, 160
129.24, 160
129.27, 160
129.31, 160
129.33, 160
129.36, 160
129.39, 160
129.43, 160
129.46, 160
129.49, 160
129.52, 160
129.55, 160
129.58, 160
129.61, 160
129.64, 160
129.67, 160
129.70, 160
129.73, 160
129.77, 160
129.80, 160
129.84, 160
129.86, 160
129.89, 160
130.60, 160
130.63, 160
130.66, 160
130.70, 160
130.73, 160
130.76, 160
130.79, 160
130.82, 160
130.85, 160
130.87, 160
130.91, 160
130.94, 160
130.98, 160
133.80, 160
149.44, 160
149.47, 160
150.10, 160
150.13, 160
150.33, 160
150.36, 160
150.39, 160
150.43, 160
150.46, 160
150.49, 160
150.53, 160
150.55, 160
150.58, 160
150.61, 160
150.64, 160
150.68, 160
152.22, 160
152.24, 160
152.28, 160
152.31, 160
152.34, 160
152.37, 160
152.40, 160
152.43, 160
152.46, 160
152.48, 160
152.51, 160
170.23, 160
170.26, 160
170.63, 160
170.66, 160
170.69, 160
170.72, 160
170.75, 160
170.78, 160
170.89, 160
170.92, 160
170.96, 160
170.99, 160
171.03, 160
171.06, 160
171.08, 160
171.11, 160
171.14, 160
171.17, 160
172.80, 160
172.84, 160
172.87, 160
172.90, 160
173.01, 160
173.04, 160
173.07, 160
173.10, 160
173.16, 160
173.19, 160
173.22, 160
173.25, 160
173.28, 160
173.31, 160
173.35, 160
173.37, 160
173.40, 160
173.43, 160
173.46, 160
173.49, 160
173.52, 160
173.55, 160
173.58, 160
173.61, 160
173.64, 160
173.68, 160
173.71, 160
173.75, 160
173.79, 160
173.82, 160
173.86, 160
173.89, 160
173.93, 160
174.50, 160
174.53, 160
174.57, 160
174.60, 160
174.63, 160
174.65, 160
174.68, 160
174.74, 160
174.77, 160
174.80, 160
174.83, 160
174.87, 160
174.90, 160
176.67, 160
176.70, 160
176.74, 160
176.77, 160
176.81, 160
176.85, 160
176.88, 160
176.91, 160
176.94, 160
176.98, 160
177.01, 160
177.04, 160
177.19, 160
177.22, 160
177.25, 160
177.28, 160
177.32, 160
177.35, 160
177.39, 160
177.42, 160
177.82, 160
178.76, 160
178.79, 160
178.82, 160
178.85, 160
178.88, 160
178.91, 160
178.94, 160
178.96, 160
178.99, 160
179.01, 160
179.04, 160
179.07, 160
179.13, 160
179.15, 160
179.18, 160
179.31, 160
179.34, 160
179.40, 160
179.42, 160
179.46, 160
179.48, 160
179.52, 160
179.54, 160
179.58, 160
179.61, 160
179.64, 160
179.67, 160
179.70, 160
179.72, 160
179.75, 160
179.78, 160
187.97, 160
188.01, 160
188.21, 160
188.24, 160
188.96, 160
188.98, 160
189.02, 160
189.06, 160
189.08, 160
189.12, 160
189.14, 160
189.16, 160
189.18, 160
189.21, 160
189.25, 160
189.28, 160
189.31, 160
189.34, 160
189.38, 160
189.41, 160
189.45, 160
189.47, 160
189.50, 160
189.53, 160
189.56, 160
189.59, 160
189.62, 160
189.64, 160
194.56, 160
194.60, 160
194.63, 160
194.66, 160
194.69, 160
194.72, 160
194.75, 160
194.85, 160
194.88, 160
194.91, 160
194.94, 160
194.98, 160
195.01, 160
195.05, 160
195.08, 160
195.11, 160
195.14, 160
195.18, 160
195.22, 160
195.25, 160
195.28, 160
195.31, 160
195.35, 160
195.38, 160
203.17, 160
203.20, 160
203.23, 160
203.35, 160
203.38, 160
203.41, 160
203.44, 160
203.47, 160
203.50, 160
203.53, 160
203.56, 160
203.59, 160
203.63, 160
203.67, 160
203.70, 160
206.86, 160
206.89, 160
206.92, 160
206.94, 160
206.97, 160
207.00, 160
207.03, 160
207.06, 160
207.09, 160
207.12, 160
207.16, 160
207.38, 160
207.42, 160
207.44, 160
207.47, 160
207.50, 160
207.52, 160
207.55, 160
207.58, 160
207.62, 160
207.65, 160
207.68, 160
207.71, 160
211.14, 160
211.18, 160
211.21, 160
225.54, 160
225.57, 160
225.61, 160
225.64, 160
225.67, 160
225.70, 160
225.74, 160
225.78, 160
225.81, 160
225.84, 160
225.87, 160
225.90, 160
226.30, 160
226.34, 160
226.37, 160
226.44, 160
226.47, 160
226.53, 160
226.56, 160
226.60, 160
226.63, 160
226.65, 160
226.68, 160
226.71, 160
226.74, 160
227.54, 160
227.57, 160
227.61, 160
227.64, 160
227.67, 160
227.70, 160
227.73, 160
227.76, 160
227.79, 160
228.16, 160
228.19, 160
228.22, 160
228.25, 160
228.29, 160
228.32, 160
228.35, 160
228.77, 160
228.80, 160
228.83, 160
228.86, 160
230.06, 160
230.09, 160
231.56, 160
231.59, 160
231.63, 160
231.66, 160
231.70, 160
231.74, 160
231.77, 160
231.80, 160
231.83, 160
234.11, 160
234.14, 160
234.17, 160
234.19, 160
234.22, 160
234.26, 160
234.29, 160
234.33, 160
234.36, 160
234.39, 160
234.42, 160
234.45, 160
234.54, 160
234.93, 160
234.96, 160
234.99, 160
237.03, 160
237.06, 160
237.09, 160
237.13, 160
237.26, 160
237.29, 160
237.32, 160
237.35, 160
237.38, 160
237.41, 160
237.44, 160
237.47, 160
237.51, 160
237.54, 160
237.58, 160
237.61, 160
237.64, 160
237.67, 160
243.76, 160
243.79, 160
243.82, 160
243.86, 160
243.89, 160
243.91, 160
243.94, 160
243.97, 160
243.99, 160
244.03, 160
244.06, 160
244.09, 160
244.12, 160
245.90, 160
246.05, 160
246.09, 160
246.12, 160
246.15, 160
246.19, 160
249.07, 160
249.11, 160
249.14, 160
249.17, 160
250.17, 160
250.20, 160
250.23, 160
250.27, 160
250.30, 160
250.34, 160
250.36, 160
250.40, 160
250.42, 160
250.46, 160
250.49, 160
250.52, 160
250.55, 160
250.58, 160
250.62, 160
250.65, 160
250.72, 160
257.76, 160
257.79, 160
257.81, 160
257.85, 160
257.88, 160
257.92, 160
257.94, 160
257.97, 160
258.00, 160
260.51, 160
260.53, 160
260.57, 160
260.60, 160
260.63, 160
260.66, 160
260.69, 160
260.72, 160
260.75, 160
260.79, 160
260.81, 160
260.84, 160
260.88, 160
260.90, 160
261.23, 160
261.26, 160
261.29, 160
261.31, 160
261.34, 160
261.38, 160
261.41, 160
261.44, 160
261.47, 160
261.50, 160
261.53, 160
262.67, 160
262.71, 160
262.74, 160
262.76, 160
262.80, 160
262.84, 160
262.87, 160
262.91, 160
262.93, 160
262.96, 160
262.98, 160
263.11, 160
263.22, 160
263.25, 160
263.28, 160
263.31, 160
263.34, 160
263.37, 160
263.46, 160
263.49, 160
263.51, 160
263.55, 160
263.58, 160
265.99, 160
266.03, 160
266.06, 160
266.09, 160
266.12, 160
266.16, 160
266.19, 160
266.21, 160
266.25, 160
266.27, 160
266.31, 160
266.33, 160
266.36, 160
266.40, 160
266.43, 160
266.46, 160
266.50, 160
266.54, 160
266.57, 160
266.60, 160
266.64, 160
266.67, 160
266.70, 160
266.73, 160
266.77, 160
266.80, 160
266.93, 160
266.97, 160
267.04, 160
267.07, 160
267.11, 160
267.54, 160
267.58, 160
267.61, 160
267.64, 160
267.66, 160
267.70, 160
267.72, 160
270.70, 160
271.41, 160
271.83, 160
271.86, 160
271.89, 160
273.51, 160
273.54, 160
273.57, 160
273.61, 160
273.65, 160
274.22, 160
274.25, 160
274.28, 160
274.31, 160
274.34, 160
274.37, 160
277.00, 160
277.03, 160
277.06, 160
277.11, 160
277.14, 160
277.18, 160
277.21, 160
277.24, 160
277.27, 160
277.30, 160
277.34, 160
277.41, 160
277.44, 160
277.47, 160
277.50, 160
277.53, 160
277.56, 160
277.59, 160
277.63, 160
277.67, 160
277.70, 160
277.72, 160
277.76, 160
287.15, 160
287.19, 160
287.22, 160
287.25, 160
287.28, 160
288.94, 160
289.49, 160
289.52, 160
289.54, 160
289.57, 160
289.60, 160
289.63, 160
289.66, 160
289.70, 160
289.73, 160
289.77, 160
289.80, 160
289.83, 160
289.86, 160
289.90, 160
289.93, 160
289.96, 160
289.99, 160
290.70, 160
298.13, 160
298.83, 160
298.85, 160
298.89, 160
298.92, 160
310.23, 160
310.26, 160
310.29, 160
310.32, 160
310.36, 160
310.40, 160
310.42, 160
310.45, 160
310.48, 160
310.51, 160
310.54, 160
310.57, 160
310.60, 160
310.64, 160
310.67, 160
310.70, 160
310.73, 160
310.76, 160
310.79, 160
310.82, 160
310.85, 160
310.88, 160
310.91, 160
310.94, 160
310.96, 160
310.99, 160
311.59, 160
312.07, 160
312.09, 160
312.13, 160
312.16, 160
312.19, 160
312.22, 160
312.26, 160
312.29, 160
312.32, 160
312.35, 160
312.38, 160
312.41, 160
312.44, 160
312.47, 160
312.50, 160
312.54, 160
312.58, 160
312.61, 160
312.64, 160
312.67, 160
312.70, 160
316.24, 160
316.27, 160
316.30, 160
322.07, 160
322.37, 160
322.40, 160
322.43, 160
322.46, 160
322.49, 160
322.52, 160
322.58, 160
322.61, 160
322.64, 160
322.68, 160
322.71, 160
323.43, 160
323.46, 160
323.50, 160
323.53, 160
325.33, 160
325.36, 160
325.39, 160
325.42, 160
325.45, 160
325.48, 160
325.51, 160
325.55, 160
325.57, 160
325.60, 160
325.65, 160
325.68, 160
325.72, 160
325.74, 160
325.78, 160
325.81, 160
325.84, 160
325.87, 160
325.91, 160
325.94, 160
325.98, 160
326.00, 160
326.03, 160
326.06, 160
326.09, 160
326.32, 160
326.35, 160
326.38, 160
326.47, 160
326.50, 160
326.53, 160
326.56, 160
326.63, 160
326.73, 160
326.76, 160
326.79, 160
326.82, 160
326.85, 160
326.89, 160
327.51, 160
327.55, 160
327.58, 160
327.62, 160
327.92, 160
327.96, 160
327.99, 160
328.03, 160
328.05, 160
328.58, 160
328.60, 160
328.63, 160
328.66, 160
328.69, 160
328.72, 160
328.75, 160
328.78, 160
328.82, 160
328.85, 160
328.88, 160
328.91, 160
328.94, 160
328.96, 160
328.99, 160
329.03, 160
329.06, 160
329.10, 160
329.13, 160
329.17, 160
329.20, 160
329.23, 160
329.27, 160
329.29, 160
329.32, 160
329.36, 160
329.38, 160
329.42, 160
329.45, 160
337.24, 160
337.29, 160
337.32, 160
337.34, 160
337.38, 160
338.78, 160
338.81, 160
338.85, 160
338.89, 160
339.36, 160
339.66, 160
340.05, 160
340.07, 160
340.11, 160
340.13, 160
340.16, 160
343.23, 160
343.51, 160
343.54, 160
353.43, 160
353.46, 160
353.49, 160
353.53, 160
353.56, 160
353.59, 160
353.62, 160
353.66, 160
353.69, 160
353.73, 160
353.75, 160
353.78, 160
353.81, 160
353.85, 160
353.97, 160
354.00, 160
354.03, 160
354.06, 160
354.10, 160
354.13, 160
354.16, 160
354.86, 160
354.89, 160
354.93, 160
354.95, 160
354.99, 160
355.02, 160
355.04, 160
355.08, 160
355.11, 160
355.14, 160
355.17, 160
355.20, 160
355.23, 160
355.26, 160
358.31, 160
358.35, 160
358.37, 160
358.41, 160
358.44, 160
358.47, 160
358.50, 160
358.53, 160
358.57, 160
358.60, 160
358.63, 160
358.66, 160
358.69, 160
358.96, 160
359.92, 160
359.95, 160
360.06, 160
360.09, 160
360.96, 160
360.99, 160
361.02, 160
361.05, 160
361.07, 160
361.10, 160
361.14, 160
361.17, 160
361.29, 160
361.32, 160
361.36, 160
361.39, 160
361.42, 160
361.45, 160
361.48, 160
361.51, 160
361.54, 160
361.58, 160
361.87, 160
364.23, 160
364.27, 160
364.29, 160
364.32, 160
370.78, 160
370.81, 160
370.84, 160
370.99, 160
371.02, 160
371.05, 160
371.08, 160
371.11, 160
371.14, 160
391.52, 160
391.56, 160
391.59, 160
391.62, 160
391.65, 160
391.68, 160
401.22, 160
402.64, 160
402.67, 160
402.71, 160
426.45, 160
426.48, 160
426.51, 160
426.55, 160
426.57, 160
426.60, 160
426.63, 160
426.80, 160
426.83, 160
426.87, 160
426.90, 160
426.93, 160
426.96, 160
426.99, 160
427.03, 160
427.06, 160
427.45, 160
427.48, 160
427.52, 160
429.05, 160
429.08, 160
429.10, 160
429.59, 160
432.43, 160
432.46, 160
432.49, 160
432.52, 160
432.55, 160
432.60, 160
432.63, 160
432.65, 160
432.68, 160
432.72, 160
432.75, 160
432.78, 160
432.81, 160
432.85, 160
432.88, 160
432.91, 160
432.94, 160
432.97, 160
432.99, 160
433.03, 160
433.06, 160
433.09, 160
433.12, 160
433.14, 160
433.17, 160
433.20, 160
433.23, 160
433.27, 160
433.30, 160
433.33, 160
433.36, 160
433.39, 160
433.42, 160
433.44, 160
433.48, 160
433.51, 160
433.54, 160
433.57, 160
433.96, 160
433.99, 160
434.02, 160
434.05, 160
434.31, 160
434.41, 160
434.44, 160
434.47, 160
434.51, 160
434.55, 160
434.57, 160
434.60, 160
434.63, 160
434.66, 160
434.70, 160
434.73, 160
434.76, 160
434.79, 160
434.83, 160
434.86, 160
434.89, 160
434.93, 160
436.31, 160
436.33, 160
436.36, 160
436.39, 160
436.42, 160
436.45, 160
436.48, 160
436.52, 160
436.55, 160
436.58, 160
436.78, 160
436.80, 160
436.83, 160
436.86, 160
436.90, 160
438.24, 160
438.26, 160
438.29, 160
438.35, 160
438.38, 160
438.41, 160
438.44, 160
439.06, 160
439.09, 160
439.11, 160
439.15, 160
439.17, 160
439.20, 160
439.24, 160
439.27, 160
439.30, 160
439.33, 160
439.35, 160
439.38, 160
439.41, 160
439.44, 160
439.47, 160
439.51, 160
439.54, 160
439.57, 160
439.59, 160
439.62, 160
439.65, 160
454.24, 160
454.28, 160
454.31, 160
454.61, 160
464.95, 160
464.98, 160
465.00, 160
465.03, 160
465.06, 160
465.08, 160
465.18, 160
465.20, 160
465.23, 160
465.27, 160
467.48, 160
467.51, 160
467.54, 160
467.57, 160
467.60, 160
467.63, 160
467.66, 160
467.70, 160
467.72, 160
467.75, 160
467.79, 160
468.02, 160
468.04, 160
468.11, 160
468.13, 160
468.16, 160
468.20, 160
468.22, 160
468.25, 160
468.29, 160
468.32, 160
468.35, 160
468.43, 160
468.46, 160
468.49, 160
468.52, 160
468.55, 160
468.57, 160
468.60, 160
468.63, 160
468.67, 160
470.95, 160
470.98, 160
471.02, 160
471.04, 160
471.07, 160
471.54, 160
471.56, 160
471.59, 160
471.62, 160
471.65, 160
471.68, 160
471.71, 160
471.75, 160
471.78, 160
471.81, 160
471.84, 160
471.87, 160
471.90, 160
471.93, 160
471.96, 160
471.98, 160
472.02, 160
472.05, 160
472.08, 160
472.10, 160
473.01, 160
473.04, 160
473.07, 160
473.10, 160
473.58, 160
473.61, 160
473.64, 160
473.68, 160
473.72, 160
473.75, 160
473.78, 160
473.82, 160
473.85, 160
473.89, 160
473.92, 160
473.95, 160
473.98, 160
475.21, 160
482.37, 160
482.40, 160
482.42, 160
482.45, 160
482.48, 160
482.51, 160
482.54, 160
482.57, 160
482.60, 160
486.32, 160
486.36, 160
486.39, 160
488.99, 160
489.02, 160
489.05, 160
489.08, 160
489.12, 160
489.15, 160
489.18, 160
489.20, 160
489.23, 160
489.26, 160
489.29, 160
489.94, 160
489.97, 160
490.01, 160
490.04, 160
490.07, 160
490.10, 160
490.12, 160
491.92, 160
491.95, 160
491.97, 160
492.01, 160
492.04, 160
492.16, 160
492.19, 160
492.22, 160
492.33, 160
492.37, 160
492.40, 160
492.44, 160
492.46, 160
492.50, 160
492.95, 160
492.98, 160
493.01, 160
493.04, 160
493.07, 160
493.11, 160
493.15, 160
493.79, 160
493.82, 160
493.85, 160
493.87, 160
493.91, 160
493.94, 160
493.97, 160
494.01, 160
494.04, 160
494.07, 160
494.11, 160
494.13, 160
494.16, 160
494.19, 160
494.22, 160
494.25, 160
494.29, 160
494.31, 160
494.46, 160
494.50, 160
494.53, 160
494.55, 160
494.59, 160
494.61, 160
494.64, 160
494.67, 160
494.70, 160
494.73, 160
494.76, 160
494.79, 160
494.82, 160
494.84, 160
494.88, 160
495.21, 160
495.24, 160
495.27, 160
495.30, 160
495.33, 160
495.36, 160
495.39, 160
495.41, 160
495.45, 160
495.48, 160
495.51, 160
495.54, 160
495.58, 160
495.61, 160
495.64, 160
495.66, 160
498.35, 160
498.38, 160
498.41, 160
498.43, 160
498.46, 160
498.48, 160
498.87, 160
498.90, 160
504.88, 160
504.90, 160
508.93, 160
508.95, 160
508.98, 160
528.26, 160
528.30, 160
530.11, 160
530.14, 160
530.17, 160
530.20, 160
530.24, 160
530.28, 160
530.31, 160
530.34, 160
530.37, 160
530.40, 160
530.43, 160
530.46, 160
530.50, 160
530.53, 160
530.56, 160
530.60, 160
530.63, 160
530.66, 160
531.78, 160
531.81, 160
531.84, 160
531.86, 160
531.89, 160
531.92, 160
531.94, 160
531.97, 160
532.00, 160
532.04, 160
532.07, 160
532.10, 160
532.13, 160
532.17, 160
532.20, 160
532.23, 160
532.26, 160
532.66, 160
532.69, 160
532.72, 160
532.75, 160
533.15, 160
533.56, 160
533.59, 160
533.62, 160
533.65, 160
533.67, 160
533.70, 160
533.73, 160
533.76, 160
533.79, 160
533.83, 160
533.85, 160
533.88, 160
533.90, 160
533.94, 160
540.29, 160
540.33, 160
540.36, 160
540.40, 160
540.46, 160
540.49, 160
540.52, 160
540.54, 160
540.57, 160
540.69, 160
540.72, 160
541.16, 160
541.20, 160
541.23, 160
541.27, 160
541.31, 160
541.34, 160
541.36, 160
541.39, 160
541.42, 160
541.45, 160
541.48, 160
541.52, 160
541.55, 160
541.58, 160
541.61, 160
541.64, 160
542.61, 160
542.64, 160
542.68, 160
542.71, 160
542.75, 160
542.78, 160
542.81, 160
542.84, 160
542.87, 160
542.89, 160
542.93, 160
542.95, 160
542.99, 160
543.02, 160
543.05, 160
543.07, 160
545.75, 160
546.01, 160
546.05, 160
546.08, 160
546.12, 160
546.15, 160
546.19, 160
546.23, 160
549.28, 160
549.31, 160
549.34, 160
549.37, 160
549.40, 160
549.43, 160
549.45, 160
549.49, 160
549.52, 160
549.56, 160
549.95, 160
549.98, 160
550.00, 160
551.19, 160
551.22, 160
551.25, 160
551.29, 160
551.31, 160
551.34, 160
551.38, 160
551.41, 160
551.44, 160
553.34, 160
553.37, 160
553.58, 160
553.71, 160
553.74, 160
553.77, 160
553.81, 160
553.84, 160
553.87, 160
553.90, 160
553.92, 160
553.95, 160
554.04, 160
554.06, 160
554.09, 160
554.13, 160
554.16, 160
554.19, 160
554.24, 160
554.27, 160
554.30, 160
554.33, 160
554.37, 160
554.40, 160
554.42, 160
554.45, 160
554.48, 160
554.52, 160
554.55, 160
555.21, 160
555.25, 160
555.28, 160
555.31, 160
555.34, 160
555.37, 160
555.40, 160
555.55, 160
555.59, 160
556.20, 160
556.33, 160
556.37, 160
556.40, 160
556.57, 160
556.60, 160
556.64, 160
556.66, 160
556.69, 160
556.73, 160
556.77, 160
558.52, 160
558.55, 160
558.57, 160
558.60, 160
558.63, 160
580.98, 160
581.01, 160
581.03, 160
581.06, 160
581.09, 160
581.11, 160
581.14, 160
581.18, 160
588.20, 160
588.23, 160
588.27, 160
588.29, 160
588.33, 160
588.36, 160
589.38, 160
589.41, 160
589.45, 160
598.14, 160
598.18, 160
598.21, 160
598.24, 160
598.28, 160
598.31, 160
598.34, 160
598.37, 160
598.40, 160
598.43, 160
598.47, 160
598.50, 160
