0.29, 165
0.32, 164
0.34, 164
0.38, 164
0.40, 164
0.43, 164
0.46, 164
0.49, 164
0.55, 164
0.58, 163
0.62, 162
1.15, 162
1.18, 162
1.24, 162
1.27, 162
1.30, 162
1.33, 162
1.37, 162
1.40, 162
1.43, 162
1.46, 162
1.49, 162
1.52, 162
1.55, 162
1.57, 162
1.61, 162
1.64, 162
1.67, 161
1.71, 161
1.74, 161
1.76, 161
2.91, 161
2.93, 161
2.96, 161
3.00, 161
3.57, 161
3.60, 161
4.43, 161
4.46, 161
4.49, 161
4.64, 161
4.67, 161
4.70, 161
4.73, 161
4.76, 161
4.80, 161
4.83, 161
4.86, 161
4.90, 161
4.93, 161
4.97, 161
4.99, 161
5.02, 161
5.06, 161
5.10, 161
5.12, 161
5.16, 161
5.19, 161
5.60, 161
5.63, 161
6.97, 160
7.00, 160
7.03, 160
7.08, 160
7.33, 160
7.37, 160
7.40, 160
7.42, 160
7.45, 160
7.48, 160
11.61, 160
11.64, 160
11.67, 160
11.71, 160
11.74, 160
11.77, 160
11.81, 160
11.83, 160
11.86, 160
11.89, 160
11.92, 160
11.95, 160
11.98, 160
14.05, 160
14.08, 160
14.17, 160
14.20, 160
14.23, 160
14.26, 160
16.57, 160
16.60, 160
16.64, 160
16.68, 160
16.70, 160
16.74, 160
16.77, 160
16.80, 160
16.83, 160
16.86, 160
16.90, 160
16.93, 160
16.99, 160
17.02, 160
17.36, 160
17.40, 160
17.42, 160
17.45, 160
17.56, 160
17.60, 160
17.63, 160
21.64, 160
21.68, 160
21.71, 160
23.08, 160
23.11, 160
23.14, 160
23.17, 160
23.19, 160
23.22, 160
23.25, 160
23.29, 160
23.32, 160
23.36, 160
23.39, 160
23.42, 160
23.45, 160
23.48, 160
23.51, 160
26.09, 160
26.11, 160
26.15, 160
26.18, 160
26.22, 160
26.24, 160
26.27, 160
26.30, 160
26.34, 160
26.37, 160
26.40, 160
26.43, 160
26.46, 160
26.50, 160
26.53, 160
26.55, 160
26.59, 160
26.62, 160
26.66, 160
26.69, 160
26.73, 160
26.76, 160
26.78, 160
26.82, 160
26.85, 160
27.11, 160
33.73, 160
33.77, 160
33.81, 160
33.83, 160
33.86, 160
33.89, 160
33.93, 160
33.97, 160
34.00, 160
34.04, 160
34.07, 160
34.11, 160
34.14, 160
55.66, 160
55.69, 160
55.72, 160
55.76, 160
68.92, 160
68.95, 160
68.99, 160
69.12, 160
69.15, 160
69.19, 160
69.22, 160
69.25, 160
69.28, 160
69.31, 160
69.34, 160
69.37, 160
69.39, 160
69.42, 160
69.46, 160
69.49, 160
69.52, 160
69.54, 160
69.57, 160
69.61, 160
69.63, 160
69.66, 160
69.69, 160
69.72, 160
70.73, 160
70.76, 160
70.79, 160
70.82, 160
70.85, 160
70.89, 160
70.92, 160
70.95, 160
70.98, 160
71.01, 160
71.04, 160
71.07, 160
71.11, 160
71.15, 160
71.18, 160
75.01, 160
75.04, 160
75.08, 160
75.11, 160
75.14, 160
75.17, 160
75.19, 160
75.23, 160
75.25, 160
75.28, 160
76.69, 160
76.72, 160
76.76, 160
76.79, 160
76.82, 160
76.86, 160
76.89, 160
76.91, 160
76.94, 160
76.98, 160
77.01, 160
77.03, 160
77.07, 160
77.10, 160
77.13, 160
77.64, 160
77.67, 160
77.70, 160
77.72, 160
77.75, 160
77.78, 160
77.81, 160
77.84, 160
77.87, 160
77.90, 160
78.05, 160
78.09, 160
78.11, 160
78.14, 160
88.75, 160
88.79, 160
88.81, 160
88.84, 160
88.86, 160
88.90, 160
88.93, 160
89.00, 160
89.03, 160
89.06, 160
89.09, 160
89.97, 160
90.00, 160
90.03, 160
90.06, 160
90.30, 160
90.38, 160
90.42, 160
90.45, 160
90.47, 160
90.51, 160
90.55, 160
90.58, 160
90.60, 160
90.64, 160
92.49, 160
92.52, 160
92.56, 160
92.59, 160
92.62, 160
92.66, 160
92.69, 160
92.72, 160
92.75, 160
92.79, 160
92.82, 160
92.85, 160
92.89, 160
92.95, 160
92.97, 160
100.04, 160
100.07, 160
100.10, 160
100.13, 160
100.16, 160
100.18, 160
101.37, 160
101.41, 160
101.55, 160
101.58, 160
101.61, 160
101.65, 160
101.69, 160
101.72, 160
101.76, 160
101.80, 160
101.83, 160
101.85, 160
101.88, 160
101.91, 160
101.94, 160
101.98, 160
102.01, 160
102.04, 160
102.07, 160
102.10, 160
102.13, 160
102.16, 160
102.19, 160
102.22, 160
102.25, 160
102.27, 160
102.31, 160
102.34, 160
102.37, 160
102.41, 160
116.64, 160
116.68, 160
116.70, 160
116.74, 160
116.77, 160
117.00, 160
117.03, 160
117.06, 160
117.09, 160
117.12, 160
117.15, 160
117.18, 160
117.20, 160
117.23, 160
117.26, 160
117.29, 160
117.33, 160
117.36, 160
117.40, 160
117.42, 160
117.45, 160
117.47, 160
117.50, 160
117.53, 160
117.55, 160
117.59, 160
117.62, 160
117.65, 160
117.67, 160
117.70, 160
117.74, 160
117.77, 160
117.81, 160
117.84, 160
