0.27, 165
0.30, 164
0.32, 164
0.36, 164
0.38, 164
0.41, 164
0.45, 164
0.48, 164
0.54, 164
0.57, 163
0.61, 162
1.15, 162
1.19, 162
1.25, 162
1.29, 162
1.32, 162
1.35, 162
1.39, 162
1.42, 162
1.45, 162
1.48, 162
1.51, 162
1.54, 162
1.58, 162
1.60, 162
1.64, 162
1.67, 162
1.70, 161
1.74, 161
1.76, 161
1.80, 161
2.98, 161
3.02, 161
3.05, 161
3.08, 161
3.68, 161
3.71, 161
4.55, 161
4.58, 161
4.61, 161
4.76, 161
4.79, 161
4.83, 161
4.86, 161
4.90, 161
4.93, 161
4.96, 161
5.00, 161
5.03, 161
5.07, 161
5.10, 161
5.13, 161
5.17, 161
5.20, 161
5.24, 161
5.27, 161
5.30, 161
5.34, 161
5.79, 161
5.82, 161
7.23, 160
7.26, 160
7.30, 160
7.34, 160
7.62, 160
7.65, 160
7.68, 160
7.71, 160
7.74, 160
7.78, 160
12.32, 160
12.36, 160
12.40, 160
12.45, 160
12.48, 160
12.51, 160
12.55, 160
12.58, 160
12.61, 160
12.64, 160
12.67, 160
12.70, 160
12.73, 160
14.99, 160
15.02, 160
15.13, 160
15.16, 160
15.20, 160
15.23, 160
17.64, 160
17.67, 160
17.71, 160
17.75, 160
17.77, 160
17.80, 160
17.83, 160
17.87, 160
17.90, 160
17.93, 160
17.97, 160
18.01, 160
18.08, 160
18.11, 160
18.46, 160
18.49, 160
18.52, 160
18.55, 160
18.67, 160
18.71, 160
18.74, 160
22.88, 160
22.92, 160
22.96, 160
24.38, 160
24.41, 160
24.43, 160
24.46, 160
24.49, 160
24.51, 160
24.55, 160
24.58, 160
24.61, 160
24.65, 160
24.68, 160
24.71, 160
24.75, 160
24.79, 160
24.82, 160
27.48, 160
27.51, 160
27.55, 160
27.59, 160
27.63, 160
27.65, 160
27.68, 160
27.72, 160
27.75, 160
27.78, 160
27.81, 160
27.84, 160
27.88, 160
27.92, 160
27.95, 160
27.98, 160
28.01, 160
28.04, 160
28.07, 160
28.10, 160
28.13, 160
28.16, 160
28.19, 160
28.23, 160
28.26, 160
28.52, 160
35.43, 160
35.46, 160
35.49, 160
35.53, 160
35.57, 160
35.61, 160
35.64, 160
35.68, 160
35.71, 160
35.74, 160
35.78, 160
35.82, 160
35.85, 160
58.44, 160
58.47, 160
58.50, 160
58.54, 160
72.39, 160
72.43, 160
72.46, 160
72.61, 160
72.65, 160
72.69, 160
72.72, 160
72.75, 160
72.78, 160
72.81, 160
72.84, 160
72.87, 160
72.90, 160
72.93, 160
72.97, 160
73.00, 160
73.04, 160
73.06, 160
73.09, 160
73.12, 160
73.15, 160
73.19, 160
73.22, 160
73.25, 160
74.24, 160
74.27, 160
74.30, 160
74.33, 160
74.36, 160
74.39, 160
74.42, 160
74.45, 160
74.48, 160
74.52, 160
74.55, 160
74.58, 160
74.62, 160
74.65, 160
74.68, 160
78.65, 160
78.69, 160
78.72, 160
78.75, 160
78.78, 160
78.81, 160
78.84, 160
78.86, 160
78.89, 160
78.92, 160
80.43, 160
80.46, 160
80.49, 160
80.53, 160
80.57, 160
80.60, 160
80.63, 160
80.67, 160
80.70, 160
80.73, 160
80.76, 160
80.79, 160
80.82, 160
80.85, 160
80.88, 160
81.40, 160
81.43, 160
81.47, 160
81.50, 160
81.53, 160
81.56, 160
81.59, 160
81.62, 160
81.65, 160
81.68, 160
81.85, 160
81.88, 160
81.91, 160
81.94, 160
92.99, 160
93.03, 160
93.06, 160
93.08, 160
93.11, 160
93.15, 160
93.18, 160
93.25, 160
93.28, 160
93.31, 160
93.34, 160
94.31, 160
94.34, 160
94.38, 160
94.41, 160
94.67, 160
94.75, 160
94.78, 160
94.81, 160
94.84, 160
94.88, 160
94.92, 160
94.95, 160
94.97, 160
95.00, 160
96.83, 160
96.87, 160
96.91, 160
96.94, 160
96.97, 160
97.00, 160
97.03, 160
97.06, 160
97.09, 160
97.12, 160
97.16, 160
97.19, 160
97.22, 160
97.28, 160
97.31, 160
104.60, 160
104.63, 160
104.66, 160
104.69, 160
104.72, 160
104.75, 160
105.97, 160
106.01, 160
106.16, 160
106.19, 160
106.22, 160
106.26, 160
106.30, 160
106.33, 160
106.37, 160
106.41, 160
106.44, 160
106.47, 160
106.51, 160
106.53, 160
106.57, 160
106.61, 160
106.63, 160
106.66, 160
106.69, 160
106.72, 160
106.75, 160
106.78, 160
106.81, 160
106.85, 160
106.88, 160
106.91, 160
106.95, 160
106.98, 160
107.01, 160
107.05, 160
122.00, 160
122.03, 160
122.06, 160
122.10, 160
122.14, 160
122.40, 160
122.43, 160
122.47, 160
122.50, 160
122.53, 160
122.56, 160
122.60, 160
122.63, 160
122.66, 160
122.68, 160
122.72, 160
122.75, 160
122.79, 160
122.83, 160
122.86, 160
122.89, 160
122.91, 160
122.94, 160
122.97, 160
123.00, 160
123.03, 160
123.07, 160
123.10, 160
123.13, 160
123.16, 160
123.20, 160
123.24, 160
123.27, 160
123.30, 160
125.89, 160
125.92, 160
128.61, 160
128.64, 160
128.67, 160
128.70, 160
128.73, 160
128.76, 160
128.80, 160
128.82, 160
128.85, 160
128.88, 160
128.92, 160
128.95, 160
128.97, 160
129.00, 160
129.03, 160
129.06, 160
129.10, 160
129.12, 160
129.16, 160
129.20, 160
129.23, 160
129.26, 160
129.29, 160
129.32, 160
129.36, 160
129.40, 160
129.43, 160
131.90, 160
133.61, 160
133.64, 160
133.67, 160
133.70, 160
133.73, 160
133.75, 160
133.79, 160
133.97, 160
134.01, 160
134.04, 160
134.08, 160
134.11, 160
134.14, 160
134.17, 160
134.49, 160
134.52, 160
134.55, 160
134.59, 160
134.63, 160
134.65, 160
134.69, 160
134.71, 160
134.75, 160
134.79, 160
134.82, 160
134.86, 160
134.88, 160
134.91, 160
134.95, 160
134.98, 160
135.01, 160
135.04, 160
135.08, 160
135.12, 160
135.16, 160
135.20, 160
135.23, 160
135.26, 160
135.96, 160
135.99, 160
136.03, 160
136.06, 160
136.10, 160
136.13, 160
136.16, 160
136.19, 160
136.22, 160
136.24, 160
136.28, 160
136.32, 160
136.36, 160
139.24, 160
155.66, 160
155.70, 160
156.33, 160
156.36, 160
156.55, 160
156.58, 160
156.61, 160
156.65, 160
156.69, 160
156.72, 160
156.76, 160
156.78, 160
156.81, 160
156.84, 160
156.88, 160
156.91, 160
158.55, 160
158.58, 160
158.61, 160
158.64, 160
158.67, 160
158.70, 160
158.74, 160
158.77, 160
158.80, 160
158.83, 160
158.86, 160
177.31, 160
177.34, 160
177.70, 160
177.73, 160
177.76, 160
177.79, 160
177.82, 160
177.86, 160
177.98, 160
178.01, 160
178.05, 160
178.08, 160
178.11, 160
178.14, 160
178.17, 160
178.20, 160
178.24, 160
178.27, 160
179.95, 160
179.99, 160
180.02, 160
180.05, 160
180.18, 160
180.21, 160
180.24, 160
180.27, 160
180.32, 160
180.35, 160
180.38, 160
180.41, 160
180.44, 160
180.47, 160
180.51, 160
180.54, 160
180.57, 160
180.60, 160
180.63, 160
180.66, 160
180.69, 160
180.73, 160
180.77, 160
180.80, 160
180.84, 160
180.87, 160
180.90, 160
180.94, 160
180.97, 160
181.00, 160
181.04, 160
181.08, 160
181.11, 160
181.71, 160
181.74, 160
181.78, 160
181.81, 160
181.83, 160
181.86, 160
181.89, 160
181.95, 160
181.99, 160
182.01, 160
182.05, 160
182.08, 160
182.12, 160
183.98, 160
184.01, 160
184.05, 160
184.08, 160
184.12, 160
184.16, 160
184.19, 160
184.22, 160
184.26, 160
184.30, 160
184.33, 160
184.37, 160
184.50, 160
184.54, 160
184.57, 160
184.61, 160
184.65, 160
184.69, 160
184.72, 160
184.76, 160
185.19, 160
186.18, 160
186.21, 160
186.24, 160
186.27, 160
186.30, 160
186.33, 160
186.36, 160
186.39, 160
186.43, 160
186.45, 160
186.48, 160
186.50, 160
186.57, 160
186.60, 160
186.63, 160
186.75, 160
186.78, 160
186.84, 160
186.87, 160
186.90, 160
186.93, 160
186.96, 160
186.99, 160
187.02, 160
187.05, 160
187.09, 160
187.12, 160
187.15, 160
187.18, 160
187.21, 160
187.24, 160
195.71, 160
195.74, 160
195.93, 160
195.96, 160
196.70, 160
196.73, 160
196.77, 160
196.81, 160
196.84, 160
196.87, 160
196.90, 160
196.92, 160
196.94, 160
196.98, 160
197.01, 160
197.04, 160
197.07, 160
197.10, 160
197.14, 160
197.18, 160
197.21, 160
197.23, 160
197.27, 160
197.30, 160
197.34, 160
197.36, 160
197.39, 160
197.43, 160
202.66, 160
202.70, 160
202.73, 160
202.76, 160
202.79, 160
202.82, 160
202.85, 160
202.97, 160
203.01, 160
203.04, 160
203.08, 160
203.11, 160
203.15, 160
203.18, 160
203.22, 160
203.25, 160
203.29, 160
203.32, 160
203.36, 160
203.40, 160
203.43, 160
203.46, 160
203.49, 160
203.52, 160
211.77, 160
211.81, 160
211.84, 160
211.98, 160
212.01, 160
212.04, 160
212.07, 160
212.11, 160
212.14, 160
212.17, 160
212.21, 160
212.24, 160
212.27, 160
212.31, 160
212.35, 160
215.72, 160
215.75, 160
215.77, 160
215.80, 160
215.83, 160
215.86, 160
215.89, 160
215.92, 160
215.95, 160
215.98, 160
216.01, 160
216.26, 160
216.29, 160
216.31, 160
216.34, 160
216.36, 160
216.39, 160
216.42, 160
216.44, 160
216.48, 160
216.51, 160
216.54, 160
216.57, 160
220.17, 160
220.21, 160
220.23, 160
234.95, 160
234.99, 160
235.02, 160
235.06, 160
235.08, 160
235.11, 160
235.14, 160
235.18, 160
235.22, 160
235.25, 160
235.28, 160
235.31, 160
235.73, 160
235.76, 160
235.79, 160
235.86, 160
235.89, 160
235.95, 160
235.99, 160
236.02, 160
236.05, 160
236.08, 160
236.11, 160
236.13, 160
236.16, 160
237.00, 160
237.03, 160
237.07, 160
237.10, 160
237.14, 160
237.17, 160
237.21, 160
237.24, 160
237.27, 160
237.68, 160
237.71, 160
237.74, 160
237.78, 160
237.81, 160
237.85, 160
237.88, 160
238.31, 160
238.34, 160
238.37, 160
238.40, 160
239.65, 160
239.68, 160
241.16, 160
241.20, 160
241.23, 160
241.27, 160
241.30, 160
241.34, 160
241.37, 160
241.40, 160
241.43, 160
243.77, 160
243.80, 160
243.83, 160
243.86, 160
243.89, 160
243.92, 160
243.95, 160
243.99, 160
244.02, 160
244.06, 160
244.09, 160
244.12, 160
244.21, 160
244.62, 160
244.66, 160
244.69, 160
246.82, 160
246.85, 160
246.89, 160
246.92, 160
247.05, 160
247.08, 160
247.11, 160
247.14, 160
247.17, 160
247.20, 160
247.23, 160
247.26, 160
247.29, 160
247.33, 160
247.36, 160
247.39, 160
247.43, 160
247.46, 160
253.94, 160
253.97, 160
254.00, 160
254.04, 160
254.07, 160
254.10, 160
254.13, 160
254.17, 160
254.19, 160
254.22, 160
254.26, 160
254.29, 160
254.32, 160
256.18, 160
256.33, 160
256.37, 160
256.39, 160
256.43, 160
256.47, 160
259.49, 160
259.53, 160
259.56, 160
259.59, 160
260.63, 160
260.66, 160
260.69, 160
260.73, 160
260.76, 160
260.81, 160
260.84, 160
260.87, 160
260.90, 160
260.93, 160
260.96, 160
260.99, 160
261.02, 160
261.06, 160
261.11, 160
261.13, 160
261.20, 160
268.57, 160
268.60, 160
268.63, 160
268.66, 160
268.70, 160
268.74, 160
268.77, 160
268.80, 160
268.83, 160
271.40, 160
271.43, 160
271.47, 160
271.50, 160
271.53, 160
271.56, 160
271.59, 160
271.62, 160
271.64, 160
271.68, 160
271.71, 160
271.75, 160
271.78, 160
271.81, 160
272.14, 160
272.17, 160
272.21, 160
272.24, 160
272.27, 160
272.31, 160
272.34, 160
272.37, 160
272.40, 160
272.43, 160
272.47, 160
273.37, 160
273.41, 160
273.44, 160
273.47, 160
273.50, 160
273.55, 160
273.58, 160
273.61, 160
273.64, 160
273.67, 160
273.70, 160
273.82, 160
273.95, 160
273.99, 160
274.02, 160
274.06, 160
274.09, 160
274.12, 160
274.21, 160
274.24, 160
274.26, 160
274.30, 160
274.33, 160
276.82, 160
276.85, 160
276.88, 160
276.92, 160
276.95, 160
276.99, 160
277.02, 160
277.04, 160
277.07, 160
277.10, 160
277.14, 160
277.17, 160
277.20, 160
277.23, 160
277.27, 160
277.30, 160
277.34, 160
277.37, 160
277.40, 160
277.44, 160
277.47, 160
277.50, 160
277.53, 160
277.56, 160
277.59, 160
277.62, 160
277.75, 160
277.79, 160
277.87, 160
277.90, 160
277.93, 160
278.36, 160
278.40, 160
278.44, 160
278.47, 160
278.50, 160
278.54, 160
278.57, 160
281.65, 160
282.38, 160
282.81, 160
282.83, 160
282.87, 160
284.60, 160
284.64, 160
284.67, 160
284.70, 160
284.74, 160
285.34, 160
285.37, 160
285.41, 160
285.44, 160
285.47, 160
285.50, 160
288.24, 160
288.27, 160
288.30, 160
288.36, 160
288.39, 160
288.42, 160
288.46, 160
288.49, 160
288.52, 160
288.56, 160
288.59, 160
288.66, 160
288.69, 160
288.72, 160
288.76, 160
288.78, 160
288.81, 160
288.84, 160
288.88, 160
288.91, 160
288.95, 160
288.97, 160
289.01, 160
298.63, 160
298.67, 160
298.69, 160
298.73, 160
298.76, 160
300.51, 160
301.10, 160
301.13, 160
301.15, 160
301.19, 160
301.21, 160
301.25, 160
301.28, 160
301.31, 160
301.34, 160
301.38, 160
301.41, 160
301.44, 160
301.47, 160
301.50, 160
301.53, 160
301.58, 160
301.61, 160
302.37, 160
309.98, 160
310.66, 160
310.70, 160
310.73, 160
310.77, 160
322.50, 160
322.53, 160
322.57, 160
322.61, 160
322.64, 160
322.67, 160
322.70, 160
322.73, 160
322.76, 160
322.79, 160
322.82, 160
322.85, 160
322.88, 160
322.92, 160
322.96, 160
322.99, 160
323.02, 160
323.05, 160
323.08, 160
323.11, 160
323.15, 160
323.17, 160
323.20, 160
323.23, 160
323.26, 160
323.28, 160
323.89, 160
324.37, 160
324.40, 160
324.43, 160
324.47, 160
324.50, 160
324.53, 160
324.56, 160
324.60, 160
324.64, 160
324.66, 160
324.69, 160
324.72, 160
324.75, 160
324.79, 160
324.82, 160
324.85, 160
324.89, 160
324.93, 160
324.97, 160
325.00, 160
325.03, 160
328.79, 160
328.82, 160
328.86, 160
334.83, 160
335.13, 160
335.16, 160
335.19, 160
335.22, 160
335.25, 160
335.28, 160
335.35, 160
335.38, 160
335.41, 160
335.45, 160
335.49, 160
336.22, 160
336.26, 160
336.29, 160
336.33, 160
338.17, 160
338.19, 160
338.22, 160
338.25, 160
338.29, 160
338.33, 160
338.36, 160
338.39, 160
338.42, 160
338.45, 160
338.49, 160
338.52, 160
338.56, 160
338.59, 160
338.61, 160
338.65, 160
338.68, 160
338.71, 160
338.75, 160
338.79, 160
338.82, 160
338.86, 160
338.89, 160
338.91, 160
338.94, 160
339.18, 160
339.21, 160
339.25, 160
339.35, 160
339.38, 160
339.42, 160
339.44, 160
339.51, 160
339.61, 160
339.64, 160
339.67, 160
339.71, 160
339.74, 160
339.77, 160
340.42, 160
340.46, 160
340.50, 160
340.53, 160
340.85, 160
340.88, 160
340.93, 160
340.96, 160
341.00, 160
341.54, 160
341.57, 160
341.61, 160
341.64, 160
341.67, 160
341.71, 160
341.73, 160
341.77, 160
341.81, 160
341.85, 160
341.88, 160
341.91, 160
341.94, 160
341.97, 160
342.00, 160
342.03, 160
342.06, 160
342.09, 160
342.13, 160
342.16, 160
342.19, 160
342.23, 160
342.27, 160
342.30, 160
342.33, 160
342.36, 160
342.39, 160
342.43, 160
342.46, 160
350.88, 160
350.92, 160
350.95, 160
350.98, 160
351.02, 160
352.54, 160
352.57, 160
352.60, 160
352.63, 160
353.13, 160
353.44, 160
353.85, 160
353.88, 160
353.91, 160
353.94, 160
353.97, 160
357.15, 160
357.44, 160
357.47, 160
367.74, 160
367.78, 160
367.81, 160
367.84, 160
367.87, 160
367.90, 160
367.93, 160
367.97, 160
368.00, 160
368.04, 160
368.06, 160
368.09, 160
368.13, 160
368.16, 160
368.28, 160
368.31, 160
368.35, 160
368.38, 160
368.41, 160
368.44, 160
368.47, 160
369.17, 160
369.21, 160
369.24, 160
369.27, 160
369.30, 160
369.33, 160
369.36, 160
369.40, 160
369.43, 160
369.46, 160
369.50, 160
369.53, 160
369.56, 160
369.59, 160
372.74, 160
372.77, 160
372.80, 160
372.84, 160
372.87, 160
372.90, 160
372.94, 160
372.97, 160
373.00, 160
373.03, 160
373.06, 160
373.09, 160
373.12, 160
373.40, 160
374.37, 160
374.40, 160
374.50, 160
374.53, 160
375.43, 160
375.46, 160
375.50, 160
375.53, 160
375.56, 160
375.59, 160
375.62, 160
375.65, 160
375.77, 160
375.80, 160
375.85, 160
375.88, 160
375.91, 160
375.94, 160
375.98, 160
376.01, 160
376.04, 160
376.07, 160
376.38, 160
378.92, 160
378.96, 160
378.98, 160
379.01, 160
385.78, 160
385.81, 160
385.84, 160
385.99, 160
386.02, 160
386.05, 160
386.08, 160
386.11, 160
386.14, 160
407.20, 160
407.23, 160
407.26, 160
407.29, 160
407.32, 160
407.36, 160
417.20, 160
418.72, 160
418.75, 160
418.78, 160
