0.23, 165
0.26, 164
0.28, 164
0.31, 164
0.33, 164
0.36, 164
0.39, 164
0.41, 164
0.46, 164
0.49, 163
0.52, 162
1.00, 162
1.04, 162
1.09, 162
1.12, 162
1.15, 162
1.18, 162
1.21, 162
1.24, 162
1.27, 162
1.29, 162
1.32, 162
1.35, 162
1.38, 162
1.41, 162
1.44, 162
1.47, 162
1.49, 161
1.52, 161
1.55, 161
1.58, 161
2.59, 161
2.62, 161
2.64, 161
2.67, 161
3.19, 161
3.21, 161
3.93, 161
3.96, 161
3.99, 161
4.12, 161
4.14, 161
4.17, 161
4.20, 161
4.23, 161
4.25, 161
4.28, 161
4.31, 161
4.34, 161
4.37, 161
4.41, 161
4.43, 161
4.46, 161
4.48, 161
4.51, 161
4.54, 161
4.57, 161
4.60, 161
4.99, 161
5.02, 161
6.23, 160
6.26, 160
6.29, 160
6.32, 160
6.57, 160
6.59, 160
6.62, 160
6.65, 160
6.68, 160
6.71, 160
10.47, 160
10.50, 160
10.54, 160
10.57, 160
10.60, 160
10.63, 160
10.66, 160
10.68, 160
10.71, 160
10.74, 160
10.77, 160
10.79, 160
10.82, 160
12.67, 160
12.69, 160
12.78, 160
12.80, 160
12.83, 160
12.86, 160
14.85, 160
14.88, 160
14.91, 160
14.94, 160
14.96, 160
15.00, 160
15.02, 160
15.06, 160
15.08, 160
15.12, 160
15.15, 160
15.18, 160
15.24, 160
15.27, 160
15.58, 160
15.61, 160
15.64, 160
15.67, 160
15.77, 160
15.80, 160
15.83, 160
19.52, 160
19.55, 160
19.58, 160
20.82, 160
20.85, 160
20.87, 160
20.90, 160
20.92, 160
20.95, 160
20.98, 160
21.01, 160
21.04, 160
21.07, 160
21.09, 160
21.12, 160
21.15, 160
21.17, 160
21.20, 160
23.49, 160
23.52, 160
23.55, 160
23.58, 160
23.61, 160
23.63, 160
23.66, 160
23.69, 160
23.72, 160
23.75, 160
23.77, 160
23.80, 160
23.83, 160
23.85, 160
23.89, 160
23.91, 160
23.93, 160
23.96, 160
24.00, 160
24.02, 160
24.05, 160
24.07, 160
24.10, 160
24.12, 160
24.15, 160
24.37, 160
30.21, 160
30.24, 160
30.27, 160
30.30, 160
30.34, 160
30.37, 160
30.40, 160
30.44, 160
30.48, 160
30.51, 160
30.54, 160
30.58, 160
30.61, 160
49.95, 160
49.98, 160
50.00, 160
50.04, 160
62.44, 160
62.46, 160
62.50, 160
62.62, 160
62.64, 160
62.67, 160
62.70, 160
62.73, 160
62.77, 160
62.79, 160
62.82, 160
62.85, 160
62.87, 160
62.90, 160
62.93, 160
62.95, 160
62.98, 160
63.01, 160
63.03, 160
63.06, 160
63.08, 160
63.11, 160
63.14, 160
63.16, 160
64.03, 160
64.06, 160
64.08, 160
64.11, 160
64.13, 160
64.16, 160
64.19, 160
64.21, 160
64.24, 160
64.28, 160
64.31, 160
64.33, 160
64.36, 160
64.39, 160
64.42, 160
67.76, 160
67.78, 160
67.81, 160
67.84, 160
67.87, 160
67.89, 160
67.91, 160
67.94, 160
67.96, 160
67.98, 160
69.19, 160
69.21, 160
69.25, 160
69.28, 160
69.31, 160
69.34, 160
69.36, 160
69.39, 160
69.42, 160
69.44, 160
69.47, 160
69.49, 160
69.52, 160
69.55, 160
69.57, 160
70.01, 160
70.04, 160
70.07, 160
70.09, 160
70.11, 160
70.14, 160
70.16, 160
70.19, 160
70.22, 160
70.24, 160
70.38, 160
70.41, 160
70.44, 160
70.47, 160
