0.27, 165
0.30, 164
0.32, 164
0.36, 164
0.39, 164
0.41, 164
0.45, 164
0.48, 164
0.53, 164
0.56, 163
0.59, 162
1.13, 162
1.16, 162
1.22, 162
1.26, 162
1.29, 162
1.32, 162
1.36, 162
1.39, 162
1.42, 162
1.45, 162
1.48, 162
1.51, 162
1.55, 162
1.57, 162
1.61, 162
1.64, 162
1.67, 161
1.71, 161
1.74, 161
1.77, 161
2.93, 161
2.97, 161
3.00, 161
3.03, 161
3.65, 161
3.68, 161
4.53, 161
4.56, 161
4.59, 161
4.74, 161
4.77, 161
4.80, 161
4.84, 161
4.87, 161
4.92, 161
4.95, 161
4.99, 161
5.02, 161
5.05, 161
5.09, 161
5.11, 161
5.14, 161
5.17, 161
5.21, 161
5.24, 161
5.28, 161
5.31, 161
5.76, 161
5.79, 161
7.19, 160
7.22, 160
7.26, 160
7.30, 160
7.56, 160
7.59, 160
7.63, 160
7.65, 160
7.68, 160
7.72, 160
12.05, 160
12.08, 160
12.11, 160
12.15, 160
12.18, 160
12.21, 160
12.24, 160
12.27, 160
12.30, 160
12.33, 160
12.36, 160
12.38, 160
12.42, 160
14.44, 160
14.47, 160
14.56, 160
14.58, 160
14.61, 160
14.64, 160
16.86, 160
16.89, 160
16.93, 160
16.96, 160
16.99, 160
17.02, 160
17.06, 160
17.09, 160
17.12, 160
17.15, 160
17.19, 160
17.22, 160
17.28, 160
17.32, 160
17.65, 160
17.68, 160
17.71, 160
17.74, 160
17.84, 160
17.88, 160
17.91, 160
21.84, 160
21.88, 160
21.91, 160
23.24, 160
23.27, 160
23.29, 160
23.32, 160
23.35, 160
23.37, 160
23.41, 160
23.44, 160
23.47, 160
23.50, 160
23.53, 160
23.56, 160
23.59, 160
23.62, 160
23.65, 160
26.15, 160
26.18, 160
26.22, 160
26.25, 160
26.29, 160
26.31, 160
26.34, 160
26.38, 160
26.41, 160
26.44, 160
26.47, 160
26.50, 160
26.54, 160
26.57, 160
26.61, 160
26.64, 160
26.67, 160
26.70, 160
26.73, 160
26.76, 160
26.79, 160
26.82, 160
26.85, 160
26.88, 160
26.91, 160
27.17, 160
33.80, 160
33.83, 160
33.86, 160
33.90, 160
33.93, 160
33.97, 160
34.00, 160
34.04, 160
34.07, 160
34.10, 160
34.14, 160
34.17, 160
34.21, 160
55.80, 160
55.82, 160
55.86, 160
55.90, 160
69.17, 160
69.20, 160
69.24, 160
69.37, 160
69.39, 160
69.43, 160
69.46, 160
69.49, 160
69.52, 160
69.55, 160
69.58, 160
69.61, 160
69.64, 160
69.67, 160
69.71, 160
69.73, 160
69.76, 160
69.79, 160
69.82, 160
69.85, 160
69.87, 160
69.90, 160
69.93, 160
69.97, 160
70.95, 160
70.98, 160
71.00, 160
71.02, 160
71.05, 160
71.09, 160
71.12, 160
71.15, 160
71.18, 160
71.21, 160
71.24, 160
71.27, 160
71.30, 160
71.33, 160
71.36, 160
75.07, 160
75.10, 160
75.13, 160
75.16, 160
75.20, 160
75.22, 160
75.25, 160
75.28, 160
75.30, 160
75.33, 160
76.76, 160
76.78, 160
76.81, 160
76.84, 160
76.87, 160
76.91, 160
76.94, 160
76.97, 160
77.00, 160
77.03, 160
77.06, 160
77.09, 160
77.12, 160
77.15, 160
77.18, 160
77.68, 160
77.71, 160
77.73, 160
77.76, 160
77.79, 160
77.83, 160
77.85, 160
77.88, 160
77.91, 160
77.94, 160
78.10, 160
78.13, 160
78.16, 160
78.19, 160
88.91, 160
88.95, 160
88.97, 160
88.99, 160
89.02, 160
89.06, 160
89.09, 160
89.16, 160
89.19, 160
89.22, 160
89.25, 160
90.18, 160
90.21, 160
90.24, 160
90.27, 160
90.51, 160
90.59, 160
90.62, 160
90.65, 160
90.68, 160
90.71, 160
90.75, 160
90.78, 160
90.80, 160
90.83, 160
92.63, 160
92.66, 160
92.69, 160
92.72, 160
92.75, 160
92.79, 160
92.82, 160
92.85, 160
92.88, 160
92.91, 160
92.95, 160
92.98, 160
93.01, 160
93.07, 160
93.10, 160
99.95, 160
99.98, 160
100.00, 160
100.03, 160
100.06, 160
100.09, 160
101.27, 160
101.31, 160
101.46, 160
101.49, 160
101.53, 160
101.56, 160
101.60, 160
101.63, 160
101.67, 160
101.70, 160
101.73, 160
101.76, 160
101.79, 160
101.82, 160
101.85, 160
101.89, 160
101.92, 160
101.94, 160
101.98, 160
102.01, 160
102.04, 160
102.07, 160
102.10, 160
102.13, 160
102.15, 160
102.19, 160
102.22, 160
102.25, 160
102.28, 160
102.31, 160
116.68, 160
116.72, 160
116.74, 160
116.78, 160
116.81, 160
117.03, 160
117.06, 160
117.09, 160
117.11, 160
117.14, 160
117.16, 160
117.20, 160
117.23, 160
117.26, 160
117.29, 160
117.32, 160
117.36, 160
117.39, 160
117.42, 160
117.45, 160
117.48, 160
117.50, 160
117.52, 160
117.55, 160
117.58, 160
117.61, 160
117.65, 160
117.68, 160
117.71, 160
117.74, 160
117.76, 160
117.79, 160
117.82, 160
117.85, 160
120.28, 160
120.31, 160
122.83, 160
122.86, 160
122.90, 160
122.92, 160
122.95, 160
122.97, 160
123.01, 160
123.04, 160
123.07, 160
123.10, 160
123.14, 160
123.17, 160
123.19, 160
123.22, 160
123.24, 160
123.27, 160
123.30, 160
123.34, 160
123.37, 160
123.40, 160
123.43, 160
123.46, 160
123.49, 160
123.52, 160
123.55, 160
123.59, 160
123.62, 160
125.96, 160
127.65, 160
127.68, 160
127.71, 160
127.74, 160
127.77, 160
127.79, 160
127.82, 160
128.01, 160
128.03, 160
128.07, 160
128.10, 160
128.13, 160
128.16, 160
128.19, 160
128.48, 160
128.52, 160
128.55, 160
128.58, 160
128.62, 160
128.65, 160
128.68, 160
128.71, 160
128.74, 160
128.78, 160
128.80, 160
128.84, 160
128.86, 160
128.90, 160
128.93, 160
128.96, 160
128.99, 160
129.02, 160
129.05, 160
129.08, 160
129.11, 160
129.14, 160
129.17, 160
129.19, 160
129.89, 160
129.93, 160
129.96, 160
130.00, 160
130.04, 160
130.07, 160
130.10, 160
130.13, 160
130.16, 160
130.20, 160
130.23, 160
130.27, 160
130.30, 160
133.20, 160
148.91, 160
148.94, 160
149.55, 160
149.58, 160
149.77, 160
149.79, 160
149.82, 160
149.86, 160
149.90, 160
149.93, 160
149.96, 160
149.98, 160
150.01, 160
150.04, 160
150.07, 160
150.11, 160
151.61, 160
151.64, 160
151.67, 160
151.71, 160
151.74, 160
151.76, 160
151.79, 160
151.82, 160
151.86, 160
151.88, 160
151.91, 160
169.95, 160
169.99, 160
170.32, 160
170.36, 160
170.39, 160
170.41, 160
170.44, 160
170.47, 160
170.58, 160
170.62, 160
170.65, 160
170.68, 160
170.72, 160
170.74, 160
170.77, 160
170.80, 160
170.82, 160
170.85, 160
172.40, 160
172.43, 160
172.45, 160
172.48, 160
172.60, 160
172.62, 160
172.66, 160
172.69, 160
172.74, 160
172.77, 160
172.80, 160
172.83, 160
172.86, 160
172.89, 160
172.92, 160
172.94, 160
172.97, 160
173.00, 160
173.03, 160
173.05, 160
173.08, 160
173.11, 160
173.14, 160
173.17, 160
173.20, 160
173.23, 160
173.27, 160
173.30, 160
173.34, 160
173.37, 160
173.40, 160
173.44, 160
173.47, 160
174.00, 160
174.04, 160
174.07, 160
174.09, 160
174.12, 160
174.15, 160
174.17, 160
174.23, 160
174.26, 160
174.29, 160
174.31, 160
174.35, 160
174.37, 160
176.20, 160
176.22, 160
176.26, 160
176.30, 160
176.33, 160
176.37, 160
176.40, 160
176.43, 160
176.46, 160
176.50, 160
176.54, 160
176.57, 160
176.70, 160
176.73, 160
176.77, 160
176.80, 160
176.83, 160
176.87, 160
176.90, 160
176.94, 160
177.33, 160
178.29, 160
178.32, 160
178.35, 160
178.39, 160
178.41, 160
178.44, 160
178.47, 160
178.50, 160
178.53, 160
178.55, 160
178.58, 160
178.61, 160
178.67, 160
178.70, 160
178.73, 160
178.85, 160
178.87, 160
178.94, 160
178.97, 160
179.00, 160
179.03, 160
179.06, 160
179.09, 160
179.12, 160
179.16, 160
179.19, 160
179.22, 160
179.26, 160
179.28, 160
179.31, 160
179.34, 160
