0.24, 165
0.26, 164
0.29, 164
0.32, 164
0.35, 164
0.37, 164
0.40, 164
0.43, 164
0.48, 164
0.51, 163
0.54, 162
1.01, 162
1.05, 162
1.10, 162
1.13, 162
1.16, 162
1.19, 162
1.22, 162
1.25, 162
1.27, 162
1.30, 162
1.33, 162
1.36, 162
1.39, 162
1.41, 162
1.44, 162
1.47, 162
1.50, 161
1.53, 161
1.56, 161
1.59, 161
2.65, 161
2.68, 161
2.71, 161
2.73, 161
3.27, 161
3.30, 161
4.02, 161
4.05, 161
4.08, 161
4.20, 161
4.24, 161
4.27, 161
4.29, 161
4.32, 161
4.36, 161
4.38, 161
4.42, 161
4.45, 161
4.47, 161
4.50, 161
4.53, 161
4.56, 161
4.58, 161
4.61, 161
4.64, 161
4.67, 161
4.70, 161
5.08, 161
5.11, 161
6.35, 160
6.38, 160
6.41, 160
6.44, 160
6.69, 160
6.71, 160
6.74, 160
6.76, 160
6.79, 160
6.83, 160
10.65, 160
10.68, 160
10.71, 160
10.75, 160
10.78, 160
10.80, 160
10.83, 160
10.86, 160
10.88, 160
10.91, 160
10.94, 160
10.96, 160
10.99, 160
12.90, 160
12.93, 160
13.02, 160
13.05, 160
13.08, 160
13.11, 160
15.17, 160
15.20, 160
15.23, 160
15.26, 160
15.29, 160
15.31, 160
15.34, 160
15.37, 160
15.39, 160
15.42, 160
15.46, 160
15.49, 160
15.54, 160
15.57, 160
15.89, 160
15.93, 160
15.95, 160
15.98, 160
16.08, 160
16.11, 160
16.14, 160
19.76, 160
19.79, 160
19.82, 160
21.05, 160
21.08, 160
21.10, 160
21.13, 160
21.15, 160
21.17, 160
21.20, 160
21.24, 160
21.27, 160
21.30, 160
21.33, 160
21.35, 160
21.38, 160
21.41, 160
21.44, 160
23.73, 160
23.75, 160
23.79, 160
23.82, 160
23.85, 160
23.87, 160
23.90, 160
23.93, 160
23.96, 160
23.99, 160
24.02, 160
24.04, 160
24.07, 160
24.10, 160
24.14, 160
24.16, 160
24.19, 160
24.21, 160
24.25, 160
24.27, 160
24.30, 160
24.32, 160
24.34, 160
24.37, 160
24.40, 160
24.63, 160
31.34, 160
31.37, 160
31.40, 160
31.43, 160
31.47, 160
31.50, 160
31.53, 160
31.57, 160
31.60, 160
31.63, 160
31.67, 160
31.70, 160
31.73, 160
52.92, 160
52.95, 160
52.98, 160
53.01, 160
66.20, 160
66.23, 160
66.27, 160
66.41, 160
66.44, 160
66.48, 160
66.51, 160
66.54, 160
66.57, 160
66.60, 160
66.63, 160
66.66, 160
66.69, 160
66.73, 160
66.76, 160
66.79, 160
66.82, 160
66.85, 160
66.87, 160
66.90, 160
66.93, 160
66.96, 160
66.99, 160
67.02, 160
67.97, 160
68.00, 160
68.02, 160
68.05, 160
68.08, 160
68.11, 160
68.14, 160
68.17, 160
68.20, 160
68.23, 160
68.26, 160
68.29, 160
68.33, 160
68.36, 160
68.39, 160
72.19, 160
72.22, 160
72.26, 160
72.29, 160
72.33, 160
72.35, 160
72.38, 160
72.41, 160
72.44, 160
72.48, 160
73.85, 160
73.88, 160
73.92, 160
73.95, 160
73.98, 160
74.02, 160
74.05, 160
74.08, 160
74.11, 160
74.14, 160
74.17, 160
74.20, 160
74.23, 160
74.26, 160
74.29, 160
74.81, 160
74.84, 160
74.87, 160
74.90, 160
74.93, 160
74.96, 160
74.98, 160
75.02, 160
75.05, 160
75.08, 160
75.24, 160
75.28, 160
75.30, 160
75.33, 160
85.87, 160
85.91, 160
85.94, 160
85.97, 160
85.99, 160
86.03, 160
86.06, 160
86.13, 160
86.16, 160
86.19, 160
86.23, 160
87.17, 160
87.20, 160
87.23, 160
87.27, 160
87.53, 160
87.61, 160
87.64, 160
87.67, 160
87.70, 160
87.73, 160
87.77, 160
87.79, 160
87.82, 160
87.85, 160
89.68, 160
89.72, 160
89.75, 160
89.78, 160
89.81, 160
89.85, 160
89.88, 160
89.91, 160
89.94, 160
89.97, 160
90.00, 160
90.03, 160
90.06, 160
90.12, 160
90.15, 160
97.25, 160
97.28, 160
97.31, 160
97.34, 160
97.37, 160
97.40, 160
98.60, 160
98.63, 160
98.77, 160
98.80, 160
98.83, 160
98.87, 160
98.91, 160
98.94, 160
98.98, 160
99.01, 160
99.04, 160
99.07, 160
99.10, 160
99.13, 160
99.16, 160
99.19, 160
99.22, 160
99.24, 160
99.28, 160
99.31, 160
99.34, 160
99.38, 160
99.41, 160
99.44, 160
99.46, 160
99.49, 160
99.53, 160
99.57, 160
99.60, 160
99.63, 160
114.00, 160
114.03, 160
114.05, 160
114.09, 160
114.12, 160
114.36, 160
114.39, 160
114.41, 160
114.44, 160
114.47, 160
114.50, 160
114.54, 160
114.57, 160
114.60, 160
114.63, 160
114.66, 160
114.70, 160
114.73, 160
114.76, 160
114.79, 160
114.82, 160
114.84, 160
114.87, 160
114.90, 160
114.93, 160
114.96, 160
115.00, 160
115.03, 160
115.06, 160
115.09, 160
115.11, 160
115.15, 160
115.18, 160
115.20, 160
117.70, 160
117.73, 160
120.43, 160
120.46, 160
120.49, 160
120.52, 160
120.55, 160
120.58, 160
120.62, 160
120.65, 160
120.68, 160
120.71, 160
120.75, 160
120.77, 160
120.80, 160
120.83, 160
120.86, 160
120.89, 160
120.93, 160
120.95, 160
120.99, 160
121.02, 160
121.05, 160
121.09, 160
121.12, 160
121.15, 160
121.18, 160
121.22, 160
121.25, 160
123.65, 160
125.36, 160
125.39, 160
125.43, 160
125.46, 160
125.48, 160
125.51, 160
125.54, 160
125.73, 160
125.76, 160
125.79, 160
125.83, 160
125.86, 160
125.89, 160
125.92, 160
126.23, 160
126.26, 160
126.29, 160
126.33, 160
126.37, 160
126.39, 160
126.42, 160
126.45, 160
126.49, 160
126.52, 160
126.55, 160
126.58, 160
126.61, 160
126.64, 160
126.67, 160
126.70, 160
126.73, 160
126.76, 160
126.79, 160
126.82, 160
126.86, 160
126.90, 160
126.93, 160
126.95, 160
127.65, 160
127.68, 160
127.70, 160
127.74, 160
127.78, 160
127.81, 160
127.84, 160
127.87, 160
127.90, 160
127.93, 160
127.96, 160
127.99, 160
128.04, 160
130.93, 160
146.97, 160
147.01, 160
147.62, 160
147.66, 160
147.85, 160
147.88, 160
147.91, 160
147.96, 160
147.99, 160
148.02, 160
148.06, 160
148.08, 160
148.11, 160
148.14, 160
148.17, 160
148.21, 160
149.78, 160
149.82, 160
149.85, 160
149.89, 160
149.91, 160
149.94, 160
149.97, 160
150.00, 160
150.03, 160
150.06, 160
150.09, 160
167.86, 160
167.89, 160
168.25, 160
168.28, 160
168.31, 160
168.34, 160
168.37, 160
168.40, 160
168.51, 160
168.55, 160
168.58, 160
168.61, 160
168.64, 160
168.68, 160
168.71, 160
168.74, 160
168.77, 160
168.80, 160
170.42, 160
170.45, 160
170.48, 160
170.51, 160
170.62, 160
170.65, 160
170.69, 160
170.71, 160
170.77, 160
170.79, 160
170.83, 160
170.86, 160
170.89, 160
170.92, 160
170.95, 160
170.97, 160
171.00, 160
171.03, 160
171.06, 160
171.09, 160
171.12, 160
171.15, 160
171.18, 160
171.21, 160
171.24, 160
171.27, 160
171.31, 160
171.34, 160
171.38, 160
171.41, 160
171.44, 160
171.47, 160
171.51, 160
172.05, 160
172.09, 160
172.12, 160
172.15, 160
172.18, 160
172.20, 160
172.23, 160
172.29, 160
172.32, 160
172.35, 160
172.39, 160
172.42, 160
172.45, 160
174.24, 160
174.27, 160
174.31, 160
174.35, 160
174.38, 160
174.42, 160
174.45, 160
174.49, 160
174.52, 160
174.56, 160
174.59, 160
174.63, 160
174.75, 160
174.78, 160
174.82, 160
174.85, 160
174.88, 160
174.92, 160
174.95, 160
174.99, 160
175.39, 160
176.32, 160
176.35, 160
176.38, 160
176.41, 160
176.44, 160
176.47, 160
176.50, 160
176.53, 160
176.56, 160
176.59, 160
176.62, 160
176.64, 160
176.70, 160
176.73, 160
176.76, 160
176.89, 160
176.91, 160
176.97, 160
177.00, 160
177.03, 160
177.06, 160
177.09, 160
177.12, 160
177.15, 160
177.18, 160
177.22, 160
177.25, 160
177.28, 160
177.31, 160
177.34, 160
177.36, 160
185.63, 160
185.66, 160
185.85, 160
185.88, 160
186.62, 160
186.65, 160
186.68, 160
186.72, 160
186.75, 160
186.78, 160
186.81, 160
186.83, 160
186.85, 160
186.89, 160
186.92, 160
186.95, 160
186.98, 160
187.00, 160
187.04, 160
187.07, 160
187.10, 160
187.13, 160
187.16, 160
187.19, 160
187.22, 160
187.24, 160
187.27, 160
187.30, 160
192.27, 160
192.31, 160
192.34, 160
192.38, 160
192.40, 160
192.43, 160
192.46, 160
192.57, 160
192.60, 160
192.63, 160
192.66, 160
192.69, 160
192.73, 160
192.77, 160
192.80, 160
192.83, 160
192.86, 160
192.89, 160
192.92, 160
192.96, 160
192.99, 160
193.02, 160
193.06, 160
193.09, 160
201.09, 160
201.12, 160
201.15, 160
201.28, 160
201.31, 160
201.34, 160
201.37, 160
201.41, 160
201.44, 160
201.47, 160
201.50, 160
201.53, 160
201.57, 160
201.61, 160
201.65, 160
204.83, 160
204.85, 160
204.88, 160
204.91, 160
204.93, 160
204.97, 160
205.00, 160
205.03, 160
205.06, 160
205.09, 160
205.12, 160
205.35, 160
205.38, 160
205.40, 160
205.43, 160
205.45, 160
205.48, 160
205.50, 160
205.53, 160
205.57, 160
205.59, 160
205.62, 160
205.65, 160
209.15, 160
209.19, 160
209.22, 160
223.56, 160
223.60, 160
223.63, 160
223.67, 160
223.70, 160
223.73, 160
223.77, 160
223.80, 160
223.84, 160
223.87, 160
223.90, 160
223.94, 160
224.34, 160
224.37, 160
224.41, 160
224.46, 160
224.49, 160
224.56, 160
224.59, 160
224.62, 160
224.65, 160
224.68, 160
224.70, 160
224.73, 160
224.76, 160
225.57, 160
225.60, 160
225.64, 160
225.67, 160
225.70, 160
225.73, 160
225.76, 160
225.79, 160
225.82, 160
226.18, 160
226.21, 160
226.25, 160
226.28, 160
226.31, 160
226.35, 160
226.41, 160
226.87, 160
226.90, 160
226.93, 160
226.96, 160
228.20, 160
228.24, 160
229.72, 160
229.75, 160
229.79, 160
229.83, 160
229.86, 160
229.90, 160
229.93, 160
229.96, 160
229.98, 160
232.29, 160
232.32, 160
232.35, 160
232.39, 160
232.42, 160
232.45, 160
232.48, 160
232.52, 160
232.55, 160
232.58, 160
232.61, 160
232.63, 160
232.73, 160
233.13, 160
233.17, 160
233.20, 160
235.33, 160
235.37, 160
235.40, 160
235.44, 160
235.56, 160
235.59, 160
235.62, 160
235.65, 160
235.68, 160
235.71, 160
235.74, 160
235.77, 160
235.81, 160
235.84, 160
235.87, 160
235.90, 160
235.93, 160
235.97, 160
241.96, 160
241.99, 160
242.02, 160
242.05, 160
242.08, 160
242.10, 160
242.13, 160
242.17, 160
242.19, 160
242.22, 160
242.26, 160
242.29, 160
242.31, 160
244.08, 160
244.22, 160
244.26, 160
244.29, 160
244.32, 160
244.35, 160
247.28, 160
247.32, 160
247.35, 160
247.38, 160
248.38, 160
248.41, 160
248.44, 160
248.48, 160
248.51, 160
248.55, 160
248.58, 160
248.62, 160
248.64, 160
248.67, 160
248.70, 160
248.73, 160
248.76, 160
248.78, 160
248.83, 160
248.86, 160
248.93, 160
256.00, 160
256.02, 160
256.05, 160
256.08, 160
256.11, 160
256.15, 160
256.18, 160
256.21, 160
256.25, 160
258.72, 160
258.75, 160
258.79, 160
258.82, 160
258.86, 160
258.88, 160
258.91, 160
258.94, 160
258.97, 160
259.01, 160
259.04, 160
259.08, 160
259.11, 160
259.14, 160
259.47, 160
259.49, 160
259.52, 160
259.55, 160
259.58, 160
259.62, 160
259.65, 160
259.68, 160
259.72, 160
259.75, 160
259.78, 160
260.65, 160
260.68, 160
260.71, 160
260.73, 160
260.76, 160
260.80, 160
260.83, 160
260.86, 160
260.89, 160
260.92, 160
260.95, 160
261.08, 160
261.20, 160
261.23, 160
261.26, 160
261.30, 160
261.33, 160
261.36, 160
261.45, 160
261.48, 160
261.50, 160
261.54, 160
261.57, 160
263.97, 160
264.00, 160
264.03, 160
264.06, 160
264.09, 160
264.12, 160
264.15, 160
264.18, 160
264.21, 160
264.23, 160
264.27, 160
264.30, 160
264.32, 160
264.35, 160
264.39, 160
264.42, 160
264.46, 160
264.49, 160
264.52, 160
264.55, 160
264.59, 160
264.62, 160
264.65, 160
264.68, 160
264.71, 160
264.74, 160
264.88, 160
264.92, 160
265.00, 160
265.03, 160
265.06, 160
265.49, 160
265.52, 160
265.55, 160
265.58, 160
265.62, 160
265.66, 160
265.68, 160
268.66, 160
269.37, 160
269.80, 160
269.83, 160
269.86, 160
271.47, 160
271.51, 160
271.53, 160
271.56, 160
271.59, 160
272.18, 160
272.20, 160
272.24, 160
272.27, 160
272.31, 160
272.34, 160
274.96, 160
274.98, 160
275.01, 160
275.06, 160
275.09, 160
275.13, 160
275.16, 160
275.19, 160
275.23, 160
275.26, 160
275.30, 160
275.36, 160
275.40, 160
275.43, 160
275.46, 160
275.50, 160
275.52, 160
275.56, 160
275.59, 160
275.63, 160
275.66, 160
275.68, 160
275.71, 160
285.27, 160
285.30, 160
285.33, 160
285.36, 160
285.39, 160
287.06, 160
287.61, 160
287.64, 160
287.67, 160
287.70, 160
287.72, 160
287.75, 160
287.78, 160
287.81, 160
287.84, 160
287.87, 160
287.91, 160
287.93, 160
287.96, 160
287.99, 160
288.02, 160
288.06, 160
288.09, 160
288.80, 160
296.45, 160
297.12, 160
297.15, 160
297.18, 160
297.21, 160
308.84, 160
308.87, 160
308.91, 160
308.94, 160
308.98, 160
309.01, 160
309.04, 160
309.07, 160
309.10, 160
309.13, 160
309.16, 160
309.19, 160
309.22, 160
309.25, 160
309.29, 160
309.32, 160
309.35, 160
309.38, 160
309.41, 160
309.45, 160
309.48, 160
309.51, 160
309.54, 160
309.57, 160
309.60, 160
309.62, 160
310.21, 160
310.69, 160
310.72, 160
310.76, 160
310.79, 160
310.83, 160
310.85, 160
310.89, 160
310.93, 160
310.96, 160
310.99, 160
311.02, 160
311.04, 160
311.08, 160
311.11, 160
311.14, 160
311.18, 160
311.22, 160
311.26, 160
311.29, 160
311.32, 160
311.35, 160
314.89, 160
314.92, 160
314.95, 160
320.59, 160
320.88, 160
320.91, 160
320.94, 160
320.96, 160
320.99, 160
321.02, 160
321.08, 160
321.11, 160
321.14, 160
321.17, 160
321.21, 160
321.93, 160
321.96, 160
321.99, 160
322.03, 160
323.80, 160
323.83, 160
323.86, 160
323.89, 160
323.92, 160
323.96, 160
323.99, 160
324.02, 160
324.04, 160
324.07, 160
324.11, 160
324.14, 160
324.18, 160
324.21, 160
324.24, 160
324.27, 160
324.30, 160
324.32, 160
324.36, 160
324.39, 160
324.42, 160
324.46, 160
324.48, 160
324.50, 160
324.53, 160
324.75, 160
324.78, 160
324.81, 160
324.91, 160
324.94, 160
324.97, 160
324.99, 160
325.06, 160
325.16, 160
325.19, 160
325.22, 160
325.25, 160
325.28, 160
325.31, 160
325.91, 160
325.94, 160
325.97, 160
326.00, 160
326.30, 160
326.34, 160
326.38, 160
326.41, 160
326.44, 160
326.98, 160
327.01, 160
327.05, 160
327.08, 160
327.11, 160
327.14, 160
327.17, 160
327.20, 160
327.24, 160
327.27, 160
327.30, 160
327.33, 160
327.37, 160
327.39, 160
327.42, 160
327.45, 160
327.49, 160
327.53, 160
327.57, 160
327.60, 160
327.64, 160
327.67, 160
327.71, 160
327.74, 160
327.78, 160
327.81, 160
327.84, 160
327.87, 160
327.90, 160
335.84, 160
335.88, 160
335.91, 160
335.94, 160
335.97, 160
337.42, 160
337.45, 160
337.48, 160
337.52, 160
337.99, 160
338.30, 160
338.70, 160
338.73, 160
338.75, 160
338.78, 160
338.82, 160
341.86, 160
342.15, 160
342.18, 160
352.43, 160
352.47, 160
352.49, 160
352.52, 160
352.56, 160
352.59, 160
352.62, 160
352.65, 160
352.68, 160
352.71, 160
352.74, 160
352.76, 160
352.79, 160
352.83, 160
352.96, 160
352.99, 160
353.03, 160
353.05, 160
353.08, 160
353.11, 160
353.14, 160
353.86, 160
353.89, 160
353.92, 160
353.95, 160
353.98, 160
354.01, 160
354.04, 160
354.07, 160
354.10, 160
354.13, 160
354.17, 160
354.20, 160
354.23, 160
354.26, 160
357.39, 160
357.42, 160
357.45, 160
357.48, 160
357.51, 160
357.54, 160
357.57, 160
357.61, 160
357.64, 160
357.67, 160
357.70, 160
357.74, 160
357.77, 160
358.04, 160
358.96, 160
358.99, 160
359.08, 160
359.11, 160
359.98, 160
