0.27, 165
0.30, 164
0.32, 164
0.35, 164
0.38, 164
0.41, 164
0.44, 164
0.47, 164
0.53, 164
0.56, 163
0.59, 162
1.13, 162
1.16, 162
1.22, 162
1.25, 162
1.29, 162
1.32, 162
1.35, 162
1.38, 162
1.41, 162
1.44, 162
1.47, 162
1.50, 162
1.54, 162
1.57, 162
1.60, 162
1.63, 162
1.66, 161
1.69, 161
1.72, 161
1.75, 161
2.91, 161
2.94, 161
2.97, 161
3.00, 161
3.62, 161
3.64, 161
4.48, 161
4.51, 161
4.54, 161
4.69, 161
4.72, 161
4.75, 161
4.79, 161
4.82, 161
4.86, 161
4.88, 161
4.92, 161
4.95, 161
4.99, 161
5.02, 161
5.05, 161
5.09, 161
5.13, 161
5.17, 161
5.20, 161
5.23, 161
5.27, 161
5.76, 161
5.79, 161
7.23, 160
7.26, 160
7.31, 160
7.35, 160
7.63, 160
7.66, 160
7.70, 160
7.72, 160
7.75, 160
7.79, 160
12.20, 160
12.23, 160
12.27, 160
12.31, 160
12.35, 160
12.38, 160
12.42, 160
12.45, 160
12.48, 160
12.52, 160
12.54, 160
12.57, 160
12.60, 160
14.79, 160
14.82, 160
14.92, 160
14.95, 160
14.99, 160
15.02, 160
17.38, 160
17.41, 160
17.45, 160
17.48, 160
17.51, 160
17.54, 160
17.58, 160
17.61, 160
17.65, 160
17.68, 160
17.72, 160
17.76, 160
17.82, 160
17.85, 160
18.20, 160
18.23, 160
18.26, 160
18.29, 160
18.41, 160
18.45, 160
18.48, 160
22.61, 160
22.64, 160
22.67, 160
24.07, 160
24.10, 160
24.13, 160
24.16, 160
24.19, 160
24.21, 160
24.24, 160
24.28, 160
24.31, 160
24.34, 160
24.37, 160
24.40, 160
24.42, 160
24.46, 160
24.49, 160
27.16, 160
27.19, 160
27.23, 160
27.26, 160
27.30, 160
27.32, 160
27.35, 160
27.39, 160
27.42, 160
27.45, 160
27.48, 160
27.50, 160
27.54, 160
27.57, 160
27.61, 160
27.63, 160
27.66, 160
27.69, 160
27.73, 160
27.75, 160
27.78, 160
27.80, 160
27.83, 160
27.87, 160
27.90, 160
28.16, 160
34.98, 160
35.01, 160
35.05, 160
35.08, 160
35.12, 160
35.15, 160
35.18, 160
35.22, 160
35.25, 160
35.29, 160
35.32, 160
35.36, 160
35.40, 160
57.90, 160
57.93, 160
57.96, 160
58.00, 160
71.80, 160
71.84, 160
71.88, 160
72.16, 160
72.20, 160
72.24, 160
72.27, 160
72.31, 160
72.35, 160
72.38, 160
72.42, 160
72.45, 160
72.48, 160
72.51, 160
72.55, 160
72.58, 160
72.61, 160
72.64, 160
72.67, 160
72.70, 160
72.80, 160
72.85, 160
72.88, 160
72.92, 160
73.94, 160
73.97, 160
74.00, 160
74.02, 160
74.06, 160
74.09, 160
74.13, 160
74.16, 160
74.18, 160
74.22, 160
74.25, 160
74.28, 160
74.32, 160
74.35, 160
74.39, 160
78.93, 160
78.99, 160
79.05, 160
79.10, 160
79.14, 160
79.17, 160
79.21, 160
79.25, 160
79.28, 160
79.32, 160
81.03, 160
81.06, 160
81.10, 160
81.13, 160
81.18, 160
81.21, 160
81.25, 160
81.28, 160
81.31, 160
81.35, 160
81.38, 160
81.40, 160
81.44, 160
81.48, 160
81.51, 160
82.04, 160
82.07, 160
82.10, 160
82.13, 160
82.15, 160
82.19, 160
82.21, 160
82.25, 160
82.28, 160
82.31, 160
82.48, 160
82.51, 160
82.54, 160
82.57, 160
93.93, 160
93.97, 160
93.99, 160
94.02, 160
94.04, 160
94.08, 160
94.12, 160
94.19, 160
94.23, 160
94.26, 160
94.30, 160
95.23, 160
95.26, 160
95.29, 160
95.33, 160
95.56, 160
95.64, 160
95.67, 160
95.70, 160
95.73, 160
95.76, 160
95.80, 160
95.83, 160
95.86, 160
95.89, 160
97.69, 160
97.72, 160
97.75, 160
97.78, 160
97.81, 160
97.85, 160
97.87, 160
97.90, 160
97.93, 160
97.96, 160
97.99, 160
98.02, 160
98.05, 160
98.11, 160
98.13, 160
105.12, 160
105.15, 160
105.18, 160
105.21, 160
105.24, 160
105.28, 160
106.48, 160
106.51, 160
106.66, 160
106.69, 160
106.72, 160
106.76, 160
106.81, 160
106.84, 160
106.88, 160
106.92, 160
106.95, 160
106.98, 160
107.02, 160
107.04, 160
107.08, 160
107.11, 160
107.14, 160
107.17, 160
107.20, 160
107.23, 160
107.26, 160
107.30, 160
107.33, 160
107.36, 160
107.38, 160
107.41, 160
107.45, 160
107.49, 160
107.51, 160
107.55, 160
121.40, 160
121.43, 160
121.45, 160
121.48, 160
121.51, 160
121.73, 160
121.76, 160
121.78, 160
121.81, 160
121.84, 160
121.87, 160
121.90, 160
121.92, 160
121.95, 160
121.98, 160
122.01, 160
122.04, 160
122.08, 160
122.12, 160
122.15, 160
122.17, 160
122.19, 160
122.22, 160
122.25, 160
122.28, 160
122.31, 160
122.35, 160
122.38, 160
122.41, 160
122.44, 160
122.46, 160
122.50, 160
122.53, 160
122.56, 160
125.06, 160
125.10, 160
127.66, 160
127.69, 160
127.72, 160
127.75, 160
127.78, 160
127.80, 160
127.84, 160
127.86, 160
127.89, 160
127.92, 160
127.96, 160
127.99, 160
128.01, 160
128.04, 160
128.06, 160
128.10, 160
128.13, 160
128.16, 160
128.19, 160
128.22, 160
128.25, 160
128.28, 160
128.31, 160
128.34, 160
128.38, 160
128.42, 160
128.45, 160
130.94, 160
132.64, 160
132.67, 160
132.70, 160
132.73, 160
132.76, 160
132.78, 160
132.82, 160
133.00, 160
133.03, 160
133.06, 160
133.10, 160
133.13, 160
133.16, 160
133.19, 160
133.48, 160
133.52, 160
133.54, 160
133.58, 160
133.62, 160
133.65, 160
133.68, 160
133.71, 160
133.75, 160
133.78, 160
133.81, 160
133.84, 160
133.87, 160
133.90, 160
133.93, 160
133.97, 160
134.00, 160
134.03, 160
134.06, 160
134.09, 160
134.13, 160
134.16, 160
134.20, 160
134.22, 160
134.91, 160
134.94, 160
134.97, 160
135.01, 160
135.05, 160
135.08, 160
135.11, 160
135.14, 160
135.17, 160
135.20, 160
135.23, 160
135.27, 160
135.30, 160
137.95, 160
152.96, 160
153.00, 160
153.52, 160
153.55, 160
153.72, 160
153.75, 160
153.78, 160
153.81, 160
153.84, 160
153.87, 160
153.90, 160
153.92, 160
153.94, 160
153.97, 160
154.00, 160
154.03, 160
155.42, 160
155.45, 160
155.47, 160
155.50, 160
155.53, 160
155.56, 160
155.59, 160
155.61, 160
155.64, 160
155.66, 160
155.69, 160
171.74, 160
171.77, 160
172.08, 160
172.11, 160
172.14, 160
172.17, 160
172.20, 160
172.22, 160
172.33, 160
172.36, 160
172.39, 160
172.42, 160
172.45, 160
172.47, 160
172.50, 160
172.53, 160
172.56, 160
172.58, 160
174.04, 160
174.07, 160
174.10, 160
174.12, 160
174.22, 160
174.25, 160
174.28, 160
174.30, 160
174.35, 160
174.38, 160
174.41, 160
174.43, 160
174.46, 160
174.49, 160
174.52, 160
174.54, 160
174.57, 160
174.60, 160
174.62, 160
174.65, 160
174.67, 160
174.70, 160
174.73, 160
174.76, 160
174.78, 160
174.81, 160
174.84, 160
174.87, 160
174.91, 160
174.94, 160
174.98, 160
175.01, 160
175.04, 160
175.55, 160
175.59, 160
175.61, 160
175.64, 160
175.66, 160
175.69, 160
175.72, 160
175.78, 160
175.80, 160
175.83, 160
175.85, 160
175.88, 160
175.91, 160
177.50, 160
177.53, 160
177.57, 160
177.60, 160
177.63, 160
177.66, 160
177.69, 160
177.72, 160
177.75, 160
177.79, 160
177.81, 160
177.84, 160
177.96, 160
178.00, 160
178.03, 160
178.05, 160
178.08, 160
178.11, 160
178.14, 160
178.17, 160
178.53, 160
179.39, 160
179.42, 160
179.44, 160
179.47, 160
179.50, 160
179.53, 160
179.55, 160
179.58, 160
179.61, 160
179.63, 160
179.65, 160
179.68, 160
179.73, 160
179.76, 160
179.78, 160
179.90, 160
179.93, 160
179.99, 160
180.02, 160
180.04, 160
180.07, 160
180.10, 160
180.12, 160
180.15, 160
180.19, 160
180.21, 160
180.24, 160
180.27, 160
180.29, 160
180.32, 160
180.34, 160
187.66, 160
187.69, 160
187.87, 160
187.89, 160
188.54, 160
188.57, 160
188.60, 160
188.63, 160
188.65, 160
188.68, 160
188.71, 160
188.73, 160
188.75, 160
188.78, 160
188.81, 160
188.84, 160
188.87, 160
188.90, 160
188.93, 160
188.97, 160
189.00, 160
189.02, 160
189.04, 160
189.07, 160
189.10, 160
189.12, 160
189.15, 160
189.17, 160
193.59, 160
193.62, 160
193.65, 160
193.67, 160
193.70, 160
193.73, 160
193.76, 160
193.86, 160
193.89, 160
193.91, 160
193.94, 160
193.97, 160
194.00, 160
194.03, 160
194.06, 160
194.09, 160
194.12, 160
194.15, 160
194.18, 160
194.21, 160
194.24, 160
194.27, 160
194.30, 160
194.32, 160
201.40, 160
201.43, 160
201.45, 160
201.57, 160
201.59, 160
201.61, 160
201.64, 160
201.67, 160
201.69, 160
201.72, 160
201.75, 160
201.77, 160
201.80, 160
201.83, 160
201.86, 160
204.71, 160
204.73, 160
204.76, 160
204.78, 160
204.81, 160
204.83, 160
204.86, 160
204.88, 160
204.91, 160
204.94, 160
204.97, 160
205.18, 160
205.21, 160
205.23, 160
205.25, 160
205.27, 160
205.30, 160
205.32, 160
205.35, 160
205.38, 160
205.40, 160
205.43, 160
205.45, 160
208.57, 160
208.60, 160
208.62, 160
221.38, 160
221.42, 160
221.45, 160
221.49, 160
221.51, 160
221.54, 160
221.57, 160
221.60, 160
221.63, 160
221.66, 160
221.69, 160
221.71, 160
222.08, 160
222.11, 160
222.14, 160
222.19, 160
222.22, 160
222.28, 160
222.31, 160
222.33, 160
222.36, 160
222.39, 160
222.41, 160
222.44, 160
222.46, 160
223.15, 160
223.18, 160
223.21, 160
223.24, 160
223.26, 160
223.29, 160
223.33, 160
223.35, 160
223.38, 160
223.70, 160
223.73, 160
223.75, 160
223.78, 160
223.81, 160
223.84, 160
223.86, 160
224.25, 160
224.28, 160
224.31, 160
224.34, 160
225.42, 160
225.45, 160
226.75, 160
226.77, 160
226.80, 160
226.84, 160
226.87, 160
226.91, 160
226.94, 160
226.97, 160
227.00, 160
229.05, 160
229.08, 160
229.11, 160
229.13, 160
229.16, 160
229.19, 160
229.22, 160
229.25, 160
229.27, 160
229.30, 160
229.33, 160
229.35, 160
229.44, 160
229.79, 160
229.82, 160
229.85, 160
231.71, 160
231.74, 160
231.76, 160
231.80, 160
231.92, 160
231.95, 160
231.98, 160
232.00, 160
232.03, 160
232.05, 160
232.08, 160
232.11, 160
232.14, 160
232.17, 160
232.20, 160
232.23, 160
232.26, 160
232.30, 160
237.74, 160
237.77, 160
237.79, 160
237.82, 160
237.84, 160
237.87, 160
237.89, 160
237.92, 160
237.95, 160
237.97, 160
238.01, 160
238.04, 160
238.06, 160
239.63, 160
239.76, 160
239.79, 160
239.82, 160
239.85, 160
239.88, 160
242.45, 160
242.49, 160
242.51, 160
242.53, 160
243.44, 160
243.46, 160
243.49, 160
243.52, 160
243.55, 160
243.58, 160
243.61, 160
243.65, 160
243.67, 160
243.70, 160
243.72, 160
243.75, 160
243.78, 160
243.81, 160
243.85, 160
243.88, 160
243.94, 160
250.25, 160
250.27, 160
250.30, 160
250.33, 160
250.36, 160
250.39, 160
250.42, 160
250.45, 160
250.47, 160
252.80, 160
252.83, 160
252.87, 160
252.92, 160
252.96, 160
252.98, 160
253.01, 160
253.04, 160
253.07, 160
253.10, 160
253.13, 160
253.16, 160
253.19, 160
253.21, 160
253.54, 160
253.57, 160
253.60, 160
253.63, 160
253.66, 160
253.70, 160
253.73, 160
253.76, 160
253.79, 160
253.82, 160
253.85, 160
254.72, 160
254.76, 160
254.79, 160
254.81, 160
254.83, 160
254.87, 160
254.90, 160
254.93, 160
254.96, 160
254.98, 160
255.01, 160
255.12, 160
255.23, 160
255.26, 160
255.29, 160
255.31, 160
255.34, 160
255.37, 160
255.44, 160
255.47, 160
255.50, 160
255.53, 160
255.55, 160
257.75, 160
257.77, 160
257.80, 160
257.83, 160
257.85, 160
257.89, 160
257.92, 160
257.94, 160
257.98, 160
258.00, 160
258.03, 160
258.06, 160
258.08, 160
258.11, 160
258.14, 160
258.17, 160
258.21, 160
258.24, 160
258.27, 160
258.29, 160
258.33, 160
258.36, 160
258.38, 160
258.42, 160
258.45, 160
258.48, 160
258.60, 160
258.63, 160
258.70, 160
258.73, 160
258.77, 160
259.19, 160
259.23, 160
259.26, 160
259.29, 160
259.32, 160
259.36, 160
259.38, 160
262.16, 160
262.79, 160
263.22, 160
263.24, 160
263.27, 160
264.74, 160
264.77, 160
264.80, 160
264.83, 160
264.86, 160
265.36, 160
265.39, 160
265.41, 160
265.44, 160
265.48, 160
265.50, 160
267.88, 160
267.90, 160
267.93, 160
267.98, 160
268.01, 160
268.04, 160
268.07, 160
268.10, 160
268.13, 160
268.16, 160
268.19, 160
268.25, 160
268.28, 160
268.31, 160
268.34, 160
268.36, 160
268.39, 160
268.42, 160
268.45, 160
268.49, 160
268.52, 160
268.55, 160
268.58, 160
277.39, 160
277.43, 160
277.45, 160
277.48, 160
277.51, 160
279.19, 160
279.73, 160
279.75, 160
279.78, 160
279.80, 160
279.83, 160
279.85, 160
279.88, 160
279.91, 160
279.93, 160
279.96, 160
280.00, 160
280.02, 160
280.05, 160
280.08, 160
280.11, 160
280.14, 160
280.17, 160
280.82, 160
287.43, 160
288.02, 160
288.05, 160
288.08, 160
288.11, 160
298.41, 160
298.44, 160
298.47, 160
298.49, 160
298.53, 160
298.56, 160
298.58, 160
298.60, 160
298.63, 160
298.66, 160
298.69, 160
298.71, 160
298.74, 160
298.78, 160
298.81, 160
298.83, 160
298.86, 160
298.89, 160
298.92, 160
298.95, 160
298.98, 160
299.00, 160
299.03, 160
299.06, 160
299.08, 160
299.10, 160
299.64, 160
300.09, 160
300.11, 160
300.14, 160
300.18, 160
300.20, 160
300.23, 160
300.26, 160
300.29, 160
300.31, 160
300.34, 160
300.37, 160
300.40, 160
300.42, 160
300.45, 160
300.48, 160
300.51, 160
300.55, 160
300.58, 160
300.60, 160
300.63, 160
300.66, 160
303.85, 160
303.87, 160
303.90, 160
308.98, 160
309.24, 160
309.27, 160
309.30, 160
309.32, 160
309.35, 160
309.38, 160
309.43, 160
309.46, 160
309.49, 160
309.51, 160
309.54, 160
310.18, 160
310.20, 160
310.24, 160
310.27, 160
311.85, 160
311.87, 160
311.90, 160
311.93, 160
311.95, 160
311.99, 160
312.02, 160
312.05, 160
312.07, 160
312.10, 160
312.13, 160
312.15, 160
312.19, 160
312.22, 160
312.24, 160
312.27, 160
312.30, 160
312.33, 160
312.36, 160
312.39, 160
312.42, 160
312.45, 160
312.47, 160
312.49, 160
312.52, 160
312.71, 160
312.74, 160
312.77, 160
312.85, 160
312.88, 160
312.91, 160
312.93, 160
312.99, 160
313.08, 160
313.10, 160
313.13, 160
313.16, 160
313.18, 160
313.21, 160
313.75, 160
313.78, 160
313.81, 160
313.84, 160
314.11, 160
314.15, 160
314.18, 160
314.21, 160
314.24, 160
314.71, 160
314.73, 160
314.76, 160
314.79, 160
314.82, 160
314.85, 160
314.87, 160
314.90, 160
314.93, 160
314.96, 160
314.98, 160
315.01, 160
315.04, 160
315.06, 160
315.08, 160
315.11, 160
315.14, 160
315.17, 160
315.20, 160
315.23, 160
315.26, 160
315.29, 160
315.32, 160
315.34, 160
315.37, 160
315.39, 160
315.42, 160
315.44, 160
315.47, 160
322.49, 160
322.52, 160
322.54, 160
322.57, 160
322.60, 160
323.84, 160
323.87, 160
323.90, 160
323.93, 160
324.36, 160
324.63, 160
325.00, 160
325.02, 160
325.05, 160
325.08, 160
325.10, 160
327.80, 160
328.04, 160
328.06, 160
336.83, 160
336.86, 160
336.88, 160
336.91, 160
336.94, 160
336.97, 160
337.00, 160
337.03, 160
337.06, 160
337.09, 160
337.11, 160
337.13, 160
337.16, 160
337.19, 160
337.30, 160
337.33, 160
337.37, 160
337.39, 160
337.42, 160
337.45, 160
337.47, 160
338.11, 160
338.14, 160
338.17, 160
338.20, 160
338.23, 160
338.26, 160
338.29, 160
338.32, 160
338.35, 160
338.38, 160
338.41, 160
338.44, 160
338.47, 160
338.50, 160
341.33, 160
341.36, 160
341.39, 160
341.42, 160
341.44, 160
341.47, 160
341.50, 160
341.53, 160
341.56, 160
341.59, 160
341.62, 160
341.65, 160
341.68, 160
341.93, 160
342.79, 160
342.82, 160
342.90, 160
342.93, 160
343.71, 160
343.74, 160
343.76, 160
343.79, 160
343.81, 160
343.84, 160
343.86, 160
343.89, 160
344.00, 160
344.03, 160
344.06, 160
344.09, 160
344.12, 160
344.15, 160
344.17, 160
344.20, 160
344.23, 160
344.25, 160
344.52, 160
346.64, 160
346.68, 160
346.71, 160
346.74, 160
352.48, 160
352.51, 160
352.53, 160
352.66, 160
352.69, 160
352.72, 160
352.75, 160
352.77, 160
352.80, 160
371.00, 160
371.02, 160
371.05, 160
371.07, 160
371.10, 160
371.13, 160
379.59, 160
380.85, 160
380.87, 160
380.90, 160
402.04, 160
402.07, 160
402.10, 160
402.13, 160
402.15, 160
402.17, 160
402.20, 160
402.36, 160
402.39, 160
402.42, 160
402.44, 160
402.47, 160
402.50, 160
402.53, 160
402.56, 160
402.59, 160
402.93, 160
402.96, 160
402.99, 160
404.36, 160
404.38, 160
404.40, 160
404.83, 160
407.72, 160
407.75, 160
407.78, 160
407.81, 160
407.84, 160
407.89, 160
407.92, 160
407.94, 160
407.98, 160
408.01, 160
408.04, 160
408.06, 160
408.10, 160
408.13, 160
408.16, 160
408.19, 160
408.22, 160
408.26, 160
408.29, 160
408.31, 160
408.34, 160
408.37, 160
408.40, 160
408.43, 160
408.46, 160
408.49, 160
408.52, 160
408.55, 160
408.58, 160
408.61, 160
408.64, 160
408.66, 160
408.69, 160
408.72, 160
408.74, 160
408.77, 160
408.80, 160
408.83, 160
409.17, 160
409.20, 160
409.23, 160
409.26, 160
409.28, 160
409.30, 160
409.33, 160
409.36, 160
409.39, 160
409.42, 160
409.45, 160
409.48, 160
409.50, 160
409.53, 160
409.57, 160
409.60, 160
409.63, 160
409.66, 160
409.70, 160
409.73, 160
409.76, 160
409.79, 160
411.07, 160
411.10, 160
411.12, 160
411.15, 160
411.18, 160
411.21, 160
411.24, 160
411.27, 160
411.30, 160
411.33, 160
411.52, 160
411.55, 160
411.57, 160
411.60, 160
411.63, 160
412.88, 160
412.91, 160
412.93, 160
412.98, 160
413.02, 160
413.05, 160
413.08, 160
413.65, 160
413.68, 160
413.70, 160
413.73, 160
413.75, 160
413.77, 160
413.81, 160
413.84, 160
413.87, 160
413.90, 160
413.93, 160
413.96, 160
413.99, 160
414.02, 160
414.05, 160
414.08, 160
414.11, 160
414.14, 160
414.16, 160
414.19, 160
414.22, 160
