0.26, 165
0.29, 164
0.32, 164
0.35, 164
0.38, 164
0.41, 164
0.44, 164
0.47, 164
0.53, 164
0.56, 163
0.60, 162
1.14, 162
1.17, 162
1.23, 162
1.26, 162
1.30, 162
1.33, 162
1.37, 162
1.41, 162
1.43, 162
1.47, 162
1.50, 162
1.53, 162
1.56, 162
1.59, 162
1.62, 162
1.65, 162
1.69, 161
1.72, 161
1.75, 161
1.78, 161
2.95, 161
2.98, 161
3.01, 161
3.05, 161
3.67, 161
3.70, 161
4.57, 161
4.60, 161
4.64, 161
4.79, 161
4.82, 161
4.86, 161
4.89, 161
4.92, 161
4.95, 161
4.98, 161
5.02, 161
5.06, 161
5.09, 161
5.13, 161
5.15, 161
5.19, 161
5.22, 161
5.26, 161
5.29, 161
5.32, 161
5.35, 161
5.79, 161
5.83, 161
7.28, 160
7.31, 160
7.35, 160
7.39, 160
7.68, 160
7.72, 160
7.75, 160
7.77, 160
7.81, 160
7.85, 160
12.26, 160
12.30, 160
12.34, 160
12.38, 160
12.41, 160
12.44, 160
12.48, 160
12.50, 160
12.54, 160
12.57, 160
12.61, 160
12.64, 160
12.67, 160
14.83, 160
14.86, 160
14.96, 160
15.00, 160
15.03, 160
15.06, 160
17.43, 160
17.47, 160
17.51, 160
17.54, 160
17.57, 160
17.60, 160
17.63, 160
17.67, 160
17.69, 160
17.73, 160
17.77, 160
17.80, 160
17.86, 160
17.89, 160
18.24, 160
18.27, 160
18.29, 160
18.33, 160
18.44, 160
18.48, 160
18.52, 160
22.70, 160
22.73, 160
22.76, 160
24.16, 160
24.19, 160
24.21, 160
24.24, 160
24.27, 160
24.29, 160
24.33, 160
24.36, 160
24.39, 160
24.43, 160
24.46, 160
24.49, 160
24.52, 160
24.55, 160
24.58, 160
27.15, 160
27.17, 160
27.22, 160
27.25, 160
27.29, 160
27.31, 160
27.34, 160
27.37, 160
27.41, 160
27.44, 160
27.47, 160
27.50, 160
27.53, 160
27.57, 160
27.61, 160
27.64, 160
27.66, 160
27.70, 160
27.73, 160
27.76, 160
27.79, 160
27.81, 160
27.84, 160
27.88, 160
27.91, 160
28.16, 160
34.86, 160
34.89, 160
34.92, 160
34.96, 160
35.00, 160
35.04, 160
35.07, 160
35.11, 160
35.15, 160
35.18, 160
35.22, 160
35.26, 160
35.29, 160
57.88, 160
57.91, 160
57.93, 160
57.97, 160
71.78, 160
71.81, 160
71.84, 160
71.98, 160
72.02, 160
72.05, 160
72.09, 160
72.12, 160
72.15, 160
72.19, 160
72.22, 160
72.25, 160
72.28, 160
72.32, 160
72.35, 160
72.38, 160
72.41, 160
72.44, 160
72.47, 160
72.51, 160
72.53, 160
72.57, 160
72.60, 160
72.63, 160
73.63, 160
73.66, 160
73.69, 160
73.72, 160
73.75, 160
73.79, 160
73.82, 160
73.85, 160
73.88, 160
73.91, 160
73.94, 160
73.97, 160
74.01, 160
74.04, 160
74.07, 160
77.83, 160
77.86, 160
77.90, 160
77.93, 160
77.96, 160
77.99, 160
78.02, 160
78.05, 160
78.08, 160
78.11, 160
79.55, 160
79.58, 160
79.61, 160
79.64, 160
79.68, 160
79.72, 160
79.75, 160
79.78, 160
79.81, 160
79.84, 160
79.88, 160
79.90, 160
79.94, 160
79.97, 160
80.00, 160
80.51, 160
80.54, 160
80.57, 160
80.60, 160
80.63, 160
80.67, 160
80.69, 160
80.73, 160
80.76, 160
80.79, 160
80.95, 160
80.98, 160
81.01, 160
81.04, 160
91.97, 160
92.00, 160
92.03, 160
92.05, 160
92.08, 160
92.12, 160
92.15, 160
92.22, 160
92.25, 160
92.28, 160
92.31, 160
93.20, 160
93.23, 160
93.26, 160
93.28, 160
93.52, 160
93.60, 160
93.63, 160
93.66, 160
93.69, 160
93.73, 160
93.76, 160
93.79, 160
93.81, 160
93.83, 160
95.60, 160
95.63, 160
95.66, 160
95.68, 160
95.71, 160
95.74, 160
95.77, 160
95.80, 160
95.83, 160
95.86, 160
95.89, 160
95.91, 160
95.94, 160
96.00, 160
96.02, 160
102.77, 160
102.79, 160
102.82, 160
102.84, 160
102.87, 160
102.90, 160
104.05, 160
104.09, 160
104.24, 160
104.27, 160
104.30, 160
104.34, 160
104.37, 160
104.41, 160
104.44, 160
104.47, 160
104.50, 160
104.53, 160
104.56, 160
104.58, 160
104.61, 160
104.64, 160
104.66, 160
104.68, 160
104.71, 160
104.74, 160
104.77, 160
104.80, 160
104.83, 160
104.86, 160
104.89, 160
104.92, 160
104.95, 160
104.98, 160
105.01, 160
105.04, 160
119.14, 160
119.18, 160
119.21, 160
119.25, 160
119.28, 160
119.52, 160
119.55, 160
119.58, 160
119.60, 160
119.63, 160
119.65, 160
119.68, 160
119.71, 160
119.74, 160
119.76, 160
119.79, 160
119.83, 160
119.86, 160
119.90, 160
119.92, 160
119.95, 160
119.97, 160
120.00, 160
120.04, 160
120.07, 160
120.10, 160
120.14, 160
120.18, 160
120.21, 160
120.23, 160
120.26, 160
120.30, 160
120.33, 160
120.36, 160
122.84, 160
122.87, 160
125.41, 160
125.44, 160
125.47, 160
125.49, 160
125.52, 160
125.55, 160
125.58, 160
125.61, 160
125.63, 160
125.67, 160
125.71, 160
125.73, 160
125.76, 160
125.79, 160
125.81, 160
125.84, 160
125.87, 160
125.91, 160
125.95, 160
125.98, 160
126.01, 160
126.05, 160
126.08, 160
126.11, 160
126.14, 160
126.18, 160
126.21, 160
128.58, 160
130.17, 160
130.20, 160
130.23, 160
130.25, 160
130.27, 160
130.30, 160
130.33, 160
130.49, 160
130.52, 160
130.55, 160
130.58, 160
130.61, 160
130.63, 160
130.66, 160
130.96, 160
131.00, 160
131.03, 160
131.06, 160
131.10, 160
131.13, 160
131.17, 160
131.20, 160
131.23, 160
131.27, 160
131.29, 160
131.32, 160
131.35, 160
131.38, 160
131.41, 160
131.44, 160
131.48, 160
131.51, 160
131.53, 160
131.57, 160
131.60, 160
131.64, 160
131.66, 160
131.69, 160
132.41, 160
132.44, 160
132.47, 160
132.51, 160
132.55, 160
132.58, 160
132.61, 160
132.63, 160
132.66, 160
132.69, 160
132.73, 160
132.76, 160
132.79, 160
135.58, 160
150.51, 160
150.54, 160
151.07, 160
151.10, 160
151.26, 160
151.28, 160
151.31, 160
151.34, 160
151.37, 160
151.40, 160
151.43, 160
151.45, 160
151.48, 160
151.50, 160
151.53, 160
151.56, 160
152.95, 160
152.98, 160
153.01, 160
153.04, 160
153.07, 160
153.10, 160
153.13, 160
153.16, 160
153.18, 160
153.21, 160
153.23, 160
170.38, 160
170.41, 160
170.77, 160
170.80, 160
170.83, 160
170.85, 160
170.88, 160
170.90, 160
171.00, 160
171.03, 160
171.06, 160
171.09, 160
171.12, 160
171.15, 160
171.17, 160
171.20, 160
171.23, 160
171.25, 160
172.82, 160
172.86, 160
172.88, 160
172.91, 160
173.03, 160
173.06, 160
173.09, 160
173.12, 160
173.16, 160
173.20, 160
173.23, 160
173.26, 160
173.28, 160
173.32, 160
173.35, 160
173.38, 160
173.41, 160
173.44, 160
173.48, 160
173.50, 160
173.53, 160
173.57, 160
173.60, 160
173.63, 160
173.66, 160
173.69, 160
173.73, 160
173.77, 160
173.81, 160
173.83, 160
173.87, 160
173.90, 160
173.94, 160
174.47, 160
174.50, 160
174.53, 160
174.55, 160
174.57, 160
174.59, 160
174.62, 160
174.68, 160
174.72, 160
174.74, 160
174.78, 160
174.82, 160
174.85, 160
176.58, 160
176.62, 160
176.65, 160
176.69, 160
176.72, 160
176.76, 160
176.79, 160
176.82, 160
176.86, 160
176.89, 160
176.92, 160
176.95, 160
177.09, 160
177.12, 160
177.16, 160
177.19, 160
177.22, 160
177.26, 160
177.30, 160
177.33, 160
177.78, 160
178.77, 160
178.80, 160
178.83, 160
178.86, 160
178.89, 160
178.92, 160
178.95, 160
178.98, 160
179.01, 160
179.03, 160
179.05, 160
179.08, 160
179.14, 160
179.17, 160
179.19, 160
179.32, 160
179.35, 160
179.41, 160
179.44, 160
179.47, 160
179.49, 160
179.53, 160
179.55, 160
179.59, 160
179.61, 160
179.64, 160
179.67, 160
179.70, 160
179.72, 160
179.74, 160
179.77, 160
187.90, 160
187.93, 160
188.11, 160
188.14, 160
188.82, 160
188.85, 160
188.88, 160
188.92, 160
188.96, 160
188.98, 160
189.01, 160
189.03, 160
189.05, 160
189.08, 160
189.11, 160
189.15, 160
189.18, 160
189.20, 160
189.23, 160
189.27, 160
189.30, 160
189.32, 160
189.35, 160
189.38, 160
189.41, 160
189.44, 160
189.47, 160
189.49, 160
194.24, 160
194.27, 160
194.30, 160
194.33, 160
194.35, 160
194.38, 160
194.41, 160
194.53, 160
194.56, 160
194.59, 160
194.63, 160
194.66, 160
194.70, 160
194.74, 160
194.77, 160
194.80, 160
194.84, 160
194.87, 160
194.91, 160
194.95, 160
194.98, 160
195.01, 160
195.04, 160
195.07, 160
203.09, 160
203.12, 160
203.15, 160
203.28, 160
203.31, 160
203.33, 160
203.36, 160
203.40, 160
203.43, 160
203.46, 160
203.49, 160
203.52, 160
203.56, 160
203.60, 160
203.63, 160
206.51, 160
206.54, 160
206.57, 160
206.59, 160
206.62, 160
206.65, 160
206.67, 160
206.70, 160
206.73, 160
206.76, 160
206.79, 160
207.00, 160
207.03, 160
207.05, 160
207.08, 160
207.10, 160
207.13, 160
207.15, 160
207.17, 160
207.21, 160
207.23, 160
207.26, 160
207.29, 160
210.42, 160
210.45, 160
210.47, 160
224.20, 160
224.23, 160
224.26, 160
224.30, 160
224.32, 160
224.35, 160
224.38, 160
224.41, 160
224.44, 160
224.47, 160
224.50, 160
224.52, 160
224.95, 160
224.97, 160
225.00, 160
225.06, 160
225.09, 160
225.15, 160
225.19, 160
225.23, 160
225.26, 160
225.29, 160
225.32, 160
225.34, 160
225.37, 160
226.17, 160
226.21, 160
226.25, 160
226.28, 160
226.32, 160
226.35, 160
226.39, 160
226.42, 160
226.45, 160
226.80, 160
226.84, 160
226.87, 160
226.90, 160
226.93, 160
226.96, 160
226.99, 160
227.43, 160
227.46, 160
227.49, 160
227.52, 160
228.79, 160
228.83, 160
230.30, 160
230.33, 160
230.37, 160
230.40, 160
230.43, 160
230.47, 160
230.50, 160
230.53, 160
230.56, 160
232.91, 160
232.94, 160
232.97, 160
233.00, 160
233.04, 160
233.08, 160
233.11, 160
233.15, 160
233.18, 160
233.22, 160
233.25, 160
233.28, 160
233.38, 160
233.80, 160
233.84, 160
233.87, 160
235.97, 160
236.01, 160
236.04, 160
236.07, 160
236.19, 160
236.23, 160
236.26, 160
236.29, 160
236.32, 160
236.36, 160
236.39, 160
236.42, 160
236.45, 160
236.48, 160
236.52, 160
236.55, 160
236.57, 160
236.61, 160
243.05, 160
243.08, 160
243.12, 160
243.15, 160
243.19, 160
243.22, 160
243.25, 160
243.28, 160
243.30, 160
243.34, 160
243.37, 160
243.41, 160
243.44, 160
245.29, 160
245.45, 160
245.49, 160
245.52, 160
245.55, 160
245.59, 160
248.65, 160
248.69, 160
248.72, 160
248.75, 160
249.81, 160
249.84, 160
249.87, 160
249.90, 160
249.94, 160
249.98, 160
250.01, 160
250.05, 160
250.08, 160
250.12, 160
250.14, 160
250.18, 160
250.21, 160
250.24, 160
250.29, 160
250.32, 160
250.39, 160
257.77, 160
257.80, 160
257.84, 160
257.88, 160
257.91, 160
257.95, 160
257.99, 160
258.02, 160
258.05, 160
260.66, 160
260.69, 160
260.73, 160
260.76, 160
260.81, 160
260.84, 160
260.87, 160
260.90, 160
260.93, 160
260.97, 160
261.00, 160
261.04, 160
261.07, 160
261.10, 160
261.47, 160
261.50, 160
261.53, 160
261.57, 160
261.60, 160
261.64, 160
261.67, 160
261.70, 160
261.73, 160
261.76, 160
261.80, 160
262.73, 160
262.77, 160
262.80, 160
262.82, 160
262.86, 160
262.89, 160
262.92, 160
262.95, 160
262.98, 160
263.02, 160
263.05, 160
263.19, 160
263.31, 160
263.35, 160
263.38, 160
263.42, 160
263.46, 160
263.49, 160
263.58, 160
263.61, 160
263.64, 160
263.67, 160
263.70, 160
266.24, 160
266.28, 160
266.32, 160
266.35, 160
266.38, 160
266.41, 160
266.44, 160
266.47, 160
266.50, 160
266.53, 160
266.57, 160
266.60, 160
266.63, 160
266.66, 160
266.71, 160
266.74, 160
266.78, 160
266.82, 160
266.85, 160
266.87, 160
266.91, 160
266.94, 160
266.97, 160
267.00, 160
267.04, 160
267.07, 160
267.20, 160
267.24, 160
267.32, 160
267.35, 160
267.39, 160
267.82, 160
267.86, 160
267.89, 160
267.92, 160
267.95, 160
267.99, 160
268.01, 160
271.15, 160
271.89, 160
272.34, 160
272.37, 160
272.41, 160
274.09, 160
274.12, 160
274.15, 160
274.18, 160
274.22, 160
274.81, 160
274.84, 160
274.87, 160
274.91, 160
274.94, 160
274.97, 160
277.62, 160
277.65, 160
277.68, 160
277.74, 160
277.77, 160
277.80, 160
277.83, 160
277.86, 160
277.90, 160
277.93, 160
277.96, 160
278.03, 160
278.06, 160
278.10, 160
278.14, 160
278.16, 160
278.19, 160
278.22, 160
278.26, 160
278.29, 160
278.32, 160
278.34, 160
278.38, 160
288.10, 160
288.13, 160
288.16, 160
288.19, 160
288.23, 160
289.99, 160
290.57, 160
290.60, 160
290.63, 160
290.66, 160
290.68, 160
290.71, 160
290.74, 160
290.77, 160
290.80, 160
290.84, 160
290.88, 160
290.91, 160
290.94, 160
290.98, 160
291.01, 160
291.04, 160
291.07, 160
291.80, 160
299.39, 160
300.06, 160
300.10, 160
300.14, 160
300.17, 160
312.07, 160
312.10, 160
312.13, 160
312.16, 160
312.20, 160
312.22, 160
312.26, 160
312.28, 160
312.32, 160
312.35, 160
312.38, 160
312.41, 160
312.45, 160
312.48, 160
312.51, 160
312.54, 160
312.57, 160
312.61, 160
312.63, 160
312.67, 160
312.71, 160
312.73, 160
312.76, 160
312.79, 160
312.82, 160
312.84, 160
313.45, 160
313.95, 160
313.98, 160
314.01, 160
314.05, 160
314.08, 160
314.11, 160
314.14, 160
314.18, 160
314.21, 160
314.24, 160
314.27, 160
314.30, 160
314.33, 160
314.36, 160
314.40, 160
314.43, 160
314.47, 160
314.50, 160
314.53, 160
314.56, 160
314.59, 160
318.23, 160
318.26, 160
318.29, 160
324.20, 160
324.50, 160
324.53, 160
324.55, 160
324.58, 160
324.61, 160
324.64, 160
324.70, 160
324.73, 160
324.77, 160
324.81, 160
324.84, 160
325.56, 160
325.60, 160
325.63, 160
325.67, 160
327.50, 160
327.54, 160
327.57, 160
327.60, 160
327.64, 160
327.68, 160
327.71, 160
327.74, 160
327.77, 160
327.80, 160
327.83, 160
327.86, 160
327.90, 160
327.93, 160
327.96, 160
328.00, 160
328.04, 160
328.06, 160
328.10, 160
328.13, 160
328.16, 160
328.19, 160
328.22, 160
328.24, 160
328.28, 160
328.50, 160
328.53, 160
328.57, 160
328.66, 160
328.69, 160
328.73, 160
328.76, 160
328.83, 160
328.92, 160
328.95, 160
328.98, 160
329.02, 160
329.05, 160
329.08, 160
329.73, 160
329.76, 160
329.80, 160
329.83, 160
330.16, 160
330.19, 160
330.23, 160
330.26, 160
330.29, 160
330.83, 160
330.86, 160
330.89, 160
330.92, 160
330.95, 160
330.98, 160
331.01, 160
331.05, 160
331.08, 160
331.11, 160
331.14, 160
331.17, 160
331.20, 160
331.22, 160
331.25, 160
331.28, 160
331.31, 160
331.34, 160
331.38, 160
331.41, 160
331.44, 160
331.48, 160
331.51, 160
331.55, 160
331.58, 160
331.62, 160
331.64, 160
331.67, 160
331.70, 160
339.76, 160
339.80, 160
339.83, 160
339.86, 160
339.89, 160
341.36, 160
341.39, 160
341.43, 160
341.47, 160
341.98, 160
342.31, 160
342.73, 160
342.76, 160
342.79, 160
342.82, 160
342.85, 160
346.01, 160
346.28, 160
346.31, 160
356.72, 160
356.76, 160
356.79, 160
356.82, 160
356.85, 160
356.89, 160
356.92, 160
356.96, 160
357.00, 160
357.03, 160
357.07, 160
357.10, 160
357.13, 160
357.17, 160
357.29, 160
357.32, 160
357.36, 160
357.40, 160
357.43, 160
357.47, 160
357.50, 160
358.22, 160
358.26, 160
358.29, 160
358.32, 160
358.35, 160
358.38, 160
358.41, 160
358.44, 160
358.47, 160
358.50, 160
358.54, 160
358.58, 160
358.61, 160
358.64, 160
361.91, 160
361.95, 160
361.97, 160
362.01, 160
362.04, 160
362.07, 160
362.10, 160
362.13, 160
362.17, 160
362.19, 160
362.23, 160
362.26, 160
362.30, 160
362.56, 160
363.53, 160
363.56, 160
363.66, 160
363.69, 160
364.58, 160
364.62, 160
364.65, 160
364.67, 160
364.70, 160
364.73, 160
364.76, 160
364.80, 160
364.92, 160
364.95, 160
364.99, 160
365.03, 160
365.06, 160
365.10, 160
365.13, 160
365.16, 160
365.20, 160
365.23, 160
365.54, 160
368.03, 160
368.07, 160
368.10, 160
368.12, 160
374.83, 160
374.86, 160
374.89, 160
375.05, 160
375.08, 160
375.12, 160
375.14, 160
375.18, 160
375.21, 160
396.22, 160
396.25, 160
396.29, 160
396.32, 160
396.35, 160
396.38, 160
406.30, 160
407.80, 160
407.83, 160
407.86, 160
432.49, 160
432.52, 160
432.56, 160
432.59, 160
432.62, 160
432.65, 160
432.68, 160
432.86, 160
432.89, 160
432.93, 160
432.97, 160
433.00, 160
433.04, 160
433.07, 160
433.10, 160
433.13, 160
433.55, 160
433.58, 160
433.62, 160
435.19, 160
435.22, 160
435.24, 160
435.74, 160
438.64, 160
438.68, 160
438.71, 160
438.74, 160
438.78, 160
438.84, 160
438.86, 160
438.89, 160
438.93, 160
438.96, 160
438.99, 160
439.02, 160
439.05, 160
439.09, 160
439.12, 160
439.15, 160
439.18, 160
439.22, 160
439.24, 160
439.28, 160
439.31, 160
439.34, 160
439.37, 160
439.40, 160
439.43, 160
439.47, 160
439.50, 160
439.53, 160
439.57, 160
439.60, 160
439.63, 160
439.65, 160
439.68, 160
439.71, 160
439.74, 160
439.77, 160
439.81, 160
439.84, 160
440.23, 160
440.26, 160
440.29, 160
440.33, 160
440.36, 160
440.39, 160
440.42, 160
440.45, 160
440.48, 160
440.52, 160
440.55, 160
440.58, 160
440.61, 160
440.64, 160
440.68, 160
440.71, 160
440.76, 160
440.80, 160
440.83, 160
440.86, 160
440.90, 160
440.93, 160
442.33, 160
442.36, 160
442.39, 160
442.42, 160
442.45, 160
442.48, 160
442.52, 160
442.55, 160
442.59, 160
442.63, 160
442.86, 160
442.88, 160
442.91, 160
442.95, 160
442.98, 160
444.44, 160
444.46, 160
444.49, 160
444.56, 160
444.59, 160
444.63, 160
444.66, 160
445.31, 160
445.34, 160
445.37, 160
445.40, 160
445.43, 160
445.46, 160
445.49, 160
445.52, 160
445.55, 160
445.58, 160
445.61, 160
445.64, 160
445.67, 160
445.70, 160
445.73, 160
445.76, 160
445.80, 160
445.83, 160
445.86, 160
445.88, 160
445.92, 160
460.98, 160
461.02, 160
461.05, 160
461.34, 160
472.18, 160
472.21, 160
472.24, 160
472.27, 160
472.30, 160
472.33, 160
472.43, 160
472.46, 160
472.49, 160
472.52, 160
474.87, 160
474.90, 160
474.94, 160
474.97, 160
475.01, 160
475.04, 160
475.07, 160
475.11, 160
475.14, 160
475.17, 160
475.20, 160
475.45, 160
475.48, 160
475.54, 160
475.57, 160
475.60, 160
475.64, 160
475.66, 160
475.70, 160
475.74, 160
475.78, 160
475.81, 160
475.88, 160
475.91, 160
475.94, 160
475.97, 160
476.00, 160
476.02, 160
476.05, 160
476.09, 160
476.12, 160
478.53, 160
478.56, 160
478.60, 160
478.62, 160
478.65, 160
479.14, 160
479.16, 160
479.20, 160
479.23, 160
479.26, 160
479.29, 160
479.32, 160
479.36, 160
479.39, 160
479.42, 160
479.45, 160
479.48, 160
479.51, 160
479.54, 160
479.57, 160
479.59, 160
479.63, 160
479.66, 160
479.69, 160
479.72, 160
