0.28, 165
0.31, 164
0.34, 164
0.37, 164
0.40, 164
0.44, 164
0.47, 164
0.50, 164
0.55, 164
0.58, 163
0.61, 162
1.16, 162
1.20, 162
1.26, 162
1.29, 162
1.32, 162
1.35, 162
1.39, 162
1.42, 162
1.45, 162
1.49, 162
1.52, 162
1.55, 162
1.59, 162
1.61, 162
1.65, 162
1.68, 162
1.71, 161
1.75, 161
1.78, 161
1.81, 161
2.98, 161
3.01, 161
3.04, 161
3.08, 161
3.70, 161
3.73, 161
4.59, 161
4.63, 161
4.66, 161
4.81, 161
4.84, 161
4.87, 161
4.90, 161
4.93, 161
4.97, 161
5.00, 161
5.04, 161
5.07, 161
5.10, 161
5.14, 161
5.16, 161
5.19, 161
5.23, 161
5.26, 161
5.29, 161
5.34, 161
5.37, 161
5.82, 161
5.84, 161
7.28, 160
7.32, 160
7.36, 160
7.40, 160
7.68, 160
7.71, 160
7.75, 160
7.78, 160
7.81, 160
7.85, 160
12.46, 160
12.50, 160
12.54, 160
12.59, 160
12.62, 160
12.65, 160
12.69, 160
12.71, 160
12.74, 160
12.78, 160
12.81, 160
12.84, 160
12.89, 160
15.12, 160
15.15, 160
15.25, 160
15.28, 160
15.31, 160
15.34, 160
17.71, 160
17.74, 160
17.79, 160
17.83, 160
17.86, 160
17.90, 160
17.93, 160
17.97, 160
18.00, 160
18.04, 160
18.07, 160
18.11, 160
18.17, 160
18.21, 160
18.56, 160
18.60, 160
18.62, 160
18.66, 160
18.79, 160
18.83, 160
18.86, 160
23.07, 160
23.10, 160
23.13, 160
24.51, 160
24.54, 160
24.56, 160
24.59, 160
24.62, 160
24.65, 160
24.69, 160
24.73, 160
24.76, 160
24.79, 160
24.82, 160
24.85, 160
24.88, 160
24.91, 160
24.95, 160
27.58, 160
27.61, 160
27.65, 160
27.68, 160
27.72, 160
27.74, 160
27.77, 160
27.80, 160
27.84, 160
27.87, 160
27.90, 160
27.93, 160
27.97, 160
28.00, 160
28.04, 160
28.06, 160
28.09, 160
28.12, 160
28.16, 160
28.19, 160
28.21, 160
28.24, 160
28.27, 160
28.30, 160
28.33, 160
28.58, 160
35.42, 160
35.46, 160
35.49, 160
35.52, 160
35.56, 160
35.59, 160
35.62, 160
35.66, 160
35.70, 160
35.73, 160
35.77, 160
35.81, 160
35.85, 160
58.03, 160
58.06, 160
58.09, 160
58.13, 160
71.85, 160
71.88, 160
71.91, 160
72.06, 160
72.09, 160
72.13, 160
72.16, 160
72.19, 160
72.23, 160
72.26, 160
72.30, 160
72.33, 160
72.35, 160
72.38, 160
72.42, 160
72.45, 160
72.48, 160
72.52, 160
72.55, 160
72.57, 160
72.60, 160
72.63, 160
72.66, 160
72.69, 160
73.67, 160
73.70, 160
73.73, 160
73.75, 160
73.79, 160
73.83, 160
73.86, 160
73.89, 160
73.92, 160
73.95, 160
73.98, 160
74.01, 160
74.04, 160
74.08, 160
74.12, 160
78.01, 160
78.04, 160
78.07, 160
78.10, 160
78.13, 160
78.16, 160
78.19, 160
78.22, 160
78.24, 160
78.27, 160
79.70, 160
79.73, 160
79.76, 160
79.79, 160
79.83, 160
79.87, 160
79.90, 160
79.94, 160
79.97, 160
80.00, 160
80.03, 160
80.06, 160
80.09, 160
80.13, 160
80.15, 160
80.69, 160
80.72, 160
80.75, 160
80.78, 160
80.81, 160
80.84, 160
80.87, 160
80.90, 160
80.93, 160
80.96, 160
81.12, 160
81.16, 160
81.18, 160
81.22, 160
92.12, 160
92.15, 160
92.18, 160
92.20, 160
92.23, 160
92.26, 160
92.30, 160
92.36, 160
92.39, 160
92.42, 160
92.45, 160
93.40, 160
93.43, 160
93.46, 160
93.50, 160
93.76, 160
93.84, 160
93.88, 160
93.91, 160
93.94, 160
93.97, 160
94.01, 160
94.04, 160
94.07, 160
94.11, 160
95.99, 160
96.03, 160
96.06, 160
96.09, 160
96.12, 160
96.16, 160
96.19, 160
96.22, 160
96.25, 160
96.28, 160
96.32, 160
96.35, 160
96.38, 160
96.44, 160
96.47, 160
103.81, 160
103.83, 160
103.87, 160
103.90, 160
103.93, 160
103.95, 160
105.18, 160
105.21, 160
105.37, 160
105.40, 160
105.43, 160
105.46, 160
105.50, 160
105.54, 160
105.58, 160
105.61, 160
105.64, 160
105.67, 160
105.71, 160
105.73, 160
105.76, 160
105.80, 160
105.83, 160
105.86, 160
105.89, 160
105.93, 160
105.96, 160
105.99, 160
106.02, 160
106.05, 160
106.07, 160
106.11, 160
106.14, 160
106.18, 160
106.21, 160
106.24, 160
120.99, 160
121.03, 160
121.06, 160
121.09, 160
121.12, 160
121.35, 160
121.38, 160
121.41, 160
121.44, 160
121.48, 160
121.51, 160
121.54, 160
121.57, 160
121.60, 160
121.63, 160
121.66, 160
121.70, 160
121.73, 160
121.77, 160
121.79, 160
121.82, 160
121.84, 160
121.87, 160
121.91, 160
121.94, 160
121.97, 160
122.00, 160
122.04, 160
122.07, 160
122.10, 160
122.13, 160
122.17, 160
122.20, 160
122.23, 160
124.83, 160
124.86, 160
127.58, 160
127.61, 160
127.65, 160
127.67, 160
127.70, 160
127.73, 160
127.77, 160
127.79, 160
127.82, 160
127.86, 160
127.89, 160
127.92, 160
127.94, 160
127.97, 160
128.00, 160
128.03, 160
128.07, 160
128.10, 160
128.13, 160
128.16, 160
128.19, 160
128.23, 160
128.27, 160
128.32, 160
128.35, 160
128.39, 160
128.42, 160
130.92, 160
132.67, 160
132.70, 160
132.73, 160
132.76, 160
132.79, 160
132.82, 160
132.85, 160
133.03, 160
133.07, 160
133.11, 160
133.15, 160
133.18, 160
133.21, 160
133.24, 160
133.54, 160
133.57, 160
133.60, 160
133.63, 160
133.68, 160
133.71, 160
133.74, 160
133.77, 160
133.81, 160
133.85, 160
133.88, 160
133.91, 160
133.93, 160
133.96, 160
133.99, 160
134.02, 160
134.06, 160
134.09, 160
134.12, 160
134.15, 160
134.19, 160
134.22, 160
134.25, 160
134.28, 160
135.00, 160
135.04, 160
135.07, 160
135.10, 160
135.14, 160
135.17, 160
135.21, 160
135.23, 160
135.26, 160
135.29, 160
135.33, 160
135.37, 160
135.40, 160
138.34, 160
154.65, 160
154.69, 160
155.31, 160
155.35, 160
155.53, 160
155.56, 160
155.60, 160
155.63, 160
155.67, 160
155.71, 160
155.74, 160
155.77, 160
155.81, 160
155.83, 160
155.86, 160
155.90, 160
157.55, 160
157.57, 160
157.61, 160
157.64, 160
157.67, 160
157.70, 160
157.73, 160
157.76, 160
157.79, 160
157.82, 160
157.85, 160
176.09, 160
176.12, 160
176.51, 160
176.55, 160
176.58, 160
176.61, 160
176.63, 160
176.66, 160
176.79, 160
176.83, 160
176.87, 160
176.90, 160
176.93, 160
176.96, 160
177.00, 160
177.03, 160
177.06, 160
177.08, 160
178.76, 160
178.79, 160
178.82, 160
178.85, 160
178.97, 160
179.00, 160
179.03, 160
179.06, 160
179.12, 160
179.15, 160
179.19, 160
179.22, 160
179.26, 160
179.29, 160
179.33, 160
179.35, 160
179.38, 160
179.41, 160
179.45, 160
179.48, 160
179.51, 160
179.55, 160
179.58, 160
179.62, 160
179.64, 160
179.68, 160
179.71, 160
179.75, 160
179.79, 160
179.82, 160
179.86, 160
179.89, 160
179.93, 160
180.48, 160
180.51, 160
180.55, 160
180.58, 160
180.61, 160
180.64, 160
180.67, 160
180.73, 160
180.76, 160
180.79, 160
180.82, 160
180.86, 160
180.88, 160
182.77, 160
182.80, 160
182.84, 160
182.87, 160
182.91, 160
182.95, 160
182.99, 160
183.03, 160
183.06, 160
183.10, 160
183.14, 160
183.18, 160
183.31, 160
183.35, 160
183.39, 160
183.42, 160
183.46, 160
183.50, 160
183.53, 160
183.57, 160
183.97, 160
184.98, 160
185.01, 160
185.04, 160
185.07, 160
185.11, 160
185.14, 160
185.18, 160
185.21, 160
185.24, 160
185.26, 160
185.29, 160
185.32, 160
185.38, 160
185.41, 160
185.44, 160
185.56, 160
185.59, 160
185.65, 160
185.68, 160
185.71, 160
185.73, 160
185.77, 160
185.80, 160
185.84, 160
185.87, 160
185.90, 160
185.93, 160
185.96, 160
185.99, 160
186.02, 160
186.04, 160
194.69, 160
194.73, 160
194.94, 160
194.97, 160
195.71, 160
195.74, 160
195.78, 160
195.82, 160
195.85, 160
195.88, 160
195.91, 160
195.93, 160
195.95, 160
195.99, 160
196.03, 160
196.07, 160
196.10, 160
196.13, 160
196.17, 160
196.21, 160
196.24, 160
196.27, 160
196.31, 160
196.34, 160
196.38, 160
196.41, 160
196.43, 160
196.46, 160
201.68, 160
201.71, 160
201.75, 160
201.78, 160
201.81, 160
201.84, 160
201.87, 160
201.99, 160
202.02, 160
202.05, 160
202.09, 160
202.13, 160
202.16, 160
202.20, 160
202.23, 160
202.27, 160
202.30, 160
202.33, 160
202.37, 160
202.40, 160
202.44, 160
202.47, 160
202.51, 160
202.54, 160
210.75, 160
210.78, 160
210.81, 160
210.93, 160
210.96, 160
210.98, 160
211.02, 160
211.05, 160
211.08, 160
211.11, 160
211.14, 160
211.17, 160
211.21, 160
211.24, 160
211.29, 160
214.61, 160
214.64, 160
214.66, 160
214.69, 160
214.72, 160
214.76, 160
214.79, 160
214.83, 160
214.86, 160
214.89, 160
214.92, 160
215.15, 160
215.19, 160
215.21, 160
215.24, 160
215.27, 160
215.29, 160
215.32, 160
215.35, 160
215.38, 160
215.41, 160
215.44, 160
215.47, 160
219.02, 160
219.06, 160
219.09, 160
233.87, 160
233.90, 160
233.93, 160
233.97, 160
234.00, 160
234.04, 160
234.07, 160
234.11, 160
234.14, 160
234.17, 160
234.21, 160
234.24, 160
234.64, 160
234.67, 160
234.71, 160
234.77, 160
234.80, 160
234.87, 160
234.91, 160
234.94, 160
234.97, 160
235.00, 160
235.04, 160
235.07, 160
235.10, 160
235.92, 160
235.95, 160
235.99, 160
236.02, 160
236.05, 160
236.08, 160
236.12, 160
236.14, 160
236.17, 160
236.54, 160
236.57, 160
236.60, 160
236.63, 160
236.66, 160
236.70, 160
236.73, 160
237.18, 160
237.22, 160
237.24, 160
237.28, 160
238.56, 160
238.59, 160
240.06, 160
240.09, 160
240.12, 160
240.16, 160
240.20, 160
240.24, 160
240.27, 160
240.30, 160
240.33, 160
242.68, 160
242.71, 160
242.74, 160
242.78, 160
242.81, 160
242.85, 160
242.88, 160
242.92, 160
242.95, 160
242.99, 160
243.02, 160
243.04, 160
243.15, 160
243.55, 160
243.59, 160
243.62, 160
245.84, 160
245.89, 160
245.92, 160
245.95, 160
246.09, 160
246.12, 160
246.16, 160
246.18, 160
246.21, 160
246.24, 160
246.27, 160
246.30, 160
246.34, 160
246.37, 160
246.41, 160
246.44, 160
246.47, 160
246.50, 160
252.81, 160
252.85, 160
252.88, 160
252.91, 160
252.94, 160
252.96, 160
252.99, 160
253.02, 160
253.05, 160
253.08, 160
253.12, 160
253.15, 160
253.17, 160
255.00, 160
255.16, 160
255.19, 160
255.22, 160
255.25, 160
255.29, 160
258.24, 160
258.28, 160
258.30, 160
258.34, 160
259.39, 160
259.42, 160
259.45, 160
259.49, 160
259.52, 160
259.56, 160
259.59, 160
259.63, 160
259.65, 160
259.69, 160
259.72, 160
259.75, 160
259.79, 160
259.81, 160
259.86, 160
259.89, 160
259.96, 160
267.21, 160
267.23, 160
267.26, 160
267.29, 160
267.32, 160
267.36, 160
267.40, 160
267.44, 160
267.47, 160
270.05, 160
270.09, 160
270.12, 160
270.16, 160
270.20, 160
270.23, 160
270.25, 160
270.28, 160
270.31, 160
270.35, 160
270.38, 160
270.42, 160
270.45, 160
270.47, 160
270.82, 160
270.85, 160
270.88, 160
270.91, 160
270.94, 160
270.98, 160
271.01, 160
271.04, 160
271.08, 160
271.10, 160
271.14, 160
272.03, 160
272.06, 160
272.09, 160
272.11, 160
272.14, 160
272.19, 160
272.22, 160
272.25, 160
272.28, 160
272.31, 160
272.34, 160
272.47, 160
272.59, 160
272.63, 160
272.66, 160
272.69, 160
272.72, 160
272.75, 160
272.84, 160
272.86, 160
272.89, 160
272.92, 160
272.96, 160
275.40, 160
275.43, 160
275.47, 160
275.50, 160
275.53, 160
275.56, 160
275.59, 160
275.62, 160
275.65, 160
275.68, 160
275.71, 160
275.74, 160
275.78, 160
275.81, 160
275.85, 160
275.89, 160
275.93, 160
275.96, 160
275.99, 160
276.03, 160
276.06, 160
276.09, 160
276.12, 160
276.15, 160
276.18, 160
276.22, 160
276.35, 160
276.39, 160
276.47, 160
276.51, 160
276.55, 160
276.97, 160
277.01, 160
277.04, 160
277.07, 160
277.11, 160
277.14, 160
277.17, 160
280.18, 160
280.91, 160
281.36, 160
281.39, 160
281.42, 160
283.07, 160
283.10, 160
283.13, 160
283.16, 160
283.20, 160
283.77, 160
283.81, 160
283.84, 160
283.88, 160
283.91, 160
283.94, 160
286.70, 160
286.72, 160
286.75, 160
286.81, 160
286.84, 160
286.87, 160
286.91, 160
286.94, 160
286.98, 160
287.01, 160
287.05, 160
287.11, 160
287.14, 160
287.18, 160
287.21, 160
287.24, 160
287.27, 160
287.30, 160
287.33, 160
287.37, 160
287.40, 160
287.42, 160
287.46, 160
297.10, 160
297.13, 160
297.16, 160
297.19, 160
297.22, 160
298.96, 160
299.53, 160
299.56, 160
299.58, 160
299.61, 160
299.64, 160
299.67, 160
299.70, 160
299.73, 160
299.76, 160
299.80, 160
299.83, 160
299.86, 160
299.89, 160
299.92, 160
299.95, 160
299.99, 160
