0.28, 165
0.31, 164
0.34, 164
0.37, 164
0.39, 164
0.43, 164
0.46, 164
0.50, 164
0.55, 164
0.58, 163
0.62, 162
1.13, 162
1.17, 162
1.23, 162
1.26, 162
1.30, 162
1.33, 162
1.36, 162
1.39, 162
1.42, 162
1.45, 162
1.48, 162
1.51, 162
1.55, 162
1.58, 162
1.61, 162
1.64, 162
1.67, 161
1.71, 161
1.74, 161
1.77, 161
2.93, 161
2.96, 161
2.99, 161
3.03, 161
3.63, 161
3.66, 161
4.49, 161
4.52, 161
4.56, 161
4.70, 161
4.73, 161
4.77, 161
4.80, 161
4.84, 161
4.87, 161
4.90, 161
4.94, 161
4.98, 161
5.01, 161
5.05, 161
5.08, 161
5.12, 161
5.15, 161
5.19, 161
5.22, 161
5.25, 161
5.28, 161
5.74, 161
5.77, 161
7.17, 160
7.19, 160
7.24, 160
7.27, 160
7.55, 160
7.58, 160
7.61, 160
7.64, 160
7.67, 160
7.71, 160
12.02, 160
12.05, 160
12.09, 160
12.13, 160
12.16, 160
12.19, 160
12.22, 160
12.25, 160
12.28, 160
12.31, 160
12.34, 160
12.37, 160
12.40, 160
14.45, 160
14.48, 160
14.58, 160
14.61, 160
14.64, 160
14.67, 160
16.95, 160
16.98, 160
17.02, 160
17.06, 160
17.09, 160
17.12, 160
17.15, 160
17.18, 160
17.21, 160
17.24, 160
17.28, 160
17.31, 160
17.37, 160
17.40, 160
17.73, 160
17.77, 160
17.79, 160
17.82, 160
17.93, 160
17.97, 160
18.00, 160
21.94, 160
21.98, 160
22.01, 160
23.38, 160
23.41, 160
23.43, 160
23.46, 160
23.49, 160
23.52, 160
23.55, 160
23.59, 160
23.62, 160
23.65, 160
23.68, 160
23.71, 160
23.74, 160
23.77, 160
23.81, 160
26.34, 160
26.36, 160
26.41, 160
26.45, 160
26.49, 160
26.51, 160
26.54, 160
26.58, 160
26.61, 160
26.64, 160
26.67, 160
26.70, 160
26.73, 160
26.77, 160
26.80, 160
26.83, 160
26.86, 160
26.89, 160
26.93, 160
26.96, 160
26.98, 160
27.01, 160
27.04, 160
27.08, 160
27.11, 160
27.38, 160
34.12, 160
34.15, 160
34.18, 160
34.21, 160
34.24, 160
34.28, 160
34.31, 160
34.35, 160
34.39, 160
34.41, 160
34.44, 160
34.48, 160
34.51, 160
55.72, 160
55.74, 160
55.77, 160
55.81, 160
69.18, 160
69.21, 160
69.24, 160
69.38, 160
69.41, 160
69.45, 160
69.48, 160
69.51, 160
69.54, 160
69.57, 160
69.61, 160
69.63, 160
69.67, 160
69.70, 160
69.73, 160
69.76, 160
69.79, 160
69.82, 160
69.84, 160
69.87, 160
69.91, 160
69.94, 160
69.97, 160
70.00, 160
70.99, 160
71.02, 160
71.05, 160
71.07, 160
71.11, 160
71.14, 160
71.17, 160
71.20, 160
71.23, 160
71.27, 160
71.31, 160
71.33, 160
71.37, 160
71.40, 160
71.44, 160
75.20, 160
75.23, 160
75.26, 160
75.29, 160
75.32, 160
75.34, 160
75.37, 160
75.40, 160
75.43, 160
75.45, 160
76.85, 160
76.88, 160
76.92, 160
76.95, 160
76.99, 160
77.03, 160
77.06, 160
77.09, 160
77.12, 160
77.15, 160
77.18, 160
77.21, 160
77.25, 160
77.29, 160
77.31, 160
77.84, 160
77.87, 160
77.90, 160
77.92, 160
77.95, 160
77.98, 160
78.00, 160
78.04, 160
78.07, 160
78.10, 160
78.26, 160
78.29, 160
78.32, 160
78.35, 160
89.00, 160
89.04, 160
89.07, 160
89.09, 160
89.12, 160
89.16, 160
89.19, 160
89.25, 160
89.28, 160
89.31, 160
89.33, 160
90.20, 160
90.23, 160
90.26, 160
90.29, 160
90.51, 160
90.60, 160
90.62, 160
90.66, 160
90.69, 160
90.72, 160
90.76, 160
90.79, 160
90.81, 160
90.84, 160
92.57, 160
92.60, 160
92.63, 160
92.66, 160
92.69, 160
92.72, 160
92.75, 160
92.78, 160
92.81, 160
92.84, 160
92.87, 160
92.90, 160
92.93, 160
92.99, 160
93.02, 160
99.94, 160
99.97, 160
100.00, 160
100.03, 160
100.06, 160
100.09, 160
101.30, 160
101.33, 160
101.47, 160
101.50, 160
101.53, 160
101.57, 160
101.61, 160
101.64, 160
101.67, 160
101.70, 160
101.73, 160
101.76, 160
101.80, 160
101.82, 160
101.85, 160
101.88, 160
101.91, 160
101.94, 160
101.98, 160
102.00, 160
102.03, 160
102.06, 160
102.10, 160
102.13, 160
102.15, 160
102.18, 160
102.22, 160
102.25, 160
102.28, 160
102.31, 160
116.89, 160
116.93, 160
116.95, 160
116.99, 160
117.02, 160
117.26, 160
117.28, 160
117.31, 160
117.33, 160
117.36, 160
117.39, 160
117.42, 160
117.46, 160
117.49, 160
117.51, 160
117.55, 160
117.58, 160
117.62, 160
117.65, 160
117.68, 160
117.71, 160
117.73, 160
117.76, 160
117.79, 160
117.82, 160
117.85, 160
117.89, 160
117.92, 160
117.95, 160
117.98, 160
118.01, 160
118.05, 160
118.07, 160
118.11, 160
120.61, 160
120.64, 160
123.22, 160
123.25, 160
123.28, 160
123.31, 160
123.34, 160
123.37, 160
123.41, 160
123.43, 160
123.46, 160
123.49, 160
123.53, 160
123.56, 160
123.58, 160
123.61, 160
123.63, 160
123.67, 160
123.70, 160
123.73, 160
123.77, 160
123.81, 160
123.84, 160
123.87, 160
123.90, 160
123.93, 160
123.96, 160
124.00, 160
124.03, 160
126.43, 160
128.17, 160
128.20, 160
128.23, 160
128.26, 160
128.28, 160
128.31, 160
128.34, 160
128.53, 160
128.56, 160
128.59, 160
128.62, 160
128.65, 160
128.68, 160
128.71, 160
128.99, 160
129.03, 160
129.05, 160
129.09, 160
129.13, 160
129.16, 160
129.20, 160
129.23, 160
129.26, 160
129.30, 160
129.32, 160
129.35, 160
129.38, 160
129.41, 160
129.45, 160
129.47, 160
129.51, 160
129.54, 160
129.57, 160
129.60, 160
129.63, 160
129.66, 160
129.69, 160
129.72, 160
130.41, 160
130.44, 160
130.47, 160
130.51, 160
130.55, 160
130.58, 160
130.62, 160
130.65, 160
130.67, 160
130.70, 160
130.74, 160
130.76, 160
130.81, 160
133.69, 160
149.33, 160
149.37, 160
149.95, 160
149.99, 160
150.16, 160
150.19, 160
150.22, 160
150.26, 160
150.29, 160
150.33, 160
150.36, 160
150.38, 160
150.41, 160
150.43, 160
150.47, 160
150.50, 160
152.05, 160
152.08, 160
152.11, 160
152.14, 160
152.17, 160
152.20, 160
152.23, 160
152.27, 160
152.30, 160
152.32, 160
152.35, 160
170.30, 160
170.33, 160
170.69, 160
170.72, 160
170.75, 160
170.78, 160
170.81, 160
170.84, 160
170.95, 160
170.99, 160
171.02, 160
171.05, 160
171.08, 160
171.11, 160
171.15, 160
171.18, 160
171.21, 160
171.24, 160
172.82, 160
172.85, 160
172.87, 160
172.90, 160
173.02, 160
173.05, 160
173.09, 160
173.11, 160
173.17, 160
173.20, 160
173.23, 160
173.27, 160
173.29, 160
173.33, 160
173.36, 160
173.38, 160
173.41, 160
173.44, 160
173.47, 160
173.49, 160
173.53, 160
173.56, 160
173.59, 160
173.62, 160
173.64, 160
173.68, 160
173.71, 160
173.75, 160
173.78, 160
173.81, 160
173.85, 160
173.88, 160
173.92, 160
174.46, 160
174.49, 160
174.52, 160
174.55, 160
174.57, 160
174.59, 160
174.62, 160
174.69, 160
174.71, 160
174.74, 160
174.77, 160
174.80, 160
174.83, 160
176.66, 160
176.69, 160
176.73, 160
176.77, 160
176.80, 160
176.85, 160
176.88, 160
176.91, 160
176.95, 160
176.99, 160
177.01, 160
177.05, 160
177.19, 160
177.22, 160
177.25, 160
177.29, 160
177.32, 160
177.36, 160
177.39, 160
177.43, 160
177.82, 160
178.79, 160
178.82, 160
178.85, 160
178.88, 160
178.91, 160
178.94, 160
178.97, 160
179.00, 160
179.04, 160
179.06, 160
179.09, 160
179.12, 160
179.19, 160
179.21, 160
179.24, 160
179.37, 160
179.40, 160
179.46, 160
179.49, 160
179.52, 160
179.55, 160
179.58, 160
179.61, 160
179.65, 160
179.68, 160
179.71, 160
179.74, 160
179.78, 160
179.80, 160
179.84, 160
179.86, 160
