0.27, 165
0.31, 164
0.33, 164
0.36, 164
0.39, 164
0.43, 164
0.46, 164
0.49, 164
0.54, 164
0.58, 163
0.61, 162
1.15, 162
1.19, 162
1.25, 162
1.28, 162
1.31, 162
1.34, 162
1.37, 162
1.41, 162
1.44, 162
1.47, 162
1.50, 162
1.53, 162
1.56, 162
1.59, 162
1.63, 162
1.66, 162
1.69, 161
1.72, 161
1.75, 161
1.78, 161
2.95, 161
2.98, 161
3.01, 161
3.05, 161
3.66, 161
3.69, 161
4.56, 161
4.59, 161
4.63, 161
4.78, 161
4.82, 161
4.86, 161
4.89, 161
4.92, 161
4.96, 161
4.98, 161
5.02, 161
5.06, 161
5.09, 161
5.13, 161
5.16, 161
5.18, 161
5.22, 161
5.25, 161
5.28, 161
5.32, 161
5.35, 161
5.80, 161
5.83, 161
7.25, 160
7.29, 160
7.33, 160
7.37, 160
7.65, 160
7.68, 160
7.71, 160
7.73, 160
7.77, 160
7.80, 160
12.20, 160
12.24, 160
12.27, 160
12.31, 160
12.35, 160
12.38, 160
12.42, 160
12.45, 160
12.48, 160
12.51, 160
12.54, 160
12.58, 160
12.62, 160
14.77, 160
14.80, 160
14.89, 160
14.93, 160
14.96, 160
15.00, 160
17.38, 160
17.41, 160
17.45, 160
17.48, 160
17.51, 160
17.55, 160
17.58, 160
17.62, 160
17.65, 160
17.69, 160
17.73, 160
17.77, 160
17.84, 160
17.87, 160
18.24, 160
18.28, 160
18.30, 160
18.34, 160
18.45, 160
18.49, 160
18.53, 160
22.63, 160
22.67, 160
22.71, 160
24.07, 160
24.09, 160
24.12, 160
24.15, 160
24.17, 160
24.20, 160
24.23, 160
24.27, 160
24.30, 160
24.33, 160
24.37, 160
24.40, 160
24.43, 160
24.47, 160
24.50, 160
27.07, 160
27.09, 160
27.14, 160
27.17, 160
27.21, 160
27.24, 160
27.26, 160
27.30, 160
27.33, 160
27.36, 160
27.39, 160
27.42, 160
27.45, 160
27.48, 160
27.52, 160
27.54, 160
27.58, 160
27.61, 160
27.65, 160
27.67, 160
27.70, 160
27.73, 160
27.75, 160
27.79, 160
27.82, 160
28.08, 160
34.82, 160
34.86, 160
34.89, 160
34.92, 160
34.96, 160
34.99, 160
35.02, 160
35.06, 160
35.09, 160
35.12, 160
35.16, 160
35.20, 160
35.23, 160
57.29, 160
57.32, 160
57.35, 160
57.38, 160
71.03, 160
71.06, 160
71.09, 160
71.23, 160
71.26, 160
71.31, 160
71.35, 160
71.38, 160
71.41, 160
71.44, 160
71.47, 160
71.50, 160
71.53, 160
71.56, 160
71.60, 160
71.62, 160
71.65, 160
71.68, 160
71.71, 160
71.74, 160
71.77, 160
71.80, 160
71.84, 160
71.87, 160
72.84, 160
72.87, 160
72.90, 160
72.93, 160
72.96, 160
72.99, 160
73.02, 160
73.05, 160
73.08, 160
73.11, 160
73.14, 160
73.17, 160
73.20, 160
73.23, 160
73.27, 160
77.21, 160
77.24, 160
77.28, 160
77.30, 160
77.34, 160
77.36, 160
77.39, 160
77.42, 160
77.44, 160
77.47, 160
78.84, 160
78.87, 160
78.91, 160
78.94, 160
78.98, 160
79.01, 160
79.05, 160
79.08, 160
79.11, 160
79.15, 160
79.18, 160
79.21, 160
79.25, 160
79.28, 160
79.31, 160
79.85, 160
79.88, 160
79.91, 160
79.94, 160
79.97, 160
80.01, 160
80.03, 160
80.07, 160
80.10, 160
80.14, 160
80.31, 160
80.34, 160
80.37, 160
80.41, 160
91.39, 160
91.43, 160
91.46, 160
91.49, 160
91.51, 160
91.55, 160
91.58, 160
91.65, 160
91.68, 160
91.72, 160
91.75, 160
92.67, 160
92.71, 160
92.74, 160
92.77, 160
93.04, 160
93.12, 160
93.15, 160
93.19, 160
93.22, 160
93.25, 160
93.29, 160
93.31, 160
93.34, 160
93.37, 160
95.23, 160
95.26, 160
95.30, 160
95.33, 160
95.36, 160
95.40, 160
95.43, 160
95.47, 160
95.50, 160
95.53, 160
95.56, 160
95.59, 160
95.63, 160
95.69, 160
95.72, 160
103.03, 160
103.05, 160
103.08, 160
103.11, 160
103.14, 160
103.17, 160
104.42, 160
104.46, 160
104.61, 160
104.64, 160
104.68, 160
104.71, 160
104.75, 160
104.78, 160
104.82, 160
104.85, 160
104.88, 160
104.91, 160
104.94, 160
104.97, 160
105.01, 160
105.04, 160
105.07, 160
105.10, 160
105.14, 160
105.17, 160
105.20, 160
105.23, 160
105.27, 160
105.30, 160
105.32, 160
105.35, 160
105.39, 160
105.42, 160
105.45, 160
105.48, 160
120.27, 160
120.31, 160
120.34, 160
120.38, 160
120.41, 160
120.65, 160
120.68, 160
120.71, 160
120.74, 160
120.78, 160
120.81, 160
120.85, 160
120.88, 160
120.91, 160
120.94, 160
120.97, 160
121.01, 160
121.04, 160
121.08, 160
121.11, 160
121.15, 160
121.17, 160
121.19, 160
121.22, 160
121.25, 160
121.28, 160
121.31, 160
121.35, 160
121.38, 160
121.41, 160
121.44, 160
121.48, 160
121.51, 160
121.54, 160
124.08, 160
124.11, 160
126.81, 160
126.84, 160
126.87, 160
126.90, 160
126.94, 160
126.96, 160
127.00, 160
127.03, 160
127.05, 160
127.09, 160
127.12, 160
127.15, 160
127.17, 160
127.20, 160
127.23, 160
127.25, 160
127.29, 160
127.33, 160
127.37, 160
127.40, 160
127.43, 160
127.46, 160
127.49, 160
127.53, 160
127.56, 160
127.60, 160
127.63, 160
130.14, 160
131.94, 160
131.97, 160
132.00, 160
132.03, 160
132.05, 160
132.09, 160
132.13, 160
132.32, 160
132.35, 160
132.38, 160
132.42, 160
132.46, 160
132.49, 160
132.52, 160
132.82, 160
132.86, 160
132.89, 160
132.93, 160
132.97, 160
132.99, 160
133.03, 160
133.05, 160
133.09, 160
133.13, 160
133.16, 160
133.19, 160
133.21, 160
133.25, 160
133.29, 160
133.32, 160
133.35, 160
133.38, 160
133.41, 160
133.45, 160
133.49, 160
133.53, 160
133.56, 160
133.58, 160
134.36, 160
134.39, 160
134.42, 160
134.46, 160
134.50, 160
134.53, 160
134.57, 160
134.60, 160
134.63, 160
134.66, 160
134.70, 160
134.73, 160
134.76, 160
137.76, 160
154.21, 160
154.24, 160
154.86, 160
154.89, 160
155.08, 160
155.12, 160
155.15, 160
155.18, 160
155.22, 160
155.25, 160
155.28, 160
155.30, 160
155.33, 160
155.36, 160
155.40, 160
155.43, 160
157.00, 160
157.04, 160
157.06, 160
157.10, 160
157.13, 160
157.16, 160
157.19, 160
157.22, 160
157.25, 160
157.27, 160
157.30, 160
175.84, 160
175.87, 160
176.24, 160
176.27, 160
176.30, 160
176.33, 160
176.36, 160
176.40, 160
176.51, 160
176.55, 160
176.58, 160
176.62, 160
176.65, 160
176.69, 160
176.72, 160
176.75, 160
176.78, 160
176.80, 160
178.48, 160
178.51, 160
178.55, 160
178.58, 160
178.70, 160
178.73, 160
178.76, 160
178.79, 160
178.84, 160
178.87, 160
178.90, 160
178.94, 160
178.97, 160
179.00, 160
179.03, 160
179.05, 160
179.08, 160
179.12, 160
179.15, 160
179.17, 160
179.20, 160
179.24, 160
179.27, 160
179.30, 160
179.34, 160
179.37, 160
179.41, 160
179.45, 160
179.48, 160
179.51, 160
179.55, 160
179.58, 160
179.62, 160
180.21, 160
180.24, 160
180.27, 160
180.30, 160
180.32, 160
180.35, 160
180.38, 160
180.44, 160
180.48, 160
180.51, 160
180.54, 160
180.58, 160
180.61, 160
182.45, 160
182.48, 160
182.52, 160
182.55, 160
182.59, 160
182.63, 160
182.66, 160
182.69, 160
182.73, 160
182.76, 160
182.79, 160
182.83, 160
182.97, 160
183.00, 160
183.04, 160
183.07, 160
183.11, 160
183.14, 160
183.18, 160
183.21, 160
183.61, 160
184.60, 160
184.64, 160
184.67, 160
184.70, 160
184.74, 160
184.76, 160
184.79, 160
184.82, 160
184.86, 160
184.88, 160
184.91, 160
184.94, 160
185.00, 160
185.03, 160
185.06, 160
185.18, 160
185.21, 160
185.27, 160
185.30, 160
185.34, 160
185.37, 160
185.40, 160
185.43, 160
185.46, 160
185.49, 160
185.53, 160
185.56, 160
185.59, 160
185.62, 160
185.65, 160
185.68, 160
194.36, 160
194.40, 160
194.60, 160
194.63, 160
195.36, 160
195.39, 160
195.43, 160
195.46, 160
195.50, 160
195.53, 160
195.56, 160
195.58, 160
195.61, 160
195.64, 160
195.67, 160
195.71, 160
195.74, 160
195.77, 160
195.81, 160
195.85, 160
195.89, 160
195.91, 160
195.94, 160
195.97, 160
196.00, 160
196.03, 160
196.06, 160
196.08, 160
201.03, 160
201.06, 160
201.10, 160
201.13, 160
201.15, 160
201.18, 160
201.21, 160
201.33, 160
201.37, 160
201.40, 160
201.43, 160
201.47, 160
201.50, 160
201.53, 160
201.56, 160
201.60, 160
201.64, 160
201.67, 160
201.70, 160
201.73, 160
201.76, 160
201.79, 160
201.82, 160
201.85, 160
210.23, 160
210.26, 160
210.29, 160
210.42, 160
210.46, 160
210.48, 160
210.51, 160
210.54, 160
210.57, 160
210.60, 160
210.64, 160
210.66, 160
210.70, 160
210.74, 160
210.78, 160
214.06, 160
214.09, 160
214.12, 160
214.15, 160
214.17, 160
214.21, 160
214.24, 160
214.28, 160
214.31, 160
214.34, 160
214.39, 160
214.64, 160
214.68, 160
214.70, 160
214.73, 160
214.76, 160
214.78, 160
214.81, 160
214.84, 160
214.88, 160
214.91, 160
214.94, 160
214.97, 160
218.71, 160
218.75, 160
218.78, 160
233.83, 160
233.87, 160
233.90, 160
233.93, 160
233.96, 160
234.00, 160
234.03, 160
234.06, 160
234.09, 160
234.12, 160
234.15, 160
234.18, 160
234.56, 160
234.59, 160
234.63, 160
234.70, 160
234.73, 160
234.79, 160
234.83, 160
234.86, 160
234.89, 160
234.92, 160
234.95, 160
234.99, 160
235.01, 160
235.87, 160
235.91, 160
235.94, 160
235.97, 160
236.01, 160
236.05, 160
236.08, 160
236.11, 160
236.14, 160
236.51, 160
236.54, 160
236.58, 160
236.61, 160
236.64, 160
236.67, 160
236.71, 160
237.12, 160
237.16, 160
237.18, 160
237.22, 160
238.48, 160
238.51, 160
240.01, 160
240.04, 160
240.07, 160
240.11, 160
240.15, 160
240.19, 160
240.22, 160
240.25, 160
240.28, 160
242.66, 160
242.69, 160
242.72, 160
242.75, 160
242.79, 160
242.83, 160
242.86, 160
242.91, 160
242.94, 160
242.97, 160
243.00, 160
243.02, 160
243.12, 160
243.51, 160
243.55, 160
243.58, 160
245.71, 160
245.75, 160
245.78, 160
245.81, 160
245.93, 160
245.96, 160
245.99, 160
246.01, 160
246.05, 160
246.08, 160
246.12, 160
246.15, 160
246.19, 160
246.22, 160
246.25, 160
246.28, 160
246.30, 160
246.33, 160
252.56, 160
252.60, 160
252.63, 160
252.66, 160
252.69, 160
252.71, 160
252.75, 160
252.78, 160
252.81, 160
252.84, 160
252.87, 160
252.90, 160
252.94, 160
254.86, 160
255.03, 160
255.06, 160
255.10, 160
255.13, 160
255.17, 160
258.28, 160
258.32, 160
258.35, 160
258.38, 160
259.47, 160
259.50, 160
259.53, 160
259.57, 160
259.61, 160
259.65, 160
259.68, 160
259.72, 160
259.74, 160
259.78, 160
259.81, 160
259.85, 160
259.88, 160
259.92, 160
259.97, 160
260.00, 160
260.08, 160
267.62, 160
267.64, 160
267.68, 160
267.71, 160
267.75, 160
267.79, 160
267.82, 160
267.84, 160
267.87, 160
270.48, 160
270.51, 160
270.55, 160
270.58, 160
270.61, 160
270.64, 160
270.67, 160
270.70, 160
270.73, 160
270.77, 160
270.80, 160
270.83, 160
270.86, 160
270.89, 160
271.24, 160
271.27, 160
271.30, 160
271.33, 160
271.36, 160
271.40, 160
271.43, 160
271.46, 160
271.50, 160
271.52, 160
271.56, 160
272.46, 160
272.49, 160
272.52, 160
272.55, 160
272.58, 160
272.63, 160
272.66, 160
272.69, 160
272.72, 160
272.75, 160
272.78, 160
272.91, 160
273.03, 160
273.07, 160
273.09, 160
273.13, 160
273.15, 160
273.18, 160
273.27, 160
273.30, 160
273.32, 160
273.35, 160
273.39, 160
275.85, 160
275.88, 160
275.91, 160
275.96, 160
275.99, 160
276.02, 160
276.05, 160
276.08, 160
276.11, 160
276.13, 160
276.17, 160
276.20, 160
276.23, 160
276.27, 160
276.31, 160
276.34, 160
276.38, 160
276.41, 160
276.44, 160
276.47, 160
276.50, 160
276.53, 160
276.56, 160
276.59, 160
276.62, 160
276.66, 160
276.78, 160
276.82, 160
276.91, 160
276.94, 160
276.98, 160
277.41, 160
277.44, 160
277.47, 160
277.50, 160
277.53, 160
277.56, 160
277.59, 160
280.64, 160
281.39, 160
281.86, 160
281.89, 160
281.92, 160
283.63, 160
283.67, 160
283.70, 160
283.73, 160
283.76, 160
284.38, 160
284.41, 160
284.45, 160
284.48, 160
284.52, 160
284.55, 160
287.36, 160
287.38, 160
287.41, 160
287.47, 160
287.50, 160
287.53, 160
287.56, 160
287.60, 160
287.63, 160
287.66, 160
287.70, 160
287.76, 160
287.79, 160
287.82, 160
287.86, 160
287.88, 160
287.91, 160
287.95, 160
287.99, 160
288.02, 160
288.06, 160
288.08, 160
288.11, 160
298.11, 160
298.14, 160
298.17, 160
298.20, 160
298.23, 160
299.97, 160
