0.28, 165
0.31, 164
0.34, 164
0.37, 164
0.40, 164
0.43, 164
0.47, 164
0.49, 164
0.55, 164
0.58, 163
0.61, 162
1.12, 162
1.16, 162
1.22, 162
1.25, 162
1.28, 162
1.31, 162
1.34, 162
1.37, 162
1.40, 162
1.43, 162
1.45, 162
1.49, 162
1.52, 162
1.55, 162
1.58, 162
1.62, 162
1.65, 161
1.68, 161
1.71, 161
1.74, 161
2.91, 161
2.94, 161
2.97, 161
3.00, 161
3.63, 161
3.66, 161
4.46, 161
4.49, 161
4.52, 161
4.67, 161
4.70, 161
4.73, 161
4.76, 161
4.79, 161
4.82, 161
4.85, 161
4.88, 161
4.91, 161
4.94, 161
4.98, 161
5.00, 161
5.03, 161
5.07, 161
5.10, 161
5.13, 161
5.17, 161
5.20, 161
5.68, 161
5.71, 161
7.07, 160
7.09, 160
7.13, 160
7.17, 160
7.45, 160
7.48, 160
7.51, 160
7.54, 160
7.57, 160
7.60, 160
11.98, 160
12.01, 160
12.05, 160
12.10, 160
12.13, 160
12.16, 160
12.19, 160
12.22, 160
12.26, 160
12.29, 160
12.32, 160
12.35, 160
12.39, 160
14.49, 160
14.52, 160
14.61, 160
14.64, 160
14.68, 160
14.71, 160
16.95, 160
16.98, 160
17.02, 160
17.05, 160
17.08, 160
17.11, 160
17.14, 160
17.17, 160
17.20, 160
17.23, 160
17.27, 160
17.30, 160
17.36, 160
17.39, 160
17.72, 160
17.75, 160
17.78, 160
17.81, 160
17.92, 160
17.95, 160
17.98, 160
22.09, 160
22.12, 160
22.16, 160
23.53, 160
23.56, 160
23.59, 160
23.61, 160
23.64, 160
23.67, 160
23.71, 160
23.75, 160
23.78, 160
23.81, 160
23.85, 160
23.87, 160
23.91, 160
23.94, 160
23.97, 160
26.66, 160
26.69, 160
26.73, 160
26.77, 160
26.81, 160
26.83, 160
26.86, 160
26.89, 160
26.93, 160
26.96, 160
26.98, 160
27.01, 160
27.05, 160
27.08, 160
27.12, 160
27.15, 160
27.18, 160
27.21, 160
27.24, 160
27.27, 160
27.30, 160
27.33, 160
27.36, 160
27.39, 160
27.42, 160
27.68, 160
34.46, 160
34.49, 160
34.52, 160
34.56, 160
34.59, 160
34.62, 160
34.65, 160
34.69, 160
34.72, 160
34.76, 160
34.79, 160
34.83, 160
34.86, 160
56.89, 160
56.91, 160
56.94, 160
56.98, 160
70.95, 160
70.98, 160
71.02, 160
71.16, 160
71.19, 160
71.23, 160
71.26, 160
71.29, 160
71.32, 160
71.35, 160
71.39, 160
71.42, 160
71.45, 160
71.49, 160
71.52, 160
71.55, 160
71.58, 160
71.61, 160
71.64, 160
71.68, 160
71.70, 160
71.74, 160
71.77, 160
71.80, 160
72.78, 160
72.81, 160
72.84, 160
72.87, 160
72.90, 160
72.93, 160
72.97, 160
73.00, 160
73.03, 160
73.06, 160
73.10, 160
73.12, 160
73.16, 160
73.19, 160
73.22, 160
77.07, 160
77.10, 160
77.13, 160
77.16, 160
77.19, 160
77.22, 160
77.25, 160
77.28, 160
77.31, 160
77.34, 160
78.76, 160
78.79, 160
78.83, 160
78.85, 160
78.89, 160
78.92, 160
78.95, 160
78.99, 160
79.02, 160
79.05, 160
79.09, 160
79.11, 160
79.14, 160
79.17, 160
79.20, 160
79.75, 160
79.78, 160
79.82, 160
79.85, 160
79.88, 160
79.91, 160
79.94, 160
79.97, 160
80.01, 160
80.04, 160
80.22, 160
80.25, 160
80.28, 160
80.31, 160
91.32, 160
91.36, 160
91.39, 160
91.41, 160
91.44, 160
91.48, 160
91.51, 160
91.58, 160
91.62, 160
91.65, 160
91.69, 160
92.64, 160
92.67, 160
92.71, 160
92.74, 160
93.00, 160
93.09, 160
93.11, 160
93.15, 160
93.18, 160
93.21, 160
93.25, 160
93.28, 160
93.30, 160
93.33, 160
95.20, 160
95.23, 160
95.26, 160
95.29, 160
95.33, 160
95.37, 160
95.40, 160
95.43, 160
95.46, 160
95.49, 160
95.53, 160
95.55, 160
95.59, 160
95.65, 160
95.69, 160
102.91, 160
102.94, 160
102.97, 160
103.00, 160
103.03, 160
103.06, 160
104.24, 160
104.27, 160
104.41, 160
104.45, 160
104.48, 160
104.52, 160
104.55, 160
104.59, 160
104.62, 160
104.65, 160
104.68, 160
104.72, 160
104.75, 160
104.77, 160
104.80, 160
104.83, 160
104.86, 160
104.89, 160
104.92, 160
104.95, 160
104.99, 160
105.02, 160
105.05, 160
105.08, 160
105.10, 160
105.13, 160
105.16, 160
105.19, 160
105.23, 160
105.26, 160
119.71, 160
119.75, 160
119.78, 160
119.82, 160
119.85, 160
120.08, 160
120.11, 160
120.14, 160
120.16, 160
120.19, 160
120.22, 160
120.25, 160
120.28, 160
120.32, 160
120.35, 160
120.38, 160
120.42, 160
120.45, 160
120.49, 160
120.52, 160
120.55, 160
120.57, 160
120.60, 160
120.63, 160
120.66, 160
120.69, 160
120.72, 160
120.76, 160
120.78, 160
120.81, 160
120.84, 160
120.88, 160
120.91, 160
120.95, 160
123.51, 160
123.54, 160
126.28, 160
126.31, 160
126.35, 160
126.38, 160
126.41, 160
126.44, 160
126.48, 160
126.51, 160
126.54, 160
126.58, 160
126.61, 160
126.64, 160
126.67, 160
126.70, 160
126.72, 160
126.75, 160
126.79, 160
126.82, 160
126.85, 160
126.89, 160
126.92, 160
126.95, 160
126.99, 160
127.02, 160
127.05, 160
127.10, 160
127.13, 160
129.62, 160
131.44, 160
131.47, 160
131.50, 160
131.52, 160
131.55, 160
131.58, 160
131.60, 160
131.77, 160
131.79, 160
131.82, 160
131.85, 160
131.88, 160
131.91, 160
131.94, 160
132.19, 160
132.22, 160
132.25, 160
132.28, 160
132.31, 160
132.33, 160
132.36, 160
132.39, 160
132.42, 160
132.45, 160
132.48, 160
132.51, 160
132.53, 160
132.56, 160
132.59, 160
132.62, 160
132.65, 160
132.67, 160
132.70, 160
132.73, 160
132.76, 160
132.79, 160
132.82, 160
132.84, 160
133.48, 160
133.51, 160
133.54, 160
133.57, 160
133.60, 160
133.63, 160
133.66, 160
133.68, 160
133.71, 160
133.73, 160
133.76, 160
133.79, 160
133.83, 160
136.40, 160
