0.26, 165
0.28, 164
0.31, 164
0.34, 164
0.37, 164
0.41, 164
0.45, 164
0.48, 164
0.54, 164
0.57, 163
0.60, 162
1.14, 162
1.17, 162
1.24, 162
1.28, 162
1.31, 162
1.34, 162
1.38, 162
1.41, 162
1.44, 162
1.47, 162
1.50, 162
1.53, 162
1.57, 162
1.60, 162
1.64, 162
1.67, 162
1.71, 161
1.75, 161
1.78, 161
1.81, 161
2.98, 161
3.02, 161
3.05, 161
3.08, 161
3.68, 161
3.71, 161
4.56, 161
4.59, 161
4.62, 161
4.77, 161
4.80, 161
4.83, 161
4.86, 161
4.90, 161
4.94, 161
4.97, 161
5.00, 161
5.04, 161
5.07, 161
5.11, 161
5.13, 161
5.16, 161
5.20, 161
5.24, 161
5.28, 161
5.31, 161
5.35, 161
5.80, 161
5.83, 161
7.24, 160
7.27, 160
7.31, 160
7.35, 160
7.63, 160
7.66, 160
7.69, 160
7.72, 160
7.75, 160
7.79, 160
12.10, 160
12.14, 160
12.17, 160
12.21, 160
12.24, 160
12.27, 160
12.30, 160
12.33, 160
12.37, 160
12.40, 160
12.43, 160
12.46, 160
12.49, 160
14.71, 160
14.74, 160
14.84, 160
14.87, 160
14.90, 160
14.94, 160
17.31, 160
17.34, 160
17.38, 160
17.42, 160
17.45, 160
17.48, 160
17.52, 160
17.55, 160
17.58, 160
17.62, 160
17.66, 160
17.69, 160
17.75, 160
17.79, 160
18.15, 160
18.19, 160
18.22, 160
18.26, 160
18.38, 160
18.42, 160
18.45, 160
22.53, 160
22.56, 160
22.60, 160
23.98, 160
24.01, 160
24.03, 160
24.07, 160
24.09, 160
24.12, 160
24.16, 160
24.19, 160
24.23, 160
24.26, 160
24.29, 160
24.32, 160
24.35, 160
24.38, 160
24.41, 160
27.05, 160
27.08, 160
27.12, 160
27.16, 160
27.19, 160
27.22, 160
27.25, 160
27.28, 160
27.31, 160
27.34, 160
27.37, 160
27.40, 160
27.44, 160
27.47, 160
27.51, 160
27.53, 160
27.56, 160
27.59, 160
27.62, 160
27.65, 160
27.68, 160
27.70, 160
27.73, 160
27.77, 160
27.79, 160
28.05, 160
34.81, 160
34.85, 160
34.88, 160
34.92, 160
34.95, 160
34.98, 160
35.01, 160
35.05, 160
35.08, 160
35.12, 160
35.15, 160
35.19, 160
35.22, 160
57.80, 160
57.83, 160
57.86, 160
57.89, 160
71.82, 160
71.85, 160
71.89, 160
72.05, 160
72.08, 160
72.12, 160
72.15, 160
72.18, 160
72.21, 160
72.24, 160
72.28, 160
72.31, 160
72.33, 160
72.37, 160
72.41, 160
72.43, 160
72.47, 160
72.49, 160
72.52, 160
72.56, 160
72.58, 160
72.61, 160
72.65, 160
72.68, 160
73.67, 160
73.70, 160
73.73, 160
73.76, 160
73.80, 160
73.84, 160
73.87, 160
73.90, 160
73.93, 160
73.97, 160
74.00, 160
74.03, 160
74.06, 160
74.09, 160
74.13, 160
78.05, 160
78.08, 160
78.12, 160
78.15, 160
78.18, 160
78.20, 160
78.23, 160
78.26, 160
78.29, 160
78.32, 160
79.71, 160
79.73, 160
79.77, 160
79.80, 160
79.84, 160
79.87, 160
79.90, 160
79.94, 160
79.97, 160
80.01, 160
80.04, 160
80.06, 160
80.09, 160
80.12, 160
80.15, 160
80.69, 160
80.73, 160
80.76, 160
80.79, 160
80.82, 160
80.85, 160
80.88, 160
80.91, 160
80.94, 160
80.97, 160
81.14, 160
81.18, 160
81.20, 160
81.23, 160
92.26, 160
92.29, 160
92.31, 160
92.34, 160
92.36, 160
92.40, 160
92.43, 160
92.50, 160
92.54, 160
92.57, 160
92.60, 160
93.53, 160
93.56, 160
93.59, 160
93.63, 160
93.90, 160
93.98, 160
94.01, 160
94.04, 160
94.08, 160
94.11, 160
94.16, 160
94.19, 160
94.22, 160
94.25, 160
96.19, 160
96.23, 160
96.26, 160
96.30, 160
96.33, 160
96.37, 160
96.40, 160
96.43, 160
96.46, 160
96.49, 160
96.52, 160
96.55, 160
96.58, 160
96.64, 160
96.67, 160
104.03, 160
104.06, 160
104.10, 160
104.13, 160
104.16, 160
104.19, 160
105.41, 160
105.45, 160
105.60, 160
105.63, 160
105.67, 160
105.70, 160
105.74, 160
105.77, 160
105.81, 160
105.85, 160
105.88, 160
105.91, 160
105.94, 160
105.97, 160
106.00, 160
106.04, 160
106.09, 160
106.12, 160
106.16, 160
106.21, 160
106.25, 160
106.29, 160
106.32, 160
106.35, 160
106.38, 160
106.40, 160
106.44, 160
106.47, 160
106.50, 160
106.53, 160
121.71, 160
121.74, 160
121.77, 160
121.81, 160
121.84, 160
122.08, 160
122.11, 160
122.14, 160
122.17, 160
122.21, 160
122.24, 160
122.27, 160
122.31, 160
122.34, 160
122.37, 160
122.41, 160
122.45, 160
122.49, 160
122.52, 160
122.55, 160
122.58, 160
122.61, 160
122.63, 160
122.66, 160
122.69, 160
122.73, 160
122.76, 160
122.80, 160
122.83, 160
122.86, 160
122.89, 160
122.92, 160
122.95, 160
122.99, 160
125.67, 160
125.70, 160
128.51, 160
128.54, 160
128.58, 160
128.61, 160
128.64, 160
128.67, 160
128.70, 160
128.73, 160
128.76, 160
128.79, 160
128.83, 160
128.86, 160
128.89, 160
128.92, 160
128.95, 160
128.98, 160
129.02, 160
129.05, 160
129.08, 160
129.11, 160
129.14, 160
129.18, 160
129.21, 160
129.25, 160
129.29, 160
129.33, 160
129.36, 160
131.83, 160
133.58, 160
133.61, 160
133.64, 160
133.67, 160
133.69, 160
133.72, 160
133.75, 160
133.93, 160
133.96, 160
133.99, 160
134.03, 160
134.07, 160
134.09, 160
134.12, 160
134.44, 160
134.47, 160
134.50, 160
134.53, 160
134.57, 160
134.59, 160
134.63, 160
134.65, 160
134.69, 160
134.73, 160
134.76, 160
134.80, 160
134.83, 160
134.86, 160
134.89, 160
134.92, 160
134.95, 160
134.98, 160
135.01, 160
135.04, 160
135.08, 160
135.12, 160
135.15, 160
135.18, 160
135.91, 160
135.94, 160
135.97, 160
136.01, 160
136.05, 160
136.08, 160
136.11, 160
136.13, 160
136.17, 160
136.21, 160
136.24, 160
136.27, 160
136.31, 160
139.16, 160
155.39, 160
155.43, 160
156.07, 160
156.10, 160
156.30, 160
156.33, 160
156.37, 160
156.40, 160
156.44, 160
156.48, 160
156.51, 160
156.54, 160
156.57, 160
156.60, 160
156.64, 160
156.68, 160
158.28, 160
158.31, 160
158.34, 160
158.38, 160
158.41, 160
158.44, 160
158.48, 160
158.51, 160
158.55, 160
158.57, 160
158.61, 160
177.50, 160
177.53, 160
177.93, 160
177.97, 160
178.00, 160
178.03, 160
178.06, 160
178.09, 160
178.22, 160
178.26, 160
178.29, 160
178.32, 160
178.35, 160
178.39, 160
178.42, 160
178.45, 160
178.47, 160
178.51, 160
180.25, 160
180.29, 160
180.32, 160
180.35, 160
180.49, 160
180.52, 160
180.56, 160
180.58, 160
180.65, 160
180.68, 160
180.71, 160
180.75, 160
180.78, 160
180.82, 160
180.86, 160
180.88, 160
180.92, 160
180.95, 160
180.99, 160
181.02, 160
181.05, 160
181.09, 160
181.13, 160
181.16, 160
181.19, 160
181.23, 160
181.26, 160
181.31, 160
181.35, 160
181.39, 160
181.43, 160
181.46, 160
181.49, 160
182.13, 160
182.16, 160
182.19, 160
182.22, 160
182.25, 160
182.28, 160
182.31, 160
182.37, 160
182.41, 160
182.45, 160
182.48, 160
182.52, 160
182.55, 160
184.42, 160
184.45, 160
184.49, 160
184.53, 160
184.57, 160
184.61, 160
184.64, 160
184.67, 160
184.70, 160
184.74, 160
184.77, 160
184.80, 160
184.95, 160
184.98, 160
185.02, 160
185.05, 160
185.08, 160
185.12, 160
185.16, 160
185.20, 160
185.63, 160
186.63, 160
186.66, 160
186.69, 160
186.72, 160
186.76, 160
186.79, 160
186.82, 160
186.86, 160
186.90, 160
186.92, 160
186.95, 160
186.98, 160
187.04, 160
187.08, 160
187.11, 160
187.26, 160
187.28, 160
187.34, 160
187.37, 160
187.41, 160
187.44, 160
187.48, 160
187.51, 160
187.55, 160
187.59, 160
187.63, 160
187.66, 160
187.69, 160
187.71, 160
187.75, 160
187.77, 160
196.60, 160
196.63, 160
196.86, 160
196.88, 160
197.65, 160
197.69, 160
197.73, 160
197.77, 160
197.80, 160
197.83, 160
197.85, 160
197.88, 160
197.90, 160
197.93, 160
197.97, 160
198.00, 160
198.04, 160
198.07, 160
198.10, 160
198.15, 160
198.18, 160
198.20, 160
198.23, 160
198.26, 160
198.30, 160
198.32, 160
198.35, 160
198.38, 160
203.37, 160
203.42, 160
203.45, 160
203.48, 160
203.51, 160
203.54, 160
203.57, 160
203.69, 160
203.72, 160
203.76, 160
203.80, 160
203.84, 160
203.87, 160
203.90, 160
203.93, 160
203.96, 160
203.99, 160
204.03, 160
204.07, 160
204.10, 160
204.13, 160
204.17, 160
204.20, 160
204.23, 160
212.61, 160
212.64, 160
212.68, 160
212.81, 160
212.84, 160
212.87, 160
212.90, 160
212.93, 160
212.96, 160
213.00, 160
213.03, 160
213.06, 160
213.09, 160
213.13, 160
213.17, 160
216.56, 160
216.59, 160
216.62, 160
216.65, 160
216.69, 160
216.72, 160
216.75, 160
216.78, 160
216.82, 160
216.84, 160
216.88, 160
217.12, 160
217.15, 160
217.18, 160
217.20, 160
217.23, 160
217.25, 160
217.28, 160
217.31, 160
217.34, 160
217.37, 160
217.41, 160
217.43, 160
220.96, 160
221.00, 160
221.03, 160
235.69, 160
235.73, 160
235.76, 160
235.81, 160
235.83, 160
235.86, 160
235.91, 160
235.95, 160
235.98, 160
236.01, 160
236.05, 160
236.08, 160
236.54, 160
236.57, 160
236.62, 160
236.67, 160
236.71, 160
236.77, 160
236.81, 160
236.84, 160
236.87, 160
236.91, 160
236.94, 160
236.96, 160
236.99, 160
237.80, 160
237.83, 160
237.87, 160
237.90, 160
237.94, 160
237.98, 160
238.01, 160
238.04, 160
238.07, 160
238.45, 160
238.48, 160
238.52, 160
238.56, 160
238.59, 160
238.62, 160
238.65, 160
239.08, 160
239.12, 160
239.15, 160
239.18, 160
240.40, 160
240.44, 160
241.92, 160
241.95, 160
241.99, 160
242.02, 160
242.06, 160
242.09, 160
242.13, 160
242.16, 160
242.18, 160
244.49, 160
244.52, 160
244.54, 160
244.58, 160
244.61, 160
244.64, 160
244.67, 160
244.72, 160
244.75, 160
244.79, 160
244.82, 160
244.84, 160
244.95, 160
245.36, 160
245.40, 160
245.43, 160
247.64, 160
247.67, 160
247.70, 160
247.73, 160
247.88, 160
247.91, 160
247.94, 160
247.97, 160
248.00, 160
248.03, 160
248.06, 160
248.09, 160
248.13, 160
248.16, 160
248.19, 160
248.22, 160
248.25, 160
248.28, 160
254.60, 160
254.63, 160
254.67, 160
254.70, 160
254.74, 160
254.76, 160
254.79, 160
254.82, 160
254.85, 160
254.88, 160
254.91, 160
254.95, 160
254.97, 160
256.83, 160
256.98, 160
257.02, 160
257.05, 160
257.08, 160
257.11, 160
260.05, 160
260.08, 160
260.11, 160
260.14, 160
261.18, 160
261.20, 160
261.24, 160
261.27, 160
261.31, 160
261.35, 160
261.37, 160
261.41, 160
261.43, 160
261.46, 160
261.49, 160
261.52, 160
261.56, 160
261.59, 160
261.64, 160
261.67, 160
261.73, 160
269.06, 160
269.09, 160
269.12, 160
269.15, 160
269.19, 160
269.24, 160
269.27, 160
269.29, 160
269.32, 160
271.96, 160
272.00, 160
272.03, 160
272.06, 160
272.10, 160
272.12, 160
272.15, 160
272.18, 160
272.21, 160
272.25, 160
272.27, 160
272.31, 160
272.34, 160
272.36, 160
272.72, 160
272.76, 160
272.79, 160
272.83, 160
272.86, 160
272.89, 160
272.92, 160
272.95, 160
272.98, 160
273.01, 160
273.05, 160
273.92, 160
273.96, 160
273.99, 160
274.01, 160
274.05, 160
274.09, 160
274.12, 160
274.15, 160
274.17, 160
274.20, 160
274.23, 160
274.36, 160
274.48, 160
274.52, 160
274.55, 160
274.58, 160
274.61, 160
274.64, 160
274.73, 160
274.75, 160
274.78, 160
274.81, 160
274.84, 160
277.31, 160
277.35, 160
277.38, 160
277.42, 160
277.45, 160
277.48, 160
277.51, 160
277.53, 160
277.56, 160
277.59, 160
277.63, 160
277.66, 160
277.69, 160
277.73, 160
277.77, 160
277.80, 160
277.84, 160
277.87, 160
277.90, 160
277.93, 160
277.97, 160
278.01, 160
278.03, 160
278.06, 160
278.09, 160
278.13, 160
278.26, 160
278.30, 160
278.38, 160
278.41, 160
278.45, 160
278.89, 160
278.93, 160
278.96, 160
278.99, 160
279.03, 160
279.06, 160
279.09, 160
282.18, 160
282.93, 160
283.38, 160
283.41, 160
283.45, 160
285.13, 160
285.16, 160
285.20, 160
285.23, 160
285.26, 160
285.82, 160
285.86, 160
285.89, 160
285.92, 160
285.95, 160
285.98, 160
288.69, 160
288.72, 160
288.76, 160
288.81, 160
288.85, 160
288.87, 160
288.90, 160
288.93, 160
288.97, 160
289.00, 160
289.03, 160
289.10, 160
289.14, 160
289.18, 160
289.21, 160
289.24, 160
289.27, 160
289.31, 160
289.34, 160
289.38, 160
289.41, 160
289.44, 160
289.48, 160
299.31, 160
299.35, 160
299.38, 160
299.41, 160
299.45, 160
