0.23, 165
0.26, 164
0.28, 164
0.31, 164
0.33, 164
0.36, 164
0.39, 164
0.41, 164
0.46, 164
0.49, 163
0.52, 162
0.99, 162
1.03, 162
1.08, 162
1.11, 162
1.13, 162
1.17, 162
1.19, 162
1.22, 162
1.25, 162
1.28, 162
1.30, 162
1.33, 162
1.36, 162
1.38, 162
1.41, 162
1.44, 162
1.47, 161
1.50, 161
1.53, 161
1.56, 161
2.57, 161
2.60, 161
2.63, 161
2.65, 161
3.18, 161
3.20, 161
3.92, 161
3.95, 161
3.97, 161
4.10, 161
4.13, 161
4.16, 161
4.18, 161
4.21, 161
4.24, 161
4.27, 161
4.30, 161
4.33, 161
4.36, 161
4.39, 161
4.41, 161
4.44, 161
4.47, 161
4.50, 161
4.52, 161
4.55, 161
4.58, 161
4.96, 161
4.99, 161
6.18, 160
6.21, 160
6.24, 160
6.28, 160
6.56, 160
6.58, 160
6.61, 160
6.63, 160
6.66, 160
6.69, 160
10.41, 160
10.45, 160
10.48, 160
10.51, 160
10.54, 160
10.57, 160
10.59, 160
10.62, 160
10.64, 160
10.67, 160
10.70, 160
10.72, 160
10.75, 160
12.55, 160
12.58, 160
12.66, 160
12.69, 160
12.72, 160
12.74, 160
14.74, 160
14.77, 160
14.80, 160
14.83, 160
14.86, 160
14.88, 160
14.91, 160
14.94, 160
14.96, 160
14.99, 160
15.03, 160
15.06, 160
15.11, 160
15.14, 160
15.44, 160
15.48, 160
15.50, 160
15.53, 160
15.63, 160
15.66, 160
15.69, 160
19.25, 160
19.28, 160
19.31, 160
20.51, 160
20.53, 160
20.55, 160
20.58, 160
20.60, 160
20.63, 160
20.66, 160
20.69, 160
20.72, 160
20.75, 160
20.77, 160
20.80, 160
20.82, 160
20.85, 160
20.88, 160
23.09, 160
23.11, 160
23.15, 160
23.18, 160
23.21, 160
23.23, 160
23.25, 160
23.28, 160
23.31, 160
23.34, 160
23.36, 160
23.39, 160
23.42, 160
23.44, 160
23.48, 160
23.50, 160
23.52, 160
23.55, 160
23.58, 160
23.61, 160
23.63, 160
23.65, 160
23.68, 160
23.71, 160
23.73, 160
23.97, 160
30.11, 160
30.13, 160
30.16, 160
30.19, 160
30.22, 160
30.25, 160
30.28, 160
30.31, 160
30.34, 160
30.37, 160
30.40, 160
30.43, 160
30.45, 160
49.46, 160
49.49, 160
49.51, 160
49.54, 160
61.23, 160
61.26, 160
61.29, 160
61.42, 160
61.45, 160
61.48, 160
61.51, 160
61.54, 160
61.57, 160
61.59, 160
61.62, 160
61.65, 160
61.67, 160
61.70, 160
61.73, 160
61.75, 160
61.78, 160
61.80, 160
61.83, 160
61.85, 160
61.88, 160
61.90, 160
61.94, 160
61.96, 160
62.81, 160
62.84, 160
62.86, 160
62.88, 160
62.91, 160
62.94, 160
62.97, 160
62.99, 160
63.02, 160
63.04, 160
63.07, 160
63.10, 160
63.13, 160
63.15, 160
63.18, 160
66.53, 160
66.56, 160
66.59, 160
66.62, 160
66.65, 160
66.67, 160
66.69, 160
66.72, 160
66.74, 160
66.76, 160
67.97, 160
67.99, 160
68.02, 160
68.05, 160
68.08, 160
68.11, 160
68.14, 160
68.16, 160
68.19, 160
68.22, 160
68.25, 160
68.27, 160
68.30, 160
68.32, 160
68.35, 160
68.79, 160
68.81, 160
68.84, 160
68.86, 160
68.89, 160
68.91, 160
68.94, 160
68.96, 160
68.99, 160
69.02, 160
69.16, 160
69.18, 160
69.21, 160
69.23, 160
78.60, 160
78.63, 160
78.65, 160
78.67, 160
78.70, 160
78.73, 160
78.76, 160
78.82, 160
78.84, 160
78.87, 160
78.89, 160
79.70, 160
79.72, 160
79.75, 160
79.78, 160
80.00, 160
80.07, 160
80.10, 160
80.13, 160
80.15, 160
80.18, 160
80.21, 160
80.24, 160
80.26, 160
80.28, 160
81.90, 160
81.93, 160
81.96, 160
81.99, 160
82.01, 160
82.05, 160
82.07, 160
82.10, 160
82.12, 160
82.15, 160
82.18, 160
82.20, 160
82.23, 160
82.28, 160
82.30, 160
88.66, 160
88.68, 160
88.71, 160
88.73, 160
88.76, 160
88.78, 160
89.81, 160
89.84, 160
89.96, 160
89.99, 160
90.02, 160
90.05, 160
90.08, 160
90.11, 160
90.15, 160
90.17, 160
90.20, 160
90.22, 160
90.25, 160
90.27, 160
90.30, 160
90.33, 160
90.36, 160
90.38, 160
90.41, 160
90.43, 160
90.46, 160
90.49, 160
90.52, 160
90.55, 160
90.57, 160
90.59, 160
90.62, 160
90.65, 160
90.68, 160
90.70, 160
103.39, 160
103.42, 160
103.44, 160
103.47, 160
103.50, 160
103.70, 160
103.73, 160
103.75, 160
103.78, 160
103.80, 160
103.83, 160
103.85, 160
103.88, 160
103.91, 160
103.93, 160
103.96, 160
104.00, 160
104.03, 160
104.06, 160
104.08, 160
104.11, 160
104.13, 160
104.15, 160
104.18, 160
104.20, 160
104.23, 160
104.26, 160
104.29, 160
104.31, 160
104.34, 160
104.37, 160
104.40, 160
104.42, 160
104.45, 160
106.66, 160
106.69, 160
108.98, 160
109.00, 160
109.03, 160
109.06, 160
109.09, 160
109.11, 160
109.14, 160
109.16, 160
109.19, 160
109.22, 160
109.25, 160
109.27, 160
109.29, 160
109.32, 160
109.34, 160
109.37, 160
109.40, 160
109.42, 160
109.45, 160
109.48, 160
109.50, 160
109.53, 160
109.56, 160
109.59, 160
109.62, 160
109.65, 160
109.68, 160
111.79, 160
113.24, 160
113.27, 160
113.29, 160
113.32, 160
113.34, 160
113.36, 160
113.39, 160
113.55, 160
113.57, 160
113.60, 160
113.63, 160
113.66, 160
113.68, 160
113.71, 160
113.98, 160
114.01, 160
114.03, 160
114.06, 160
114.09, 160
114.12, 160
114.15, 160
114.18, 160
114.21, 160
114.24, 160
114.26, 160
114.29, 160
114.31, 160
114.34, 160
114.37, 160
114.39, 160
114.42, 160
114.45, 160
114.47, 160
114.50, 160
114.53, 160
114.56, 160
114.59, 160
114.61, 160
115.22, 160
115.25, 160
115.28, 160
115.31, 160
115.35, 160
115.37, 160
115.40, 160
115.42, 160
115.45, 160
115.47, 160
115.50, 160
115.53, 160
115.56, 160
118.00, 160
131.71, 160
131.74, 160
132.26, 160
132.29, 160
132.45, 160
132.47, 160
132.50, 160
132.53, 160
132.56, 160
132.59, 160
132.62, 160
132.64, 160
132.67, 160
132.69, 160
132.72, 160
132.75, 160
134.11, 160
134.14, 160
134.16, 160
134.19, 160
134.21, 160
134.24, 160
134.27, 160
134.29, 160
134.32, 160
134.35, 160
134.37, 160
150.15, 160
150.17, 160
150.49, 160
150.52, 160
150.55, 160
150.57, 160
150.60, 160
150.62, 160
150.72, 160
150.75, 160
150.78, 160
150.81, 160
150.84, 160
150.86, 160
150.89, 160
150.91, 160
150.94, 160
150.96, 160
152.39, 160
152.42, 160
152.44, 160
152.47, 160
152.57, 160
152.60, 160
152.63, 160
152.65, 160
152.70, 160
152.73, 160
152.75, 160
152.78, 160
152.80, 160
152.83, 160
152.86, 160
152.88, 160
152.90, 160
152.93, 160
152.96, 160
152.98, 160
153.01, 160
153.04, 160
153.07, 160
153.10, 160
153.13, 160
153.15, 160
153.18, 160
153.22, 160
153.25, 160
153.27, 160
153.31, 160
153.34, 160
153.36, 160
153.86, 160
153.88, 160
153.91, 160
153.94, 160
153.96, 160
153.98, 160
154.01, 160
154.06, 160
154.09, 160
154.11, 160
154.14, 160
154.17, 160
154.20, 160
155.75, 160
155.78, 160
155.81, 160
155.84, 160
155.87, 160
155.91, 160
155.94, 160
155.97, 160
156.00, 160
156.03, 160
156.06, 160
156.09, 160
156.20, 160
156.23, 160
156.26, 160
156.29, 160
156.32, 160
156.35, 160
156.38, 160
156.41, 160
156.77, 160
157.62, 160
157.64, 160
157.67, 160
157.69, 160
157.72, 160
157.75, 160
157.78, 160
157.81, 160
157.84, 160
157.86, 160
157.88, 160
157.90, 160
157.96, 160
157.98, 160
158.01, 160
158.12, 160
158.15, 160
158.20, 160
158.22, 160
158.25, 160
158.27, 160
158.30, 160
158.33, 160
158.36, 160
158.38, 160
158.42, 160
158.45, 160
158.48, 160
158.50, 160
158.53, 160
158.55, 160
165.74, 160
165.77, 160
165.94, 160
165.96, 160
166.58, 160
166.61, 160
166.64, 160
166.67, 160
166.70, 160
166.72, 160
166.75, 160
166.76, 160
166.79, 160
166.82, 160
166.84, 160
166.87, 160
166.90, 160
166.92, 160
166.96, 160
166.99, 160
167.02, 160
167.04, 160
167.07, 160
167.10, 160
167.12, 160
167.15, 160
167.17, 160
167.20, 160
171.50, 160
171.54, 160
171.57, 160
171.60, 160
171.63, 160
171.66, 160
171.69, 160
171.80, 160
171.83, 160
171.86, 160
171.89, 160
171.93, 160
171.97, 160
172.00, 160
172.04, 160
172.07, 160
172.10, 160
172.14, 160
172.17, 160
172.21, 160
172.24, 160
172.27, 160
172.30, 160
172.33, 160
179.72, 160
179.75, 160
179.78, 160
179.89, 160
179.91, 160
179.94, 160
179.97, 160
180.00, 160
180.03, 160
180.05, 160
180.08, 160
180.11, 160
180.14, 160
180.17, 160
180.20, 160
183.01, 160
183.04, 160
183.06, 160
183.08, 160
183.11, 160
183.14, 160
183.16, 160
183.19, 160
183.22, 160
183.24, 160
183.27, 160
183.48, 160
183.51, 160
183.53, 160
183.55, 160
183.57, 160
183.60, 160
183.62, 160
183.64, 160
183.67, 160
183.70, 160
183.72, 160
183.75, 160
186.89, 160
186.92, 160
186.95, 160
199.65, 160
199.68, 160
199.71, 160
199.74, 160
199.76, 160
199.79, 160
199.83, 160
199.87, 160
199.91, 160
199.95, 160
199.98, 160
200.01, 160
200.45, 160
200.47, 160
200.51, 160
200.57, 160
200.60, 160
200.66, 160
200.70, 160
200.72, 160
200.76, 160
200.79, 160
200.82, 160
200.85, 160
200.88, 160
201.73, 160
201.77, 160
201.80, 160
201.84, 160
201.87, 160
201.90, 160
201.94, 160
201.96, 160
201.99, 160
202.36, 160
202.39, 160
202.43, 160
202.46, 160
202.49, 160
202.52, 160
202.55, 160
202.96, 160
202.99, 160
203.02, 160
203.05, 160
204.20, 160
204.24, 160
205.56, 160
205.59, 160
205.62, 160
205.65, 160
205.69, 160
205.72, 160
205.76, 160
205.79, 160
205.82, 160
208.03, 160
208.06, 160
208.09, 160
208.11, 160
208.14, 160
208.17, 160
208.20, 160
208.23, 160
208.26, 160
208.29, 160
208.31, 160
208.34, 160
208.43, 160
208.79, 160
208.82, 160
208.85, 160
210.96, 160
211.00, 160
211.03, 160
211.07, 160
211.19, 160
211.23, 160
211.26, 160
211.29, 160
211.32, 160
211.35, 160
211.38, 160
211.41, 160
211.45, 160
211.48, 160
211.51, 160
211.54, 160
211.56, 160
211.59, 160
217.72, 160
217.74, 160
217.77, 160
217.81, 160
217.83, 160
217.85, 160
217.88, 160
217.91, 160
217.93, 160
217.96, 160
217.99, 160
218.03, 160
218.05, 160
219.81, 160
219.95, 160
219.99, 160
220.01, 160
220.05, 160
220.08, 160
222.79, 160
222.82, 160
222.84, 160
222.87, 160
223.77, 160
223.79, 160
223.82, 160
223.85, 160
223.88, 160
223.91, 160
223.93, 160
223.97, 160
223.99, 160
224.02, 160
224.05, 160
224.08, 160
224.11, 160
224.13, 160
224.17, 160
224.20, 160
224.26, 160
230.55, 160
230.57, 160
230.60, 160
230.63, 160
230.65, 160
230.68, 160
230.71, 160
230.74, 160
230.76, 160
232.95, 160
232.98, 160
233.01, 160
233.04, 160
233.08, 160
233.10, 160
233.12, 160
233.15, 160
233.17, 160
233.21, 160
233.23, 160
233.27, 160
233.29, 160
233.31, 160
233.61, 160
233.63, 160
233.66, 160
233.69, 160
233.71, 160
233.74, 160
233.77, 160
233.80, 160
233.83, 160
233.85, 160
233.88, 160
234.64, 160
234.67, 160
234.70, 160
234.72, 160
234.74, 160
234.78, 160
234.80, 160
234.83, 160
234.85, 160
234.88, 160
234.90, 160
235.01, 160
235.12, 160
235.15, 160
235.18, 160
235.21, 160
235.24, 160
235.26, 160
235.34, 160
235.36, 160
235.38, 160
235.41, 160
235.44, 160
237.55, 160
237.57, 160
237.60, 160
237.63, 160
237.66, 160
237.69, 160
237.72, 160
237.74, 160
237.77, 160
237.79, 160
237.82, 160
237.85, 160
237.87, 160
237.90, 160
237.93, 160
237.96, 160
237.99, 160
238.02, 160
238.05, 160
238.07, 160
238.10, 160
238.13, 160
238.16, 160
238.18, 160
238.21, 160
238.24, 160
238.35, 160
238.39, 160
238.46, 160
238.49, 160
238.52, 160
238.89, 160
238.92, 160
238.95, 160
238.97, 160
239.00, 160
239.03, 160
239.06, 160
241.65, 160
242.27, 160
242.64, 160
242.66, 160
242.69, 160
244.08, 160
244.10, 160
244.13, 160
244.16, 160
244.18, 160
244.67, 160
244.70, 160
244.72, 160
244.75, 160
244.78, 160
244.80, 160
247.07, 160
247.10, 160
247.12, 160
247.17, 160
247.20, 160
247.22, 160
247.25, 160
247.28, 160
247.31, 160
247.34, 160
247.37, 160
247.42, 160
247.45, 160
247.48, 160
247.51, 160
247.54, 160
247.56, 160
247.59, 160
247.62, 160
247.65, 160
247.68, 160
247.70, 160
247.73, 160
255.94, 160
255.97, 160
256.00, 160
256.02, 160
256.05, 160
257.53, 160
258.02, 160
258.04, 160
258.06, 160
258.09, 160
258.11, 160
258.14, 160
258.16, 160
258.19, 160
258.21, 160
258.24, 160
258.27, 160
258.30, 160
258.32, 160
258.35, 160
258.38, 160
258.41, 160
258.44, 160
259.06, 160
265.68, 160
266.26, 160
266.29, 160
266.32, 160
266.34, 160
276.33, 160
276.36, 160
276.39, 160
276.42, 160
276.45, 160
276.48, 160
276.51, 160
276.53, 160
276.55, 160
276.58, 160
276.60, 160
276.63, 160
276.66, 160
276.69, 160
276.72, 160
276.75, 160
276.78, 160
276.80, 160
276.83, 160
276.86, 160
276.89, 160
276.91, 160
276.93, 160
276.96, 160
276.98, 160
277.00, 160
277.55, 160
277.98, 160
278.01, 160
278.04, 160
278.07, 160
278.09, 160
278.12, 160
278.15, 160
278.18, 160
278.21, 160
278.23, 160
278.26, 160
278.28, 160
278.31, 160
278.34, 160
278.37, 160
278.40, 160
278.44, 160
278.47, 160
278.50, 160
278.52, 160
278.55, 160
281.63, 160
281.65, 160
281.68, 160
286.66, 160
286.91, 160
286.94, 160
286.97, 160
286.99, 160
287.02, 160
287.04, 160
287.10, 160
287.12, 160
287.15, 160
287.18, 160
287.21, 160
287.82, 160
287.85, 160
287.88, 160
287.91, 160
289.48, 160
289.51, 160
289.53, 160
289.56, 160
289.59, 160
289.62, 160
289.65, 160
289.68, 160
289.70, 160
289.72, 160
289.76, 160
289.78, 160
289.81, 160
289.84, 160
289.86, 160
289.89, 160
289.92, 160
289.94, 160
289.97, 160
290.00, 160
290.03, 160
290.05, 160
290.08, 160
290.10, 160
290.12, 160
290.32, 160
290.35, 160
290.37, 160
290.46, 160
290.48, 160
290.51, 160
290.54, 160
290.59, 160
290.67, 160
290.70, 160
290.72, 160
290.75, 160
290.77, 160
290.80, 160
291.36, 160
291.38, 160
291.42, 160
291.45, 160
291.72, 160
291.76, 160
291.79, 160
291.81, 160
291.84, 160
292.29, 160
292.31, 160
292.34, 160
292.37, 160
292.40, 160
292.43, 160
292.45, 160
292.48, 160
292.52, 160
292.54, 160
292.57, 160
292.59, 160
292.62, 160
292.64, 160
292.66, 160
292.69, 160
292.72, 160
292.75, 160
292.78, 160
292.81, 160
292.83, 160
292.87, 160
292.89, 160
292.92, 160
292.95, 160
292.98, 160
293.00, 160
293.03, 160
293.05, 160
299.98, 160
300.01, 160
300.04, 160
300.06, 160
300.09, 160
301.34, 160
301.36, 160
301.39, 160
301.43, 160
301.84, 160
302.10, 160
302.44, 160
302.46, 160
302.49, 160
302.51, 160
302.54, 160
305.20, 160
305.44, 160
305.47, 160
314.15, 160
314.17, 160
314.20, 160
314.23, 160
314.25, 160
314.28, 160
314.31, 160
314.34, 160
314.37, 160
314.40, 160
314.42, 160
314.45, 160
314.47, 160
314.50, 160
314.61, 160
314.64, 160
314.67, 160
314.70, 160
314.72, 160
314.75, 160
314.78, 160
315.40, 160
315.43, 160
315.46, 160
315.48, 160
315.51, 160
315.53, 160
315.56, 160
315.59, 160
315.61, 160
315.64, 160
315.67, 160
315.70, 160
315.72, 160
315.75, 160
318.49, 160
318.52, 160
318.54, 160
318.57, 160
318.59, 160
318.62, 160
318.65, 160
318.68, 160
318.71, 160
318.73, 160
318.76, 160
318.79, 160
318.82, 160
319.07, 160
319.90, 160
319.93, 160
320.02, 160
320.05, 160
320.82, 160
320.84, 160
320.87, 160
320.90, 160
320.92, 160
320.95, 160
320.98, 160
321.01, 160
321.11, 160
321.14, 160
321.18, 160
321.20, 160
321.23, 160
321.26, 160
321.28, 160
321.31, 160
321.34, 160
321.36, 160
321.61, 160
323.68, 160
323.72, 160
323.74, 160
323.76, 160
329.58, 160
329.61, 160
329.63, 160
329.76, 160
329.78, 160
329.81, 160
329.83, 160
329.86, 160
329.89, 160
347.73, 160
347.76, 160
347.78, 160
347.81, 160
347.83, 160
347.86, 160
356.18, 160
357.42, 160
357.45, 160
357.47, 160
379.56, 160
379.60, 160
379.63, 160
379.66, 160
379.69, 160
379.72, 160
379.75, 160
379.96, 160
379.98, 160
380.02, 160
380.05, 160
380.08, 160
380.12, 160
380.15, 160
380.18, 160
380.21, 160
380.61, 160
380.65, 160
380.68, 160
382.23, 160
382.26, 160
382.28, 160
382.71, 160
385.43, 160
385.46, 160
385.49, 160
385.52, 160
385.55, 160
385.61, 160
385.63, 160
385.66, 160
385.69, 160
385.72, 160
385.75, 160
385.77, 160
385.80, 160
385.83, 160
385.86, 160
385.89, 160
385.91, 160
385.95, 160
385.97, 160
386.00, 160
386.02, 160
386.05, 160
386.07, 160
386.10, 160
386.13, 160
386.16, 160
386.19, 160
386.22, 160
386.25, 160
386.28, 160
386.31, 160
386.33, 160
386.36, 160
386.38, 160
386.41, 160
386.44, 160
386.46, 160
386.49, 160
386.83, 160
386.86, 160
386.89, 160
386.91, 160
386.94, 160
386.96, 160
386.99, 160
387.02, 160
387.05, 160
387.09, 160
387.11, 160
387.15, 160
387.18, 160
387.21, 160
387.25, 160
387.28, 160
387.32, 160
387.36, 160
387.39, 160
387.43, 160
387.47, 160
387.51, 160
388.87, 160
388.90, 160
388.92, 160
388.94, 160
388.97, 160
388.99, 160
389.02, 160
389.06, 160
389.09, 160
389.12, 160
389.29, 160
389.32, 160
389.34, 160
389.37, 160
389.40, 160
390.77, 160
390.79, 160
390.81, 160
390.87, 160
390.90, 160
390.93, 160
390.96, 160
391.52, 160
391.55, 160
391.57, 160
391.60, 160
391.62, 160
391.65, 160
391.68, 160
391.71, 160
391.74, 160
391.77, 160
391.79, 160
391.82, 160
391.84, 160
391.87, 160
391.90, 160
391.93, 160
391.96, 160
391.99, 160
392.01, 160
392.03, 160
392.06, 160
404.85, 160
404.88, 160
404.91, 160
405.17, 160
414.35, 160
414.37, 160
414.40, 160
414.42, 160
414.44, 160
414.47, 160
414.55, 160
414.57, 160
414.60, 160
414.63, 160
416.60, 160
416.63, 160
416.66, 160
416.68, 160
416.71, 160
416.74, 160
416.77, 160
416.80, 160
416.82, 160
416.85, 160
416.88, 160
417.09, 160
417.11, 160
417.17, 160
417.19, 160
417.22, 160
417.25, 160
417.27, 160
417.30, 160
417.33, 160
417.36, 160
417.39, 160
417.46, 160
417.48, 160
417.51, 160
417.53, 160
417.56, 160
417.59, 160
417.61, 160
417.64, 160
417.67, 160
419.68, 160
419.71, 160
419.74, 160
419.76, 160
419.79, 160
420.20, 160
420.22, 160
420.25, 160
420.28, 160
420.31, 160
420.33, 160
420.36, 160
420.39, 160
420.42, 160
420.44, 160
420.47, 160
420.49, 160
420.52, 160
420.55, 160
420.57, 160
420.60, 160
420.62, 160
420.65, 160
420.68, 160
420.71, 160
421.50, 160
421.53, 160
421.55, 160
421.58, 160
421.98, 160
422.01, 160
422.03, 160
422.06, 160
422.10, 160
422.12, 160
422.16, 160
422.19, 160
422.21, 160
422.25, 160
422.27, 160
422.31, 160
422.34, 160
423.49, 160
429.86, 160
429.88, 160
429.91, 160
429.94, 160
429.97, 160
429.99, 160
430.02, 160
430.05, 160
430.07, 160
433.36, 160
433.39, 160
433.41, 160
435.76, 160
435.79, 160
435.82, 160
435.85, 160
435.88, 160
435.92, 160
435.94, 160
435.96, 160
435.99, 160
436.02, 160
436.04, 160
436.63, 160
436.66, 160
436.69, 160
436.71, 160
436.73, 160
436.76, 160
436.79, 160
438.36, 160
438.38, 160
438.40, 160
438.43, 160
438.46, 160
438.56, 160
438.59, 160
438.62, 160
438.72, 160
438.75, 160
438.78, 160
438.81, 160
438.83, 160
438.86, 160
439.26, 160
439.29, 160
439.32, 160
439.34, 160
439.37, 160
439.40, 160
439.43, 160
440.01, 160
440.04, 160
440.07, 160
440.09, 160
440.12, 160
440.15, 160
440.18, 160
440.21, 160
440.24, 160
440.27, 160
440.30, 160
440.33, 160
440.35, 160
440.37, 160
440.40, 160
440.43, 160
440.46, 160
440.48, 160
440.61, 160
440.64, 160
440.67, 160
440.69, 160
440.72, 160
440.74, 160
440.77, 160
440.79, 160
440.82, 160
440.85, 160
440.88, 160
440.90, 160
440.92, 160
440.94, 160
440.97, 160
441.25, 160
441.28, 160
441.30, 160
441.33, 160
441.35, 160
441.38, 160
441.40, 160
441.43, 160
441.46, 160
441.49, 160
441.52, 160
441.55, 160
441.58, 160
441.61, 160
441.64, 160
441.66, 160
444.34, 160
444.38, 160
444.41, 160
444.43, 160
444.46, 160
444.49, 160
444.90, 160
444.93, 160
450.31, 160
450.34, 160
454.15, 160
454.17, 160
454.20, 160
471.88, 160
471.91, 160
473.49, 160
473.51, 160
473.54, 160
473.57, 160
473.61, 160
473.64, 160
473.66, 160
473.70, 160
473.72, 160
473.75, 160
473.78, 160
473.80, 160
473.83, 160
473.86, 160
473.89, 160
473.92, 160
473.95, 160
473.98, 160
474.95, 160
474.98, 160
475.00, 160
475.03, 160
475.06, 160
475.08, 160
475.11, 160
475.13, 160
475.15, 160
475.19, 160
475.21, 160
475.25, 160
475.28, 160
475.30, 160
475.33, 160
475.36, 160
475.39, 160
475.74, 160
475.76, 160
475.79, 160
475.81, 160
476.16, 160
476.50, 160
476.53, 160
476.56, 160
476.59, 160
476.61, 160
476.64, 160
476.67, 160
476.69, 160
476.72, 160
476.76, 160
476.79, 160
476.81, 160
476.84, 160
476.87, 160
482.49, 160
482.52, 160
482.55, 160
482.58, 160
482.63, 160
482.66, 160
482.69, 160
482.71, 160
482.74, 160
482.84, 160
482.87, 160
483.26, 160
483.29, 160
483.32, 160
483.35, 160
483.38, 160
483.41, 160
483.44, 160
483.47, 160
483.49, 160
483.52, 160
483.55, 160
483.58, 160
483.61, 160
483.63, 160
483.65, 160
483.68, 160
484.54, 160
484.56, 160
484.60, 160
484.62, 160
484.66, 160
484.68, 160
484.71, 160
484.74, 160
484.76, 160
484.79, 160
484.82, 160
484.85, 160
484.88, 160
484.90, 160
484.93, 160
484.96, 160
487.30, 160
487.52, 160
487.55, 160
487.58, 160
487.61, 160
487.64, 160
487.67, 160
487.70, 160
490.40, 160
490.42, 160
490.45, 160
490.47, 160
490.50, 160
490.52, 160
490.55, 160
490.58, 160
490.61, 160
490.64, 160
490.99, 160
491.02, 160
491.04, 160
492.08, 160
492.11, 160
492.13, 160
492.16, 160
492.19, 160
492.22, 160
492.25, 160
492.27, 160
492.30, 160
493.97, 160
493.99, 160
494.17, 160
494.30, 160
494.32, 160
494.34, 160
494.37, 160
494.40, 160
494.43, 160
494.46, 160
494.48, 160
494.51, 160
494.59, 160
494.61, 160
494.64, 160
494.67, 160
494.70, 160
494.73, 160
494.76, 160
494.79, 160
494.82, 160
494.85, 160
494.88, 160
494.90, 160
494.94, 160
494.96, 160
495.00, 160
495.03, 160
495.05, 160
495.64, 160
495.67, 160
495.70, 160
495.72, 160
495.75, 160
495.78, 160
495.80, 160
495.93, 160
495.96, 160
496.50, 160
496.61, 160
496.64, 160
496.67, 160
496.81, 160
496.83, 160
496.86, 160
496.88, 160
496.90, 160
496.93, 160
496.96, 160
498.47, 160
498.50, 160
498.52, 160
498.55, 160
498.57, 160
518.30, 160
518.32, 160
518.34, 160
518.37, 160
518.39, 160
518.42, 160
518.45, 160
518.48, 160
524.61, 160
524.63, 160
524.66, 160
524.68, 160
524.71, 160
524.74, 160
525.64, 160
525.66, 160
525.69, 160
533.11, 160
533.15, 160
533.17, 160
533.20, 160
533.23, 160
533.25, 160
533.28, 160
533.31, 160
533.33, 160
533.36, 160
533.39, 160
533.42, 160
536.15, 160
536.18, 160
536.21, 160
536.23, 160
536.25, 160
536.28, 160
536.30, 160
536.33, 160
536.36, 160
536.38, 160
