0.52, 1156
0.55, 1093
0.59, 1066
0.63, 1042
0.68, 1032
0.72, 1012
0.76, 1006
0.79, 996
0.83, 989
0.86, 987
0.90, 987
0.94, 984
0.98, 981
1.02, 981
1.06, 978
1.10, 977
1.13, 973
1.17, 973
1.21, 973
1.24, 971
1.28, 967
1.32, 966
1.35, 964
1.39, 964
1.42, 962
1.45, 962
1.50, 962
1.54, 962
1.57, 961
1.60, 961
1.64, 960
1.67, 960
1.71, 959
1.74, 959
1.78, 959
1.81, 959
1.85, 959
1.88, 959
1.92, 959
1.95, 958
1.99, 958
2.02, 958
2.13, 958
2.17, 958
2.20, 958
2.24, 958
2.28, 958
2.69, 958
2.72, 958
2.76, 958
2.79, 958
2.83, 958
2.87, 958
2.91, 958
2.94, 958
2.98, 958
3.02, 958
3.06, 958
3.09, 958
3.13, 957
3.17, 957
3.39, 957
3.43, 957
3.47, 957
3.50, 957
3.54, 957
3.57, 957
3.60, 957
3.64, 957
3.68, 957
3.72, 957
3.75, 957
3.79, 957
3.82, 957
3.86, 957
3.89, 957
3.93, 957
3.97, 957
4.00, 957
4.03, 957
4.07, 957
4.10, 957
4.14, 957
4.17, 957
4.21, 957
4.25, 957
4.28, 957
4.35, 957
4.38, 957
4.42, 957
4.45, 957
4.49, 957
4.52, 957
4.81, 957
4.85, 957
4.89, 957
4.93, 957
4.97, 957
5.02, 957
5.06, 957
5.17, 957
5.21, 957
5.25, 957
5.29, 957
5.32, 957
5.37, 957
5.41, 957
5.44, 957
5.48, 957
5.51, 957
5.55, 957
5.58, 957
5.61, 957
5.65, 957
5.69, 957
5.73, 957
5.76, 957
5.83, 957
5.87, 957
5.91, 957
5.94, 957
5.98, 957
6.02, 957
6.05, 957
6.09, 957
6.12, 957
6.15, 957
6.18, 957
6.22, 957
6.26, 957
6.29, 957
6.33, 957
6.36, 957
6.43, 957
6.46, 957
6.50, 957
6.54, 957
6.57, 957
6.61, 957
6.64, 957
6.68, 957
6.72, 957
6.75, 957
6.79, 957
6.83, 957
6.86, 957
6.89, 957
6.93, 957
6.97, 957
7.01, 957
7.04, 957
7.07, 957
7.11, 957
7.14, 957
7.18, 957
7.21, 957
7.25, 957
7.29, 957
7.33, 957
7.36, 957
7.40, 957
7.43, 957
7.47, 957
7.51, 957
7.54, 957
7.57, 957
7.61, 957
7.64, 957
7.68, 957
7.72, 957
7.76, 957
7.79, 957
7.83, 957
7.86, 957
7.90, 957
7.93, 957
7.97, 957
8.01, 957
8.04, 957
8.08, 957
8.12, 957
8.16, 957
8.20, 957
8.24, 957
8.27, 957
8.31, 957
8.35, 957
8.49, 957
9.05, 957
9.08, 957
9.12, 957
9.16, 957
9.20, 957
9.23, 957
9.27, 957
9.30, 957
9.33, 957
9.37, 957
9.40, 957
9.44, 957
9.47, 957
9.50, 957
9.53, 957
9.57, 957
9.60, 957
9.63, 957
9.67, 957
9.71, 957
9.75, 957
9.78, 957
9.81, 957
9.85, 957
9.89, 957
10.03, 957
10.06, 957
10.10, 957
10.14, 957
10.17, 957
10.21, 957
10.24, 957
10.28, 957
10.32, 957
10.36, 957
10.40, 957
10.43, 957
10.46, 957
10.53, 957
10.57, 957
10.60, 957
11.32, 957
11.35, 957
11.39, 957
11.42, 957
11.46, 957
11.49, 957
11.52, 957
11.56, 957
11.59, 957
11.63, 957
11.67, 957
11.70, 957
11.73, 957
11.77, 957
12.09, 957
12.13, 957
12.16, 957
12.21, 957
12.24, 957
12.27, 957
12.31, 957
12.35, 957
12.39, 957
12.42, 957
12.46, 957
12.50, 957
12.54, 957
12.57, 957
12.61, 957
12.65, 957
12.68, 957
12.72, 957
12.93, 957
12.97, 957
13.00, 957
13.04, 957
13.07, 957
13.29, 957
13.33, 957
13.36, 957
13.40, 957
13.43, 957
13.47, 957
13.50, 957
13.54, 957
13.58, 957
13.61, 957
13.65, 957
13.68, 957
13.72, 957
13.75, 957
13.79, 957
13.83, 957
13.87, 957
13.91, 957
13.95, 957
13.99, 957
14.02, 957
14.06, 957
14.10, 957
14.13, 957
14.16, 957
14.19, 957
14.23, 957
14.27, 957
14.31, 957
14.35, 957
14.39, 957
14.43, 957
14.46, 957
14.51, 957
14.55, 957
14.58, 957
14.99, 957
15.02, 957
15.06, 957
15.09, 957
15.13, 957
15.16, 957
15.20, 957
15.23, 957
15.26, 957
15.29, 957
15.33, 957
15.40, 957
15.44, 957
15.48, 957
15.51, 957
15.55, 957
15.58, 957
15.62, 957
15.65, 957
15.69, 957
15.73, 957
15.76, 957
15.83, 957
15.87, 957
15.90, 957
15.94, 957
15.97, 957
16.01, 957
16.04, 957
16.08, 957
16.12, 957
16.15, 957
16.19, 957
16.23, 957
16.27, 957
16.30, 957
16.34, 957
16.37, 957
16.41, 957
16.45, 957
16.49, 957
16.52, 957
16.56, 957
16.59, 957
16.63, 957
16.66, 957
16.70, 957
16.76, 957
16.83, 957
16.87, 957
16.90, 957
16.94, 957
17.02, 957
17.05, 957
17.09, 957
17.13, 957
17.20, 957
17.24, 957
17.27, 957
17.31, 957
17.35, 957
17.39, 957
17.42, 957
17.45, 957
17.49, 957
17.53, 957
17.57, 957
17.60, 957
17.63, 957
17.68, 957
17.71, 957
17.74, 957
17.78, 957
17.82, 957
17.85, 957
17.88, 957
17.92, 957
17.95, 957
17.99, 957
18.02, 957
18.06, 957
18.10, 957
18.14, 957
18.18, 957
18.21, 957
18.26, 957
18.29, 957
18.33, 957
18.36, 957
18.40, 957
18.44, 957
18.47, 957
18.51, 957
18.55, 957
18.59, 957
18.63, 957
18.66, 957
18.74, 957
18.77, 957
18.81, 957
18.98, 957
19.02, 957
19.06, 957
19.09, 957
19.13, 957
19.17, 957
19.21, 957
19.24, 957
19.28, 957
19.32, 957
19.36, 957
19.40, 957
19.44, 957
19.47, 957
19.51, 957
19.54, 957
19.62, 957
19.66, 957
19.69, 957
19.73, 957
19.77, 957
19.80, 957
19.84, 957
19.91, 957
19.95, 957
19.98, 957
20.02, 957
20.05, 957
20.09, 957
20.12, 957
20.17, 957
20.21, 957
20.25, 957
20.28, 957
20.31, 957
20.35, 957
20.39, 957
20.43, 957
20.46, 957
20.50, 957
20.54, 957
20.57, 957
20.61, 957
20.64, 957
20.68, 957
20.72, 957
20.75, 957
20.79, 957
20.83, 957
20.87, 957
20.91, 957
20.94, 957
20.98, 957
21.01, 957
21.05, 957
21.09, 957
21.13, 957
21.17, 957
21.21, 957
21.25, 957
21.28, 957
21.31, 957
21.35, 957
21.39, 957
21.50, 957
21.53, 957
21.57, 957
21.61, 957
21.65, 957
21.69, 957
21.72, 957
21.76, 957
21.80, 957
21.83, 957
21.87, 957
21.90, 957
21.94, 957
21.98, 957
22.02, 957
22.05, 957
22.09, 957
22.12, 957
22.16, 957
22.20, 957
22.23, 957
22.27, 957
22.31, 957
22.34, 957
22.38, 957
22.42, 957
22.45, 957
22.49, 957
22.52, 957
22.56, 957
22.59, 957
22.63, 957
22.67, 957
22.71, 957
22.75, 957
22.78, 957
22.82, 957
22.85, 957
22.89, 957
22.92, 957
22.96, 957
22.99, 957
23.03, 957
23.07, 957
23.11, 957
23.14, 957
23.19, 957
23.22, 957
23.26, 957
23.29, 957
23.33, 957
23.36, 957
23.40, 957
23.43, 957
23.46, 957
23.50, 957
23.57, 957
23.61, 957
23.75, 957
23.79, 957
23.83, 957
23.87, 957
23.90, 957
23.94, 957
23.97, 957
24.01, 957
24.05, 957
24.19, 957
24.27, 957
24.30, 957
24.34, 957
24.38, 957
24.45, 957
24.49, 957
24.63, 957
24.67, 957
24.71, 957
24.74, 957
24.77, 957
24.81, 957
24.85, 957
24.89, 957
24.92, 957
24.96, 957
24.99, 957
25.03, 957
25.07, 957
25.11, 957
25.14, 957
25.86, 957
25.90, 957
25.93, 957
25.97, 957
26.01, 957
26.05, 957
26.09, 957
26.13, 957
26.16, 957
26.20, 957
26.24, 957
26.28, 957
26.39, 957
26.43, 957
26.46, 957
27.04, 957
27.08, 957
27.11, 957
27.15, 957
27.18, 957
27.22, 957
27.25, 957
27.29, 957
27.32, 957
27.36, 957
27.40, 957
27.44, 957
27.48, 957
27.51, 957
27.55, 957
27.59, 957
27.63, 957
27.65, 957
27.69, 957
27.73, 957
27.76, 957
27.80, 957
27.84, 957
27.87, 957
27.91, 957
27.94, 957
27.98, 957
28.01, 957
28.05, 957
28.09, 957
28.12, 957
28.16, 957
28.19, 957
28.23, 957
28.27, 957
28.30, 957
28.45, 957
28.48, 957
28.52, 957
28.56, 957
28.64, 957
28.81, 957
29.11, 957
29.14, 957
29.18, 957
29.21, 957
29.25, 957
29.29, 957
29.32, 957
29.36, 957
29.40, 957
29.43, 957
29.47, 957
29.51, 957
29.54, 957
29.58, 957
29.61, 957
29.65, 957
29.69, 957
29.73, 957
29.76, 957
29.80, 957
29.83, 957
29.86, 957
29.90, 957
29.94, 957
29.97, 957
30.01, 957
30.04, 957
30.08, 957
30.12, 957
30.15, 957
30.19, 957
30.24, 957
30.27, 957
30.31, 957
30.34, 957
30.38, 957
30.41, 957
30.45, 957
30.48, 957
30.52, 957
30.55, 957
30.59, 957
30.63, 957
30.66, 957
30.70, 957
30.74, 957
30.77, 957
30.81, 957
30.85, 957
30.88, 957
30.92, 957
30.96, 957
31.00, 957
31.03, 957
31.06, 957
31.10, 957
31.14, 957
31.18, 957
31.22, 957
31.25, 957
31.29, 957
31.33, 957
31.37, 957
31.40, 957
31.44, 957
31.48, 957
31.51, 957
31.55, 957
31.59, 957
31.62, 957
31.66, 957
31.70, 957
31.73, 957
31.77, 957
31.81, 957
31.84, 957
31.88, 957
31.91, 957
31.95, 957
31.99, 957
32.02, 957
32.06, 957
32.10, 957
32.14, 957
32.39, 957
32.43, 957
32.46, 957
32.49, 957
32.53, 957
32.57, 957
32.61, 957
32.64, 957
32.68, 957
32.76, 957
32.79, 957
32.83, 957
32.87, 957
32.90, 957
32.93, 957
32.97, 957
33.00, 957
33.04, 957
33.11, 957
33.14, 957
33.17, 957
33.21, 957
33.32, 957
33.36, 957
33.39, 957
33.42, 957
33.46, 957
33.49, 957
33.53, 957
33.57, 957
33.60, 957
33.63, 957
33.67, 957
33.70, 957
33.74, 957
33.78, 957
33.81, 957
33.85, 957
33.89, 957
33.92, 957
33.95, 957
33.99, 957
34.03, 957
34.06, 957
34.10, 957
34.13, 957
34.17, 957
34.21, 957
34.34, 957
34.37, 957
34.41, 957
34.45, 957
34.48, 957
34.52, 957
34.56, 957
34.59, 957
34.96, 957
35.00, 957
35.03, 957
35.07, 957
35.11, 957
35.14, 957
35.18, 957
35.21, 957
35.25, 957
35.28, 957
35.32, 957
35.36, 957
35.39, 957
35.57, 957
35.61, 957
35.65, 957
35.68, 957
35.72, 957
35.76, 957
35.80, 957
35.84, 957
35.87, 957
35.91, 957
35.95, 957
35.99, 957
36.02, 957
36.06, 957
36.10, 957
36.13, 957
36.16, 957
36.20, 957
36.24, 957
36.28, 957
36.32, 957
36.36, 957
36.40, 957
36.44, 957
36.47, 957
36.50, 957
36.54, 957
36.58, 957
36.61, 957
36.65, 957
36.68, 957
36.73, 957
36.77, 957
36.80, 957
36.84, 957
36.87, 957
36.91, 957
36.95, 957
36.99, 957
37.03, 957
37.06, 957
37.10, 957
37.14, 957
37.17, 957
37.21, 957
37.24, 957
37.28, 957
37.32, 957
37.35, 957
37.39, 957
37.43, 957
37.47, 957
37.83, 957
37.87, 957
37.90, 957
37.94, 957
37.97, 957
38.01, 957
38.05, 957
38.09, 957
38.12, 957
38.16, 957
38.19, 957
38.22, 957
38.25, 957
38.29, 957
38.32, 957
38.36, 957
38.39, 957
38.44, 957
38.47, 957
38.50, 957
38.54, 957
38.57, 957
38.61, 957
38.64, 957
38.68, 957
38.72, 957
38.75, 957
38.79, 957
38.82, 957
38.86, 957
38.89, 957
38.93, 957
38.96, 957
39.00, 957
39.04, 957
39.07, 957
39.11, 957
39.14, 957
39.18, 957
39.21, 957
39.25, 957
39.29, 957
39.33, 957
39.36, 957
39.40, 957
39.88, 957
39.91, 957
39.94, 957
39.98, 957
40.01, 957
40.05, 957
40.09, 957
40.13, 957
40.16, 957
40.20, 957
40.23, 957
40.27, 957
40.30, 957
40.34, 957
40.37, 957
40.40, 957
40.44, 957
40.48, 957
40.51, 957
40.55, 957
40.58, 957
40.62, 957
40.66, 957
41.02, 957
41.06, 957
41.10, 957
41.13, 957
41.17, 957
41.21, 957
41.25, 957
41.28, 957
41.31, 957
41.61, 957
41.64, 957
41.68, 957
41.72, 957
41.76, 957
41.80, 957
41.84, 957
41.88, 957
41.91, 957
41.95, 957
41.99, 957
42.02, 957
42.06, 957
42.10, 957
42.13, 957
42.18, 957
42.29, 957
42.33, 957
42.37, 957
42.41, 957
42.45, 957
42.48, 957
42.52, 957
42.56, 957
42.59, 957
42.63, 957
42.67, 957
42.71, 957
42.74, 957
42.77, 957
42.81, 957
42.85, 957
42.89, 957
42.92, 957
42.96, 957
42.99, 957
43.02, 957
43.05, 957
43.09, 957
43.13, 957
43.16, 957
43.37, 957
43.41, 957
43.45, 957
43.48, 957
43.52, 957
43.56, 957
43.59, 957
43.63, 957
43.66, 957
43.70, 957
43.73, 957
43.77, 957
43.80, 957
43.84, 957
43.88, 957
43.91, 957
43.95, 957
43.99, 957
44.02, 957
44.06, 957
44.09, 957
44.13, 957
44.17, 957
44.21, 957
44.24, 957
44.28, 957
44.32, 957
44.35, 957
44.39, 957
44.42, 957
44.46, 957
44.50, 957
44.54, 957
44.58, 957
44.61, 957
44.66, 957
44.69, 957
44.73, 957
44.76, 957
44.80, 957
44.84, 957
44.87, 957
44.90, 957
44.94, 957
44.97, 957
45.01, 957
45.04, 957
45.08, 957
45.11, 957
45.14, 957
45.22, 957
45.26, 957
45.33, 957
45.37, 957
45.40, 957
45.43, 957
45.47, 957
45.51, 957
45.54, 957
45.58, 957
45.63, 957
45.66, 957
45.70, 957
45.73, 957
45.77, 957
45.81, 957
45.84, 957
45.88, 957
45.92, 957
45.96, 957
45.99, 957
46.03, 957
46.06, 957
46.10, 957
46.14, 957
46.17, 957
46.22, 957
46.26, 957
46.70, 957
46.74, 957
46.78, 957
46.81, 957
46.85, 957
46.89, 957
46.93, 957
46.98, 957
47.02, 957
47.06, 957
47.09, 957
47.13, 957
47.17, 957
47.20, 957
47.24, 957
47.27, 957
47.31, 957
47.35, 957
47.39, 957
47.46, 957
47.50, 957
47.53, 957
47.57, 957
47.61, 957
47.64, 957
47.68, 957
47.72, 957
47.76, 957
47.79, 957
47.83, 957
47.86, 957
47.90, 957
47.93, 957
47.97, 957
48.00, 957
48.03, 957
48.14, 957
48.17, 957
48.24, 957
48.28, 957
48.32, 957
48.36, 957
48.39, 957
48.42, 957
48.46, 957
48.50, 957
48.60, 957
48.64, 957
48.72, 957
48.92, 957
48.96, 957
48.99, 957
49.03, 957
49.07, 957
49.11, 957
49.14, 957
49.18, 957
49.22, 957
49.25, 957
49.29, 957
49.32, 957
49.36, 957
49.39, 957
49.42, 957
49.46, 957
49.50, 957
49.54, 957
49.58, 957
49.61, 957
49.65, 957
49.68, 957
49.72, 957
49.76, 957
49.79, 957
49.83, 957
49.86, 957
49.90, 957
49.93, 957
49.97, 957
50.01, 957
50.05, 957
50.08, 957
50.12, 957
50.16, 957
50.27, 957
50.31, 957
50.35, 957
50.39, 957
50.42, 957
50.45, 957
50.56, 957
50.59, 957
50.63, 957
50.67, 957
50.70, 957
50.74, 957
50.78, 957
50.81, 957
50.85, 957
50.88, 957
50.91, 957
50.95, 957
50.98, 957
51.02, 957
51.06, 957
51.09, 957
51.13, 957
51.16, 957
51.20, 957
51.23, 957
51.27, 957
51.31, 957
51.88, 957
51.92, 957
51.95, 957
51.99, 957
52.02, 957
52.06, 957
52.10, 957
52.13, 957
52.16, 957
52.24, 957
52.28, 957
52.32, 957
52.36, 957
52.40, 957
52.47, 957
52.62, 957
52.66, 957
52.70, 957
52.73, 957
52.76, 957
52.80, 957
52.84, 957
52.88, 957
52.91, 957
52.95, 957
52.99, 957
53.02, 957
53.06, 957
53.10, 957
53.15, 957
53.18, 957
53.22, 957
53.26, 957
53.33, 957
53.37, 957
53.41, 957
53.44, 957
53.48, 957
53.52, 957
53.55, 957
53.59, 957
53.63, 957
53.66, 957
53.69, 957
54.06, 957
54.09, 957
54.13, 957
54.16, 957
54.19, 957
54.23, 957
54.26, 957
54.30, 957
54.34, 957
54.38, 957
54.60, 957
54.64, 957
54.67, 957
54.70, 957
55.03, 957
55.07, 957
55.17, 957
55.20, 957
55.24, 957
55.28, 957
55.31, 957
55.38, 957
55.42, 957
55.45, 957
55.48, 957
55.52, 957
55.56, 957
55.59, 957
55.63, 957
55.66, 957
55.69, 957
55.73, 957
55.76, 957
55.80, 957
55.83, 957
55.87, 957
55.90, 957
55.98, 957
56.01, 957
56.05, 957
56.08, 957
56.12, 957
56.16, 957
56.20, 957
56.23, 957
56.26, 957
56.30, 957
56.33, 957
56.37, 957
56.40, 957
56.44, 957
56.48, 957
56.51, 957
56.55, 957
56.58, 957
56.63, 957
56.66, 957
56.73, 957
56.77, 957
56.81, 957
56.84, 957
56.88, 957
56.92, 957
56.95, 957
56.99, 957
57.02, 957
57.06, 957
57.09, 957
57.13, 957
57.16, 957
57.19, 957
57.22, 957
57.26, 957
57.30, 957
57.33, 957
57.37, 957
57.40, 957
57.44, 957
57.47, 957
57.51, 957
57.55, 957
57.58, 957
57.62, 957
57.66, 957
57.70, 957
57.74, 957
57.78, 957
57.81, 957
57.85, 957
57.89, 957
57.93, 957
57.97, 957
58.00, 957
58.04, 957
58.08, 957
58.11, 957
58.15, 957
58.18, 957
58.22, 957
58.66, 957
58.71, 957
58.74, 957
58.78, 957
58.81, 957
58.84, 957
58.88, 957
58.92, 957
58.96, 957
58.99, 957
59.14, 957
59.17, 957
59.21, 957
59.25, 957
59.72, 957
59.79, 957
59.82, 957
59.86, 957
59.89, 957
59.93, 957
59.96, 957
60.07, 957
60.10, 957
60.14, 957
60.17, 957
60.21, 957
60.24, 957
60.28, 957
60.62, 957
60.65, 957
60.69, 957
60.72, 957
60.76, 957
60.79, 957
60.83, 957
60.87, 957
60.91, 957
60.94, 957
60.98, 957
61.01, 957
61.05, 957
61.12, 957
61.15, 957
61.26, 957
61.30, 957
61.33, 957
61.37, 957
61.40, 957
61.44, 957
61.48, 957
61.51, 957
61.55, 957
61.58, 957
61.62, 957
61.65, 957
61.69, 957
61.72, 957
62.16, 957
62.20, 957
62.23, 957
62.27, 957
62.30, 957
62.34, 957
62.38, 957
62.41, 957
62.58, 957
62.61, 957
63.41, 957
63.45, 957
63.49, 957
63.53, 957
63.57, 957
63.61, 957
63.64, 957
63.68, 957
63.72, 957
63.76, 957
63.79, 957
63.83, 957
63.88, 957
63.91, 957
63.95, 957
63.99, 957
64.02, 957
64.06, 957
64.09, 957
64.13, 957
64.17, 957
64.21, 957
64.25, 957
64.28, 957
64.32, 957
64.36, 957
64.39, 957
64.42, 957
64.46, 957
64.49, 957
64.53, 957
64.90, 957
64.94, 957
64.97, 957
65.01, 957
65.05, 957
65.12, 957
65.15, 957
65.19, 957
65.89, 957
65.92, 957
65.96, 957
66.03, 957
66.06, 957
66.10, 957
66.13, 957
66.16, 957
66.20, 957
66.23, 957
66.26, 957
66.30, 957
66.33, 957
66.37, 957
66.40, 957
66.43, 957
66.47, 957
66.51, 957
66.54, 957
66.58, 957
66.62, 957
66.65, 957
66.68, 957
66.72, 957
66.75, 957
66.78, 957
66.82, 957
66.85, 957
66.89, 957
66.92, 957
66.96, 957
66.99, 957
67.03, 957
67.13, 957
67.17, 957
67.20, 957
67.23, 957
67.27, 957
67.31, 957
67.34, 957
67.37, 957
67.41, 957
67.44, 957
67.48, 957
67.51, 957
67.55, 957
67.59, 957
67.62, 957
67.66, 957
67.69, 957
67.73, 957
67.77, 957
67.81, 957
67.84, 957
67.88, 957
67.91, 957
67.94, 957
67.98, 957
68.01, 957
68.05, 957
68.08, 957
68.12, 957
68.15, 957
68.18, 957
68.22, 957
68.25, 957
68.29, 957
68.32, 957
68.36, 957
68.39, 957
68.43, 957
68.46, 957
68.50, 957
68.54, 957
68.58, 957
68.61, 957
68.65, 957
68.69, 957
68.72, 957
68.80, 957
68.84, 957
69.02, 957
69.09, 957
69.13, 957
69.24, 957
69.27, 957
69.30, 957
69.34, 957
69.37, 957
69.41, 957
69.45, 957
69.48, 957
69.52, 957
69.56, 957
69.60, 957
69.73, 957
69.77, 957
69.80, 957
69.84, 957
69.88, 957
69.92, 957
69.95, 957
69.99, 957
70.03, 957
70.06, 957
70.10, 957
70.13, 957
70.20, 957
70.24, 957
70.28, 957
70.32, 957
70.35, 957
70.38, 957
70.42, 957
70.46, 957
70.49, 957
70.53, 957
70.56, 957
70.60, 957
70.64, 957
70.68, 957
70.72, 957
70.75, 957
70.79, 957
70.83, 957
70.86, 957
70.90, 957
70.93, 957
71.22, 957
71.25, 957
71.29, 957
71.32, 957
71.35, 957
71.39, 957
71.42, 957
71.46, 957
71.50, 957
71.53, 957
71.57, 957
71.61, 957
71.65, 957
71.68, 957
71.72, 957
71.76, 957
71.79, 957
71.83, 957
71.86, 957
71.97, 957
72.01, 957
72.05, 957
72.09, 957
72.12, 957
72.16, 957
72.19, 957
72.23, 957
72.26, 957
72.30, 957
72.35, 957
72.38, 957
72.42, 957
72.46, 957
72.50, 957
73.19, 957
73.22, 957
73.26, 957
73.29, 957
73.33, 957
73.36, 957
73.40, 957
73.43, 957
73.47, 957
73.51, 957
73.54, 957
73.58, 957
73.61, 957
73.65, 957
73.69, 957
73.72, 957
73.76, 957
73.79, 957
73.84, 957
73.87, 957
73.92, 957
73.96, 957
74.00, 957
74.48, 957
74.51, 957
74.55, 957
74.58, 957
74.62, 957
74.73, 957
74.76, 957
74.80, 957
74.83, 957
74.87, 957
74.90, 957
74.94, 957
74.98, 957
75.02, 957
75.06, 957
75.14, 957
75.17, 957
75.21, 957
75.24, 957
75.42, 957
75.45, 957
75.49, 957
75.53, 957
75.57, 957
75.60, 957
75.64, 957
75.68, 957
75.72, 957
75.75, 957
75.79, 957
75.82, 957
75.86, 957
75.89, 957
75.93, 957
75.96, 957
76.00, 957
76.03, 957
76.07, 957
76.10, 957
76.14, 957
76.18, 957
76.22, 957
76.26, 957
76.29, 957
76.33, 957
76.36, 957
76.39, 957
76.42, 957
76.45, 957
76.49, 957
76.52, 957
76.56, 957
76.60, 957
76.67, 957
76.71, 957
76.74, 957
76.82, 957
76.85, 957
76.88, 957
76.91, 957
76.95, 957
76.99, 957
77.02, 957
77.06, 957
77.09, 957
77.13, 957
77.17, 957
77.20, 957
77.24, 957
77.27, 957
77.31, 957
77.35, 957
77.39, 957
77.52, 957
77.56, 957
77.59, 957
77.63, 957
77.66, 957
77.73, 957
77.87, 957
77.90, 957
77.94, 957
77.98, 957
78.01, 957
78.05, 957
78.08, 957
78.12, 957
78.16, 957
78.19, 957
78.22, 957
78.26, 957
78.44, 957
78.48, 957
78.63, 957
78.67, 957
78.71, 957
78.74, 957
78.77, 957
78.81, 957
78.84, 957
78.87, 957
78.91, 957
78.94, 957
78.98, 957
79.01, 957
79.05, 957
79.09, 957
79.13, 957
79.16, 957
79.19, 957
79.23, 957
79.27, 957
79.30, 957
79.34, 957
79.38, 957
79.41, 957
79.44, 957
79.48, 957
79.51, 957
79.55, 957
79.59, 957
79.62, 957
79.85, 957
79.88, 957
79.92, 957
79.95, 957
80.36, 957
80.40, 957
80.43, 957
80.54, 957
80.58, 957
80.61, 957
81.08, 957
81.11, 957
81.15, 957
81.19, 957
81.22, 957
81.26, 957
81.29, 957
81.33, 957
81.37, 957
81.40, 957
81.44, 957
81.48, 957
81.52, 957
81.55, 957
81.59, 957
81.62, 957
81.66, 957
81.69, 957
81.73, 957
81.76, 957
81.80, 957
81.83, 957
81.87, 957
81.90, 957
81.94, 957
81.97, 957
82.01, 957
82.05, 957
82.08, 957
82.12, 957
82.15, 957
82.19, 957
82.22, 957
82.27, 957
82.30, 957
82.33, 957
82.37, 957
82.40, 957
82.44, 957
82.47, 957
82.51, 957
82.54, 957
82.57, 957
82.61, 957
82.64, 957
82.74, 957
82.78, 957
82.82, 957
82.85, 957
82.89, 957
82.92, 957
82.95, 957
82.99, 957
83.03, 957
83.06, 957
83.09, 957
83.13, 957
83.16, 957
83.20, 957
83.24, 957
83.27, 957
83.30, 957
83.34, 957
83.37, 957
83.41, 957
83.44, 957
83.47, 957
83.51, 957
83.55, 957
83.58, 957
83.61, 957
83.64, 957
83.79, 957
83.82, 957
83.86, 957
83.90, 957
83.93, 957
83.97, 957
84.00, 957
84.03, 957
84.07, 957
84.10, 957
84.14, 957
84.18, 957
84.21, 957
84.25, 957
84.29, 957
84.33, 957
84.36, 957
84.40, 957
84.44, 957
84.47, 957
84.51, 957
84.55, 957
84.58, 957
84.62, 957
84.65, 957
84.69, 957
84.72, 957
84.76, 957
84.79, 957
84.82, 957
84.86, 957
84.90, 957
84.93, 957
84.97, 957
85.05, 957
85.08, 957
85.12, 957
85.16, 957
85.19, 957
85.23, 957
85.27, 957
85.31, 957
85.34, 957
85.38, 957
85.42, 957
85.45, 957
85.48, 957
85.52, 957
85.55, 957
85.59, 957
85.62, 957
85.66, 957
85.70, 957
85.75, 957
85.78, 957
85.82, 957
85.85, 957
85.89, 957
85.93, 957
85.97, 957
86.01, 957
86.05, 957
86.08, 957
86.12, 957
86.15, 957
86.20, 957
86.23, 957
86.27, 957
86.31, 957
86.34, 957
86.38, 957
86.42, 957
86.45, 957
86.49, 957
86.53, 957
86.56, 957
86.60, 957
86.63, 957
86.67, 957
86.71, 957
86.75, 957
86.78, 957
86.82, 957
86.86, 957
86.89, 957
86.93, 957
86.96, 957
87.00, 957
87.03, 957
87.07, 957
87.10, 957
87.14, 957
87.17, 957
87.21, 957
87.24, 957
87.28, 957
87.31, 957
87.35, 957
87.39, 957
87.42, 957
87.46, 957
87.49, 957
87.53, 957
87.57, 957
87.61, 957
87.64, 957
87.68, 957
87.72, 957
87.75, 957
87.79, 957
87.83, 957
87.86, 957
87.89, 957
87.93, 957
87.97, 957
88.01, 957
88.04, 957
88.08, 957
88.12, 957
88.15, 957
88.18, 957
88.22, 957
88.25, 957
88.29, 957
88.32, 957
88.36, 957
88.39, 957
88.42, 957
88.49, 957
88.53, 957
88.56, 957
88.60, 957
88.64, 957
88.67, 957
88.70, 957
88.74, 957
88.77, 957
88.81, 957
88.84, 957
88.88, 957
88.91, 957
88.95, 957
88.99, 957
89.02, 957
89.06, 957
89.09, 957
89.13, 957
89.17, 957
89.20, 957
89.23, 957
89.42, 957
89.46, 957
89.49, 957
89.52, 957
89.55, 957
89.59, 957
89.62, 957
89.65, 957
89.69, 957
89.72, 957
90.67, 957
90.71, 957
90.75, 957
90.78, 957
90.81, 957
90.85, 957
90.89, 957
90.92, 957
90.96, 957
91.00, 957
91.04, 957
91.07, 957
91.11, 957
91.14, 957
91.58, 957
91.61, 957
91.65, 957
91.69, 957
91.72, 957
91.76, 957
91.79, 957
91.83, 957
91.87, 957
91.90, 957
91.93, 957
91.97, 957
92.00, 957
93.85, 957
93.89, 957
93.92, 957
93.95, 957
93.99, 957
94.03, 957
94.06, 957
94.10, 957
94.14, 957
94.17, 957
94.21, 957
94.24, 957
94.28, 957
94.31, 957
94.35, 957
94.38, 957
94.41, 957
94.45, 957
94.49, 957
94.53, 957
94.56, 957
94.60, 957
94.64, 957
94.67, 957
94.70, 957
94.74, 957
94.77, 957
94.81, 957
94.84, 957
94.87, 957
94.91, 957
94.95, 957
94.99, 957
95.03, 957
95.06, 957
95.13, 957
95.16, 957
95.19, 957
95.23, 957
95.27, 957
95.30, 957
95.33, 957
95.37, 957
95.40, 957
95.44, 957
95.48, 957
95.51, 957
95.55, 957
95.58, 957
95.61, 957
95.65, 957
95.69, 957
95.73, 957
95.76, 957
95.80, 957
95.84, 957
95.87, 957
95.91, 957
95.95, 957
95.98, 957
96.02, 957
96.05, 957
96.09, 957
96.12, 957
96.16, 957
96.20, 957
96.24, 957
96.28, 957
96.31, 957
96.35, 957
96.39, 957
96.43, 957
96.46, 957
96.50, 957
96.58, 957
96.62, 957
96.65, 957
96.72, 957
96.76, 957
96.80, 957
96.84, 957
96.87, 957
96.98, 957
97.02, 957
97.05, 957
97.09, 957
97.12, 957
97.17, 957
97.20, 957
97.24, 957
97.27, 957
97.31, 957
97.35, 957
97.38, 957
97.42, 957
97.46, 957
97.49, 957
97.52, 957
97.56, 957
97.60, 957
97.63, 957
97.67, 957
97.71, 957
97.74, 957
97.78, 957
97.81, 957
97.85, 957
97.88, 957
97.92, 957
97.95, 957
98.02, 957
98.07, 957
98.10, 957
98.13, 957
98.17, 957
98.20, 957
98.24, 957
98.34, 957
98.38, 957
98.41, 957
98.45, 957
98.49, 957
98.53, 957
98.56, 957
98.60, 957
98.64, 957
98.68, 957
98.71, 957
98.75, 957
99.21, 957
99.25, 957
99.47, 957
99.52, 957
99.55, 957
99.58, 957
99.62, 957
99.66, 957
99.70, 957
99.74, 957
99.77, 957
99.80, 957
99.84, 957
99.88, 957
99.92, 957
99.96, 957
100.13, 957
100.17, 957
100.21, 957
100.24, 957
100.28, 957
100.32, 957
100.35, 957
100.57, 957
100.60, 957
100.64, 957
100.67, 957
101.04, 957
101.07, 957
101.10, 957
101.14, 957
101.17, 957
101.21, 957
101.25, 957
101.29, 957
101.33, 957
101.37, 957
101.40, 957
101.44, 957
102.26, 957
102.29, 957
102.33, 957
102.37, 957
102.41, 957
102.44, 957
102.48, 957
102.52, 957
102.55, 957
102.59, 957
102.62, 957
102.67, 957
102.71, 957
102.74, 957
102.78, 957
102.81, 957
102.85, 957
102.89, 957
102.92, 957
102.96, 957
103.04, 957
103.07, 957
103.11, 957
103.14, 957
103.18, 957
103.21, 957
103.25, 957
103.28, 957
103.35, 957
103.38, 957
103.42, 957
103.45, 957
103.48, 957
103.52, 957
103.55, 957
103.59, 957
103.62, 957
103.65, 957
103.69, 957
103.73, 957
103.76, 957
103.80, 957
103.83, 957
103.87, 957
103.91, 957
103.94, 957
103.98, 957
104.01, 957
104.05, 957
104.09, 957
104.13, 957
104.17, 957
104.92, 957
104.96, 957
104.99, 957
105.02, 957
105.06, 957
105.10, 957
105.13, 957
105.17, 957
105.21, 957
105.25, 957
105.29, 957
105.33, 957
105.36, 957
105.40, 957
105.43, 957
105.47, 957
105.50, 957
105.54, 957
105.58, 957
105.62, 957
105.66, 957
105.70, 957
105.74, 957
105.78, 957
105.82, 957
105.85, 957
106.57, 957
106.61, 957
106.64, 957
106.68, 957
106.72, 957
106.76, 957
106.79, 957
106.83, 957
106.86, 957
106.90, 957
106.94, 957
106.98, 957
107.31, 957
107.35, 957
107.38, 957
107.42, 957
107.46, 957
107.68, 957
107.72, 957
107.76, 957
107.80, 957
107.84, 957
107.88, 957
107.92, 957
107.96, 957
108.00, 957
108.04, 957
108.37, 957
108.40, 957
108.43, 957
108.47, 957
108.51, 957
108.55, 957
108.59, 957
108.62, 957
108.65, 957
108.70, 957
108.73, 957
108.77, 957
108.81, 957
108.84, 957
108.87, 957
108.91, 957
108.95, 957
108.98, 957
109.02, 957
109.05, 957
109.08, 957
109.12, 957
109.16, 957
109.34, 957
109.37, 957
109.41, 957
109.44, 957
109.48, 957
109.52, 957
109.55, 957
109.58, 957
109.62, 957
109.66, 957
109.70, 957
109.73, 957
109.77, 957
109.80, 957
109.84, 957
109.87, 957
109.91, 957
109.94, 957
109.98, 957
110.02, 957
110.05, 957
110.08, 957
110.12, 957
110.15, 957
110.18, 957
110.22, 957
110.25, 957
110.29, 957
110.33, 957
110.36, 957
110.40, 957
110.43, 957
110.47, 957
110.50, 957
110.53, 957
110.67, 957
110.71, 957
110.74, 957
110.78, 957
110.81, 957
110.85, 957
110.89, 957
110.92, 957
110.95, 957
110.99, 957
111.03, 957
111.07, 957
111.10, 957
111.14, 957
111.17, 957
111.21, 957
111.24, 957
111.28, 957
111.31, 957
111.35, 957
111.39, 957
111.43, 957
111.46, 957
111.50, 957
111.53, 957
111.57, 957
111.60, 957
111.63, 957
111.67, 957
111.71, 957
111.95, 957
111.99, 957
112.03, 957
112.06, 957
112.10, 957
112.13, 957
112.16, 957
112.20, 957
112.23, 957
112.59, 957
112.62, 957
112.66, 957
112.70, 957
112.74, 957
112.77, 957
112.81, 957
112.85, 957
112.88, 957
112.92, 957
112.96, 957
113.00, 957
113.04, 957
113.07, 957
113.11, 957
113.14, 957
113.18, 957
113.22, 957
113.26, 957
113.29, 957
113.36, 957
113.39, 957
113.43, 957
113.47, 957
113.51, 957
113.54, 957
113.58, 957
114.91, 957
114.95, 957
114.98, 957
115.02, 957
115.06, 957
115.10, 957
115.14, 957
115.17, 957
115.21, 957
115.24, 957
115.28, 957
115.32, 957
115.35, 957
115.39, 957
115.43, 957
115.47, 957
115.50, 957
115.53, 957
115.57, 957
115.67, 957
115.71, 957
115.74, 957
115.79, 957
115.82, 957
115.86, 957
115.90, 957
115.93, 957
115.97, 957
116.01, 957
116.12, 957
116.15, 957
116.19, 957
116.22, 957
116.26, 957
116.29, 957
116.40, 957
116.43, 957
116.47, 957
116.50, 957
116.61, 957
116.64, 957
116.68, 957
116.71, 957
116.75, 957
116.78, 957
116.82, 957
116.85, 957
116.89, 957
116.92, 957
116.96, 957
116.99, 957
117.03, 957
117.07, 957
117.10, 957
117.14, 957
117.18, 957
117.21, 957
117.24, 957
117.28, 957
117.31, 957
117.35, 957
117.39, 957
117.42, 957
117.46, 957
117.50, 957
117.53, 957
117.57, 957
117.61, 957
117.64, 957
117.68, 957
117.71, 957
117.81, 957
117.85, 957
117.88, 957
117.92, 957
117.95, 957
117.98, 957
118.02, 957
118.06, 957
118.10, 957
118.17, 957
118.21, 957
118.24, 957
118.39, 957
118.50, 957
118.54, 957
118.57, 957
118.61, 957
118.65, 957
118.68, 957
118.72, 957
118.75, 957
118.80, 957
118.83, 957
118.87, 957
118.90, 957
118.94, 957
118.97, 957
119.01, 957
119.05, 957
119.09, 957
119.13, 957
119.17, 957
119.21, 957
119.24, 957
119.27, 957
119.38, 957
119.41, 957
119.45, 957
119.70, 957
119.73, 957
119.77, 957
119.81, 957
119.85, 957
119.88, 957
119.92, 957
119.95, 957
119.99, 957
