0.50, 1156
0.54, 1093
0.59, 1066
0.63, 1042
0.67, 1032
0.71, 1012
0.75, 1006
0.78, 996
0.82, 989
0.86, 987
0.90, 987
0.93, 984
0.97, 981
1.00, 981
1.04, 978
1.08, 977
1.11, 973
1.15, 973
1.18, 973
1.22, 971
1.25, 967
1.29, 966
1.32, 964
1.36, 964
1.39, 962
1.43, 962
1.46, 962
1.50, 962
1.53, 961
1.56, 961
1.60, 960
1.63, 960
1.68, 959
1.71, 959
1.75, 959
1.78, 959
1.82, 959
1.85, 959
1.88, 959
1.92, 958
1.95, 958
1.99, 958
2.09, 958
2.12, 958
2.17, 958
2.21, 958
2.25, 958
2.66, 958
2.70, 958
2.74, 958
2.77, 958
2.81, 958
2.85, 958
2.89, 958
2.92, 958
2.96, 958
3.00, 958
3.04, 958
3.07, 958
3.11, 957
3.15, 957
3.36, 957
3.40, 957
3.43, 957
3.46, 957
3.50, 957
3.53, 957
3.57, 957
3.60, 957
3.63, 957
3.67, 957
3.71, 957
3.75, 957
3.78, 957
3.82, 957
3.85, 957
3.89, 957
3.93, 957
3.96, 957
4.00, 957
4.03, 957
4.07, 957
4.11, 957
4.14, 957
4.18, 957
4.21, 957
4.25, 957
4.31, 957
4.35, 957
4.38, 957
4.42, 957
4.45, 957
4.48, 957
4.77, 957
4.80, 957
4.84, 957
4.87, 957
4.91, 957
4.94, 957
4.98, 957
5.08, 957
5.12, 957
5.15, 957
5.18, 957
5.22, 957
5.25, 957
5.29, 957
5.33, 957
5.36, 957
5.39, 957
5.43, 957
5.47, 957
5.50, 957
5.54, 957
5.57, 957
5.60, 957
5.64, 957
5.70, 957
5.74, 957
5.77, 957
5.81, 957
5.84, 957
5.87, 957
5.91, 957
5.94, 957
5.97, 957
6.00, 957
6.04, 957
6.08, 957
6.12, 957
6.16, 957
6.19, 957
6.22, 957
6.29, 957
6.32, 957
6.36, 957
6.39, 957
6.43, 957
6.46, 957
6.50, 957
6.53, 957
6.57, 957
6.61, 957
6.64, 957
6.68, 957
6.72, 957
6.75, 957
6.79, 957
6.82, 957
6.86, 957
6.89, 957
6.93, 957
6.96, 957
6.99, 957
7.03, 957
7.06, 957
7.09, 957
7.13, 957
7.16, 957
7.20, 957
7.23, 957
7.27, 957
7.30, 957
7.34, 957
7.37, 957
7.41, 957
7.44, 957
7.48, 957
7.51, 957
7.54, 957
7.58, 957
7.61, 957
7.65, 957
7.69, 957
7.72, 957
7.75, 957
7.78, 957
7.81, 957
7.85, 957
7.88, 957
7.93, 957
7.96, 957
8.00, 957
8.03, 957
8.07, 957
8.10, 957
8.14, 957
8.28, 957
8.84, 957
8.88, 957
8.91, 957
8.95, 957
8.99, 957
9.02, 957
9.06, 957
9.09, 957
9.13, 957
9.16, 957
9.20, 957
9.24, 957
9.27, 957
9.31, 957
9.35, 957
9.38, 957
9.41, 957
9.45, 957
9.50, 957
9.53, 957
9.56, 957
9.60, 957
9.63, 957
9.67, 957
9.70, 957
9.84, 957
9.87, 957
9.91, 957
9.94, 957
9.98, 957
10.01, 957
10.04, 957
10.08, 957
10.12, 957
10.15, 957
10.19, 957
10.22, 957
10.25, 957
10.32, 957
10.35, 957
10.39, 957
11.07, 957
11.11, 957
11.15, 957
11.18, 957
11.22, 957
11.25, 957
11.29, 957
11.32, 957
11.35, 957
11.39, 957
11.42, 957
11.45, 957
11.49, 957
11.53, 957
11.83, 957
11.87, 957
11.91, 957
11.94, 957
11.97, 957
12.00, 957
12.04, 957
12.08, 957
12.11, 957
12.14, 957
12.17, 957
12.21, 957
12.25, 957
12.28, 957
12.32, 957
12.35, 957
12.39, 957
12.42, 957
12.63, 957
12.66, 957
12.69, 957
12.73, 957
12.76, 957
12.97, 957
13.00, 957
13.04, 957
13.07, 957
13.11, 957
13.14, 957
13.17, 957
13.20, 957
13.24, 957
13.27, 957
13.31, 957
13.34, 957
13.37, 957
13.41, 957
13.44, 957
13.47, 957
13.50, 957
13.54, 957
13.57, 957
13.60, 957
13.64, 957
13.67, 957
13.71, 957
13.74, 957
13.77, 957
13.80, 957
13.83, 957
13.87, 957
13.90, 957
13.94, 957
13.98, 957
14.01, 957
14.04, 957
14.08, 957
14.12, 957
14.16, 957
14.55, 957
14.58, 957
14.62, 957
14.66, 957
14.70, 957
14.73, 957
14.77, 957
14.81, 957
14.85, 957
14.88, 957
14.92, 957
14.99, 957
15.03, 957
15.07, 957
15.10, 957
15.13, 957
15.16, 957
15.20, 957
15.23, 957
15.26, 957
15.30, 957
15.33, 957
15.40, 957
15.44, 957
15.47, 957
15.50, 957
15.54, 957
15.57, 957
15.61, 957
15.64, 957
15.68, 957
15.72, 957
15.75, 957
15.79, 957
15.82, 957
15.85, 957
15.89, 957
15.93, 957
15.96, 957
16.00, 957
16.03, 957
16.06, 957
16.09, 957
16.12, 957
16.16, 957
16.20, 957
16.23, 957
16.30, 957
16.36, 957
16.40, 957
16.44, 957
16.47, 957
16.54, 957
16.57, 957
16.60, 957
16.64, 957
16.71, 957
16.74, 957
16.78, 957
16.82, 957
16.85, 957
16.89, 957
16.92, 957
16.95, 957
16.99, 957
17.02, 957
17.06, 957
17.10, 957
17.13, 957
17.16, 957
17.20, 957
17.24, 957
17.27, 957
17.31, 957
17.34, 957
17.37, 957
17.41, 957
17.44, 957
17.48, 957
17.51, 957
17.55, 957
17.58, 957
17.62, 957
17.65, 957
17.69, 957
17.72, 957
17.76, 957
17.80, 957
17.83, 957
17.86, 957
17.89, 957
17.93, 957
17.97, 957
18.00, 957
18.04, 957
18.07, 957
18.11, 957
18.18, 957
18.22, 957
18.26, 957
18.43, 957
18.46, 957
18.50, 957
18.53, 957
18.56, 957
18.60, 957
18.63, 957
18.66, 957
18.70, 957
18.74, 957
18.78, 957
18.81, 957
18.85, 957
18.88, 957
18.91, 957
18.94, 957
19.01, 957
19.04, 957
19.07, 957
19.11, 957
19.15, 957
19.18, 957
19.21, 957
19.28, 957
19.31, 957
19.34, 957
19.38, 957
19.42, 957
19.45, 957
19.49, 957
19.53, 957
19.57, 957
19.60, 957
19.64, 957
19.67, 957
19.71, 957
19.74, 957
19.78, 957
19.82, 957
19.86, 957
19.89, 957
19.93, 957
19.97, 957
20.00, 957
20.03, 957
20.07, 957
20.10, 957
20.14, 957
20.17, 957
20.21, 957
20.24, 957
20.28, 957
20.31, 957
20.35, 957
20.40, 957
20.46, 957
20.49, 957
20.53, 957
20.56, 957
20.60, 957
20.63, 957
20.66, 957
20.70, 957
20.74, 957
20.85, 957
20.88, 957
20.92, 957
20.96, 957
20.99, 957
21.03, 957
21.06, 957
21.10, 957
21.13, 957
21.17, 957
21.20, 957
21.23, 957
21.26, 957
21.30, 957
21.33, 957
21.37, 957
21.40, 957
21.43, 957
21.46, 957
21.51, 957
21.54, 957
21.57, 957
21.61, 957
21.64, 957
21.68, 957
21.71, 957
21.75, 957
21.78, 957
21.82, 957
21.85, 957
21.89, 957
21.93, 957
21.96, 957
22.00, 957
22.03, 957
22.07, 957
22.10, 957
22.14, 957
22.18, 957
22.21, 957
22.24, 957
22.28, 957
22.32, 957
22.36, 957
22.39, 957
22.43, 957
22.47, 957
22.51, 957
22.54, 957
22.58, 957
22.61, 957
22.65, 957
22.68, 957
22.71, 957
22.75, 957
22.78, 957
22.85, 957
22.89, 957
23.03, 957
23.07, 957
23.11, 957
23.14, 957
23.18, 957
23.21, 957
23.25, 957
23.29, 957
23.32, 957
23.46, 957
23.53, 957
23.57, 957
23.61, 957
23.64, 957
23.71, 957
23.75, 957
23.88, 957
23.92, 957
23.95, 957
23.99, 957
24.02, 957
24.06, 957
24.10, 957
24.13, 957
24.17, 957
24.20, 957
24.24, 957
24.28, 957
24.31, 957
24.35, 957
24.38, 957
25.06, 957
25.10, 957
25.13, 957
25.17, 957
25.21, 957
25.25, 957
25.29, 957
25.33, 957
25.36, 957
25.40, 957
25.43, 957
25.47, 957
25.58, 957
25.61, 957
25.65, 957
26.24, 957
26.28, 957
26.31, 957
26.35, 957
26.39, 957
26.43, 957
26.46, 957
26.49, 957
26.53, 957
26.56, 957
26.60, 957
26.63, 957
26.67, 957
26.70, 957
26.74, 957
26.77, 957
26.80, 957
26.84, 957
26.87, 957
26.90, 957
26.93, 957
26.97, 957
27.01, 957
27.04, 957
27.08, 957
27.12, 957
27.15, 957
27.18, 957
27.22, 957
27.25, 957
27.29, 957
27.32, 957
27.36, 957
27.39, 957
27.43, 957
27.46, 957
27.61, 957
27.64, 957
27.67, 957
27.71, 957
27.78, 957
27.95, 957
28.24, 957
28.27, 957
28.31, 957
28.34, 957
28.38, 957
28.42, 957
28.45, 957
28.49, 957
28.52, 957
28.56, 957
28.59, 957
28.62, 957
28.66, 957
28.69, 957
28.73, 957
28.77, 957
28.80, 957
28.84, 957
28.87, 957
28.91, 957
28.94, 957
28.98, 957
29.01, 957
29.04, 957
29.07, 957
29.11, 957
29.15, 957
29.18, 957
29.22, 957
29.26, 957
29.29, 957
29.33, 957
29.36, 957
29.40, 957
29.43, 957
29.47, 957
29.50, 957
29.53, 957
29.56, 957
29.60, 957
29.63, 957
29.66, 957
29.70, 957
29.74, 957
29.77, 957
29.81, 957
29.84, 957
29.88, 957
29.91, 957
29.95, 957
29.99, 957
30.03, 957
30.06, 957
30.10, 957
30.13, 957
30.16, 957
30.19, 957
30.23, 957
30.26, 957
30.30, 957
30.33, 957
30.36, 957
30.40, 957
30.44, 957
30.47, 957
30.52, 957
30.55, 957
30.59, 957
30.62, 957
30.65, 957
30.69, 957
30.73, 957
30.76, 957
30.80, 957
30.84, 957
30.87, 957
30.91, 957
30.95, 957
30.99, 957
31.03, 957
31.06, 957
31.10, 957
31.14, 957
31.17, 957
31.43, 957
31.47, 957
31.50, 957
31.53, 957
31.57, 957
31.60, 957
31.64, 957
31.68, 957
31.71, 957
31.78, 957
31.82, 957
31.85, 957
31.88, 957
31.92, 957
31.95, 957
31.98, 957
32.02, 957
32.06, 957
32.13, 957
32.16, 957
32.20, 957
32.23, 957
32.33, 957
32.37, 957
32.40, 957
32.43, 957
32.47, 957
32.50, 957
32.53, 957
32.57, 957
32.60, 957
32.64, 957
32.68, 957
32.71, 957
32.74, 957
32.77, 957
32.81, 957
32.84, 957
32.88, 957
32.91, 957
32.94, 957
32.98, 957
33.01, 957
33.05, 957
33.08, 957
33.11, 957
33.15, 957
33.19, 957
33.33, 957
33.36, 957
33.40, 957
33.44, 957
33.47, 957
33.51, 957
33.54, 957
33.58, 957
33.93, 957
33.97, 957
34.00, 957
34.04, 957
34.07, 957
34.11, 957
34.15, 957
34.18, 957
34.21, 957
34.25, 957
34.28, 957
34.32, 957
34.35, 957
34.54, 957
34.58, 957
34.61, 957
34.65, 957
34.69, 957
34.72, 957
34.76, 957
34.80, 957
34.83, 957
34.86, 957
34.90, 957
34.93, 957
34.97, 957
35.00, 957
35.03, 957
35.07, 957
35.10, 957
35.14, 957
35.17, 957
35.21, 957
35.24, 957
35.27, 957
35.31, 957
35.34, 957
35.38, 957
35.41, 957
35.44, 957
35.48, 957
35.51, 957
35.55, 957
35.58, 957
35.62, 957
35.65, 957
35.69, 957
35.72, 957
35.75, 957
35.79, 957
35.82, 957
35.86, 957
35.90, 957
35.93, 957
35.97, 957
36.01, 957
36.04, 957
36.07, 957
36.11, 957
36.15, 957
36.18, 957
36.22, 957
36.26, 957
36.29, 957
36.33, 957
36.69, 957
36.72, 957
36.75, 957
36.79, 957
36.82, 957
36.86, 957
36.89, 957
36.93, 957
36.97, 957
37.01, 957
37.05, 957
37.08, 957
37.12, 957
37.16, 957
37.19, 957
37.23, 957
37.26, 957
37.30, 957
37.33, 957
37.37, 957
37.41, 957
37.45, 957
37.48, 957
37.52, 957
37.55, 957
37.59, 957
37.62, 957
37.65, 957
37.68, 957
37.72, 957
37.76, 957
37.80, 957
37.83, 957
37.86, 957
37.90, 957
37.94, 957
37.97, 957
38.00, 957
38.04, 957
38.07, 957
38.11, 957
38.15, 957
38.18, 957
38.21, 957
38.25, 957
38.71, 957
38.74, 957
38.78, 957
38.81, 957
38.85, 957
38.89, 957
38.93, 957
38.96, 957
39.01, 957
39.05, 957
39.08, 957
39.12, 957
39.15, 957
39.19, 957
39.22, 957
39.25, 957
39.28, 957
39.31, 957
39.35, 957
39.38, 957
39.42, 957
39.45, 957
39.49, 957
39.84, 957
39.87, 957
39.91, 957
39.95, 957
39.98, 957
40.02, 957
40.05, 957
40.08, 957
40.11, 957
40.38, 957
40.42, 957
40.45, 957
40.49, 957
40.52, 957
40.55, 957
40.59, 957
40.63, 957
40.66, 957
40.70, 957
40.73, 957
40.76, 957
40.79, 957
40.83, 957
40.86, 957
40.90, 957
41.01, 957
41.04, 957
41.08, 957
41.11, 957
41.15, 957
41.18, 957
41.22, 957
41.25, 957
41.28, 957
41.32, 957
41.35, 957
41.39, 957
41.43, 957
41.46, 957
41.50, 957
41.53, 957
41.56, 957
41.60, 957
41.63, 957
41.66, 957
41.70, 957
41.73, 957
41.76, 957
41.80, 957
41.83, 957
42.04, 957
42.08, 957
42.12, 957
42.15, 957
42.19, 957
42.23, 957
42.26, 957
42.30, 957
42.33, 957
42.37, 957
42.40, 957
42.44, 957
42.48, 957
42.51, 957
42.54, 957
42.58, 957
42.62, 957
42.65, 957
42.69, 957
42.72, 957
42.76, 957
42.79, 957
42.83, 957
42.86, 957
42.90, 957
42.93, 957
42.97, 957
43.00, 957
43.03, 957
43.07, 957
43.11, 957
43.14, 957
43.18, 957
43.21, 957
43.25, 957
43.29, 957
43.32, 957
43.35, 957
43.38, 957
43.42, 957
43.45, 957
43.48, 957
43.52, 957
43.55, 957
43.59, 957
43.63, 957
43.66, 957
43.70, 957
43.73, 957
43.77, 957
43.84, 957
43.87, 957
43.94, 957
43.98, 957
44.01, 957
44.04, 957
44.07, 957
44.10, 957
44.14, 957
44.17, 957
44.20, 957
44.24, 957
44.27, 957
44.31, 957
44.34, 957
44.38, 957
44.42, 957
44.45, 957
44.49, 957
44.53, 957
44.56, 957
44.60, 957
44.63, 957
44.67, 957
44.71, 957
44.74, 957
44.78, 957
44.81, 957
45.21, 957
45.25, 957
45.28, 957
45.32, 957
45.35, 957
45.39, 957
45.42, 957
45.46, 957
45.50, 957
45.53, 957
45.56, 957
45.60, 957
45.63, 957
45.67, 957
45.70, 957
45.73, 957
45.77, 957
45.80, 957
45.84, 957
45.90, 957
45.93, 957
45.97, 957
46.00, 957
46.04, 957
46.07, 957
46.11, 957
46.15, 957
46.18, 957
46.22, 957
46.25, 957
46.29, 957
46.33, 957
46.37, 957
46.40, 957
46.43, 957
46.46, 957
46.57, 957
46.60, 957
46.67, 957
46.71, 957
46.75, 957
46.78, 957
46.82, 957
46.86, 957
46.90, 957
46.94, 957
47.04, 957
47.08, 957
47.15, 957
47.35, 957
47.39, 957
47.43, 957
47.46, 957
47.50, 957
47.53, 957
47.57, 957
47.61, 957
47.64, 957
47.68, 957
47.71, 957
47.75, 957
47.78, 957
47.82, 957
47.85, 957
47.89, 957
47.93, 957
47.97, 957
48.00, 957
48.04, 957
48.08, 957
48.12, 957
48.15, 957
48.19, 957
48.23, 957
48.26, 957
48.30, 957
48.34, 957
48.37, 957
48.41, 957
48.44, 957
48.48, 957
48.52, 957
48.55, 957
48.58, 957
48.69, 957
48.72, 957
48.76, 957
48.80, 957
48.83, 957
48.87, 957
48.98, 957
49.02, 957
49.05, 957
49.08, 957
49.12, 957
49.16, 957
49.20, 957
49.23, 957
49.26, 957
49.30, 957
49.33, 957
49.36, 957
49.39, 957
49.42, 957
49.46, 957
49.50, 957
49.53, 957
49.56, 957
49.60, 957
49.63, 957
49.66, 957
49.70, 957
50.25, 957
50.29, 957
50.33, 957
50.36, 957
50.39, 957
50.43, 957
50.47, 957
50.50, 957
50.54, 957
50.61, 957
50.65, 957
50.68, 957
50.72, 957
50.75, 957
50.83, 957
50.95, 957
50.99, 957
51.03, 957
51.06, 957
51.10, 957
51.14, 957
51.17, 957
51.20, 957
51.23, 957
51.27, 957
51.30, 957
51.33, 957
51.37, 957
51.41, 957
51.45, 957
51.48, 957
51.51, 957
51.55, 957
51.62, 957
51.65, 957
51.68, 957
51.72, 957
51.75, 957
51.79, 957
51.82, 957
51.86, 957
51.89, 957
51.92, 957
51.96, 957
52.32, 957
52.35, 957
52.38, 957
52.42, 957
52.45, 957
52.49, 957
52.52, 957
52.56, 957
52.60, 957
52.63, 957
52.85, 957
52.88, 957
52.92, 957
52.95, 957
53.27, 957
53.31, 957
53.41, 957
53.44, 957
53.49, 957
53.52, 957
53.56, 957
53.62, 957
53.66, 957
53.70, 957
53.73, 957
53.77, 957
53.80, 957
53.83, 957
53.87, 957
53.90, 957
53.94, 957
53.97, 957
54.01, 957
54.04, 957
54.07, 957
54.11, 957
54.14, 957
54.22, 957
54.25, 957
54.29, 957
54.32, 957
54.36, 957
54.39, 957
54.43, 957
54.46, 957
54.50, 957
54.53, 957
54.56, 957
54.60, 957
54.64, 957
54.67, 957
54.70, 957
54.74, 957
54.77, 957
54.81, 957
54.84, 957
54.88, 957
54.94, 957
54.98, 957
55.02, 957
55.05, 957
55.08, 957
55.12, 957
55.15, 957
55.19, 957
55.22, 957
55.26, 957
55.29, 957
55.32, 957
55.35, 957
55.38, 957
55.41, 957
55.45, 957
55.48, 957
55.52, 957
55.55, 957
55.59, 957
55.63, 957
55.66, 957
55.70, 957
55.73, 957
55.76, 957
55.80, 957
55.83, 957
55.88, 957
55.91, 957
55.95, 957
55.98, 957
56.02, 957
56.05, 957
56.09, 957
56.12, 957
56.16, 957
56.20, 957
56.23, 957
56.26, 957
56.30, 957
56.34, 957
56.37, 957
56.77, 957
56.80, 957
56.84, 957
56.87, 957
56.91, 957
56.95, 957
56.98, 957
57.02, 957
57.06, 957
57.09, 957
57.23, 957
57.26, 957
57.30, 957
57.33, 957
57.80, 957
57.88, 957
57.91, 957
57.95, 957
57.99, 957
58.02, 957
58.06, 957
58.16, 957
58.19, 957
58.23, 957
58.27, 957
58.30, 957
58.34, 957
58.37, 957
58.74, 957
58.78, 957
58.82, 957
58.85, 957
58.88, 957
58.91, 957
58.95, 957
58.99, 957
59.02, 957
59.06, 957
59.10, 957
59.13, 957
59.17, 957
59.24, 957
59.27, 957
59.37, 957
59.40, 957
59.43, 957
59.47, 957
59.50, 957
59.54, 957
59.57, 957
59.61, 957
59.64, 957
59.67, 957
59.71, 957
59.74, 957
59.78, 957
59.82, 957
60.28, 957
60.32, 957
60.35, 957
60.39, 957
60.42, 957
60.45, 957
60.49, 957
60.52, 957
60.72, 957
60.76, 957
61.57, 957
61.61, 957
61.65, 957
61.68, 957
61.72, 957
61.76, 957
61.80, 957
61.83, 957
61.87, 957
61.90, 957
61.94, 957
61.97, 957
62.01, 957
62.04, 957
62.08, 957
62.11, 957
62.15, 957
62.18, 957
62.22, 957
62.25, 957
62.28, 957
62.32, 957
62.35, 957
62.39, 957
62.43, 957
62.47, 957
62.50, 957
62.53, 957
62.57, 957
62.61, 957
62.64, 957
63.02, 957
63.05, 957
63.09, 957
63.12, 957
63.15, 957
63.22, 957
63.26, 957
63.29, 957
64.01, 957
64.05, 957
64.08, 957
64.16, 957
64.20, 957
64.23, 957
64.27, 957
64.30, 957
64.34, 957
64.37, 957
64.40, 957
64.44, 957
64.48, 957
64.51, 957
64.55, 957
64.58, 957
64.61, 957
64.65, 957
64.68, 957
64.72, 957
64.76, 957
64.79, 957
64.82, 957
64.86, 957
64.89, 957
64.92, 957
64.95, 957
64.98, 957
65.02, 957
65.05, 957
65.09, 957
65.12, 957
65.16, 957
65.26, 957
65.30, 957
65.34, 957
65.37, 957
65.41, 957
65.45, 957
65.48, 957
65.52, 957
65.55, 957
65.58, 957
65.61, 957
65.65, 957
65.68, 957
65.72, 957
65.75, 957
65.79, 957
65.82, 957
65.86, 957
65.90, 957
65.93, 957
65.97, 957
66.01, 957
66.04, 957
66.08, 957
66.12, 957
66.15, 957
66.19, 957
66.22, 957
66.26, 957
66.29, 957
66.32, 957
66.35, 957
66.39, 957
66.42, 957
66.46, 957
66.50, 957
66.53, 957
66.57, 957
66.60, 957
66.63, 957
66.67, 957
66.70, 957
66.74, 957
66.78, 957
66.81, 957
66.84, 957
66.91, 957
66.94, 957
67.11, 957
67.19, 957
67.22, 957
67.32, 957
67.36, 957
67.39, 957
67.43, 957
67.46, 957
67.49, 957
67.52, 957
67.56, 957
67.59, 957
67.62, 957
67.65, 957
67.78, 957
67.82, 957
67.85, 957
67.89, 957
67.93, 957
67.96, 957
67.99, 957
68.03, 957
68.06, 957
68.10, 957
68.13, 957
68.17, 957
68.24, 957
68.28, 957
68.31, 957
68.35, 957
68.38, 957
68.41, 957
68.45, 957
68.48, 957
68.51, 957
68.54, 957
68.57, 957
68.61, 957
68.65, 957
68.68, 957
68.72, 957
68.75, 957
68.79, 957
68.82, 957
68.86, 957
68.90, 957
68.94, 957
69.23, 957
69.26, 957
69.30, 957
69.33, 957
69.37, 957
69.40, 957
69.44, 957
69.47, 957
69.51, 957
69.55, 957
69.58, 957
69.62, 957
69.66, 957
69.69, 957
69.73, 957
69.77, 957
69.80, 957
69.83, 957
69.87, 957
69.98, 957
70.01, 957
70.05, 957
70.09, 957
70.12, 957
70.16, 957
70.19, 957
70.22, 957
70.25, 957
70.28, 957
70.31, 957
70.34, 957
70.38, 957
70.42, 957
70.45, 957
71.12, 957
71.15, 957
71.19, 957
71.22, 957
71.25, 957
71.29, 957
71.32, 957
71.36, 957
71.39, 957
71.43, 957
71.47, 957
71.50, 957
71.54, 957
71.58, 957
71.61, 957
71.65, 957
71.67, 957
71.71, 957
71.74, 957
71.78, 957
71.81, 957
71.85, 957
71.89, 957
72.34, 957
72.37, 957
72.41, 957
72.44, 957
72.47, 957
72.57, 957
72.61, 957
72.64, 957
72.68, 957
72.71, 957
72.74, 957
72.78, 957
72.81, 957
72.85, 957
72.88, 957
72.95, 957
72.98, 957
73.01, 957
73.04, 957
73.21, 957
73.25, 957
73.28, 957
73.31, 957
73.35, 957
73.39, 957
73.42, 957
73.46, 957
73.50, 957
73.53, 957
73.56, 957
73.59, 957
73.62, 957
73.66, 957
73.69, 957
73.72, 957
73.76, 957
73.79, 957
73.83, 957
73.86, 957
73.90, 957
73.93, 957
73.97, 957
74.00, 957
74.03, 957
74.07, 957
74.10, 957
74.13, 957
74.16, 957
74.19, 957
74.23, 957
74.26, 957
74.29, 957
74.33, 957
74.40, 957
74.44, 957
74.47, 957
74.55, 957
74.58, 957
74.62, 957
74.65, 957
74.69, 957
74.73, 957
74.76, 957
74.80, 957
74.83, 957
74.87, 957
74.90, 957
74.94, 957
74.97, 957
75.01, 957
75.05, 957
75.08, 957
75.12, 957
75.25, 957
75.29, 957
75.32, 957
75.36, 957
75.39, 957
75.48, 957
75.62, 957
75.65, 957
75.69, 957
75.72, 957
75.75, 957
75.78, 957
75.82, 957
75.85, 957
75.88, 957
75.91, 957
75.95, 957
75.98, 957
76.14, 957
76.18, 957
76.31, 957
76.35, 957
76.38, 957
76.41, 957
76.44, 957
76.47, 957
76.50, 957
76.53, 957
76.57, 957
76.60, 957
76.63, 957
76.67, 957
76.70, 957
76.74, 957
76.78, 957
76.81, 957
76.84, 957
76.87, 957
76.90, 957
76.94, 957
76.97, 957
77.00, 957
77.04, 957
77.07, 957
77.11, 957
77.14, 957
77.18, 957
77.21, 957
77.25, 957
77.45, 957
77.48, 957
77.52, 957
77.55, 957
77.91, 957
77.94, 957
77.98, 957
78.08, 957
78.11, 957
78.14, 957
78.57, 957
78.61, 957
78.64, 957
78.68, 957
78.71, 957
78.74, 957
78.77, 957
78.80, 957
78.84, 957
78.87, 957
78.90, 957
78.94, 957
78.97, 957
79.00, 957
79.04, 957
79.07, 957
79.10, 957
79.14, 957
79.17, 957
79.21, 957
79.24, 957
79.27, 957
79.31, 957
79.34, 957
79.38, 957
79.41, 957
79.44, 957
79.48, 957
79.51, 957
79.54, 957
79.57, 957
79.61, 957
79.64, 957
79.67, 957
79.71, 957
79.74, 957
79.78, 957
79.81, 957
79.84, 957
79.88, 957
79.92, 957
79.95, 957
79.99, 957
80.03, 957
80.06, 957
80.17, 957
80.20, 957
80.23, 957
80.27, 957
80.31, 957
80.34, 957
80.37, 957
80.41, 957
80.45, 957
80.49, 957
80.52, 957
80.56, 957
80.60, 957
80.64, 957
80.68, 957
80.72, 957
80.75, 957
80.79, 957
80.82, 957
80.86, 957
80.89, 957
80.92, 957
80.96, 957
80.99, 957
81.03, 957
81.07, 957
81.10, 957
81.23, 957
81.27, 957
81.30, 957
81.34, 957
81.38, 957
81.41, 957
81.45, 957
81.48, 957
81.52, 957
81.55, 957
81.59, 957
81.63, 957
81.66, 957
81.69, 957
81.73, 957
81.76, 957
81.79, 957
81.83, 957
81.87, 957
81.90, 957
81.94, 957
81.98, 957
82.01, 957
82.04, 957
82.08, 957
82.11, 957
82.15, 957
82.18, 957
82.21, 957
82.24, 957
82.28, 957
82.31, 957
82.34, 957
82.37, 957
82.43, 957
82.47, 957
82.50, 957
82.53, 957
82.56, 957
82.60, 957
82.63, 957
82.66, 957
82.69, 957
82.73, 957
82.76, 957
82.80, 957
82.83, 957
82.87, 957
82.90, 957
82.93, 957
82.96, 957
83.00, 957
83.04, 957
83.08, 957
83.11, 957
83.14, 957
83.18, 957
83.22, 957
83.25, 957
83.28, 957
83.32, 957
83.35, 957
83.39, 957
83.42, 957
83.46, 957
83.50, 957
83.53, 957
83.57, 957
83.60, 957
83.64, 957
83.67, 957
83.70, 957
83.74, 957
83.77, 957
83.81, 957
83.84, 957
83.87, 957
83.91, 957
83.94, 957
83.98, 957
84.02, 957
84.06, 957
84.09, 957
84.12, 957
84.15, 957
84.18, 957
84.22, 957
84.25, 957
84.28, 957
84.32, 957
84.35, 957
84.39, 957
84.42, 957
84.46, 957
84.49, 957
84.52, 957
84.56, 957
84.60, 957
84.64, 957
84.67, 957
84.71, 957
84.74, 957
84.77, 957
84.81, 957
84.84, 957
84.87, 957
84.90, 957
84.94, 957
84.97, 957
85.01, 957
85.04, 957
85.08, 957
85.11, 957
85.15, 957
85.18, 957
85.22, 957
85.25, 957
85.28, 957
85.32, 957
85.35, 957
85.39, 957
85.42, 957
85.45, 957
85.49, 957
85.52, 957
85.56, 957
85.59, 957
85.63, 957
85.70, 957
85.73, 957
85.77, 957
85.80, 957
85.84, 957
85.88, 957
85.91, 957
85.95, 957
85.99, 957
86.02, 957
86.06, 957
86.10, 957
86.13, 957
86.16, 957
86.20, 957
86.24, 957
86.27, 957
86.31, 957
86.35, 957
86.38, 957
86.43, 957
86.46, 957
86.64, 957
86.68, 957
86.71, 957
86.74, 957
86.78, 957
86.82, 957
86.85, 957
86.88, 957
86.92, 957
86.96, 957
87.90, 957
87.93, 957
87.97, 957
88.00, 957
88.04, 957
88.07, 957
88.10, 957
88.14, 957
88.18, 957
88.22, 957
88.25, 957
88.29, 957
88.32, 957
88.35, 957
88.77, 957
88.80, 957
88.83, 957
88.87, 957
88.90, 957
88.94, 957
88.97, 957
89.01, 957
89.04, 957
89.08, 957
89.11, 957
89.15, 957
89.18, 957
91.03, 957
91.06, 957
91.09, 957
91.13, 957
91.17, 957
91.20, 957
91.23, 957
91.27, 957
91.30, 957
91.33, 957
91.37, 957
91.40, 957
91.44, 957
91.47, 957
91.51, 957
91.55, 957
91.59, 957
91.62, 957
91.66, 957
91.69, 957
91.73, 957
91.77, 957
91.81, 957
91.85, 957
91.88, 957
91.92, 957
91.96, 957
91.99, 957
92.03, 957
92.07, 957
92.10, 957
92.13, 957
92.17, 957
92.20, 957
92.24, 957
92.31, 957
92.34, 957
92.37, 957
92.41, 957
92.45, 957
92.49, 957
92.52, 957
92.55, 957
92.59, 957
92.62, 957
92.66, 957
92.70, 957
92.74, 957
92.77, 957
92.81, 957
92.85, 957
92.88, 957
92.92, 957
92.95, 957
92.98, 957
93.02, 957
93.05, 957
93.08, 957
93.12, 957
93.15, 957
93.19, 957
93.23, 957
93.26, 957
93.30, 957
93.34, 957
93.37, 957
93.41, 957
93.44, 957
93.48, 957
93.52, 957
93.55, 957
93.58, 957
93.61, 957
93.65, 957
93.71, 957
93.75, 957
93.79, 957
93.86, 957
93.89, 957
93.93, 957
93.96, 957
93.99, 957
94.10, 957
94.13, 957
94.17, 957
94.20, 957
94.23, 957
94.27, 957
94.30, 957
94.34, 957
94.37, 957
94.41, 957
94.44, 957
94.47, 957
94.50, 957
94.54, 957
94.57, 957
94.61, 957
94.65, 957
94.69, 957
94.72, 957
94.76, 957
94.79, 957
94.83, 957
94.86, 957
94.89, 957
94.93, 957
94.96, 957
94.99, 957
95.03, 957
95.09, 957
95.13, 957
95.16, 957
95.20, 957
95.23, 957
95.26, 957
95.30, 957
95.41, 957
95.44, 957
95.48, 957
95.52, 957
95.55, 957
95.58, 957
95.62, 957
95.65, 957
95.69, 957
95.72, 957
95.76, 957
95.80, 957
96.25, 957
96.29, 957
96.51, 957
96.55, 957
96.58, 957
96.62, 957
96.66, 957
96.70, 957
96.73, 957
96.77, 957
96.81, 957
96.84, 957
96.88, 957
96.91, 957
96.95, 957
96.99, 957
97.16, 957
97.20, 957
97.24, 957
97.28, 957
97.32, 957
97.35, 957
97.39, 957
97.60, 957
97.63, 957
97.67, 957
97.70, 957
98.05, 957
98.09, 957
98.13, 957
98.17, 957
98.21, 957
98.24, 957
98.28, 957
98.32, 957
98.35, 957
98.39, 957
98.42, 957
98.46, 957
99.23, 957
99.27, 957
99.30, 957
99.34, 957
99.37, 957
99.41, 957
99.44, 957
99.47, 957
99.51, 957
99.55, 957
99.58, 957
99.61, 957
99.64, 957
99.68, 957
99.71, 957
99.74, 957
99.78, 957
99.81, 957
99.85, 957
99.88, 957
99.95, 957
99.99, 957
100.02, 957
100.06, 957
100.10, 957
100.13, 957
100.16, 957
100.20, 957
100.27, 957
100.31, 957
100.35, 957
100.39, 957
100.42, 957
100.45, 957
100.49, 957
100.52, 957
100.55, 957
100.59, 957
100.62, 957
100.66, 957
100.69, 957
100.72, 957
100.75, 957
100.79, 957
100.83, 957
100.86, 957
100.89, 957
100.93, 957
100.96, 957
101.00, 957
101.03, 957
101.06, 957
101.79, 957
101.82, 957
101.86, 957
101.89, 957
101.93, 957
101.96, 957
101.99, 957
102.03, 957
102.07, 957
102.10, 957
102.14, 957
102.17, 957
102.21, 957
102.25, 957
102.28, 957
102.31, 957
102.35, 957
102.38, 957
102.42, 957
102.46, 957
102.49, 957
102.53, 957
102.56, 957
102.59, 957
102.63, 957
102.67, 957
103.37, 957
103.41, 957
103.44, 957
103.47, 957
103.51, 957
103.55, 957
103.58, 957
103.62, 957
103.65, 957
103.69, 957
103.72, 957
103.75, 957
104.08, 957
104.12, 957
104.15, 957
104.19, 957
104.22, 957
104.43, 957
104.46, 957
104.50, 957
104.54, 957
104.58, 957
104.61, 957
104.65, 957
104.69, 957
104.72, 957
104.75, 957
105.07, 957
105.11, 957
105.14, 957
105.18, 957
105.21, 957
105.25, 957
105.29, 957
105.32, 957
105.35, 957
105.39, 957
105.42, 957
105.46, 957
105.49, 957
105.52, 957
105.56, 957
105.59, 957
105.63, 957
105.66, 957
105.69, 957
105.73, 957
105.77, 957
105.81, 957
105.84, 957
106.02, 957
106.05, 957
106.09, 957
106.13, 957
106.16, 957
106.20, 957
106.23, 957
106.27, 957
106.31, 957
106.34, 957
106.38, 957
106.41, 957
106.45, 957
106.48, 957
106.51, 957
106.55, 957
106.58, 957
106.61, 957
106.64, 957
106.68, 957
106.72, 957
106.76, 957
106.79, 957
106.83, 957
106.86, 957
106.90, 957
106.93, 957
106.97, 957
107.00, 957
107.04, 957
107.08, 957
107.11, 957
107.14, 957
107.18, 957
107.21, 957
107.35, 957
107.38, 957
107.41, 957
107.45, 957
107.49, 957
107.53, 957
107.57, 957
107.60, 957
107.64, 957
107.68, 957
107.71, 957
107.75, 957
107.79, 957
107.83, 957
107.86, 957
107.90, 957
107.93, 957
107.97, 957
108.01, 957
108.04, 957
108.08, 957
108.12, 957
108.15, 957
108.19, 957
108.22, 957
108.25, 957
108.28, 957
108.32, 957
108.35, 957
108.39, 957
108.63, 957
108.67, 957
108.70, 957
108.73, 957
108.76, 957
108.80, 957
108.83, 957
108.86, 957
108.90, 957
109.25, 957
109.29, 957
109.32, 957
109.35, 957
109.39, 957
109.42, 957
109.46, 957
109.49, 957
109.53, 957
109.56, 957
109.59, 957
109.63, 957
109.66, 957
109.69, 957
109.73, 957
109.77, 957
109.80, 957
109.83, 957
109.87, 957
109.90, 957
109.97, 957
110.01, 957
110.04, 957
110.07, 957
110.11, 957
110.14, 957
110.18, 957
111.48, 957
111.51, 957
111.55, 957
111.58, 957
111.62, 957
111.65, 957
111.69, 957
111.72, 957
111.75, 957
111.78, 957
111.82, 957
111.85, 957
111.89, 957
111.92, 957
111.96, 957
112.00, 957
112.03, 957
112.06, 957
112.09, 957
112.19, 957
112.23, 957
112.27, 957
112.30, 957
112.34, 957
112.38, 957
112.41, 957
112.45, 957
112.48, 957
112.51, 957
112.62, 957
112.65, 957
112.69, 957
112.72, 957
112.76, 957
112.79, 957
112.90, 957
112.93, 957
112.97, 957
113.01, 957
113.12, 957
113.15, 957
113.19, 957
113.23, 957
113.27, 957
113.30, 957
113.34, 957
113.37, 957
113.40, 957
113.44, 957
113.48, 957
113.51, 957
113.54, 957
113.58, 957
113.61, 957
113.65, 957
113.69, 957
113.72, 957
113.75, 957
113.79, 957
113.83, 957
113.86, 957
113.89, 957
113.93, 957
113.97, 957
114.01, 957
114.05, 957
114.08, 957
114.12, 957
114.15, 957
114.19, 957
114.22, 957
114.32, 957
114.35, 957
114.38, 957
114.42, 957
114.45, 957
114.49, 957
114.52, 957
114.56, 957
114.59, 957
114.66, 957
114.69, 957
114.72, 957
114.86, 957
114.97, 957
115.00, 957
115.04, 957
115.07, 957
115.10, 957
115.14, 957
115.18, 957
115.21, 957
115.25, 957
115.28, 957
115.32, 957
115.35, 957
115.38, 957
115.42, 957
115.45, 957
115.49, 957
115.53, 957
115.56, 957
115.60, 957
115.64, 957
115.67, 957
115.70, 957
115.81, 957
115.85, 957
115.88, 957
116.12, 957
116.16, 957
116.20, 957
116.23, 957
116.27, 957
116.30, 957
116.33, 957
116.36, 957
116.40, 957
116.43, 957
116.46, 957
116.49, 957
116.53, 957
116.59, 957
116.63, 957
116.67, 957
116.70, 957
116.73, 957
116.77, 957
116.81, 957
116.84, 957
116.88, 957
117.14, 957
117.20, 957
117.28, 957
117.31, 957
117.34, 957
117.45, 957
117.49, 957
117.61, 957
117.64, 957
117.95, 957
117.98, 957
118.58, 957
118.61, 957
118.65, 957
118.69, 957
118.72, 957
118.76, 957
118.79, 957
118.83, 957
118.87, 957
118.90, 957
118.94, 957
118.97, 957
119.01, 957
119.05, 957
119.08, 957
119.12, 957
119.15, 957
119.19, 957
119.22, 957
119.26, 957
119.29, 957
119.33, 957
119.40, 957
119.44, 957
119.51, 957
119.54, 957
119.58, 957
119.61, 957
119.65, 957
119.68, 957
119.71, 957
119.75, 957
119.78, 957
119.82, 957
119.89, 957
119.93, 957
119.97, 957
120.04, 957
120.08, 957
120.11, 957
120.14, 957
120.24, 957
120.28, 957
120.31, 957
120.34, 957
120.38, 957
120.41, 957
120.48, 957
120.52, 957
120.55, 957
120.58, 957
120.61, 957
120.65, 957
120.68, 957
120.72, 957
120.75, 957
120.79, 957
120.82, 957
120.86, 957
120.89, 957
120.93, 957
120.96, 957
121.21, 957
121.24, 957
121.27, 957
121.31, 957
121.35, 957
121.38, 957
121.41, 957
121.45, 957
121.48, 957
121.52, 957
121.55, 957
121.58, 957
121.62, 957
121.66, 957
121.69, 957
121.72, 957
121.76, 957
121.79, 957
121.84, 957
121.87, 957
121.90, 957
121.93, 957
121.97, 957
122.00, 957
122.04, 957
122.08, 957
122.11, 957
122.14, 957
122.17, 957
122.21, 957
122.24, 957
122.31, 957
122.35, 957
122.38, 957
122.41, 957
122.45, 957
122.48, 957
122.52, 957
122.55, 957
122.59, 957
122.63, 957
122.66, 957
122.69, 957
123.00, 957
123.03, 957
123.06, 957
123.10, 957
123.13, 957
123.17, 957
123.20, 957
123.24, 957
123.28, 957
123.31, 957
123.35, 957
123.38, 957
123.42, 957
123.45, 957
123.48, 957
123.52, 957
123.56, 957
123.59, 957
123.63, 957
123.66, 957
123.69, 957
123.72, 957
123.76, 957
123.80, 957
123.84, 957
123.88, 957
123.91, 957
123.95, 957
123.98, 957
124.02, 957
124.06, 957
124.10, 957
124.13, 957
124.17, 957
124.21, 957
124.24, 957
124.28, 957
124.32, 957
124.36, 957
124.39, 957
124.43, 957
124.46, 957
124.49, 957
124.54, 957
124.57, 957
124.61, 957
124.64, 957
124.68, 957
124.75, 957
124.79, 957
124.82, 957
124.86, 957
124.89, 957
124.92, 957
124.96, 957
125.00, 957
125.04, 957
125.07, 957
125.10, 957
125.14, 957
125.17, 957
125.21, 957
125.24, 957
125.27, 957
125.31, 957
125.35, 957
125.39, 957
125.43, 957
125.46, 957
125.50, 957
125.53, 957
125.64, 957
125.91, 957
125.98, 957
126.01, 957
126.05, 957
126.08, 957
126.11, 957
126.15, 957
126.18, 957
126.22, 957
126.25, 957
126.28, 957
126.31, 957
126.35, 957
126.38, 957
126.42, 957
126.45, 957
126.48, 957
126.52, 957
126.58, 957
126.61, 957
126.64, 957
126.67, 957
126.71, 957
126.73, 957
126.77, 957
126.84, 957
126.87, 957
126.90, 957
126.94, 957
126.98, 957
127.01, 957
127.04, 957
127.21, 957
127.24, 957
127.28, 957
127.31, 957
127.35, 957
127.38, 957
127.42, 957
127.45, 957
127.48, 957
127.51, 957
127.54, 957
127.58, 957
127.62, 957
127.65, 957
128.06, 957
128.09, 957
128.13, 957
128.16, 957
128.19, 957
128.22, 957
128.29, 957
128.32, 957
128.35, 957
128.39, 957
128.42, 957
128.45, 957
128.48, 957
128.51, 957
128.54, 957
128.58, 957
128.64, 957
128.68, 957
129.01, 957
129.56, 957
129.60, 957
129.64, 957
129.67, 957
129.71, 957
129.74, 957
129.77, 957
129.92, 957
129.95, 957
129.99, 957
130.02, 957
130.05, 957
130.08, 957
130.11, 957
130.15, 957
130.19, 957
130.22, 957
130.26, 957
130.29, 957
130.33, 957
130.36, 957
130.40, 957
130.44, 957
130.47, 957
130.50, 957
130.53, 957
130.63, 957
130.67, 957
130.70, 957
130.77, 957
130.81, 957
130.84, 957
130.87, 957
130.90, 957
130.94, 957
130.98, 957
131.01, 957
131.04, 957
131.08, 957
131.11, 957
131.14, 957
131.18, 957
131.21, 957
131.25, 957
131.28, 957
131.31, 957
131.35, 957
131.39, 957
131.42, 957
131.46, 957
131.50, 957
131.53, 957
131.56, 957
131.59, 957
131.63, 957
131.66, 957
131.69, 957
131.73, 957
131.76, 957
131.80, 957
131.83, 957
131.87, 957
131.90, 957
131.94, 957
131.97, 957
132.01, 957
132.04, 957
132.07, 957
132.11, 957
132.14, 957
132.18, 957
132.21, 957
132.25, 957
132.28, 957
132.32, 957
132.34, 957
132.38, 957
132.41, 957
132.44, 957
132.48, 957
132.51, 957
132.55, 957
132.59, 957
132.62, 957
132.65, 957
132.69, 957
132.73, 957
132.76, 957
132.79, 957
132.83, 957
132.87, 957
132.93, 957
132.96, 957
133.00, 957
133.03, 957
133.07, 957
133.10, 957
133.14, 957
133.17, 957
133.21, 957
133.24, 957
133.27, 957
133.31, 957
133.34, 957
133.38, 957
133.41, 957
133.44, 957
133.48, 957
133.51, 957
133.54, 957
133.57, 957
133.61, 957
133.64, 957
133.97, 957
134.00, 957
134.03, 957
134.07, 957
134.11, 957
134.14, 957
134.18, 957
134.21, 957
134.25, 957
134.28, 957
134.31, 957
134.34, 957
134.38, 957
134.76, 957
134.80, 957
134.83, 957
134.86, 957
134.90, 957
134.93, 957
134.97, 957
135.00, 957
135.04, 957
135.07, 957
135.11, 957
135.15, 957
135.18, 957
135.22, 957
135.25, 957
135.28, 957
135.32, 957
135.36, 957
135.40, 957
135.44, 957
135.47, 957
135.50, 957
135.54, 957
135.57, 957
135.60, 957
135.64, 957
135.67, 957
135.71, 957
135.74, 957
135.78, 957
135.81, 957
136.28, 957
136.31, 957
136.69, 957
136.73, 957
136.77, 957
136.80, 957
136.83, 957
136.87, 957
136.91, 957
136.94, 957
136.98, 957
137.01, 957
137.04, 957
137.07, 957
137.10, 957
137.14, 957
137.17, 957
137.21, 957
137.24, 957
137.31, 957
137.34, 957
137.38, 957
137.41, 957
137.44, 957
137.48, 957
137.62, 957
137.65, 957
137.68, 957
137.72, 957
137.75, 957
137.78, 957
137.85, 957
137.88, 957
137.92, 957
137.95, 957
137.99, 957
138.03, 957
138.06, 957
138.10, 957
138.14, 957
138.17, 957
138.21, 957
138.25, 957
138.28, 957
138.32, 957
138.35, 957
138.39, 957
138.43, 957
138.47, 957
138.50, 957
138.54, 957
138.58, 957
138.61, 957
138.65, 957
138.68, 957
138.72, 957
138.75, 957
138.79, 957
138.82, 957
138.86, 957
138.89, 957
138.93, 957
138.96, 957
138.99, 957
139.03, 957
139.06, 957
139.09, 957
139.12, 957
139.16, 957
139.19, 957
139.22, 957
139.25, 957
139.29, 957
139.32, 957
139.35, 957
139.43, 957
139.99, 957
140.03, 957
140.07, 957
140.10, 957
140.14, 957
140.17, 957
140.21, 957
140.24, 957
140.27, 957
140.31, 957
140.44, 957
140.48, 957
140.51, 957
140.55, 957
140.59, 957
140.62, 957
140.66, 957
140.70, 957
140.73, 957
140.77, 957
140.81, 957
140.85, 957
140.88, 957
140.92, 957
140.96, 957
141.00, 957
141.03, 957
141.10, 957
141.14, 957
141.18, 957
141.22, 957
141.26, 957
141.30, 957
141.33, 957
141.37, 957
141.40, 957
141.44, 957
141.48, 957
141.51, 957
141.66, 957
141.70, 957
141.77, 957
141.81, 957
141.84, 957
141.88, 957
141.91, 957
141.95, 957
141.98, 957
142.01, 957
142.05, 957
142.08, 957
142.11, 957
142.14, 957
142.18, 957
142.21, 957
142.25, 957
142.28, 957
142.31, 957
142.35, 957
142.38, 957
142.42, 957
143.62, 957
143.66, 957
143.70, 957
143.73, 957
143.77, 957
143.80, 957
143.84, 957
143.88, 957
143.91, 957
143.95, 957
143.98, 957
144.02, 957
144.06, 957
144.09, 957
144.13, 957
144.20, 957
144.24, 957
144.27, 957
144.31, 957
144.35, 957
144.39, 957
144.42, 957
144.45, 957
144.49, 957
144.52, 957
144.55, 957
144.59, 957
144.62, 957
144.66, 957
144.70, 957
144.73, 957
144.77, 957
144.80, 957
144.83, 957
144.87, 957
144.89, 957
144.93, 957
144.97, 957
145.00, 957
145.03, 957
145.07, 957
145.10, 957
145.14, 957
145.17, 957
145.21, 957
145.25, 957
145.28, 957
145.32, 957
145.35, 957
145.39, 957
145.43, 957
145.53, 957
145.56, 957
145.60, 957
145.64, 957
145.67, 957
145.71, 957
145.74, 957
145.78, 957
145.82, 957
145.85, 957
145.89, 957
145.93, 957
145.96, 957
146.29, 957
146.32, 957
146.36, 957
146.39, 957
146.43, 957
146.46, 957
146.50, 957
146.53, 957
146.56, 957
146.59, 957
146.63, 957
146.66, 957
146.70, 957
146.73, 957
147.49, 957
147.52, 957
147.56, 957
147.60, 957
147.63, 957
147.67, 957
147.70, 957
147.74, 957
147.78, 957
147.81, 957
147.84, 957
147.88, 957
147.92, 957
148.28, 957
148.32, 957
148.35, 957
148.39, 957
148.43, 957
148.46, 957
148.50, 957
148.53, 957
148.56, 957
148.76, 957
148.79, 957
148.83, 957
148.87, 957
148.90, 957
148.94, 957
148.98, 957
149.01, 957
149.05, 957
149.08, 957
149.12, 957
149.15, 957
149.19, 957
149.23, 957
149.26, 957
149.30, 957
149.33, 957
149.37, 957
149.41, 957
149.44, 957
149.48, 957
149.51, 957
149.55, 957
149.59, 957
149.62, 957
149.66, 957
149.69, 957
149.73, 957
149.76, 957
149.80, 957
149.83, 957
149.86, 957
149.90, 957
149.93, 957
150.19, 957
150.22, 957
150.26, 957
150.29, 957
150.33, 957
150.36, 957
150.43, 957
150.46, 957
150.50, 957
150.53, 957
150.57, 957
150.60, 957
150.64, 957
150.67, 957
150.71, 957
150.74, 957
150.78, 957
150.81, 957
150.95, 957
150.99, 957
151.02, 957
151.06, 957
151.19, 957
151.22, 957
151.26, 957
151.29, 957
151.33, 957
151.37, 957
151.40, 957
151.43, 957
151.47, 957
151.51, 957
151.54, 957
151.58, 957
151.62, 957
151.65, 957
151.68, 957
151.72, 957
151.75, 957
151.79, 957
151.83, 957
151.86, 957
151.89, 957
151.93, 957
151.96, 957
151.99, 957
152.03, 957
152.06, 957
152.10, 957
152.13, 957
152.17, 957
152.20, 957
152.63, 957
152.76, 957
152.80, 957
152.83, 957
152.86, 957
152.90, 957
152.93, 957
152.97, 957
153.16, 957
153.20, 957
153.23, 957
153.27, 957
153.31, 957
153.34, 957
153.37, 957
153.40, 957
153.57, 957
153.60, 957
153.64, 957
153.67, 957
153.71, 957
153.74, 957
153.78, 957
153.81, 957
153.85, 957
153.88, 957
153.92, 957
153.95, 957
153.98, 957
154.02, 957
154.05, 957
154.08, 957
154.12, 957
154.15, 957
154.18, 957
154.21, 957
154.25, 957
154.28, 957
154.32, 957
154.34, 957
154.37, 957
154.57, 957
154.60, 957
154.64, 957
154.67, 957
154.71, 957
154.74, 957
154.78, 957
154.82, 957
154.85, 957
154.88, 957
154.92, 957
154.95, 957
154.98, 957
155.01, 957
155.23, 957
155.26, 957
155.30, 957
155.34, 957
155.37, 957
155.40, 957
155.44, 957
155.47, 957
155.51, 957
155.54, 957
155.58, 957
155.61, 957
155.64, 957
155.68, 957
155.71, 957
155.75, 957
155.85, 957
155.89, 957
155.92, 957
155.95, 957
155.99, 957
156.02, 957
156.05, 957
156.09, 957
156.12, 957
156.16, 957
156.19, 957
156.23, 957
156.57, 957
156.60, 957
156.64, 957
156.68, 957
156.72, 957
156.76, 957
156.79, 957
156.83, 957
156.86, 957
156.90, 957
156.94, 957
156.98, 957
157.02, 957
157.05, 957
157.09, 957
157.20, 957
157.23, 957
157.26, 957
157.30, 957
157.34, 957
157.38, 957
157.41, 957
157.45, 957
157.48, 957
157.52, 957
157.55, 957
157.58, 957
157.62, 957
157.65, 957
157.69, 957
157.72, 957
157.76, 957
157.80, 957
157.83, 957
157.87, 957
157.90, 957
157.93, 957
157.96, 957
158.00, 957
158.04, 957
158.07, 957
158.11, 957
158.14, 957
158.18, 957
158.22, 957
158.25, 957
158.29, 957
158.32, 957
158.36, 957
158.40, 957
158.43, 957
158.47, 957
158.50, 957
158.54, 957
158.57, 957
158.60, 957
158.64, 957
158.67, 957
158.70, 957
158.74, 957
158.77, 957
158.81, 957
158.85, 957
158.88, 957
158.91, 957
158.95, 957
158.99, 957
159.02, 957
159.06, 957
159.09, 957
159.12, 957
159.15, 957
159.25, 957
159.29, 957
159.32, 957
159.36, 957
159.46, 957
159.50, 957
159.53, 957
159.57, 957
159.61, 957
159.64, 957
159.68, 957
159.71, 957
160.17, 957
160.20, 957
160.24, 957
160.27, 957
160.30, 957
160.34, 957
160.37, 957
160.41, 957
160.44, 957
160.48, 957
160.51, 957
160.55, 957
160.58, 957
160.62, 957
160.65, 957
160.69, 957
160.72, 957
160.75, 957
160.79, 957
160.82, 957
160.86, 957
160.89, 957
160.93, 957
160.96, 957
161.00, 957
161.03, 957
161.07, 957
161.14, 957
161.18, 957
161.21, 957
161.24, 957
161.28, 957
161.31, 957
161.34, 957
161.38, 957
161.42, 957
161.45, 957
161.49, 957
161.52, 957
161.56, 957
161.59, 957
161.63, 957
161.67, 957
161.71, 957
161.74, 957
161.88, 957
161.92, 957
161.96, 957
161.99, 957
162.03, 957
162.06, 957
162.10, 957
162.13, 957
162.17, 957
162.21, 957
162.24, 957
162.27, 957
162.30, 957
162.34, 957
162.37, 957
162.40, 957
162.43, 957
162.47, 957
162.50, 957
162.54, 957
162.58, 957
162.62, 957
162.65, 957
162.69, 957
162.72, 957
162.76, 957
162.80, 957
162.84, 957
162.87, 957
162.91, 957
162.94, 957
162.98, 957
163.01, 957
163.05, 957
163.09, 957
163.13, 957
163.16, 957
163.19, 957
163.23, 957
163.26, 957
163.30, 957
163.34, 957
163.38, 957
163.42, 957
163.45, 957
163.49, 957
163.53, 957
163.56, 957
163.60, 957
163.64, 957
163.67, 957
163.71, 957
163.74, 957
164.11, 957
164.15, 957
164.19, 957
164.22, 957
164.25, 957
164.29, 957
164.33, 957
164.36, 957
164.40, 957
164.43, 957
164.46, 957
164.50, 957
164.53, 957
164.57, 957
164.60, 957
164.63, 957
164.67, 957
164.70, 957
164.74, 957
164.78, 957
164.82, 957
164.86, 957
164.89, 957
164.93, 957
164.96, 957
165.00, 957
165.03, 957
165.07, 957
165.11, 957
165.15, 957
165.19, 957
165.25, 957
165.28, 957
165.32, 957
165.35, 957
165.39, 957
165.42, 957
165.46, 957
165.49, 957
165.52, 957
165.59, 957
165.62, 957
165.66, 957
165.70, 957
165.74, 957
165.77, 957
165.81, 957
165.84, 957
165.88, 957
165.92, 957
165.95, 957
165.99, 957
166.03, 957
166.06, 957
166.09, 957
166.13, 957
166.16, 957
166.20, 957
166.23, 957
166.27, 957
166.31, 957
166.35, 957
166.38, 957
166.42, 957
166.46, 957
166.49, 957
166.52, 957
166.56, 957
166.59, 957
166.63, 957
166.66, 957
166.69, 957
166.73, 957
166.76, 957
166.79, 957
166.83, 957
166.86, 957
167.36, 957
167.39, 957
167.43, 957
167.46, 957
167.50, 957
167.53, 957
167.60, 957
167.63, 957
167.67, 957
167.70, 957
167.73, 957
167.77, 957
167.81, 957
167.84, 957
167.88, 957
167.91, 957
167.94, 957
167.99, 957
168.02, 957
168.06, 957
168.09, 957
168.13, 957
168.17, 957
168.20, 957
168.24, 957
168.27, 957
168.38, 957
168.41, 957
168.45, 957
168.48, 957
168.52, 957
168.56, 957
168.59, 957
168.63, 957
168.66, 957
168.70, 957
168.74, 957
168.77, 957
168.81, 957
168.84, 957
168.88, 957
168.91, 957
168.95, 957
168.99, 957
169.06, 957
169.09, 957
169.13, 957
169.33, 957
169.36, 957
169.40, 957
169.43, 957
169.47, 957
169.58, 957
169.62, 957
169.65, 957
169.69, 957
169.72, 957
169.76, 957
169.83, 957
169.87, 957
169.90, 957
169.93, 957
169.97, 957
170.01, 957
170.05, 957
170.08, 957
170.12, 957
170.15, 957
170.18, 957
170.22, 957
170.25, 957
170.29, 957
170.39, 957
170.43, 957
170.47, 957
170.50, 957
170.53, 957
170.57, 957
170.60, 957
170.63, 957
170.67, 957
170.71, 957
170.74, 957
170.77, 957
170.80, 957
170.83, 957
170.87, 957
170.90, 957
170.93, 957
170.96, 957
171.00, 957
171.03, 957
171.06, 957
171.09, 957
171.12, 957
171.16, 957
171.28, 957
171.52, 957
171.56, 957
171.60, 957
171.63, 957
171.67, 957
171.70, 957
171.73, 957
171.77, 957
171.80, 957
171.83, 957
171.87, 957
171.98, 957
172.01, 957
172.04, 957
172.07, 957
172.11, 957
172.14, 957
172.18, 957
172.21, 957
172.28, 957
172.31, 957
172.35, 957
172.38, 957
172.42, 957
172.45, 957
172.49, 957
172.53, 957
172.76, 957
172.79, 957
172.83, 957
172.86, 957
172.90, 957
172.94, 957
172.97, 957
173.00, 957
173.04, 957
173.08, 957
173.11, 957
173.15, 957
173.18, 957
173.21, 957
173.25, 957
173.28, 957
173.31, 957
173.35, 957
173.38, 957
173.41, 957
173.45, 957
173.49, 957
173.53, 957
173.56, 957
173.60, 957
173.63, 957
173.67, 957
173.71, 957
173.74, 957
173.78, 957
173.81, 957
173.85, 957
173.89, 957
174.00, 957
174.03, 957
174.06, 957
174.10, 957
174.13, 957
174.17, 957
174.21, 957
174.25, 957
174.28, 957
174.32, 957
174.35, 957
174.39, 957
174.42, 957
174.45, 957
174.50, 957
174.64, 957
174.67, 957
174.70, 957
174.74, 957
174.77, 957
174.80, 957
174.84, 957
174.87, 957
174.90, 957
174.94, 957
174.97, 957
175.01, 957
175.96, 957
175.99, 957
176.03, 957
176.07, 957
176.10, 957
176.13, 957
176.16, 957
176.20, 957
176.23, 957
176.27, 957
176.31, 957
176.34, 957
176.37, 957
176.40, 957
176.43, 957
176.47, 957
176.50, 957
176.53, 957
176.57, 957
176.60, 957
176.63, 957
176.67, 957
176.70, 957
176.73, 957
176.77, 957
176.81, 957
176.84, 957
176.88, 957
176.91, 957
176.94, 957
176.98, 957
177.01, 957
177.05, 957
177.09, 957
177.12, 957
177.15, 957
177.18, 957
177.21, 957
177.24, 957
177.28, 957
177.31, 957
177.34, 957
177.38, 957
177.41, 957
177.44, 957
177.48, 957
177.51, 957
177.54, 957
177.58, 957
177.62, 957
177.66, 957
177.69, 957
177.72, 957
177.75, 957
177.82, 957
177.85, 957
177.89, 957
177.93, 957
178.00, 957
178.04, 957
178.07, 957
178.11, 957
178.15, 957
178.18, 957
178.21, 957
178.25, 957
178.28, 957
178.47, 957
178.51, 957
178.55, 957
178.65, 957
178.68, 957
178.72, 957
178.76, 957
178.79, 957
178.82, 957
178.86, 957
178.89, 957
178.92, 957
178.96, 957
179.00, 957
179.03, 957
179.07, 957
179.11, 957
179.15, 957
179.28, 957
179.32, 957
179.35, 957
179.39, 957
179.43, 957
179.46, 957
179.93, 957
180.26, 957
180.30, 957
180.33, 957
180.37, 957
180.40, 957
180.44, 957
180.47, 957
180.51, 957
180.55, 957
180.59, 957
180.63, 957
180.66, 957
180.70, 957
180.74, 957
180.77, 957
180.81, 957
180.84, 957
180.88, 957
180.91, 957
180.95, 957
180.98, 957
181.02, 957
181.15, 957
181.22, 957
181.25, 957
181.28, 957
181.31, 957
181.34, 957
181.38, 957
181.41, 957
181.44, 957
181.48, 957
181.51, 957
181.55, 957
181.58, 957
181.61, 957
181.65, 957
181.68, 957
181.72, 957
181.75, 957
181.79, 957
181.82, 957
181.86, 957
181.89, 957
181.93, 957
182.01, 957
182.05, 957
182.08, 957
182.11, 957
182.15, 957
182.19, 957
182.22, 957
182.26, 957
182.30, 957
182.33, 957
182.36, 957
182.40, 957
182.43, 957
182.46, 957
182.49, 957
182.53, 957
182.56, 957
182.59, 957
182.62, 957
182.66, 957
182.69, 957
182.72, 957
182.75, 957
182.79, 957
182.82, 957
182.86, 957
182.90, 957
182.94, 957
182.97, 957
183.00, 957
183.03, 957
183.10, 957
183.13, 957
183.16, 957
183.20, 957
183.23, 957
183.27, 957
183.31, 957
183.34, 957
183.37, 957
183.41, 957
183.45, 957
183.48, 957
183.52, 957
183.55, 957
183.58, 957
183.61, 957
183.64, 957
183.67, 957
183.71, 957
183.74, 957
183.78, 957
183.81, 957
183.84, 957
183.87, 957
183.90, 957
183.98, 957
184.01, 957
184.05, 957
184.08, 957
184.12, 957
184.15, 957
184.18, 957
184.21, 957
184.24, 957
184.28, 957
184.32, 957
184.36, 957
184.39, 957
184.42, 957
184.46, 957
184.50, 957
184.53, 957
184.57, 957
184.83, 957
184.86, 957
184.90, 957
184.94, 957
184.98, 957
185.01, 957
185.05, 957
185.08, 957
185.12, 957
185.15, 957
185.19, 957
185.22, 957
185.26, 957
185.30, 957
185.33, 957
185.37, 957
185.40, 957
185.43, 957
185.48, 957
185.55, 957
185.58, 957
185.62, 957
185.65, 957
185.68, 957
185.72, 957
185.75, 957
185.79, 957
185.82, 957
185.86, 957
185.93, 957
185.96, 957
186.00, 957
186.03, 957
186.06, 957
186.10, 957
186.13, 957
186.16, 957
186.20, 957
186.23, 957
186.27, 957
186.30, 957
186.33, 957
186.37, 957
186.40, 957
186.44, 957
186.47, 957
186.50, 957
186.54, 957
186.57, 957
186.61, 957
186.65, 957
186.69, 957
186.79, 957
186.83, 957
186.86, 957
186.90, 957
186.93, 957
186.97, 957
187.00, 957
187.04, 957
187.08, 957
187.11, 957
187.14, 957
187.18, 957
187.21, 957
187.25, 957
187.28, 957
187.32, 957
187.35, 957
187.39, 957
187.42, 957
187.46, 957
187.49, 957
187.72, 957
187.75, 957
187.79, 957
187.82, 957
187.96, 957
187.99, 957
188.02, 957
188.06, 957
188.09, 957
188.13, 957
188.16, 957
188.19, 957
188.22, 957
188.26, 957
188.29, 957
188.32, 957
188.35, 957
188.39, 957
188.42, 957
188.46, 957
188.50, 957
188.53, 957
188.57, 957
188.60, 957
188.64, 957
188.67, 957
188.70, 957
188.74, 957
188.77, 957
188.81, 957
188.85, 957
188.89, 957
188.93, 957
188.96, 957
189.00, 957
189.04, 957
189.08, 957
189.11, 957
189.14, 957
189.18, 957
189.21, 957
189.29, 957
189.42, 957
189.52, 957
189.56, 957
189.59, 957
189.63, 957
189.67, 957
189.70, 957
189.74, 957
189.78, 957
189.81, 957
189.84, 957
189.88, 957
189.91, 957
189.95, 957
189.98, 957
190.01, 957
190.05, 957
190.08, 957
190.12, 957
190.16, 957
190.38, 957
190.41, 957
190.45, 957
190.49, 957
190.53, 957
190.57, 957
190.60, 957
190.65, 957
190.68, 957
190.72, 957
190.75, 957
190.79, 957
190.83, 957
190.86, 957
190.90, 957
190.94, 957
191.00, 957
191.04, 957
191.07, 957
191.17, 957
191.21, 957
191.25, 957
191.29, 957
191.32, 957
191.36, 957
191.39, 957
191.43, 957
191.51, 957
191.54, 957
191.58, 957
192.04, 957
192.08, 957
192.12, 957
192.15, 957
192.19, 957
192.23, 957
192.26, 957
192.30, 957
192.34, 957
192.37, 957
192.40, 957
192.71, 957
192.75, 957
192.78, 957
192.81, 957
192.84, 957
192.87, 957
192.91, 957
192.95, 957
192.98, 957
193.02, 957
193.06, 957
193.09, 957
193.13, 957
193.27, 957
193.30, 957
193.34, 957
193.37, 957
193.41, 957
193.44, 957
193.47, 957
193.51, 957
193.54, 957
193.58, 957
193.62, 957
193.65, 957
193.68, 957
193.72, 957
193.76, 957
193.79, 957
193.83, 957
193.86, 957
193.89, 957
193.93, 957
193.96, 957
193.99, 957
194.02, 957
194.06, 957
194.09, 957
194.13, 957
194.16, 957
194.19, 957
194.23, 957
194.27, 957
194.33, 957
194.36, 957
194.40, 957
194.95, 957
194.99, 957
195.02, 957
195.06, 957
195.09, 957
195.13, 957
195.17, 957
195.21, 957
195.24, 957
195.28, 957
195.31, 957
195.35, 957
195.38, 957
195.42, 957
195.46, 957
195.49, 957
195.53, 957
195.57, 957
195.60, 957
195.63, 957
195.78, 957
195.81, 957
195.85, 957
195.89, 957
195.93, 957
196.00, 957
196.03, 957
196.07, 957
196.10, 957
196.14, 957
196.17, 957
196.28, 957
196.31, 957
196.34, 957
196.38, 957
196.41, 957
196.45, 957
196.49, 957
196.52, 957
196.56, 957
196.60, 957
196.63, 957
196.67, 957
196.70, 957
196.73, 957
196.77, 957
196.81, 957
196.84, 957
196.88, 957
196.92, 957
196.96, 957
196.99, 957
197.02, 957
197.06, 957
197.09, 957
197.13, 957
197.16, 957
197.27, 957
197.35, 957
197.38, 957
197.42, 957
197.45, 957
197.51, 957
197.65, 957
197.69, 957
197.72, 957
197.75, 957
197.79, 957
197.82, 957
197.85, 957
197.89, 957
197.93, 957
197.99, 957
198.03, 957
198.06, 957
198.37, 957
198.40, 957
198.44, 957
198.48, 957
198.51, 957
198.55, 957
198.58, 957
198.62, 957
198.66, 957
198.69, 957
198.72, 957
198.76, 957
198.80, 957
198.83, 957
198.90, 957
198.94, 957
198.97, 957
199.01, 957
199.04, 957
199.36, 957
199.39, 957
199.43, 957
199.46, 957
199.50, 957
199.53, 957
199.57, 957
199.60, 957
199.63, 957
199.70, 957
199.74, 957
199.76, 957
199.80, 957
199.83, 957
199.87, 957
199.90, 957
199.94, 957
199.97, 957
200.01, 957
200.04, 957
200.08, 957
200.11, 957
200.14, 957
200.18, 957
200.22, 957
200.25, 957
200.28, 957
200.32, 957
200.35, 957
200.38, 957
200.41, 957
200.45, 957
200.48, 957
200.52, 957
200.55, 957
200.59, 957
200.86, 957
200.89, 957
200.93, 957
200.96, 957
201.00, 957
201.10, 957
201.13, 957
201.16, 957
201.20, 957
201.24, 957
201.28, 957
201.32, 957
201.35, 957
201.39, 957
201.42, 957
201.45, 957
201.49, 957
201.53, 957
201.56, 957
201.60, 957
201.64, 957
201.67, 957
201.71, 957
201.74, 957
201.78, 957
201.81, 957
201.85, 957
201.88, 957
201.92, 957
201.96, 957
201.99, 957
202.73, 957
202.76, 957
202.80, 957
202.83, 957
202.86, 957
202.89, 957
202.93, 957
202.97, 957
203.00, 957
203.03, 957
203.07, 957
203.10, 957
203.14, 957
203.17, 957
203.31, 957
203.34, 957
203.38, 957
203.42, 957
203.46, 957
203.49, 957
203.52, 957
203.55, 957
203.59, 957
203.63, 957
203.65, 957
203.69, 957
203.72, 957
203.76, 957
203.79, 957
203.83, 957
203.86, 957
203.89, 957
203.92, 957
203.95, 957
203.99, 957
204.02, 957
204.05, 957
204.08, 957
204.12, 957
204.15, 957
204.18, 957
204.21, 957
204.25, 957
204.28, 957
204.32, 957
204.35, 957
204.39, 957
204.42, 957
204.46, 957
204.49, 957
204.52, 957
204.56, 957
204.86, 957
204.90, 957
204.93, 957
204.97, 957
205.00, 957
205.04, 957
205.07, 957
205.11, 957
205.15, 957
205.18, 957
205.21, 957
206.08, 957
206.11, 957
206.15, 957
206.18, 957
206.22, 957
206.26, 957
206.30, 957
206.34, 957
206.37, 957
206.44, 957
206.47, 957
206.51, 957
206.54, 957
206.57, 957
206.61, 957
206.64, 957
206.68, 957
206.71, 957
206.75, 957
206.79, 957
207.15, 957
207.18, 957
207.22, 957
207.25, 957
207.29, 957
207.32, 957
207.36, 957
207.39, 957
207.44, 957
207.48, 957
207.51, 957
207.55, 957
207.59, 957
207.62, 957
207.66, 957
207.69, 957
207.73, 957
207.76, 957
207.79, 957
207.83, 957
207.87, 957
207.90, 957
207.94, 957
207.97, 957
208.00, 957
208.03, 957
208.07, 957
208.10, 957
208.14, 957
208.17, 957
208.20, 957
208.24, 957
208.28, 957
208.31, 957
208.34, 957
208.37, 957
208.41, 957
208.45, 957
208.48, 957
208.52, 957
208.55, 957
208.58, 957
208.62, 957
208.65, 957
208.69, 957
208.72, 957
208.75, 957
208.79, 957
208.82, 957
208.86, 957
208.89, 957
209.30, 957
209.33, 957
209.37, 957
209.40, 957
209.44, 957
209.47, 957
209.51, 957
209.54, 957
209.57, 957
209.60, 957
209.63, 957
209.67, 957
209.74, 957
209.78, 957
209.82, 957
209.85, 957
209.89, 957
209.93, 957
209.96, 957
210.00, 957
210.03, 957
210.07, 957
210.10, 957
211.03, 957
211.06, 957
211.10, 957
211.17, 957
211.20, 957
211.24, 957
211.27, 957
211.30, 957
211.33, 957
211.37, 957
211.41, 957
211.44, 957
211.47, 957
211.51, 957
211.54, 957
211.58, 957
211.62, 957
211.65, 957
211.69, 957
211.73, 957
211.76, 957
211.79, 957
211.83, 957
211.87, 957
211.90, 957
211.94, 957
211.98, 957
212.01, 957
212.05, 957
212.09, 957
212.12, 957
212.15, 957
212.19, 957
212.23, 957
212.26, 957
212.30, 957
212.34, 957
212.37, 957
212.41, 957
212.44, 957
212.55, 957
212.59, 957
212.62, 957
212.66, 957
212.70, 957
212.73, 957
213.16, 957
213.19, 957
213.22, 957
213.25, 957
213.28, 957
213.32, 957
213.35, 957
213.38, 957
213.42, 957
213.45, 957
213.49, 957
213.59, 957
213.63, 957
213.66, 957
213.70, 957
213.74, 957
213.77, 957
213.80, 957
214.22, 957
214.26, 957
214.29, 957
214.32, 957
214.35, 957
214.39, 957
214.43, 957
214.46, 957
214.49, 957
214.52, 957
214.56, 957
214.60, 957
214.63, 957
214.67, 957
214.70, 957
214.81, 957
214.84, 957
214.88, 957
214.91, 957
215.05, 957
215.08, 957
215.12, 957
215.19, 957
215.22, 957
215.26, 957
215.30, 957
215.33, 957
215.36, 957
215.39, 957
215.43, 957
215.46, 957
215.49, 957
215.53, 957
215.56, 957
215.59, 957
215.63, 957
215.66, 957
215.70, 957
215.74, 957
215.77, 957
215.80, 957
215.84, 957
215.87, 957
215.91, 957
216.68, 957
216.72, 957
216.75, 957
216.78, 957
216.82, 957
216.85, 957
217.10, 957
217.13, 957
217.17, 957
217.20, 957
217.23, 957
217.27, 957
217.31, 957
217.35, 957
217.39, 957
217.42, 957
217.45, 957
217.49, 957
217.53, 957
217.57, 957
217.60, 957
217.64, 957
217.67, 957
217.71, 957
217.75, 957
217.78, 957
217.82, 957
217.85, 957
217.88, 957
217.92, 957
217.96, 957
217.99, 957
218.02, 957
218.06, 957
218.10, 957
218.13, 957
218.17, 957
218.28, 957
218.31, 957
218.35, 957
218.39, 957
218.67, 957
218.71, 957
218.74, 957
218.77, 957
218.81, 957
218.84, 957
218.88, 957
218.91, 957
218.95, 957
218.98, 957
219.02, 957
219.06, 957
219.10, 957
219.13, 957
219.16, 957
219.20, 957
219.23, 957
219.55, 957
219.72, 957
219.76, 957
219.80, 957
219.84, 957
219.87, 957
219.90, 957
219.94, 957
219.98, 957
220.01, 957
220.05, 957
220.09, 957
220.12, 957
220.15, 957
220.19, 957
220.22, 957
220.25, 957
220.29, 957
220.39, 957
220.43, 957
220.46, 957
220.49, 957
220.53, 957
220.56, 957
220.60, 957
220.63, 957
220.66, 957
220.70, 957
220.74, 957
220.77, 957
220.80, 957
220.84, 957
220.87, 957
220.91, 957
220.94, 957
220.98, 957
221.01, 957
221.04, 957
221.08, 957
221.11, 957
221.15, 957
221.18, 957
221.22, 957
221.26, 957
221.29, 957
221.32, 957
221.35, 957
221.39, 957
221.43, 957
221.46, 957
221.49, 957
221.81, 957
221.84, 957
221.87, 957
221.91, 957
222.33, 957
222.37, 957
222.41, 957
222.44, 957
222.48, 957
222.51, 957
222.55, 957
222.58, 957
222.61, 957
222.65, 957
222.68, 957
222.71, 957
222.74, 957
222.90, 957
222.94, 957
222.97, 957
223.01, 957
223.04, 957
223.07, 957
223.11, 957
223.15, 957
223.18, 957
223.22, 957
223.26, 957
223.30, 957
223.33, 957
223.37, 957
223.40, 957
223.44, 957
223.47, 957
223.51, 957
223.55, 957
223.58, 957
223.94, 957
223.97, 957
224.02, 957
224.16, 957
224.19, 957
224.23, 957
224.26, 957
224.30, 957
224.33, 957
224.36, 957
224.40, 957
224.43, 957
224.46, 957
224.49, 957
224.52, 957
224.56, 957
224.59, 957
224.63, 957
224.84, 957
224.87, 957
224.90, 957
224.94, 957
224.97, 957
225.01, 957
225.04, 957
225.14, 957
225.18, 957
225.21, 957
225.24, 957
225.28, 957
225.31, 957
225.35, 957
225.38, 957
225.41, 957
225.44, 957
225.48, 957
225.52, 957
225.55, 957
225.58, 957
225.62, 957
225.65, 957
225.69, 957
225.73, 957
225.76, 957
225.79, 957
225.83, 957
225.86, 957
225.89, 957
225.93, 957
225.96, 957
226.10, 957
226.13, 957
226.17, 957
226.20, 957
226.24, 957
226.27, 957
226.31, 957
226.34, 957
226.37, 957
226.41, 957
226.45, 957
226.48, 957
226.51, 957
226.55, 957
226.58, 957
226.72, 957
226.75, 957
226.78, 957
226.82, 957
226.85, 957
226.88, 957
226.92, 957
226.95, 957
226.99, 957
227.03, 957
227.13, 957
227.41, 957
227.44, 957
227.48, 957
227.51, 957
227.55, 957
227.65, 957
227.68, 957
228.09, 957
228.16, 957
228.19, 957
228.23, 957
228.59, 957
228.62, 957
228.66, 957
228.69, 957
228.72, 957
228.75, 957
228.79, 957
228.82, 957
228.85, 957
228.89, 957
228.93, 957
228.97, 957
229.00, 957
229.04, 957
229.07, 957
229.11, 957
229.15, 957
229.19, 957
229.22, 957
229.26, 957
229.29, 957
229.32, 957
229.36, 957
229.40, 957
229.43, 957
229.47, 957
229.54, 957
229.57, 957
229.61, 957
229.64, 957
229.68, 957
229.71, 957
229.96, 957
229.99, 957
230.02, 957
230.06, 957
230.09, 957
230.13, 957
230.16, 957
230.20, 957
230.23, 957
230.27, 957
230.30, 957
230.33, 957
230.37, 957
230.41, 957
230.44, 957
230.48, 957
230.51, 957
230.54, 957
230.57, 957
230.61, 957
230.64, 957
230.67, 957
230.71, 957
230.74, 957
230.78, 957
230.81, 957
230.85, 957
230.88, 957
230.92, 957
230.95, 957
230.99, 957
231.03, 957
231.06, 957
231.16, 957
231.20, 957
231.23, 957
231.27, 957
231.30, 957
231.33, 957
231.37, 957
231.40, 957
231.43, 957
231.46, 957
231.50, 957
231.53, 957
231.57, 957
231.60, 957
231.63, 957
231.67, 957
231.70, 957
231.73, 957
231.77, 957
231.80, 957
231.84, 957
231.87, 957
231.91, 957
231.98, 957
232.02, 957
232.05, 957
232.09, 957
232.12, 957
232.16, 957
232.19, 957
232.22, 957
232.25, 957
232.28, 957
232.32, 957
232.35, 957
232.39, 957
232.42, 957
232.47, 957
232.50, 957
232.54, 957
232.57, 957
232.61, 957
232.64, 957
232.67, 957
232.71, 957
232.74, 957
232.78, 957
232.82, 957
232.85, 957
232.88, 957
232.92, 957
232.95, 957
232.99, 957
233.02, 957
233.06, 957
233.09, 957
233.13, 957
233.16, 957
233.20, 957
233.23, 957
233.27, 957
233.30, 957
233.33, 957
233.37, 957
233.40, 957
233.44, 957
233.47, 957
233.50, 957
233.53, 957
233.99, 957
234.02, 957
234.06, 957
234.09, 957
234.13, 957
234.16, 957
234.20, 957
234.24, 957
234.28, 957
234.31, 957
234.35, 957
234.38, 957
234.42, 957
234.45, 957
234.48, 957
234.52, 957
234.56, 957
234.59, 957
234.63, 957
234.66, 957
234.78, 957
234.81, 957
234.84, 957
234.88, 957
234.92, 957
234.95, 957
234.98, 957
235.02, 957
235.05, 957
235.09, 957
235.13, 957
235.16, 957
235.19, 957
235.27, 957
235.30, 957
235.33, 957
235.37, 957
235.40, 957
235.44, 957
235.47, 957
235.51, 957
235.55, 957
235.59, 957
235.62, 957
235.66, 957
235.69, 957
235.72, 957
235.76, 957
235.79, 957
235.83, 957
235.87, 957
235.91, 957
235.95, 957
235.99, 957
236.02, 957
236.38, 957
236.42, 957
236.45, 957
236.49, 957
236.52, 957
236.56, 957
236.59, 957
236.62, 957
236.65, 957
236.69, 957
236.72, 957
236.76, 957
236.79, 957
236.84, 957
236.91, 957
236.94, 957
236.98, 957
237.01, 957
237.05, 957
237.08, 957
237.11, 957
237.29, 957
237.33, 957
237.36, 957
237.39, 957
237.43, 957
237.46, 957
237.50, 957
237.56, 957
237.60, 957
237.63, 957
237.66, 957
237.70, 957
237.73, 957
237.77, 957
237.81, 957
237.85, 957
237.88, 957
237.91, 957
237.94, 957
237.98, 957
238.01, 957
238.05, 957
238.08, 957
238.12, 957
238.15, 957
238.18, 957
238.22, 957
238.25, 957
238.28, 957
238.32, 957
238.36, 957
238.39, 957
238.42, 957
238.45, 957
238.81, 957
238.84, 957
238.88, 957
239.23, 957
239.27, 957
239.30, 957
239.34, 957
239.38, 957
239.41, 957
239.45, 957
239.48, 957
239.52, 957
239.55, 957
239.59, 957
239.63, 957
239.67, 957
239.70, 957
239.74, 957
239.95, 957
