0.55, 1156
0.59, 1093
0.63, 1066
0.67, 1042
0.72, 1032
0.76, 1012
0.80, 1006
0.85, 996
0.89, 989
0.93, 987
0.97, 987
1.01, 984
1.05, 981
1.08, 981
1.12, 978
1.16, 977
1.19, 973
1.23, 973
1.26, 973
1.29, 971
1.33, 967
1.36, 966
1.40, 964
1.43, 964
1.46, 962
1.50, 962
1.54, 962
1.57, 962
1.60, 961
1.64, 961
1.67, 960
1.71, 960
1.74, 959
1.77, 959
1.81, 959
1.84, 959
1.88, 959
1.91, 959
1.94, 959
1.98, 958
2.02, 958
2.05, 958
2.15, 958
2.19, 958
2.22, 958
2.26, 958
2.29, 958
2.66, 958
2.70, 958
2.73, 958
2.77, 958
2.81, 958
2.84, 958
2.88, 958
2.91, 958
2.94, 958
2.98, 958
3.01, 958
3.05, 958
3.08, 957
3.11, 957
3.31, 957
3.35, 957
3.38, 957
3.42, 957
3.45, 957
3.48, 957
3.51, 957
3.55, 957
3.59, 957
3.63, 957
3.66, 957
3.69, 957
3.73, 957
3.76, 957
3.79, 957
3.83, 957
3.86, 957
3.90, 957
3.93, 957
3.96, 957
3.99, 957
4.03, 957
4.07, 957
4.10, 957
4.13, 957
4.16, 957
4.23, 957
4.27, 957
4.30, 957
4.34, 957
4.37, 957
4.41, 957
4.67, 957
4.71, 957
4.74, 957
4.78, 957
4.81, 957
4.85, 957
4.89, 957
4.99, 957
5.03, 957
5.06, 957
5.10, 957
5.13, 957
5.17, 957
5.20, 957
5.24, 957
5.28, 957
5.32, 957
5.35, 957
5.39, 957
5.43, 957
5.46, 957
5.49, 957
5.53, 957
5.57, 957
5.63, 957
5.67, 957
5.70, 957
5.74, 957
5.78, 957
5.81, 957
5.85, 957
5.88, 957
5.91, 957
5.96, 957
5.99, 957
6.03, 957
6.06, 957
6.09, 957
6.13, 957
6.16, 957
6.23, 957
6.27, 957
6.30, 957
6.33, 957
6.37, 957
6.41, 957
6.45, 957
6.48, 957
6.52, 957
6.55, 957
6.59, 957
6.62, 957
6.65, 957
6.69, 957
6.72, 957
6.76, 957
6.79, 957
6.83, 957
6.86, 957
6.89, 957
6.92, 957
6.96, 957
6.99, 957
7.02, 957
7.06, 957
7.10, 957
7.13, 957
7.17, 957
7.20, 957
7.24, 957
7.27, 957
7.31, 957
7.34, 957
7.38, 957
7.41, 957
7.45, 957
7.48, 957
7.52, 957
7.55, 957
7.58, 957
7.62, 957
7.65, 957
7.69, 957
7.72, 957
7.76, 957
7.79, 957
7.82, 957
7.85, 957
7.89, 957
7.92, 957
7.96, 957
8.00, 957
8.03, 957
8.07, 957
8.21, 957
8.74, 957
8.77, 957
8.81, 957
8.85, 957
8.88, 957
8.92, 957
8.95, 957
8.98, 957
9.01, 957
9.05, 957
9.09, 957
9.12, 957
9.15, 957
9.19, 957
9.23, 957
9.26, 957
9.29, 957
9.33, 957
9.36, 957
9.40, 957
9.43, 957
9.47, 957
9.50, 957
9.53, 957
9.56, 957
9.71, 957
9.74, 957
9.78, 957
9.81, 957
9.85, 957
9.89, 957
9.92, 957
9.96, 957
9.99, 957
10.03, 957
10.06, 957
10.10, 957
10.13, 957
10.20, 957
10.23, 957
10.27, 957
10.99, 957
11.03, 957
11.06, 957
11.10, 957
11.13, 957
11.16, 957
11.20, 957
11.24, 957
11.27, 957
11.31, 957
11.35, 957
11.38, 957
11.41, 957
11.44, 957
11.77, 957
11.80, 957
11.84, 957
11.88, 957
11.91, 957
11.94, 957
11.98, 957
12.01, 957
12.05, 957
12.09, 957
12.13, 957
12.17, 957
12.20, 957
12.24, 957
12.28, 957
12.31, 957
12.35, 957
12.39, 957
12.60, 957
12.63, 957
12.67, 957
12.70, 957
12.74, 957
12.95, 957
12.98, 957
13.02, 957
13.05, 957
13.09, 957
13.13, 957
13.16, 957
13.19, 957
13.23, 957
13.26, 957
13.29, 957
13.32, 957
13.36, 957
13.40, 957
13.43, 957
13.46, 957
13.49, 957
13.53, 957
13.56, 957
13.59, 957
13.63, 957
13.66, 957
13.70, 957
13.73, 957
13.77, 957
13.80, 957
13.83, 957
13.87, 957
13.90, 957
13.94, 957
13.98, 957
14.01, 957
14.05, 957
14.09, 957
14.12, 957
14.16, 957
14.54, 957
14.58, 957
14.61, 957
14.65, 957
14.69, 957
14.72, 957
14.75, 957
14.78, 957
14.82, 957
14.85, 957
14.89, 957
14.96, 957
15.00, 957
15.03, 957
15.07, 957
15.10, 957
15.14, 957
15.17, 957
15.20, 957
15.24, 957
15.27, 957
15.31, 957
15.38, 957
15.42, 957
15.45, 957
15.48, 957
15.51, 957
15.55, 957
15.59, 957
15.62, 957
15.66, 957
15.70, 957
15.73, 957
15.77, 957
15.80, 957
15.84, 957
15.88, 957
15.91, 957
15.94, 957
15.98, 957
16.01, 957
16.05, 957
16.09, 957
16.12, 957
16.16, 957
16.20, 957
16.23, 957
16.30, 957
16.37, 957
16.41, 957
16.44, 957
16.48, 957
16.55, 957
16.59, 957
16.62, 957
16.66, 957
16.73, 957
16.77, 957
16.81, 957
16.84, 957
16.87, 957
16.91, 957
16.95, 957
16.99, 957
17.02, 957
17.06, 957
17.10, 957
17.13, 957
17.17, 957
17.20, 957
17.24, 957
17.28, 957
17.31, 957
17.34, 957
17.38, 957
17.41, 957
17.45, 957
17.49, 957
17.52, 957
17.56, 957
17.59, 957
17.62, 957
17.66, 957
17.70, 957
17.73, 957
17.77, 957
17.80, 957
17.84, 957
17.87, 957
17.90, 957
17.93, 957
17.97, 957
18.00, 957
18.04, 957
18.07, 957
18.11, 957
18.14, 957
18.21, 957
18.25, 957
18.29, 957
18.45, 957
18.49, 957
18.52, 957
18.56, 957
18.60, 957
18.63, 957
18.66, 957
18.70, 957
18.73, 957
18.77, 957
18.81, 957
18.84, 957
18.88, 957
18.91, 957
18.95, 957
18.98, 957
19.05, 957
19.08, 957
19.12, 957
19.15, 957
19.19, 957
19.22, 957
19.26, 957
19.33, 957
19.37, 957
19.40, 957
19.44, 957
19.47, 957
19.51, 957
19.55, 957
19.58, 957
19.62, 957
19.65, 957
19.69, 957
19.72, 957
19.76, 957
19.80, 957
19.83, 957
19.86, 957
19.90, 957
19.93, 957
19.97, 957
20.00, 957
20.04, 957
20.07, 957
20.10, 957
20.14, 957
20.17, 957
20.21, 957
20.25, 957
20.28, 957
20.31, 957
20.35, 957
20.38, 957
20.42, 957
20.46, 957
20.49, 957
20.53, 957
20.57, 957
20.60, 957
20.63, 957
20.67, 957
20.70, 957
20.74, 957
20.84, 957
20.87, 957
20.91, 957
20.95, 957
20.98, 957
21.02, 957
21.05, 957
21.09, 957
21.12, 957
21.16, 957
21.19, 957
21.22, 957
21.26, 957
21.30, 957
21.34, 957
21.37, 957
21.41, 957
21.44, 957
21.47, 957
21.51, 957
21.54, 957
21.58, 957
21.62, 957
21.66, 957
21.70, 957
21.73, 957
21.76, 957
21.80, 957
21.84, 957
21.88, 957
21.92, 957
21.96, 957
22.00, 957
22.03, 957
22.06, 957
22.09, 957
22.13, 957
22.16, 957
22.20, 957
22.23, 957
22.26, 957
22.29, 957
22.33, 957
22.37, 957
22.40, 957
22.44, 957
22.48, 957
22.52, 957
22.55, 957
22.59, 957
22.62, 957
22.66, 957
22.70, 957
22.73, 957
22.76, 957
22.80, 957
22.87, 957
22.91, 957
23.05, 957
23.08, 957
23.12, 957
23.16, 957
23.20, 957
23.23, 957
23.27, 957
23.30, 957
23.34, 957
23.48, 957
23.56, 957
23.59, 957
23.62, 957
23.66, 957
23.73, 957
23.76, 957
23.90, 957
23.94, 957
23.97, 957
24.00, 957
24.03, 957
24.06, 957
24.09, 957
24.13, 957
24.16, 957
24.20, 957
24.24, 957
24.27, 957
24.31, 957
24.34, 957
24.38, 957
25.04, 957
25.08, 957
25.11, 957
25.15, 957
25.19, 957
25.22, 957
25.26, 957
25.30, 957
25.33, 957
25.37, 957
25.40, 957
25.44, 957
25.55, 957
25.59, 957
25.62, 957
26.17, 957
26.21, 957
26.24, 957
26.28, 957
26.32, 957
26.35, 957
26.39, 957
26.42, 957
26.45, 957
26.49, 957
26.53, 957
26.56, 957
26.60, 957
26.64, 957
26.67, 957
26.71, 957
26.75, 957
26.78, 957
26.81, 957
26.84, 957
26.88, 957
26.92, 957
26.95, 957
26.99, 957
27.03, 957
27.07, 957
27.10, 957
27.14, 957
27.17, 957
27.21, 957
27.24, 957
27.28, 957
27.32, 957
27.35, 957
27.38, 957
27.41, 957
27.56, 957
27.59, 957
27.63, 957
27.67, 957
27.75, 957
27.91, 957
28.19, 957
28.22, 957
28.26, 957
28.29, 957
28.32, 957
28.35, 957
28.39, 957
28.42, 957
28.46, 957
28.49, 957
28.53, 957
28.56, 957
28.60, 957
28.63, 957
28.67, 957
28.70, 957
28.74, 957
28.77, 957
28.81, 957
28.84, 957
28.87, 957
28.91, 957
28.94, 957
28.97, 957
29.01, 957
29.04, 957
29.09, 957
29.12, 957
29.16, 957
29.19, 957
29.22, 957
29.26, 957
29.30, 957
29.34, 957
29.37, 957
29.40, 957
29.44, 957
29.47, 957
29.50, 957
29.53, 957
29.57, 957
29.60, 957
29.64, 957
29.68, 957
29.71, 957
29.75, 957
29.78, 957
29.82, 957
29.85, 957
29.89, 957
29.93, 957
29.96, 957
30.00, 957
30.03, 957
30.06, 957
30.10, 957
30.13, 957
30.16, 957
30.20, 957
30.23, 957
30.27, 957
30.30, 957
30.34, 957
30.37, 957
30.40, 957
30.45, 957
30.48, 957
30.52, 957
30.55, 957
30.58, 957
30.62, 957
30.66, 957
30.69, 957
30.73, 957
30.77, 957
30.80, 957
30.83, 957
30.87, 957
30.90, 957
30.94, 957
30.97, 957
31.00, 957
31.03, 957
31.07, 957
31.32, 957
31.35, 957
31.38, 957
31.42, 957
31.45, 957
31.49, 957
31.52, 957
31.56, 957
31.59, 957
31.67, 957
31.70, 957
31.74, 957
31.77, 957
31.81, 957
31.84, 957
31.88, 957
31.91, 957
31.95, 957
32.02, 957
32.06, 957
32.09, 957
32.12, 957
32.22, 957
32.26, 957
32.29, 957
32.32, 957
32.36, 957
32.40, 957
32.43, 957
32.47, 957
32.51, 957
32.54, 957
32.58, 957
32.61, 957
32.64, 957
32.68, 957
32.71, 957
32.75, 957
32.80, 957
32.84, 957
32.87, 957
32.91, 957
32.95, 957
32.99, 957
33.02, 957
33.06, 957
33.09, 957
33.13, 957
33.27, 957
33.31, 957
33.34, 957
33.38, 957
33.43, 957
33.47, 957
33.50, 957
33.53, 957
33.87, 957
33.91, 957
33.94, 957
33.98, 957
34.01, 957
34.05, 957
34.09, 957
34.13, 957
34.16, 957
34.19, 957
34.23, 957
34.27, 957
34.30, 957
34.49, 957
34.52, 957
34.55, 957
34.60, 957
34.63, 957
34.67, 957
34.70, 957
34.74, 957
34.77, 957
34.81, 957
34.84, 957
34.88, 957
34.91, 957
34.94, 957
34.98, 957
35.01, 957
35.04, 957
35.08, 957
35.12, 957
35.16, 957
35.19, 957
35.23, 957
35.26, 957
35.30, 957
35.33, 957
35.37, 957
35.41, 957
35.44, 957
35.47, 957
35.51, 957
35.55, 957
35.58, 957
35.61, 957
35.65, 957
35.69, 957
35.73, 957
35.76, 957
35.79, 957
35.83, 957
35.87, 957
35.90, 957
35.93, 957
35.96, 957
36.00, 957
36.02, 957
36.06, 957
36.10, 957
36.13, 957
36.16, 957
36.19, 957
36.23, 957
36.27, 957
36.62, 957
36.65, 957
36.69, 957
36.73, 957
36.76, 957
36.80, 957
36.83, 957
36.86, 957
36.90, 957
36.93, 957
36.97, 957
37.00, 957
37.03, 957
37.07, 957
37.10, 957
37.13, 957
37.17, 957
37.21, 957
37.25, 957
37.28, 957
37.31, 957
37.35, 957
37.38, 957
37.41, 957
37.45, 957
37.48, 957
37.52, 957
37.55, 957
37.59, 957
37.63, 957
37.66, 957
37.70, 957
37.73, 957
37.77, 957
37.81, 957
37.84, 957
37.87, 957
37.91, 957
37.95, 957
37.99, 957
38.03, 957
38.07, 957
38.10, 957
38.14, 957
38.17, 957
38.64, 957
38.68, 957
38.72, 957
38.75, 957
38.79, 957
38.82, 957
38.86, 957
38.89, 957
38.92, 957
38.97, 957
39.00, 957
39.04, 957
39.08, 957
39.11, 957
39.15, 957
39.18, 957
39.21, 957
39.24, 957
39.28, 957
39.31, 957
39.35, 957
39.38, 957
39.42, 957
39.75, 957
39.78, 957
39.82, 957
39.85, 957
39.89, 957
39.93, 957
39.96, 957
40.00, 957
40.03, 957
40.30, 957
40.33, 957
40.36, 957
40.39, 957
40.43, 957
40.46, 957
40.49, 957
40.53, 957
40.56, 957
40.60, 957
40.63, 957
40.66, 957
40.69, 957
40.73, 957
40.76, 957
40.80, 957
40.91, 957
40.95, 957
40.98, 957
41.01, 957
41.05, 957
41.08, 957
41.11, 957
41.15, 957
41.18, 957
41.22, 957
41.26, 957
41.30, 957
41.33, 957
41.37, 957
41.40, 957
41.44, 957
41.47, 957
41.50, 957
41.53, 957
41.57, 957
41.60, 957
41.63, 957
41.67, 957
41.70, 957
41.73, 957
41.94, 957
41.98, 957
42.01, 957
42.05, 957
42.08, 957
42.12, 957
42.15, 957
42.19, 957
42.23, 957
42.26, 957
42.30, 957
42.33, 957
42.37, 957
42.40, 957
42.43, 957
42.46, 957
42.50, 957
42.53, 957
42.57, 957
42.60, 957
42.63, 957
42.66, 957
42.69, 957
42.73, 957
42.76, 957
42.79, 957
42.83, 957
42.86, 957
42.89, 957
42.93, 957
42.96, 957
43.00, 957
43.03, 957
43.06, 957
43.09, 957
43.13, 957
43.17, 957
43.20, 957
43.23, 957
43.27, 957
43.31, 957
43.34, 957
43.37, 957
43.41, 957
43.45, 957
43.48, 957
43.52, 957
43.56, 957
43.59, 957
43.62, 957
43.70, 957
43.74, 957
43.80, 957
43.84, 957
43.87, 957
43.91, 957
43.95, 957
43.99, 957
44.02, 957
44.06, 957
44.10, 957
44.13, 957
44.17, 957
44.20, 957
44.24, 957
44.28, 957
44.31, 957
44.35, 957
44.38, 957
44.42, 957
44.46, 957
44.50, 957
44.53, 957
44.56, 957
44.60, 957
44.63, 957
44.67, 957
44.70, 957
45.11, 957
45.15, 957
45.18, 957
45.22, 957
45.26, 957
45.29, 957
45.33, 957
45.37, 957
45.40, 957
45.44, 957
45.47, 957
45.51, 957
45.54, 957
45.58, 957
45.62, 957
45.65, 957
45.69, 957
45.72, 957
45.76, 957
45.83, 957
45.86, 957
45.90, 957
45.93, 957
45.97, 957
46.00, 957
46.04, 957
46.07, 957
46.11, 957
46.15, 957
46.18, 957
46.21, 957
46.25, 957
46.28, 957
46.32, 957
46.35, 957
46.39, 957
46.49, 957
46.53, 957
46.60, 957
46.63, 957
46.67, 957
46.70, 957
46.74, 957
46.77, 957
46.80, 957
46.84, 957
46.93, 957
46.97, 957
47.04, 957
47.24, 957
47.27, 957
47.30, 957
47.33, 957
47.37, 957
47.41, 957
47.44, 957
47.47, 957
47.51, 957
47.54, 957
47.57, 957
47.61, 957
47.64, 957
47.67, 957
47.70, 957
47.74, 957
47.77, 957
47.81, 957
47.84, 957
47.88, 957
47.91, 957
47.94, 957
47.98, 957
48.01, 957
48.04, 957
48.07, 957
48.11, 957
48.15, 957
48.19, 957
48.22, 957
48.25, 957
48.29, 957
48.32, 957
48.35, 957
48.39, 957
48.50, 957
48.54, 957
48.58, 957
48.61, 957
48.65, 957
48.68, 957
48.78, 957
48.81, 957
48.84, 957
48.87, 957
48.91, 957
48.94, 957
48.97, 957
49.02, 957
49.05, 957
49.09, 957
49.12, 957
49.15, 957
49.19, 957
49.22, 957
49.26, 957
49.29, 957
49.33, 957
49.37, 957
49.40, 957
49.44, 957
49.47, 957
49.51, 957
50.09, 957
50.12, 957
50.16, 957
50.19, 957
50.23, 957
50.26, 957
50.29, 957
50.32, 957
50.35, 957
50.42, 957
50.45, 957
50.49, 957
50.52, 957
50.56, 957
50.62, 957
50.75, 957
50.79, 957
50.82, 957
50.86, 957
50.89, 957
50.93, 957
50.97, 957
51.00, 957
51.03, 957
51.06, 957
51.09, 957
51.13, 957
51.16, 957
51.20, 957
51.23, 957
51.27, 957
51.30, 957
51.33, 957
51.40, 957
51.43, 957
51.47, 957
51.50, 957
51.53, 957
51.57, 957
51.60, 957
51.64, 957
51.67, 957
51.71, 957
51.74, 957
52.08, 957
52.12, 957
52.14, 957
52.18, 957
52.21, 957
52.24, 957
52.27, 957
52.30, 957
52.34, 957
52.37, 957
52.57, 957
52.60, 957
52.63, 957
52.66, 957
52.97, 957
53.00, 957
53.10, 957
53.14, 957
53.17, 957
53.20, 957
53.24, 957
53.31, 957
53.34, 957
53.38, 957
53.41, 957
53.44, 957
53.47, 957
53.50, 957
53.54, 957
53.58, 957
53.62, 957
53.66, 957
53.69, 957
53.73, 957
53.77, 957
53.81, 957
53.84, 957
53.92, 957
53.95, 957
53.99, 957
54.03, 957
54.06, 957
54.10, 957
54.14, 957
54.17, 957
54.21, 957
54.24, 957
54.27, 957
54.31, 957
54.35, 957
54.38, 957
54.42, 957
54.46, 957
54.49, 957
54.53, 957
54.57, 957
54.61, 957
54.67, 957
54.71, 957
54.75, 957
54.78, 957
54.82, 957
54.85, 957
54.88, 957
54.92, 957
54.95, 957
54.99, 957
55.03, 957
55.06, 957
55.09, 957
55.13, 957
55.16, 957
55.19, 957
55.22, 957
55.26, 957
55.30, 957
55.33, 957
55.37, 957
55.40, 957
55.44, 957
55.48, 957
55.52, 957
55.55, 957
55.59, 957
55.63, 957
55.66, 957
55.69, 957
55.73, 957
55.77, 957
55.80, 957
55.83, 957
55.87, 957
55.91, 957
55.94, 957
55.98, 957
56.01, 957
56.05, 957
56.08, 957
56.11, 957
56.52, 957
56.56, 957
56.59, 957
56.63, 957
56.66, 957
56.69, 957
56.73, 957
56.76, 957
56.80, 957
56.83, 957
56.96, 957
56.99, 957
57.03, 957
57.06, 957
57.52, 957
57.59, 957
57.63, 957
57.66, 957
57.70, 957
57.73, 957
57.77, 957
57.87, 957
57.90, 957
57.94, 957
57.97, 957
58.01, 957
58.04, 957
58.08, 957
58.41, 957
58.45, 957
58.48, 957
58.51, 957
58.55, 957
58.58, 957
58.62, 957
58.65, 957
58.69, 957
58.72, 957
58.75, 957
58.79, 957
58.82, 957
58.89, 957
58.93, 957
59.03, 957
59.06, 957
59.09, 957
59.13, 957
59.16, 957
59.20, 957
59.23, 957
59.27, 957
59.30, 957
59.34, 957
59.37, 957
59.41, 957
59.45, 957
59.49, 957
59.94, 957
59.97, 957
60.00, 957
60.04, 957
60.08, 957
60.11, 957
60.15, 957
60.19, 957
60.37, 957
60.41, 957
61.20, 957
61.24, 957
61.27, 957
61.31, 957
61.35, 957
61.39, 957
61.42, 957
61.46, 957
61.50, 957
61.54, 957
61.57, 957
61.61, 957
61.65, 957
61.68, 957
61.72, 957
61.75, 957
61.79, 957
61.82, 957
61.85, 957
61.89, 957
61.92, 957
61.95, 957
61.99, 957
62.02, 957
62.06, 957
62.10, 957
62.13, 957
62.16, 957
62.19, 957
62.23, 957
62.27, 957
62.67, 957
62.71, 957
62.74, 957
62.78, 957
62.81, 957
62.89, 957
62.92, 957
62.95, 957
63.65, 957
63.69, 957
63.72, 957
63.79, 957
63.83, 957
63.86, 957
63.90, 957
63.93, 957
63.96, 957
64.00, 957
64.03, 957
64.07, 957
64.10, 957
64.13, 957
64.16, 957
64.20, 957
64.23, 957
64.26, 957
64.30, 957
64.34, 957
64.38, 957
64.41, 957
64.44, 957
64.48, 957
64.51, 957
64.54, 957
64.58, 957
64.62, 957
64.65, 957
64.69, 957
64.72, 957
64.76, 957
64.79, 957
64.89, 957
64.93, 957
64.97, 957
65.00, 957
65.04, 957
65.08, 957
65.11, 957
65.15, 957
65.18, 957
65.22, 957
65.25, 957
65.28, 957
65.31, 957
65.35, 957
65.39, 957
65.43, 957
65.47, 957
65.50, 957
65.53, 957
65.57, 957
65.61, 957
65.64, 957
65.68, 957
65.71, 957
65.75, 957
65.79, 957
65.83, 957
65.86, 957
65.89, 957
65.93, 957
65.96, 957
65.99, 957
66.03, 957
66.06, 957
66.10, 957
66.14, 957
66.18, 957
66.21, 957
66.24, 957
66.28, 957
66.31, 957
66.35, 957
66.38, 957
66.42, 957
66.46, 957
66.49, 957
66.57, 957
66.61, 957
66.77, 957
66.84, 957
66.88, 957
66.97, 957
67.00, 957
67.04, 957
67.07, 957
67.11, 957
67.14, 957
67.18, 957
67.21, 957
67.25, 957
67.28, 957
67.32, 957
67.45, 957
67.49, 957
67.52, 957
67.55, 957
67.59, 957
67.62, 957
67.65, 957
67.69, 957
67.72, 957
67.75, 957
67.79, 957
67.82, 957
67.89, 957
67.92, 957
67.95, 957
67.99, 957
68.03, 957
68.06, 957
68.10, 957
68.14, 957
68.17, 957
68.21, 957
68.24, 957
68.28, 957
68.32, 957
68.35, 957
68.38, 957
68.42, 957
68.45, 957
68.49, 957
68.52, 957
68.55, 957
68.59, 957
68.87, 957
68.90, 957
68.94, 957
68.97, 957
69.01, 957
69.05, 957
69.08, 957
69.12, 957
69.15, 957
69.18, 957
69.22, 957
69.25, 957
69.28, 957
69.32, 957
69.35, 957
69.38, 957
69.42, 957
69.45, 957
69.48, 957
69.58, 957
69.61, 957
69.65, 957
69.68, 957
69.71, 957
69.75, 957
69.78, 957
69.81, 957
69.85, 957
69.88, 957
69.91, 957
69.95, 957
69.98, 957
70.01, 957
70.05, 957
70.70, 957
70.74, 957
70.78, 957
70.81, 957
70.84, 957
70.88, 957
70.91, 957
70.95, 957
70.98, 957
71.01, 957
71.05, 957
71.09, 957
71.12, 957
71.16, 957
71.20, 957
71.24, 957
71.27, 957
71.30, 957
71.34, 957
71.38, 957
71.41, 957
71.44, 957
71.48, 957
71.94, 957
71.98, 957
72.01, 957
72.05, 957
72.07, 957
72.18, 957
72.21, 957
72.24, 957
72.28, 957
72.32, 957
72.35, 957
72.38, 957
72.41, 957
72.44, 957
72.48, 957
72.55, 957
72.58, 957
72.62, 957
72.65, 957
72.84, 957
72.87, 957
72.91, 957
72.94, 957
72.98, 957
73.02, 957
73.05, 957
73.08, 957
73.12, 957
73.16, 957
73.20, 957
73.23, 957
73.26, 957
73.30, 957
73.33, 957
73.37, 957
73.40, 957
73.43, 957
73.47, 957
73.50, 957
73.53, 957
73.57, 957
73.61, 957
73.64, 957
73.67, 957
73.71, 957
73.74, 957
73.77, 957
73.80, 957
73.84, 957
73.87, 957
73.90, 957
73.93, 957
73.97, 957
74.04, 957
74.07, 957
74.10, 957
74.17, 957
74.20, 957
74.23, 957
74.27, 957
74.30, 957
74.33, 957
74.37, 957
74.40, 957
74.44, 957
74.47, 957
74.51, 957
74.54, 957
74.58, 957
74.61, 957
74.65, 957
74.68, 957
74.71, 957
74.85, 957
74.88, 957
74.92, 957
74.95, 957
74.98, 957
75.05, 957
75.20, 957
75.23, 957
75.26, 957
75.30, 957
75.33, 957
75.36, 957
75.39, 957
75.43, 957
75.46, 957
75.50, 957
75.53, 957
75.57, 957
75.73, 957
75.76, 957
75.90, 957
75.94, 957
75.97, 957
76.01, 957
76.04, 957
76.07, 957
76.10, 957
76.14, 957
76.18, 957
76.21, 957
76.25, 957
76.29, 957
76.32, 957
76.36, 957
76.40, 957
76.43, 957
76.46, 957
76.50, 957
76.53, 957
76.57, 957
76.60, 957
76.64, 957
76.67, 957
76.70, 957
76.74, 957
76.78, 957
76.81, 957
76.85, 957
76.88, 957
77.10, 957
77.13, 957
77.17, 957
77.20, 957
77.57, 957
77.61, 957
77.64, 957
77.74, 957
77.78, 957
77.81, 957
78.26, 957
78.30, 957
78.33, 957
78.37, 957
78.41, 957
78.44, 957
78.47, 957
78.51, 957
78.54, 957
78.58, 957
78.61, 957
78.64, 957
78.68, 957
78.71, 957
78.75, 957
78.78, 957
78.81, 957
78.85, 957
78.89, 957
78.92, 957
78.95, 957
78.99, 957
79.02, 957
79.06, 957
79.09, 957
79.12, 957
79.16, 957
79.19, 957
79.23, 957
79.26, 957
79.30, 957
79.33, 957
79.37, 957
79.40, 957
79.44, 957
79.47, 957
79.50, 957
79.53, 957
79.57, 957
79.60, 957
79.63, 957
79.67, 957
79.70, 957
79.74, 957
79.77, 957
79.88, 957
79.91, 957
79.94, 957
79.98, 957
80.02, 957
80.05, 957
80.08, 957
80.12, 957
80.15, 957
80.19, 957
80.23, 957
80.27, 957
80.30, 957
80.34, 957
80.37, 957
80.41, 957
80.44, 957
80.47, 957
80.51, 957
80.54, 957
80.57, 957
80.60, 957
80.64, 957
80.67, 957
80.71, 957
80.74, 957
80.77, 957
80.91, 957
80.94, 957
80.97, 957
81.01, 957
81.04, 957
81.07, 957
81.10, 957
81.13, 957
81.16, 957
81.20, 957
81.23, 957
81.27, 957
81.30, 957
81.34, 957
81.37, 957
81.41, 957
81.44, 957
81.47, 957
81.51, 957
81.54, 957
81.58, 957
81.61, 957
81.65, 957
81.69, 957
81.72, 957
81.76, 957
81.79, 957
81.82, 957
81.86, 957
81.90, 957
81.93, 957
81.97, 957
82.01, 957
82.04, 957
82.11, 957
82.14, 957
82.18, 957
82.21, 957
82.25, 957
82.29, 957
82.32, 957
82.36, 957
82.40, 957
82.43, 957
82.46, 957
82.50, 957
82.53, 957
82.57, 957
82.60, 957
82.64, 957
82.68, 957
82.72, 957
82.75, 957
82.79, 957
82.82, 957
82.86, 957
82.89, 957
82.92, 957
82.97, 957
83.00, 957
83.04, 957
83.07, 957
83.10, 957
83.14, 957
83.18, 957
83.21, 957
83.24, 957
83.28, 957
83.31, 957
83.35, 957
83.38, 957
83.42, 957
83.46, 957
83.49, 957
83.53, 957
83.57, 957
83.61, 957
83.64, 957
83.68, 957
83.71, 957
83.74, 957
83.78, 957
83.81, 957
83.85, 957
83.88, 957
83.91, 957
83.94, 957
83.98, 957
84.01, 957
84.04, 957
84.08, 957
84.11, 957
84.15, 957
84.18, 957
84.22, 957
84.25, 957
84.29, 957
84.32, 957
84.36, 957
84.39, 957
84.42, 957
84.46, 957
84.49, 957
84.53, 957
84.56, 957
84.59, 957
84.63, 957
84.66, 957
84.70, 957
84.74, 957
84.78, 957
84.81, 957
84.85, 957
84.89, 957
84.92, 957
84.95, 957
84.98, 957
85.01, 957
85.04, 957
85.08, 957
85.12, 957
85.16, 957
85.19, 957
85.23, 957
85.26, 957
85.29, 957
85.33, 957
85.36, 957
85.43, 957
85.46, 957
85.49, 957
85.53, 957
85.57, 957
85.61, 957
85.64, 957
85.68, 957
85.71, 957
85.74, 957
85.77, 957
85.81, 957
85.84, 957
85.88, 957
85.91, 957
85.95, 957
85.98, 957
86.01, 957
86.05, 957
86.08, 957
86.12, 957
86.15, 957
86.34, 957
86.37, 957
86.40, 957
86.44, 957
86.47, 957
86.51, 957
86.54, 957
86.58, 957
86.61, 957
86.64, 957
87.58, 957
87.62, 957
87.65, 957
87.68, 957
87.72, 957
87.76, 957
87.79, 957
87.83, 957
87.86, 957
87.90, 957
87.94, 957
87.97, 957
88.01, 957
88.04, 957
88.46, 957
88.49, 957
88.52, 957
88.56, 957
88.58, 957
88.62, 957
88.66, 957
88.69, 957
88.72, 957
88.76, 957
88.79, 957
88.82, 957
88.86, 957
90.66, 957
90.70, 957
90.73, 957
90.77, 957
90.80, 957
90.84, 957
90.87, 957
90.90, 957
90.93, 957
90.96, 957
90.99, 957
91.03, 957
91.07, 957
91.10, 957
91.14, 957
91.17, 957
91.21, 957
91.24, 957
91.28, 957
91.31, 957
91.35, 957
91.38, 957
91.42, 957
91.46, 957
91.49, 957
91.52, 957
91.56, 957
91.59, 957
91.62, 957
91.66, 957
91.69, 957
91.73, 957
91.76, 957
91.80, 957
91.84, 957
91.90, 957
91.94, 957
91.97, 957
92.00, 957
92.04, 957
92.07, 957
92.11, 957
92.14, 957
92.17, 957
92.20, 957
92.24, 957
92.27, 957
92.30, 957
92.34, 957
92.37, 957
92.41, 957
92.45, 957
92.48, 957
92.51, 957
92.55, 957
92.59, 957
92.62, 957
92.65, 957
92.69, 957
92.73, 957
92.76, 957
92.80, 957
92.84, 957
92.87, 957
92.91, 957
92.95, 957
92.99, 957
93.03, 957
93.07, 957
93.11, 957
93.14, 957
93.17, 957
93.21, 957
93.24, 957
93.32, 957
93.35, 957
93.39, 957
93.46, 957
93.49, 957
93.53, 957
93.57, 957
93.60, 957
93.70, 957
93.74, 957
93.78, 957
93.81, 957
93.85, 957
93.89, 957
93.92, 957
93.95, 957
93.98, 957
94.03, 957
94.06, 957
94.10, 957
94.13, 957
94.16, 957
94.19, 957
94.23, 957
94.27, 957
94.30, 957
94.34, 957
94.37, 957
94.40, 957
94.44, 957
94.47, 957
94.50, 957
94.54, 957
94.58, 957
94.61, 957
94.64, 957
94.71, 957
94.74, 957
94.77, 957
94.80, 957
94.83, 957
94.86, 957
94.90, 957
95.01, 957
95.04, 957
95.08, 957
95.11, 957
95.14, 957
95.18, 957
95.21, 957
95.25, 957
95.29, 957
95.32, 957
95.36, 957
95.39, 957
95.84, 957
95.87, 957
96.08, 957
96.12, 957
96.15, 957
96.18, 957
96.22, 957
96.25, 957
96.29, 957
96.33, 957
96.36, 957
96.39, 957
96.43, 957
96.47, 957
96.50, 957
96.54, 957
96.71, 957
96.74, 957
96.78, 957
96.81, 957
96.85, 957
96.88, 957
96.91, 957
97.11, 957
97.14, 957
97.17, 957
97.21, 957
97.56, 957
97.59, 957
97.63, 957
97.66, 957
97.69, 957
97.73, 957
97.76, 957
97.80, 957
97.84, 957
97.87, 957
97.90, 957
97.94, 957
98.70, 957
98.74, 957
98.78, 957
98.81, 957
98.85, 957
98.89, 957
98.93, 957
98.96, 957
98.99, 957
99.03, 957
99.07, 957
99.10, 957
99.14, 957
99.18, 957
99.22, 957
99.25, 957
99.28, 957
99.32, 957
99.36, 957
99.39, 957
99.46, 957
99.50, 957
99.53, 957
99.57, 957
99.61, 957
99.64, 957
99.68, 957
99.71, 957
99.78, 957
99.81, 957
99.85, 957
99.88, 957
99.91, 957
99.94, 957
99.97, 957
100.00, 957
100.04, 957
100.07, 957
100.10, 957
100.13, 957
100.17, 957
100.20, 957
100.23, 957
100.27, 957
100.30, 957
100.33, 957
100.37, 957
100.40, 957
100.43, 957
100.47, 957
100.50, 957
100.53, 957
101.26, 957
101.29, 957
101.33, 957
101.36, 957
101.39, 957
101.43, 957
101.46, 957
101.50, 957
101.53, 957
101.57, 957
101.60, 957
101.64, 957
101.67, 957
101.71, 957
101.74, 957
101.77, 957
101.81, 957
101.84, 957
101.87, 957
101.91, 957
101.94, 957
101.97, 957
102.01, 957
102.04, 957
102.07, 957
102.11, 957
102.79, 957
102.83, 957
102.87, 957
102.90, 957
102.93, 957
102.96, 957
103.00, 957
103.04, 957
103.07, 957
103.10, 957
103.14, 957
103.18, 957
103.49, 957
103.53, 957
103.56, 957
103.60, 957
103.64, 957
103.84, 957
103.88, 957
103.91, 957
103.95, 957
103.99, 957
104.03, 957
104.06, 957
104.10, 957
104.14, 957
104.18, 957
104.49, 957
104.53, 957
104.57, 957
104.61, 957
104.65, 957
104.68, 957
104.72, 957
104.76, 957
104.79, 957
104.83, 957
104.86, 957
104.90, 957
104.94, 957
104.97, 957
105.01, 957
105.04, 957
105.08, 957
105.11, 957
105.14, 957
105.18, 957
105.22, 957
105.25, 957
105.28, 957
105.46, 957
105.49, 957
105.52, 957
105.55, 957
105.59, 957
105.62, 957
105.66, 957
105.69, 957
105.72, 957
105.76, 957
105.79, 957
105.83, 957
105.86, 957
105.89, 957
105.92, 957
105.96, 957
106.00, 957
106.03, 957
106.07, 957
106.11, 957
106.14, 957
106.17, 957
106.21, 957
106.24, 957
106.28, 957
106.32, 957
106.35, 957
106.39, 957
106.43, 957
106.46, 957
106.50, 957
106.53, 957
106.56, 957
106.60, 957
106.63, 957
106.77, 957
106.80, 957
106.83, 957
106.86, 957
106.90, 957
106.93, 957
106.97, 957
107.00, 957
107.04, 957
107.07, 957
107.10, 957
107.14, 957
107.17, 957
107.20, 957
107.24, 957
107.27, 957
107.30, 957
107.34, 957
107.37, 957
107.41, 957
107.44, 957
107.48, 957
107.51, 957
107.54, 957
107.58, 957
107.61, 957
107.64, 957
107.67, 957
107.70, 957
107.74, 957
107.98, 957
108.02, 957
108.05, 957
108.08, 957
108.12, 957
108.15, 957
108.18, 957
108.22, 957
108.25, 957
108.60, 957
108.63, 957
108.67, 957
108.70, 957
108.74, 957
108.77, 957
108.80, 957
108.84, 957
108.87, 957
108.91, 957
108.94, 957
108.98, 957
109.02, 957
109.05, 957
109.09, 957
109.13, 957
109.16, 957
109.19, 957
109.23, 957
109.26, 957
109.33, 957
109.36, 957
109.40, 957
109.43, 957
109.47, 957
109.50, 957
109.54, 957
110.88, 957
110.91, 957
110.95, 957
110.98, 957
111.01, 957
111.05, 957
111.08, 957
111.12, 957
111.15, 957
111.18, 957
111.22, 957
111.25, 957
111.29, 957
111.32, 957
111.36, 957
111.40, 957
111.43, 957
111.47, 957
111.50, 957
111.61, 957
111.64, 957
111.68, 957
111.72, 957
111.76, 957
111.80, 957
111.83, 957
111.87, 957
111.91, 957
111.94, 957
112.05, 957
112.08, 957
112.11, 957
112.15, 957
112.18, 957
112.22, 957
112.32, 957
112.36, 957
112.39, 957
112.42, 957
112.53, 957
112.56, 957
112.60, 957
112.63, 957
112.67, 957
112.70, 957
112.74, 957
112.78, 957
112.81, 957
112.85, 957
112.88, 957
112.91, 957
112.95, 957
112.99, 957
113.02, 957
113.06, 957
113.09, 957
113.12, 957
113.15, 957
113.19, 957
113.22, 957
113.26, 957
113.29, 957
113.32, 957
113.36, 957
113.39, 957
113.43, 957
113.46, 957
113.50, 957
113.53, 957
113.57, 957
113.60, 957
113.70, 957
113.73, 957
113.77, 957
113.80, 957
113.84, 957
113.87, 957
113.90, 957
113.94, 957
113.97, 957
114.05, 957
114.08, 957
114.12, 957
114.26, 957
114.35, 957
114.39, 957
114.42, 957
114.46, 957
114.49, 957
114.53, 957
114.56, 957
114.60, 957
114.63, 957
114.67, 957
114.70, 957
114.74, 957
114.78, 957
114.81, 957
114.85, 957
114.89, 957
114.92, 957
114.96, 957
114.99, 957
115.03, 957
115.07, 957
115.10, 957
115.22, 957
115.25, 957
115.29, 957
115.53, 957
115.57, 957
115.61, 957
115.64, 957
115.68, 957
115.71, 957
115.75, 957
115.78, 957
115.82, 957
115.85, 957
115.88, 957
115.92, 957
115.95, 957
116.02, 957
116.05, 957
116.09, 957
116.12, 957
116.16, 957
116.19, 957
116.23, 957
116.26, 957
116.30, 957
116.59, 957
116.65, 957
116.73, 957
116.76, 957
116.79, 957
116.90, 957
116.94, 957
117.05, 957
117.08, 957
117.40, 957
117.43, 957
118.03, 957
118.06, 957
118.10, 957
118.13, 957
118.17, 957
118.21, 957
118.24, 957
118.28, 957
118.31, 957
118.34, 957
118.38, 957
118.42, 957
118.45, 957
118.48, 957
118.52, 957
118.55, 957
118.59, 957
118.62, 957
118.66, 957
118.69, 957
118.73, 957
118.76, 957
118.83, 957
118.86, 957
118.93, 957
118.96, 957
119.00, 957
119.03, 957
119.07, 957
119.11, 957
119.14, 957
119.17, 957
119.21, 957
119.24, 957
119.31, 957
119.35, 957
119.38, 957
119.45, 957
119.48, 957
119.52, 957
119.56, 957
119.66, 957
119.70, 957
119.73, 957
119.77, 957
119.80, 957
119.84, 957
119.91, 957
119.95, 957
119.99, 957
120.02, 957
120.05, 957
120.09, 957
120.12, 957
120.16, 957
120.20, 957
120.23, 957
120.26, 957
120.30, 957
120.33, 957
120.37, 957
120.41, 957
120.65, 957
120.69, 957
120.73, 957
120.76, 957
120.80, 957
120.84, 957
120.87, 957
120.90, 957
120.94, 957
120.97, 957
121.01, 957
121.04, 957
121.08, 957
121.12, 957
121.15, 957
121.19, 957
121.22, 957
121.26, 957
121.29, 957
121.33, 957
121.37, 957
121.40, 957
121.45, 957
121.48, 957
121.51, 957
121.55, 957
121.58, 957
121.61, 957
121.65, 957
121.68, 957
121.72, 957
121.79, 957
121.82, 957
121.85, 957
121.88, 957
121.92, 957
121.96, 957
121.99, 957
122.02, 957
122.05, 957
122.09, 957
122.12, 957
122.16, 957
122.46, 957
122.50, 957
122.53, 957
122.56, 957
122.59, 957
122.63, 957
122.67, 957
122.70, 957
122.74, 957
122.78, 957
122.82, 957
122.86, 957
122.90, 957
122.93, 957
122.96, 957
123.00, 957
123.03, 957
123.07, 957
123.10, 957
123.13, 957
123.16, 957
123.19, 957
123.23, 957
123.27, 957
123.30, 957
123.34, 957
123.37, 957
123.40, 957
123.43, 957
123.47, 957
123.51, 957
123.55, 957
123.59, 957
123.62, 957
123.65, 957
123.69, 957
123.72, 957
123.76, 957
123.80, 957
123.84, 957
123.87, 957
123.90, 957
123.93, 957
123.97, 957
124.01, 957
124.04, 957
124.08, 957
124.11, 957
124.18, 957
124.22, 957
124.25, 957
124.29, 957
124.32, 957
124.35, 957
124.39, 957
124.42, 957
124.46, 957
124.49, 957
124.52, 957
124.55, 957
124.59, 957
124.62, 957
124.65, 957
124.69, 957
124.72, 957
124.76, 957
124.80, 957
124.83, 957
124.87, 957
124.90, 957
124.94, 957
125.04, 957
125.30, 957
125.37, 957
125.41, 957
125.44, 957
125.48, 957
125.51, 957
125.54, 957
125.58, 957
125.62, 957
125.65, 957
125.69, 957
125.72, 957
125.76, 957
125.79, 957
125.82, 957
125.85, 957
125.89, 957
125.93, 957
125.99, 957
126.03, 957
126.06, 957
126.09, 957
126.13, 957
126.16, 957
126.20, 957
126.26, 957
126.30, 957
126.33, 957
126.37, 957
126.40, 957
126.44, 957
126.48, 957
126.65, 957
126.68, 957
126.72, 957
126.75, 957
126.79, 957
126.82, 957
126.86, 957
126.89, 957
126.92, 957
126.97, 957
127.00, 957
127.03, 957
127.07, 957
127.10, 957
127.53, 957
127.56, 957
127.60, 957
127.64, 957
127.66, 957
127.69, 957
127.76, 957
127.80, 957
127.83, 957
127.87, 957
127.90, 957
127.93, 957
127.97, 957
128.00, 957
128.03, 957
128.06, 957
128.13, 957
128.16, 957
128.51, 957
129.07, 957
129.10, 957
129.13, 957
129.17, 957
129.20, 957
129.23, 957
129.27, 957
129.41, 957
129.44, 957
129.47, 957
129.50, 957
129.54, 957
129.57, 957
129.61, 957
129.64, 957
129.67, 957
129.71, 957
129.74, 957
129.77, 957
129.81, 957
129.84, 957
129.88, 957
129.91, 957
129.95, 957
129.98, 957
130.01, 957
130.12, 957
130.15, 957
130.18, 957
130.25, 957
130.28, 957
130.31, 957
130.35, 957
130.38, 957
130.41, 957
130.45, 957
130.49, 957
130.52, 957
130.56, 957
130.59, 957
130.63, 957
130.67, 957
130.71, 957
130.74, 957
130.78, 957
130.81, 957
130.84, 957
130.88, 957
130.92, 957
130.96, 957
130.99, 957
131.03, 957
131.06, 957
131.09, 957
131.13, 957
131.17, 957
131.20, 957
131.24, 957
131.27, 957
131.30, 957
131.34, 957
131.38, 957
131.42, 957
131.45, 957
131.50, 957
131.53, 957
131.56, 957
131.60, 957
131.64, 957
131.67, 957
131.71, 957
131.74, 957
131.78, 957
131.81, 957
131.84, 957
131.88, 957
131.92, 957
131.95, 957
131.98, 957
132.02, 957
132.06, 957
132.10, 957
132.13, 957
132.17, 957
132.20, 957
132.24, 957
132.27, 957
132.32, 957
132.35, 957
132.39, 957
132.42, 957
132.50, 957
132.54, 957
132.58, 957
132.61, 957
132.64, 957
132.68, 957
132.72, 957
132.75, 957
132.79, 957
132.82, 957
132.85, 957
132.88, 957
132.92, 957
132.95, 957
132.99, 957
133.02, 957
133.06, 957
133.11, 957
133.15, 957
133.18, 957
133.22, 957
133.26, 957
133.61, 957
133.65, 957
133.68, 957
133.71, 957
133.75, 957
133.78, 957
133.82, 957
133.85, 957
133.88, 957
133.92, 957
133.95, 957
133.98, 957
134.02, 957
134.40, 957
134.43, 957
134.46, 957
134.50, 957
134.53, 957
134.57, 957
134.60, 957
134.63, 957
134.67, 957
134.70, 957
134.73, 957
134.77, 957
134.80, 957
134.84, 957
134.88, 957
134.91, 957
134.95, 957
134.99, 957
135.02, 957
135.06, 957
135.09, 957
135.12, 957
135.16, 957
135.19, 957
135.22, 957
135.26, 957
135.29, 957
135.32, 957
135.36, 957
135.39, 957
135.43, 957
135.88, 957
135.91, 957
136.28, 957
136.31, 957
136.35, 957
136.39, 957
136.43, 957
136.46, 957
136.50, 957
136.53, 957
136.57, 957
136.60, 957
136.64, 957
136.67, 957
136.71, 957
136.74, 957
136.78, 957
136.81, 957
136.84, 957
136.92, 957
136.95, 957
136.99, 957
137.02, 957
137.06, 957
137.10, 957
137.24, 957
137.27, 957
137.31, 957
137.34, 957
137.38, 957
137.41, 957
137.48, 957
137.52, 957
137.55, 957
137.59, 957
137.62, 957
137.66, 957
137.70, 957
137.74, 957
137.77, 957
137.81, 957
137.85, 957
137.88, 957
137.92, 957
137.95, 957
137.99, 957
138.02, 957
138.06, 957
138.10, 957
138.13, 957
138.17, 957
138.21, 957
138.25, 957
138.28, 957
138.31, 957
138.35, 957
138.38, 957
138.41, 957
138.45, 957
138.48, 957
138.51, 957
138.55, 957
138.59, 957
138.62, 957
138.66, 957
138.69, 957
138.73, 957
138.76, 957
138.80, 957
138.83, 957
138.87, 957
138.90, 957
138.93, 957
138.97, 957
139.00, 957
139.07, 957
139.67, 957
139.70, 957
139.74, 957
139.77, 957
139.81, 957
139.84, 957
139.88, 957
139.92, 957
139.95, 957
139.99, 957
140.13, 957
140.17, 957
140.21, 957
140.25, 957
140.28, 957
140.31, 957
140.34, 957
140.38, 957
140.41, 957
140.44, 957
140.48, 957
140.51, 957
140.55, 957
140.59, 957
140.62, 957
140.66, 957
140.69, 957
140.77, 957
140.80, 957
140.83, 957
140.86, 957
140.90, 957
140.93, 957
140.96, 957
141.01, 957
141.04, 957
141.07, 957
141.11, 957
141.14, 957
141.28, 957
141.32, 957
141.39, 957
141.42, 957
141.46, 957
141.50, 957
141.53, 957
141.57, 957
141.60, 957
141.62, 957
141.65, 957
141.69, 957
141.72, 957
141.75, 957
141.79, 957
141.82, 957
141.85, 957
141.89, 957
141.92, 957
141.95, 957
141.99, 957
142.02, 957
143.25, 957
143.29, 957
143.33, 957
143.37, 957
143.40, 957
143.44, 957
143.47, 957
143.51, 957
143.55, 957
143.58, 957
143.62, 957
143.66, 957
143.70, 957
143.73, 957
143.77, 957
143.83, 957
143.87, 957
143.90, 957
143.93, 957
143.97, 957
144.00, 957
144.04, 957
144.07, 957
144.10, 957
144.14, 957
144.17, 957
144.21, 957
144.24, 957
144.28, 957
144.32, 957
144.35, 957
144.38, 957
144.42, 957
144.45, 957
144.49, 957
144.52, 957
144.55, 957
144.58, 957
144.61, 957
144.65, 957
144.68, 957
144.71, 957
144.75, 957
144.79, 957
144.82, 957
144.85, 957
144.89, 957
144.92, 957
144.96, 957
144.99, 957
145.02, 957
145.13, 957
145.16, 957
145.19, 957
145.23, 957
145.26, 957
145.29, 957
145.33, 957
145.36, 957
145.39, 957
145.43, 957
145.46, 957
145.50, 957
145.53, 957
145.84, 957
145.87, 957
145.91, 957
145.94, 957
145.98, 957
146.02, 957
146.05, 957
146.08, 957
146.11, 957
146.14, 957
146.17, 957
146.20, 957
146.24, 957
146.27, 957
146.99, 957
147.02, 957
147.06, 957
147.09, 957
147.12, 957
147.16, 957
147.19, 957
147.22, 957
147.26, 957
147.30, 957
147.33, 957
147.37, 957
147.40, 957
147.75, 957
147.79, 957
147.82, 957
147.86, 957
147.90, 957
147.93, 957
147.97, 957
148.01, 957
148.04, 957
148.25, 957
148.28, 957
148.32, 957
148.35, 957
148.39, 957
148.43, 957
148.47, 957
148.50, 957
148.54, 957
148.58, 957
148.61, 957
148.64, 957
148.68, 957
148.72, 957
148.75, 957
148.79, 957
148.83, 957
148.87, 957
148.90, 957
148.94, 957
148.98, 957
149.02, 957
149.05, 957
149.09, 957
149.12, 957
149.16, 957
149.19, 957
149.23, 957
149.25, 957
149.29, 957
149.32, 957
149.35, 957
149.38, 957
149.42, 957
149.67, 957
149.70, 957
149.73, 957
149.77, 957
149.80, 957
149.83, 957
149.90, 957
149.93, 957
149.97, 957
150.01, 957
150.04, 957
150.07, 957
150.10, 957
150.14, 957
150.17, 957
150.21, 957
150.24, 957
150.27, 957
150.41, 957
150.44, 957
150.47, 957
150.50, 957
150.63, 957
150.66, 957
150.70, 957
150.73, 957
150.76, 957
150.80, 957
150.83, 957
150.86, 957
150.90, 957
150.93, 957
150.96, 957
150.99, 957
151.03, 957
151.06, 957
151.10, 957
151.13, 957
151.16, 957
151.20, 957
151.23, 957
151.27, 957
151.30, 957
151.33, 957
151.37, 957
151.40, 957
151.43, 957
151.47, 957
151.50, 957
151.54, 957
151.57, 957
151.60, 957
152.02, 957
152.14, 957
152.18, 957
152.21, 957
152.24, 957
152.28, 957
152.31, 957
152.35, 957
152.55, 957
152.59, 957
152.63, 957
152.66, 957
152.70, 957
152.74, 957
152.77, 957
152.80, 957
152.98, 957
153.02, 957
153.05, 957
153.09, 957
153.12, 957
153.15, 957
153.19, 957
153.22, 957
153.25, 957
153.28, 957
153.32, 957
153.35, 957
153.39, 957
153.42, 957
153.46, 957
153.49, 957
153.53, 957
153.57, 957
153.60, 957
153.63, 957
153.67, 957
153.70, 957
153.74, 957
153.78, 957
153.81, 957
154.01, 957
154.04, 957
154.08, 957
154.12, 957
154.15, 957
154.18, 957
154.21, 957
154.25, 957
154.29, 957
154.32, 957
154.36, 957
154.39, 957
154.43, 957
154.47, 957
154.68, 957
154.72, 957
154.76, 957
154.79, 957
154.83, 957
154.86, 957
154.90, 957
154.93, 957
154.96, 957
155.00, 957
155.03, 957
155.07, 957
155.10, 957
155.13, 957
155.17, 957
155.21, 957
155.31, 957
155.34, 957
155.37, 957
155.40, 957
155.44, 957
155.48, 957
155.51, 957
155.54, 957
155.57, 957
155.60, 957
155.64, 957
155.68, 957
156.01, 957
156.05, 957
156.08, 957
156.12, 957
156.15, 957
156.18, 957
156.22, 957
156.25, 957
156.29, 957
156.32, 957
156.36, 957
156.40, 957
156.43, 957
156.47, 957
156.50, 957
156.61, 957
156.64, 957
156.67, 957
156.70, 957
156.74, 957
156.78, 957
156.81, 957
156.84, 957
156.88, 957
156.91, 957
156.94, 957
156.97, 957
157.01, 957
157.05, 957
157.08, 957
157.12, 957
157.15, 957
157.18, 957
157.22, 957
157.25, 957
157.28, 957
157.31, 957
157.34, 957
157.37, 957
157.41, 957
157.45, 957
157.48, 957
157.52, 957
157.55, 957
157.59, 957
157.62, 957
157.66, 957
157.69, 957
157.73, 957
157.76, 957
157.80, 957
157.84, 957
157.87, 957
157.90, 957
157.94, 957
157.97, 957
158.01, 957
158.05, 957
158.09, 957
158.12, 957
158.15, 957
158.19, 957
158.22, 957
158.26, 957
158.29, 957
158.32, 957
158.36, 957
158.39, 957
158.42, 957
158.46, 957
158.49, 957
158.52, 957
158.63, 957
158.67, 957
158.70, 957
158.74, 957
158.84, 957
158.88, 957
158.92, 957
158.95, 957
158.99, 957
159.03, 957
159.07, 957
159.10, 957
159.58, 957
159.62, 957
159.65, 957
159.69, 957
159.73, 957
159.77, 957
159.80, 957
159.84, 957
159.87, 957
159.90, 957
159.93, 957
159.97, 957
160.00, 957
160.03, 957
160.07, 957
160.11, 957
160.14, 957
160.17, 957
160.20, 957
160.23, 957
160.27, 957
160.30, 957
160.34, 957
160.37, 957
160.40, 957
160.44, 957
160.48, 957
160.54, 957
160.58, 957
160.61, 957
160.64, 957
160.68, 957
160.71, 957
160.74, 957
160.78, 957
160.81, 957
160.85, 957
160.88, 957
160.92, 957
160.95, 957
160.99, 957
161.03, 957
161.06, 957
161.10, 957
161.13, 957
161.27, 957
161.31, 957
161.34, 957
161.37, 957
161.40, 957
161.44, 957
161.47, 957
161.51, 957
161.54, 957
161.58, 957
161.62, 957
161.65, 957
161.68, 957
161.71, 957
161.74, 957
161.77, 957
161.81, 957
161.84, 957
161.87, 957
161.91, 957
161.94, 957
161.97, 957
162.01, 957
162.04, 957
162.08, 957
162.12, 957
162.15, 957
162.18, 957
162.22, 957
162.25, 957
162.29, 957
162.33, 957
162.36, 957
162.40, 957
162.43, 957
162.47, 957
162.50, 957
162.53, 957
162.57, 957
162.60, 957
162.64, 957
162.67, 957
162.71, 957
162.74, 957
162.78, 957
162.81, 957
162.85, 957
162.88, 957
162.91, 957
162.95, 957
162.99, 957
163.02, 957
163.06, 957
163.45, 957
163.48, 957
163.52, 957
163.55, 957
163.59, 957
163.62, 957
163.67, 957
163.70, 957
163.74, 957
163.77, 957
163.81, 957
163.85, 957
163.88, 957
163.91, 957
163.95, 957
163.98, 957
164.02, 957
164.05, 957
164.08, 957
164.12, 957
164.16, 957
164.19, 957
164.23, 957
164.26, 957
164.30, 957
164.33, 957
164.37, 957
164.41, 957
164.44, 957
164.47, 957
164.51, 957
164.58, 957
164.61, 957
164.64, 957
164.68, 957
164.71, 957
164.75, 957
164.78, 957
164.82, 957
164.85, 957
164.92, 957
164.95, 957
164.99, 957
165.03, 957
165.07, 957
165.10, 957
165.14, 957
165.17, 957
165.21, 957
165.25, 957
165.28, 957
165.32, 957
165.35, 957
165.39, 957
165.43, 957
165.47, 957
165.51, 957
165.54, 957
165.58, 957
165.62, 957
165.65, 957
165.68, 957
165.72, 957
165.75, 957
165.78, 957
165.82, 957
165.85, 957
165.89, 957
165.92, 957
165.95, 957
165.99, 957
166.02, 957
166.05, 957
166.08, 957
166.12, 957
166.16, 957
166.19, 957
166.68, 957
166.71, 957
166.75, 957
166.78, 957
166.81, 957
166.85, 957
166.91, 957
166.95, 957
166.98, 957
167.02, 957
167.06, 957
167.09, 957
167.13, 957
167.16, 957
167.20, 957
167.23, 957
167.27, 957
167.30, 957
167.33, 957
167.37, 957
167.40, 957
167.44, 957
167.47, 957
167.51, 957
167.55, 957
167.59, 957
167.69, 957
167.72, 957
167.76, 957
167.80, 957
167.83, 957
167.87, 957
167.90, 957
167.94, 957
167.97, 957
168.01, 957
168.04, 957
168.08, 957
168.11, 957
168.15, 957
168.19, 957
168.23, 957
168.26, 957
168.30, 957
168.37, 957
168.41, 957
168.45, 957
168.66, 957
168.69, 957
168.73, 957
168.76, 957
168.80, 957
168.92, 957
168.95, 957
168.98, 957
169.01, 957
169.05, 957
169.09, 957
169.15, 957
169.19, 957
169.22, 957
169.25, 957
169.29, 957
169.33, 957
169.36, 957
169.40, 957
169.43, 957
169.47, 957
169.50, 957
169.54, 957
169.57, 957
169.61, 957
169.71, 957
169.74, 957
169.78, 957
169.82, 957
169.85, 957
169.88, 957
169.92, 957
169.96, 957
170.00, 957
170.03, 957
170.07, 957
170.10, 957
170.14, 957
170.18, 957
170.21, 957
170.25, 957
170.29, 957
170.32, 957
170.36, 957
170.39, 957
170.43, 957
170.47, 957
170.50, 957
170.54, 957
170.66, 957
170.91, 957
170.95, 957
170.99, 957
171.02, 957
171.06, 957
171.09, 957
171.13, 957
171.16, 957
171.20, 957
171.24, 957
171.27, 957
171.37, 957
171.41, 957
171.44, 957
171.47, 957
171.51, 957
171.54, 957
171.58, 957
171.62, 957
171.68, 957
171.72, 957
171.75, 957
171.79, 957
171.83, 957
171.86, 957
171.90, 957
171.93, 957
172.16, 957
172.20, 957
172.23, 957
172.27, 957
172.31, 957
172.34, 957
172.37, 957
172.41, 957
172.45, 957
172.49, 957
172.52, 957
172.55, 957
172.59, 957
172.63, 957
172.66, 957
172.69, 957
172.72, 957
172.76, 957
172.79, 957
172.83, 957
172.86, 957
172.89, 957
172.93, 957
172.96, 957
173.00, 957
173.03, 957
173.06, 957
173.10, 957
173.13, 957
173.16, 957
173.19, 957
173.23, 957
173.26, 957
173.36, 957
173.40, 957
173.43, 957
173.46, 957
173.50, 957
173.53, 957
173.57, 957
173.61, 957
173.63, 957
173.66, 957
173.70, 957
173.73, 957
173.76, 957
173.80, 957
173.83, 957
173.96, 957
174.00, 957
174.03, 957
174.06, 957
174.10, 957
174.13, 957
174.16, 957
174.20, 957
174.23, 957
174.27, 957
174.30, 957
174.34, 957
175.34, 957
175.37, 957
175.41, 957
175.44, 957
175.48, 957
175.51, 957
175.55, 957
175.59, 957
175.62, 957
175.66, 957
175.70, 957
175.73, 957
175.77, 957
175.80, 957
175.85, 957
175.89, 957
175.93, 957
175.96, 957
176.00, 957
176.04, 957
176.07, 957
176.11, 957
176.15, 957
176.19, 957
176.23, 957
176.27, 957
176.31, 957
176.34, 957
176.37, 957
176.42, 957
176.46, 957
176.49, 957
176.53, 957
176.57, 957
176.60, 957
176.64, 957
176.67, 957
176.70, 957
176.73, 957
176.76, 957
176.80, 957
176.83, 957
176.87, 957
176.90, 957
176.94, 957
176.98, 957
177.01, 957
177.04, 957
177.08, 957
177.12, 957
177.15, 957
177.19, 957
177.22, 957
177.25, 957
177.33, 957
177.37, 957
177.40, 957
177.44, 957
177.52, 957
177.56, 957
177.60, 957
177.63, 957
177.66, 957
177.69, 957
177.72, 957
177.76, 957
177.79, 957
178.00, 957
178.03, 957
178.06, 957
178.17, 957
178.21, 957
178.24, 957
178.28, 957
178.31, 957
178.34, 957
178.38, 957
178.42, 957
178.45, 957
178.48, 957
178.52, 957
178.55, 957
178.59, 957
178.62, 957
178.65, 957
178.79, 957
178.82, 957
178.86, 957
178.89, 957
178.92, 957
178.96, 957
179.42, 957
179.73, 957
179.76, 957
179.79, 957
179.82, 957
179.86, 957
179.90, 957
179.93, 957
179.97, 957
180.00, 957
180.04, 957
180.08, 957
180.11, 957
180.15, 957
180.19, 957
180.22, 957
180.26, 957
180.29, 957
180.33, 957
180.36, 957
180.40, 957
180.43, 957
180.46, 957
180.61, 957
180.69, 957
180.72, 957
180.76, 957
180.79, 957
180.82, 957
180.86, 957
180.90, 957
180.94, 957
180.97, 957
181.01, 957
181.04, 957
181.07, 957
181.11, 957
181.15, 957
181.18, 957
181.22, 957
181.26, 957
181.30, 957
181.33, 957
181.37, 957
181.41, 957
181.44, 957
181.52, 957
181.55, 957
181.59, 957
181.63, 957
181.67, 957
181.71, 957
181.75, 957
181.78, 957
181.82, 957
181.86, 957
181.89, 957
181.92, 957
181.96, 957
181.99, 957
182.02, 957
182.06, 957
182.09, 957
182.12, 957
182.15, 957
182.19, 957
182.22, 957
182.26, 957
182.29, 957
182.32, 957
182.35, 957
182.38, 957
182.42, 957
182.46, 957
182.49, 957
182.52, 957
182.56, 957
182.63, 957
182.66, 957
182.69, 957
182.73, 957
182.77, 957
182.81, 957
182.85, 957
182.88, 957
182.91, 957
182.95, 957
182.98, 957
183.02, 957
183.05, 957
183.09, 957
183.12, 957
183.15, 957
183.19, 957
183.22, 957
183.25, 957
183.29, 957
183.32, 957
183.36, 957
183.40, 957
183.44, 957
183.47, 957
183.54, 957
183.57, 957
183.61, 957
183.64, 957
183.68, 957
183.71, 957
183.74, 957
183.77, 957
183.81, 957
183.84, 957
183.88, 957
183.92, 957
183.95, 957
183.98, 957
184.01, 957
184.05, 957
184.08, 957
184.11, 957
184.35, 957
184.39, 957
184.42, 957
184.45, 957
184.49, 957
184.53, 957
184.56, 957
184.59, 957
184.63, 957
184.66, 957
184.69, 957
184.72, 957
184.76, 957
184.80, 957
184.84, 957
184.88, 957
184.91, 957
184.95, 957
184.98, 957
185.06, 957
185.09, 957
185.13, 957
185.16, 957
185.20, 957
185.23, 957
185.27, 957
185.31, 957
185.34, 957
185.38, 957
185.45, 957
185.48, 957
185.51, 957
185.54, 957
185.58, 957
185.61, 957
185.65, 957
185.68, 957
185.72, 957
185.75, 957
185.78, 957
185.81, 957
185.85, 957
185.89, 957
185.92, 957
185.96, 957
185.98, 957
186.02, 957
186.05, 957
186.09, 957
186.12, 957
186.16, 957
186.20, 957
186.29, 957
186.33, 957
186.36, 957
186.40, 957
186.44, 957
186.47, 957
186.51, 957
186.55, 957
186.58, 957
186.62, 957
186.66, 957
186.69, 957
186.73, 957
186.77, 957
186.80, 957
186.84, 957
186.87, 957
186.91, 957
186.94, 957
186.98, 957
187.01, 957
187.25, 957
187.29, 957
187.32, 957
187.36, 957
187.51, 957
187.54, 957
187.57, 957
187.62, 957
187.65, 957
187.69, 957
187.72, 957
187.76, 957
187.79, 957
187.83, 957
187.86, 957
187.90, 957
187.94, 957
187.97, 957
188.00, 957
188.04, 957
188.08, 957
188.11, 957
188.15, 957
188.19, 957
188.23, 957
188.26, 957
188.30, 957
188.33, 957
188.37, 957
188.41, 957
188.45, 957
188.49, 957
188.52, 957
188.55, 957
188.59, 957
188.62, 957
188.66, 957
188.70, 957
188.73, 957
188.77, 957
188.80, 957
188.87, 957
189.01, 957
189.11, 957
189.15, 957
189.18, 957
189.22, 957
189.25, 957
189.29, 957
189.32, 957
189.36, 957
189.40, 957
189.43, 957
189.47, 957
189.50, 957
189.53, 957
189.57, 957
189.60, 957
189.64, 957
189.67, 957
189.70, 957
189.74, 957
189.94, 957
189.97, 957
190.01, 957
190.04, 957
190.08, 957
190.11, 957
190.14, 957
190.18, 957
190.21, 957
190.25, 957
190.28, 957
190.32, 957
190.36, 957
190.40, 957
190.43, 957
190.46, 957
190.53, 957
190.56, 957
190.60, 957
190.71, 957
190.74, 957
190.77, 957
190.81, 957
190.85, 957
190.89, 957
190.92, 957
190.96, 957
191.03, 957
191.06, 957
191.10, 957
191.55, 957
191.58, 957
191.62, 957
191.65, 957
191.69, 957
191.72, 957
191.76, 957
191.79, 957
191.83, 957
191.87, 957
191.90, 957
192.22, 957
192.26, 957
192.29, 957
192.33, 957
192.36, 957
192.40, 957
192.44, 957
192.48, 957
192.51, 957
192.55, 957
192.59, 957
192.62, 957
192.66, 957
192.82, 957
192.85, 957
192.88, 957
192.91, 957
192.96, 957
192.99, 957
193.02, 957
193.06, 957
193.09, 957
193.13, 957
193.16, 957
193.20, 957
193.23, 957
193.27, 957
193.30, 957
193.33, 957
193.36, 957
193.39, 957
193.42, 957
193.46, 957
193.49, 957
193.52, 957
193.56, 957
193.59, 957
193.63, 957
193.66, 957
193.69, 957
193.72, 957
193.76, 957
193.80, 957
193.86, 957
193.89, 957
193.93, 957
194.47, 957
194.50, 957
194.54, 957
194.57, 957
194.60, 957
194.63, 957
194.66, 957
194.70, 957
194.73, 957
194.76, 957
194.79, 957
194.83, 957
194.86, 957
194.89, 957
194.92, 957
194.96, 957
194.99, 957
195.03, 957
195.06, 957
195.09, 957
195.23, 957
195.26, 957
195.29, 957
195.33, 957
195.36, 957
195.43, 957
195.46, 957
195.50, 957
195.53, 957
195.57, 957
195.60, 957
195.70, 957
195.73, 957
195.77, 957
195.80, 957
195.83, 957
195.87, 957
195.90, 957
195.94, 957
195.97, 957
196.01, 957
196.04, 957
196.07, 957
196.10, 957
196.14, 957
196.17, 957
196.21, 957
196.25, 957
196.28, 957
196.32, 957
196.35, 957
196.39, 957
196.42, 957
196.45, 957
196.49, 957
196.52, 957
196.55, 957
196.65, 957
196.73, 957
196.76, 957
196.80, 957
196.83, 957
196.90, 957
197.03, 957
197.07, 957
197.10, 957
197.13, 957
197.17, 957
197.20, 957
197.23, 957
197.27, 957
197.30, 957
197.37, 957
197.41, 957
197.44, 957
197.75, 957
197.79, 957
197.83, 957
197.86, 957
197.90, 957
197.93, 957
197.97, 957
198.00, 957
198.04, 957
198.07, 957
198.11, 957
198.15, 957
198.19, 957
198.23, 957
198.29, 957
198.33, 957
198.37, 957
198.41, 957
198.44, 957
198.75, 957
198.79, 957
198.82, 957
198.86, 957
198.89, 957
198.92, 957
198.96, 957
198.99, 957
199.03, 957
199.10, 957
199.13, 957
199.16, 957
199.19, 957
199.23, 957
199.26, 957
199.29, 957
199.33, 957
199.36, 957
199.40, 957
199.43, 957
199.47, 957
199.51, 957
199.54, 957
199.58, 957
199.62, 957
199.65, 957
199.68, 957
199.71, 957
199.75, 957
199.78, 957
199.82, 957
199.85, 957
199.89, 957
199.92, 957
199.95, 957
199.99, 957
200.26, 957
200.29, 957
200.33, 957
200.37, 957
200.41, 957
200.52, 957
200.55, 957
200.59, 957
200.62, 957
200.65, 957
200.69, 957
200.72, 957
200.75, 957
200.78, 957
200.81, 957
200.84, 957
200.87, 957
200.91, 957
200.95, 957
200.98, 957
201.01, 957
201.05, 957
201.08, 957
201.12, 957
201.15, 957
201.19, 957
201.22, 957
201.26, 957
201.29, 957
201.33, 957
201.36, 957
202.07, 957
202.11, 957
202.14, 957
202.17, 957
202.21, 957
202.24, 957
202.28, 957
202.31, 957
202.35, 957
202.38, 957
202.42, 957
202.45, 957
202.49, 957
202.53, 957
202.66, 957
202.70, 957
202.73, 957
202.77, 957
202.81, 957
202.85, 957
202.88, 957
202.92, 957
202.96, 957
202.99, 957
203.02, 957
203.05, 957
203.09, 957
203.12, 957
203.16, 957
203.19, 957
203.23, 957
203.26, 957
203.29, 957
203.33, 957
203.37, 957
203.40, 957
203.43, 957
203.47, 957
203.50, 957
203.54, 957
203.57, 957
203.60, 957
203.64, 957
203.68, 957
203.71, 957
203.74, 957
203.78, 957
203.82, 957
203.85, 957
203.89, 957
203.92, 957
203.95, 957
204.25, 957
204.29, 957
204.32, 957
204.36, 957
204.39, 957
204.43, 957
204.46, 957
204.50, 957
204.54, 957
204.58, 957
204.61, 957
205.44, 957
205.47, 957
205.51, 957
205.54, 957
205.58, 957
205.61, 957
205.65, 957
205.68, 957
205.72, 957
205.79, 957
205.82, 957
205.86, 957
205.89, 957
205.93, 957
205.97, 957
206.00, 957
206.03, 957
206.07, 957
206.10, 957
206.14, 957
206.46, 957
206.50, 957
206.53, 957
206.56, 957
206.60, 957
206.63, 957
206.66, 957
206.70, 957
206.73, 957
206.77, 957
206.80, 957
206.83, 957
206.87, 957
206.90, 957
206.93, 957
206.97, 957
207.00, 957
207.04, 957
207.07, 957
207.10, 957
207.14, 957
207.18, 957
207.21, 957
207.24, 957
207.28, 957
207.31, 957
207.34, 957
207.37, 957
207.41, 957
207.44, 957
207.47, 957
207.50, 957
207.54, 957
207.57, 957
207.60, 957
207.63, 957
207.67, 957
207.71, 957
207.74, 957
207.78, 957
207.82, 957
207.85, 957
207.89, 957
207.93, 957
207.96, 957
207.99, 957
208.02, 957
208.06, 957
208.09, 957
208.12, 957
208.15, 957
208.58, 957
208.62, 957
208.65, 957
208.68, 957
208.72, 957
208.76, 957
208.79, 957
208.83, 957
208.87, 957
208.90, 957
208.94, 957
208.97, 957
209.05, 957
209.09, 957
209.12, 957
209.15, 957
209.19, 957
209.23, 957
209.26, 957
209.29, 957
209.32, 957
209.35, 957
209.39, 957
210.30, 957
210.34, 957
210.37, 957
210.44, 957
210.47, 957
210.51, 957
210.54, 957
210.58, 957
210.61, 957
210.65, 957
210.68, 957
210.71, 957
210.75, 957
210.79, 957
210.82, 957
210.86, 957
210.90, 957
210.93, 957
210.97, 957
211.00, 957
211.04, 957
211.08, 957
211.11, 957
211.14, 957
211.17, 957
211.21, 957
211.24, 957
211.27, 957
211.31, 957
211.34, 957
211.37, 957
211.41, 957
211.44, 957
211.48, 957
211.51, 957
211.54, 957
211.58, 957
211.62, 957
211.65, 957
211.68, 957
211.78, 957
211.82, 957
211.86, 957
211.89, 957
211.93, 957
211.97, 957
212.39, 957
212.43, 957
212.46, 957
212.50, 957
212.53, 957
212.57, 957
212.60, 957
212.63, 957
212.66, 957
212.70, 957
212.74, 957
212.85, 957
212.88, 957
212.92, 957
212.95, 957
212.99, 957
213.02, 957
213.05, 957
213.47, 957
213.50, 957
213.53, 957
213.57, 957
213.61, 957
213.64, 957
213.68, 957
213.70, 957
213.74, 957
213.78, 957
213.81, 957
213.85, 957
213.88, 957
213.92, 957
213.96, 957
214.07, 957
214.11, 957
214.14, 957
214.18, 957
214.32, 957
214.36, 957
214.40, 957
214.47, 957
214.51, 957
214.55, 957
214.59, 957
214.62, 957
214.66, 957
214.69, 957
214.73, 957
214.77, 957
214.81, 957
214.84, 957
214.88, 957
214.91, 957
214.94, 957
214.99, 957
215.03, 957
215.07, 957
215.11, 957
215.14, 957
215.18, 957
215.21, 957
215.25, 957
216.05, 957
216.09, 957
216.12, 957
216.15, 957
216.19, 957
216.22, 957
216.46, 957
216.50, 957
216.53, 957
216.57, 957
216.60, 957
216.64, 957
216.68, 957
216.71, 957
216.75, 957
216.78, 957
216.81, 957
216.85, 957
216.89, 957
216.93, 957
216.96, 957
216.99, 957
217.03, 957
217.06, 957
217.10, 957
217.13, 957
217.16, 957
217.20, 957
217.23, 957
217.27, 957
217.30, 957
217.34, 957
217.37, 957
217.41, 957
217.44, 957
217.48, 957
217.51, 957
217.61, 957
217.64, 957
217.68, 957
217.71, 957
217.99, 957
218.02, 957
218.06, 957
218.09, 957
218.12, 957
218.16, 957
218.19, 957
218.22, 957
218.26, 957
218.29, 957
218.32, 957
218.36, 957
218.39, 957
218.42, 957
218.45, 957
218.49, 957
218.52, 957
218.84, 957
219.02, 957
219.05, 957
219.09, 957
219.12, 957
219.16, 957
219.19, 957
219.23, 957
219.27, 957
219.30, 957
219.33, 957
219.37, 957
219.40, 957
219.44, 957
219.48, 957
219.51, 957
219.55, 957
219.58, 957
219.69, 957
219.73, 957
219.76, 957
219.79, 957
219.83, 957
219.87, 957
219.90, 957
219.93, 957
219.97, 957
220.01, 957
220.04, 957
220.08, 957
220.11, 957
220.15, 957
220.19, 957
220.22, 957
220.26, 957
220.29, 957
220.33, 957
220.36, 957
220.40, 957
220.44, 957
220.47, 957
220.50, 957
220.54, 957
220.57, 957
220.61, 957
220.64, 957
220.68, 957
220.71, 957
220.75, 957
220.78, 957
220.82, 957
221.12, 957
221.15, 957
221.18, 957
221.22, 957
221.65, 957
221.69, 957
221.73, 957
221.76, 957
221.79, 957
221.83, 957
221.86, 957
221.90, 957
221.94, 957
221.97, 957
222.01, 957
222.04, 957
222.08, 957
222.21, 957
222.24, 957
222.28, 957
222.32, 957
222.35, 957
222.38, 957
222.41, 957
222.45, 957
222.48, 957
222.52, 957
222.55, 957
222.59, 957
222.62, 957
222.66, 957
222.69, 957
222.73, 957
222.76, 957
222.79, 957
222.83, 957
222.86, 957
223.22, 957
223.26, 957
223.29, 957
223.43, 957
223.46, 957
223.50, 957
223.53, 957
223.57, 957
223.60, 957
223.63, 957
223.67, 957
223.70, 957
223.74, 957
223.78, 957
223.81, 957
223.84, 957
223.88, 957
223.91, 957
224.13, 957
224.16, 957
224.20, 957
224.23, 957
224.26, 957
224.30, 957
224.34, 957
224.44, 957
224.47, 957
224.51, 957
224.54, 957
224.58, 957
224.61, 957
224.65, 957
224.68, 957
224.71, 957
224.74, 957
224.78, 957
224.82, 957
224.86, 957
224.89, 957
224.93, 957
224.97, 957
225.01, 957
225.05, 957
225.08, 957
225.11, 957
225.16, 957
225.19, 957
225.22, 957
225.26, 957
225.29, 957
225.43, 957
225.46, 957
225.49, 957
225.53, 957
225.56, 957
225.59, 957
225.63, 957
225.66, 957
225.70, 957
225.74, 957
225.78, 957
225.81, 957
225.85, 957
225.88, 957
225.92, 957
226.07, 957
226.11, 957
226.14, 957
226.17, 957
226.20, 957
226.24, 957
226.27, 957
226.31, 957
226.34, 957
226.38, 957
226.49, 957
226.77, 957
226.80, 957
226.83, 957
226.87, 957
226.90, 957
227.00, 957
227.03, 957
227.44, 957
227.51, 957
227.55, 957
227.58, 957
227.94, 957
227.97, 957
228.01, 957
228.05, 957
228.08, 957
228.12, 957
228.15, 957
228.18, 957
228.22, 957
228.26, 957
228.29, 957
228.32, 957
228.35, 957
228.39, 957
228.43, 957
228.46, 957
228.49, 957
228.53, 957
228.57, 957
228.60, 957
228.64, 957
228.68, 957
228.72, 957
228.76, 957
228.80, 957
228.83, 957
228.90, 957
228.94, 957
228.97, 957
229.01, 957
229.05, 957
229.08, 957
229.33, 957
229.36, 957
229.40, 957
229.44, 957
229.47, 957
229.51, 957
229.54, 957
229.58, 957
229.61, 957
229.65, 957
229.69, 957
229.73, 957
229.77, 957
229.80, 957
229.84, 957
229.88, 957
229.91, 957
229.95, 957
229.98, 957
230.01, 957
230.05, 957
230.08, 957
230.11, 957
230.15, 957
230.18, 957
230.22, 957
230.25, 957
230.29, 957
230.33, 957
230.36, 957
230.39, 957
230.43, 957
230.46, 957
230.57, 957
230.61, 957
230.64, 957
230.68, 957
230.72, 957
230.75, 957
230.78, 957
230.82, 957
230.86, 957
230.89, 957
230.93, 957
230.97, 957
231.01, 957
231.04, 957
231.07, 957
231.11, 957
231.15, 957
231.18, 957
231.22, 957
231.25, 957
231.28, 957
231.32, 957
231.36, 957
231.43, 957
231.46, 957
231.49, 957
231.52, 957
231.57, 957
231.60, 957
231.64, 957
231.67, 957
231.70, 957
231.73, 957
231.77, 957
231.80, 957
231.84, 957
231.88, 957
231.91, 957
231.95, 957
231.98, 957
232.02, 957
232.05, 957
232.08, 957
232.12, 957
232.15, 957
232.19, 957
232.22, 957
232.26, 957
232.29, 957
232.32, 957
232.36, 957
232.39, 957
232.43, 957
232.46, 957
232.50, 957
232.54, 957
232.58, 957
232.61, 957
232.65, 957
232.68, 957
232.72, 957
232.75, 957
232.79, 957
232.82, 957
232.86, 957
232.89, 957
232.92, 957
232.96, 957
232.99, 957
233.44, 957
233.46, 957
233.50, 957
233.53, 957
233.57, 957
233.60, 957
233.65, 957
233.68, 957
233.72, 957
233.76, 957
233.79, 957
233.82, 957
233.85, 957
233.90, 957
233.93, 957
233.96, 957
234.00, 957
234.04, 957
234.07, 957
234.10, 957
234.21, 957
234.24, 957
234.28, 957
234.31, 957
234.35, 957
234.38, 957
234.42, 957
234.46, 957
234.49, 957
234.53, 957
234.56, 957
234.60, 957
234.64, 957
234.70, 957
234.74, 957
234.77, 957
234.81, 957
234.84, 957
234.88, 957
234.91, 957
234.95, 957
234.98, 957
235.01, 957
235.05, 957
235.08, 957
235.11, 957
235.15, 957
235.19, 957
235.22, 957
235.25, 957
235.29, 957
235.33, 957
235.36, 957
235.40, 957
235.43, 957
235.77, 957
235.80, 957
235.84, 957
235.88, 957
235.91, 957
235.95, 957
235.99, 957
236.02, 957
236.06, 957
236.10, 957
236.14, 957
236.17, 957
236.21, 957
236.24, 957
236.32, 957
236.36, 957
236.39, 957
236.43, 957
236.46, 957
236.50, 957
236.54, 957
236.73, 957
236.77, 957
236.81, 957
236.84, 957
236.88, 957
236.91, 957
236.96, 957
237.04, 957
237.08, 957
237.11, 957
237.14, 957
237.17, 957
237.21, 957
237.24, 957
237.28, 957
237.31, 957
237.35, 957
237.38, 957
237.42, 957
237.45, 957
237.49, 957
237.53, 957
237.57, 957
237.60, 957
237.63, 957
237.67, 957
237.71, 957
237.74, 957
237.78, 957
237.82, 957
237.85, 957
237.88, 957
237.91, 957
237.95, 957
238.30, 957
238.34, 957
238.37, 957
238.72, 957
238.76, 957
238.79, 957
238.83, 957
238.86, 957
238.89, 957
238.93, 957
238.96, 957
239.00, 957
239.03, 957
239.06, 957
239.10, 957
239.14, 957
239.17, 957
239.20, 957
239.43, 957
239.50, 957
239.56, 957
239.60, 957
239.63, 957
239.91, 957
239.94, 957
239.98, 957
240.02, 957
240.05, 957
240.09, 957
240.13, 957
240.16, 957
240.19, 957
240.26, 957
240.30, 957
240.33, 957
240.37, 957
240.40, 957
240.43, 957
240.46, 957
240.49, 957
240.53, 957
240.56, 957
240.60, 957
240.63, 957
240.66, 957
240.70, 957
240.73, 957
240.77, 957
240.80, 957
240.84, 957
240.87, 957
240.90, 957
240.93, 957
240.96, 957
241.01, 957
241.04, 957
241.12, 957
241.15, 957
241.18, 957
241.21, 957
241.25, 957
241.29, 957
241.33, 957
241.36, 957
241.40, 957
241.44, 957
241.48, 957
241.51, 957
241.54, 957
241.58, 957
241.62, 957
241.66, 957
241.69, 957
241.73, 957
241.76, 957
241.79, 957
241.83, 957
241.87, 957
241.90, 957
241.94, 957
241.98, 957
242.26, 957
242.30, 957
242.33, 957
242.37, 957
242.40, 957
242.43, 957
242.47, 957
242.50, 957
242.55, 957
242.59, 957
242.62, 957
242.66, 957
242.69, 957
242.73, 957
242.77, 957
242.81, 957
242.84, 957
242.88, 957
242.92, 957
242.99, 957
243.02, 957
243.05, 957
243.09, 957
243.12, 957
243.16, 957
243.19, 957
243.22, 957
243.26, 957
243.30, 957
243.33, 957
243.36, 957
243.40, 957
243.47, 957
243.51, 957
243.55, 957
243.58, 957
243.61, 957
243.65, 957
243.69, 957
243.72, 957
243.75, 957
243.78, 957
243.82, 957
244.02, 957
244.06, 957
244.10, 957
244.13, 957
244.16, 957
244.20, 957
244.23, 957
244.26, 957
244.30, 957
244.33, 957
244.36, 957
244.40, 957
244.44, 957
244.47, 957
244.51, 957
244.54, 957
244.57, 957
244.61, 957
244.64, 957
244.68, 957
244.74, 957
244.77, 957
244.80, 957
244.83, 957
244.86, 957
244.89, 957
244.93, 957
245.17, 957
245.20, 957
245.24, 957
245.27, 957
245.31, 957
245.34, 957
245.38, 957
245.42, 957
245.45, 957
245.58, 957
245.62, 957
245.65, 957
245.68, 957
245.72, 957
245.75, 957
245.79, 957
245.86, 957
245.89, 957
245.92, 957
245.96, 957
245.98, 957
246.12, 957
246.15, 957
246.19, 957
246.22, 957
246.25, 957
246.61, 957
246.64, 957
246.67, 957
246.70, 957
246.75, 957
246.78, 957
246.81, 957
246.85, 957
246.88, 957
246.92, 957
246.99, 957
247.43, 957
247.47, 957
247.51, 957
247.55, 957
247.58, 957
247.61, 957
247.65, 957
247.69, 957
247.73, 957
247.76, 957
247.80, 957
249.05, 957
249.09, 957
249.12, 957
249.16, 957
249.19, 957
249.23, 957
249.33, 957
249.36, 957
249.40, 957
249.51, 957
249.55, 957
249.58, 957
249.61, 957
249.65, 957
249.68, 957
249.72, 957
249.76, 957
249.79, 957
249.83, 957
249.87, 957
249.90, 957
249.94, 957
249.97, 957
250.01, 957
250.05, 957
250.08, 957
250.11, 957
250.14, 957
250.18, 957
250.21, 957
250.25, 957
250.28, 957
250.32, 957
250.49, 957
250.53, 957
250.80, 957
250.83, 957
250.87, 957
250.90, 957
250.93, 957
250.97, 957
251.00, 957
251.04, 957
251.07, 957
251.11, 957
251.17, 957
251.20, 957
251.31, 957
251.34, 957
251.37, 957
251.41, 957
251.44, 957
251.47, 957
251.51, 957
251.54, 957
251.58, 957
251.61, 957
251.65, 957
251.69, 957
251.72, 957
251.76, 957
251.80, 957
251.83, 957
251.87, 957
251.91, 957
251.94, 957
251.97, 957
252.08, 957
252.11, 957
252.15, 957
252.18, 957
252.22, 957
252.35, 957
252.39, 957
252.43, 957
252.46, 957
252.49, 957
252.53, 957
252.60, 957
252.67, 957
252.70, 957
252.81, 957
252.85, 957
252.89, 957
252.92, 957
252.95, 957
252.99, 957
253.02, 957
253.06, 957
253.09, 957
253.13, 957
253.17, 957
253.20, 957
253.24, 957
253.27, 957
253.31, 957
253.34, 957
253.38, 957
253.41, 957
253.44, 957
253.48, 957
253.51, 957
253.56, 957
253.59, 957
253.66, 957
254.05, 957
254.09, 957
254.12, 957
254.62, 957
254.66, 957
254.69, 957
254.73, 957
254.99, 957
255.05, 957
255.35, 957
255.38, 957
255.41, 957
255.45, 957
255.48, 957
255.51, 957
255.55, 957
255.59, 957
255.62, 957
255.65, 957
255.74, 957
255.77, 957
255.80, 957
255.84, 957
255.87, 957
255.90, 957
255.94, 957
255.97, 957
256.00, 957
256.03, 957
256.07, 957
256.10, 957
256.13, 957
256.16, 957
256.20, 957
256.23, 957
256.26, 957
256.30, 957
256.33, 957
256.37, 957
256.40, 957
256.43, 957
256.47, 957
256.50, 957
256.54, 957
256.57, 957
256.61, 957
256.64, 957
256.68, 957
256.71, 957
256.74, 957
256.78, 957
256.81, 957
256.85, 957
256.88, 957
256.91, 957
257.01, 957
257.05, 957
257.08, 957
257.11, 957
257.15, 957
257.18, 957
257.21, 957
257.24, 957
257.28, 957
257.31, 957
257.35, 957
257.41, 957
257.45, 957
257.48, 957
257.52, 957
257.55, 957
257.59, 957
257.62, 957
257.65, 957
257.68, 957
257.71, 957
257.74, 957
257.78, 957
257.81, 957
257.85, 957
257.89, 957
257.93, 957
257.96, 957
258.00, 957
258.12, 957
258.15, 957
258.19, 957
258.22, 957
258.25, 957
258.29, 957
258.33, 957
258.36, 957
258.40, 957
258.43, 957
258.46, 957
258.50, 957
258.54, 957
258.57, 957
258.61, 957
258.64, 957
258.68, 957
258.72, 957
258.75, 957
258.79, 957
258.82, 957
258.86, 957
258.89, 957
258.93, 957
258.98, 957
259.01, 957
259.04, 957
259.12, 957
259.16, 957
259.19, 957
259.22, 957
259.26, 957
259.29, 957
259.33, 957
259.36, 957
259.40, 957
259.43, 957
259.47, 957
259.51, 957
259.54, 957
259.57, 957
259.61, 957
259.65, 957
259.68, 957
259.71, 957
259.75, 957
259.79, 957
259.82, 957
259.86, 957
259.89, 957
259.93, 957
259.96, 957
260.00, 957
260.03, 957
260.07, 957
260.10, 957
260.17, 957
260.20, 957
260.23, 957
260.27, 957
260.30, 957
260.34, 957
260.37, 957
260.41, 957
260.51, 957
260.54, 957
260.58, 957
260.61, 957
260.65, 957
260.68, 957
260.72, 957
260.76, 957
260.79, 957
260.83, 957
260.86, 957
260.90, 957
260.93, 957
260.97, 957
261.00, 957
261.04, 957
261.07, 957
261.11, 957
261.14, 957
261.18, 957
261.21, 957
261.25, 957
261.29, 957
261.32, 957
261.36, 957
261.39, 957
261.43, 957
261.46, 957
261.49, 957
261.53, 957
261.56, 957
261.59, 957
261.63, 957
261.66, 957
261.69, 957
261.73, 957
261.76, 957
261.79, 957
261.83, 957
261.86, 957
261.93, 957
261.97, 957
262.01, 957
262.04, 957
262.07, 957
262.10, 957
262.14, 957
262.21, 957
262.24, 957
262.96, 957
262.99, 957
263.03, 957
263.06, 957
263.10, 957
263.27, 957
263.31, 957
263.34, 957
263.38, 957
263.42, 957
263.71, 957
263.74, 957
263.78, 957
263.81, 957
263.85, 957
264.79, 957
264.82, 957
264.86, 957
264.89, 957
264.93, 957
264.96, 957
265.00, 957
265.07, 957
265.10, 957
265.14, 957
265.18, 957
265.21, 957
265.25, 957
265.29, 957
265.32, 957
265.35, 957
265.39, 957
265.42, 957
265.46, 957
265.49, 957
265.53, 957
265.57, 957
265.64, 957
265.67, 957
265.71, 957
265.74, 957
265.78, 957
265.81, 957
265.85, 957
265.89, 957
265.93, 957
265.96, 957
266.00, 957
266.04, 957
266.07, 957
266.10, 957
266.14, 957
266.17, 957
266.21, 957
266.24, 957
266.28, 957
266.32, 957
266.35, 957
266.39, 957
266.42, 957
266.46, 957
266.50, 957
266.60, 957
266.64, 957
266.71, 957
266.74, 957
266.78, 957
266.82, 957
266.85, 957
266.89, 957
266.92, 957
266.95, 957
266.99, 957
267.03, 957
267.06, 957
267.10, 957
267.13, 957
267.17, 957
267.20, 957
267.24, 957
267.27, 957
267.31, 957
267.34, 957
267.38, 957
267.42, 957
267.45, 957
267.48, 957
267.52, 957
267.56, 957
267.59, 957
268.46, 957
268.49, 957
268.53, 957
268.56, 957
268.60, 957
268.63, 957
268.66, 957
268.70, 957
268.73, 957
268.77, 957
268.80, 957
268.84, 957
268.88, 957
268.91, 957
268.94, 957
268.98, 957
269.01, 957
269.04, 957
269.08, 957
269.12, 957
269.16, 957
269.20, 957
269.23, 957
269.27, 957
269.30, 957
269.34, 957
269.38, 957
269.41, 957
269.45, 957
269.48, 957
269.52, 957
269.55, 957
269.80, 957
269.84, 957
269.88, 957
269.91, 957
269.94, 957
269.98, 957
270.02, 957
270.06, 957
270.09, 957
270.13, 957
270.16, 957
270.19, 957
270.23, 957
270.59, 957
270.63, 957
270.66, 957
270.84, 957
270.87, 957
270.91, 957
270.95, 957
270.98, 957
271.02, 957
271.05, 957
271.08, 957
271.14, 957
271.18, 957
271.21, 957
271.25, 957
271.28, 957
271.32, 957
271.35, 957
271.38, 957
271.42, 957
271.46, 957
271.49, 957
271.53, 957
271.64, 957
271.67, 957
271.70, 957
271.74, 957
271.78, 957
272.53, 957
272.57, 957
272.61, 957
272.64, 957
272.68, 957
272.71, 957
272.75, 957
273.00, 957
273.04, 957
273.07, 957
273.11, 957
273.14, 957
273.17, 957
273.21, 957
273.25, 957
273.28, 957
273.32, 957
273.35, 957
273.38, 957
273.42, 957
273.46, 957
273.49, 957
273.53, 957
273.56, 957
273.60, 957
273.63, 957
273.67, 957
273.70, 957
273.73, 957
273.77, 957
273.81, 957
273.84, 957
273.87, 957
273.90, 957
273.93, 957
273.97, 957
274.00, 957
274.04, 957
274.08, 957
274.11, 957
274.15, 957
274.18, 957
274.21, 957
274.25, 957
274.29, 957
274.32, 957
274.44, 957
274.58, 957
274.62, 957
274.65, 957
274.76, 957
274.80, 957
274.84, 957
274.88, 957
274.92, 957
274.96, 957
274.99, 957
275.02, 957
275.06, 957
275.09, 957
275.13, 957
275.16, 957
275.20, 957
275.24, 957
275.27, 957
275.31, 957
275.34, 957
275.38, 957
275.41, 957
275.44, 957
275.48, 957
275.52, 957
275.55, 957
275.59, 957
275.63, 957
275.66, 957
275.70, 957
275.74, 957
275.82, 957
275.85, 957
275.88, 957
275.92, 957
275.96, 957
275.99, 957
276.02, 957
276.06, 957
276.09, 957
276.13, 957
276.16, 957
276.20, 957
276.23, 957
276.27, 957
276.30, 957
276.34, 957
276.38, 957
276.41, 957
276.44, 957
276.47, 957
276.51, 957
276.54, 957
276.58, 957
276.61, 957
276.65, 957
276.69, 957
276.72, 957
276.75, 957
276.78, 957
276.81, 957
276.84, 957
276.88, 957
276.91, 957
276.95, 957
276.98, 957
277.01, 957
277.05, 957
277.08, 957
277.12, 957
277.16, 957
277.19, 957
277.22, 957
277.25, 957
277.29, 957
277.33, 957
277.36, 957
277.39, 957
277.42, 957
277.79, 957
277.83, 957
277.86, 957
277.90, 957
277.94, 957
277.97, 957
278.01, 957
278.05, 957
278.08, 957
278.12, 957
278.16, 957
278.19, 957
278.23, 957
278.27, 957
278.30, 957
278.33, 957
278.37, 957
278.41, 957
278.44, 957
278.48, 957
278.52, 957
278.55, 957
278.59, 957
278.62, 957
278.66, 957
278.70, 957
278.73, 957
278.77, 957
278.80, 957
278.83, 957
278.87, 957
278.91, 957
278.94, 957
278.98, 957
279.01, 957
279.05, 957
279.08, 957
279.11, 957
279.15, 957
279.18, 957
279.22, 957
279.25, 957
279.28, 957
279.32, 957
279.35, 957
279.38, 957
279.42, 957
279.49, 957
279.52, 957
279.56, 957
279.59, 957
279.62, 957
279.65, 957
279.70, 957
279.73, 957
279.77, 957
279.80, 957
279.84, 957
279.87, 957
279.90, 957
279.94, 957
279.97, 957
280.01, 957
280.05, 957
280.08, 957
280.11, 957
280.15, 957
280.19, 957
280.22, 957
280.26, 957
280.30, 957
280.33, 957
280.37, 957
280.41, 957
280.44, 957
280.47, 957
280.51, 957
280.55, 957
280.58, 957
280.69, 957
280.72, 957
280.76, 957
280.80, 957
280.83, 957
280.87, 957
280.90, 957
280.94, 957
280.97, 957
281.01, 957
281.04, 957
281.08, 957
281.11, 957
281.15, 957
281.18, 957
281.22, 957
281.26, 957
281.29, 957
281.33, 957
281.37, 957
281.41, 957
281.44, 957
281.47, 957
281.50, 957
281.53, 957
281.56, 957
281.60, 957
281.63, 957
281.67, 957
281.70, 957
281.73, 957
281.77, 957
281.80, 957
281.84, 957
281.87, 957
281.91, 957
282.73, 957
282.77, 957
282.80, 957
282.84, 957
282.87, 957
282.91, 957
282.94, 957
282.98, 957
283.32, 957
283.36, 957
283.39, 957
283.42, 957
283.45, 957
283.48, 957
283.51, 957
283.55, 957
283.58, 957
283.61, 957
283.65, 957
283.68, 957
283.71, 957
283.75, 957
283.78, 957
283.82, 957
283.86, 957
283.89, 957
283.92, 957
283.95, 957
283.99, 957
284.03, 957
284.06, 957
284.09, 957
284.17, 957
284.20, 957
284.31, 957
284.33, 957
284.37, 957
284.40, 957
284.43, 957
284.47, 957
284.50, 957
284.54, 957
284.61, 957
284.65, 957
284.69, 957
284.72, 957
284.79, 957
284.98, 957
285.01, 957
285.05, 957
285.08, 957
285.11, 957
285.14, 957
285.17, 957
285.21, 957
285.25, 957
285.29, 957
285.32, 957
285.39, 957
285.46, 957
285.50, 957
285.53, 957
285.81, 957
285.84, 957
285.87, 957
285.91, 957
285.95, 957
285.99, 957
286.02, 957
286.06, 957
286.09, 957
286.13, 957
286.17, 957
286.20, 957
286.24, 957
286.28, 957
286.31, 957
286.35, 957
286.42, 957
286.46, 957
286.50, 957
286.53, 957
286.57, 957
286.60, 957
286.64, 957
286.68, 957
286.71, 957
286.74, 957
286.78, 957
286.81, 957
286.85, 957
286.89, 957
286.92, 957
286.95, 957
286.98, 957
287.01, 957
287.08, 957
287.12, 957
287.15, 957
287.18, 957
287.22, 957
287.25, 957
287.29, 957
287.32, 957
287.36, 957
287.47, 957
287.50, 957
287.54, 957
287.57, 957
287.60, 957
287.64, 957
287.68, 957
287.78, 957
287.82, 957
287.85, 957
287.89, 957
287.93, 957
287.96, 957
287.99, 957
288.03, 957
288.06, 957
288.10, 957
288.13, 957
288.16, 957
288.20, 957
288.24, 957
288.27, 957
288.31, 957
288.34, 957
288.38, 957
288.42, 957
288.45, 957
288.49, 957
288.52, 957
288.56, 957
288.59, 957
288.63, 957
288.67, 957
288.71, 957
288.74, 957
288.78, 957
288.81, 957
288.85, 957
288.92, 957
288.95, 957
288.98, 957
289.02, 957
289.05, 957
289.09, 957
289.12, 957
289.19, 957
289.22, 957
289.26, 957
289.29, 957
289.33, 957
289.36, 957
289.39, 957
289.43, 957
289.46, 957
289.50, 957
289.53, 957
289.56, 957
289.59, 957
289.62, 957
289.66, 957
289.73, 957
289.77, 957
289.81, 957
289.85, 957
289.88, 957
289.92, 957
289.96, 957
289.99, 957
290.02, 957
290.05, 957
290.09, 957
290.12, 957
290.16, 957
290.19, 957
290.22, 957
290.26, 957
290.30, 957
290.33, 957
290.37, 957
290.40, 957
290.44, 957
290.47, 957
290.51, 957
290.54, 957
290.57, 957
290.61, 957
290.64, 957
290.67, 957
290.71, 957
290.75, 957
290.78, 957
291.02, 957
291.05, 957
291.09, 957
291.12, 957
291.16, 957
291.20, 957
291.24, 957
291.53, 957
291.56, 957
291.60, 957
291.63, 957
291.67, 957
291.71, 957
291.74, 957
291.79, 957
291.82, 957
291.86, 957
291.89, 957
291.93, 957
291.98, 957
292.01, 957
292.04, 957
292.08, 957
292.11, 957
292.15, 957
292.18, 957
292.22, 957
292.25, 957
292.29, 957
292.32, 957
292.36, 957
292.40, 957
292.43, 957
292.47, 957
292.50, 957
292.53, 957
292.57, 957
292.60, 957
292.64, 957
292.68, 957
292.71, 957
292.88, 957
292.92, 957
292.95, 957
292.99, 957
293.02, 957
293.05, 957
293.09, 957
293.12, 957
293.16, 957
293.19, 957
293.22, 957
293.26, 957
293.29, 957
293.32, 957
293.35, 957
293.39, 957
293.42, 957
293.46, 957
293.50, 957
293.68, 957
293.71, 957
293.75, 957
293.78, 957
293.81, 957
293.85, 957
293.88, 957
293.92, 957
293.96, 957
293.99, 957
294.02, 957
294.06, 957
294.09, 957
294.13, 957
294.16, 957
294.20, 957
294.23, 957
294.27, 957
294.30, 957
294.33, 957
294.36, 957
294.40, 957
294.43, 957
294.46, 957
294.50, 957
294.54, 957
294.57, 957
294.61, 957
294.65, 957
294.68, 957
294.71, 957
294.74, 957
294.77, 957
294.80, 957
294.84, 957
294.87, 957
294.90, 957
294.97, 957
295.00, 957
295.04, 957
295.08, 957
295.11, 957
295.15, 957
295.18, 957
295.22, 957
295.25, 957
295.29, 957
296.12, 957
296.17, 957
296.20, 957
296.24, 957
296.27, 957
296.30, 957
296.34, 957
296.37, 957
296.40, 957
296.43, 957
296.46, 957
296.49, 957
296.53, 957
296.60, 957
296.64, 957
296.67, 957
296.71, 957
296.75, 957
296.79, 957
296.83, 957
296.87, 957
296.91, 957
297.01, 957
297.05, 957
297.09, 957
297.13, 957
297.16, 957
297.19, 957
297.23, 957
297.26, 957
297.30, 957
297.34, 957
297.38, 957
297.41, 957
297.45, 957
297.49, 957
297.52, 957
297.77, 957
297.80, 957
297.84, 957
297.87, 957
297.90, 957
297.94, 957
297.97, 957
298.00, 957
298.04, 957
298.07, 957
298.11, 957
298.14, 957
298.18, 957
298.21, 957
298.25, 957
298.29, 957
298.32, 957
298.35, 957
298.39, 957
298.42, 957
298.45, 957
298.49, 957
298.52, 957
298.55, 957
298.59, 957
298.62, 957
298.65, 957
298.69, 957
298.72, 957
298.82, 957
298.86, 957
298.89, 957
298.93, 957
298.96, 957
298.99, 957
299.02, 957
299.05, 957
299.09, 957
299.12, 957
299.16, 957
299.20, 957
299.24, 957
299.27, 957
299.31, 957
299.49, 957
299.52, 957
299.56, 957
299.67, 957
299.71, 957
299.75, 957
299.79, 957
299.82, 957
299.86, 957
299.95, 957
299.98, 957
