0.51, 1156
0.55, 1093
0.58, 1066
0.62, 1042
0.67, 1032
0.70, 1012
0.74, 1006
0.77, 996
0.81, 989
0.85, 987
0.88, 987
0.92, 984
0.95, 981
0.99, 981
1.03, 978
1.06, 977
1.10, 973
1.14, 973
1.17, 973
1.20, 971
1.24, 967
1.27, 966
1.31, 964
1.35, 964
1.38, 962
1.42, 962
1.45, 962
1.49, 962
1.52, 961
1.55, 961
1.59, 960
1.63, 960
1.66, 959
1.69, 959
1.73, 959
1.76, 959
1.80, 959
1.83, 959
1.87, 959
1.91, 958
1.94, 958
1.98, 958
2.08, 958
2.12, 958
2.15, 958
2.19, 958
2.22, 958
2.63, 958
2.67, 958
2.70, 958
2.74, 958
2.78, 958
2.82, 958
2.86, 958
2.89, 958
2.92, 958
2.97, 958
3.00, 958
3.04, 958
3.07, 957
3.11, 957
3.33, 957
3.37, 957
3.40, 957
3.44, 957
3.47, 957
3.50, 957
3.53, 957
3.56, 957
3.60, 957
3.63, 957
3.67, 957
3.70, 957
3.74, 957
3.77, 957
3.81, 957
3.84, 957
3.87, 957
3.91, 957
3.94, 957
3.97, 957
4.01, 957
4.04, 957
4.08, 957
4.11, 957
4.14, 957
4.18, 957
4.24, 957
4.27, 957
4.31, 957
4.34, 957
4.38, 957
4.41, 957
4.69, 957
4.73, 957
4.76, 957
4.79, 957
4.82, 957
4.86, 957
4.90, 957
5.01, 957
5.04, 957
5.07, 957
5.10, 957
5.14, 957
5.17, 957
5.21, 957
5.24, 957
5.28, 957
5.30, 957
5.33, 957
5.37, 957
5.40, 957
5.43, 957
5.47, 957
5.50, 957
5.53, 957
5.60, 957
5.64, 957
5.67, 957
5.70, 957
5.74, 957
5.77, 957
5.80, 957
5.83, 957
5.87, 957
5.90, 957
5.93, 957
5.97, 957
6.00, 957
6.04, 957
6.07, 957
6.10, 957
6.17, 957
6.20, 957
6.23, 957
6.26, 957
6.30, 957
6.34, 957
6.37, 957
6.41, 957
6.44, 957
6.47, 957
6.51, 957
6.54, 957
6.57, 957
6.61, 957
6.64, 957
6.68, 957
6.71, 957
6.74, 957
6.77, 957
6.81, 957
6.84, 957
6.87, 957
6.90, 957
6.93, 957
6.97, 957
7.01, 957
7.04, 957
7.08, 957
7.11, 957
7.14, 957
7.18, 957
7.21, 957
7.25, 957
7.28, 957
7.31, 957
7.35, 957
7.38, 957
7.42, 957
7.45, 957
7.49, 957
7.52, 957
7.56, 957
7.59, 957
7.63, 957
7.66, 957
7.70, 957
7.73, 957
7.76, 957
7.80, 957
7.84, 957
7.87, 957
7.91, 957
7.94, 957
7.98, 957
8.13, 957
8.67, 957
8.70, 957
8.75, 957
8.79, 957
8.82, 957
8.86, 957
8.89, 957
8.93, 957
8.96, 957
8.99, 957
9.02, 957
9.06, 957
9.09, 957
9.13, 957
9.16, 957
9.19, 957
9.22, 957
9.26, 957
9.29, 957
9.33, 957
9.36, 957
9.39, 957
9.42, 957
9.45, 957
9.48, 957
9.61, 957
9.65, 957
9.68, 957
9.72, 957
9.75, 957
9.78, 957
9.81, 957
9.85, 957
9.88, 957
9.92, 957
9.95, 957
9.98, 957
10.01, 957
10.09, 957
10.12, 957
10.15, 957
10.81, 957
10.85, 957
10.88, 957
10.91, 957
10.94, 957
10.98, 957
11.01, 957
11.04, 957
11.09, 957
11.13, 957
11.16, 957
11.20, 957
11.24, 957
11.28, 957
11.61, 957
11.65, 957
11.68, 957
11.72, 957
11.76, 957
11.80, 957
11.83, 957
11.87, 957
11.90, 957
11.93, 957
11.96, 957
12.00, 957
12.04, 957
12.08, 957
12.12, 957
12.15, 957
12.18, 957
12.22, 957
12.43, 957
12.46, 957
12.50, 957
12.53, 957
12.56, 957
12.77, 957
12.81, 957
12.84, 957
12.87, 957
12.91, 957
12.95, 957
12.98, 957
13.01, 957
13.05, 957
13.09, 957
13.12, 957
13.16, 957
13.20, 957
13.23, 957
13.27, 957
13.31, 957
13.34, 957
13.38, 957
13.41, 957
13.45, 957
13.49, 957
13.52, 957
13.56, 957
13.59, 957
13.62, 957
13.66, 957
13.69, 957
13.72, 957
13.76, 957
13.80, 957
13.84, 957
13.88, 957
13.91, 957
13.95, 957
13.99, 957
14.02, 957
14.42, 957
14.45, 957
14.49, 957
14.53, 957
14.56, 957
14.60, 957
14.63, 957
14.67, 957
14.70, 957
14.73, 957
14.78, 957
14.84, 957
14.88, 957
14.91, 957
14.95, 957
14.98, 957
15.01, 957
15.05, 957
15.09, 957
15.12, 957
15.15, 957
15.19, 957
15.26, 957
15.30, 957
15.33, 957
15.36, 957
15.39, 957
15.43, 957
15.47, 957
15.50, 957
15.54, 957
15.57, 957
15.60, 957
15.63, 957
15.67, 957
15.71, 957
15.75, 957
15.78, 957
15.81, 957
15.85, 957
15.89, 957
15.92, 957
15.95, 957
15.99, 957
16.02, 957
16.05, 957
16.09, 957
16.15, 957
16.23, 957
16.26, 957
16.29, 957
16.32, 957
16.39, 957
16.42, 957
16.46, 957
16.49, 957
16.56, 957
16.60, 957
16.64, 957
16.67, 957
16.71, 957
16.74, 957
16.77, 957
16.81, 957
16.84, 957
16.88, 957
16.92, 957
16.95, 957
16.98, 957
17.02, 957
17.06, 957
17.09, 957
17.12, 957
17.16, 957
17.19, 957
17.23, 957
17.26, 957
17.29, 957
17.32, 957
17.36, 957
17.40, 957
17.43, 957
17.47, 957
17.51, 957
17.54, 957
17.58, 957
17.61, 957
17.65, 957
17.68, 957
17.72, 957
17.75, 957
17.78, 957
17.82, 957
17.85, 957
17.89, 957
17.93, 957
17.96, 957
18.03, 957
18.06, 957
18.09, 957
18.26, 957
18.30, 957
18.33, 957
18.36, 957
18.40, 957
18.43, 957
18.47, 957
18.51, 957
18.54, 957
18.58, 957
18.62, 957
18.66, 957
18.69, 957
18.73, 957
18.76, 957
18.79, 957
18.87, 957
18.91, 957
18.94, 957
18.97, 957
19.01, 957
19.05, 957
19.09, 957
19.16, 957
19.19, 957
19.23, 957
19.26, 957
19.30, 957
19.34, 957
19.38, 957
19.41, 957
19.45, 957
19.48, 957
19.51, 957
19.55, 957
19.59, 957
19.63, 957
19.67, 957
19.71, 957
19.74, 957
19.78, 957
19.81, 957
19.85, 957
19.88, 957
19.91, 957
19.95, 957
19.98, 957
20.01, 957
20.05, 957
20.09, 957
20.13, 957
20.16, 957
20.20, 957
20.24, 957
20.27, 957
20.30, 957
20.34, 957
20.37, 957
20.41, 957
20.45, 957
20.48, 957
20.51, 957
20.55, 957
20.59, 957
20.70, 957
20.74, 957
20.77, 957
20.81, 957
20.85, 957
20.88, 957
20.92, 957
20.95, 957
20.99, 957
21.02, 957
21.06, 957
21.09, 957
21.12, 957
21.16, 957
21.20, 957
21.23, 957
21.27, 957
21.30, 957
21.34, 957
21.37, 957
21.40, 957
21.44, 957
21.47, 957
21.50, 957
21.53, 957
21.57, 957
21.60, 957
21.63, 957
21.68, 957
21.71, 957
21.75, 957
21.78, 957
21.82, 957
21.85, 957
21.89, 957
21.92, 957
21.96, 957
22.01, 957
22.05, 957
22.09, 957
22.12, 957
22.16, 957
22.20, 957
22.23, 957
22.27, 957
22.30, 957
22.34, 957
22.38, 957
22.41, 957
22.44, 957
22.48, 957
22.51, 957
22.54, 957
22.58, 957
22.61, 957
22.64, 957
22.71, 957
22.75, 957
22.88, 957
22.91, 957
22.95, 957
22.98, 957
23.02, 957
23.05, 957
23.08, 957
23.12, 957
23.15, 957
23.29, 957
23.37, 957
23.40, 957
23.43, 957
23.47, 957
23.54, 957
23.58, 957
23.71, 957
23.74, 957
23.78, 957
23.81, 957
23.84, 957
23.88, 957
23.91, 957
23.95, 957
23.99, 957
24.02, 957
24.06, 957
24.09, 957
24.13, 957
24.16, 957
24.20, 957
24.89, 957
24.93, 957
24.97, 957
25.00, 957
25.03, 957
25.07, 957
25.11, 957
25.14, 957
25.18, 957
25.21, 957
25.25, 957
25.29, 957
25.40, 957
25.43, 957
25.46, 957
26.03, 957
26.06, 957
26.09, 957
26.13, 957
26.17, 957
26.20, 957
26.23, 957
26.27, 957
26.31, 957
26.35, 957
26.38, 957
26.42, 957
26.46, 957
26.50, 957
26.53, 957
26.56, 957
26.60, 957
26.63, 957
26.67, 957
26.70, 957
26.74, 957
26.77, 957
26.81, 957
26.85, 957
26.89, 957
26.92, 957
26.95, 957
26.99, 957
27.02, 957
27.06, 957
27.09, 957
27.13, 957
27.16, 957
27.19, 957
27.23, 957
27.26, 957
27.40, 957
27.44, 957
27.47, 957
27.51, 957
27.57, 957
27.73, 957
28.01, 957
28.04, 957
28.07, 957
28.11, 957
28.14, 957
28.18, 957
28.22, 957
28.25, 957
28.28, 957
28.31, 957
28.34, 957
28.38, 957
28.41, 957
28.45, 957
28.49, 957
28.52, 957
28.56, 957
28.60, 957
28.63, 957
28.67, 957
28.70, 957
28.73, 957
28.77, 957
28.80, 957
28.83, 957
28.86, 957
28.90, 957
28.94, 957
28.98, 957
29.01, 957
29.05, 957
29.09, 957
29.12, 957
29.16, 957
29.19, 957
29.22, 957
29.26, 957
29.29, 957
29.32, 957
29.35, 957
29.39, 957
29.43, 957
29.47, 957
29.50, 957
29.53, 957
29.57, 957
29.60, 957
29.64, 957
29.68, 957
29.71, 957
29.75, 957
29.79, 957
29.82, 957
29.86, 957
29.90, 957
29.93, 957
29.97, 957
30.00, 957
30.04, 957
30.07, 957
30.11, 957
30.14, 957
30.18, 957
30.22, 957
30.25, 957
30.29, 957
30.32, 957
30.36, 957
30.39, 957
30.43, 957
30.47, 957
30.50, 957
30.54, 957
30.57, 957
30.61, 957
30.64, 957
30.67, 957
30.71, 957
30.74, 957
30.77, 957
30.81, 957
30.84, 957
30.88, 957
30.92, 957
31.15, 957
31.18, 957
31.21, 957
31.25, 957
31.28, 957
31.31, 957
31.35, 957
31.38, 957
31.42, 957
31.48, 957
31.51, 957
31.55, 957
31.59, 957
31.62, 957
31.66, 957
31.69, 957
31.73, 957
31.76, 957
31.83, 957
31.86, 957
31.90, 957
31.93, 957
32.03, 957
32.06, 957
32.09, 957
32.13, 957
32.16, 957
32.19, 957
32.23, 957
32.27, 957
32.31, 957
32.34, 957
32.37, 957
32.41, 957
32.44, 957
32.48, 957
32.51, 957
32.54, 957
32.58, 957
32.61, 957
32.64, 957
32.67, 957
32.71, 957
32.74, 957
32.79, 957
32.82, 957
32.86, 957
32.89, 957
33.02, 957
33.06, 957
33.10, 957
33.13, 957
33.17, 957
33.20, 957
33.23, 957
33.27, 957
33.62, 957
33.65, 957
33.68, 957
33.72, 957
33.76, 957
33.79, 957
33.82, 957
33.86, 957
33.89, 957
33.92, 957
33.96, 957
34.00, 957
34.03, 957
34.22, 957
34.25, 957
34.28, 957
34.32, 957
34.35, 957
34.39, 957
34.43, 957
34.46, 957
34.50, 957
34.53, 957
34.57, 957
34.60, 957
34.63, 957
34.67, 957
34.70, 957
34.73, 957
34.77, 957
34.81, 957
34.85, 957
34.88, 957
34.91, 957
34.95, 957
34.98, 957
35.02, 957
35.05, 957
35.08, 957
35.12, 957
35.15, 957
35.19, 957
35.23, 957
35.26, 957
35.30, 957
35.34, 957
35.37, 957
35.40, 957
35.44, 957
35.48, 957
35.51, 957
35.54, 957
35.58, 957
35.62, 957
35.66, 957
35.69, 957
35.73, 957
35.76, 957
35.79, 957
35.83, 957
35.87, 957
35.90, 957
35.93, 957
35.97, 957
36.01, 957
36.36, 957
36.40, 957
36.43, 957
36.47, 957
36.50, 957
36.53, 957
36.57, 957
36.60, 957
36.64, 957
36.67, 957
36.70, 957
36.74, 957
36.77, 957
36.81, 957
36.84, 957
36.88, 957
36.91, 957
36.95, 957
36.98, 957
37.01, 957
37.05, 957
37.08, 957
37.11, 957
37.14, 957
37.18, 957
37.21, 957
37.25, 957
37.28, 957
37.32, 957
37.36, 957
37.40, 957
37.43, 957
37.46, 957
37.50, 957
37.53, 957
37.57, 957
37.60, 957
37.64, 957
37.67, 957
37.71, 957
37.74, 957
37.78, 957
37.81, 957
37.84, 957
37.88, 957
38.32, 957
38.36, 957
38.39, 957
38.43, 957
38.46, 957
38.50, 957
38.54, 957
38.57, 957
38.61, 957
38.64, 957
38.68, 957
38.71, 957
38.74, 957
38.78, 957
38.81, 957
38.85, 957
38.88, 957
38.91, 957
38.94, 957
38.97, 957
39.00, 957
39.03, 957
39.07, 957
39.41, 957
39.45, 957
39.48, 957
39.52, 957
39.55, 957
39.59, 957
39.63, 957
39.67, 957
39.70, 957
39.97, 957
40.00, 957
40.03, 957
40.07, 957
40.10, 957
40.13, 957
40.17, 957
40.20, 957
40.24, 957
40.27, 957
40.30, 957
40.34, 957
40.37, 957
40.40, 957
40.43, 957
40.47, 957
40.58, 957
40.62, 957
40.65, 957
40.68, 957
40.72, 957
40.75, 957
40.78, 957
40.82, 957
40.86, 957
40.90, 957
40.93, 957
40.97, 957
41.01, 957
41.05, 957
41.08, 957
41.12, 957
41.15, 957
41.19, 957
41.23, 957
41.26, 957
41.30, 957
41.33, 957
41.37, 957
41.41, 957
41.45, 957
41.67, 957
41.70, 957
41.74, 957
41.78, 957
41.82, 957
41.86, 957
41.89, 957
41.92, 957
41.96, 957
41.99, 957
42.02, 957
42.06, 957
42.09, 957
42.12, 957
42.16, 957
42.19, 957
42.23, 957
42.26, 957
42.30, 957
42.34, 957
42.37, 957
42.40, 957
42.43, 957
42.46, 957
42.50, 957
42.53, 957
42.57, 957
42.60, 957
42.64, 957
42.67, 957
42.70, 957
42.74, 957
42.77, 957
42.81, 957
42.84, 957
42.88, 957
42.91, 957
42.95, 957
42.98, 957
43.02, 957
43.06, 957
43.09, 957
43.12, 957
43.16, 957
43.20, 957
43.24, 957
43.27, 957
43.30, 957
43.33, 957
43.36, 957
43.43, 957
43.46, 957
43.53, 957
43.57, 957
43.60, 957
43.63, 957
43.67, 957
43.70, 957
43.74, 957
43.77, 957
43.81, 957
43.84, 957
43.88, 957
43.91, 957
43.95, 957
43.99, 957
44.02, 957
44.06, 957
44.10, 957
44.13, 957
44.16, 957
44.20, 957
44.23, 957
44.27, 957
44.30, 957
44.34, 957
44.38, 957
44.41, 957
44.84, 957
44.87, 957
44.91, 957
44.94, 957
44.98, 957
45.01, 957
45.05, 957
45.08, 957
45.12, 957
45.16, 957
45.19, 957
45.23, 957
45.27, 957
45.31, 957
45.34, 957
45.38, 957
45.41, 957
45.45, 957
45.49, 957
45.56, 957
45.59, 957
45.63, 957
45.67, 957
45.70, 957
45.73, 957
45.77, 957
45.81, 957
45.84, 957
45.88, 957
45.92, 957
45.95, 957
45.99, 957
46.03, 957
46.06, 957
46.10, 957
46.13, 957
46.24, 957
46.28, 957
46.35, 957
46.38, 957
46.42, 957
46.46, 957
46.49, 957
46.53, 957
46.57, 957
46.60, 957
46.71, 957
46.75, 957
46.82, 957
47.04, 957
47.08, 957
47.12, 957
47.15, 957
47.18, 957
47.21, 957
47.25, 957
47.28, 957
47.32, 957
47.35, 957
47.39, 957
47.42, 957
47.45, 957
47.48, 957
47.52, 957
47.56, 957
47.59, 957
47.63, 957
47.67, 957
47.70, 957
47.74, 957
47.77, 957
47.81, 957
47.85, 957
47.88, 957
47.92, 957
47.95, 957
47.99, 957
48.03, 957
48.07, 957
48.10, 957
48.14, 957
48.17, 957
48.21, 957
48.24, 957
48.35, 957
48.38, 957
48.42, 957
48.45, 957
48.49, 957
48.52, 957
48.63, 957
48.67, 957
48.70, 957
48.74, 957
48.78, 957
48.82, 957
48.85, 957
48.89, 957
48.92, 957
48.96, 957
48.99, 957
49.03, 957
49.06, 957
49.09, 957
49.13, 957
49.17, 957
49.20, 957
49.23, 957
49.27, 957
49.30, 957
49.34, 957
49.37, 957
49.92, 957
49.96, 957
50.00, 957
50.03, 957
50.06, 957
50.10, 957
50.13, 957
50.17, 957
50.20, 957
50.26, 957
50.30, 957
50.33, 957
50.37, 957
50.40, 957
50.47, 957
50.60, 957
50.63, 957
50.67, 957
50.70, 957
50.74, 957
50.77, 957
50.81, 957
50.85, 957
50.88, 957
50.91, 957
50.95, 957
50.98, 957
51.02, 957
51.05, 957
51.09, 957
51.13, 957
51.16, 957
51.20, 957
51.27, 957
51.31, 957
51.34, 957
51.37, 957
51.41, 957
51.44, 957
51.47, 957
51.50, 957
51.54, 957
51.58, 957
51.61, 957
51.98, 957
52.02, 957
52.05, 957
52.08, 957
52.12, 957
52.15, 957
52.18, 957
52.21, 957
52.25, 957
52.29, 957
52.50, 957
52.53, 957
52.57, 957
52.60, 957
52.92, 957
52.95, 957
53.05, 957
53.09, 957
53.12, 957
53.16, 957
53.19, 957
53.27, 957
53.30, 957
53.34, 957
53.38, 957
53.41, 957
53.45, 957
53.48, 957
53.52, 957
53.56, 957
53.59, 957
53.63, 957
53.66, 957
53.70, 957
53.73, 957
53.76, 957
53.80, 957
53.86, 957
53.90, 957
53.93, 957
53.97, 957
54.00, 957
54.04, 957
54.07, 957
54.11, 957
54.14, 957
54.18, 957
54.21, 957
54.24, 957
54.28, 957
54.32, 957
54.35, 957
54.38, 957
54.42, 957
54.46, 957
54.49, 957
54.53, 957
54.59, 957
54.63, 957
54.66, 957
54.70, 957
54.73, 957
54.77, 957
54.80, 957
54.83, 957
54.87, 957
54.91, 957
54.94, 957
54.97, 957
55.01, 957
55.04, 957
55.08, 957
55.11, 957
55.14, 957
55.17, 957
55.21, 957
55.24, 957
55.28, 957
55.31, 957
55.35, 957
55.38, 957
55.42, 957
55.46, 957
55.49, 957
55.53, 957
55.56, 957
55.59, 957
55.63, 957
55.66, 957
55.70, 957
55.73, 957
55.77, 957
55.80, 957
55.83, 957
55.87, 957
55.91, 957
55.94, 957
55.97, 957
56.01, 957
56.43, 957
56.47, 957
56.50, 957
56.53, 957
56.56, 957
56.60, 957
56.63, 957
56.67, 957
56.70, 957
56.73, 957
56.87, 957
56.91, 957
56.94, 957
56.98, 957
57.45, 957
57.52, 957
57.56, 957
57.60, 957
57.63, 957
57.67, 957
57.70, 957
57.81, 957
57.85, 957
57.88, 957
57.92, 957
57.95, 957
57.99, 957
58.02, 957
58.39, 957
58.42, 957
58.46, 957
58.49, 957
58.53, 957
58.57, 957
58.60, 957
58.64, 957
58.67, 957
58.71, 957
58.74, 957
58.78, 957
58.81, 957
58.87, 957
58.91, 957
59.01, 957
59.04, 957
59.08, 957
59.11, 957
59.14, 957
59.17, 957
59.21, 957
59.24, 957
59.28, 957
59.31, 957
59.34, 957
59.37, 957
59.41, 957
59.44, 957
59.89, 957
59.92, 957
59.96, 957
59.99, 957
